#
# A fatal error has been detected by the Java Runtime Environment:
#
#  SIGSEGV (0xb) at pc=0x00007ff4c0fc962b, pid=18982, tid=19007
#
# JRE version: OpenJDK Runtime Environment (11.0.4+11) (build 11.0.4+11-post-Ubuntu-1ubuntu219.04)
# Java VM: OpenJDK 64-Bit Server VM (11.0.4+11-post-Ubuntu-1ubuntu219.04, mixed mode, sharing, tiered, compressed oops, g1 gc, linux-amd64)
# Problematic frame:
# V  [libjvm.so+0x86462b]
#
# Core dump will be written. Default location: Core dumps may be processed with "/usr/share/apport/apport %p %s %c %d %P" (or dumping to /home/kramer/Downloads/RobotArena-master/RobotAreana/start/core.18982)
#
# If you would like to submit a bug report, please visit:
#   https://bugs.launchpad.net/ubuntu/+source/openjdk-lts
#

---------------  S U M M A R Y ------------

Command Line: -Dfile.encoding=UTF-8 -Duser.country=AU -Duser.language=en -Duser.variant ExampleSwingApp

Host: Intel(R) Core(TM) i5-4690 CPU @ 3.50GHz, 4 cores, 7G, Ubuntu 19.04
Time: Mon Oct 28 21:23:54 2019 AWST elapsed time: 1 seconds (0d 0h 0m 1s)

---------------  T H R E A D  ---------------

Current thread (0x00007ff4bc3fb800):  JavaThread "Thomas" [_thread_in_vm, id=19007, stack(0x00007ff4539f6000,0x00007ff453af7000)]

Stack: [0x00007ff4539f6000,0x00007ff453af7000],  sp=0x00007ff453af5610,  free space=1021k
Native frames: (J=compiled Java code, A=aot compiled Java code, j=interpreted, Vv=VM code, C=native code)
V  [libjvm.so+0x86462b]
C  [libmynativelibrary.so+0x13b7]  Java_CRobot_startCPP+0x2b2
j  CRobot.startCPP(LRobotControl;)V+0
j  CRobot$1.run()V+8
j  java.lang.Thread.run()V+11 java.base@11.0.4
v  ~StubRoutines::call_stub
V  [libjvm.so+0x7f40b1]
V  [libjvm.so+0x7f2550]
V  [libjvm.so+0x7f260b]
V  [libjvm.so+0x88e63c]
V  [libjvm.so+0xcc0060]
V  [libjvm.so+0xcc0350]
V  [libjvm.so+0xcbbee4]
V  [libjvm.so+0xb2cbee]

Java frames: (J=compiled Java code, j=interpreted, Vv=VM code)
j  CRobot.startCPP(LRobotControl;)V+0
j  CRobot$1.run()V+8
j  java.lang.Thread.run()V+11 java.base@11.0.4
v  ~StubRoutines::call_stub

siginfo: si_signo: 11 (SIGSEGV), si_code: 1 (SEGV_MAPERR), si_addr: 0x0000000000000000

Register to memory mapping:

RAX=0x00007ff453af56b0 is pointing into the stack for thread: 0x00007ff4bc3fb800
RBX=0x00007ff4bc3fb800 is a thread
RCX=0x00007ff4c0fc9550: <offset 0x0000000000864550> in /usr/lib/jvm/java-11-openjdk-amd64/lib/server/libjvm.so at 0x00007ff4c0765000
RDX=0x00007ff4bc3f9640 points into unknown readable memory: d8 a2 ed 8b 00 00 00 00
RSP=0x00007ff453af5610 is pointing into the stack for thread: 0x00007ff4bc3fb800
RBP=0x00007ff453af5790 is pointing into the stack for thread: 0x00007ff4bc3fb800
RSI=0x00007ff4bc3fb800 is a thread
RDI=0x00007ff453af5670 is pointing into the stack for thread: 0x00007ff4bc3fb800
R8 ={method} {0x000000080018db20} 'get' '(I)Ljava/lang/Object;' in 'java/util/Collections$UnmodifiableList'
R9 =0x0000000000000004 is an unknown value
R10=0x00007ff4bc3fc4c0 points into unknown readable memory: 00 af 10 00 08 00 00 00
R11=0x00007ff4bc3fc4c0 points into unknown readable memory: 00 af 10 00 08 00 00 00
R12=0x00007ff453af5670 is pointing into the stack for thread: 0x00007ff4bc3fb800
R13=0x00007ff4bc3fbb40 points into unknown readable memory: e0 1f 7f c1 f4 7f 00 00
R14=0x0 is NULL
R15=0x00007ff43c000cd0 points into unknown readable memory: 90 43 54 8c 00 00 00 00


Registers:
RAX=0x00007ff453af56b0, RBX=0x00007ff4bc3fb800, RCX=0x00007ff4c0fc9550, RDX=0x00007ff4bc3f9640
RSP=0x00007ff453af5610, RBP=0x00007ff453af5790, RSI=0x00007ff4bc3fb800, RDI=0x00007ff453af5670
R8 =0x000000080018db20, R9 =0x0000000000000004, R10=0x00007ff4bc3fc4c0, R11=0x00007ff4bc3fc4c0
R12=0x00007ff453af5670, R13=0x00007ff4bc3fbb40, R14=0x0000000000000000, R15=0x00007ff43c000cd0
RIP=0x00007ff4c0fc962b, EFLAGS=0x0000000000010202, CSGSFS=0x002b000000000033, ERR=0x0000000000000004
  TRAPNO=0x000000000000000e

Top of Stack: (sp=0x00007ff453af5610)
0x00007ff453af5610:   00007ff4bc0e5290 00007ff4bc3fb800
0x00007ff453af5620:   00007ff40000000c 00007ff43c000ce8
0x00007ff453af5630:   0000000000000000 0000003000000018
0x00007ff453af5640:   00007ff453af57a0 00007ff453af56b0 

Instructions: (pc=0x00007ff4c0fc962b)
0x00007ff4c0fc952b:   89 e0 5b 41 5c 41 5d 41 5e 41 5f 5d c3 0f 1f 84
0x00007ff4c0fc953b:   00 00 00 00 00 48 89 df 31 db e8 66 2d 45 00 e9
0x00007ff4c0fc954b:   ab fe ff ff 90 55 48 89 e5 41 57 49 89 f7 41 56
0x00007ff4c0fc955b:   49 89 d6 41 55 49 89 fd 41 54 53 48 81 ec 58 01
0x00007ff4c0fc956b:   00 00 48 89 8d 38 ff ff ff 4c 89 85 40 ff ff ff
0x00007ff4c0fc957b:   4c 89 8d 48 ff ff ff 84 c0 74 29 0f 29 85 50 ff
0x00007ff4c0fc958b:   ff ff 0f 29 8d 60 ff ff ff 0f 29 95 70 ff ff ff
0x00007ff4c0fc959b:   0f 29 5d 80 0f 29 65 90 0f 29 6d a0 0f 29 75 b0
0x00007ff4c0fc95ab:   0f 29 7d c0 49 8d 9d c0 fc ff ff 8b 83 d0 03 00
0x00007ff4c0fc95bb:   00 2d ab de 00 00 83 f8 01 0f 87 46 01 00 00 48
0x00007ff4c0fc95cb:   89 df 48 89 9d 88 fe ff ff e8 c7 69 ff ff 48 83
0x00007ff4c0fc95db:   7b 08 00 48 89 9d c0 fe ff ff 48 c7 85 c8 fe ff
0x00007ff4c0fc95eb:   ff 00 00 00 00 74 0c 48 8d bd c0 fe ff ff e8 02
0x00007ff4c0fc95fb:   0e 32 00 48 8d 45 10 4c 8d a5 e0 fe ff ff c7 85
0x00007ff4c0fc960b:   a8 fe ff ff 18 00 00 00 48 89 85 b0 fe ff ff 48
0x00007ff4c0fc961b:   8d 85 20 ff ff ff 4c 89 e7 48 89 85 b8 fe ff ff
0x00007ff4c0fc962b:   49 8b 06 c7 85 ac fe ff ff 30 00 00 00 c7 85 90
0x00007ff4c0fc963b:   fe ff ff 0c 00 00 00 48 8b 40 08 0f b7 50 2c 48
0x00007ff4c0fc964b:   8b 40 08 48 8b 74 d0 40 e8 78 53 3a 00 4d 89 e0
0x00007ff4c0fc965b:   49 89 d9 4c 89 f1 48 8d 05 f0 20 77 00 4c 89 fa
0x00007ff4c0fc966b:   4c 89 ef 45 31 e4 48 89 85 e0 fe ff ff f3 0f 6f
0x00007ff4c0fc967b:   85 a8 fe ff ff 48 8d b5 90 fe ff ff 48 8b 85 b8
0x00007ff4c0fc968b:   fe ff ff c7 85 f8 fe ff ff 63 00 00 00 48 c7 85
0x00007ff4c0fc969b:   00 ff ff ff 00 00 00 00 0f 11 85 08 ff ff ff 48
0x00007ff4c0fc96ab:   89 85 18 ff ff ff e8 fa f3 ff ff 48 83 7b 08 00
0x00007ff4c0fc96bb:   75 07 4c 8b a5 98 fe ff ff 48 83 bd c8 fe ff ff
0x00007ff4c0fc96cb:   00 74 0c 48 8d bd c0 fe ff ff e8 76 0d 32 00 48
0x00007ff4c0fc96db:   8b bb f0 00 00 00 e8 1a e3 00 00 48 8d bd 88 fe
0x00007ff4c0fc96eb:   ff ff e8 fe e3 00 00 48 81 c4 58 01 00 00 4c 89
0x00007ff4c0fc96fb:   e0 5b 41 5c 41 5d 41 5e 41 5f 5d c3 66 0f 1f 84
0x00007ff4c0fc970b:   00 00 00 00 00 48 89 df 31 db e8 96 2b 45 00 e9
0x00007ff4c0fc971b:   ab fe ff ff 90 55 48 89 e5 41 57 49 89 f7 41 56 


Stack slot to memory mapping:
stack at sp + 0 slots: 0x00007ff4bc0e5290 points into unknown readable memory: 00 00 00 00 00 00 00 00
stack at sp + 1 slots: 0x00007ff4bc3fb800 is a thread
stack at sp + 2 slots: 0x00007ff40000000c is an unknown value
stack at sp + 3 slots: 0x00007ff43c000ce8 points into unknown readable memory: 50 af a1 8c 00 00 00 00
stack at sp + 4 slots: 0x0 is NULL
stack at sp + 5 slots: 0x0000003000000018 is an unknown value
stack at sp + 6 slots: 0x00007ff453af57a0 is pointing into the stack for thread: 0x00007ff4bc3fb800
stack at sp + 7 slots: 0x00007ff453af56b0 is pointing into the stack for thread: 0x00007ff4bc3fb800


---------------  P R O C E S S  ---------------

Threads class SMR info:
_java_thread_list=0x00007ff4bc3f9530, length=16, elements={
0x00007ff4bc011800, 0x00007ff4bc107000, 0x00007ff4bc111000, 0x00007ff4bc116800,
0x00007ff4bc118800, 0x00007ff4bc11a800, 0x00007ff4bc11c800, 0x00007ff4bc14b800,
0x00007ff4bc154000, 0x00007ff4bc2e1000, 0x00007ff4bc2e3000, 0x00007ff470442000,
0x00007ff4bc3f4000, 0x00007ff4bc3fb800, 0x00007ff4bc3fe000, 0x00007ff4bc3ff000
}

Java Threads: ( => current thread )
  0x00007ff4bc011800 JavaThread "main" [_thread_in_Java, id=18984, stack(0x00007ff4c031a000,0x00007ff4c041b000)]
  0x00007ff4bc107000 JavaThread "Reference Handler" daemon [_thread_blocked, id=18991, stack(0x00007ff498840000,0x00007ff498941000)]
  0x00007ff4bc111000 JavaThread "Finalizer" daemon [_thread_blocked, id=18992, stack(0x00007ff49873f000,0x00007ff498840000)]
  0x00007ff4bc116800 JavaThread "Signal Dispatcher" daemon [_thread_blocked, id=18993, stack(0x00007ff49863e000,0x00007ff49873f000)]
  0x00007ff4bc118800 JavaThread "C2 CompilerThread0" daemon [_thread_blocked, id=18994, stack(0x00007ff49853d000,0x00007ff49863e000)]
  0x00007ff4bc11a800 JavaThread "C1 CompilerThread0" daemon [_thread_blocked, id=18995, stack(0x00007ff49843c000,0x00007ff49853d000)]
  0x00007ff4bc11c800 JavaThread "Sweeper thread" daemon [_thread_blocked, id=18996, stack(0x00007ff49833b000,0x00007ff49843c000)]
  0x00007ff4bc14b800 JavaThread "Service Thread" daemon [_thread_blocked, id=18997, stack(0x00007ff49823a000,0x00007ff49833b000)]
  0x00007ff4bc154000 JavaThread "Common-Cleaner" daemon [_thread_blocked, id=18999, stack(0x00007ff498037000,0x00007ff498138000)]
  0x00007ff4bc2e1000 JavaThread "Java2D Disposer" daemon [_thread_blocked, id=19003, stack(0x00007ff4780eb000,0x00007ff4781ec000)]
  0x00007ff4bc2e3000 JavaThread "AWT-XAWT" daemon [_thread_in_native, id=19004, stack(0x00007ff453cf9000,0x00007ff453dfa000)]
  0x00007ff470442000 JavaThread "C2 CompilerThread1" daemon [_thread_blocked, id=19005, stack(0x00007ff453bf8000,0x00007ff453cf9000)]
  0x00007ff4bc3f4000 JavaThread "Image Fetcher 0" daemon [_thread_blocked, id=19006, stack(0x00007ff453af7000,0x00007ff453bf8000)]
=>0x00007ff4bc3fb800 JavaThread "Thomas" [_thread_in_vm, id=19007, stack(0x00007ff4539f6000,0x00007ff453af7000)]
  0x00007ff4bc3fe000 JavaThread "Thomas" [_thread_blocked, id=19008, stack(0x00007ff4538f5000,0x00007ff4539f6000)]
  0x00007ff4bc3ff000 JavaThread "Thomas" [_thread_blocked, id=19009, stack(0x00007ff4537f4000,0x00007ff4538f5000)]

Other Threads:
  0x00007ff4bc104000 VMThread "VM Thread" [stack: 0x00007ff498943000,0x00007ff498a43000] [id=18990] _threads_hazard_ptr=0x00007ff4bc3f9530
  0x00007ff4bc14e000 WatcherThread [stack: 0x00007ff49813a000,0x00007ff49823a000] [id=18998]
  0x00007ff4bc027000 GCTaskThread "GC Thread#0" [stack: 0x00007ff4a4856000,0x00007ff4a4956000] [id=18985]
  0x00007ff4bc058000 ConcurrentGCThread "G1 Main Marker" [stack: 0x00007ff49b9d0000,0x00007ff49bad0000] [id=18986]
  0x00007ff4bc05a000 ConcurrentGCThread "G1 Conc#0" [stack: 0x00007ff49b8ce000,0x00007ff49b9ce000] [id=18987]
  0x00007ff4bc0d2000 ConcurrentGCThread "G1 Refine#0" [stack: 0x00007ff4993c8000,0x00007ff4994c8000] [id=18988]
  0x00007ff4bc0d3800 ConcurrentGCThread "G1 Young RemSet Sampling" [stack: 0x00007ff4992c6000,0x00007ff4993c6000] [id=18989]

Threads with active compile tasks:

VM state:synchronizing (normal execution)

VM Mutex/Monitor currently owned by a thread:  ([mutex/lock_event])
[0x00007ff4bc00e2d0] Safepoint_lock - owner thread: 0x00007ff4bc104000
[0x00007ff4bc00e360] Threads_lock - owner thread: 0x00007ff4bc104000
[0x00007ff4bc00eab0] Heap_lock - owner thread: 0x00007ff4bc3ff000

Heap address: 0x0000000085000000, size: 1968 MB, Compressed Oops mode: 32-bit
Narrow klass base: 0x0000000800000000, Narrow klass shift: 3
Compressed class space size: 1073741824 Address: 0x0000000840000000

Heap:
 garbage-first heap   total 129024K, used 23160K [0x0000000085000000, 0x0000000100000000)
  region size 1024K, 14 young (14336K), 0 survivors (0K)
 Metaspace       used 5233K, capacity 5596K, committed 5760K, reserved 1056768K
  class space    used 585K, capacity 769K, committed 896K, reserved 1048576K
Heap Regions: E=young(eden), S=young(survivor), O=old, HS=humongous(starts), HC=humongous(continues), CS=collection set, F=free, A=archive, TAMS=top-at-mark-start (previous, next)
|   0|0x0000000085000000, 0x0000000085100000, 0x0000000085100000|100%|HS|  |TAMS 0x0000000085000000, 0x0000000085000000| Complete 
|   1|0x0000000085100000, 0x0000000085200000, 0x0000000085200000|100%|HC|  |TAMS 0x0000000085100000, 0x0000000085100000| Complete 
|   2|0x0000000085200000, 0x0000000085300000, 0x0000000085300000|100%|HC|  |TAMS 0x0000000085200000, 0x0000000085200000| Complete 
|   3|0x0000000085300000, 0x0000000085400000, 0x0000000085400000|100%|HC|  |TAMS 0x0000000085300000, 0x0000000085300000| Complete 
|   4|0x0000000085400000, 0x0000000085500000, 0x0000000085500000|100%|HC|  |TAMS 0x0000000085400000, 0x0000000085400000| Complete 
|   5|0x0000000085500000, 0x0000000085600000, 0x0000000085600000|100%|HC|  |TAMS 0x0000000085500000, 0x0000000085500000| Complete 
|   6|0x0000000085600000, 0x0000000085700000, 0x0000000085700000|100%|HC|  |TAMS 0x0000000085600000, 0x0000000085600000| Complete 
|   7|0x0000000085700000, 0x0000000085800000, 0x0000000085800000|100%|HC|  |TAMS 0x0000000085700000, 0x0000000085700000| Complete 
|   8|0x0000000085800000, 0x0000000085800000, 0x0000000085900000|  0%| F|  |TAMS 0x0000000085800000, 0x0000000085800000| Untracked 
|   9|0x0000000085900000, 0x0000000085900000, 0x0000000085a00000|  0%| F|  |TAMS 0x0000000085900000, 0x0000000085900000| Untracked 
|  10|0x0000000085a00000, 0x0000000085a00000, 0x0000000085b00000|  0%| F|  |TAMS 0x0000000085a00000, 0x0000000085a00000| Untracked 
|  11|0x0000000085b00000, 0x0000000085b00000, 0x0000000085c00000|  0%| F|  |TAMS 0x0000000085b00000, 0x0000000085b00000| Untracked 
|  12|0x0000000085c00000, 0x0000000085c00000, 0x0000000085d00000|  0%| F|  |TAMS 0x0000000085c00000, 0x0000000085c00000| Untracked 
|  13|0x0000000085d00000, 0x0000000085d00000, 0x0000000085e00000|  0%| F|  |TAMS 0x0000000085d00000, 0x0000000085d00000| Untracked 
|  14|0x0000000085e00000, 0x0000000085e00000, 0x0000000085f00000|  0%| F|  |TAMS 0x0000000085e00000, 0x0000000085e00000| Untracked 
|  15|0x0000000085f00000, 0x0000000085f00000, 0x0000000086000000|  0%| F|  |TAMS 0x0000000085f00000, 0x0000000085f00000| Untracked 
|  16|0x0000000086000000, 0x0000000086000000, 0x0000000086100000|  0%| F|  |TAMS 0x0000000086000000, 0x0000000086000000| Untracked 
|  17|0x0000000086100000, 0x0000000086100000, 0x0000000086200000|  0%| F|  |TAMS 0x0000000086100000, 0x0000000086100000| Untracked 
|  18|0x0000000086200000, 0x0000000086200000, 0x0000000086300000|  0%| F|  |TAMS 0x0000000086200000, 0x0000000086200000| Untracked 
|  19|0x0000000086300000, 0x0000000086300000, 0x0000000086400000|  0%| F|  |TAMS 0x0000000086300000, 0x0000000086300000| Untracked 
|  20|0x0000000086400000, 0x0000000086400000, 0x0000000086500000|  0%| F|  |TAMS 0x0000000086400000, 0x0000000086400000| Untracked 
|  21|0x0000000086500000, 0x0000000086500000, 0x0000000086600000|  0%| F|  |TAMS 0x0000000086500000, 0x0000000086500000| Untracked 
|  22|0x0000000086600000, 0x0000000086600000, 0x0000000086700000|  0%| F|  |TAMS 0x0000000086600000, 0x0000000086600000| Untracked 
|  23|0x0000000086700000, 0x0000000086700000, 0x0000000086800000|  0%| F|  |TAMS 0x0000000086700000, 0x0000000086700000| Untracked 
|  24|0x0000000086800000, 0x0000000086800000, 0x0000000086900000|  0%| F|  |TAMS 0x0000000086800000, 0x0000000086800000| Untracked 
|  25|0x0000000086900000, 0x0000000086900000, 0x0000000086a00000|  0%| F|  |TAMS 0x0000000086900000, 0x0000000086900000| Untracked 
|  26|0x0000000086a00000, 0x0000000086a00000, 0x0000000086b00000|  0%| F|  |TAMS 0x0000000086a00000, 0x0000000086a00000| Untracked 
|  27|0x0000000086b00000, 0x0000000086b00000, 0x0000000086c00000|  0%| F|  |TAMS 0x0000000086b00000, 0x0000000086b00000| Untracked 
|  28|0x0000000086c00000, 0x0000000086c00000, 0x0000000086d00000|  0%| F|  |TAMS 0x0000000086c00000, 0x0000000086c00000| Untracked 
|  29|0x0000000086d00000, 0x0000000086d00000, 0x0000000086e00000|  0%| F|  |TAMS 0x0000000086d00000, 0x0000000086d00000| Untracked 
|  30|0x0000000086e00000, 0x0000000086e00000, 0x0000000086f00000|  0%| F|  |TAMS 0x0000000086e00000, 0x0000000086e00000| Untracked 
|  31|0x0000000086f00000, 0x0000000086f00000, 0x0000000087000000|  0%| F|  |TAMS 0x0000000086f00000, 0x0000000086f00000| Untracked 
|  32|0x0000000087000000, 0x0000000087000000, 0x0000000087100000|  0%| F|  |TAMS 0x0000000087000000, 0x0000000087000000| Untracked 
|  33|0x0000000087100000, 0x0000000087100000, 0x0000000087200000|  0%| F|  |TAMS 0x0000000087100000, 0x0000000087100000| Untracked 
|  34|0x0000000087200000, 0x0000000087200000, 0x0000000087300000|  0%| F|  |TAMS 0x0000000087200000, 0x0000000087200000| Untracked 
|  35|0x0000000087300000, 0x0000000087300000, 0x0000000087400000|  0%| F|  |TAMS 0x0000000087300000, 0x0000000087300000| Untracked 
|  36|0x0000000087400000, 0x0000000087400000, 0x0000000087500000|  0%| F|  |TAMS 0x0000000087400000, 0x0000000087400000| Untracked 
|  37|0x0000000087500000, 0x0000000087500000, 0x0000000087600000|  0%| F|  |TAMS 0x0000000087500000, 0x0000000087500000| Untracked 
|  38|0x0000000087600000, 0x0000000087600000, 0x0000000087700000|  0%| F|  |TAMS 0x0000000087600000, 0x0000000087600000| Untracked 
|  39|0x0000000087700000, 0x0000000087700000, 0x0000000087800000|  0%| F|  |TAMS 0x0000000087700000, 0x0000000087700000| Untracked 
|  40|0x0000000087800000, 0x0000000087800000, 0x0000000087900000|  0%| F|  |TAMS 0x0000000087800000, 0x0000000087800000| Untracked 
|  41|0x0000000087900000, 0x0000000087900000, 0x0000000087a00000|  0%| F|  |TAMS 0x0000000087900000, 0x0000000087900000| Untracked 
|  42|0x0000000087a00000, 0x0000000087a00000, 0x0000000087b00000|  0%| F|  |TAMS 0x0000000087a00000, 0x0000000087a00000| Untracked 
|  43|0x0000000087b00000, 0x0000000087b00000, 0x0000000087c00000|  0%| F|  |TAMS 0x0000000087b00000, 0x0000000087b00000| Untracked 
|  44|0x0000000087c00000, 0x0000000087c00000, 0x0000000087d00000|  0%| F|  |TAMS 0x0000000087c00000, 0x0000000087c00000| Untracked 
|  45|0x0000000087d00000, 0x0000000087d00000, 0x0000000087e00000|  0%| F|  |TAMS 0x0000000087d00000, 0x0000000087d00000| Untracked 
|  46|0x0000000087e00000, 0x0000000087e00000, 0x0000000087f00000|  0%| F|  |TAMS 0x0000000087e00000, 0x0000000087e00000| Untracked 
|  47|0x0000000087f00000, 0x0000000087f00000, 0x0000000088000000|  0%| F|  |TAMS 0x0000000087f00000, 0x0000000087f00000| Untracked 
|  48|0x0000000088000000, 0x0000000088000000, 0x0000000088100000|  0%| F|  |TAMS 0x0000000088000000, 0x0000000088000000| Untracked 
|  49|0x0000000088100000, 0x0000000088100000, 0x0000000088200000|  0%| F|  |TAMS 0x0000000088100000, 0x0000000088100000| Untracked 
|  50|0x0000000088200000, 0x0000000088200000, 0x0000000088300000|  0%| F|  |TAMS 0x0000000088200000, 0x0000000088200000| Untracked 
|  51|0x0000000088300000, 0x0000000088300000, 0x0000000088400000|  0%| F|  |TAMS 0x0000000088300000, 0x0000000088300000| Untracked 
|  52|0x0000000088400000, 0x0000000088400000, 0x0000000088500000|  0%| F|  |TAMS 0x0000000088400000, 0x0000000088400000| Untracked 
|  53|0x0000000088500000, 0x0000000088500000, 0x0000000088600000|  0%| F|  |TAMS 0x0000000088500000, 0x0000000088500000| Untracked 
|  54|0x0000000088600000, 0x0000000088600000, 0x0000000088700000|  0%| F|  |TAMS 0x0000000088600000, 0x0000000088600000| Untracked 
|  55|0x0000000088700000, 0x0000000088700000, 0x0000000088800000|  0%| F|  |TAMS 0x0000000088700000, 0x0000000088700000| Untracked 
|  56|0x0000000088800000, 0x0000000088800000, 0x0000000088900000|  0%| F|  |TAMS 0x0000000088800000, 0x0000000088800000| Untracked 
|  57|0x0000000088900000, 0x0000000088900000, 0x0000000088a00000|  0%| F|  |TAMS 0x0000000088900000, 0x0000000088900000| Untracked 
|  58|0x0000000088a00000, 0x0000000088a00000, 0x0000000088b00000|  0%| F|  |TAMS 0x0000000088a00000, 0x0000000088a00000| Untracked 
|  59|0x0000000088b00000, 0x0000000088b00000, 0x0000000088c00000|  0%| F|  |TAMS 0x0000000088b00000, 0x0000000088b00000| Untracked 
|  60|0x0000000088c00000, 0x0000000088c00000, 0x0000000088d00000|  0%| F|  |TAMS 0x0000000088c00000, 0x0000000088c00000| Untracked 
|  61|0x0000000088d00000, 0x0000000088d00000, 0x0000000088e00000|  0%| F|  |TAMS 0x0000000088d00000, 0x0000000088d00000| Untracked 
|  62|0x0000000088e00000, 0x0000000088e00000, 0x0000000088f00000|  0%| F|  |TAMS 0x0000000088e00000, 0x0000000088e00000| Untracked 
|  63|0x0000000088f00000, 0x0000000088f00000, 0x0000000089000000|  0%| F|  |TAMS 0x0000000088f00000, 0x0000000088f00000| Untracked 
|  64|0x0000000089000000, 0x0000000089000000, 0x0000000089100000|  0%| F|  |TAMS 0x0000000089000000, 0x0000000089000000| Untracked 
|  65|0x0000000089100000, 0x0000000089100000, 0x0000000089200000|  0%| F|  |TAMS 0x0000000089100000, 0x0000000089100000| Untracked 
|  66|0x0000000089200000, 0x0000000089200000, 0x0000000089300000|  0%| F|  |TAMS 0x0000000089200000, 0x0000000089200000| Untracked 
|  67|0x0000000089300000, 0x0000000089300000, 0x0000000089400000|  0%| F|  |TAMS 0x0000000089300000, 0x0000000089300000| Untracked 
|  68|0x0000000089400000, 0x0000000089400000, 0x0000000089500000|  0%| F|  |TAMS 0x0000000089400000, 0x0000000089400000| Untracked 
|  69|0x0000000089500000, 0x0000000089500000, 0x0000000089600000|  0%| F|  |TAMS 0x0000000089500000, 0x0000000089500000| Untracked 
|  70|0x0000000089600000, 0x0000000089600000, 0x0000000089700000|  0%| F|  |TAMS 0x0000000089600000, 0x0000000089600000| Untracked 
|  71|0x0000000089700000, 0x0000000089700000, 0x0000000089800000|  0%| F|  |TAMS 0x0000000089700000, 0x0000000089700000| Untracked 
|  72|0x0000000089800000, 0x0000000089800000, 0x0000000089900000|  0%| F|  |TAMS 0x0000000089800000, 0x0000000089800000| Untracked 
|  73|0x0000000089900000, 0x0000000089900000, 0x0000000089a00000|  0%| F|  |TAMS 0x0000000089900000, 0x0000000089900000| Untracked 
|  74|0x0000000089a00000, 0x0000000089a00000, 0x0000000089b00000|  0%| F|  |TAMS 0x0000000089a00000, 0x0000000089a00000| Untracked 
|  75|0x0000000089b00000, 0x0000000089b00000, 0x0000000089c00000|  0%| F|  |TAMS 0x0000000089b00000, 0x0000000089b00000| Untracked 
|  76|0x0000000089c00000, 0x0000000089c00000, 0x0000000089d00000|  0%| F|  |TAMS 0x0000000089c00000, 0x0000000089c00000| Untracked 
|  77|0x0000000089d00000, 0x0000000089d00000, 0x0000000089e00000|  0%| F|  |TAMS 0x0000000089d00000, 0x0000000089d00000| Untracked 
|  78|0x0000000089e00000, 0x0000000089e00000, 0x0000000089f00000|  0%| F|  |TAMS 0x0000000089e00000, 0x0000000089e00000| Untracked 
|  79|0x0000000089f00000, 0x0000000089f00000, 0x000000008a000000|  0%| F|  |TAMS 0x0000000089f00000, 0x0000000089f00000| Untracked 
|  80|0x000000008a000000, 0x000000008a000000, 0x000000008a100000|  0%| F|  |TAMS 0x000000008a000000, 0x000000008a000000| Untracked 
|  81|0x000000008a100000, 0x000000008a100000, 0x000000008a200000|  0%| F|  |TAMS 0x000000008a100000, 0x000000008a100000| Untracked 
|  82|0x000000008a200000, 0x000000008a200000, 0x000000008a300000|  0%| F|  |TAMS 0x000000008a200000, 0x000000008a200000| Untracked 
|  83|0x000000008a300000, 0x000000008a300000, 0x000000008a400000|  0%| F|  |TAMS 0x000000008a300000, 0x000000008a300000| Untracked 
|  84|0x000000008a400000, 0x000000008a400000, 0x000000008a500000|  0%| F|  |TAMS 0x000000008a400000, 0x000000008a400000| Untracked 
|  85|0x000000008a500000, 0x000000008a500000, 0x000000008a600000|  0%| F|  |TAMS 0x000000008a500000, 0x000000008a500000| Untracked 
|  86|0x000000008a600000, 0x000000008a600000, 0x000000008a700000|  0%| F|  |TAMS 0x000000008a600000, 0x000000008a600000| Untracked 
|  87|0x000000008a700000, 0x000000008a700000, 0x000000008a800000|  0%| F|  |TAMS 0x000000008a700000, 0x000000008a700000| Untracked 
|  88|0x000000008a800000, 0x000000008a800000, 0x000000008a900000|  0%| F|  |TAMS 0x000000008a800000, 0x000000008a800000| Untracked 
|  89|0x000000008a900000, 0x000000008a900000, 0x000000008aa00000|  0%| F|  |TAMS 0x000000008a900000, 0x000000008a900000| Untracked 
|  90|0x000000008aa00000, 0x000000008aa00000, 0x000000008ab00000|  0%| F|  |TAMS 0x000000008aa00000, 0x000000008aa00000| Untracked 
|  91|0x000000008ab00000, 0x000000008ab00000, 0x000000008ac00000|  0%| F|  |TAMS 0x000000008ab00000, 0x000000008ab00000| Untracked 
|  92|0x000000008ac00000, 0x000000008ac00000, 0x000000008ad00000|  0%| F|  |TAMS 0x000000008ac00000, 0x000000008ac00000| Untracked 
|  93|0x000000008ad00000, 0x000000008ad00000, 0x000000008ae00000|  0%| F|  |TAMS 0x000000008ad00000, 0x000000008ad00000| Untracked 
|  94|0x000000008ae00000, 0x000000008ae00000, 0x000000008af00000|  0%| F|  |TAMS 0x000000008ae00000, 0x000000008ae00000| Untracked 
|  95|0x000000008af00000, 0x000000008af00000, 0x000000008b000000|  0%| F|  |TAMS 0x000000008af00000, 0x000000008af00000| Untracked 
|  96|0x000000008b000000, 0x000000008b000000, 0x000000008b100000|  0%| F|  |TAMS 0x000000008b000000, 0x000000008b000000| Untracked 
|  97|0x000000008b100000, 0x000000008b100000, 0x000000008b200000|  0%| F|  |TAMS 0x000000008b100000, 0x000000008b100000| Untracked 
|  98|0x000000008b200000, 0x000000008b200000, 0x000000008b300000|  0%| F|  |TAMS 0x000000008b200000, 0x000000008b200000| Untracked 
|  99|0x000000008b300000, 0x000000008b300000, 0x000000008b400000|  0%| F|  |TAMS 0x000000008b300000, 0x000000008b300000| Untracked 
| 100|0x000000008b400000, 0x000000008b400000, 0x000000008b500000|  0%| F|  |TAMS 0x000000008b400000, 0x000000008b400000| Untracked 
| 101|0x000000008b500000, 0x000000008b500000, 0x000000008b600000|  0%| F|  |TAMS 0x000000008b500000, 0x000000008b500000| Untracked 
| 102|0x000000008b600000, 0x000000008b600000, 0x000000008b700000|  0%| F|  |TAMS 0x000000008b600000, 0x000000008b600000| Untracked 
| 103|0x000000008b700000, 0x000000008b700000, 0x000000008b800000|  0%| F|  |TAMS 0x000000008b700000, 0x000000008b700000| Untracked 
| 104|0x000000008b800000, 0x000000008b800000, 0x000000008b900000|  0%| F|  |TAMS 0x000000008b800000, 0x000000008b800000| Untracked 
| 105|0x000000008b900000, 0x000000008b900000, 0x000000008ba00000|  0%| F|  |TAMS 0x000000008b900000, 0x000000008b900000| Untracked 
| 106|0x000000008ba00000, 0x000000008ba00000, 0x000000008bb00000|  0%| F|  |TAMS 0x000000008ba00000, 0x000000008ba00000| Untracked 
| 107|0x000000008bb00000, 0x000000008bb00000, 0x000000008bc00000|  0%| F|  |TAMS 0x000000008bb00000, 0x000000008bb00000| Untracked 
| 108|0x000000008bc00000, 0x000000008bc00000, 0x000000008bd00000|  0%| F|  |TAMS 0x000000008bc00000, 0x000000008bc00000| Untracked 
| 109|0x000000008bd00000, 0x000000008bd00000, 0x000000008be00000|  0%| F|  |TAMS 0x000000008bd00000, 0x000000008bd00000| Untracked 
| 110|0x000000008be00000, 0x000000008bf00000, 0x000000008bf00000|100%| E|CS|TAMS 0x000000008be00000, 0x000000008be00000| Complete 
| 111|0x000000008bf00000, 0x000000008c000000, 0x000000008c000000|100%| E|CS|TAMS 0x000000008bf00000, 0x000000008bf00000| Complete 
| 112|0x000000008c000000, 0x000000008c100000, 0x000000008c100000|100%| E|CS|TAMS 0x000000008c000000, 0x000000008c000000| Complete 
| 113|0x000000008c100000, 0x000000008c200000, 0x000000008c200000|100%| E|CS|TAMS 0x000000008c100000, 0x000000008c100000| Complete 
| 114|0x000000008c200000, 0x000000008c300000, 0x000000008c300000|100%| E|CS|TAMS 0x000000008c200000, 0x000000008c200000| Complete 
| 115|0x000000008c300000, 0x000000008c400000, 0x000000008c400000|100%| E|CS|TAMS 0x000000008c300000, 0x000000008c300000| Complete 
| 116|0x000000008c400000, 0x000000008c500000, 0x000000008c500000|100%| E|CS|TAMS 0x000000008c400000, 0x000000008c400000| Complete 
| 117|0x000000008c500000, 0x000000008c600000, 0x000000008c600000|100%| E|CS|TAMS 0x000000008c500000, 0x000000008c500000| Complete 
| 118|0x000000008c600000, 0x000000008c700000, 0x000000008c700000|100%| E|CS|TAMS 0x000000008c600000, 0x000000008c600000| Complete 
| 119|0x000000008c700000, 0x000000008c800000, 0x000000008c800000|100%| E|CS|TAMS 0x000000008c700000, 0x000000008c700000| Complete 
| 120|0x000000008c800000, 0x000000008c900000, 0x000000008c900000|100%| E|CS|TAMS 0x000000008c800000, 0x000000008c800000| Complete 
| 121|0x000000008c900000, 0x000000008ca00000, 0x000000008ca00000|100%| E|CS|TAMS 0x000000008c900000, 0x000000008c900000| Complete 
| 122|0x000000008ca00000, 0x000000008cb00000, 0x000000008cb00000|100%| E|CS|TAMS 0x000000008ca00000, 0x000000008ca00000| Complete 
| 123|0x000000008cb00000, 0x000000008cc00000, 0x000000008cc00000|100%| E|CS|TAMS 0x000000008cb00000, 0x000000008cb00000| Complete 
|1966|0x00000000ffe00000, 0x00000000ffe34000, 0x00000000fff00000| 20%|OA|  |TAMS 0x00000000ffe00000, 0x00000000ffe00000| Untracked 
|1967|0x00000000fff00000, 0x00000000fff6a000, 0x0000000100000000| 41%|CA|  |TAMS 0x00000000fff00000, 0x00000000fff00000| Untracked 

Card table byte_map: [0x00007ff49fc28000,0x00007ff4a0000000] _byte_map_base: 0x00007ff49f800000

Marking Bits (Prev, Next): (CMBitMap*) 0x00007ff4bc04f5d8, (CMBitMap*) 0x00007ff4bc04f610
 Prev Bits: [0x00007ff49d990000, 0x00007ff49f850000)
 Next Bits: [0x00007ff49bad0000, 0x00007ff49d990000)

Polling page: 0x00007ff4c02e1000

Metaspace:

Usage:
  Non-class:      4.71 MB capacity,     4.54 MB ( 96%) used,   150.16 KB (  3%) free+waste,    28.50 KB ( <1%) overhead. 
      Class:    769.00 KB capacity,   585.38 KB ( 76%) used,   165.49 KB ( 22%) free+waste,    18.12 KB (  2%) overhead. 
       Both:      5.46 MB capacity,     5.11 MB ( 94%) used,   315.66 KB (  6%) free+waste,    46.62 KB ( <1%) overhead. 

Virtual space:
  Non-class space:        8.00 MB reserved,       4.75 MB ( 59%) committed 
      Class space:        1.00 GB reserved,     896.00 KB ( <1%) committed 
             Both:        1.01 GB reserved,       5.62 MB ( <1%) committed 

Chunk freelists:
   Non-Class:  21.00 KB
       Class:  31.00 KB
        Both:  52.00 KB

CodeHeap 'non-profiled nmethods': size=120032Kb used=230Kb max_used=230Kb free=119801Kb
 bounds [0x00007ff4ac41e000, 0x00007ff4ac68e000, 0x00007ff4b3956000]
CodeHeap 'profiled nmethods': size=120032Kb used=1081Kb max_used=1081Kb free=118951Kb
 bounds [0x00007ff4a4ee6000, 0x00007ff4a5156000, 0x00007ff4ac41e000]
CodeHeap 'non-nmethods': size=5696Kb used=1183Kb max_used=1209Kb free=4512Kb
 bounds [0x00007ff4a4956000, 0x00007ff4a4bc6000, 0x00007ff4a4ee6000]
 total_blobs=1291 nmethods=634 adapters=455
 compilation: enabled
              stopped_count=0, restarted_count=0
 full_count=0

Compilation events (10 events):
Event: 1.393 Thread 0x00007ff4bc11a800 nmethod 631 0x00007ff4a4ff3610 code [0x00007ff4a4ff37c0, 0x00007ff4a4ff3968]
Event: 1.393 Thread 0x00007ff4bc11a800  632       3       java.nio.ByteBuffer::position (8 bytes)
Event: 1.393 Thread 0x00007ff4bc11a800 nmethod 632 0x00007ff4a4ff3a10 code [0x00007ff4a4ff3bc0, 0x00007ff4a4ff3d88]
Event: 1.394 Thread 0x00007ff4bc11a800  633       3       java.lang.String::lastIndexOf (29 bytes)
Event: 1.394 Thread 0x00007ff470442000 nmethod 606 0x00007ff4ac455190 code [0x00007ff4ac455340, 0x00007ff4ac4569f8]
Event: 1.394 Thread 0x00007ff4bc11a800 nmethod 633 0x00007ff4a4ff3e10 code [0x00007ff4a4ff3fe0, 0x00007ff4a4ff42d8]
Event: 1.394 Thread 0x00007ff4bc11a800  634       1       java.net.URL::getProtocol (5 bytes)
Event: 1.394 Thread 0x00007ff470442000  629       4       java.util.Arrays::copyOfRange (63 bytes)
Event: 1.395 Thread 0x00007ff4bc11a800 nmethod 634 0x00007ff4ac456e10 code [0x00007ff4ac456fc0, 0x00007ff4ac4570f0]
Event: 1.395 Thread 0x00007ff4bc118800 nmethod 627 0x00007ff4ac457190 code [0x00007ff4ac457320, 0x00007ff4ac457538]

GC Heap History (0 events):
No events

Deoptimization events (10 events):
Event: 1.388 Thread 0x00007ff4bc3f4000 DEOPT PACKING pc=0x00007ff4a4fcd654 sp=0x00007ff453bf6690
Event: 1.388 Thread 0x00007ff4bc3f4000 DEOPT UNPACKING pc=0x00007ff4a497e83a sp=0x00007ff453bf5b20 mode 0
Event: 1.388 Thread 0x00007ff4bc3f4000 DEOPT PACKING pc=0x00007ff4a4fcd654 sp=0x00007ff453bf6690
Event: 1.388 Thread 0x00007ff4bc3f4000 DEOPT UNPACKING pc=0x00007ff4a497e83a sp=0x00007ff453bf5b20 mode 0
Event: 1.388 Thread 0x00007ff4bc3f4000 DEOPT PACKING pc=0x00007ff4a4fcd654 sp=0x00007ff453bf6690
Event: 1.388 Thread 0x00007ff4bc3f4000 DEOPT UNPACKING pc=0x00007ff4a497e83a sp=0x00007ff453bf5b20 mode 0
Event: 1.388 Thread 0x00007ff4bc3f4000 DEOPT PACKING pc=0x00007ff4a4fcd654 sp=0x00007ff453bf6690
Event: 1.388 Thread 0x00007ff4bc3f4000 DEOPT UNPACKING pc=0x00007ff4a497e83a sp=0x00007ff453bf5b20 mode 0
Event: 1.388 Thread 0x00007ff4bc3f4000 DEOPT PACKING pc=0x00007ff4a4fcd654 sp=0x00007ff453bf6690
Event: 1.388 Thread 0x00007ff4bc3f4000 DEOPT UNPACKING pc=0x00007ff4a497e83a sp=0x00007ff453bf5b20 mode 0

Classes redefined (0 events):
No events

Internal exceptions (10 events):
Event: 0.298 Thread 0x00007ff4bc011800 Exception <a 'java/lang/NoSuchMethodError'{0x000000008c8c0da0}: 'java.lang.Object java.lang.invoke.DirectMethodHandle$Holder.invokeStatic(java.lang.Object, int, java.lang.Object, java.lang.Object, java.lang.Object)'> (0x000000008c8c0da0) thrown at [/build
Event: 0.299 Thread 0x00007ff4bc011800 Exception <a 'java/lang/NoSuchMethodError'{0x000000008c8c48e8}: 'java.lang.Object java.lang.invoke.DirectMethodHandle$Holder.invokeSpecial(java.lang.Object, java.lang.Object, int, java.lang.Object, java.lang.Object, java.lang.Object)'> (0x000000008c8c48e8
Event: 0.303 Thread 0x00007ff4bc011800 Exception <a 'java/lang/NoSuchMethodError'{0x000000008c8dc408}: 'java.lang.Object java.lang.invoke.DirectMethodHandle$Holder.invokeStatic(java.lang.Object, int, java.lang.Object)'> (0x000000008c8dc408) thrown at [/build/openjdk-lts-ZT5jEu/openjdk-lts-11.0
Event: 1.132 Thread 0x00007ff4bc011800 Exception <a 'java/lang/NoSuchMethodError'{0x000000008c7756b0}: 'java.lang.Object java.lang.invoke.DirectMethodHandle$Holder.invokeStatic(java.lang.Object, java.lang.Object, java.lang.Object, java.lang.Object, java.lang.Object, java.lang.Object, java.lang
Event: 1.136 Thread 0x00007ff4bc011800 Exception <a 'java/lang/NoSuchMethodError'{0x000000008c78f610}: 'java.lang.Object java.lang.invoke.DirectMethodHandle$Holder.invokeStatic(java.lang.Object, java.lang.Object, java.lang.Object, java.lang.Object, java.lang.Object, java.lang.Object, java.lang
Event: 1.143 Thread 0x00007ff4bc011800 Exception <a 'java/lang/NoSuchMethodError'{0x000000008c79b9d8}: 'void java.lang.invoke.DirectMethodHandle$Holder.invokeSpecial(java.lang.Object, java.lang.Object)'> (0x000000008c79b9d8) thrown at [/build/openjdk-lts-ZT5jEu/openjdk-lts-11.0.4+11/src/hotspo
Event: 1.230 Thread 0x00007ff4bc011800 Exception <a 'java/lang/NoSuchMethodError'{0x000000008c6c1b98}: 'java.lang.Object java.lang.invoke.Invokers$Holder.linkToTargetMethod(java.lang.Object, int, java.lang.Object)'> (0x000000008c6c1b98) thrown at [/build/openjdk-lts-ZT5jEu/openjdk-lts-11.0.4+1
Event: 1.246 Thread 0x00007ff4bc011800 Exception <a 'java/lang/ClassNotFoundException'{0x000000008c52cdb8}: com/sun/swing/internal/plaf/metal/resources/spi/metalProvider> (0x000000008c52cdb8) thrown at [/build/openjdk-lts-ZT5jEu/openjdk-lts-11.0.4+11/src/hotspot/share/classfile/systemDictionar
Event: 1.248 Thread 0x00007ff4bc011800 Exception <a 'java/lang/ClassNotFoundException'{0x000000008c530cc0}: com/sun/swing/internal/plaf/basic/resources/spi/basicProvider> (0x000000008c530cc0) thrown at [/build/openjdk-lts-ZT5jEu/openjdk-lts-11.0.4+11/src/hotspot/share/classfile/systemDictionar
Event: 1.395 Thread 0x00007ff4bc3fb800 Exception <a 'java/lang/NoSuchMethodError'{0x000000008bed9ee0}: getRobot> (0x000000008bed9ee0) thrown at [/build/openjdk-lts-ZT5jEu/openjdk-lts-11.0.4+11/src/hotspot/share/prims/jni.cpp, line 1333]

Events (10 events):
Event: 1.393 loading class AIGroup
Event: 1.393 loading class AIGroup done
Event: 1.394 loading class CRobot$1
Event: 1.394 loading class CRobot$1 done
Event: 1.394 Thread 0x00007ff4bc3fb800 Thread added: 0x00007ff4bc3fb800
Event: 1.394 loading class AI_Robot$1
Event: 1.394 loading class AI_Robot$1 done
Event: 1.395 Executing VM operation: RevokeBias
Event: 1.395 Thread 0x00007ff4bc3fe000 Thread added: 0x00007ff4bc3fe000
Event: 1.398 Executing VM operation: RevokeBias done


Dynamic libraries:
85000000-8cc00000 rw-p 00000000 00:00 0 
8cc00000-ffe00000 ---p 00000000 00:00 0 
ffe00000-ffe34000 rw-p 01116000 08:02 23990720                           /usr/lib/jvm/java-11-openjdk-amd64/lib/server/classes.jsa
ffe34000-fff00000 rw-p 00000000 00:00 0 
fff00000-fff6a000 rw-p 010ac000 08:02 23990720                           /usr/lib/jvm/java-11-openjdk-amd64/lib/server/classes.jsa
fff6a000-100000000 rw-p 00000000 00:00 0 
800000000-800002000 rwxp 00001000 08:02 23990720                         /usr/lib/jvm/java-11-openjdk-amd64/lib/server/classes.jsa
800002000-8003bd000 rw-p 00003000 08:02 23990720                         /usr/lib/jvm/java-11-openjdk-amd64/lib/server/classes.jsa
8003bd000-800a98000 r--p 003be000 08:02 23990720                         /usr/lib/jvm/java-11-openjdk-amd64/lib/server/classes.jsa
800a98000-800a99000 rw-p 00a99000 08:02 23990720                         /usr/lib/jvm/java-11-openjdk-amd64/lib/server/classes.jsa
800a99000-8010ab000 r--p 00a9a000 08:02 23990720                         /usr/lib/jvm/java-11-openjdk-amd64/lib/server/classes.jsa
840000000-8400e0000 rw-p 00000000 00:00 0 
8400e0000-880000000 ---p 00000000 00:00 0 
556f35f9a000-556f35f9b000 r--p 00000000 08:02 23597129                   /usr/lib/jvm/java-11-openjdk-amd64/bin/java
556f35f9b000-556f35f9c000 r-xp 00001000 08:02 23597129                   /usr/lib/jvm/java-11-openjdk-amd64/bin/java
556f35f9c000-556f35f9d000 r--p 00002000 08:02 23597129                   /usr/lib/jvm/java-11-openjdk-amd64/bin/java
556f35f9d000-556f35f9e000 r--p 00002000 08:02 23597129                   /usr/lib/jvm/java-11-openjdk-amd64/bin/java
556f35f9e000-556f35f9f000 rw-p 00003000 08:02 23597129                   /usr/lib/jvm/java-11-openjdk-amd64/bin/java
556f37e41000-556f37e62000 rw-p 00000000 00:00 0                          [heap]
7ff430000000-7ff430021000 rw-p 00000000 00:00 0 
7ff430021000-7ff434000000 ---p 00000000 00:00 0 
7ff434000000-7ff434021000 rw-p 00000000 00:00 0 
7ff434021000-7ff438000000 ---p 00000000 00:00 0 
7ff438000000-7ff438030000 rw-p 00000000 00:00 0 
7ff438030000-7ff43c000000 ---p 00000000 00:00 0 
7ff43c000000-7ff43c021000 rw-p 00000000 00:00 0 
7ff43c021000-7ff440000000 ---p 00000000 00:00 0 
7ff440000000-7ff440021000 rw-p 00000000 00:00 0 
7ff440021000-7ff444000000 ---p 00000000 00:00 0 
7ff444000000-7ff444268000 rw-p 00000000 00:00 0 
7ff444268000-7ff448000000 ---p 00000000 00:00 0 
7ff448000000-7ff448021000 rw-p 00000000 00:00 0 
7ff448021000-7ff44c000000 ---p 00000000 00:00 0 
7ff44c000000-7ff44c021000 rw-p 00000000 00:00 0 
7ff44c021000-7ff450000000 ---p 00000000 00:00 0 
7ff4537f4000-7ff4537f8000 ---p 00000000 00:00 0 
7ff4537f8000-7ff4538f5000 rw-p 00000000 00:00 0 
7ff4538f5000-7ff4538f9000 ---p 00000000 00:00 0 
7ff4538f9000-7ff4539f6000 rw-p 00000000 00:00 0 
7ff4539f6000-7ff4539fa000 ---p 00000000 00:00 0 
7ff4539fa000-7ff453af7000 rw-p 00000000 00:00 0 
7ff453af7000-7ff453afb000 ---p 00000000 00:00 0 
7ff453afb000-7ff453bf8000 rw-p 00000000 00:00 0 
7ff453bf8000-7ff453bfc000 ---p 00000000 00:00 0 
7ff453bfc000-7ff453cf9000 rw-p 00000000 00:00 0 
7ff453cf9000-7ff453cfd000 ---p 00000000 00:00 0 
7ff453cfd000-7ff453dfa000 rw-p 00000000 00:00 0 
7ff453dfa000-7ff453dff000 r-xp 00000000 08:02 23600531                   /usr/lib/x86_64-linux-gnu/libXfixes.so.3.1.0
7ff453dff000-7ff453ffe000 ---p 00005000 08:02 23600531                   /usr/lib/x86_64-linux-gnu/libXfixes.so.3.1.0
7ff453ffe000-7ff453fff000 r--p 00004000 08:02 23600531                   /usr/lib/x86_64-linux-gnu/libXfixes.so.3.1.0
7ff453fff000-7ff454000000 rw-p 00005000 08:02 23600531                   /usr/lib/x86_64-linux-gnu/libXfixes.so.3.1.0
7ff454000000-7ff454021000 rw-p 00000000 00:00 0 
7ff454021000-7ff458000000 ---p 00000000 00:00 0 
7ff458000000-7ff458021000 rw-p 00000000 00:00 0 
7ff458021000-7ff45c000000 ---p 00000000 00:00 0 
7ff45c000000-7ff45c021000 rw-p 00000000 00:00 0 
7ff45c021000-7ff460000000 ---p 00000000 00:00 0 
7ff460000000-7ff460021000 rw-p 00000000 00:00 0 
7ff460021000-7ff464000000 ---p 00000000 00:00 0 
7ff464000000-7ff464021000 rw-p 00000000 00:00 0 
7ff464021000-7ff468000000 ---p 00000000 00:00 0 
7ff468000000-7ff468021000 rw-p 00000000 00:00 0 
7ff468021000-7ff46c000000 ---p 00000000 00:00 0 
7ff46c000000-7ff46c50b000 rw-p 00000000 00:00 0 
7ff46c50b000-7ff470000000 ---p 00000000 00:00 0 
7ff470000000-7ff47044c000 rw-p 00000000 00:00 0 
7ff47044c000-7ff474000000 ---p 00000000 00:00 0 
7ff474000000-7ff474021000 rw-p 00000000 00:00 0 
7ff474021000-7ff478000000 ---p 00000000 00:00 0 
7ff4780eb000-7ff4780ef000 ---p 00000000 00:00 0 
7ff4780ef000-7ff4781ec000 rw-p 00000000 00:00 0 
7ff4781ec000-7ff4781ee000 r--p 00000000 08:02 23600523                   /usr/lib/x86_64-linux-gnu/libXcursor.so.1.0.2
7ff4781ee000-7ff4781f3000 r-xp 00002000 08:02 23600523                   /usr/lib/x86_64-linux-gnu/libXcursor.so.1.0.2
7ff4781f3000-7ff4781f5000 r--p 00007000 08:02 23600523                   /usr/lib/x86_64-linux-gnu/libXcursor.so.1.0.2
7ff4781f5000-7ff4781f6000 r--p 00008000 08:02 23600523                   /usr/lib/x86_64-linux-gnu/libXcursor.so.1.0.2
7ff4781f6000-7ff4781f7000 rw-p 00009000 08:02 23600523                   /usr/lib/x86_64-linux-gnu/libXcursor.so.1.0.2
7ff478204000-7ff478205000 r--p 00000000 08:02 27001595                   /home/kramer/Downloads/RobotArena-master/RobotAreana/AIBasic/build/libs/mynativelibrary/shared/libmynativelibrary.so
7ff478205000-7ff478206000 r-xp 00001000 08:02 27001595                   /home/kramer/Downloads/RobotArena-master/RobotAreana/AIBasic/build/libs/mynativelibrary/shared/libmynativelibrary.so
7ff478206000-7ff478207000 r--p 00002000 08:02 27001595                   /home/kramer/Downloads/RobotArena-master/RobotAreana/AIBasic/build/libs/mynativelibrary/shared/libmynativelibrary.so
7ff478207000-7ff478208000 r--p 00002000 08:02 27001595                   /home/kramer/Downloads/RobotArena-master/RobotAreana/AIBasic/build/libs/mynativelibrary/shared/libmynativelibrary.so
7ff478208000-7ff478209000 rw-p 00003000 08:02 27001595                   /home/kramer/Downloads/RobotArena-master/RobotAreana/AIBasic/build/libs/mynativelibrary/shared/libmynativelibrary.so
7ff478209000-7ff47820a000 ---p 00000000 00:00 0 
7ff47820a000-7ff478a0a000 rw-p 00000000 00:00 0 
7ff478a0a000-7ff478a0b000 ---p 00000000 00:00 0 
7ff478a0b000-7ff47920b000 rw-p 00000000 00:00 0 
7ff47920b000-7ff47920c000 ---p 00000000 00:00 0 
7ff47920c000-7ff479a0c000 rw-p 00000000 00:00 0 
7ff479a0c000-7ff479a32000 r--p 00000000 08:02 25043479                   /usr/share/glib-2.0/schemas/gschemas.compiled
7ff479a32000-7ff479a3c000 r--p 00000000 08:02 23600663                   /usr/lib/x86_64-linux-gnu/libblkid.so.1.1.0
7ff479a3c000-7ff479a70000 r-xp 0000a000 08:02 23600663                   /usr/lib/x86_64-linux-gnu/libblkid.so.1.1.0
7ff479a70000-7ff479a80000 r--p 0003e000 08:02 23600663                   /usr/lib/x86_64-linux-gnu/libblkid.so.1.1.0
7ff479a80000-7ff479a81000 ---p 0004e000 08:02 23600663                   /usr/lib/x86_64-linux-gnu/libblkid.so.1.1.0
7ff479a81000-7ff479a86000 r--p 0004e000 08:02 23600663                   /usr/lib/x86_64-linux-gnu/libblkid.so.1.1.0
7ff479a86000-7ff479a87000 rw-p 00053000 08:02 23600663                   /usr/lib/x86_64-linux-gnu/libblkid.so.1.1.0
7ff479a87000-7ff479a89000 r--p 00000000 08:02 23600923                   /usr/lib/x86_64-linux-gnu/libffi.so.6.0.4
7ff479a89000-7ff479a8e000 r-xp 00002000 08:02 23600923                   /usr/lib/x86_64-linux-gnu/libffi.so.6.0.4
7ff479a8e000-7ff479a8f000 r--p 00007000 08:02 23600923                   /usr/lib/x86_64-linux-gnu/libffi.so.6.0.4
7ff479a8f000-7ff479a90000 r--p 00007000 08:02 23600923                   /usr/lib/x86_64-linux-gnu/libffi.so.6.0.4
7ff479a90000-7ff479a91000 rw-p 00008000 08:02 23600923                   /usr/lib/x86_64-linux-gnu/libffi.so.6.0.4
7ff479a91000-7ff479a93000 r--p 00000000 08:02 23601506                   /usr/lib/x86_64-linux-gnu/libpcre.so.3.13.3
7ff479a93000-7ff479ae5000 r-xp 00002000 08:02 23601506                   /usr/lib/x86_64-linux-gnu/libpcre.so.3.13.3
7ff479ae5000-7ff479b03000 r--p 00054000 08:02 23601506                   /usr/lib/x86_64-linux-gnu/libpcre.so.3.13.3
7ff479b03000-7ff479b04000 r--p 00071000 08:02 23601506                   /usr/lib/x86_64-linux-gnu/libpcre.so.3.13.3
7ff479b04000-7ff479b05000 rw-p 00072000 08:02 23601506                   /usr/lib/x86_64-linux-gnu/libpcre.so.3.13.3
7ff479b05000-7ff479b09000 r--p 00000000 08:02 23601610                   /usr/lib/x86_64-linux-gnu/libresolv-2.29.so
7ff479b09000-7ff479b18000 r-xp 00004000 08:02 23601610                   /usr/lib/x86_64-linux-gnu/libresolv-2.29.so
7ff479b18000-7ff479b1b000 r--p 00013000 08:02 23601610                   /usr/lib/x86_64-linux-gnu/libresolv-2.29.so
7ff479b1b000-7ff479b1c000 ---p 00016000 08:02 23601610                   /usr/lib/x86_64-linux-gnu/libresolv-2.29.so
7ff479b1c000-7ff479b1d000 r--p 00016000 08:02 23601610                   /usr/lib/x86_64-linux-gnu/libresolv-2.29.so
7ff479b1d000-7ff479b1e000 rw-p 00017000 08:02 23601610                   /usr/lib/x86_64-linux-gnu/libresolv-2.29.so
7ff479b1e000-7ff479b20000 rw-p 00000000 00:00 0 
7ff479b20000-7ff479b26000 r--p 00000000 08:02 23601661                   /usr/lib/x86_64-linux-gnu/libselinux.so.1
7ff479b26000-7ff479b3e000 r-xp 00006000 08:02 23601661                   /usr/lib/x86_64-linux-gnu/libselinux.so.1
7ff479b3e000-7ff479b45000 r--p 0001e000 08:02 23601661                   /usr/lib/x86_64-linux-gnu/libselinux.so.1
7ff479b45000-7ff479b46000 ---p 00025000 08:02 23601661                   /usr/lib/x86_64-linux-gnu/libselinux.so.1
7ff479b46000-7ff479b47000 r--p 00025000 08:02 23601661                   /usr/lib/x86_64-linux-gnu/libselinux.so.1
7ff479b47000-7ff479b48000 rw-p 00026000 08:02 23601661                   /usr/lib/x86_64-linux-gnu/libselinux.so.1
7ff479b48000-7ff479b4a000 rw-p 00000000 00:00 0 
7ff479b4a000-7ff479b55000 r--p 00000000 08:02 23601326                   /usr/lib/x86_64-linux-gnu/libmount.so.1.1.0
7ff479b55000-7ff479b90000 r-xp 0000b000 08:02 23601326                   /usr/lib/x86_64-linux-gnu/libmount.so.1.1.0
7ff479b90000-7ff479ba2000 r--p 00046000 08:02 23601326                   /usr/lib/x86_64-linux-gnu/libmount.so.1.1.0
7ff479ba2000-7ff479ba5000 r--p 00057000 08:02 23601326                   /usr/lib/x86_64-linux-gnu/libmount.so.1.1.0
7ff479ba5000-7ff479ba6000 rw-p 0005a000 08:02 23601326                   /usr/lib/x86_64-linux-gnu/libmount.so.1.1.0
7ff479ba6000-7ff479bb4000 r--p 00000000 08:02 23593408                   /usr/lib/x86_64-linux-gnu/libgobject-2.0.so.0.6000.0
7ff479bb4000-7ff479be6000 r-xp 0000e000 08:02 23593408                   /usr/lib/x86_64-linux-gnu/libgobject-2.0.so.0.6000.0
7ff479be6000-7ff479bfe000 r--p 00040000 08:02 23593408                   /usr/lib/x86_64-linux-gnu/libgobject-2.0.so.0.6000.0
7ff479bfe000-7ff479c01000 r--p 00057000 08:02 23593408                   /usr/lib/x86_64-linux-gnu/libgobject-2.0.so.0.6000.0
7ff479c01000-7ff479c02000 rw-p 0005a000 08:02 23593408                   /usr/lib/x86_64-linux-gnu/libgobject-2.0.so.0.6000.0
7ff479c02000-7ff479c1d000 r--p 00000000 08:02 23593383                   /usr/lib/x86_64-linux-gnu/libglib-2.0.so.0.6000.0
7ff479c1d000-7ff479c9d000 r-xp 0001b000 08:02 23593383                   /usr/lib/x86_64-linux-gnu/libglib-2.0.so.0.6000.0
7ff479c9d000-7ff479d1f000 r--p 0009b000 08:02 23593383                   /usr/lib/x86_64-linux-gnu/libglib-2.0.so.0.6000.0
7ff479d1f000-7ff479d20000 ---p 0011d000 08:02 23593383                   /usr/lib/x86_64-linux-gnu/libglib-2.0.so.0.6000.0
7ff479d20000-7ff479d21000 r--p 0011d000 08:02 23593383                   /usr/lib/x86_64-linux-gnu/libglib-2.0.so.0.6000.0
7ff479d21000-7ff479d22000 rw-p 0011e000 08:02 23593383                   /usr/lib/x86_64-linux-gnu/libglib-2.0.so.0.6000.0
7ff479d22000-7ff479d23000 rw-p 00000000 00:00 0 
7ff479d23000-7ff479d5a000 r--p 00000000 08:02 23593360                   /usr/lib/x86_64-linux-gnu/libgio-2.0.so.0.6000.0
7ff479d5a000-7ff479e5b000 r-xp 00037000 08:02 23593360                   /usr/lib/x86_64-linux-gnu/libgio-2.0.so.0.6000.0
7ff479e5b000-7ff479ee1000 r--p 00138000 08:02 23593360                   /usr/lib/x86_64-linux-gnu/libgio-2.0.so.0.6000.0
7ff479ee1000-7ff479ee9000 r--p 001bd000 08:02 23593360                   /usr/lib/x86_64-linux-gnu/libgio-2.0.so.0.6000.0
7ff479ee9000-7ff479eea000 rw-p 001c5000 08:02 23593360                   /usr/lib/x86_64-linux-gnu/libgio-2.0.so.0.6000.0
7ff479eea000-7ff479eec000 rw-p 00000000 00:00 0 
7ff479eec000-7ff479ef6000 r-xp 00000000 08:02 23600547                   /usr/lib/x86_64-linux-gnu/libXrandr.so.2.2.0
7ff479ef6000-7ff47a0f5000 ---p 0000a000 08:02 23600547                   /usr/lib/x86_64-linux-gnu/libXrandr.so.2.2.0
7ff47a0f5000-7ff47a0f6000 r--p 00009000 08:02 23600547                   /usr/lib/x86_64-linux-gnu/libXrandr.so.2.2.0
7ff47a0f6000-7ff47a0f7000 rw-p 0000a000 08:02 23600547                   /usr/lib/x86_64-linux-gnu/libXrandr.so.2.2.0
7ff47a0f7000-7ff47a0fc000 r--p 00000000 08:02 23601542                   /usr/lib/x86_64-linux-gnu/libpng16.so.16.36.0
7ff47a0fc000-7ff47a120000 r-xp 00005000 08:02 23601542                   /usr/lib/x86_64-linux-gnu/libpng16.so.16.36.0
7ff47a120000-7ff47a12c000 r--p 00029000 08:02 23601542                   /usr/lib/x86_64-linux-gnu/libpng16.so.16.36.0
7ff47a12c000-7ff47a12d000 r--p 00034000 08:02 23601542                   /usr/lib/x86_64-linux-gnu/libpng16.so.16.36.0
7ff47a12d000-7ff47a12e000 rw-p 00035000 08:02 23601542                   /usr/lib/x86_64-linux-gnu/libpng16.so.16.36.0
7ff47a12e000-7ff47a13a000 r--p 00000000 08:02 23600949                   /usr/lib/x86_64-linux-gnu/libfreetype.so.6.16.1
7ff47a13a000-7ff47a1b7000 r-xp 0000c000 08:02 23600949                   /usr/lib/x86_64-linux-gnu/libfreetype.so.6.16.1
7ff47a1b7000-7ff47a1e0000 r--p 00089000 08:02 23600949                   /usr/lib/x86_64-linux-gnu/libfreetype.so.6.16.1
7ff47a1e0000-7ff47a1e1000 ---p 000b2000 08:02 23600949                   /usr/lib/x86_64-linux-gnu/libfreetype.so.6.16.1
7ff47a1e1000-7ff47a1e8000 r--p 000b2000 08:02 23600949                   /usr/lib/x86_64-linux-gnu/libfreetype.so.6.16.1
7ff47a1e8000-7ff47a1e9000 rw-p 000b9000 08:02 23600949                   /usr/lib/x86_64-linux-gnu/libfreetype.so.6.16.1
7ff47a1e9000-7ff47a1ed000 r--p 00000000 08:02 23990635                   /usr/lib/jvm/java-11-openjdk-amd64/lib/libfontmanager.so
7ff47a1ed000-7ff47a2df000 r-xp 00004000 08:02 23990635                   /usr/lib/jvm/java-11-openjdk-amd64/lib/libfontmanager.so
7ff47a2df000-7ff47a31f000 r--p 000f6000 08:02 23990635                   /usr/lib/jvm/java-11-openjdk-amd64/lib/libfontmanager.so
7ff47a31f000-7ff47a320000 r--p 00135000 08:02 23990635                   /usr/lib/jvm/java-11-openjdk-amd64/lib/libfontmanager.so
7ff47a320000-7ff47a321000 rw-p 00136000 08:02 23990635                   /usr/lib/jvm/java-11-openjdk-amd64/lib/libfontmanager.so
7ff47a321000-7ff47a324000 rw-p 00000000 00:00 0 
7ff47a324000-7ff47a328000 r--p 00000000 08:02 23600683                   /usr/lib/x86_64-linux-gnu/libbsd.so.0.9.1
7ff47a328000-7ff47a337000 r-xp 00004000 08:02 23600683                   /usr/lib/x86_64-linux-gnu/libbsd.so.0.9.1
7ff47a337000-7ff47a33a000 r--p 00013000 08:02 23600683                   /usr/lib/x86_64-linux-gnu/libbsd.so.0.9.1
7ff47a33a000-7ff47a33b000 ---p 00016000 08:02 23600683                   /usr/lib/x86_64-linux-gnu/libbsd.so.0.9.1
7ff47a33b000-7ff47a33c000 r--p 00016000 08:02 23600683                   /usr/lib/x86_64-linux-gnu/libbsd.so.0.9.1
7ff47a33c000-7ff47a33d000 rw-p 00017000 08:02 23600683                   /usr/lib/x86_64-linux-gnu/libbsd.so.0.9.1
7ff47a33d000-7ff47a33e000 rw-p 00000000 00:00 0 
7ff47a33e000-7ff47a343000 r-xp 00000000 08:02 23600527                   /usr/lib/x86_64-linux-gnu/libXdmcp.so.6.0.0
7ff47a343000-7ff47a542000 ---p 00005000 08:02 23600527                   /usr/lib/x86_64-linux-gnu/libXdmcp.so.6.0.0
7ff47a542000-7ff47a543000 r--p 00004000 08:02 23600527                   /usr/lib/x86_64-linux-gnu/libXdmcp.so.6.0.0
7ff47a543000-7ff47a544000 rw-p 00005000 08:02 23600527                   /usr/lib/x86_64-linux-gnu/libXdmcp.so.6.0.0
7ff47a544000-7ff47a546000 r-xp 00000000 08:02 23600516                   /usr/lib/x86_64-linux-gnu/libXau.so.6.0.0
7ff47a546000-7ff47a746000 ---p 00002000 08:02 23600516                   /usr/lib/x86_64-linux-gnu/libXau.so.6.0.0
7ff47a746000-7ff47a747000 r--p 00002000 08:02 23600516                   /usr/lib/x86_64-linux-gnu/libXau.so.6.0.0
7ff47a747000-7ff47a748000 rw-p 00003000 08:02 23600516                   /usr/lib/x86_64-linux-gnu/libXau.so.6.0.0
7ff47a748000-7ff47a753000 r--p 00000000 08:02 23601932                   /usr/lib/x86_64-linux-gnu/libxcb.so.1.1.0
7ff47a753000-7ff47a766000 r-xp 0000b000 08:02 23601932                   /usr/lib/x86_64-linux-gnu/libxcb.so.1.1.0
7ff47a766000-7ff47a76f000 r--p 0001e000 08:02 23601932                   /usr/lib/x86_64-linux-gnu/libxcb.so.1.1.0
7ff47a76f000-7ff47a770000 r--p 00026000 08:02 23601932                   /usr/lib/x86_64-linux-gnu/libxcb.so.1.1.0
7ff47a770000-7ff47a771000 rw-p 00027000 08:02 23601932                   /usr/lib/x86_64-linux-gnu/libxcb.so.1.1.0
7ff47a771000-7ff47a780000 r-xp 00000000 08:02 23600537                   /usr/lib/x86_64-linux-gnu/libXi.so.6.1.0
7ff47a780000-7ff47a97f000 ---p 0000f000 08:02 23600537                   /usr/lib/x86_64-linux-gnu/libXi.so.6.1.0
7ff47a97f000-7ff47a980000 r--p 0000e000 08:02 23600537                   /usr/lib/x86_64-linux-gnu/libXi.so.6.1.0
7ff47a980000-7ff47a981000 rw-p 0000f000 08:02 23600537                   /usr/lib/x86_64-linux-gnu/libXi.so.6.1.0
7ff47a981000-7ff47a986000 r-xp 00000000 08:02 23600555                   /usr/lib/x86_64-linux-gnu/libXtst.so.6.1.0
7ff47a986000-7ff47ab85000 ---p 00005000 08:02 23600555                   /usr/lib/x86_64-linux-gnu/libXtst.so.6.1.0
7ff47ab85000-7ff47ab86000 r--p 00004000 08:02 23600555                   /usr/lib/x86_64-linux-gnu/libXtst.so.6.1.0
7ff47ab86000-7ff47ab87000 rw-p 00005000 08:02 23600555                   /usr/lib/x86_64-linux-gnu/libXtst.so.6.1.0
7ff47ab87000-7ff47ab90000 r-xp 00000000 08:02 23600549                   /usr/lib/x86_64-linux-gnu/libXrender.so.1.3.0
7ff47ab90000-7ff47ad8f000 ---p 00009000 08:02 23600549                   /usr/lib/x86_64-linux-gnu/libXrender.so.1.3.0
7ff47ad8f000-7ff47ad90000 r--p 00008000 08:02 23600549                   /usr/lib/x86_64-linux-gnu/libXrender.so.1.3.0
7ff47ad90000-7ff47ad91000 rw-p 00009000 08:02 23600549                   /usr/lib/x86_64-linux-gnu/libXrender.so.1.3.0
7ff47ad91000-7ff47ada9000 r--p 00000000 08:02 23600512                   /usr/lib/x86_64-linux-gnu/libX11.so.6.3.0
7ff47ada9000-7ff47ae31000 r-xp 00018000 08:02 23600512                   /usr/lib/x86_64-linux-gnu/libX11.so.6.3.0
7ff47ae31000-7ff47aec5000 r--p 000a0000 08:02 23600512                   /usr/lib/x86_64-linux-gnu/libX11.so.6.3.0
7ff47aec5000-7ff47aec6000 ---p 00134000 08:02 23600512                   /usr/lib/x86_64-linux-gnu/libX11.so.6.3.0
7ff47aec6000-7ff47aec7000 r--p 00134000 08:02 23600512                   /usr/lib/x86_64-linux-gnu/libX11.so.6.3.0
7ff47aec7000-7ff47aecb000 rw-p 00135000 08:02 23600512                   /usr/lib/x86_64-linux-gnu/libX11.so.6.3.0
7ff47aecb000-7ff47aedc000 r-xp 00000000 08:02 23600529                   /usr/lib/x86_64-linux-gnu/libXext.so.6.4.0
7ff47aedc000-7ff47b0db000 ---p 00011000 08:02 23600529                   /usr/lib/x86_64-linux-gnu/libXext.so.6.4.0
7ff47b0db000-7ff47b0dc000 r--p 00010000 08:02 23600529                   /usr/lib/x86_64-linux-gnu/libXext.so.6.4.0
7ff47b0dc000-7ff47b0dd000 rw-p 00011000 08:02 23600529                   /usr/lib/x86_64-linux-gnu/libXext.so.6.4.0
7ff47b0de000-7ff47b0e2000 r--p 00000000 08:02 24250591                   /usr/lib/x86_64-linux-gnu/gio/modules/libdconfsettings.so
7ff47b0e2000-7ff47b0e9000 r-xp 00004000 08:02 24250591                   /usr/lib/x86_64-linux-gnu/gio/modules/libdconfsettings.so
7ff47b0e9000-7ff47b0ec000 r--p 0000b000 08:02 24250591                   /usr/lib/x86_64-linux-gnu/gio/modules/libdconfsettings.so
7ff47b0ec000-7ff47b0ed000 ---p 0000e000 08:02 24250591                   /usr/lib/x86_64-linux-gnu/gio/modules/libdconfsettings.so
7ff47b0ed000-7ff47b0ee000 r--p 0000e000 08:02 24250591                   /usr/lib/x86_64-linux-gnu/gio/modules/libdconfsettings.so
7ff47b0ee000-7ff47b0ef000 rw-p 0000f000 08:02 24250591                   /usr/lib/x86_64-linux-gnu/gio/modules/libdconfsettings.so
7ff47b0ef000-7ff47b0ff000 r--p 00000000 08:02 23990632                   /usr/lib/jvm/java-11-openjdk-amd64/lib/libawt_xawt.so
7ff47b0ff000-7ff47b13c000 r-xp 00010000 08:02 23990632                   /usr/lib/jvm/java-11-openjdk-amd64/lib/libawt_xawt.so
7ff47b13c000-7ff47b14e000 r--p 0004d000 08:02 23990632                   /usr/lib/jvm/java-11-openjdk-amd64/lib/libawt_xawt.so
7ff47b14e000-7ff47b14f000 r--p 0005e000 08:02 23990632                   /usr/lib/jvm/java-11-openjdk-amd64/lib/libawt_xawt.so
7ff47b14f000-7ff47b152000 rw-p 0005f000 08:02 23990632                   /usr/lib/jvm/java-11-openjdk-amd64/lib/libawt_xawt.so
7ff47b152000-7ff47b154000 rw-p 00000000 00:00 0 
7ff47b154000-7ff47b180000 r--p 00000000 08:02 23990630                   /usr/lib/jvm/java-11-openjdk-amd64/lib/libawt.so
7ff47b180000-7ff47b1e7000 r-xp 0002c000 08:02 23990630                   /usr/lib/jvm/java-11-openjdk-amd64/lib/libawt.so
7ff47b1e7000-7ff47b1f4000 r--p 00093000 08:02 23990630                   /usr/lib/jvm/java-11-openjdk-amd64/lib/libawt.so
7ff47b1f4000-7ff47b1f5000 r--p 0009f000 08:02 23990630                   /usr/lib/jvm/java-11-openjdk-amd64/lib/libawt.so
7ff47b1f5000-7ff47b200000 rw-p 000a0000 08:02 23990630                   /usr/lib/jvm/java-11-openjdk-amd64/lib/libawt.so
7ff47b200000-7ff47b225000 rw-p 00000000 00:00 0 
7ff47b225000-7ff47c000000 r--p 00000000 08:02 23600058                   /usr/lib/locale/locale-archive
7ff47c000000-7ff47c021000 rw-p 00000000 00:00 0 
7ff47c021000-7ff480000000 ---p 00000000 00:00 0 
7ff480000000-7ff480021000 rw-p 00000000 00:00 0 
7ff480021000-7ff484000000 ---p 00000000 00:00 0 
7ff484000000-7ff484021000 rw-p 00000000 00:00 0 
7ff484021000-7ff488000000 ---p 00000000 00:00 0 
7ff488000000-7ff488021000 rw-p 00000000 00:00 0 
7ff488021000-7ff48c000000 ---p 00000000 00:00 0 
7ff48c000000-7ff48c021000 rw-p 00000000 00:00 0 
7ff48c021000-7ff490000000 ---p 00000000 00:00 0 
7ff490000000-7ff490021000 rw-p 00000000 00:00 0 
7ff490021000-7ff494000000 ---p 00000000 00:00 0 
7ff494000000-7ff494021000 rw-p 00000000 00:00 0 
7ff494021000-7ff498000000 ---p 00000000 00:00 0 
7ff498003000-7ff498006000 r--p 00000000 08:02 24906143                   /home/kramer/.config/dconf/user
7ff498006000-7ff498037000 rw-p 00000000 00:00 0 
7ff498037000-7ff49803b000 ---p 00000000 00:00 0 
7ff49803b000-7ff498138000 rw-p 00000000 00:00 0 
7ff498138000-7ff498139000 ---p 00000000 00:00 0 
7ff498139000-7ff49823a000 rw-p 00000000 00:00 0 
7ff49823a000-7ff49823e000 ---p 00000000 00:00 0 
7ff49823e000-7ff49833b000 rw-p 00000000 00:00 0 
7ff49833b000-7ff49833f000 ---p 00000000 00:00 0 
7ff49833f000-7ff49843c000 rw-p 00000000 00:00 0 
7ff49843c000-7ff498440000 ---p 00000000 00:00 0 
7ff498440000-7ff49853d000 rw-p 00000000 00:00 0 
7ff49853d000-7ff498541000 ---p 00000000 00:00 0 
7ff498541000-7ff49863e000 rw-p 00000000 00:00 0 
7ff49863e000-7ff498642000 ---p 00000000 00:00 0 
7ff498642000-7ff49873f000 rw-p 00000000 00:00 0 
7ff49873f000-7ff498743000 ---p 00000000 00:00 0 
7ff498743000-7ff498840000 rw-p 00000000 00:00 0 
7ff498840000-7ff498844000 ---p 00000000 00:00 0 
7ff498844000-7ff498941000 rw-p 00000000 00:00 0 
7ff498941000-7ff498942000 ---p 00000000 00:00 0 
7ff498942000-7ff498f84000 rw-p 00000000 00:00 0 
7ff498f84000-7ff4992c4000 ---p 00000000 00:00 0 
7ff4992c4000-7ff4992c5000 ---p 00000000 00:00 0 
7ff4992c5000-7ff4993c6000 rw-p 00000000 00:00 0 
7ff4993c6000-7ff4993c7000 ---p 00000000 00:00 0 
7ff4993c7000-7ff49b8cc000 rw-p 00000000 00:00 0 
7ff49b8cc000-7ff49b8cd000 ---p 00000000 00:00 0 
7ff49b8cd000-7ff49b9ce000 rw-p 00000000 00:00 0 
7ff49b9ce000-7ff49b9cf000 ---p 00000000 00:00 0 
7ff49b9cf000-7ff49bcc0000 rw-p 00000000 00:00 0 
7ff49bcc0000-7ff49d988000 ---p 00000000 00:00 0 
7ff49d988000-7ff49db80000 rw-p 00000000 00:00 0 
7ff49db80000-7ff49f848000 ---p 00000000 00:00 0 
7ff49f848000-7ff49f88e000 rw-p 00000000 00:00 0 
7ff49f88e000-7ff49fc27000 ---p 00000000 00:00 0 
7ff49fc27000-7ff49fc66000 rw-p 00000000 00:00 0 
7ff49fc66000-7ff49ffff000 ---p 00000000 00:00 0 
7ff49ffff000-7ff4a0000000 rw-p 00000000 00:00 0 
7ff4a0000000-7ff4a0021000 rw-p 00000000 00:00 0 
7ff4a0021000-7ff4a4000000 ---p 00000000 00:00 0 
7ff4a4002000-7ff4a4003000 r--s 00000000 00:35 53                         /run/user/1000/dconf/user
7ff4a4003000-7ff4a4004000 r--p 00000000 08:02 25823354                   /usr/share/locale-langpack/en_AU/LC_MESSAGES/glib20.mo
7ff4a4004000-7ff4a4008000 r--p 00000000 08:02 23990653                   /usr/lib/jvm/java-11-openjdk-amd64/lib/libnet.so
7ff4a4008000-7ff4a4017000 r-xp 00004000 08:02 23990653                   /usr/lib/jvm/java-11-openjdk-amd64/lib/libnet.so
7ff4a4017000-7ff4a401b000 r--p 00013000 08:02 23990653                   /usr/lib/jvm/java-11-openjdk-amd64/lib/libnet.so
7ff4a401b000-7ff4a401c000 r--p 00016000 08:02 23990653                   /usr/lib/jvm/java-11-openjdk-amd64/lib/libnet.so
7ff4a401c000-7ff4a401d000 rw-p 00017000 08:02 23990653                   /usr/lib/jvm/java-11-openjdk-amd64/lib/libnet.so
7ff4a401d000-7ff4a40b6000 rw-p 00000000 00:00 0 
7ff4a40b6000-7ff4a444f000 ---p 00000000 00:00 0 
7ff4a444f000-7ff4a4854000 rw-p 00000000 00:00 0 
7ff4a4854000-7ff4a4855000 ---p 00000000 00:00 0 
7ff4a4855000-7ff4a4956000 rw-p 00000000 00:00 0 
7ff4a4956000-7ff4a4bc6000 rwxp 00000000 00:00 0 
7ff4a4bc6000-7ff4a4ee6000 ---p 00000000 00:00 0 
7ff4a4ee6000-7ff4a5156000 rwxp 00000000 00:00 0 
7ff4a5156000-7ff4ac41e000 ---p 00000000 00:00 0 
7ff4ac41e000-7ff4ac68e000 rwxp 00000000 00:00 0 
7ff4ac68e000-7ff4b3956000 ---p 00000000 00:00 0 
7ff4b3956000-7ff4bc000000 r--s 00000000 08:02 23990663                   /usr/lib/jvm/java-11-openjdk-amd64/lib/modules
7ff4bc000000-7ff4bc403000 rw-p 00000000 00:00 0 
7ff4bc403000-7ff4c0000000 ---p 00000000 00:00 0 
7ff4c0000000-7ff4c0002000 r--p 00000000 08:02 23601822                   /usr/lib/x86_64-linux-gnu/libuuid.so.1.3.0
7ff4c0002000-7ff4c0006000 r-xp 00002000 08:02 23601822                   /usr/lib/x86_64-linux-gnu/libuuid.so.1.3.0
7ff4c0006000-7ff4c0007000 r--p 00006000 08:02 23601822                   /usr/lib/x86_64-linux-gnu/libuuid.so.1.3.0
7ff4c0007000-7ff4c0008000 r--p 00006000 08:02 23601822                   /usr/lib/x86_64-linux-gnu/libuuid.so.1.3.0
7ff4c0008000-7ff4c0009000 rw-p 00007000 08:02 23601822                   /usr/lib/x86_64-linux-gnu/libuuid.so.1.3.0
7ff4c0009000-7ff4c000a000 r--p 00000000 08:02 23593407                   /usr/lib/x86_64-linux-gnu/libgmodule-2.0.so.0.6000.0
7ff4c000a000-7ff4c000c000 r-xp 00001000 08:02 23593407                   /usr/lib/x86_64-linux-gnu/libgmodule-2.0.so.0.6000.0
7ff4c000c000-7ff4c000d000 r--p 00003000 08:02 23593407                   /usr/lib/x86_64-linux-gnu/libgmodule-2.0.so.0.6000.0
7ff4c000d000-7ff4c000e000 r--p 00003000 08:02 23593407                   /usr/lib/x86_64-linux-gnu/libgmodule-2.0.so.0.6000.0
7ff4c000e000-7ff4c000f000 rw-p 00004000 08:02 23593407                   /usr/lib/x86_64-linux-gnu/libgmodule-2.0.so.0.6000.0
7ff4c000f000-7ff4c0016000 r--p 00000000 08:02 23990654                   /usr/lib/jvm/java-11-openjdk-amd64/lib/libnio.so
7ff4c0016000-7ff4c001d000 r-xp 00007000 08:02 23990654                   /usr/lib/jvm/java-11-openjdk-amd64/lib/libnio.so
7ff4c001d000-7ff4c0020000 r--p 0000e000 08:02 23990654                   /usr/lib/jvm/java-11-openjdk-amd64/lib/libnio.so
7ff4c0020000-7ff4c0021000 r--p 00010000 08:02 23990654                   /usr/lib/jvm/java-11-openjdk-amd64/lib/libnio.so
7ff4c0021000-7ff4c0022000 rw-p 00011000 08:02 23990654                   /usr/lib/jvm/java-11-openjdk-amd64/lib/libnio.so
7ff4c0022000-7ff4c00d3000 rw-p 00000000 00:00 0 
7ff4c00d3000-7ff4c01b9000 ---p 00000000 00:00 0 
7ff4c01b9000-7ff4c01be000 rw-p 00000000 00:00 0 
7ff4c01be000-7ff4c02a4000 ---p 00000000 00:00 0 
7ff4c02a4000-7ff4c02a9000 rw-p 00000000 00:00 0 
7ff4c02a9000-7ff4c02b0000 ---p 00000000 00:00 0 
7ff4c02b0000-7ff4c02b2000 r--s 00007000 08:02 24382982                   /usr/share/java/java-atk-wrapper.jar
7ff4c02b2000-7ff4c02b4000 r--p 00000000 08:02 23990645                   /usr/lib/jvm/java-11-openjdk-amd64/lib/libjimage.so
7ff4c02b4000-7ff4c02b7000 r-xp 00002000 08:02 23990645                   /usr/lib/jvm/java-11-openjdk-amd64/lib/libjimage.so
7ff4c02b7000-7ff4c02b9000 r--p 00005000 08:02 23990645                   /usr/lib/jvm/java-11-openjdk-amd64/lib/libjimage.so
7ff4c02b9000-7ff4c02ba000 r--p 00006000 08:02 23990645                   /usr/lib/jvm/java-11-openjdk-amd64/lib/libjimage.so
7ff4c02ba000-7ff4c02bb000 rw-p 00007000 08:02 23990645                   /usr/lib/jvm/java-11-openjdk-amd64/lib/libjimage.so
7ff4c02bb000-7ff4c02be000 r--p 00000000 08:02 23601425                   /usr/lib/x86_64-linux-gnu/libnss_files-2.29.so
7ff4c02be000-7ff4c02c5000 r-xp 00003000 08:02 23601425                   /usr/lib/x86_64-linux-gnu/libnss_files-2.29.so
7ff4c02c5000-7ff4c02c7000 r--p 0000a000 08:02 23601425                   /usr/lib/x86_64-linux-gnu/libnss_files-2.29.so
7ff4c02c7000-7ff4c02c8000 r--p 0000b000 08:02 23601425                   /usr/lib/x86_64-linux-gnu/libnss_files-2.29.so
7ff4c02c8000-7ff4c02c9000 rw-p 0000c000 08:02 23601425                   /usr/lib/x86_64-linux-gnu/libnss_files-2.29.so
7ff4c02c9000-7ff4c02cf000 rw-p 00000000 00:00 0 
7ff4c02cf000-7ff4c02d1000 r--p 00000000 08:02 23990662                   /usr/lib/jvm/java-11-openjdk-amd64/lib/libzip.so
7ff4c02d1000-7ff4c02d5000 r-xp 00002000 08:02 23990662                   /usr/lib/jvm/java-11-openjdk-amd64/lib/libzip.so
7ff4c02d5000-7ff4c02d7000 r--p 00006000 08:02 23990662                   /usr/lib/jvm/java-11-openjdk-amd64/lib/libzip.so
7ff4c02d7000-7ff4c02d8000 r--p 00007000 08:02 23990662                   /usr/lib/jvm/java-11-openjdk-amd64/lib/libzip.so
7ff4c02d8000-7ff4c02d9000 rw-p 00008000 08:02 23990662                   /usr/lib/jvm/java-11-openjdk-amd64/lib/libzip.so
7ff4c02d9000-7ff4c02e1000 rw-s 00000000 08:02 2752951                    /tmp/hsperfdata_kramer/18982
7ff4c02e1000-7ff4c02e2000 ---p 00000000 00:00 0 
7ff4c02e2000-7ff4c02e3000 r--p 00000000 00:00 0 
7ff4c02e3000-7ff4c02f0000 r--p 00000000 08:02 23990641                   /usr/lib/jvm/java-11-openjdk-amd64/lib/libjava.so
7ff4c02f0000-7ff4c0305000 r-xp 0000d000 08:02 23990641                   /usr/lib/jvm/java-11-openjdk-amd64/lib/libjava.so
7ff4c0305000-7ff4c030c000 r--p 00022000 08:02 23990641                   /usr/lib/jvm/java-11-openjdk-amd64/lib/libjava.so
7ff4c030c000-7ff4c030d000 r--p 00028000 08:02 23990641                   /usr/lib/jvm/java-11-openjdk-amd64/lib/libjava.so
7ff4c030d000-7ff4c030f000 rw-p 00029000 08:02 23990641                   /usr/lib/jvm/java-11-openjdk-amd64/lib/libjava.so
7ff4c030f000-7ff4c0312000 r--p 00000000 08:02 23601631                   /usr/lib/x86_64-linux-gnu/librt-2.29.so
7ff4c0312000-7ff4c0316000 r-xp 00003000 08:02 23601631                   /usr/lib/x86_64-linux-gnu/librt-2.29.so
7ff4c0316000-7ff4c0318000 r--p 00007000 08:02 23601631                   /usr/lib/x86_64-linux-gnu/librt-2.29.so
7ff4c0318000-7ff4c0319000 r--p 00008000 08:02 23601631                   /usr/lib/x86_64-linux-gnu/librt-2.29.so
7ff4c0319000-7ff4c031a000 rw-p 00009000 08:02 23601631                   /usr/lib/x86_64-linux-gnu/librt-2.29.so
7ff4c031a000-7ff4c031e000 ---p 00000000 00:00 0 
7ff4c031e000-7ff4c041b000 rw-p 00000000 00:00 0 
7ff4c041b000-7ff4c041e000 r--p 00000000 08:02 23596996                   /usr/lib/x86_64-linux-gnu/libgcc_s.so.1
7ff4c041e000-7ff4c042f000 r-xp 00003000 08:02 23596996                   /usr/lib/x86_64-linux-gnu/libgcc_s.so.1
7ff4c042f000-7ff4c0433000 r--p 00014000 08:02 23596996                   /usr/lib/x86_64-linux-gnu/libgcc_s.so.1
7ff4c0433000-7ff4c0434000 r--p 00017000 08:02 23596996                   /usr/lib/x86_64-linux-gnu/libgcc_s.so.1
7ff4c0434000-7ff4c0435000 rw-p 00018000 08:02 23596996                   /usr/lib/x86_64-linux-gnu/libgcc_s.so.1
7ff4c0435000-7ff4c0444000 r--p 00000000 08:02 23601302                   /usr/lib/x86_64-linux-gnu/libm-2.29.so
7ff4c0444000-7ff4c04ea000 r-xp 0000f000 08:02 23601302                   /usr/lib/x86_64-linux-gnu/libm-2.29.so
7ff4c04ea000-7ff4c0581000 r--p 000b5000 08:02 23601302                   /usr/lib/x86_64-linux-gnu/libm-2.29.so
7ff4c0581000-7ff4c0582000 r--p 0014b000 08:02 23601302                   /usr/lib/x86_64-linux-gnu/libm-2.29.so
7ff4c0582000-7ff4c0583000 rw-p 0014c000 08:02 23601302                   /usr/lib/x86_64-linux-gnu/libm-2.29.so
7ff4c0583000-7ff4c0618000 r--p 00000000 08:02 23594558                   /usr/lib/x86_64-linux-gnu/libstdc++.so.6.0.26
7ff4c0618000-7ff4c070a000 r-xp 00095000 08:02 23594558                   /usr/lib/x86_64-linux-gnu/libstdc++.so.6.0.26
7ff4c070a000-7ff4c0753000 r--p 00187000 08:02 23594558                   /usr/lib/x86_64-linux-gnu/libstdc++.so.6.0.26
7ff4c0753000-7ff4c0754000 ---p 001d0000 08:02 23594558                   /usr/lib/x86_64-linux-gnu/libstdc++.so.6.0.26
7ff4c0754000-7ff4c075f000 r--p 001d0000 08:02 23594558                   /usr/lib/x86_64-linux-gnu/libstdc++.so.6.0.26
7ff4c075f000-7ff4c0762000 rw-p 001db000 08:02 23594558                   /usr/lib/x86_64-linux-gnu/libstdc++.so.6.0.26
7ff4c0762000-7ff4c0765000 rw-p 00000000 00:00 0 
7ff4c0765000-7ff4c09d4000 r--p 00000000 08:02 23990668                   /usr/lib/jvm/java-11-openjdk-amd64/lib/server/libjvm.so
7ff4c09d4000-7ff4c14f4000 r-xp 0026f000 08:02 23990668                   /usr/lib/jvm/java-11-openjdk-amd64/lib/server/libjvm.so
7ff4c14f4000-7ff4c172d000 r--p 00d8f000 08:02 23990668                   /usr/lib/jvm/java-11-openjdk-amd64/lib/server/libjvm.so
7ff4c172d000-7ff4c172e000 ---p 00fc8000 08:02 23990668                   /usr/lib/jvm/java-11-openjdk-amd64/lib/server/libjvm.so
7ff4c172e000-7ff4c17eb000 r--p 00fc8000 08:02 23990668                   /usr/lib/jvm/java-11-openjdk-amd64/lib/server/libjvm.so
7ff4c17eb000-7ff4c1824000 rw-p 01085000 08:02 23990668                   /usr/lib/jvm/java-11-openjdk-amd64/lib/server/libjvm.so
7ff4c1824000-7ff4c187c000 rw-p 00000000 00:00 0 
7ff4c187c000-7ff4c1883000 r--p 00000000 08:02 23601565                   /usr/lib/x86_64-linux-gnu/libpthread-2.29.so
7ff4c1883000-7ff4c1892000 r-xp 00007000 08:02 23601565                   /usr/lib/x86_64-linux-gnu/libpthread-2.29.so
7ff4c1892000-7ff4c1897000 r--p 00016000 08:02 23601565                   /usr/lib/x86_64-linux-gnu/libpthread-2.29.so
7ff4c1897000-7ff4c1898000 r--p 0001a000 08:02 23601565                   /usr/lib/x86_64-linux-gnu/libpthread-2.29.so
7ff4c1898000-7ff4c1899000 rw-p 0001b000 08:02 23601565                   /usr/lib/x86_64-linux-gnu/libpthread-2.29.so
7ff4c1899000-7ff4c189d000 rw-p 00000000 00:00 0 
7ff4c189d000-7ff4c189e000 r--p 00000000 08:02 23600824                   /usr/lib/x86_64-linux-gnu/libdl-2.29.so
7ff4c189e000-7ff4c18a0000 r-xp 00001000 08:02 23600824                   /usr/lib/x86_64-linux-gnu/libdl-2.29.so
7ff4c18a0000-7ff4c18a1000 r--p 00003000 08:02 23600824                   /usr/lib/x86_64-linux-gnu/libdl-2.29.so
7ff4c18a1000-7ff4c18a2000 r--p 00003000 08:02 23600824                   /usr/lib/x86_64-linux-gnu/libdl-2.29.so
7ff4c18a2000-7ff4c18a3000 rw-p 00004000 08:02 23600824                   /usr/lib/x86_64-linux-gnu/libdl-2.29.so
7ff4c18a3000-7ff4c18a5000 r--p 00000000 08:02 23601962                   /usr/lib/x86_64-linux-gnu/libz.so.1.2.11
7ff4c18a5000-7ff4c18b6000 r-xp 00002000 08:02 23601962                   /usr/lib/x86_64-linux-gnu/libz.so.1.2.11
7ff4c18b6000-7ff4c18bc000 r--p 00013000 08:02 23601962                   /usr/lib/x86_64-linux-gnu/libz.so.1.2.11
7ff4c18bc000-7ff4c18bd000 ---p 00019000 08:02 23601962                   /usr/lib/x86_64-linux-gnu/libz.so.1.2.11
7ff4c18bd000-7ff4c18be000 r--p 00019000 08:02 23601962                   /usr/lib/x86_64-linux-gnu/libz.so.1.2.11
7ff4c18be000-7ff4c18bf000 rw-p 0001a000 08:02 23601962                   /usr/lib/x86_64-linux-gnu/libz.so.1.2.11
7ff4c18bf000-7ff4c18e4000 r--p 00000000 08:02 23600687                   /usr/lib/x86_64-linux-gnu/libc-2.29.so
7ff4c18e4000-7ff4c1a57000 r-xp 00025000 08:02 23600687                   /usr/lib/x86_64-linux-gnu/libc-2.29.so
7ff4c1a57000-7ff4c1aa0000 r--p 00198000 08:02 23600687                   /usr/lib/x86_64-linux-gnu/libc-2.29.so
7ff4c1aa0000-7ff4c1aa3000 r--p 001e0000 08:02 23600687                   /usr/lib/x86_64-linux-gnu/libc-2.29.so
7ff4c1aa3000-7ff4c1aa6000 rw-p 001e3000 08:02 23600687                   /usr/lib/x86_64-linux-gnu/libc-2.29.so
7ff4c1aa6000-7ff4c1aaa000 rw-p 00000000 00:00 0 
7ff4c1aaa000-7ff4c1aab000 r--p 00000000 08:02 25823436                   /usr/share/locale-langpack/en_AU/LC_MESSAGES/libc.mo
7ff4c1aab000-7ff4c1ab0000 r--p 00000000 08:02 23990661                   /usr/lib/jvm/java-11-openjdk-amd64/lib/libverify.so
7ff4c1ab0000-7ff4c1ab7000 r-xp 00005000 08:02 23990661                   /usr/lib/jvm/java-11-openjdk-amd64/lib/libverify.so
7ff4c1ab7000-7ff4c1ab9000 r--p 0000c000 08:02 23990661                   /usr/lib/jvm/java-11-openjdk-amd64/lib/libverify.so
7ff4c1ab9000-7ff4c1abb000 r--p 0000d000 08:02 23990661                   /usr/lib/jvm/java-11-openjdk-amd64/lib/libverify.so
7ff4c1abb000-7ff4c1abc000 rw-p 0000f000 08:02 23990661                   /usr/lib/jvm/java-11-openjdk-amd64/lib/libverify.so
7ff4c1abc000-7ff4c1abf000 r--p 00000000 08:02 23990625                   /usr/lib/jvm/java-11-openjdk-amd64/lib/jli/libjli.so
7ff4c1abf000-7ff4c1ac9000 r-xp 00003000 08:02 23990625                   /usr/lib/jvm/java-11-openjdk-amd64/lib/jli/libjli.so
7ff4c1ac9000-7ff4c1acc000 r--p 0000d000 08:02 23990625                   /usr/lib/jvm/java-11-openjdk-amd64/lib/jli/libjli.so
7ff4c1acc000-7ff4c1acd000 r--p 0000f000 08:02 23990625                   /usr/lib/jvm/java-11-openjdk-amd64/lib/jli/libjli.so
7ff4c1acd000-7ff4c1ace000 rw-p 00010000 08:02 23990625                   /usr/lib/jvm/java-11-openjdk-amd64/lib/jli/libjli.so
7ff4c1ace000-7ff4c1ad0000 rw-p 00000000 00:00 0 
7ff4c1ad0000-7ff4c1ad1000 r--p 00000000 08:02 23600471                   /usr/lib/x86_64-linux-gnu/ld-2.29.so
7ff4c1ad1000-7ff4c1af2000 r-xp 00001000 08:02 23600471                   /usr/lib/x86_64-linux-gnu/ld-2.29.so
7ff4c1af2000-7ff4c1afa000 r--p 00022000 08:02 23600471                   /usr/lib/x86_64-linux-gnu/ld-2.29.so
7ff4c1afa000-7ff4c1afb000 r--p 00029000 08:02 23600471                   /usr/lib/x86_64-linux-gnu/ld-2.29.so
7ff4c1afb000-7ff4c1afc000 rw-p 0002a000 08:02 23600471                   /usr/lib/x86_64-linux-gnu/ld-2.29.so
7ff4c1afc000-7ff4c1afd000 rw-p 00000000 00:00 0 
7fffe69ea000-7fffe6a0c000 rw-p 00000000 00:00 0                          [stack]
7fffe6bf5000-7fffe6bf8000 r--p 00000000 00:00 0                          [vvar]
7fffe6bf8000-7fffe6bf9000 r-xp 00000000 00:00 0                          [vdso]
ffffffffff600000-ffffffffff601000 r-xp 00000000 00:00 0                  [vsyscall]


VM Arguments:
jvm_args: -Dfile.encoding=UTF-8 -Duser.country=AU -Duser.language=en -Duser.variant 
java_command: ExampleSwingApp
java_class_path (initial): /home/kramer/Downloads/RobotArena-master/RobotAreana/start/build/classes/java/main:/home/kramer/Downloads/RobotArena-master/RobotAreana/start/build/classes/groovy/main:/home/kramer/Downloads/RobotArena-master/RobotAreana/start/build/resources/main:/home/kramer/Downloads/RobotArena-master/RobotAreana/AIBasic/build/libs/AIBasic.jar:/home/kramer/Downloads/RobotArena-master/RobotAreana/robot/build/libs/robot.jar:/home/kramer/Downloads/RobotArena-master/RobotAreana/main/build/libs/main.jar
Launcher Type: SUN_STANDARD

[Global flags]
     intx CICompilerCount                          = 3                                         {product} {ergonomic}
     uint ConcGCThreads                            = 1                                         {product} {ergonomic}
     uint G1ConcRefinementThreads                  = 4                                         {product} {ergonomic}
   size_t G1HeapRegionSize                         = 1048576                                   {product} {ergonomic}
    uintx GCDrainStackTargetSize                   = 64                                        {product} {ergonomic}
   size_t InitialHeapSize                          = 130023424                                 {product} {ergonomic}
   size_t MarkStackSize                            = 4194304                                   {product} {ergonomic}
   size_t MaxHeapSize                              = 2063597568                                {product} {ergonomic}
   size_t MaxNewSize                               = 1237319680                                {product} {ergonomic}
   size_t MinHeapDeltaBytes                        = 1048576                                   {product} {ergonomic}
    uintx NonNMethodCodeHeapSize                   = 5830092                                {pd product} {ergonomic}
    uintx NonProfiledCodeHeapSize                  = 122914074                              {pd product} {ergonomic}
    uintx ProfiledCodeHeapSize                     = 122914074                              {pd product} {ergonomic}
    uintx ReservedCodeCacheSize                    = 251658240                              {pd product} {ergonomic}
     bool SegmentedCodeCache                       = true                                      {product} {ergonomic}
     bool UseCompressedClassPointers               = true                                 {lp64_product} {ergonomic}
     bool UseCompressedOops                        = true                                 {lp64_product} {ergonomic}
     bool UseG1GC                                  = true                                      {product} {ergonomic}

Logging:
Log output configuration:
 #0: stdout all=warning uptime,level,tags
 #1: stderr all=off uptime,level,tags

Environment Variables:
PATH=/home/kramer/.local/bin:/usr/local/sbin:/usr/local/bin:/usr/sbin:/usr/bin:/sbin:/bin:/usr/games:/usr/local/games:/snap/bin
USERNAME=kramer
LD_LIBRARY_PATH=/home/kramer/Downloads/RobotArena-master/RobotAreana/AIBasic/build/libs/mynativelibrary/shared
SHELL=/bin/bash
DISPLAY=:0

Signal Handlers:
SIGSEGV: [libjvm.so+0xd1cc80], sa_mask[0]=11111111011111111101111111111110, sa_flags=SA_RESTART|SA_SIGINFO
SIGBUS: [libjvm.so+0xd1cc80], sa_mask[0]=11111111011111111101111111111110, sa_flags=SA_RESTART|SA_SIGINFO
SIGFPE: [libjvm.so+0xd1cc80], sa_mask[0]=11111111011111111101111111111110, sa_flags=SA_RESTART|SA_SIGINFO
SIGPIPE: SIG_IGN, sa_mask[0]=00000000000010000000000000000000, sa_flags=SA_RESTART
SIGXFSZ: [libjvm.so+0xb239a0], sa_mask[0]=11111111011111111101111111111110, sa_flags=SA_RESTART|SA_SIGINFO
SIGILL: [libjvm.so+0xd1cc80], sa_mask[0]=11111111011111111101111111111110, sa_flags=SA_RESTART|SA_SIGINFO
SIGUSR2: [libjvm.so+0xb23830], sa_mask[0]=00100000000000000000000000000000, sa_flags=SA_RESTART|SA_SIGINFO
SIGHUP: [libjvm.so+0xb23ce0], sa_mask[0]=11111111011111111101111111111110, sa_flags=SA_RESTART|SA_SIGINFO
SIGINT: [libjvm.so+0xb23ce0], sa_mask[0]=11111111011111111101111111111110, sa_flags=SA_RESTART|SA_SIGINFO
SIGTERM: [libjvm.so+0xb23ce0], sa_mask[0]=11111111011111111101111111111110, sa_flags=SA_RESTART|SA_SIGINFO
SIGQUIT: [libjvm.so+0xb23ce0], sa_mask[0]=11111111011111111101111111111110, sa_flags=SA_RESTART|SA_SIGINFO


---------------  S Y S T E M  ---------------

OS:DISTRIB_ID=Ubuntu
DISTRIB_RELEASE=19.04
DISTRIB_CODENAME=disco
DISTRIB_DESCRIPTION="Ubuntu 19.04"
uname:Linux 5.0.0-32-generic #34-Ubuntu SMP Wed Oct 2 02:06:48 UTC 2019 x86_64
libc:glibc 2.29 NPTL 2.29 
rlimit: STACK 8192k, CORE 0k, NPROC 31283, NOFILE 524288, AS infinity, DATA infinity, FSIZE infinity
load average:2.96 2.78 2.56

/proc/meminfo:
MemTotal:        8057228 kB
MemFree:          901644 kB
MemAvailable:    2953204 kB
Buffers:          173048 kB
Cached:          2148664 kB
SwapCached:            0 kB
Active:          5194072 kB
Inactive:        1505164 kB
Active(anon):    4303984 kB
Inactive(anon):   197460 kB
Active(file):     890088 kB
Inactive(file):  1307704 kB
Unevictable:        3452 kB
Mlocked:              16 kB
SwapTotal:       2097148 kB
SwapFree:        2097148 kB
Dirty:              4600 kB
Writeback:             0 kB
AnonPages:       4380932 kB
Mapped:           709008 kB
Shmem:            203040 kB
KReclaimable:     148104 kB
Slab:             252676 kB
SReclaimable:     148104 kB
SUnreclaim:       104572 kB
KernelStack:       17424 kB
PageTables:        43432 kB
NFS_Unstable:          0 kB
Bounce:                0 kB
WritebackTmp:          0 kB
CommitLimit:     6125760 kB
Committed_AS:   17113604 kB
VmallocTotal:   34359738367 kB
VmallocUsed:           0 kB
VmallocChunk:          0 kB
Percpu:             2240 kB
HardwareCorrupted:     0 kB
AnonHugePages:         0 kB
ShmemHugePages:        0 kB
ShmemPmdMapped:        0 kB
CmaTotal:              0 kB
CmaFree:               0 kB
HugePages_Total:       0
HugePages_Free:        0
HugePages_Rsvd:        0
HugePages_Surp:        0
Hugepagesize:       2048 kB
Hugetlb:               0 kB
DirectMap4k:      272944 kB
DirectMap2M:     6959104 kB
DirectMap1G:     1048576 kB


/proc/sys/kernel/threads-max (system-wide limit on the number of threads):
62566


/proc/sys/vm/max_map_count (maximum number of memory map areas a process may have):
65530


/proc/sys/kernel/pid_max (system-wide limit on number of process identifiers):
32768



container (cgroup) information:
container_type: cgroupv1
cpu_cpuset_cpus: 0-3
cpu_memory_nodes: 0
active_processor_count: 4
cpu_quota: -1
cpu_period: 100000
cpu_shares: -1
memory_limit_in_bytes: -1
memory_and_swap_limit_in_bytes: -2
memory_soft_limit_in_bytes: -1
memory_usage_in_bytes: 1295089664
memory_max_usage_in_bytes: 1295310848

Steal ticks since vm start: 0
Steal ticks percentage since vm start:  0.000

CPU:total 4 (initial active 4) (4 cores per cpu, 1 threads per core) family 6 model 60 stepping 3, cmov, cx8, fxsr, mmx, sse, sse2, sse3, ssse3, sse4.1, sse4.2, popcnt, avx, avx2, aes, clmul, erms, lzcnt, tsc, tscinvbit, bmi1, bmi2, fma
CPU Model and flags from /proc/cpuinfo:
model name	: Intel(R) Core(TM) i5-4690 CPU @ 3.50GHz
flags		: fpu vme de pse tsc msr pae mce cx8 apic sep mtrr pge mca cmov pat pse36 clflush dts acpi mmx fxsr sse sse2 ss ht tm pbe syscall nx pdpe1gb rdtscp lm constant_tsc arch_perfmon pebs bts rep_good nopl xtopology nonstop_tsc cpuid aperfmperf pni pclmulqdq dtes64 monitor ds_cpl vmx smx est tm2 ssse3 sdbg fma cx16 xtpr pdcm pcid sse4_1 sse4_2 x2apic movbe popcnt tsc_deadline_timer aes xsave avx f16c rdrand lahf_lm abm cpuid_fault invpcid_single pti ssbd ibrs ibpb stibp tpr_shadow vnmi flexpriority ept vpid ept_ad fsgsbase tsc_adjust bmi1 avx2 smep bmi2 erms invpcid xsaveopt dtherm ida arat pln pts md_clear flush_l1d

Memory: 4k page, physical 8057228k(901644k free), swap 2097148k(2097148k free)

vm_info: OpenJDK 64-Bit Server VM (11.0.4+11-post-Ubuntu-1ubuntu219.04) for linux-amd64 JRE (11.0.4+11-post-Ubuntu-1ubuntu219.04), built on Jul 18 2019 18:21:46 by "buildd" with gcc 8.3.0

END.
