#
# A fatal error has been detected by the Java Runtime Environment:
#
#  SIGSEGV (0xb) at pc=0x00007f080eb9cab5, pid=12681, tid=12706
#
# JRE version: OpenJDK Runtime Environment (11.0.4+11) (build 11.0.4+11-post-Ubuntu-1ubuntu219.04)
# Java VM: OpenJDK 64-Bit Server VM (11.0.4+11-post-Ubuntu-1ubuntu219.04, mixed mode, sharing, tiered, compressed oops, g1 gc, linux-amd64)
# Problematic frame:
# V  [libjvm.so+0x866ab5]
#
# Core dump will be written. Default location: Core dumps may be processed with "/usr/share/apport/apport %p %s %c %d %P" (or dumping to /home/kramer/Downloads/RobotArena-master/RobotAreana/start/core.12681)
#
# If you would like to submit a bug report, please visit:
#   https://bugs.launchpad.net/ubuntu/+source/openjdk-lts
#

---------------  S U M M A R Y ------------

Command Line: -Dfile.encoding=UTF-8 -Duser.country=AU -Duser.language=en -Duser.variant ExampleSwingApp

Host: Intel(R) Core(TM) i5-4690 CPU @ 3.50GHz, 4 cores, 7G, Ubuntu 19.04
Time: Mon Oct 28 19:54:15 2019 AWST elapsed time: 1 seconds (0d 0h 0m 1s)

---------------  T H R E A D  ---------------

Current thread (0x00007f080847c800):  JavaThread "Thomas" [_thread_in_vm, id=12706, stack(0x00007f07ad641000,0x00007f07ad742000)]

Stack: [0x00007f07ad641000,0x00007f07ad742000],  sp=0x00007f07ad7406f0,  free space=1021k
Native frames: (J=compiled Java code, A=aot compiled Java code, j=interpreted, Vv=VM code, C=native code)
V  [libjvm.so+0x866ab5]
V  [libjvm.so+0x866e6e]
C  [libmynativelibrary.so+0x1285]  Java_CRobot_startCPP+0x180
j  CRobot.startCPP(LRobotControl;)V+0
j  CRobot$1.run()V+8
j  java.lang.Thread.run()V+11 java.base@11.0.4
v  ~StubRoutines::call_stub
V  [libjvm.so+0x7f40b1]
V  [libjvm.so+0x7f2550]
V  [libjvm.so+0x7f260b]
V  [libjvm.so+0x88e63c]
V  [libjvm.so+0xcc0060]
V  [libjvm.so+0xcc0350]
V  [libjvm.so+0xcbbee4]
V  [libjvm.so+0xb2cbee]

Java frames: (J=compiled Java code, j=interpreted, Vv=VM code)
j  CRobot.startCPP(LRobotControl;)V+0
j  CRobot$1.run()V+8
j  java.lang.Thread.run()V+11 java.base@11.0.4
v  ~StubRoutines::call_stub

siginfo: si_signo: 11 (SIGSEGV), si_code: 128 (SI_KERNEL), si_addr: 0x0000000000000000

Register to memory mapping:

RAX=0x8beda7380003588c is an unknown value
RBX=0x00000008004bc768 is pointing into metadata
RCX=0x0000000000009b68 is an unknown value
RDX=0x0000000800a4c414 is pointing into metadata
RSP=0x00007f07ad7406f0 is pointing into the stack for thread: 0x00007f080847c800
RBP=0x00007f07ad740750 is pointing into the stack for thread: 0x00007f080847c800
RSI=0x00007f080847c800 is a thread
RDI=0x000000008beda6c8 points into unknown readable memory: 05 00 00 00 00 00 00 00
R8 =0x00000008004bc768 is pointing into metadata
R9 =0x8beda7380003588c is an unknown value
R10=0x0000000800a4c41c is pointing into metadata
R11=0x0000000800000000 is pointing into metadata
R12=0x00000008004c0908 is pointing into metadata
R13=0x00007f07f0005067: <offset 0x0000000000002067> in /home/kramer/Downloads/RobotArena-master/RobotAreana/AIBasic/build/libs/mynativelibrary/shared/libmynativelibrary.so at 0x00007f07f0003000
R14=0x00007f080847c800 is a thread
R15=0x00007f0784000cd8 points into unknown readable memory: c8 a6 ed 8b 00 00 00 00


Registers:
RAX=0x8beda7380003588c, RBX=0x00000008004bc768, RCX=0x0000000000009b68, RDX=0x0000000800a4c414
RSP=0x00007f07ad7406f0, RBP=0x00007f07ad740750, RSI=0x00007f080847c800, RDI=0x000000008beda6c8
R8 =0x00000008004bc768, R9 =0x8beda7380003588c, R10=0x0000000800a4c41c, R11=0x0000000800000000
R12=0x00000008004c0908, R13=0x00007f07f0005067, R14=0x00007f080847c800, R15=0x00007f0784000cd8
RIP=0x00007f080eb9cab5, EFLAGS=0x0000000000010246, CSGSFS=0x002b000000000033, ERR=0x0000000000000000
  TRAPNO=0x000000000000000d

Top of Stack: (sp=0x00007f07ad7406f0)
0x00007f07ad7406f0:   00007f07f0561a00 00007f07ad740770
0x00007f07ad740700:   00007f0700000000 00007f07ad740710
0x00007f07ad740710:   00007f0700009b68 00007f080847c800
0x00007f07ad740720:   00007f07ad740750 00007f080847c800 

Instructions: (pc=0x00007f080eb9cab5)
0x00007f080eb9c9b5:   00 00 00 48 89 45 a0 4c 89 7d c8 e8 eb d0 ff ff
0x00007f080eb9c9c5:   48 83 7d 88 00 74 09 48 8d 7d 80 e8 7b ea 31 00
0x00007f080eb9c9d5:   48 8b bb f0 00 00 00 e8 1f c0 00 00 48 8d bd 68
0x00007f080eb9c9e5:   ff ff ff e8 03 c1 00 00 48 81 c4 88 00 00 00 5b
0x00007f080eb9c9f5:   41 5c 41 5d 41 5e 41 5f 5d c3 90 48 89 df 31 db
0x00007f080eb9ca05:   e8 a6 08 45 00 e9 1c ff ff ff 90 55 48 89 e5 41
0x00007f080eb9ca15:   57 49 89 ff 41 56 4d 89 c6 41 55 49 89 f5 41 54
0x00007f080eb9ca25:   49 89 f4 53 48 89 d3 48 83 ec 38 89 4d b0 48 85
0x00007f080eb9ca35:   f6 0f 84 6c 02 00 00 4c 89 e7 e8 dc 89 a0 ff 48
0x00007f080eb9ca45:   8d 4d c0 4c 89 e7 48 89 ca 89 c6 48 89 4d b8 e8
0x00007f080eb9ca55:   a7 56 41 00 48 89 df 49 89 c4 e8 bc 89 a0 ff 48
0x00007f080eb9ca65:   8b 55 b8 48 89 df 89 c6 e8 8e 56 41 00 48 89 c3
0x00007f080eb9ca75:   48 85 c0 0f 84 b2 01 00 00 4d 85 e4 0f 84 a9 01
0x00007f080eb9ca85:   00 00 4c 89 ff e8 d1 c1 00 00 48 89 c7 e8 f9 0e
0x00007f080eb9ca95:   f9 ff 84 c0 0f 85 01 01 00 00 4c 89 ff e8 b9 c1
0x00007f080eb9caa5:   00 00 48 89 c7 e8 c1 0b f9 ff 4c 89 f6 49 89 c1
0x00007f080eb9cab5:   48 8b 00 4c 89 cf 4c 89 4d a8 ff 90 b0 00 00 00
0x00007f080eb9cac5:   4d 8b 7e 08 4d 85 ff 0f 85 f3 00 00 00 48 8d 05
0x00007f080eb9cad5:   67 64 8a 00 4c 8b 4d a8 4c 3b a0 b0 0a 00 00 0f
0x00007f080eb9cae5:   84 7e 01 00 00 4c 3b a0 b8 0a 00 00 0f 84 71 01
0x00007f080eb9caf5:   00 00 49 8b 01 45 31 c0 31 c9 48 89 da 4c 89 cf
0x00007f080eb9cb05:   4c 89 e6 ff 90 c0 00 00 00 4c 8b 4d a8 48 85 c0
0x00007f080eb9cb15:   48 89 c2 0f 84 da 00 00 00 8b 42 20 c1 e8 03 83
0x00007f080eb9cb25:   e0 01 3a 45 b0 0f 85 d8 00 00 00 48 8b 42 08 48
0x00007f080eb9cb35:   89 55 b0 48 8b 40 08 4c 8b 68 18 48 89 55 c0 66
0x00007f080eb9cb45:   48 8d 3d 74 f4 81 00 66 66 48 e8 ac 89 a0 ff 48
0x00007f080eb9cb55:   8b 55 b0 48 8b 00 48 89 45 c8 4c 8b b0 80 02 00
0x00007f080eb9cb65:   00 49 63 36 41 3b 76 04 0f 84 6d 01 00 00 8d 46
0x00007f080eb9cb75:   01 4c 89 ef 41 89 06 49 8b 46 18 4c 8b 75 b8 48
0x00007f080eb9cb85:   89 14 f0 4c 89 f6 e8 d0 63 f6 ff 4c 89 f7 49 89
0x00007f080eb9cb95:   c7 e8 f5 98 f2 ff eb 2b 0f 1f 00 48 8d 05 99 63
0x00007f080eb9cba5:   8a 00 4d 89 e8 ba 3b 05 00 00 4c 89 f7 48 8d 35 


Stack slot to memory mapping:
stack at sp + 0 slots: {method} {0x00007f07f0561a00} 'getAllRobots' '()Ljava/util/List;' in 'RobotControl'
stack at sp + 1 slots: 0x00007f07ad740770 is pointing into the stack for thread: 0x00007f080847c800
stack at sp + 2 slots: 0x00007f0700000000 is an unknown value
stack at sp + 3 slots: 0x00007f07ad740710 is pointing into the stack for thread: 0x00007f080847c800
stack at sp + 4 slots: 0x00007f0700009b68 is an unknown value
stack at sp + 5 slots: 0x00007f080847c800 is a thread
stack at sp + 6 slots: 0x00007f07ad740750 is pointing into the stack for thread: 0x00007f080847c800
stack at sp + 7 slots: 0x00007f080847c800 is a thread


---------------  P R O C E S S  ---------------

Threads class SMR info:
_java_thread_list=0x00007f08084816a0, length=16, elements={
0x00007f0808011800, 0x00007f0808107000, 0x00007f0808109000, 0x00007f080810e800,
0x00007f0808110800, 0x00007f0808112800, 0x00007f0808114800, 0x00007f0808144000,
0x00007f080814c000, 0x00007f08082e2000, 0x00007f08082e4000, 0x00007f07b83ed800,
0x00007f0808474800, 0x00007f080847c800, 0x00007f080847f000, 0x00007f0808480000
}

Java Threads: ( => current thread )
  0x00007f0808011800 JavaThread "main" [_thread_blocked, id=12682, stack(0x00007f080deeb000,0x00007f080dfec000)]
  0x00007f0808107000 JavaThread "Reference Handler" daemon [_thread_blocked, id=12689, stack(0x00007f080c07a000,0x00007f080c17b000)]
  0x00007f0808109000 JavaThread "Finalizer" daemon [_thread_blocked, id=12690, stack(0x00007f07f0055000,0x00007f07f0156000)]
  0x00007f080810e800 JavaThread "Signal Dispatcher" daemon [_thread_blocked, id=12691, stack(0x00007f07e817f000,0x00007f07e8280000)]
  0x00007f0808110800 JavaThread "C2 CompilerThread0" daemon [_thread_blocked, id=12692, stack(0x00007f07e807e000,0x00007f07e817f000)]
  0x00007f0808112800 JavaThread "C1 CompilerThread0" daemon [_thread_blocked, id=12693, stack(0x00007f07e1124000,0x00007f07e1225000)]
  0x00007f0808114800 JavaThread "Sweeper thread" daemon [_thread_blocked, id=12694, stack(0x00007f07e1023000,0x00007f07e1124000)]
  0x00007f0808144000 JavaThread "Service Thread" daemon [_thread_blocked, id=12696, stack(0x00007f07e0f22000,0x00007f07e1023000)]
  0x00007f080814c000 JavaThread "Common-Cleaner" daemon [_thread_blocked, id=12698, stack(0x00007f07e0d1f000,0x00007f07e0e20000)]
  0x00007f08082e2000 JavaThread "Java2D Disposer" daemon [_thread_blocked, id=12702, stack(0x00007f07adaa6000,0x00007f07adba7000)]
  0x00007f08082e4000 JavaThread "AWT-XAWT" daemon [_thread_in_native, id=12703, stack(0x00007f07ad944000,0x00007f07ada45000)]
  0x00007f07b83ed800 JavaThread "C2 CompilerThread1" daemon [_thread_blocked, id=12704, stack(0x00007f07ad843000,0x00007f07ad944000)]
  0x00007f0808474800 JavaThread "Image Fetcher 0" daemon [_thread_blocked, id=12705, stack(0x00007f07ad742000,0x00007f07ad843000)]
=>0x00007f080847c800 JavaThread "Thomas" [_thread_in_vm, id=12706, stack(0x00007f07ad641000,0x00007f07ad742000)]
  0x00007f080847f000 JavaThread "Thomas" [_thread_blocked, id=12707, stack(0x00007f07ad540000,0x00007f07ad641000)]
  0x00007f0808480000 JavaThread "Thomas" [_thread_blocked, id=12710, stack(0x00007f07ad43f000,0x00007f07ad540000)]

Other Threads:
  0x00007f0808104000 VMThread "VM Thread" [stack: 0x00007f080c17d000,0x00007f080c27d000] [id=12688]
  0x00007f0808146800 WatcherThread [stack: 0x00007f07e0e22000,0x00007f07e0f22000] [id=12697]
  0x00007f0808027000 GCTaskThread "GC Thread#0" [stack: 0x00007f080db9f000,0x00007f080dc9f000] [id=12683]
  0x00007f0808058000 ConcurrentGCThread "G1 Main Marker" [stack: 0x00007f080cacf000,0x00007f080cbcf000] [id=12684]
  0x00007f080805a000 ConcurrentGCThread "G1 Conc#0" [stack: 0x00007f080c9cd000,0x00007f080cacd000] [id=12685]
  0x00007f08080d2000 ConcurrentGCThread "G1 Refine#0" [stack: 0x00007f080c4c7000,0x00007f080c5c7000] [id=12686]
  0x00007f08080d3800 ConcurrentGCThread "G1 Young RemSet Sampling" [stack: 0x00007f080c3c5000,0x00007f080c4c5000] [id=12687]

Threads with active compile tasks:

VM state:synchronizing (normal execution)

VM Mutex/Monitor currently owned by a thread:  ([mutex/lock_event])
[0x00007f080800e360] Threads_lock - owner thread: 0x00007f0808104000
[0x00007f080800eab0] Heap_lock - owner thread: 0x00007f080847f000

Heap address: 0x0000000085000000, size: 1968 MB, Compressed Oops mode: 32-bit
Narrow klass base: 0x0000000800000000, Narrow klass shift: 3
Compressed class space size: 1073741824 Address: 0x0000000840000000

Heap:
 garbage-first heap   total 129024K, used 23160K [0x0000000085000000, 0x0000000100000000)
  region size 1024K, 14 young (14336K), 0 survivors (0K)
 Metaspace       used 5265K, capacity 5658K, committed 5888K, reserved 1056768K
  class space    used 583K, capacity 767K, committed 768K, reserved 1048576K
Heap Regions: E=young(eden), S=young(survivor), O=old, HS=humongous(starts), HC=humongous(continues), CS=collection set, F=free, A=archive, TAMS=top-at-mark-start (previous, next)
|   0|0x0000000085000000, 0x0000000085100000, 0x0000000085100000|100%|HS|  |TAMS 0x0000000085000000, 0x0000000085000000| Complete 
|   1|0x0000000085100000, 0x0000000085200000, 0x0000000085200000|100%|HC|  |TAMS 0x0000000085100000, 0x0000000085100000| Complete 
|   2|0x0000000085200000, 0x0000000085300000, 0x0000000085300000|100%|HC|  |TAMS 0x0000000085200000, 0x0000000085200000| Complete 
|   3|0x0000000085300000, 0x0000000085400000, 0x0000000085400000|100%|HC|  |TAMS 0x0000000085300000, 0x0000000085300000| Complete 
|   4|0x0000000085400000, 0x0000000085500000, 0x0000000085500000|100%|HC|  |TAMS 0x0000000085400000, 0x0000000085400000| Complete 
|   5|0x0000000085500000, 0x0000000085600000, 0x0000000085600000|100%|HC|  |TAMS 0x0000000085500000, 0x0000000085500000| Complete 
|   6|0x0000000085600000, 0x0000000085700000, 0x0000000085700000|100%|HC|  |TAMS 0x0000000085600000, 0x0000000085600000| Complete 
|   7|0x0000000085700000, 0x0000000085800000, 0x0000000085800000|100%|HC|  |TAMS 0x0000000085700000, 0x0000000085700000| Complete 
|   8|0x0000000085800000, 0x0000000085800000, 0x0000000085900000|  0%| F|  |TAMS 0x0000000085800000, 0x0000000085800000| Untracked 
|   9|0x0000000085900000, 0x0000000085900000, 0x0000000085a00000|  0%| F|  |TAMS 0x0000000085900000, 0x0000000085900000| Untracked 
|  10|0x0000000085a00000, 0x0000000085a00000, 0x0000000085b00000|  0%| F|  |TAMS 0x0000000085a00000, 0x0000000085a00000| Untracked 
|  11|0x0000000085b00000, 0x0000000085b00000, 0x0000000085c00000|  0%| F|  |TAMS 0x0000000085b00000, 0x0000000085b00000| Untracked 
|  12|0x0000000085c00000, 0x0000000085c00000, 0x0000000085d00000|  0%| F|  |TAMS 0x0000000085c00000, 0x0000000085c00000| Untracked 
|  13|0x0000000085d00000, 0x0000000085d00000, 0x0000000085e00000|  0%| F|  |TAMS 0x0000000085d00000, 0x0000000085d00000| Untracked 
|  14|0x0000000085e00000, 0x0000000085e00000, 0x0000000085f00000|  0%| F|  |TAMS 0x0000000085e00000, 0x0000000085e00000| Untracked 
|  15|0x0000000085f00000, 0x0000000085f00000, 0x0000000086000000|  0%| F|  |TAMS 0x0000000085f00000, 0x0000000085f00000| Untracked 
|  16|0x0000000086000000, 0x0000000086000000, 0x0000000086100000|  0%| F|  |TAMS 0x0000000086000000, 0x0000000086000000| Untracked 
|  17|0x0000000086100000, 0x0000000086100000, 0x0000000086200000|  0%| F|  |TAMS 0x0000000086100000, 0x0000000086100000| Untracked 
|  18|0x0000000086200000, 0x0000000086200000, 0x0000000086300000|  0%| F|  |TAMS 0x0000000086200000, 0x0000000086200000| Untracked 
|  19|0x0000000086300000, 0x0000000086300000, 0x0000000086400000|  0%| F|  |TAMS 0x0000000086300000, 0x0000000086300000| Untracked 
|  20|0x0000000086400000, 0x0000000086400000, 0x0000000086500000|  0%| F|  |TAMS 0x0000000086400000, 0x0000000086400000| Untracked 
|  21|0x0000000086500000, 0x0000000086500000, 0x0000000086600000|  0%| F|  |TAMS 0x0000000086500000, 0x0000000086500000| Untracked 
|  22|0x0000000086600000, 0x0000000086600000, 0x0000000086700000|  0%| F|  |TAMS 0x0000000086600000, 0x0000000086600000| Untracked 
|  23|0x0000000086700000, 0x0000000086700000, 0x0000000086800000|  0%| F|  |TAMS 0x0000000086700000, 0x0000000086700000| Untracked 
|  24|0x0000000086800000, 0x0000000086800000, 0x0000000086900000|  0%| F|  |TAMS 0x0000000086800000, 0x0000000086800000| Untracked 
|  25|0x0000000086900000, 0x0000000086900000, 0x0000000086a00000|  0%| F|  |TAMS 0x0000000086900000, 0x0000000086900000| Untracked 
|  26|0x0000000086a00000, 0x0000000086a00000, 0x0000000086b00000|  0%| F|  |TAMS 0x0000000086a00000, 0x0000000086a00000| Untracked 
|  27|0x0000000086b00000, 0x0000000086b00000, 0x0000000086c00000|  0%| F|  |TAMS 0x0000000086b00000, 0x0000000086b00000| Untracked 
|  28|0x0000000086c00000, 0x0000000086c00000, 0x0000000086d00000|  0%| F|  |TAMS 0x0000000086c00000, 0x0000000086c00000| Untracked 
|  29|0x0000000086d00000, 0x0000000086d00000, 0x0000000086e00000|  0%| F|  |TAMS 0x0000000086d00000, 0x0000000086d00000| Untracked 
|  30|0x0000000086e00000, 0x0000000086e00000, 0x0000000086f00000|  0%| F|  |TAMS 0x0000000086e00000, 0x0000000086e00000| Untracked 
|  31|0x0000000086f00000, 0x0000000086f00000, 0x0000000087000000|  0%| F|  |TAMS 0x0000000086f00000, 0x0000000086f00000| Untracked 
|  32|0x0000000087000000, 0x0000000087000000, 0x0000000087100000|  0%| F|  |TAMS 0x0000000087000000, 0x0000000087000000| Untracked 
|  33|0x0000000087100000, 0x0000000087100000, 0x0000000087200000|  0%| F|  |TAMS 0x0000000087100000, 0x0000000087100000| Untracked 
|  34|0x0000000087200000, 0x0000000087200000, 0x0000000087300000|  0%| F|  |TAMS 0x0000000087200000, 0x0000000087200000| Untracked 
|  35|0x0000000087300000, 0x0000000087300000, 0x0000000087400000|  0%| F|  |TAMS 0x0000000087300000, 0x0000000087300000| Untracked 
|  36|0x0000000087400000, 0x0000000087400000, 0x0000000087500000|  0%| F|  |TAMS 0x0000000087400000, 0x0000000087400000| Untracked 
|  37|0x0000000087500000, 0x0000000087500000, 0x0000000087600000|  0%| F|  |TAMS 0x0000000087500000, 0x0000000087500000| Untracked 
|  38|0x0000000087600000, 0x0000000087600000, 0x0000000087700000|  0%| F|  |TAMS 0x0000000087600000, 0x0000000087600000| Untracked 
|  39|0x0000000087700000, 0x0000000087700000, 0x0000000087800000|  0%| F|  |TAMS 0x0000000087700000, 0x0000000087700000| Untracked 
|  40|0x0000000087800000, 0x0000000087800000, 0x0000000087900000|  0%| F|  |TAMS 0x0000000087800000, 0x0000000087800000| Untracked 
|  41|0x0000000087900000, 0x0000000087900000, 0x0000000087a00000|  0%| F|  |TAMS 0x0000000087900000, 0x0000000087900000| Untracked 
|  42|0x0000000087a00000, 0x0000000087a00000, 0x0000000087b00000|  0%| F|  |TAMS 0x0000000087a00000, 0x0000000087a00000| Untracked 
|  43|0x0000000087b00000, 0x0000000087b00000, 0x0000000087c00000|  0%| F|  |TAMS 0x0000000087b00000, 0x0000000087b00000| Untracked 
|  44|0x0000000087c00000, 0x0000000087c00000, 0x0000000087d00000|  0%| F|  |TAMS 0x0000000087c00000, 0x0000000087c00000| Untracked 
|  45|0x0000000087d00000, 0x0000000087d00000, 0x0000000087e00000|  0%| F|  |TAMS 0x0000000087d00000, 0x0000000087d00000| Untracked 
|  46|0x0000000087e00000, 0x0000000087e00000, 0x0000000087f00000|  0%| F|  |TAMS 0x0000000087e00000, 0x0000000087e00000| Untracked 
|  47|0x0000000087f00000, 0x0000000087f00000, 0x0000000088000000|  0%| F|  |TAMS 0x0000000087f00000, 0x0000000087f00000| Untracked 
|  48|0x0000000088000000, 0x0000000088000000, 0x0000000088100000|  0%| F|  |TAMS 0x0000000088000000, 0x0000000088000000| Untracked 
|  49|0x0000000088100000, 0x0000000088100000, 0x0000000088200000|  0%| F|  |TAMS 0x0000000088100000, 0x0000000088100000| Untracked 
|  50|0x0000000088200000, 0x0000000088200000, 0x0000000088300000|  0%| F|  |TAMS 0x0000000088200000, 0x0000000088200000| Untracked 
|  51|0x0000000088300000, 0x0000000088300000, 0x0000000088400000|  0%| F|  |TAMS 0x0000000088300000, 0x0000000088300000| Untracked 
|  52|0x0000000088400000, 0x0000000088400000, 0x0000000088500000|  0%| F|  |TAMS 0x0000000088400000, 0x0000000088400000| Untracked 
|  53|0x0000000088500000, 0x0000000088500000, 0x0000000088600000|  0%| F|  |TAMS 0x0000000088500000, 0x0000000088500000| Untracked 
|  54|0x0000000088600000, 0x0000000088600000, 0x0000000088700000|  0%| F|  |TAMS 0x0000000088600000, 0x0000000088600000| Untracked 
|  55|0x0000000088700000, 0x0000000088700000, 0x0000000088800000|  0%| F|  |TAMS 0x0000000088700000, 0x0000000088700000| Untracked 
|  56|0x0000000088800000, 0x0000000088800000, 0x0000000088900000|  0%| F|  |TAMS 0x0000000088800000, 0x0000000088800000| Untracked 
|  57|0x0000000088900000, 0x0000000088900000, 0x0000000088a00000|  0%| F|  |TAMS 0x0000000088900000, 0x0000000088900000| Untracked 
|  58|0x0000000088a00000, 0x0000000088a00000, 0x0000000088b00000|  0%| F|  |TAMS 0x0000000088a00000, 0x0000000088a00000| Untracked 
|  59|0x0000000088b00000, 0x0000000088b00000, 0x0000000088c00000|  0%| F|  |TAMS 0x0000000088b00000, 0x0000000088b00000| Untracked 
|  60|0x0000000088c00000, 0x0000000088c00000, 0x0000000088d00000|  0%| F|  |TAMS 0x0000000088c00000, 0x0000000088c00000| Untracked 
|  61|0x0000000088d00000, 0x0000000088d00000, 0x0000000088e00000|  0%| F|  |TAMS 0x0000000088d00000, 0x0000000088d00000| Untracked 
|  62|0x0000000088e00000, 0x0000000088e00000, 0x0000000088f00000|  0%| F|  |TAMS 0x0000000088e00000, 0x0000000088e00000| Untracked 
|  63|0x0000000088f00000, 0x0000000088f00000, 0x0000000089000000|  0%| F|  |TAMS 0x0000000088f00000, 0x0000000088f00000| Untracked 
|  64|0x0000000089000000, 0x0000000089000000, 0x0000000089100000|  0%| F|  |TAMS 0x0000000089000000, 0x0000000089000000| Untracked 
|  65|0x0000000089100000, 0x0000000089100000, 0x0000000089200000|  0%| F|  |TAMS 0x0000000089100000, 0x0000000089100000| Untracked 
|  66|0x0000000089200000, 0x0000000089200000, 0x0000000089300000|  0%| F|  |TAMS 0x0000000089200000, 0x0000000089200000| Untracked 
|  67|0x0000000089300000, 0x0000000089300000, 0x0000000089400000|  0%| F|  |TAMS 0x0000000089300000, 0x0000000089300000| Untracked 
|  68|0x0000000089400000, 0x0000000089400000, 0x0000000089500000|  0%| F|  |TAMS 0x0000000089400000, 0x0000000089400000| Untracked 
|  69|0x0000000089500000, 0x0000000089500000, 0x0000000089600000|  0%| F|  |TAMS 0x0000000089500000, 0x0000000089500000| Untracked 
|  70|0x0000000089600000, 0x0000000089600000, 0x0000000089700000|  0%| F|  |TAMS 0x0000000089600000, 0x0000000089600000| Untracked 
|  71|0x0000000089700000, 0x0000000089700000, 0x0000000089800000|  0%| F|  |TAMS 0x0000000089700000, 0x0000000089700000| Untracked 
|  72|0x0000000089800000, 0x0000000089800000, 0x0000000089900000|  0%| F|  |TAMS 0x0000000089800000, 0x0000000089800000| Untracked 
|  73|0x0000000089900000, 0x0000000089900000, 0x0000000089a00000|  0%| F|  |TAMS 0x0000000089900000, 0x0000000089900000| Untracked 
|  74|0x0000000089a00000, 0x0000000089a00000, 0x0000000089b00000|  0%| F|  |TAMS 0x0000000089a00000, 0x0000000089a00000| Untracked 
|  75|0x0000000089b00000, 0x0000000089b00000, 0x0000000089c00000|  0%| F|  |TAMS 0x0000000089b00000, 0x0000000089b00000| Untracked 
|  76|0x0000000089c00000, 0x0000000089c00000, 0x0000000089d00000|  0%| F|  |TAMS 0x0000000089c00000, 0x0000000089c00000| Untracked 
|  77|0x0000000089d00000, 0x0000000089d00000, 0x0000000089e00000|  0%| F|  |TAMS 0x0000000089d00000, 0x0000000089d00000| Untracked 
|  78|0x0000000089e00000, 0x0000000089e00000, 0x0000000089f00000|  0%| F|  |TAMS 0x0000000089e00000, 0x0000000089e00000| Untracked 
|  79|0x0000000089f00000, 0x0000000089f00000, 0x000000008a000000|  0%| F|  |TAMS 0x0000000089f00000, 0x0000000089f00000| Untracked 
|  80|0x000000008a000000, 0x000000008a000000, 0x000000008a100000|  0%| F|  |TAMS 0x000000008a000000, 0x000000008a000000| Untracked 
|  81|0x000000008a100000, 0x000000008a100000, 0x000000008a200000|  0%| F|  |TAMS 0x000000008a100000, 0x000000008a100000| Untracked 
|  82|0x000000008a200000, 0x000000008a200000, 0x000000008a300000|  0%| F|  |TAMS 0x000000008a200000, 0x000000008a200000| Untracked 
|  83|0x000000008a300000, 0x000000008a300000, 0x000000008a400000|  0%| F|  |TAMS 0x000000008a300000, 0x000000008a300000| Untracked 
|  84|0x000000008a400000, 0x000000008a400000, 0x000000008a500000|  0%| F|  |TAMS 0x000000008a400000, 0x000000008a400000| Untracked 
|  85|0x000000008a500000, 0x000000008a500000, 0x000000008a600000|  0%| F|  |TAMS 0x000000008a500000, 0x000000008a500000| Untracked 
|  86|0x000000008a600000, 0x000000008a600000, 0x000000008a700000|  0%| F|  |TAMS 0x000000008a600000, 0x000000008a600000| Untracked 
|  87|0x000000008a700000, 0x000000008a700000, 0x000000008a800000|  0%| F|  |TAMS 0x000000008a700000, 0x000000008a700000| Untracked 
|  88|0x000000008a800000, 0x000000008a800000, 0x000000008a900000|  0%| F|  |TAMS 0x000000008a800000, 0x000000008a800000| Untracked 
|  89|0x000000008a900000, 0x000000008a900000, 0x000000008aa00000|  0%| F|  |TAMS 0x000000008a900000, 0x000000008a900000| Untracked 
|  90|0x000000008aa00000, 0x000000008aa00000, 0x000000008ab00000|  0%| F|  |TAMS 0x000000008aa00000, 0x000000008aa00000| Untracked 
|  91|0x000000008ab00000, 0x000000008ab00000, 0x000000008ac00000|  0%| F|  |TAMS 0x000000008ab00000, 0x000000008ab00000| Untracked 
|  92|0x000000008ac00000, 0x000000008ac00000, 0x000000008ad00000|  0%| F|  |TAMS 0x000000008ac00000, 0x000000008ac00000| Untracked 
|  93|0x000000008ad00000, 0x000000008ad00000, 0x000000008ae00000|  0%| F|  |TAMS 0x000000008ad00000, 0x000000008ad00000| Untracked 
|  94|0x000000008ae00000, 0x000000008ae00000, 0x000000008af00000|  0%| F|  |TAMS 0x000000008ae00000, 0x000000008ae00000| Untracked 
|  95|0x000000008af00000, 0x000000008af00000, 0x000000008b000000|  0%| F|  |TAMS 0x000000008af00000, 0x000000008af00000| Untracked 
|  96|0x000000008b000000, 0x000000008b000000, 0x000000008b100000|  0%| F|  |TAMS 0x000000008b000000, 0x000000008b000000| Untracked 
|  97|0x000000008b100000, 0x000000008b100000, 0x000000008b200000|  0%| F|  |TAMS 0x000000008b100000, 0x000000008b100000| Untracked 
|  98|0x000000008b200000, 0x000000008b200000, 0x000000008b300000|  0%| F|  |TAMS 0x000000008b200000, 0x000000008b200000| Untracked 
|  99|0x000000008b300000, 0x000000008b300000, 0x000000008b400000|  0%| F|  |TAMS 0x000000008b300000, 0x000000008b300000| Untracked 
| 100|0x000000008b400000, 0x000000008b400000, 0x000000008b500000|  0%| F|  |TAMS 0x000000008b400000, 0x000000008b400000| Untracked 
| 101|0x000000008b500000, 0x000000008b500000, 0x000000008b600000|  0%| F|  |TAMS 0x000000008b500000, 0x000000008b500000| Untracked 
| 102|0x000000008b600000, 0x000000008b600000, 0x000000008b700000|  0%| F|  |TAMS 0x000000008b600000, 0x000000008b600000| Untracked 
| 103|0x000000008b700000, 0x000000008b700000, 0x000000008b800000|  0%| F|  |TAMS 0x000000008b700000, 0x000000008b700000| Untracked 
| 104|0x000000008b800000, 0x000000008b800000, 0x000000008b900000|  0%| F|  |TAMS 0x000000008b800000, 0x000000008b800000| Untracked 
| 105|0x000000008b900000, 0x000000008b900000, 0x000000008ba00000|  0%| F|  |TAMS 0x000000008b900000, 0x000000008b900000| Untracked 
| 106|0x000000008ba00000, 0x000000008ba00000, 0x000000008bb00000|  0%| F|  |TAMS 0x000000008ba00000, 0x000000008ba00000| Untracked 
| 107|0x000000008bb00000, 0x000000008bb00000, 0x000000008bc00000|  0%| F|  |TAMS 0x000000008bb00000, 0x000000008bb00000| Untracked 
| 108|0x000000008bc00000, 0x000000008bc00000, 0x000000008bd00000|  0%| F|  |TAMS 0x000000008bc00000, 0x000000008bc00000| Untracked 
| 109|0x000000008bd00000, 0x000000008bd00000, 0x000000008be00000|  0%| F|  |TAMS 0x000000008bd00000, 0x000000008bd00000| Untracked 
| 110|0x000000008be00000, 0x000000008bf00000, 0x000000008bf00000|100%| E|CS|TAMS 0x000000008be00000, 0x000000008be00000| Complete 
| 111|0x000000008bf00000, 0x000000008c000000, 0x000000008c000000|100%| E|CS|TAMS 0x000000008bf00000, 0x000000008bf00000| Complete 
| 112|0x000000008c000000, 0x000000008c100000, 0x000000008c100000|100%| E|CS|TAMS 0x000000008c000000, 0x000000008c000000| Complete 
| 113|0x000000008c100000, 0x000000008c200000, 0x000000008c200000|100%| E|CS|TAMS 0x000000008c100000, 0x000000008c100000| Complete 
| 114|0x000000008c200000, 0x000000008c300000, 0x000000008c300000|100%| E|CS|TAMS 0x000000008c200000, 0x000000008c200000| Complete 
| 115|0x000000008c300000, 0x000000008c400000, 0x000000008c400000|100%| E|CS|TAMS 0x000000008c300000, 0x000000008c300000| Complete 
| 116|0x000000008c400000, 0x000000008c500000, 0x000000008c500000|100%| E|CS|TAMS 0x000000008c400000, 0x000000008c400000| Complete 
| 117|0x000000008c500000, 0x000000008c600000, 0x000000008c600000|100%| E|CS|TAMS 0x000000008c500000, 0x000000008c500000| Complete 
| 118|0x000000008c600000, 0x000000008c700000, 0x000000008c700000|100%| E|CS|TAMS 0x000000008c600000, 0x000000008c600000| Complete 
| 119|0x000000008c700000, 0x000000008c800000, 0x000000008c800000|100%| E|CS|TAMS 0x000000008c700000, 0x000000008c700000| Complete 
| 120|0x000000008c800000, 0x000000008c900000, 0x000000008c900000|100%| E|CS|TAMS 0x000000008c800000, 0x000000008c800000| Complete 
| 121|0x000000008c900000, 0x000000008ca00000, 0x000000008ca00000|100%| E|CS|TAMS 0x000000008c900000, 0x000000008c900000| Complete 
| 122|0x000000008ca00000, 0x000000008cb00000, 0x000000008cb00000|100%| E|CS|TAMS 0x000000008ca00000, 0x000000008ca00000| Complete 
| 123|0x000000008cb00000, 0x000000008cc00000, 0x000000008cc00000|100%| E|CS|TAMS 0x000000008cb00000, 0x000000008cb00000| Complete 
|1966|0x00000000ffe00000, 0x00000000ffe34000, 0x00000000fff00000| 20%|OA|  |TAMS 0x00000000ffe00000, 0x00000000ffe00000| Untracked 
|1967|0x00000000fff00000, 0x00000000fff6a000, 0x0000000100000000| 41%|CA|  |TAMS 0x00000000fff00000, 0x00000000fff00000| Untracked 

Card table byte_map: [0x00007f080cfe9000,0x00007f080d3c1000] _byte_map_base: 0x00007f080cbc1000

Marking Bits (Prev, Next): (CMBitMap*) 0x00007f080804f5d8, (CMBitMap*) 0x00007f080804f610
 Prev Bits: [0x00007f07ea140000, 0x00007f07ec000000)
 Next Bits: [0x00007f07e8280000, 0x00007f07ea140000)

Polling page: 0x00007f080deb2000

Metaspace:

Usage:
  Non-class:      4.78 MB capacity,     4.57 MB ( 96%) used,   180.27 KB (  4%) free+waste,    28.56 KB ( <1%) overhead. 
      Class:    767.00 KB capacity,   583.45 KB ( 76%) used,   165.49 KB ( 22%) free+waste,    18.06 KB (  2%) overhead. 
       Both:      5.53 MB capacity,     5.14 MB ( 93%) used,   345.76 KB (  6%) free+waste,    46.62 KB ( <1%) overhead. 

Virtual space:
  Non-class space:        8.00 MB reserved,       5.00 MB ( 62%) committed 
      Class space:        1.00 GB reserved,     768.00 KB ( <1%) committed 
             Both:        1.01 GB reserved,       5.75 MB ( <1%) committed 

Chunk freelists:
   Non-Class:  13.00 KB
       Class:  1.00 KB
        Both:  14.00 KB

CodeHeap 'non-profiled nmethods': size=120032Kb used=235Kb max_used=235Kb free=119796Kb
 bounds [0x00007f07f841e000, 0x00007f07f868e000, 0x00007f07ff956000]
CodeHeap 'profiled nmethods': size=120032Kb used=1181Kb max_used=1181Kb free=118850Kb
 bounds [0x00007f07f0ee6000, 0x00007f07f1156000, 0x00007f07f841e000]
CodeHeap 'non-nmethods': size=5696Kb used=1183Kb max_used=1221Kb free=4513Kb
 bounds [0x00007f07f0956000, 0x00007f07f0bc6000, 0x00007f07f0ee6000]
 total_blobs=1303 nmethods=652 adapters=455
 compilation: enabled
              stopped_count=0, restarted_count=0
 full_count=0

Compilation events (10 events):
Event: 1.122 Thread 0x00007f0808112800  648       3       java.lang.String::startsWith (7 bytes)
Event: 1.123 Thread 0x00007f0808112800 nmethod 648 0x00007f07f100c490 code [0x00007f07f100c640, 0x00007f07f100c7e8]
Event: 1.123 Thread 0x00007f0808112800  649       1       java.net.URL::getHost (5 bytes)
Event: 1.123 Thread 0x00007f0808112800 nmethod 649 0x00007f07f8456090 code [0x00007f07f8456240, 0x00007f07f8456370]
Event: 1.123 Thread 0x00007f0808112800  650       3       java.lang.String::lastIndexOf (29 bytes)
Event: 1.123 Thread 0x00007f0808112800 nmethod 650 0x00007f07f100c890 code [0x00007f07f100ca60, 0x00007f07f100cd58]
Event: 1.124 Thread 0x00007f0808112800  651       3       java.lang.String::lastIndexOf (12 bytes)
Event: 1.124 Thread 0x00007f0808112800 nmethod 651 0x00007f07f100ce90 code [0x00007f07f100d080, 0x00007f07f100d4d8]
Event: 1.124 Thread 0x00007f0808112800  652       1       java.net.URL::getProtocol (5 bytes)
Event: 1.124 Thread 0x00007f0808112800 nmethod 652 0x00007f07f8456410 code [0x00007f07f84565c0, 0x00007f07f84566f0]

GC Heap History (0 events):
No events

Deoptimization events (10 events):
Event: 1.119 Thread 0x00007f0808474800 DEOPT PACKING pc=0x00007f07f0fdbe8d sp=0x00007f07ad841660
Event: 1.119 Thread 0x00007f0808474800 DEOPT UNPACKING pc=0x00007f07f097e83a sp=0x00007f07ad840af0 mode 0
Event: 1.119 Thread 0x00007f0808474800 DEOPT PACKING pc=0x00007f07f0fdbe8d sp=0x00007f07ad841660
Event: 1.119 Thread 0x00007f0808474800 DEOPT UNPACKING pc=0x00007f07f097e83a sp=0x00007f07ad840af0 mode 0
Event: 1.119 Thread 0x00007f0808474800 DEOPT PACKING pc=0x00007f07f0fdbe8d sp=0x00007f07ad841660
Event: 1.119 Thread 0x00007f0808474800 DEOPT UNPACKING pc=0x00007f07f097e83a sp=0x00007f07ad840af0 mode 0
Event: 1.120 Thread 0x00007f0808474800 Uncommon trap: trap_request=0xffffff4d fr.pc=0x00007f07f8453dd0 relative=0x0000000000000ff0
Event: 1.120 Thread 0x00007f0808474800 Uncommon trap: reason=unstable_if action=reinterpret pc=0x00007f07f8453dd0 method=sun.awt.image.PNGImageDecoder.produceImage()V @ 867 c2
Event: 1.120 Thread 0x00007f0808474800 DEOPT PACKING pc=0x00007f07f8453dd0 sp=0x00007f07ad8416e0
Event: 1.121 Thread 0x00007f0808474800 DEOPT UNPACKING pc=0x00007f07f097ea25 sp=0x00007f07ad841650 mode 2

Classes redefined (0 events):
No events

Internal exceptions (10 events):
Event: 0.181 Thread 0x00007f0808011800 Exception <a 'java/lang/NoSuchMethodError'{0x000000008c8c0da0}: 'java.lang.Object java.lang.invoke.DirectMethodHandle$Holder.invokeStatic(java.lang.Object, int, java.lang.Object, java.lang.Object, java.lang.Object)'> (0x000000008c8c0da0) thrown at [/build
Event: 0.181 Thread 0x00007f0808011800 Exception <a 'java/lang/NoSuchMethodError'{0x000000008c8c48e8}: 'java.lang.Object java.lang.invoke.DirectMethodHandle$Holder.invokeSpecial(java.lang.Object, java.lang.Object, int, java.lang.Object, java.lang.Object, java.lang.Object)'> (0x000000008c8c48e8
Event: 0.184 Thread 0x00007f0808011800 Exception <a 'java/lang/NoSuchMethodError'{0x000000008c8dc408}: 'java.lang.Object java.lang.invoke.DirectMethodHandle$Holder.invokeStatic(java.lang.Object, int, java.lang.Object)'> (0x000000008c8dc408) thrown at [/build/openjdk-lts-ZT5jEu/openjdk-lts-11.0
Event: 0.941 Thread 0x00007f0808011800 Exception <a 'java/lang/NoSuchMethodError'{0x000000008c7756b0}: 'java.lang.Object java.lang.invoke.DirectMethodHandle$Holder.invokeStatic(java.lang.Object, java.lang.Object, java.lang.Object, java.lang.Object, java.lang.Object, java.lang.Object, java.lang
Event: 0.944 Thread 0x00007f0808011800 Exception <a 'java/lang/NoSuchMethodError'{0x000000008c78f610}: 'java.lang.Object java.lang.invoke.DirectMethodHandle$Holder.invokeStatic(java.lang.Object, java.lang.Object, java.lang.Object, java.lang.Object, java.lang.Object, java.lang.Object, java.lang
Event: 0.946 Thread 0x00007f0808011800 Exception <a 'java/lang/NoSuchMethodError'{0x000000008c79b9d8}: 'void java.lang.invoke.DirectMethodHandle$Holder.invokeSpecial(java.lang.Object, java.lang.Object)'> (0x000000008c79b9d8) thrown at [/build/openjdk-lts-ZT5jEu/openjdk-lts-11.0.4+11/src/hotspo
Event: 0.999 Thread 0x00007f0808011800 Exception <a 'java/lang/NoSuchMethodError'{0x000000008c509b48}: 'java.lang.Object java.lang.invoke.Invokers$Holder.linkToTargetMethod(java.lang.Object, int, java.lang.Object)'> (0x000000008c509b48) thrown at [/build/openjdk-lts-ZT5jEu/openjdk-lts-11.0.4+1
Event: 1.011 Thread 0x00007f0808011800 Exception <a 'java/lang/ClassNotFoundException'{0x000000008c54c4d0}: com/sun/swing/internal/plaf/metal/resources/spi/metalProvider> (0x000000008c54c4d0) thrown at [/build/openjdk-lts-ZT5jEu/openjdk-lts-11.0.4+11/src/hotspot/share/classfile/systemDictionar
Event: 1.012 Thread 0x00007f0808011800 Exception <a 'java/lang/ClassNotFoundException'{0x000000008c5503d8}: com/sun/swing/internal/plaf/basic/resources/spi/basicProvider> (0x000000008c5503d8) thrown at [/build/openjdk-lts-ZT5jEu/openjdk-lts-11.0.4+11/src/hotspot/share/classfile/systemDictionar
Event: 1.126 Thread 0x00007f080847c800 Exception <a 'java/lang/NoSuchMethodError'{0x000000008beda710}: get> (0x000000008beda710) thrown at [/build/openjdk-lts-ZT5jEu/openjdk-lts-11.0.4+11/src/hotspot/share/prims/jni.cpp, line 1333]

Events (10 events):
Event: 1.124 loading class AI_Robot done
Event: 1.124 loading class AIGroup
Event: 1.124 loading class AIGroup done
Event: 1.125 loading class CRobot$1
Event: 1.125 loading class CRobot$1 done
Event: 1.125 Thread 0x00007f080847c800 Thread added: 0x00007f080847c800
Event: 1.125 loading class AI_Robot$1
Event: 1.125 loading class AI_Robot$1 done
Event: 1.125 Executing VM operation: RevokeBias
Event: 1.125 Executing VM operation: RevokeBias done


Dynamic libraries:
85000000-8cc00000 rw-p 00000000 00:00 0 
8cc00000-ffe00000 ---p 00000000 00:00 0 
ffe00000-ffe34000 rw-p 01116000 08:02 23990720                           /usr/lib/jvm/java-11-openjdk-amd64/lib/server/classes.jsa
ffe34000-fff00000 rw-p 00000000 00:00 0 
fff00000-fff6a000 rw-p 010ac000 08:02 23990720                           /usr/lib/jvm/java-11-openjdk-amd64/lib/server/classes.jsa
fff6a000-100000000 rw-p 00000000 00:00 0 
800000000-800002000 rwxp 00001000 08:02 23990720                         /usr/lib/jvm/java-11-openjdk-amd64/lib/server/classes.jsa
800002000-8003bd000 rw-p 00003000 08:02 23990720                         /usr/lib/jvm/java-11-openjdk-amd64/lib/server/classes.jsa
8003bd000-800a98000 r--p 003be000 08:02 23990720                         /usr/lib/jvm/java-11-openjdk-amd64/lib/server/classes.jsa
800a98000-800a99000 rw-p 00a99000 08:02 23990720                         /usr/lib/jvm/java-11-openjdk-amd64/lib/server/classes.jsa
800a99000-8010ab000 r--p 00a9a000 08:02 23990720                         /usr/lib/jvm/java-11-openjdk-amd64/lib/server/classes.jsa
840000000-8400c0000 rw-p 00000000 00:00 0 
8400c0000-880000000 ---p 00000000 00:00 0 
5643b0097000-5643b0098000 r--p 00000000 08:02 23597129                   /usr/lib/jvm/java-11-openjdk-amd64/bin/java
5643b0098000-5643b0099000 r-xp 00001000 08:02 23597129                   /usr/lib/jvm/java-11-openjdk-amd64/bin/java
5643b0099000-5643b009a000 r--p 00002000 08:02 23597129                   /usr/lib/jvm/java-11-openjdk-amd64/bin/java
5643b009a000-5643b009b000 r--p 00002000 08:02 23597129                   /usr/lib/jvm/java-11-openjdk-amd64/bin/java
5643b009b000-5643b009c000 rw-p 00003000 08:02 23597129                   /usr/lib/jvm/java-11-openjdk-amd64/bin/java
5643b0265000-5643b0286000 rw-p 00000000 00:00 0                          [heap]
7f077c000000-7f077c021000 rw-p 00000000 00:00 0 
7f077c021000-7f0780000000 ---p 00000000 00:00 0 
7f0784000000-7f0784021000 rw-p 00000000 00:00 0 
7f0784021000-7f0788000000 ---p 00000000 00:00 0 
7f0788000000-7f0788021000 rw-p 00000000 00:00 0 
7f0788021000-7f078c000000 ---p 00000000 00:00 0 
7f078c000000-7f078c1e3000 rw-p 00000000 00:00 0 
7f078c1e3000-7f0790000000 ---p 00000000 00:00 0 
7f0790000000-7f0790036000 rw-p 00000000 00:00 0 
7f0790036000-7f0794000000 ---p 00000000 00:00 0 
7f0794000000-7f0794021000 rw-p 00000000 00:00 0 
7f0794021000-7f0798000000 ---p 00000000 00:00 0 
7f0798000000-7f0798021000 rw-p 00000000 00:00 0 
7f0798021000-7f079c000000 ---p 00000000 00:00 0 
7f079c000000-7f079c021000 rw-p 00000000 00:00 0 
7f079c021000-7f07a0000000 ---p 00000000 00:00 0 
7f07a0000000-7f07a0021000 rw-p 00000000 00:00 0 
7f07a0021000-7f07a4000000 ---p 00000000 00:00 0 
7f07a4000000-7f07a4021000 rw-p 00000000 00:00 0 
7f07a4021000-7f07a8000000 ---p 00000000 00:00 0 
7f07a8000000-7f07a8021000 rw-p 00000000 00:00 0 
7f07a8021000-7f07ac000000 ---p 00000000 00:00 0 
7f07ad43f000-7f07ad443000 ---p 00000000 00:00 0 
7f07ad443000-7f07ad540000 rw-p 00000000 00:00 0 
7f07ad540000-7f07ad544000 ---p 00000000 00:00 0 
7f07ad544000-7f07ad641000 rw-p 00000000 00:00 0 
7f07ad641000-7f07ad645000 ---p 00000000 00:00 0 
7f07ad645000-7f07ad742000 rw-p 00000000 00:00 0 
7f07ad742000-7f07ad746000 ---p 00000000 00:00 0 
7f07ad746000-7f07ad843000 rw-p 00000000 00:00 0 
7f07ad843000-7f07ad847000 ---p 00000000 00:00 0 
7f07ad847000-7f07ad944000 rw-p 00000000 00:00 0 
7f07ad944000-7f07ad948000 ---p 00000000 00:00 0 
7f07ad948000-7f07ada45000 rw-p 00000000 00:00 0 
7f07adaa6000-7f07adaaa000 ---p 00000000 00:00 0 
7f07adaaa000-7f07adba7000 rw-p 00000000 00:00 0 
7f07adba7000-7f07adbac000 r-xp 00000000 08:02 23600531                   /usr/lib/x86_64-linux-gnu/libXfixes.so.3.1.0
7f07adbac000-7f07addab000 ---p 00005000 08:02 23600531                   /usr/lib/x86_64-linux-gnu/libXfixes.so.3.1.0
7f07addab000-7f07addac000 r--p 00004000 08:02 23600531                   /usr/lib/x86_64-linux-gnu/libXfixes.so.3.1.0
7f07addac000-7f07addad000 rw-p 00005000 08:02 23600531                   /usr/lib/x86_64-linux-gnu/libXfixes.so.3.1.0
7f07addbf000-7f07addc0000 ---p 00000000 00:00 0 
7f07addc0000-7f07ae5c0000 rw-p 00000000 00:00 0 
7f07ae5c0000-7f07ae5c1000 ---p 00000000 00:00 0 
7f07ae5c1000-7f07aedc1000 rw-p 00000000 00:00 0 
7f07aedc1000-7f07aedc2000 ---p 00000000 00:00 0 
7f07aedc2000-7f07af5c2000 rw-p 00000000 00:00 0 
7f07af5c2000-7f07af5e8000 r--p 00000000 08:02 25043479                   /usr/share/glib-2.0/schemas/gschemas.compiled
7f07af5e8000-7f07af5f2000 r--p 00000000 08:02 23600663                   /usr/lib/x86_64-linux-gnu/libblkid.so.1.1.0
7f07af5f2000-7f07af626000 r-xp 0000a000 08:02 23600663                   /usr/lib/x86_64-linux-gnu/libblkid.so.1.1.0
7f07af626000-7f07af636000 r--p 0003e000 08:02 23600663                   /usr/lib/x86_64-linux-gnu/libblkid.so.1.1.0
7f07af636000-7f07af637000 ---p 0004e000 08:02 23600663                   /usr/lib/x86_64-linux-gnu/libblkid.so.1.1.0
7f07af637000-7f07af63c000 r--p 0004e000 08:02 23600663                   /usr/lib/x86_64-linux-gnu/libblkid.so.1.1.0
7f07af63c000-7f07af63d000 rw-p 00053000 08:02 23600663                   /usr/lib/x86_64-linux-gnu/libblkid.so.1.1.0
7f07af63d000-7f07af63f000 r--p 00000000 08:02 23601506                   /usr/lib/x86_64-linux-gnu/libpcre.so.3.13.3
7f07af63f000-7f07af691000 r-xp 00002000 08:02 23601506                   /usr/lib/x86_64-linux-gnu/libpcre.so.3.13.3
7f07af691000-7f07af6af000 r--p 00054000 08:02 23601506                   /usr/lib/x86_64-linux-gnu/libpcre.so.3.13.3
7f07af6af000-7f07af6b0000 r--p 00071000 08:02 23601506                   /usr/lib/x86_64-linux-gnu/libpcre.so.3.13.3
7f07af6b0000-7f07af6b1000 rw-p 00072000 08:02 23601506                   /usr/lib/x86_64-linux-gnu/libpcre.so.3.13.3
7f07af6b1000-7f07af6b7000 r--p 00000000 08:02 23601661                   /usr/lib/x86_64-linux-gnu/libselinux.so.1
7f07af6b7000-7f07af6cf000 r-xp 00006000 08:02 23601661                   /usr/lib/x86_64-linux-gnu/libselinux.so.1
7f07af6cf000-7f07af6d6000 r--p 0001e000 08:02 23601661                   /usr/lib/x86_64-linux-gnu/libselinux.so.1
7f07af6d6000-7f07af6d7000 ---p 00025000 08:02 23601661                   /usr/lib/x86_64-linux-gnu/libselinux.so.1
7f07af6d7000-7f07af6d8000 r--p 00025000 08:02 23601661                   /usr/lib/x86_64-linux-gnu/libselinux.so.1
7f07af6d8000-7f07af6d9000 rw-p 00026000 08:02 23601661                   /usr/lib/x86_64-linux-gnu/libselinux.so.1
7f07af6d9000-7f07af6db000 rw-p 00000000 00:00 0 
7f07af6db000-7f07af6e6000 r--p 00000000 08:02 23601326                   /usr/lib/x86_64-linux-gnu/libmount.so.1.1.0
7f07af6e6000-7f07af721000 r-xp 0000b000 08:02 23601326                   /usr/lib/x86_64-linux-gnu/libmount.so.1.1.0
7f07af721000-7f07af733000 r--p 00046000 08:02 23601326                   /usr/lib/x86_64-linux-gnu/libmount.so.1.1.0
7f07af733000-7f07af736000 r--p 00057000 08:02 23601326                   /usr/lib/x86_64-linux-gnu/libmount.so.1.1.0
7f07af736000-7f07af737000 rw-p 0005a000 08:02 23601326                   /usr/lib/x86_64-linux-gnu/libmount.so.1.1.0
7f07af737000-7f07af745000 r--p 00000000 08:02 23593408                   /usr/lib/x86_64-linux-gnu/libgobject-2.0.so.0.6000.0
7f07af745000-7f07af777000 r-xp 0000e000 08:02 23593408                   /usr/lib/x86_64-linux-gnu/libgobject-2.0.so.0.6000.0
7f07af777000-7f07af78f000 r--p 00040000 08:02 23593408                   /usr/lib/x86_64-linux-gnu/libgobject-2.0.so.0.6000.0
7f07af78f000-7f07af792000 r--p 00057000 08:02 23593408                   /usr/lib/x86_64-linux-gnu/libgobject-2.0.so.0.6000.0
7f07af792000-7f07af793000 rw-p 0005a000 08:02 23593408                   /usr/lib/x86_64-linux-gnu/libgobject-2.0.so.0.6000.0
7f07af793000-7f07af7ae000 r--p 00000000 08:02 23593383                   /usr/lib/x86_64-linux-gnu/libglib-2.0.so.0.6000.0
7f07af7ae000-7f07af82e000 r-xp 0001b000 08:02 23593383                   /usr/lib/x86_64-linux-gnu/libglib-2.0.so.0.6000.0
7f07af82e000-7f07af8b0000 r--p 0009b000 08:02 23593383                   /usr/lib/x86_64-linux-gnu/libglib-2.0.so.0.6000.0
7f07af8b0000-7f07af8b1000 ---p 0011d000 08:02 23593383                   /usr/lib/x86_64-linux-gnu/libglib-2.0.so.0.6000.0
7f07af8b1000-7f07af8b2000 r--p 0011d000 08:02 23593383                   /usr/lib/x86_64-linux-gnu/libglib-2.0.so.0.6000.0
7f07af8b2000-7f07af8b3000 rw-p 0011e000 08:02 23593383                   /usr/lib/x86_64-linux-gnu/libglib-2.0.so.0.6000.0
7f07af8b3000-7f07af8b4000 rw-p 00000000 00:00 0 
7f07af8b4000-7f07af8eb000 r--p 00000000 08:02 23593360                   /usr/lib/x86_64-linux-gnu/libgio-2.0.so.0.6000.0
7f07af8eb000-7f07af9ec000 r-xp 00037000 08:02 23593360                   /usr/lib/x86_64-linux-gnu/libgio-2.0.so.0.6000.0
7f07af9ec000-7f07afa72000 r--p 00138000 08:02 23593360                   /usr/lib/x86_64-linux-gnu/libgio-2.0.so.0.6000.0
7f07afa72000-7f07afa7a000 r--p 001bd000 08:02 23593360                   /usr/lib/x86_64-linux-gnu/libgio-2.0.so.0.6000.0
7f07afa7a000-7f07afa7b000 rw-p 001c5000 08:02 23593360                   /usr/lib/x86_64-linux-gnu/libgio-2.0.so.0.6000.0
7f07afa7b000-7f07afa7d000 rw-p 00000000 00:00 0 
7f07afa7d000-7f07afa87000 r-xp 00000000 08:02 23600547                   /usr/lib/x86_64-linux-gnu/libXrandr.so.2.2.0
7f07afa87000-7f07afc86000 ---p 0000a000 08:02 23600547                   /usr/lib/x86_64-linux-gnu/libXrandr.so.2.2.0
7f07afc86000-7f07afc87000 r--p 00009000 08:02 23600547                   /usr/lib/x86_64-linux-gnu/libXrandr.so.2.2.0
7f07afc87000-7f07afc88000 rw-p 0000a000 08:02 23600547                   /usr/lib/x86_64-linux-gnu/libXrandr.so.2.2.0
7f07afc88000-7f07afc8d000 r--p 00000000 08:02 23601542                   /usr/lib/x86_64-linux-gnu/libpng16.so.16.36.0
7f07afc8d000-7f07afcb1000 r-xp 00005000 08:02 23601542                   /usr/lib/x86_64-linux-gnu/libpng16.so.16.36.0
7f07afcb1000-7f07afcbd000 r--p 00029000 08:02 23601542                   /usr/lib/x86_64-linux-gnu/libpng16.so.16.36.0
7f07afcbd000-7f07afcbe000 r--p 00034000 08:02 23601542                   /usr/lib/x86_64-linux-gnu/libpng16.so.16.36.0
7f07afcbe000-7f07afcbf000 rw-p 00035000 08:02 23601542                   /usr/lib/x86_64-linux-gnu/libpng16.so.16.36.0
7f07afcbf000-7f07afcc3000 r--p 00000000 08:02 23990635                   /usr/lib/jvm/java-11-openjdk-amd64/lib/libfontmanager.so
7f07afcc3000-7f07afdb5000 r-xp 00004000 08:02 23990635                   /usr/lib/jvm/java-11-openjdk-amd64/lib/libfontmanager.so
7f07afdb5000-7f07afdf5000 r--p 000f6000 08:02 23990635                   /usr/lib/jvm/java-11-openjdk-amd64/lib/libfontmanager.so
7f07afdf5000-7f07afdf6000 r--p 00135000 08:02 23990635                   /usr/lib/jvm/java-11-openjdk-amd64/lib/libfontmanager.so
7f07afdf6000-7f07afdf7000 rw-p 00136000 08:02 23990635                   /usr/lib/jvm/java-11-openjdk-amd64/lib/libfontmanager.so
7f07afdf7000-7f07afdfa000 rw-p 00000000 00:00 0 
7f07afdfa000-7f07afdff000 r-xp 00000000 08:02 23600527                   /usr/lib/x86_64-linux-gnu/libXdmcp.so.6.0.0
7f07afdff000-7f07afffe000 ---p 00005000 08:02 23600527                   /usr/lib/x86_64-linux-gnu/libXdmcp.so.6.0.0
7f07afffe000-7f07affff000 r--p 00004000 08:02 23600527                   /usr/lib/x86_64-linux-gnu/libXdmcp.so.6.0.0
7f07affff000-7f07b0000000 rw-p 00005000 08:02 23600527                   /usr/lib/x86_64-linux-gnu/libXdmcp.so.6.0.0
7f07b0000000-7f07b0021000 rw-p 00000000 00:00 0 
7f07b0021000-7f07b4000000 ---p 00000000 00:00 0 
7f07b4000000-7f07b4021000 rw-p 00000000 00:00 0 
7f07b4021000-7f07b8000000 ---p 00000000 00:00 0 
7f07b8000000-7f07b8406000 rw-p 00000000 00:00 0 
7f07b8406000-7f07bc000000 ---p 00000000 00:00 0 
7f07bc000000-7f07bc021000 rw-p 00000000 00:00 0 
7f07bc021000-7f07c0000000 ---p 00000000 00:00 0 
7f07c0000000-7f07c0021000 rw-p 00000000 00:00 0 
7f07c0021000-7f07c4000000 ---p 00000000 00:00 0 
7f07c4000000-7f07c46b6000 rw-p 00000000 00:00 0 
7f07c46b6000-7f07c8000000 ---p 00000000 00:00 0 
7f07c8000000-7f07c8021000 rw-p 00000000 00:00 0 
7f07c8021000-7f07cc000000 ---p 00000000 00:00 0 
7f07cc000000-7f07cc021000 rw-p 00000000 00:00 0 
7f07cc021000-7f07d0000000 ---p 00000000 00:00 0 
7f07d0000000-7f07d0021000 rw-p 00000000 00:00 0 
7f07d0021000-7f07d4000000 ---p 00000000 00:00 0 
7f07d4000000-7f07d4021000 rw-p 00000000 00:00 0 
7f07d4021000-7f07d8000000 ---p 00000000 00:00 0 
7f07d8000000-7f07d8021000 rw-p 00000000 00:00 0 
7f07d8021000-7f07dc000000 ---p 00000000 00:00 0 
7f07dc000000-7f07dc021000 rw-p 00000000 00:00 0 
7f07dc021000-7f07e0000000 ---p 00000000 00:00 0 
7f07e0008000-7f07e000c000 r--p 00000000 08:02 23601610                   /usr/lib/x86_64-linux-gnu/libresolv-2.29.so
7f07e000c000-7f07e001b000 r-xp 00004000 08:02 23601610                   /usr/lib/x86_64-linux-gnu/libresolv-2.29.so
7f07e001b000-7f07e001e000 r--p 00013000 08:02 23601610                   /usr/lib/x86_64-linux-gnu/libresolv-2.29.so
7f07e001e000-7f07e001f000 ---p 00016000 08:02 23601610                   /usr/lib/x86_64-linux-gnu/libresolv-2.29.so
7f07e001f000-7f07e0020000 r--p 00016000 08:02 23601610                   /usr/lib/x86_64-linux-gnu/libresolv-2.29.so
7f07e0020000-7f07e0021000 rw-p 00017000 08:02 23601610                   /usr/lib/x86_64-linux-gnu/libresolv-2.29.so
7f07e0021000-7f07e0023000 rw-p 00000000 00:00 0 
7f07e0023000-7f07e002f000 r--p 00000000 08:02 23600949                   /usr/lib/x86_64-linux-gnu/libfreetype.so.6.16.1
7f07e002f000-7f07e00ac000 r-xp 0000c000 08:02 23600949                   /usr/lib/x86_64-linux-gnu/libfreetype.so.6.16.1
7f07e00ac000-7f07e00d5000 r--p 00089000 08:02 23600949                   /usr/lib/x86_64-linux-gnu/libfreetype.so.6.16.1
7f07e00d5000-7f07e00d6000 ---p 000b2000 08:02 23600949                   /usr/lib/x86_64-linux-gnu/libfreetype.so.6.16.1
7f07e00d6000-7f07e00dd000 r--p 000b2000 08:02 23600949                   /usr/lib/x86_64-linux-gnu/libfreetype.so.6.16.1
7f07e00dd000-7f07e00de000 rw-p 000b9000 08:02 23600949                   /usr/lib/x86_64-linux-gnu/libfreetype.so.6.16.1
7f07e00de000-7f07e00e0000 r-xp 00000000 08:02 23600516                   /usr/lib/x86_64-linux-gnu/libXau.so.6.0.0
7f07e00e0000-7f07e02e0000 ---p 00002000 08:02 23600516                   /usr/lib/x86_64-linux-gnu/libXau.so.6.0.0
7f07e02e0000-7f07e02e1000 r--p 00002000 08:02 23600516                   /usr/lib/x86_64-linux-gnu/libXau.so.6.0.0
7f07e02e1000-7f07e02e2000 rw-p 00003000 08:02 23600516                   /usr/lib/x86_64-linux-gnu/libXau.so.6.0.0
7f07e02e2000-7f07e02f1000 r-xp 00000000 08:02 23600537                   /usr/lib/x86_64-linux-gnu/libXi.so.6.1.0
7f07e02f1000-7f07e04f0000 ---p 0000f000 08:02 23600537                   /usr/lib/x86_64-linux-gnu/libXi.so.6.1.0
7f07e04f0000-7f07e04f1000 r--p 0000e000 08:02 23600537                   /usr/lib/x86_64-linux-gnu/libXi.so.6.1.0
7f07e04f1000-7f07e04f2000 rw-p 0000f000 08:02 23600537                   /usr/lib/x86_64-linux-gnu/libXi.so.6.1.0
7f07e04f2000-7f07e04f7000 r-xp 00000000 08:02 23600555                   /usr/lib/x86_64-linux-gnu/libXtst.so.6.1.0
7f07e04f7000-7f07e06f6000 ---p 00005000 08:02 23600555                   /usr/lib/x86_64-linux-gnu/libXtst.so.6.1.0
7f07e06f6000-7f07e06f7000 r--p 00004000 08:02 23600555                   /usr/lib/x86_64-linux-gnu/libXtst.so.6.1.0
7f07e06f7000-7f07e06f8000 rw-p 00005000 08:02 23600555                   /usr/lib/x86_64-linux-gnu/libXtst.so.6.1.0
7f07e06f8000-7f07e0701000 r-xp 00000000 08:02 23600549                   /usr/lib/x86_64-linux-gnu/libXrender.so.1.3.0
7f07e0701000-7f07e0900000 ---p 00009000 08:02 23600549                   /usr/lib/x86_64-linux-gnu/libXrender.so.1.3.0
7f07e0900000-7f07e0901000 r--p 00008000 08:02 23600549                   /usr/lib/x86_64-linux-gnu/libXrender.so.1.3.0
7f07e0901000-7f07e0902000 rw-p 00009000 08:02 23600549                   /usr/lib/x86_64-linux-gnu/libXrender.so.1.3.0
7f07e0902000-7f07e091a000 r--p 00000000 08:02 23600512                   /usr/lib/x86_64-linux-gnu/libX11.so.6.3.0
7f07e091a000-7f07e09a2000 r-xp 00018000 08:02 23600512                   /usr/lib/x86_64-linux-gnu/libX11.so.6.3.0
7f07e09a2000-7f07e0a36000 r--p 000a0000 08:02 23600512                   /usr/lib/x86_64-linux-gnu/libX11.so.6.3.0
7f07e0a36000-7f07e0a37000 ---p 00134000 08:02 23600512                   /usr/lib/x86_64-linux-gnu/libX11.so.6.3.0
7f07e0a37000-7f07e0a38000 r--p 00134000 08:02 23600512                   /usr/lib/x86_64-linux-gnu/libX11.so.6.3.0
7f07e0a38000-7f07e0a3c000 rw-p 00135000 08:02 23600512                   /usr/lib/x86_64-linux-gnu/libX11.so.6.3.0
7f07e0a3c000-7f07e0a4d000 r-xp 00000000 08:02 23600529                   /usr/lib/x86_64-linux-gnu/libXext.so.6.4.0
7f07e0a4d000-7f07e0c4c000 ---p 00011000 08:02 23600529                   /usr/lib/x86_64-linux-gnu/libXext.so.6.4.0
7f07e0c4c000-7f07e0c4d000 r--p 00010000 08:02 23600529                   /usr/lib/x86_64-linux-gnu/libXext.so.6.4.0
7f07e0c4d000-7f07e0c4e000 rw-p 00011000 08:02 23600529                   /usr/lib/x86_64-linux-gnu/libXext.so.6.4.0
7f07e0c4e000-7f07e0c7a000 r--p 00000000 08:02 23990630                   /usr/lib/jvm/java-11-openjdk-amd64/lib/libawt.so
7f07e0c7a000-7f07e0ce1000 r-xp 0002c000 08:02 23990630                   /usr/lib/jvm/java-11-openjdk-amd64/lib/libawt.so
7f07e0ce1000-7f07e0cee000 r--p 00093000 08:02 23990630                   /usr/lib/jvm/java-11-openjdk-amd64/lib/libawt.so
7f07e0cee000-7f07e0cef000 r--p 0009f000 08:02 23990630                   /usr/lib/jvm/java-11-openjdk-amd64/lib/libawt.so
7f07e0cef000-7f07e0cfa000 rw-p 000a0000 08:02 23990630                   /usr/lib/jvm/java-11-openjdk-amd64/lib/libawt.so
7f07e0cfa000-7f07e0d1f000 rw-p 00000000 00:00 0 
7f07e0d1f000-7f07e0d23000 ---p 00000000 00:00 0 
7f07e0d23000-7f07e0e20000 rw-p 00000000 00:00 0 
7f07e0e20000-7f07e0e21000 ---p 00000000 00:00 0 
7f07e0e21000-7f07e0f22000 rw-p 00000000 00:00 0 
7f07e0f22000-7f07e0f26000 ---p 00000000 00:00 0 
7f07e0f26000-7f07e1023000 rw-p 00000000 00:00 0 
7f07e1023000-7f07e1027000 ---p 00000000 00:00 0 
7f07e1027000-7f07e1124000 rw-p 00000000 00:00 0 
7f07e1124000-7f07e1128000 ---p 00000000 00:00 0 
7f07e1128000-7f07e1225000 rw-p 00000000 00:00 0 
7f07e1225000-7f07e2000000 r--p 00000000 08:02 23600058                   /usr/lib/locale/locale-archive
7f07e2000000-7f07e4000000 rw-p 00000000 00:00 0 
7f07e4000000-7f07e4021000 rw-p 00000000 00:00 0 
7f07e4021000-7f07e8000000 ---p 00000000 00:00 0 
7f07e8005000-7f07e8007000 r--p 00000000 08:02 23600523                   /usr/lib/x86_64-linux-gnu/libXcursor.so.1.0.2
7f07e8007000-7f07e800c000 r-xp 00002000 08:02 23600523                   /usr/lib/x86_64-linux-gnu/libXcursor.so.1.0.2
7f07e800c000-7f07e800e000 r--p 00007000 08:02 23600523                   /usr/lib/x86_64-linux-gnu/libXcursor.so.1.0.2
7f07e800e000-7f07e800f000 r--p 00008000 08:02 23600523                   /usr/lib/x86_64-linux-gnu/libXcursor.so.1.0.2
7f07e800f000-7f07e8010000 rw-p 00009000 08:02 23600523                   /usr/lib/x86_64-linux-gnu/libXcursor.so.1.0.2
7f07e8010000-7f07e8012000 r--p 00000000 08:02 23601822                   /usr/lib/x86_64-linux-gnu/libuuid.so.1.3.0
7f07e8012000-7f07e8016000 r-xp 00002000 08:02 23601822                   /usr/lib/x86_64-linux-gnu/libuuid.so.1.3.0
7f07e8016000-7f07e8017000 r--p 00006000 08:02 23601822                   /usr/lib/x86_64-linux-gnu/libuuid.so.1.3.0
7f07e8017000-7f07e8018000 r--p 00006000 08:02 23601822                   /usr/lib/x86_64-linux-gnu/libuuid.so.1.3.0
7f07e8018000-7f07e8019000 rw-p 00007000 08:02 23601822                   /usr/lib/x86_64-linux-gnu/libuuid.so.1.3.0
7f07e8019000-7f07e8029000 r--p 00000000 08:02 23990632                   /usr/lib/jvm/java-11-openjdk-amd64/lib/libawt_xawt.so
7f07e8029000-7f07e8066000 r-xp 00010000 08:02 23990632                   /usr/lib/jvm/java-11-openjdk-amd64/lib/libawt_xawt.so
7f07e8066000-7f07e8078000 r--p 0004d000 08:02 23990632                   /usr/lib/jvm/java-11-openjdk-amd64/lib/libawt_xawt.so
7f07e8078000-7f07e8079000 r--p 0005e000 08:02 23990632                   /usr/lib/jvm/java-11-openjdk-amd64/lib/libawt_xawt.so
7f07e8079000-7f07e807c000 rw-p 0005f000 08:02 23990632                   /usr/lib/jvm/java-11-openjdk-amd64/lib/libawt_xawt.so
7f07e807c000-7f07e807e000 rw-p 00000000 00:00 0 
7f07e807e000-7f07e8082000 ---p 00000000 00:00 0 
7f07e8082000-7f07e817f000 rw-p 00000000 00:00 0 
7f07e817f000-7f07e8183000 ---p 00000000 00:00 0 
7f07e8183000-7f07e8470000 rw-p 00000000 00:00 0 
7f07e8470000-7f07ea138000 ---p 00000000 00:00 0 
7f07ea138000-7f07ea330000 rw-p 00000000 00:00 0 
7f07ea330000-7f07ebff8000 ---p 00000000 00:00 0 
7f07ebff8000-7f07ec000000 rw-p 00000000 00:00 0 
7f07ec000000-7f07ec021000 rw-p 00000000 00:00 0 
7f07ec021000-7f07f0000000 ---p 00000000 00:00 0 
7f07f0003000-7f07f0004000 r--p 00000000 08:02 27001589                   /home/kramer/Downloads/RobotArena-master/RobotAreana/AIBasic/build/libs/mynativelibrary/shared/libmynativelibrary.so
7f07f0004000-7f07f0005000 r-xp 00001000 08:02 27001589                   /home/kramer/Downloads/RobotArena-master/RobotAreana/AIBasic/build/libs/mynativelibrary/shared/libmynativelibrary.so
7f07f0005000-7f07f0006000 r--p 00002000 08:02 27001589                   /home/kramer/Downloads/RobotArena-master/RobotAreana/AIBasic/build/libs/mynativelibrary/shared/libmynativelibrary.so
7f07f0006000-7f07f0007000 r--p 00002000 08:02 27001589                   /home/kramer/Downloads/RobotArena-master/RobotAreana/AIBasic/build/libs/mynativelibrary/shared/libmynativelibrary.so
7f07f0007000-7f07f0008000 rw-p 00003000 08:02 27001589                   /home/kramer/Downloads/RobotArena-master/RobotAreana/AIBasic/build/libs/mynativelibrary/shared/libmynativelibrary.so
7f07f0008000-7f07f000a000 r--p 00000000 08:02 23600923                   /usr/lib/x86_64-linux-gnu/libffi.so.6.0.4
7f07f000a000-7f07f000f000 r-xp 00002000 08:02 23600923                   /usr/lib/x86_64-linux-gnu/libffi.so.6.0.4
7f07f000f000-7f07f0010000 r--p 00007000 08:02 23600923                   /usr/lib/x86_64-linux-gnu/libffi.so.6.0.4
7f07f0010000-7f07f0011000 r--p 00007000 08:02 23600923                   /usr/lib/x86_64-linux-gnu/libffi.so.6.0.4
7f07f0011000-7f07f0012000 rw-p 00008000 08:02 23600923                   /usr/lib/x86_64-linux-gnu/libffi.so.6.0.4
7f07f0012000-7f07f0016000 r--p 00000000 08:02 23600683                   /usr/lib/x86_64-linux-gnu/libbsd.so.0.9.1
7f07f0016000-7f07f0025000 r-xp 00004000 08:02 23600683                   /usr/lib/x86_64-linux-gnu/libbsd.so.0.9.1
7f07f0025000-7f07f0028000 r--p 00013000 08:02 23600683                   /usr/lib/x86_64-linux-gnu/libbsd.so.0.9.1
7f07f0028000-7f07f0029000 ---p 00016000 08:02 23600683                   /usr/lib/x86_64-linux-gnu/libbsd.so.0.9.1
7f07f0029000-7f07f002a000 r--p 00016000 08:02 23600683                   /usr/lib/x86_64-linux-gnu/libbsd.so.0.9.1
7f07f002a000-7f07f002b000 rw-p 00017000 08:02 23600683                   /usr/lib/x86_64-linux-gnu/libbsd.so.0.9.1
7f07f002b000-7f07f002c000 rw-p 00000000 00:00 0 
7f07f002c000-7f07f0037000 r--p 00000000 08:02 23601932                   /usr/lib/x86_64-linux-gnu/libxcb.so.1.1.0
7f07f0037000-7f07f004a000 r-xp 0000b000 08:02 23601932                   /usr/lib/x86_64-linux-gnu/libxcb.so.1.1.0
7f07f004a000-7f07f0053000 r--p 0001e000 08:02 23601932                   /usr/lib/x86_64-linux-gnu/libxcb.so.1.1.0
7f07f0053000-7f07f0054000 r--p 00026000 08:02 23601932                   /usr/lib/x86_64-linux-gnu/libxcb.so.1.1.0
7f07f0054000-7f07f0055000 rw-p 00027000 08:02 23601932                   /usr/lib/x86_64-linux-gnu/libxcb.so.1.1.0
7f07f0055000-7f07f0059000 ---p 00000000 00:00 0 
7f07f0059000-7f07f0656000 rw-p 00000000 00:00 0 
7f07f0656000-7f07f0956000 ---p 00000000 00:00 0 
7f07f0956000-7f07f0bc6000 rwxp 00000000 00:00 0 
7f07f0bc6000-7f07f0ee6000 ---p 00000000 00:00 0 
7f07f0ee6000-7f07f1156000 rwxp 00000000 00:00 0 
7f07f1156000-7f07f841e000 ---p 00000000 00:00 0 
7f07f841e000-7f07f868e000 rwxp 00000000 00:00 0 
7f07f868e000-7f07ff956000 ---p 00000000 00:00 0 
7f07ff956000-7f0808000000 r--s 00000000 08:02 23990663                   /usr/lib/jvm/java-11-openjdk-amd64/lib/modules
7f0808000000-7f0808484000 rw-p 00000000 00:00 0 
7f0808484000-7f080c000000 ---p 00000000 00:00 0 
7f080c001000-7f080c004000 r--p 00000000 08:02 24906119                   /home/kramer/.config/dconf/user
7f080c004000-7f080c005000 r--s 00000000 00:35 35                         /run/user/1000/dconf/user
7f080c005000-7f080c006000 r--p 00000000 08:02 23593407                   /usr/lib/x86_64-linux-gnu/libgmodule-2.0.so.0.6000.0
7f080c006000-7f080c008000 r-xp 00001000 08:02 23593407                   /usr/lib/x86_64-linux-gnu/libgmodule-2.0.so.0.6000.0
7f080c008000-7f080c009000 r--p 00003000 08:02 23593407                   /usr/lib/x86_64-linux-gnu/libgmodule-2.0.so.0.6000.0
7f080c009000-7f080c00a000 r--p 00003000 08:02 23593407                   /usr/lib/x86_64-linux-gnu/libgmodule-2.0.so.0.6000.0
7f080c00a000-7f080c00b000 rw-p 00004000 08:02 23593407                   /usr/lib/x86_64-linux-gnu/libgmodule-2.0.so.0.6000.0
7f080c00b000-7f080c00f000 r--p 00000000 08:02 24250591                   /usr/lib/x86_64-linux-gnu/gio/modules/libdconfsettings.so
7f080c00f000-7f080c016000 r-xp 00004000 08:02 24250591                   /usr/lib/x86_64-linux-gnu/gio/modules/libdconfsettings.so
7f080c016000-7f080c019000 r--p 0000b000 08:02 24250591                   /usr/lib/x86_64-linux-gnu/gio/modules/libdconfsettings.so
7f080c019000-7f080c01a000 ---p 0000e000 08:02 24250591                   /usr/lib/x86_64-linux-gnu/gio/modules/libdconfsettings.so
7f080c01a000-7f080c01b000 r--p 0000e000 08:02 24250591                   /usr/lib/x86_64-linux-gnu/gio/modules/libdconfsettings.so
7f080c01b000-7f080c01c000 rw-p 0000f000 08:02 24250591                   /usr/lib/x86_64-linux-gnu/gio/modules/libdconfsettings.so
7f080c01c000-7f080c01d000 r--p 00000000 08:02 25823354                   /usr/share/locale-langpack/en_AU/LC_MESSAGES/glib20.mo
7f080c01d000-7f080c04e000 rw-p 00000000 00:00 0 
7f080c04e000-7f080c052000 r--p 00000000 08:02 23990653                   /usr/lib/jvm/java-11-openjdk-amd64/lib/libnet.so
7f080c052000-7f080c061000 r-xp 00004000 08:02 23990653                   /usr/lib/jvm/java-11-openjdk-amd64/lib/libnet.so
7f080c061000-7f080c065000 r--p 00013000 08:02 23990653                   /usr/lib/jvm/java-11-openjdk-amd64/lib/libnet.so
7f080c065000-7f080c066000 r--p 00016000 08:02 23990653                   /usr/lib/jvm/java-11-openjdk-amd64/lib/libnet.so
7f080c066000-7f080c067000 rw-p 00017000 08:02 23990653                   /usr/lib/jvm/java-11-openjdk-amd64/lib/libnet.so
7f080c067000-7f080c06e000 r--p 00000000 08:02 23990654                   /usr/lib/jvm/java-11-openjdk-amd64/lib/libnio.so
7f080c06e000-7f080c075000 r-xp 00007000 08:02 23990654                   /usr/lib/jvm/java-11-openjdk-amd64/lib/libnio.so
7f080c075000-7f080c078000 r--p 0000e000 08:02 23990654                   /usr/lib/jvm/java-11-openjdk-amd64/lib/libnio.so
7f080c078000-7f080c079000 r--p 00010000 08:02 23990654                   /usr/lib/jvm/java-11-openjdk-amd64/lib/libnio.so
7f080c079000-7f080c07a000 rw-p 00011000 08:02 23990654                   /usr/lib/jvm/java-11-openjdk-amd64/lib/libnio.so
7f080c07a000-7f080c07e000 ---p 00000000 00:00 0 
7f080c07e000-7f080c17b000 rw-p 00000000 00:00 0 
7f080c17b000-7f080c17c000 ---p 00000000 00:00 0 
7f080c17c000-7f080c3c3000 rw-p 00000000 00:00 0 
7f080c3c3000-7f080c3c4000 ---p 00000000 00:00 0 
7f080c3c4000-7f080c4c5000 rw-p 00000000 00:00 0 
7f080c4c5000-7f080c4c6000 ---p 00000000 00:00 0 
7f080c4c6000-7f080c9cb000 rw-p 00000000 00:00 0 
7f080c9cb000-7f080c9cc000 ---p 00000000 00:00 0 
7f080c9cc000-7f080cacd000 rw-p 00000000 00:00 0 
7f080cacd000-7f080cace000 ---p 00000000 00:00 0 
7f080cace000-7f080cc4f000 rw-p 00000000 00:00 0 
7f080cc4f000-7f080cfe8000 ---p 00000000 00:00 0 
7f080cfe8000-7f080d027000 rw-p 00000000 00:00 0 
7f080d027000-7f080d3c0000 ---p 00000000 00:00 0 
7f080d3c0000-7f080d3ff000 rw-p 00000000 00:00 0 
7f080d3ff000-7f080d798000 ---p 00000000 00:00 0 
7f080d798000-7f080db9d000 rw-p 00000000 00:00 0 
7f080db9d000-7f080db9e000 ---p 00000000 00:00 0 
7f080db9e000-7f080dca4000 rw-p 00000000 00:00 0 
7f080dca4000-7f080dd8a000 ---p 00000000 00:00 0 
7f080dd8a000-7f080dd8f000 rw-p 00000000 00:00 0 
7f080dd8f000-7f080de75000 ---p 00000000 00:00 0 
7f080de75000-7f080de7a000 rw-p 00000000 00:00 0 
7f080de7a000-7f080de81000 ---p 00000000 00:00 0 
7f080de81000-7f080de83000 r--s 00007000 08:02 24382982                   /usr/share/java/java-atk-wrapper.jar
7f080de83000-7f080de85000 r--p 00000000 08:02 23990645                   /usr/lib/jvm/java-11-openjdk-amd64/lib/libjimage.so
7f080de85000-7f080de88000 r-xp 00002000 08:02 23990645                   /usr/lib/jvm/java-11-openjdk-amd64/lib/libjimage.so
7f080de88000-7f080de8a000 r--p 00005000 08:02 23990645                   /usr/lib/jvm/java-11-openjdk-amd64/lib/libjimage.so
7f080de8a000-7f080de8b000 r--p 00006000 08:02 23990645                   /usr/lib/jvm/java-11-openjdk-amd64/lib/libjimage.so
7f080de8b000-7f080de8c000 rw-p 00007000 08:02 23990645                   /usr/lib/jvm/java-11-openjdk-amd64/lib/libjimage.so
7f080de8c000-7f080de8f000 r--p 00000000 08:02 23601425                   /usr/lib/x86_64-linux-gnu/libnss_files-2.29.so
7f080de8f000-7f080de96000 r-xp 00003000 08:02 23601425                   /usr/lib/x86_64-linux-gnu/libnss_files-2.29.so
7f080de96000-7f080de98000 r--p 0000a000 08:02 23601425                   /usr/lib/x86_64-linux-gnu/libnss_files-2.29.so
7f080de98000-7f080de99000 r--p 0000b000 08:02 23601425                   /usr/lib/x86_64-linux-gnu/libnss_files-2.29.so
7f080de99000-7f080de9a000 rw-p 0000c000 08:02 23601425                   /usr/lib/x86_64-linux-gnu/libnss_files-2.29.so
7f080de9a000-7f080dea0000 rw-p 00000000 00:00 0 
7f080dea0000-7f080dea2000 r--p 00000000 08:02 23990662                   /usr/lib/jvm/java-11-openjdk-amd64/lib/libzip.so
7f080dea2000-7f080dea6000 r-xp 00002000 08:02 23990662                   /usr/lib/jvm/java-11-openjdk-amd64/lib/libzip.so
7f080dea6000-7f080dea8000 r--p 00006000 08:02 23990662                   /usr/lib/jvm/java-11-openjdk-amd64/lib/libzip.so
7f080dea8000-7f080dea9000 r--p 00007000 08:02 23990662                   /usr/lib/jvm/java-11-openjdk-amd64/lib/libzip.so
7f080dea9000-7f080deaa000 rw-p 00008000 08:02 23990662                   /usr/lib/jvm/java-11-openjdk-amd64/lib/libzip.so
7f080deaa000-7f080deb2000 rw-s 00000000 08:02 2753649                    /tmp/hsperfdata_kramer/12681
7f080deb2000-7f080deb3000 ---p 00000000 00:00 0 
7f080deb3000-7f080deb4000 r--p 00000000 00:00 0 
7f080deb4000-7f080dec1000 r--p 00000000 08:02 23990641                   /usr/lib/jvm/java-11-openjdk-amd64/lib/libjava.so
7f080dec1000-7f080ded6000 r-xp 0000d000 08:02 23990641                   /usr/lib/jvm/java-11-openjdk-amd64/lib/libjava.so
7f080ded6000-7f080dedd000 r--p 00022000 08:02 23990641                   /usr/lib/jvm/java-11-openjdk-amd64/lib/libjava.so
7f080dedd000-7f080dede000 r--p 00028000 08:02 23990641                   /usr/lib/jvm/java-11-openjdk-amd64/lib/libjava.so
7f080dede000-7f080dee0000 rw-p 00029000 08:02 23990641                   /usr/lib/jvm/java-11-openjdk-amd64/lib/libjava.so
7f080dee0000-7f080dee3000 r--p 00000000 08:02 23601631                   /usr/lib/x86_64-linux-gnu/librt-2.29.so
7f080dee3000-7f080dee7000 r-xp 00003000 08:02 23601631                   /usr/lib/x86_64-linux-gnu/librt-2.29.so
7f080dee7000-7f080dee9000 r--p 00007000 08:02 23601631                   /usr/lib/x86_64-linux-gnu/librt-2.29.so
7f080dee9000-7f080deea000 r--p 00008000 08:02 23601631                   /usr/lib/x86_64-linux-gnu/librt-2.29.so
7f080deea000-7f080deeb000 rw-p 00009000 08:02 23601631                   /usr/lib/x86_64-linux-gnu/librt-2.29.so
7f080deeb000-7f080deef000 ---p 00000000 00:00 0 
7f080deef000-7f080dfec000 rw-p 00000000 00:00 0 
7f080dfec000-7f080dfef000 r--p 00000000 08:02 23596996                   /usr/lib/x86_64-linux-gnu/libgcc_s.so.1
7f080dfef000-7f080e000000 r-xp 00003000 08:02 23596996                   /usr/lib/x86_64-linux-gnu/libgcc_s.so.1
7f080e000000-7f080e004000 r--p 00014000 08:02 23596996                   /usr/lib/x86_64-linux-gnu/libgcc_s.so.1
7f080e004000-7f080e005000 r--p 00017000 08:02 23596996                   /usr/lib/x86_64-linux-gnu/libgcc_s.so.1
7f080e005000-7f080e006000 rw-p 00018000 08:02 23596996                   /usr/lib/x86_64-linux-gnu/libgcc_s.so.1
7f080e006000-7f080e015000 r--p 00000000 08:02 23601302                   /usr/lib/x86_64-linux-gnu/libm-2.29.so
7f080e015000-7f080e0bb000 r-xp 0000f000 08:02 23601302                   /usr/lib/x86_64-linux-gnu/libm-2.29.so
7f080e0bb000-7f080e152000 r--p 000b5000 08:02 23601302                   /usr/lib/x86_64-linux-gnu/libm-2.29.so
7f080e152000-7f080e153000 r--p 0014b000 08:02 23601302                   /usr/lib/x86_64-linux-gnu/libm-2.29.so
7f080e153000-7f080e154000 rw-p 0014c000 08:02 23601302                   /usr/lib/x86_64-linux-gnu/libm-2.29.so
7f080e154000-7f080e1e9000 r--p 00000000 08:02 23594558                   /usr/lib/x86_64-linux-gnu/libstdc++.so.6.0.26
7f080e1e9000-7f080e2db000 r-xp 00095000 08:02 23594558                   /usr/lib/x86_64-linux-gnu/libstdc++.so.6.0.26
7f080e2db000-7f080e324000 r--p 00187000 08:02 23594558                   /usr/lib/x86_64-linux-gnu/libstdc++.so.6.0.26
7f080e324000-7f080e325000 ---p 001d0000 08:02 23594558                   /usr/lib/x86_64-linux-gnu/libstdc++.so.6.0.26
7f080e325000-7f080e330000 r--p 001d0000 08:02 23594558                   /usr/lib/x86_64-linux-gnu/libstdc++.so.6.0.26
7f080e330000-7f080e333000 rw-p 001db000 08:02 23594558                   /usr/lib/x86_64-linux-gnu/libstdc++.so.6.0.26
7f080e333000-7f080e336000 rw-p 00000000 00:00 0 
7f080e336000-7f080e5a5000 r--p 00000000 08:02 23990668                   /usr/lib/jvm/java-11-openjdk-amd64/lib/server/libjvm.so
7f080e5a5000-7f080f0c5000 r-xp 0026f000 08:02 23990668                   /usr/lib/jvm/java-11-openjdk-amd64/lib/server/libjvm.so
7f080f0c5000-7f080f2fe000 r--p 00d8f000 08:02 23990668                   /usr/lib/jvm/java-11-openjdk-amd64/lib/server/libjvm.so
7f080f2fe000-7f080f2ff000 ---p 00fc8000 08:02 23990668                   /usr/lib/jvm/java-11-openjdk-amd64/lib/server/libjvm.so
7f080f2ff000-7f080f3bc000 r--p 00fc8000 08:02 23990668                   /usr/lib/jvm/java-11-openjdk-amd64/lib/server/libjvm.so
7f080f3bc000-7f080f3f5000 rw-p 01085000 08:02 23990668                   /usr/lib/jvm/java-11-openjdk-amd64/lib/server/libjvm.so
7f080f3f5000-7f080f44d000 rw-p 00000000 00:00 0 
7f080f44d000-7f080f454000 r--p 00000000 08:02 23601565                   /usr/lib/x86_64-linux-gnu/libpthread-2.29.so
7f080f454000-7f080f463000 r-xp 00007000 08:02 23601565                   /usr/lib/x86_64-linux-gnu/libpthread-2.29.so
7f080f463000-7f080f468000 r--p 00016000 08:02 23601565                   /usr/lib/x86_64-linux-gnu/libpthread-2.29.so
7f080f468000-7f080f469000 r--p 0001a000 08:02 23601565                   /usr/lib/x86_64-linux-gnu/libpthread-2.29.so
7f080f469000-7f080f46a000 rw-p 0001b000 08:02 23601565                   /usr/lib/x86_64-linux-gnu/libpthread-2.29.so
7f080f46a000-7f080f46e000 rw-p 00000000 00:00 0 
7f080f46e000-7f080f46f000 r--p 00000000 08:02 23600824                   /usr/lib/x86_64-linux-gnu/libdl-2.29.so
7f080f46f000-7f080f471000 r-xp 00001000 08:02 23600824                   /usr/lib/x86_64-linux-gnu/libdl-2.29.so
7f080f471000-7f080f472000 r--p 00003000 08:02 23600824                   /usr/lib/x86_64-linux-gnu/libdl-2.29.so
7f080f472000-7f080f473000 r--p 00003000 08:02 23600824                   /usr/lib/x86_64-linux-gnu/libdl-2.29.so
7f080f473000-7f080f474000 rw-p 00004000 08:02 23600824                   /usr/lib/x86_64-linux-gnu/libdl-2.29.so
7f080f474000-7f080f476000 r--p 00000000 08:02 23601962                   /usr/lib/x86_64-linux-gnu/libz.so.1.2.11
7f080f476000-7f080f487000 r-xp 00002000 08:02 23601962                   /usr/lib/x86_64-linux-gnu/libz.so.1.2.11
7f080f487000-7f080f48d000 r--p 00013000 08:02 23601962                   /usr/lib/x86_64-linux-gnu/libz.so.1.2.11
7f080f48d000-7f080f48e000 ---p 00019000 08:02 23601962                   /usr/lib/x86_64-linux-gnu/libz.so.1.2.11
7f080f48e000-7f080f48f000 r--p 00019000 08:02 23601962                   /usr/lib/x86_64-linux-gnu/libz.so.1.2.11
7f080f48f000-7f080f490000 rw-p 0001a000 08:02 23601962                   /usr/lib/x86_64-linux-gnu/libz.so.1.2.11
7f080f490000-7f080f4b5000 r--p 00000000 08:02 23600687                   /usr/lib/x86_64-linux-gnu/libc-2.29.so
7f080f4b5000-7f080f628000 r-xp 00025000 08:02 23600687                   /usr/lib/x86_64-linux-gnu/libc-2.29.so
7f080f628000-7f080f671000 r--p 00198000 08:02 23600687                   /usr/lib/x86_64-linux-gnu/libc-2.29.so
7f080f671000-7f080f674000 r--p 001e0000 08:02 23600687                   /usr/lib/x86_64-linux-gnu/libc-2.29.so
7f080f674000-7f080f677000 rw-p 001e3000 08:02 23600687                   /usr/lib/x86_64-linux-gnu/libc-2.29.so
7f080f677000-7f080f67b000 rw-p 00000000 00:00 0 
7f080f67b000-7f080f67c000 r--p 00000000 08:02 25823436                   /usr/share/locale-langpack/en_AU/LC_MESSAGES/libc.mo
7f080f67c000-7f080f681000 r--p 00000000 08:02 23990661                   /usr/lib/jvm/java-11-openjdk-amd64/lib/libverify.so
7f080f681000-7f080f688000 r-xp 00005000 08:02 23990661                   /usr/lib/jvm/java-11-openjdk-amd64/lib/libverify.so
7f080f688000-7f080f68a000 r--p 0000c000 08:02 23990661                   /usr/lib/jvm/java-11-openjdk-amd64/lib/libverify.so
7f080f68a000-7f080f68c000 r--p 0000d000 08:02 23990661                   /usr/lib/jvm/java-11-openjdk-amd64/lib/libverify.so
7f080f68c000-7f080f68d000 rw-p 0000f000 08:02 23990661                   /usr/lib/jvm/java-11-openjdk-amd64/lib/libverify.so
7f080f68d000-7f080f690000 r--p 00000000 08:02 23990625                   /usr/lib/jvm/java-11-openjdk-amd64/lib/jli/libjli.so
7f080f690000-7f080f69a000 r-xp 00003000 08:02 23990625                   /usr/lib/jvm/java-11-openjdk-amd64/lib/jli/libjli.so
7f080f69a000-7f080f69d000 r--p 0000d000 08:02 23990625                   /usr/lib/jvm/java-11-openjdk-amd64/lib/jli/libjli.so
7f080f69d000-7f080f69e000 r--p 0000f000 08:02 23990625                   /usr/lib/jvm/java-11-openjdk-amd64/lib/jli/libjli.so
7f080f69e000-7f080f69f000 rw-p 00010000 08:02 23990625                   /usr/lib/jvm/java-11-openjdk-amd64/lib/jli/libjli.so
7f080f69f000-7f080f6a1000 rw-p 00000000 00:00 0 
7f080f6a1000-7f080f6a2000 r--p 00000000 08:02 23600471                   /usr/lib/x86_64-linux-gnu/ld-2.29.so
7f080f6a2000-7f080f6c3000 r-xp 00001000 08:02 23600471                   /usr/lib/x86_64-linux-gnu/ld-2.29.so
7f080f6c3000-7f080f6cb000 r--p 00022000 08:02 23600471                   /usr/lib/x86_64-linux-gnu/ld-2.29.so
7f080f6cb000-7f080f6cc000 r--p 00029000 08:02 23600471                   /usr/lib/x86_64-linux-gnu/ld-2.29.so
7f080f6cc000-7f080f6cd000 rw-p 0002a000 08:02 23600471                   /usr/lib/x86_64-linux-gnu/ld-2.29.so
7f080f6cd000-7f080f6ce000 rw-p 00000000 00:00 0 
7ffe991fd000-7ffe9921f000 rw-p 00000000 00:00 0                          [stack]
7ffe9923e000-7ffe99241000 r--p 00000000 00:00 0                          [vvar]
7ffe99241000-7ffe99242000 r-xp 00000000 00:00 0                          [vdso]
ffffffffff600000-ffffffffff601000 r-xp 00000000 00:00 0                  [vsyscall]


VM Arguments:
jvm_args: -Dfile.encoding=UTF-8 -Duser.country=AU -Duser.language=en -Duser.variant 
java_command: ExampleSwingApp
java_class_path (initial): /home/kramer/Downloads/RobotArena-master/RobotAreana/start/build/classes/java/main:/home/kramer/Downloads/RobotArena-master/RobotAreana/start/build/classes/groovy/main:/home/kramer/Downloads/RobotArena-master/RobotAreana/start/build/resources/main:/home/kramer/Downloads/RobotArena-master/RobotAreana/AIBasic/build/libs/AIBasic.jar:/home/kramer/Downloads/RobotArena-master/RobotAreana/robot/build/libs/robot.jar:/home/kramer/Downloads/RobotArena-master/RobotAreana/main/build/libs/main.jar
Launcher Type: SUN_STANDARD

[Global flags]
     intx CICompilerCount                          = 3                                         {product} {ergonomic}
     uint ConcGCThreads                            = 1                                         {product} {ergonomic}
     uint G1ConcRefinementThreads                  = 4                                         {product} {ergonomic}
   size_t G1HeapRegionSize                         = 1048576                                   {product} {ergonomic}
    uintx GCDrainStackTargetSize                   = 64                                        {product} {ergonomic}
   size_t InitialHeapSize                          = 130023424                                 {product} {ergonomic}
   size_t MarkStackSize                            = 4194304                                   {product} {ergonomic}
   size_t MaxHeapSize                              = 2063597568                                {product} {ergonomic}
   size_t MaxNewSize                               = 1237319680                                {product} {ergonomic}
   size_t MinHeapDeltaBytes                        = 1048576                                   {product} {ergonomic}
    uintx NonNMethodCodeHeapSize                   = 5830092                                {pd product} {ergonomic}
    uintx NonProfiledCodeHeapSize                  = 122914074                              {pd product} {ergonomic}
    uintx ProfiledCodeHeapSize                     = 122914074                              {pd product} {ergonomic}
    uintx ReservedCodeCacheSize                    = 251658240                              {pd product} {ergonomic}
     bool SegmentedCodeCache                       = true                                      {product} {ergonomic}
     bool UseCompressedClassPointers               = true                                 {lp64_product} {ergonomic}
     bool UseCompressedOops                        = true                                 {lp64_product} {ergonomic}
     bool UseG1GC                                  = true                                      {product} {ergonomic}

Logging:
Log output configuration:
 #0: stdout all=warning uptime,level,tags
 #1: stderr all=off uptime,level,tags

Environment Variables:
PATH=/home/kramer/.local/bin:/usr/local/sbin:/usr/local/bin:/usr/sbin:/usr/bin:/sbin:/bin:/usr/games:/usr/local/games:/snap/bin
USERNAME=kramer
LD_LIBRARY_PATH=/home/kramer/Downloads/RobotArena-master/RobotAreana/AIBasic/build/libs/mynativelibrary/shared
SHELL=/bin/bash
DISPLAY=:0

Signal Handlers:
SIGSEGV: [libjvm.so+0xd1cc80], sa_mask[0]=11111111011111111101111111111110, sa_flags=SA_RESTART|SA_SIGINFO
SIGBUS: [libjvm.so+0xd1cc80], sa_mask[0]=11111111011111111101111111111110, sa_flags=SA_RESTART|SA_SIGINFO
SIGFPE: [libjvm.so+0xd1cc80], sa_mask[0]=11111111011111111101111111111110, sa_flags=SA_RESTART|SA_SIGINFO
SIGPIPE: SIG_IGN, sa_mask[0]=00000000000010000000000000000000, sa_flags=SA_RESTART
SIGXFSZ: [libjvm.so+0xb239a0], sa_mask[0]=11111111011111111101111111111110, sa_flags=SA_RESTART|SA_SIGINFO
SIGILL: [libjvm.so+0xd1cc80], sa_mask[0]=11111111011111111101111111111110, sa_flags=SA_RESTART|SA_SIGINFO
SIGUSR2: [libjvm.so+0xb23830], sa_mask[0]=00100000000000000000000000000000, sa_flags=SA_RESTART|SA_SIGINFO
SIGHUP: [libjvm.so+0xb23ce0], sa_mask[0]=11111111011111111101111111111110, sa_flags=SA_RESTART|SA_SIGINFO
SIGINT: [libjvm.so+0xb23ce0], sa_mask[0]=11111111011111111101111111111110, sa_flags=SA_RESTART|SA_SIGINFO
SIGTERM: [libjvm.so+0xb23ce0], sa_mask[0]=11111111011111111101111111111110, sa_flags=SA_RESTART|SA_SIGINFO
SIGQUIT: [libjvm.so+0xb23ce0], sa_mask[0]=11111111011111111101111111111110, sa_flags=SA_RESTART|SA_SIGINFO


---------------  S Y S T E M  ---------------

OS:DISTRIB_ID=Ubuntu
DISTRIB_RELEASE=19.04
DISTRIB_CODENAME=disco
DISTRIB_DESCRIPTION="Ubuntu 19.04"
uname:Linux 5.0.0-32-generic #34-Ubuntu SMP Wed Oct 2 02:06:48 UTC 2019 x86_64
libc:glibc 2.29 NPTL 2.29 
rlimit: STACK 8192k, CORE 0k, NPROC 31283, NOFILE 524288, AS infinity, DATA infinity, FSIZE infinity
load average:1.23 0.98 1.01

/proc/meminfo:
MemTotal:        8057228 kB
MemFree:         1680504 kB
MemAvailable:    3589140 kB
Buffers:          142380 kB
Cached:          1963688 kB
SwapCached:            0 kB
Active:          4622604 kB
Inactive:        1344676 kB
Active(anon):    3789136 kB
Inactive(anon):   120144 kB
Active(file):     833468 kB
Inactive(file):  1224532 kB
Unevictable:        3452 kB
Mlocked:              16 kB
SwapTotal:       2097148 kB
SwapFree:        2097148 kB
Dirty:              2188 kB
Writeback:            84 kB
AnonPages:       3864656 kB
Mapped:           617984 kB
Shmem:            125480 kB
KReclaimable:     141836 kB
Slab:             242624 kB
SReclaimable:     141836 kB
SUnreclaim:       100788 kB
KernelStack:       16920 kB
PageTables:        36772 kB
NFS_Unstable:          0 kB
Bounce:                0 kB
WritebackTmp:          0 kB
CommitLimit:     6125760 kB
Committed_AS:   12337456 kB
VmallocTotal:   34359738367 kB
VmallocUsed:           0 kB
VmallocChunk:          0 kB
Percpu:             2192 kB
HardwareCorrupted:     0 kB
AnonHugePages:         0 kB
ShmemHugePages:        0 kB
ShmemPmdMapped:        0 kB
CmaTotal:              0 kB
CmaFree:               0 kB
HugePages_Total:       0
HugePages_Free:        0
HugePages_Rsvd:        0
HugePages_Surp:        0
Hugepagesize:       2048 kB
Hugetlb:               0 kB
DirectMap4k:      244272 kB
DirectMap2M:     5939200 kB
DirectMap1G:     2097152 kB


/proc/sys/kernel/threads-max (system-wide limit on the number of threads):
62566


/proc/sys/vm/max_map_count (maximum number of memory map areas a process may have):
65530


/proc/sys/kernel/pid_max (system-wide limit on number of process identifiers):
32768



container (cgroup) information:
container_type: cgroupv1
cpu_cpuset_cpus: 0-3
cpu_memory_nodes: 0
active_processor_count: 4
cpu_quota: -1
cpu_period: 100000
cpu_shares: -1
memory_limit_in_bytes: -1
memory_and_swap_limit_in_bytes: -2
memory_soft_limit_in_bytes: -1
memory_usage_in_bytes: 1158086656
memory_max_usage_in_bytes: 1169940480

Steal ticks since vm start: 0
Steal ticks percentage since vm start:  0.000

CPU:total 4 (initial active 4) (4 cores per cpu, 1 threads per core) family 6 model 60 stepping 3, cmov, cx8, fxsr, mmx, sse, sse2, sse3, ssse3, sse4.1, sse4.2, popcnt, avx, avx2, aes, clmul, erms, lzcnt, tsc, tscinvbit, bmi1, bmi2, fma
CPU Model and flags from /proc/cpuinfo:
model name	: Intel(R) Core(TM) i5-4690 CPU @ 3.50GHz
flags		: fpu vme de pse tsc msr pae mce cx8 apic sep mtrr pge mca cmov pat pse36 clflush dts acpi mmx fxsr sse sse2 ss ht tm pbe syscall nx pdpe1gb rdtscp lm constant_tsc arch_perfmon pebs bts rep_good nopl xtopology nonstop_tsc cpuid aperfmperf pni pclmulqdq dtes64 monitor ds_cpl vmx smx est tm2 ssse3 sdbg fma cx16 xtpr pdcm pcid sse4_1 sse4_2 x2apic movbe popcnt tsc_deadline_timer aes xsave avx f16c rdrand lahf_lm abm cpuid_fault invpcid_single pti ssbd ibrs ibpb stibp tpr_shadow vnmi flexpriority ept vpid ept_ad fsgsbase tsc_adjust bmi1 avx2 smep bmi2 erms invpcid xsaveopt dtherm ida arat pln pts md_clear flush_l1d

Memory: 4k page, physical 8057228k(1680504k free), swap 2097148k(2097148k free)

vm_info: OpenJDK 64-Bit Server VM (11.0.4+11-post-Ubuntu-1ubuntu219.04) for linux-amd64 JRE (11.0.4+11-post-Ubuntu-1ubuntu219.04), built on Jul 18 2019 18:21:46 by "buildd" with gcc 8.3.0

END.
