#
# A fatal error has been detected by the Java Runtime Environment:
#
#  SIGSEGV (0xb) at pc=0x00007fb788f6eb3a, pid=23384, tid=23408
#
# JRE version: OpenJDK Runtime Environment (11.0.4+11) (build 11.0.4+11-post-Ubuntu-1ubuntu219.04)
# Java VM: OpenJDK 64-Bit Server VM (11.0.4+11-post-Ubuntu-1ubuntu219.04, mixed mode, sharing, tiered, compressed oops, g1 gc, linux-amd64)
# Problematic frame:
# V  [libjvm.so+0x863b3a]
#
# Core dump will be written. Default location: Core dumps may be processed with "/usr/share/apport/apport %p %s %c %d %P" (or dumping to /home/kramer/Downloads/RobotArena-master/RobotAreana/start/core.23384)
#
# If you would like to submit a bug report, please visit:
#   https://bugs.launchpad.net/ubuntu/+source/openjdk-lts
#

---------------  S U M M A R Y ------------

Command Line: -Dfile.encoding=UTF-8 -Duser.country=AU -Duser.language=en -Duser.variant ExampleSwingApp

Host: Intel(R) Core(TM) i5-4690 CPU @ 3.50GHz, 4 cores, 7G, Ubuntu 19.04
Time: Mon Oct 28 21:51:33 2019 AWST elapsed time: 2 seconds (0d 0h 0m 2s)

---------------  T H R E A D  ---------------

Current thread (0x00007fb784414800):  JavaThread "Thomas" [_thread_in_vm, id=23408, stack(0x00007fb71baf7000,0x00007fb71bbf8000)]

Stack: [0x00007fb71baf7000,0x00007fb71bbf8000],  sp=0x00007fb71bbf6470,  free space=1021k
Native frames: (J=compiled Java code, A=aot compiled Java code, j=interpreted, Vv=VM code, C=native code)
V  [libjvm.so+0x863b3a]
V  [libjvm.so+0x8646b6]
C  [libmynativelibrary.so+0x1700]  Java_CRobot_startCPP+0x5fb
j  CRobot.startCPP(LRobotControl;)V+0
j  CRobot$1.run()V+8
j  java.lang.Thread.run()V+11 java.base@11.0.4
v  ~StubRoutines::call_stub
V  [libjvm.so+0x7f40b1]
V  [libjvm.so+0x7f2550]
V  [libjvm.so+0x7f260b]
V  [libjvm.so+0x88e63c]
V  [libjvm.so+0xcc0060]
V  [libjvm.so+0xcc0350]
V  [libjvm.so+0xcbbee4]
V  [libjvm.so+0xb2cbee]

Java frames: (J=compiled Java code, j=interpreted, Vv=VM code)
j  CRobot.startCPP(LRobotControl;)V+0
j  CRobot$1.run()V+8
j  java.lang.Thread.run()V+11 java.base@11.0.4
v  ~StubRoutines::call_stub

siginfo: si_signo: 11 (SIGSEGV), si_code: 1 (SEGV_MAPERR), si_addr: 0x000000000000000b

Register to memory mapping:

RAX=0x0000000000000003 is an unknown value
RBX=0x00007fb784414800 is a thread
RCX=0x00007fb784178398 points into unknown readable memory: 68 7a ec 60 b7 7f 00 00
RDX=0x00007fb7897dddac: <offset 0x00000000010d2dac> in /usr/lib/jvm/java-11-openjdk-amd64/lib/server/libjvm.so at 0x00007fb78870b000
RSP=0x00007fb71bbf6470 is pointing into the stack for thread: 0x00007fb784414800
RBP=0x00007fb71bbf65d0 is pointing into the stack for thread: 0x00007fb784414800
RSI=0x0000000000000006 is an unknown value
RDI=0x00007fb71bbf6498 is pointing into the stack for thread: 0x00007fb784414800
R8 =0x00007fb760ec7a18 is pointing into metadata
R9 =0x00007fb784414800 is a thread
R10=0x00007fb7844150c0 points into unknown readable memory: 00 af 10 00 08 00 00 00
R11=0x00007fb76c9567bf is at begin+0 in a stub
StubRoutines::call_stub [0x00007fb76c9567bf, 0x00007fb76c9568ad[ (238 bytes)
R12=0x00007fb71bbf6640 is pointing into the stack for thread: 0x00007fb784414800
R13=0x00007fb71bbf65f0 is pointing into the stack for thread: 0x00007fb784414800
R14=0x0000000000000001 is an unknown value
R15=0x00007fb71bbf6800 is pointing into the stack for thread: 0x00007fb784414800


Registers:
RAX=0x0000000000000003, RBX=0x00007fb784414800, RCX=0x00007fb784178398, RDX=0x00007fb7897dddac
RSP=0x00007fb71bbf6470, RBP=0x00007fb71bbf65d0, RSI=0x0000000000000006, RDI=0x00007fb71bbf6498
R8 =0x00007fb760ec7a18, R9 =0x00007fb784414800, R10=0x00007fb7844150c0, R11=0x00007fb76c9567bf
R12=0x00007fb71bbf6640, R13=0x00007fb71bbf65f0, R14=0x0000000000000001, R15=0x00007fb71bbf6800
RIP=0x00007fb788f6eb3a, EFLAGS=0x0000000000010202, CSGSFS=0x002b000000000033, ERR=0x0000000000000004
  TRAPNO=0x000000000000000e

Top of Stack: (sp=0x00007fb71bbf6470)
0x00007fb71bbf6470:   00007fb788f7d0f0 00007fb71bbf6510
0x00007fb71bbf6480:   00007fb71bbf64a0 00007fb784414b40
0x00007fb71bbf6490:   000000000000003f 00007fb7844121b8
0x00007fb71bbf64a0:   00007fb760ec7a68 00007fb784414800 

Instructions: (pc=0x00007fb788f6eb3a)
0x00007fb788f6ea3a:   48 8d 7d b8 49 89 44 24 18 48 8b 43 20 49 89 44
0x00007fb788f6ea4a:   24 20 e8 9f f0 00 00 48 83 c4 38 5b 41 5c 41 5d
0x00007fb788f6ea5a:   5d c3 0f 1f 40 00 48 8d 15 ae ea 86 00 0f b6 12
0x00007fb788f6ea6a:   84 d2 0f 84 78 ff ff ff 48 89 df e8 86 cc ee ff
0x00007fb788f6ea7a:   e9 74 ff ff ff 90 48 89 df 31 db e8 26 38 45 00
0x00007fb788f6ea8a:   e9 0c ff ff ff 90 4c 89 e7 e8 c8 f1 00 00 49 8b
0x00007fb788f6ea9a:   7d 00 48 89 de 48 89 c2 48 8b 0f ff 91 18 02 00
0x00007fb788f6eaaa:   00 e9 43 ff ff ff 55 48 89 e5 41 57 41 56 41 55
0x00007fb788f6eaba:   41 54 53 4c 89 cb 48 81 ec 38 01 00 00 48 89 bd
0x00007fb788f6eaca:   b8 fe ff ff 48 85 d2 0f 84 a9 02 00 00 48 89 d7
0x00007fb788f6eada:   49 89 f5 49 89 ce 4d 89 c4 e8 78 f1 00 00 48 85
0x00007fb788f6eaea:   c0 0f 84 8f 02 00 00 48 89 c2 48 89 de 48 8d bd
0x00007fb788f6eafa:   c8 fe ff ff e8 4d 6f b6 ff 49 8b 06 4c 8b 40 08
0x00007fb788f6eb0a:   8b 70 24 45 0f b7 70 34 83 fe f7 0f 8c 15 02 00
0x00007fb788f6eb1a:   00 83 fe fe 74 32 48 8d 15 85 f2 86 00 48 8b 85
0x00007fb788f6eb2a:   c8 fe ff ff 80 3a 00 48 8b 00 0f 84 a6 02 00 00
0x00007fb788f6eb3a:   8b 78 08 48 8d 05 0c 2a 84 00 8b 48 08 48 d3 e7
0x00007fb788f6eb4a:   48 03 38 e8 1e 55 12 00 48 89 85 b0 fe ff ff f3
0x00007fb788f6eb5a:   0f 7e 85 b0 fe ff ff 48 89 9d b0 fe ff ff 0f 16
0x00007fb788f6eb6a:   85 b0 fe ff ff 0f 29 85 d0 fe ff ff 48 85 c0 74
0x00007fb788f6eb7a:   22 4c 8b bb 80 02 00 00 49 63 37 41 3b 77 04 0f
0x00007fb788f6eb8a:   84 61 02 00 00 8d 56 01 41 89 17 49 8b 57 18 48
0x00007fb788f6eb9a:   89 04 f2 48 8b 83 70 02 00 00 4c 8d bd 50 ff ff
0x00007fb788f6ebaa:   ff 41 0f b7 f6 4c 8d b5 10 ff ff ff 4c 89 ff f3
0x00007fb788f6ebba:   0f 7e 40 18 48 89 85 b0 fe ff ff f3 0f 7e 8d b0
0x00007fb788f6ebca:   fe ff ff 0f 16 40 20 0f 16 48 10 48 8b 40 28 0f
0x00007fb788f6ebda:   29 85 f0 fe ff ff 0f 29 8d e0 fe ff ff 48 89 85
0x00007fb788f6ebea:   00 ff ff ff e8 3d da ee ff 48 63 45 b8 48 8b 4d
0x00007fb788f6ebfa:   b0 4d 89 7c 24 20 48 8b bd c8 fe ff ff c6 04 01
0x00007fb788f6ec0a:   02 48 63 75 b8 48 8b 4d a8 48 89 f0 83 c0 01 48
0x00007fb788f6ec1a:   89 3c f1 4c 89 f7 89 45 b8 49 8b 04 24 4c 8b 88
0x00007fb788f6ec2a:   a0 00 00 00 48 8b 85 d0 fe ff ff 48 8b 40 08 4c 


Stack slot to memory mapping:
stack at sp + 0 slots: 0x00007fb788f7d0f0: <offset 0x00000000008720f0> in /usr/lib/jvm/java-11-openjdk-amd64/lib/server/libjvm.so at 0x00007fb78870b000
stack at sp + 1 slots: 0x00007fb71bbf6510 is pointing into the stack for thread: 0x00007fb784414800
stack at sp + 2 slots: 0x00007fb71bbf64a0 is pointing into the stack for thread: 0x00007fb784414800
stack at sp + 3 slots: 0x00007fb784414b40 points into unknown readable memory: e0 7f 79 89 b7 7f 00 00
stack at sp + 4 slots: 0x000000000000003f is an unknown value
stack at sp + 5 slots: 0x00007fb7844121b8 points into unknown readable memory: 03 00 00 00 00 00 00 00
stack at sp + 6 slots: {method} {0x00007fb760ec7a68} 'getName' '()Ljava/lang/String;' in 'RobotInfo'
stack at sp + 7 slots: 0x00007fb784414800 is a thread


---------------  P R O C E S S  ---------------

Threads class SMR info:
_java_thread_list=0x00007fb6ec08f4d0, length=18, elements={
0x00007fb784107000, 0x00007fb784109000, 0x00007fb78410e800, 0x00007fb784110800,
0x00007fb784112800, 0x00007fb784114800, 0x00007fb784143800, 0x00007fb78414c000,
0x00007fb7842d2000, 0x00007fb78435c000, 0x00007fb7843ec800, 0x00007fb784414800,
0x00007fb784417000, 0x00007fb784418000, 0x00007fb78441a800, 0x00007fb78441c800,
0x00007fb784011800, 0x00007fb6ec08e000
}

Java Threads: ( => current thread )
  0x00007fb784107000 JavaThread "Reference Handler" daemon [_thread_blocked, id=23392, stack(0x00007fb7607e5000,0x00007fb7608e6000)]
  0x00007fb784109000 JavaThread "Finalizer" daemon [_thread_blocked, id=23393, stack(0x00007fb7606e4000,0x00007fb7607e5000)]
  0x00007fb78410e800 JavaThread "Signal Dispatcher" daemon [_thread_blocked, id=23394, stack(0x00007fb7605e3000,0x00007fb7606e4000)]
  0x00007fb784110800 JavaThread "C2 CompilerThread0" daemon [_thread_blocked, id=23395, stack(0x00007fb7604e2000,0x00007fb7605e3000)]
  0x00007fb784112800 JavaThread "C1 CompilerThread0" daemon [_thread_blocked, id=23396, stack(0x00007fb7603e1000,0x00007fb7604e2000)]
  0x00007fb784114800 JavaThread "Sweeper thread" daemon [_thread_blocked, id=23397, stack(0x00007fb7602e0000,0x00007fb7603e1000)]
  0x00007fb784143800 JavaThread "Service Thread" daemon [_thread_blocked, id=23399, stack(0x00007fb7601df000,0x00007fb7602e0000)]
  0x00007fb78414c000 JavaThread "Common-Cleaner" daemon [_thread_blocked, id=23401, stack(0x00007fb743124000,0x00007fb743225000)]
  0x00007fb7842d2000 JavaThread "Java2D Disposer" daemon [_thread_blocked, id=23405, stack(0x00007fb740094000,0x00007fb740195000)]
  0x00007fb78435c000 JavaThread "AWT-XAWT" daemon [_thread_in_native, id=23406, stack(0x00007fb71bcf9000,0x00007fb71bdfa000)]
  0x00007fb7843ec800 JavaThread "Image Fetcher 0" daemon [_thread_blocked, id=23407, stack(0x00007fb71bbf8000,0x00007fb71bcf9000)]
=>0x00007fb784414800 JavaThread "Thomas" [_thread_in_vm, id=23408, stack(0x00007fb71baf7000,0x00007fb71bbf8000)]
  0x00007fb784417000 JavaThread "Thomas" [_thread_blocked, id=23409, stack(0x00007fb71b9f6000,0x00007fb71baf7000)]
  0x00007fb784418000 JavaThread "Thomas" [_thread_blocked, id=23410, stack(0x00007fb71b8f5000,0x00007fb71b9f6000)]
  0x00007fb78441a800 JavaThread "AWT-Shutdown" [_thread_blocked, id=23414, stack(0x00007fb71b4ee000,0x00007fb71b5ef000)]
  0x00007fb78441c800 JavaThread "AWT-EventQueue-0" [_thread_blocked, id=23415, stack(0x00007fb71b3ed000,0x00007fb71b4ee000)]
  0x00007fb784011800 JavaThread "DestroyJavaVM" [_thread_blocked, id=23385, stack(0x00007fb7882c0000,0x00007fb7883c1000)]
  0x00007fb6ec08e000 JavaThread "TimerQueue" daemon [_thread_blocked, id=23416, stack(0x00007fb71b2ec000,0x00007fb71b3ed000)]

Other Threads:
  0x00007fb784104000 VMThread "VM Thread" [stack: 0x00007fb7608e8000,0x00007fb7609e8000] [id=23391]
  0x00007fb784146000 WatcherThread [stack: 0x00007fb7600df000,0x00007fb7601df000] [id=23400]
  0x00007fb784027000 GCTaskThread "GC Thread#0" [stack: 0x00007fb76c856000,0x00007fb76c956000] [id=23386]
  0x00007fb750001000 GCTaskThread "GC Thread#1" [stack: 0x00007fb71b7f5000,0x00007fb71b8f5000] [id=23411]
  0x00007fb750003000 GCTaskThread "GC Thread#2" [stack: 0x00007fb71b6f3000,0x00007fb71b7f3000] [id=23412]
  0x00007fb750004800 GCTaskThread "GC Thread#3" [stack: 0x00007fb71b5f1000,0x00007fb71b6f1000] [id=23413]
  0x00007fb784058000 ConcurrentGCThread "G1 Main Marker" [stack: 0x00007fb7639d0000,0x00007fb763ad0000] [id=23387]
  0x00007fb78405a000 ConcurrentGCThread "G1 Conc#0" [stack: 0x00007fb7638ce000,0x00007fb7639ce000] [id=23388]
  0x00007fb7840d2000 ConcurrentGCThread "G1 Refine#0" [stack: 0x00007fb7613c8000,0x00007fb7614c8000] [id=23389]
  0x00007fb7840d3800 ConcurrentGCThread "G1 Young RemSet Sampling" [stack: 0x00007fb7612c6000,0x00007fb7613c6000] [id=23390]

Threads with active compile tasks:

VM state:synchronizing (normal execution)

VM Mutex/Monitor currently owned by a thread:  ([mutex/lock_event])
[0x00007fb78400e360] Threads_lock - owner thread: 0x00007fb784104000

Heap address: 0x0000000085000000, size: 1968 MB, Compressed Oops mode: 32-bit
Narrow klass base: 0x0000000800000000, Narrow klass shift: 3
Compressed class space size: 1073741824 Address: 0x0000000840000000

Heap:
 garbage-first heap   total 129024K, used 18392K [0x0000000085000000, 0x0000000100000000)
  region size 1024K, 11 young (11264K), 2 survivors (2048K)
 Metaspace       used 11002K, capacity 11532K, committed 11904K, reserved 1058816K
  class space    used 1305K, capacity 1553K, committed 1664K, reserved 1048576K
Heap Regions: E=young(eden), S=young(survivor), O=old, HS=humongous(starts), HC=humongous(continues), CS=collection set, F=free, A=archive, TAMS=top-at-mark-start (previous, next)
|   0|0x0000000085000000, 0x0000000085100000, 0x0000000085100000|100%|HS|  |TAMS 0x0000000085000000, 0x0000000085000000| Complete 
|   1|0x0000000085100000, 0x0000000085200000, 0x0000000085200000|100%|HC|  |TAMS 0x0000000085100000, 0x0000000085100000| Complete 
|   2|0x0000000085200000, 0x0000000085300000, 0x0000000085300000|100%|HC|  |TAMS 0x0000000085200000, 0x0000000085200000| Complete 
|   3|0x0000000085300000, 0x0000000085400000, 0x0000000085400000|100%|HC|  |TAMS 0x0000000085300000, 0x0000000085300000| Complete 
|   4|0x0000000085400000, 0x0000000085500000, 0x0000000085500000|100%|HC|  |TAMS 0x0000000085400000, 0x0000000085400000| Complete 
|   5|0x0000000085500000, 0x0000000085600000, 0x0000000085600000|100%|HC|  |TAMS 0x0000000085500000, 0x0000000085500000| Complete 
|   6|0x0000000085600000, 0x0000000085700000, 0x0000000085700000|100%|HC|  |TAMS 0x0000000085600000, 0x0000000085600000| Complete 
|   7|0x0000000085700000, 0x0000000085800000, 0x0000000085800000|100%|HC|  |TAMS 0x0000000085700000, 0x0000000085700000| Complete 
|   8|0x0000000085800000, 0x0000000085800000, 0x0000000085900000|  0%| F|  |TAMS 0x0000000085800000, 0x0000000085800000| Untracked 
|   9|0x0000000085900000, 0x0000000085900000, 0x0000000085a00000|  0%| F|  |TAMS 0x0000000085900000, 0x0000000085900000| Untracked 
|  10|0x0000000085a00000, 0x0000000085a00000, 0x0000000085b00000|  0%| F|  |TAMS 0x0000000085a00000, 0x0000000085a00000| Untracked 
|  11|0x0000000085b00000, 0x0000000085b00000, 0x0000000085c00000|  0%| F|  |TAMS 0x0000000085b00000, 0x0000000085b00000| Untracked 
|  12|0x0000000085c00000, 0x0000000085c00000, 0x0000000085d00000|  0%| F|  |TAMS 0x0000000085c00000, 0x0000000085c00000| Untracked 
|  13|0x0000000085d00000, 0x0000000085d00000, 0x0000000085e00000|  0%| F|  |TAMS 0x0000000085d00000, 0x0000000085d00000| Untracked 
|  14|0x0000000085e00000, 0x0000000085e00000, 0x0000000085f00000|  0%| F|  |TAMS 0x0000000085e00000, 0x0000000085e00000| Untracked 
|  15|0x0000000085f00000, 0x0000000085f00000, 0x0000000086000000|  0%| F|  |TAMS 0x0000000085f00000, 0x0000000085f00000| Untracked 
|  16|0x0000000086000000, 0x0000000086000000, 0x0000000086100000|  0%| F|  |TAMS 0x0000000086000000, 0x0000000086000000| Untracked 
|  17|0x0000000086100000, 0x0000000086100000, 0x0000000086200000|  0%| F|  |TAMS 0x0000000086100000, 0x0000000086100000| Untracked 
|  18|0x0000000086200000, 0x0000000086200000, 0x0000000086300000|  0%| F|  |TAMS 0x0000000086200000, 0x0000000086200000| Untracked 
|  19|0x0000000086300000, 0x0000000086300000, 0x0000000086400000|  0%| F|  |TAMS 0x0000000086300000, 0x0000000086300000| Untracked 
|  20|0x0000000086400000, 0x0000000086400000, 0x0000000086500000|  0%| F|  |TAMS 0x0000000086400000, 0x0000000086400000| Untracked 
|  21|0x0000000086500000, 0x0000000086500000, 0x0000000086600000|  0%| F|  |TAMS 0x0000000086500000, 0x0000000086500000| Untracked 
|  22|0x0000000086600000, 0x0000000086600000, 0x0000000086700000|  0%| F|  |TAMS 0x0000000086600000, 0x0000000086600000| Untracked 
|  23|0x0000000086700000, 0x0000000086700000, 0x0000000086800000|  0%| F|  |TAMS 0x0000000086700000, 0x0000000086700000| Untracked 
|  24|0x0000000086800000, 0x0000000086800000, 0x0000000086900000|  0%| F|  |TAMS 0x0000000086800000, 0x0000000086800000| Untracked 
|  25|0x0000000086900000, 0x0000000086900000, 0x0000000086a00000|  0%| F|  |TAMS 0x0000000086900000, 0x0000000086900000| Untracked 
|  26|0x0000000086a00000, 0x0000000086a00000, 0x0000000086b00000|  0%| F|  |TAMS 0x0000000086a00000, 0x0000000086a00000| Untracked 
|  27|0x0000000086b00000, 0x0000000086b00000, 0x0000000086c00000|  0%| F|  |TAMS 0x0000000086b00000, 0x0000000086b00000| Untracked 
|  28|0x0000000086c00000, 0x0000000086c00000, 0x0000000086d00000|  0%| F|  |TAMS 0x0000000086c00000, 0x0000000086c00000| Untracked 
|  29|0x0000000086d00000, 0x0000000086d00000, 0x0000000086e00000|  0%| F|  |TAMS 0x0000000086d00000, 0x0000000086d00000| Untracked 
|  30|0x0000000086e00000, 0x0000000086e00000, 0x0000000086f00000|  0%| F|  |TAMS 0x0000000086e00000, 0x0000000086e00000| Untracked 
|  31|0x0000000086f00000, 0x0000000086f00000, 0x0000000087000000|  0%| F|  |TAMS 0x0000000086f00000, 0x0000000086f00000| Untracked 
|  32|0x0000000087000000, 0x0000000087000000, 0x0000000087100000|  0%| F|  |TAMS 0x0000000087000000, 0x0000000087000000| Untracked 
|  33|0x0000000087100000, 0x0000000087100000, 0x0000000087200000|  0%| F|  |TAMS 0x0000000087100000, 0x0000000087100000| Untracked 
|  34|0x0000000087200000, 0x0000000087200000, 0x0000000087300000|  0%| F|  |TAMS 0x0000000087200000, 0x0000000087200000| Untracked 
|  35|0x0000000087300000, 0x0000000087300000, 0x0000000087400000|  0%| F|  |TAMS 0x0000000087300000, 0x0000000087300000| Untracked 
|  36|0x0000000087400000, 0x0000000087400000, 0x0000000087500000|  0%| F|  |TAMS 0x0000000087400000, 0x0000000087400000| Untracked 
|  37|0x0000000087500000, 0x0000000087500000, 0x0000000087600000|  0%| F|  |TAMS 0x0000000087500000, 0x0000000087500000| Untracked 
|  38|0x0000000087600000, 0x0000000087600000, 0x0000000087700000|  0%| F|  |TAMS 0x0000000087600000, 0x0000000087600000| Untracked 
|  39|0x0000000087700000, 0x0000000087700000, 0x0000000087800000|  0%| F|  |TAMS 0x0000000087700000, 0x0000000087700000| Untracked 
|  40|0x0000000087800000, 0x0000000087800000, 0x0000000087900000|  0%| F|  |TAMS 0x0000000087800000, 0x0000000087800000| Untracked 
|  41|0x0000000087900000, 0x0000000087900000, 0x0000000087a00000|  0%| F|  |TAMS 0x0000000087900000, 0x0000000087900000| Untracked 
|  42|0x0000000087a00000, 0x0000000087a00000, 0x0000000087b00000|  0%| F|  |TAMS 0x0000000087a00000, 0x0000000087a00000| Untracked 
|  43|0x0000000087b00000, 0x0000000087b00000, 0x0000000087c00000|  0%| F|  |TAMS 0x0000000087b00000, 0x0000000087b00000| Untracked 
|  44|0x0000000087c00000, 0x0000000087c00000, 0x0000000087d00000|  0%| F|  |TAMS 0x0000000087c00000, 0x0000000087c00000| Untracked 
|  45|0x0000000087d00000, 0x0000000087d00000, 0x0000000087e00000|  0%| F|  |TAMS 0x0000000087d00000, 0x0000000087d00000| Untracked 
|  46|0x0000000087e00000, 0x0000000087e00000, 0x0000000087f00000|  0%| F|  |TAMS 0x0000000087e00000, 0x0000000087e00000| Untracked 
|  47|0x0000000087f00000, 0x0000000087f00000, 0x0000000088000000|  0%| F|  |TAMS 0x0000000087f00000, 0x0000000087f00000| Untracked 
|  48|0x0000000088000000, 0x0000000088000000, 0x0000000088100000|  0%| F|  |TAMS 0x0000000088000000, 0x0000000088000000| Untracked 
|  49|0x0000000088100000, 0x0000000088100000, 0x0000000088200000|  0%| F|  |TAMS 0x0000000088100000, 0x0000000088100000| Untracked 
|  50|0x0000000088200000, 0x0000000088200000, 0x0000000088300000|  0%| F|  |TAMS 0x0000000088200000, 0x0000000088200000| Untracked 
|  51|0x0000000088300000, 0x0000000088300000, 0x0000000088400000|  0%| F|  |TAMS 0x0000000088300000, 0x0000000088300000| Untracked 
|  52|0x0000000088400000, 0x0000000088400000, 0x0000000088500000|  0%| F|  |TAMS 0x0000000088400000, 0x0000000088400000| Untracked 
|  53|0x0000000088500000, 0x0000000088500000, 0x0000000088600000|  0%| F|  |TAMS 0x0000000088500000, 0x0000000088500000| Untracked 
|  54|0x0000000088600000, 0x0000000088600000, 0x0000000088700000|  0%| F|  |TAMS 0x0000000088600000, 0x0000000088600000| Untracked 
|  55|0x0000000088700000, 0x0000000088700000, 0x0000000088800000|  0%| F|  |TAMS 0x0000000088700000, 0x0000000088700000| Untracked 
|  56|0x0000000088800000, 0x0000000088800000, 0x0000000088900000|  0%| F|  |TAMS 0x0000000088800000, 0x0000000088800000| Untracked 
|  57|0x0000000088900000, 0x0000000088900000, 0x0000000088a00000|  0%| F|  |TAMS 0x0000000088900000, 0x0000000088900000| Untracked 
|  58|0x0000000088a00000, 0x0000000088a00000, 0x0000000088b00000|  0%| F|  |TAMS 0x0000000088a00000, 0x0000000088a00000| Untracked 
|  59|0x0000000088b00000, 0x0000000088b00000, 0x0000000088c00000|  0%| F|  |TAMS 0x0000000088b00000, 0x0000000088b00000| Untracked 
|  60|0x0000000088c00000, 0x0000000088c00000, 0x0000000088d00000|  0%| F|  |TAMS 0x0000000088c00000, 0x0000000088c00000| Untracked 
|  61|0x0000000088d00000, 0x0000000088d00000, 0x0000000088e00000|  0%| F|  |TAMS 0x0000000088d00000, 0x0000000088d00000| Untracked 
|  62|0x0000000088e00000, 0x0000000088e00000, 0x0000000088f00000|  0%| F|  |TAMS 0x0000000088e00000, 0x0000000088e00000| Untracked 
|  63|0x0000000088f00000, 0x0000000088f00000, 0x0000000089000000|  0%| F|  |TAMS 0x0000000088f00000, 0x0000000088f00000| Untracked 
|  64|0x0000000089000000, 0x0000000089000000, 0x0000000089100000|  0%| F|  |TAMS 0x0000000089000000, 0x0000000089000000| Untracked 
|  65|0x0000000089100000, 0x0000000089100000, 0x0000000089200000|  0%| F|  |TAMS 0x0000000089100000, 0x0000000089100000| Untracked 
|  66|0x0000000089200000, 0x0000000089200000, 0x0000000089300000|  0%| F|  |TAMS 0x0000000089200000, 0x0000000089200000| Untracked 
|  67|0x0000000089300000, 0x0000000089300000, 0x0000000089400000|  0%| F|  |TAMS 0x0000000089300000, 0x0000000089300000| Untracked 
|  68|0x0000000089400000, 0x0000000089400000, 0x0000000089500000|  0%| F|  |TAMS 0x0000000089400000, 0x0000000089400000| Untracked 
|  69|0x0000000089500000, 0x0000000089500000, 0x0000000089600000|  0%| F|  |TAMS 0x0000000089500000, 0x0000000089500000| Untracked 
|  70|0x0000000089600000, 0x0000000089600000, 0x0000000089700000|  0%| F|  |TAMS 0x0000000089600000, 0x0000000089600000| Untracked 
|  71|0x0000000089700000, 0x0000000089700000, 0x0000000089800000|  0%| F|  |TAMS 0x0000000089700000, 0x0000000089700000| Untracked 
|  72|0x0000000089800000, 0x0000000089800000, 0x0000000089900000|  0%| F|  |TAMS 0x0000000089800000, 0x0000000089800000| Untracked 
|  73|0x0000000089900000, 0x0000000089900000, 0x0000000089a00000|  0%| F|  |TAMS 0x0000000089900000, 0x0000000089900000| Untracked 
|  74|0x0000000089a00000, 0x0000000089a00000, 0x0000000089b00000|  0%| F|  |TAMS 0x0000000089a00000, 0x0000000089a00000| Untracked 
|  75|0x0000000089b00000, 0x0000000089b00000, 0x0000000089c00000|  0%| F|  |TAMS 0x0000000089b00000, 0x0000000089b00000| Untracked 
|  76|0x0000000089c00000, 0x0000000089c00000, 0x0000000089d00000|  0%| F|  |TAMS 0x0000000089c00000, 0x0000000089c00000| Untracked 
|  77|0x0000000089d00000, 0x0000000089d00000, 0x0000000089e00000|  0%| F|  |TAMS 0x0000000089d00000, 0x0000000089d00000| Untracked 
|  78|0x0000000089e00000, 0x0000000089e00000, 0x0000000089f00000|  0%| F|  |TAMS 0x0000000089e00000, 0x0000000089e00000| Untracked 
|  79|0x0000000089f00000, 0x0000000089f00000, 0x000000008a000000|  0%| F|  |TAMS 0x0000000089f00000, 0x0000000089f00000| Untracked 
|  80|0x000000008a000000, 0x000000008a000000, 0x000000008a100000|  0%| F|  |TAMS 0x000000008a000000, 0x000000008a000000| Untracked 
|  81|0x000000008a100000, 0x000000008a100000, 0x000000008a200000|  0%| F|  |TAMS 0x000000008a100000, 0x000000008a100000| Untracked 
|  82|0x000000008a200000, 0x000000008a200000, 0x000000008a300000|  0%| F|  |TAMS 0x000000008a200000, 0x000000008a200000| Untracked 
|  83|0x000000008a300000, 0x000000008a300000, 0x000000008a400000|  0%| F|  |TAMS 0x000000008a300000, 0x000000008a300000| Untracked 
|  84|0x000000008a400000, 0x000000008a400000, 0x000000008a500000|  0%| F|  |TAMS 0x000000008a400000, 0x000000008a400000| Untracked 
|  85|0x000000008a500000, 0x000000008a500000, 0x000000008a600000|  0%| F|  |TAMS 0x000000008a500000, 0x000000008a500000| Untracked 
|  86|0x000000008a600000, 0x000000008a600000, 0x000000008a700000|  0%| F|  |TAMS 0x000000008a600000, 0x000000008a600000| Untracked 
|  87|0x000000008a700000, 0x000000008a700000, 0x000000008a800000|  0%| F|  |TAMS 0x000000008a700000, 0x000000008a700000| Untracked 
|  88|0x000000008a800000, 0x000000008a800000, 0x000000008a900000|  0%| F|  |TAMS 0x000000008a800000, 0x000000008a800000| Untracked 
|  89|0x000000008a900000, 0x000000008a900000, 0x000000008aa00000|  0%| F|  |TAMS 0x000000008a900000, 0x000000008a900000| Untracked 
|  90|0x000000008aa00000, 0x000000008aa00000, 0x000000008ab00000|  0%| F|  |TAMS 0x000000008aa00000, 0x000000008aa00000| Untracked 
|  91|0x000000008ab00000, 0x000000008ab00000, 0x000000008ac00000|  0%| F|  |TAMS 0x000000008ab00000, 0x000000008ab00000| Untracked 
|  92|0x000000008ac00000, 0x000000008ac00000, 0x000000008ad00000|  0%| F|  |TAMS 0x000000008ac00000, 0x000000008ac00000| Untracked 
|  93|0x000000008ad00000, 0x000000008ad00000, 0x000000008ae00000|  0%| F|  |TAMS 0x000000008ad00000, 0x000000008ad00000| Untracked 
|  94|0x000000008ae00000, 0x000000008ae00000, 0x000000008af00000|  0%| F|  |TAMS 0x000000008ae00000, 0x000000008ae00000| Untracked 
|  95|0x000000008af00000, 0x000000008af00000, 0x000000008b000000|  0%| F|  |TAMS 0x000000008af00000, 0x000000008af00000| Untracked 
|  96|0x000000008b000000, 0x000000008b000000, 0x000000008b100000|  0%| F|  |TAMS 0x000000008b000000, 0x000000008b000000| Untracked 
|  97|0x000000008b100000, 0x000000008b100000, 0x000000008b200000|  0%| F|  |TAMS 0x000000008b100000, 0x000000008b100000| Untracked 
|  98|0x000000008b200000, 0x000000008b200000, 0x000000008b300000|  0%| F|  |TAMS 0x000000008b200000, 0x000000008b200000| Untracked 
|  99|0x000000008b300000, 0x000000008b300000, 0x000000008b400000|  0%| F|  |TAMS 0x000000008b300000, 0x000000008b300000| Untracked 
| 100|0x000000008b400000, 0x000000008b400000, 0x000000008b500000|  0%| F|  |TAMS 0x000000008b400000, 0x000000008b400000| Untracked 
| 101|0x000000008b500000, 0x000000008b500000, 0x000000008b600000|  0%| F|  |TAMS 0x000000008b500000, 0x000000008b500000| Untracked 
| 102|0x000000008b600000, 0x000000008b600000, 0x000000008b700000|  0%| F|  |TAMS 0x000000008b600000, 0x000000008b600000| Untracked 
| 103|0x000000008b700000, 0x000000008b700000, 0x000000008b800000|  0%| F|  |TAMS 0x000000008b700000, 0x000000008b700000| Untracked 
| 104|0x000000008b800000, 0x000000008b800000, 0x000000008b900000|  0%| F|  |TAMS 0x000000008b800000, 0x000000008b800000| Untracked 
| 105|0x000000008b900000, 0x000000008b900000, 0x000000008ba00000|  0%| F|  |TAMS 0x000000008b900000, 0x000000008b900000| Untracked 
| 106|0x000000008ba00000, 0x000000008ba00000, 0x000000008bb00000|  0%| F|  |TAMS 0x000000008ba00000, 0x000000008ba00000| Untracked 
| 107|0x000000008bb00000, 0x000000008bb00000, 0x000000008bc00000|  0%| F|  |TAMS 0x000000008bb00000, 0x000000008bb00000| Untracked 
| 108|0x000000008bc00000, 0x000000008bc58218, 0x000000008bd00000| 34%| S|CS|TAMS 0x000000008bc00000, 0x000000008bc00000| Complete 
| 109|0x000000008bd00000, 0x000000008be00000, 0x000000008be00000|100%| S|CS|TAMS 0x000000008bd00000, 0x000000008bd00000| Complete 
| 110|0x000000008be00000, 0x000000008be00000, 0x000000008bf00000|  0%| F|  |TAMS 0x000000008be00000, 0x000000008be00000| Untracked 
| 111|0x000000008bf00000, 0x000000008bf00000, 0x000000008c000000|  0%| F|  |TAMS 0x000000008bf00000, 0x000000008bf00000| Untracked 
| 112|0x000000008c000000, 0x000000008c000000, 0x000000008c100000|  0%| F|  |TAMS 0x000000008c000000, 0x000000008c000000| Untracked 
| 113|0x000000008c100000, 0x000000008c100000, 0x000000008c200000|  0%| F|  |TAMS 0x000000008c100000, 0x000000008c100000| Untracked 
| 114|0x000000008c200000, 0x000000008c200000, 0x000000008c300000|  0%| F|  |TAMS 0x000000008c200000, 0x000000008c200000| Untracked 
| 115|0x000000008c300000, 0x000000008c35cad0, 0x000000008c400000| 36%| E|  |TAMS 0x000000008c300000, 0x000000008c300000| Complete 
| 116|0x000000008c400000, 0x000000008c500000, 0x000000008c500000|100%| E|CS|TAMS 0x000000008c400000, 0x000000008c400000| Complete 
| 117|0x000000008c500000, 0x000000008c600000, 0x000000008c600000|100%| E|CS|TAMS 0x000000008c500000, 0x000000008c500000| Complete 
| 118|0x000000008c600000, 0x000000008c700000, 0x000000008c700000|100%| E|CS|TAMS 0x000000008c600000, 0x000000008c600000| Complete 
| 119|0x000000008c700000, 0x000000008c800000, 0x000000008c800000|100%| E|CS|TAMS 0x000000008c700000, 0x000000008c700000| Complete 
| 120|0x000000008c800000, 0x000000008c900000, 0x000000008c900000|100%| E|CS|TAMS 0x000000008c800000, 0x000000008c800000| Complete 
| 121|0x000000008c900000, 0x000000008ca00000, 0x000000008ca00000|100%| E|CS|TAMS 0x000000008c900000, 0x000000008c900000| Complete 
| 122|0x000000008ca00000, 0x000000008cb00000, 0x000000008cb00000|100%| E|CS|TAMS 0x000000008ca00000, 0x000000008ca00000| Complete 
| 123|0x000000008cb00000, 0x000000008cc00000, 0x000000008cc00000|100%| E|CS|TAMS 0x000000008cb00000, 0x000000008cb00000| Complete 
|1966|0x00000000ffe00000, 0x00000000ffe34000, 0x00000000fff00000| 20%|OA|  |TAMS 0x00000000ffe00000, 0x00000000ffe00000| Untracked 
|1967|0x00000000fff00000, 0x00000000fff6a000, 0x0000000100000000| 41%|CA|  |TAMS 0x00000000fff00000, 0x00000000fff00000| Untracked 

Card table byte_map: [0x00007fb767c28000,0x00007fb768000000] _byte_map_base: 0x00007fb767800000

Marking Bits (Prev, Next): (CMBitMap*) 0x00007fb78404f5d8, (CMBitMap*) 0x00007fb78404f610
 Prev Bits: [0x00007fb765990000, 0x00007fb767850000)
 Next Bits: [0x00007fb763ad0000, 0x00007fb765990000)

Polling page: 0x00007fb788287000

Metaspace:

Usage:
  Non-class:      9.75 MB capacity,     9.47 MB ( 97%) used,   226.86 KB (  2%) free+waste,    55.00 KB ( <1%) overhead. 
      Class:      1.52 MB capacity,     1.27 MB ( 84%) used,   217.12 KB ( 14%) free+waste,    30.38 KB (  2%) overhead. 
       Both:     11.26 MB capacity,    10.74 MB ( 95%) used,   443.98 KB (  4%) free+waste,    85.38 KB ( <1%) overhead. 

Virtual space:
  Non-class space:       10.00 MB reserved,      10.00 MB (100%) committed 
      Class space:        1.00 GB reserved,       1.62 MB ( <1%) committed 
             Both:        1.01 GB reserved,      11.62 MB (  1%) committed 

Chunk freelists:
   Non-Class:  21.00 KB
       Class:  15.00 KB
        Both:  36.00 KB

CodeHeap 'non-profiled nmethods': size=120032Kb used=389Kb max_used=389Kb free=119642Kb
 bounds [0x00007fb77441e000, 0x00007fb77468e000, 0x00007fb77b956000]
CodeHeap 'profiled nmethods': size=120032Kb used=1812Kb max_used=1812Kb free=118220Kb
 bounds [0x00007fb76cee6000, 0x00007fb76d156000, 0x00007fb77441e000]
CodeHeap 'non-nmethods': size=5696Kb used=1277Kb max_used=1297Kb free=4418Kb
 bounds [0x00007fb76c956000, 0x00007fb76cbc6000, 0x00007fb76cee6000]
 total_blobs=1905 nmethods=1061 adapters=600
 compilation: enabled
              stopped_count=0, restarted_count=0
 full_count=0

Compilation events (10 events):
Event: 1.790 Thread 0x00007fb784112800 1055       1       java.awt.Component::getX (5 bytes)
Event: 1.790 Thread 0x00007fb784112800 nmethod 1055 0x00007fb77447e810 code [0x00007fb77447e9c0, 0x00007fb77447eaf0]
Event: 1.790 Thread 0x00007fb784112800 1056       1       java.awt.Component::getY (5 bytes)
Event: 1.790 Thread 0x00007fb784112800 nmethod 1056 0x00007fb77447eb90 code [0x00007fb77447ed40, 0x00007fb77447ee70]
Event: 1.790 Thread 0x00007fb784112800 1058       3       sun.invoke.util.VerifyAccess::isMemberAccessible (313 bytes)
Event: 1.793 Thread 0x00007fb784112800 nmethod 1058 0x00007fb76d0a7a90 code [0x00007fb76d0a7f60, 0x00007fb76d0aa188]
Event: 1.793 Thread 0x00007fb784112800 1059       3       java.awt.geom.RectIterator::isDone (14 bytes)
Event: 1.793 Thread 0x00007fb784112800 nmethod 1059 0x00007fb76d0aac10 code [0x00007fb76d0aadc0, 0x00007fb76d0aaf90]
Event: 1.793 Thread 0x00007fb784112800 1060       1       sun.java2d.SurfaceDataProxy::isValid (5 bytes)
Event: 1.793 Thread 0x00007fb784112800 nmethod 1060 0x00007fb77447ef10 code [0x00007fb77447f0c0, 0x00007fb77447f1f0]

GC Heap History (2 events):
Event: 1.222 GC heap before
{Heap before GC invocations=0 (full 0):
 garbage-first heap   total 129024K, used 23160K [0x0000000085000000, 0x0000000100000000)
  region size 1024K, 14 young (14336K), 0 survivors (0K)
 Metaspace       used 5255K, capacity 5594K, committed 5632K, reserved 1056768K
  class space    used 583K, capacity 767K, committed 768K, reserved 1048576K
}
Event: 1.239 GC heap after
{Heap after GC invocations=1 (full 0):
 garbage-first heap   total 129024K, used 10200K [0x0000000085000000, 0x0000000100000000)
  region size 1024K, 2 young (2048K), 2 survivors (2048K)
 Metaspace       used 5255K, capacity 5594K, committed 5632K, reserved 1056768K
  class space    used 583K, capacity 767K, committed 768K, reserved 1048576K
}

Deoptimization events (10 events):
Event: 1.619 Thread 0x00007fb78441c800 DEOPT PACKING pc=0x00007fb77445c138 sp=0x00007fb71b4e8150
Event: 1.619 Thread 0x00007fb78441c800 DEOPT UNPACKING pc=0x00007fb76c97ea25 sp=0x00007fb71b4e80f0 mode 2
Event: 1.650 Thread 0x00007fb78441c800 Uncommon trap: trap_request=0xffffffc6 fr.pc=0x00007fb77445c138 relative=0x00000000000006b8
Event: 1.650 Thread 0x00007fb78441c800 Uncommon trap: reason=bimorphic_or_optimized_type_check action=maybe_recompile pc=0x00007fb77445c138 method=java.util.concurrent.ConcurrentHashMap.get(Ljava/lang/Object;)Ljava/lang/Object; @ 149 c2
Event: 1.650 Thread 0x00007fb78441c800 DEOPT PACKING pc=0x00007fb77445c138 sp=0x00007fb71b4e81f0
Event: 1.651 Thread 0x00007fb78441c800 DEOPT UNPACKING pc=0x00007fb76c97ea25 sp=0x00007fb71b4e8190 mode 2
Event: 1.701 Thread 0x00007fb78441c800 Uncommon trap: trap_request=0xffffffc6 fr.pc=0x00007fb77445c138 relative=0x00000000000006b8
Event: 1.701 Thread 0x00007fb78441c800 Uncommon trap: reason=bimorphic_or_optimized_type_check action=maybe_recompile pc=0x00007fb77445c138 method=java.util.concurrent.ConcurrentHashMap.get(Ljava/lang/Object;)Ljava/lang/Object; @ 149 c2
Event: 1.701 Thread 0x00007fb78441c800 DEOPT PACKING pc=0x00007fb77445c138 sp=0x00007fb71b4e8150
Event: 1.701 Thread 0x00007fb78441c800 DEOPT UNPACKING pc=0x00007fb76c97ea25 sp=0x00007fb71b4e80f0 mode 2

Classes redefined (0 events):
No events

Internal exceptions (10 events):
Event: 1.373 Thread 0x00007fb78441c800 Exception <a 'java/lang/NoSuchMethodError'{0x000000008c76f088}: 'java.lang.Object java.lang.invoke.DirectMethodHandle$Holder.invokeSpecial(java.lang.Object, java.lang.Object, int, int, java.lang.Object, java.lang.Object, java.lang.Object, java.lang.Object
Event: 1.374 Thread 0x00007fb78441c800 Exception <a 'java/lang/NoSuchMethodError'{0x000000008c772a68}: 'java.lang.Object java.lang.invoke.DelegatingMethodHandle$Holder.reinvoke_L(java.lang.Object, int, int, java.lang.Object, java.lang.Object, java.lang.Object, java.lang.Object)'> (0x000000008c
Event: 1.392 Thread 0x00007fb78441c800 Exception <a 'java/lang/NoSuchMethodError'{0x000000008c686458}: 'java.lang.Object java.lang.invoke.DirectMethodHandle$Holder.invokeStatic(java.lang.Object, java.lang.Object, java.lang.Object, java.lang.Object, java.lang.Object, java.lang.Object, java.lang
Event: 1.394 Thread 0x00007fb78441c800 Exception <a 'java/lang/NoSuchMethodError'{0x000000008c6929d0}: 'java.lang.Object java.lang.invoke.DirectMethodHandle$Holder.invokeStatic(java.lang.Object, java.lang.Object, java.lang.Object, java.lang.Object, java.lang.Object, java.lang.Object, java.lang
Event: 1.396 Thread 0x00007fb78441c800 Exception <a 'java/lang/NoSuchMethodError'{0x000000008c69f328}: 'java.lang.Object java.lang.invoke.DirectMethodHandle$Holder.invokeStatic(java.lang.Object, java.lang.Object, java.lang.Object, java.lang.Object, java.lang.Object, java.lang.Object, java.lang
Event: 1.406 Thread 0x00007fb78441c800 Exception <a 'java/lang/NoSuchMethodError'{0x000000008c6fd218}: 'java.lang.Object java.lang.invoke.DirectMethodHandle$Holder.invokeStatic(java.lang.Object, java.lang.Object, java.lang.Object, java.lang.Object, java.lang.Object, java.lang.Object, java.lang
Event: 1.410 Thread 0x00007fb78441c800 Exception <a 'java/lang/NoSuchMethodError'{0x000000008c51b988}: 'java.lang.Object java.lang.invoke.DirectMethodHandle$Holder.invokeStatic(java.lang.Object, java.lang.Object, java.lang.Object, java.lang.Object, java.lang.Object, java.lang.Object, java.lang
Event: 1.411 Thread 0x00007fb78441c800 Exception <a 'java/lang/NoSuchMethodError'{0x000000008c53a410}: 'java.lang.Object java.lang.invoke.DirectMethodHandle$Holder.invokeStatic(java.lang.Object, java.lang.Object, java.lang.Object, java.lang.Object, java.lang.Object, java.lang.Object, java.lang
Event: 1.413 Thread 0x00007fb78441c800 Exception <a 'java/lang/NoSuchMethodError'{0x000000008c55a500}: 'java.lang.Object java.lang.invoke.DirectMethodHandle$Holder.invokeStatic(java.lang.Object, java.lang.Object, java.lang.Object, java.lang.Object, java.lang.Object, java.lang.Object, java.lang
Event: 1.438 Thread 0x00007fb78441c800 Exception <a 'java/lang/NoSuchMethodError'{0x000000008c583a38}: 'void java.lang.invoke.DirectMethodHandle$Holder.invokeStaticInit(java.lang.Object)'> (0x000000008c583a38) thrown at [/build/openjdk-lts-ZT5jEu/openjdk-lts-11.0.4+11/src/hotspot/share/interpr

Events (10 events):
Event: 1.730 loading class sun/awt/im/InputMethodWindow
Event: 1.730 loading class sun/awt/im/InputMethodWindow done
Event: 1.787 loading class sun/awt/im/CompositionAreaHandler
Event: 1.787 loading class sun/awt/im/CompositionAreaHandler done
Event: 1.787 loading class java/text/AttributedString
Event: 1.788 loading class java/text/AttributedString done
Event: 1.788 loading class java/text/AttributedString$AttributedStringIterator
Event: 1.788 loading class java/text/AttributedCharacterIterator
Event: 1.788 loading class java/text/AttributedCharacterIterator done
Event: 1.788 loading class java/text/AttributedString$AttributedStringIterator done


Dynamic libraries:
85000000-8cc00000 rw-p 00000000 00:00 0 
8cc00000-ffe00000 ---p 00000000 00:00 0 
ffe00000-ffe34000 rw-p 01116000 08:02 23990720                           /usr/lib/jvm/java-11-openjdk-amd64/lib/server/classes.jsa
ffe34000-fff00000 rw-p 00000000 00:00 0 
fff00000-fff6a000 rw-p 010ac000 08:02 23990720                           /usr/lib/jvm/java-11-openjdk-amd64/lib/server/classes.jsa
fff6a000-100000000 rw-p 00000000 00:00 0 
800000000-800002000 rwxp 00001000 08:02 23990720                         /usr/lib/jvm/java-11-openjdk-amd64/lib/server/classes.jsa
800002000-8003bd000 rw-p 00003000 08:02 23990720                         /usr/lib/jvm/java-11-openjdk-amd64/lib/server/classes.jsa
8003bd000-800a98000 r--p 003be000 08:02 23990720                         /usr/lib/jvm/java-11-openjdk-amd64/lib/server/classes.jsa
800a98000-800a99000 rw-p 00a99000 08:02 23990720                         /usr/lib/jvm/java-11-openjdk-amd64/lib/server/classes.jsa
800a99000-8010ab000 r--p 00a9a000 08:02 23990720                         /usr/lib/jvm/java-11-openjdk-amd64/lib/server/classes.jsa
840000000-8401a0000 rw-p 00000000 00:00 0 
8401a0000-880000000 ---p 00000000 00:00 0 
55d10c05d000-55d10c05e000 r--p 00000000 08:02 23597129                   /usr/lib/jvm/java-11-openjdk-amd64/bin/java
55d10c05e000-55d10c05f000 r-xp 00001000 08:02 23597129                   /usr/lib/jvm/java-11-openjdk-amd64/bin/java
55d10c05f000-55d10c060000 r--p 00002000 08:02 23597129                   /usr/lib/jvm/java-11-openjdk-amd64/bin/java
55d10c060000-55d10c061000 r--p 00002000 08:02 23597129                   /usr/lib/jvm/java-11-openjdk-amd64/bin/java
55d10c061000-55d10c062000 rw-p 00003000 08:02 23597129                   /usr/lib/jvm/java-11-openjdk-amd64/bin/java
55d10c526000-55d10c547000 rw-p 00000000 00:00 0                          [heap]
7fb6e0000000-7fb6e0021000 rw-p 00000000 00:00 0 
7fb6e0021000-7fb6e4000000 ---p 00000000 00:00 0 
7fb6e8000000-7fb6e8021000 rw-p 00000000 00:00 0 
7fb6e8021000-7fb6ec000000 ---p 00000000 00:00 0 
7fb6ec000000-7fb6ec0dd000 rw-p 00000000 00:00 0 
7fb6ec0dd000-7fb6f0000000 ---p 00000000 00:00 0 
7fb6f0000000-7fb6f0021000 rw-p 00000000 00:00 0 
7fb6f0021000-7fb6f4000000 ---p 00000000 00:00 0 
7fb6f4000000-7fb6f4021000 rw-p 00000000 00:00 0 
7fb6f4021000-7fb6f8000000 ---p 00000000 00:00 0 
7fb6f8000000-7fb6f8021000 rw-p 00000000 00:00 0 
7fb6f8021000-7fb6fc000000 ---p 00000000 00:00 0 
7fb6fc000000-7fb6fc021000 rw-p 00000000 00:00 0 
7fb6fc021000-7fb700000000 ---p 00000000 00:00 0 
7fb700000000-7fb700021000 rw-p 00000000 00:00 0 
7fb700021000-7fb704000000 ---p 00000000 00:00 0 
7fb704000000-7fb704021000 rw-p 00000000 00:00 0 
7fb704021000-7fb708000000 ---p 00000000 00:00 0 
7fb708000000-7fb708021000 rw-p 00000000 00:00 0 
7fb708021000-7fb70c000000 ---p 00000000 00:00 0 
7fb70c000000-7fb70c038000 rw-p 00000000 00:00 0 
7fb70c038000-7fb710000000 ---p 00000000 00:00 0 
7fb710000000-7fb710021000 rw-p 00000000 00:00 0 
7fb710021000-7fb714000000 ---p 00000000 00:00 0 
7fb714000000-7fb714021000 rw-p 00000000 00:00 0 
7fb714021000-7fb718000000 ---p 00000000 00:00 0 
7fb71a9e3000-7fb71b0ec000 rw-s 00000000 00:05 11239488                   /SYSV00000000 (deleted)
7fb71b0ec000-7fb71b2ec000 rw-p 00000000 00:00 0 
7fb71b2ec000-7fb71b2f0000 ---p 00000000 00:00 0 
7fb71b2f0000-7fb71b3ed000 rw-p 00000000 00:00 0 
7fb71b3ed000-7fb71b3f1000 ---p 00000000 00:00 0 
7fb71b3f1000-7fb71b4ee000 rw-p 00000000 00:00 0 
7fb71b4ee000-7fb71b4f2000 ---p 00000000 00:00 0 
7fb71b4f2000-7fb71b5ef000 rw-p 00000000 00:00 0 
7fb71b5ef000-7fb71b5f0000 ---p 00000000 00:00 0 
7fb71b5f0000-7fb71b6f1000 rw-p 00000000 00:00 0 
7fb71b6f1000-7fb71b6f2000 ---p 00000000 00:00 0 
7fb71b6f2000-7fb71b7f3000 rw-p 00000000 00:00 0 
7fb71b7f3000-7fb71b7f4000 ---p 00000000 00:00 0 
7fb71b7f4000-7fb71b8f5000 rw-p 00000000 00:00 0 
7fb71b8f5000-7fb71b8f9000 ---p 00000000 00:00 0 
7fb71b8f9000-7fb71b9f6000 rw-p 00000000 00:00 0 
7fb71b9f6000-7fb71b9fa000 ---p 00000000 00:00 0 
7fb71b9fa000-7fb71baf7000 rw-p 00000000 00:00 0 
7fb71baf7000-7fb71bafb000 ---p 00000000 00:00 0 
7fb71bafb000-7fb71bbf8000 rw-p 00000000 00:00 0 
7fb71bbf8000-7fb71bbfc000 ---p 00000000 00:00 0 
7fb71bbfc000-7fb71bcf9000 rw-p 00000000 00:00 0 
7fb71bcf9000-7fb71bcfd000 ---p 00000000 00:00 0 
7fb71bcfd000-7fb71bdfa000 rw-p 00000000 00:00 0 
7fb71bdfa000-7fb71bdff000 r-xp 00000000 08:02 23600531                   /usr/lib/x86_64-linux-gnu/libXfixes.so.3.1.0
7fb71bdff000-7fb71bffe000 ---p 00005000 08:02 23600531                   /usr/lib/x86_64-linux-gnu/libXfixes.so.3.1.0
7fb71bffe000-7fb71bfff000 r--p 00004000 08:02 23600531                   /usr/lib/x86_64-linux-gnu/libXfixes.so.3.1.0
7fb71bfff000-7fb71c000000 rw-p 00005000 08:02 23600531                   /usr/lib/x86_64-linux-gnu/libXfixes.so.3.1.0
7fb71c000000-7fb71c021000 rw-p 00000000 00:00 0 
7fb71c021000-7fb720000000 ---p 00000000 00:00 0 
7fb720000000-7fb720021000 rw-p 00000000 00:00 0 
7fb720021000-7fb724000000 ---p 00000000 00:00 0 
7fb724000000-7fb724021000 rw-p 00000000 00:00 0 
7fb724021000-7fb728000000 ---p 00000000 00:00 0 
7fb728000000-7fb728021000 rw-p 00000000 00:00 0 
7fb728021000-7fb72c000000 ---p 00000000 00:00 0 
7fb72c000000-7fb72c021000 rw-p 00000000 00:00 0 
7fb72c021000-7fb730000000 ---p 00000000 00:00 0 
7fb730000000-7fb730021000 rw-p 00000000 00:00 0 
7fb730021000-7fb734000000 ---p 00000000 00:00 0 
7fb734000000-7fb7347eb000 rw-p 00000000 00:00 0 
7fb7347eb000-7fb738000000 ---p 00000000 00:00 0 
7fb738000000-7fb7382e9000 rw-p 00000000 00:00 0 
7fb7382e9000-7fb73c000000 ---p 00000000 00:00 0 
7fb73c000000-7fb73c021000 rw-p 00000000 00:00 0 
7fb73c021000-7fb740000000 ---p 00000000 00:00 0 
7fb740094000-7fb740098000 ---p 00000000 00:00 0 
7fb740098000-7fb740195000 rw-p 00000000 00:00 0 
7fb740195000-7fb740197000 r--p 00000000 08:02 23600523                   /usr/lib/x86_64-linux-gnu/libXcursor.so.1.0.2
7fb740197000-7fb74019c000 r-xp 00002000 08:02 23600523                   /usr/lib/x86_64-linux-gnu/libXcursor.so.1.0.2
7fb74019c000-7fb74019e000 r--p 00007000 08:02 23600523                   /usr/lib/x86_64-linux-gnu/libXcursor.so.1.0.2
7fb74019e000-7fb74019f000 r--p 00008000 08:02 23600523                   /usr/lib/x86_64-linux-gnu/libXcursor.so.1.0.2
7fb74019f000-7fb7401a0000 rw-p 00009000 08:02 23600523                   /usr/lib/x86_64-linux-gnu/libXcursor.so.1.0.2
7fb7401ad000-7fb7401ae000 r--p 00000000 08:02 27001592                   /home/kramer/Downloads/RobotArena-master/RobotAreana/AIBasic/build/libs/mynativelibrary/shared/libmynativelibrary.so
7fb7401ae000-7fb7401af000 r-xp 00001000 08:02 27001592                   /home/kramer/Downloads/RobotArena-master/RobotAreana/AIBasic/build/libs/mynativelibrary/shared/libmynativelibrary.so
7fb7401af000-7fb7401b0000 r--p 00002000 08:02 27001592                   /home/kramer/Downloads/RobotArena-master/RobotAreana/AIBasic/build/libs/mynativelibrary/shared/libmynativelibrary.so
7fb7401b0000-7fb7401b1000 r--p 00002000 08:02 27001592                   /home/kramer/Downloads/RobotArena-master/RobotAreana/AIBasic/build/libs/mynativelibrary/shared/libmynativelibrary.so
7fb7401b1000-7fb7401b2000 rw-p 00003000 08:02 27001592                   /home/kramer/Downloads/RobotArena-master/RobotAreana/AIBasic/build/libs/mynativelibrary/shared/libmynativelibrary.so
7fb7401b2000-7fb7401b3000 ---p 00000000 00:00 0 
7fb7401b3000-7fb7409b3000 rw-p 00000000 00:00 0 
7fb7409b3000-7fb7409b4000 ---p 00000000 00:00 0 
7fb7409b4000-7fb7411b4000 rw-p 00000000 00:00 0 
7fb7411b4000-7fb7411b5000 ---p 00000000 00:00 0 
7fb7411b5000-7fb7419b5000 rw-p 00000000 00:00 0 
7fb7419b5000-7fb7419db000 r--p 00000000 08:02 25043479                   /usr/share/glib-2.0/schemas/gschemas.compiled
7fb7419db000-7fb7419e5000 r--p 00000000 08:02 23600663                   /usr/lib/x86_64-linux-gnu/libblkid.so.1.1.0
7fb7419e5000-7fb741a19000 r-xp 0000a000 08:02 23600663                   /usr/lib/x86_64-linux-gnu/libblkid.so.1.1.0
7fb741a19000-7fb741a29000 r--p 0003e000 08:02 23600663                   /usr/lib/x86_64-linux-gnu/libblkid.so.1.1.0
7fb741a29000-7fb741a2a000 ---p 0004e000 08:02 23600663                   /usr/lib/x86_64-linux-gnu/libblkid.so.1.1.0
7fb741a2a000-7fb741a2f000 r--p 0004e000 08:02 23600663                   /usr/lib/x86_64-linux-gnu/libblkid.so.1.1.0
7fb741a2f000-7fb741a30000 rw-p 00053000 08:02 23600663                   /usr/lib/x86_64-linux-gnu/libblkid.so.1.1.0
7fb741a30000-7fb741a32000 r--p 00000000 08:02 23601506                   /usr/lib/x86_64-linux-gnu/libpcre.so.3.13.3
7fb741a32000-7fb741a84000 r-xp 00002000 08:02 23601506                   /usr/lib/x86_64-linux-gnu/libpcre.so.3.13.3
7fb741a84000-7fb741aa2000 r--p 00054000 08:02 23601506                   /usr/lib/x86_64-linux-gnu/libpcre.so.3.13.3
7fb741aa2000-7fb741aa3000 r--p 00071000 08:02 23601506                   /usr/lib/x86_64-linux-gnu/libpcre.so.3.13.3
7fb741aa3000-7fb741aa4000 rw-p 00072000 08:02 23601506                   /usr/lib/x86_64-linux-gnu/libpcre.so.3.13.3
7fb741aa4000-7fb741aa8000 r--p 00000000 08:02 23601610                   /usr/lib/x86_64-linux-gnu/libresolv-2.29.so
7fb741aa8000-7fb741ab7000 r-xp 00004000 08:02 23601610                   /usr/lib/x86_64-linux-gnu/libresolv-2.29.so
7fb741ab7000-7fb741aba000 r--p 00013000 08:02 23601610                   /usr/lib/x86_64-linux-gnu/libresolv-2.29.so
7fb741aba000-7fb741abb000 ---p 00016000 08:02 23601610                   /usr/lib/x86_64-linux-gnu/libresolv-2.29.so
7fb741abb000-7fb741abc000 r--p 00016000 08:02 23601610                   /usr/lib/x86_64-linux-gnu/libresolv-2.29.so
7fb741abc000-7fb741abd000 rw-p 00017000 08:02 23601610                   /usr/lib/x86_64-linux-gnu/libresolv-2.29.so
7fb741abd000-7fb741abf000 rw-p 00000000 00:00 0 
7fb741abf000-7fb741ac5000 r--p 00000000 08:02 23601661                   /usr/lib/x86_64-linux-gnu/libselinux.so.1
7fb741ac5000-7fb741add000 r-xp 00006000 08:02 23601661                   /usr/lib/x86_64-linux-gnu/libselinux.so.1
7fb741add000-7fb741ae4000 r--p 0001e000 08:02 23601661                   /usr/lib/x86_64-linux-gnu/libselinux.so.1
7fb741ae4000-7fb741ae5000 ---p 00025000 08:02 23601661                   /usr/lib/x86_64-linux-gnu/libselinux.so.1
7fb741ae5000-7fb741ae6000 r--p 00025000 08:02 23601661                   /usr/lib/x86_64-linux-gnu/libselinux.so.1
7fb741ae6000-7fb741ae7000 rw-p 00026000 08:02 23601661                   /usr/lib/x86_64-linux-gnu/libselinux.so.1
7fb741ae7000-7fb741ae9000 rw-p 00000000 00:00 0 
7fb741ae9000-7fb741af4000 r--p 00000000 08:02 23601326                   /usr/lib/x86_64-linux-gnu/libmount.so.1.1.0
7fb741af4000-7fb741b2f000 r-xp 0000b000 08:02 23601326                   /usr/lib/x86_64-linux-gnu/libmount.so.1.1.0
7fb741b2f000-7fb741b41000 r--p 00046000 08:02 23601326                   /usr/lib/x86_64-linux-gnu/libmount.so.1.1.0
7fb741b41000-7fb741b44000 r--p 00057000 08:02 23601326                   /usr/lib/x86_64-linux-gnu/libmount.so.1.1.0
7fb741b44000-7fb741b45000 rw-p 0005a000 08:02 23601326                   /usr/lib/x86_64-linux-gnu/libmount.so.1.1.0
7fb741b45000-7fb741b53000 r--p 00000000 08:02 23593408                   /usr/lib/x86_64-linux-gnu/libgobject-2.0.so.0.6000.0
7fb741b53000-7fb741b85000 r-xp 0000e000 08:02 23593408                   /usr/lib/x86_64-linux-gnu/libgobject-2.0.so.0.6000.0
7fb741b85000-7fb741b9d000 r--p 00040000 08:02 23593408                   /usr/lib/x86_64-linux-gnu/libgobject-2.0.so.0.6000.0
7fb741b9d000-7fb741ba0000 r--p 00057000 08:02 23593408                   /usr/lib/x86_64-linux-gnu/libgobject-2.0.so.0.6000.0
7fb741ba0000-7fb741ba1000 rw-p 0005a000 08:02 23593408                   /usr/lib/x86_64-linux-gnu/libgobject-2.0.so.0.6000.0
7fb741ba1000-7fb741bbc000 r--p 00000000 08:02 23593383                   /usr/lib/x86_64-linux-gnu/libglib-2.0.so.0.6000.0
7fb741bbc000-7fb741c3c000 r-xp 0001b000 08:02 23593383                   /usr/lib/x86_64-linux-gnu/libglib-2.0.so.0.6000.0
7fb741c3c000-7fb741cbe000 r--p 0009b000 08:02 23593383                   /usr/lib/x86_64-linux-gnu/libglib-2.0.so.0.6000.0
7fb741cbe000-7fb741cbf000 ---p 0011d000 08:02 23593383                   /usr/lib/x86_64-linux-gnu/libglib-2.0.so.0.6000.0
7fb741cbf000-7fb741cc0000 r--p 0011d000 08:02 23593383                   /usr/lib/x86_64-linux-gnu/libglib-2.0.so.0.6000.0
7fb741cc0000-7fb741cc1000 rw-p 0011e000 08:02 23593383                   /usr/lib/x86_64-linux-gnu/libglib-2.0.so.0.6000.0
7fb741cc1000-7fb741cc2000 rw-p 00000000 00:00 0 
7fb741cc2000-7fb741cf9000 r--p 00000000 08:02 23593360                   /usr/lib/x86_64-linux-gnu/libgio-2.0.so.0.6000.0
7fb741cf9000-7fb741dfa000 r-xp 00037000 08:02 23593360                   /usr/lib/x86_64-linux-gnu/libgio-2.0.so.0.6000.0
7fb741dfa000-7fb741e80000 r--p 00138000 08:02 23593360                   /usr/lib/x86_64-linux-gnu/libgio-2.0.so.0.6000.0
7fb741e80000-7fb741e88000 r--p 001bd000 08:02 23593360                   /usr/lib/x86_64-linux-gnu/libgio-2.0.so.0.6000.0
7fb741e88000-7fb741e89000 rw-p 001c5000 08:02 23593360                   /usr/lib/x86_64-linux-gnu/libgio-2.0.so.0.6000.0
7fb741e89000-7fb741e8b000 rw-p 00000000 00:00 0 
7fb741e8b000-7fb741e95000 r-xp 00000000 08:02 23600547                   /usr/lib/x86_64-linux-gnu/libXrandr.so.2.2.0
7fb741e95000-7fb742094000 ---p 0000a000 08:02 23600547                   /usr/lib/x86_64-linux-gnu/libXrandr.so.2.2.0
7fb742094000-7fb742095000 r--p 00009000 08:02 23600547                   /usr/lib/x86_64-linux-gnu/libXrandr.so.2.2.0
7fb742095000-7fb742096000 rw-p 0000a000 08:02 23600547                   /usr/lib/x86_64-linux-gnu/libXrandr.so.2.2.0
7fb742096000-7fb74209b000 r--p 00000000 08:02 23601542                   /usr/lib/x86_64-linux-gnu/libpng16.so.16.36.0
7fb74209b000-7fb7420bf000 r-xp 00005000 08:02 23601542                   /usr/lib/x86_64-linux-gnu/libpng16.so.16.36.0
7fb7420bf000-7fb7420cb000 r--p 00029000 08:02 23601542                   /usr/lib/x86_64-linux-gnu/libpng16.so.16.36.0
7fb7420cb000-7fb7420cc000 r--p 00034000 08:02 23601542                   /usr/lib/x86_64-linux-gnu/libpng16.so.16.36.0
7fb7420cc000-7fb7420cd000 rw-p 00035000 08:02 23601542                   /usr/lib/x86_64-linux-gnu/libpng16.so.16.36.0
7fb7420cd000-7fb7420d9000 r--p 00000000 08:02 23600949                   /usr/lib/x86_64-linux-gnu/libfreetype.so.6.16.1
7fb7420d9000-7fb742156000 r-xp 0000c000 08:02 23600949                   /usr/lib/x86_64-linux-gnu/libfreetype.so.6.16.1
7fb742156000-7fb74217f000 r--p 00089000 08:02 23600949                   /usr/lib/x86_64-linux-gnu/libfreetype.so.6.16.1
7fb74217f000-7fb742180000 ---p 000b2000 08:02 23600949                   /usr/lib/x86_64-linux-gnu/libfreetype.so.6.16.1
7fb742180000-7fb742187000 r--p 000b2000 08:02 23600949                   /usr/lib/x86_64-linux-gnu/libfreetype.so.6.16.1
7fb742187000-7fb742188000 rw-p 000b9000 08:02 23600949                   /usr/lib/x86_64-linux-gnu/libfreetype.so.6.16.1
7fb742188000-7fb74218c000 r--p 00000000 08:02 23990635                   /usr/lib/jvm/java-11-openjdk-amd64/lib/libfontmanager.so
7fb74218c000-7fb74227e000 r-xp 00004000 08:02 23990635                   /usr/lib/jvm/java-11-openjdk-amd64/lib/libfontmanager.so
7fb74227e000-7fb7422be000 r--p 000f6000 08:02 23990635                   /usr/lib/jvm/java-11-openjdk-amd64/lib/libfontmanager.so
7fb7422be000-7fb7422bf000 r--p 00135000 08:02 23990635                   /usr/lib/jvm/java-11-openjdk-amd64/lib/libfontmanager.so
7fb7422bf000-7fb7422c0000 rw-p 00136000 08:02 23990635                   /usr/lib/jvm/java-11-openjdk-amd64/lib/libfontmanager.so
7fb7422c0000-7fb7422c3000 rw-p 00000000 00:00 0 
7fb7422c3000-7fb7422c7000 r--p 00000000 08:02 23600683                   /usr/lib/x86_64-linux-gnu/libbsd.so.0.9.1
7fb7422c7000-7fb7422d6000 r-xp 00004000 08:02 23600683                   /usr/lib/x86_64-linux-gnu/libbsd.so.0.9.1
7fb7422d6000-7fb7422d9000 r--p 00013000 08:02 23600683                   /usr/lib/x86_64-linux-gnu/libbsd.so.0.9.1
7fb7422d9000-7fb7422da000 ---p 00016000 08:02 23600683                   /usr/lib/x86_64-linux-gnu/libbsd.so.0.9.1
7fb7422da000-7fb7422db000 r--p 00016000 08:02 23600683                   /usr/lib/x86_64-linux-gnu/libbsd.so.0.9.1
7fb7422db000-7fb7422dc000 rw-p 00017000 08:02 23600683                   /usr/lib/x86_64-linux-gnu/libbsd.so.0.9.1
7fb7422dc000-7fb7422dd000 rw-p 00000000 00:00 0 
7fb7422dd000-7fb7422e2000 r-xp 00000000 08:02 23600527                   /usr/lib/x86_64-linux-gnu/libXdmcp.so.6.0.0
7fb7422e2000-7fb7424e1000 ---p 00005000 08:02 23600527                   /usr/lib/x86_64-linux-gnu/libXdmcp.so.6.0.0
7fb7424e1000-7fb7424e2000 r--p 00004000 08:02 23600527                   /usr/lib/x86_64-linux-gnu/libXdmcp.so.6.0.0
7fb7424e2000-7fb7424e3000 rw-p 00005000 08:02 23600527                   /usr/lib/x86_64-linux-gnu/libXdmcp.so.6.0.0
7fb7424e3000-7fb7424e5000 r-xp 00000000 08:02 23600516                   /usr/lib/x86_64-linux-gnu/libXau.so.6.0.0
7fb7424e5000-7fb7426e5000 ---p 00002000 08:02 23600516                   /usr/lib/x86_64-linux-gnu/libXau.so.6.0.0
7fb7426e5000-7fb7426e6000 r--p 00002000 08:02 23600516                   /usr/lib/x86_64-linux-gnu/libXau.so.6.0.0
7fb7426e6000-7fb7426e7000 rw-p 00003000 08:02 23600516                   /usr/lib/x86_64-linux-gnu/libXau.so.6.0.0
7fb7426e7000-7fb7426f6000 r-xp 00000000 08:02 23600537                   /usr/lib/x86_64-linux-gnu/libXi.so.6.1.0
7fb7426f6000-7fb7428f5000 ---p 0000f000 08:02 23600537                   /usr/lib/x86_64-linux-gnu/libXi.so.6.1.0
7fb7428f5000-7fb7428f6000 r--p 0000e000 08:02 23600537                   /usr/lib/x86_64-linux-gnu/libXi.so.6.1.0
7fb7428f6000-7fb7428f7000 rw-p 0000f000 08:02 23600537                   /usr/lib/x86_64-linux-gnu/libXi.so.6.1.0
7fb7428f7000-7fb7428fc000 r-xp 00000000 08:02 23600555                   /usr/lib/x86_64-linux-gnu/libXtst.so.6.1.0
7fb7428fc000-7fb742afb000 ---p 00005000 08:02 23600555                   /usr/lib/x86_64-linux-gnu/libXtst.so.6.1.0
7fb742afb000-7fb742afc000 r--p 00004000 08:02 23600555                   /usr/lib/x86_64-linux-gnu/libXtst.so.6.1.0
7fb742afc000-7fb742afd000 rw-p 00005000 08:02 23600555                   /usr/lib/x86_64-linux-gnu/libXtst.so.6.1.0
7fb742afd000-7fb742b06000 r-xp 00000000 08:02 23600549                   /usr/lib/x86_64-linux-gnu/libXrender.so.1.3.0
7fb742b06000-7fb742d05000 ---p 00009000 08:02 23600549                   /usr/lib/x86_64-linux-gnu/libXrender.so.1.3.0
7fb742d05000-7fb742d06000 r--p 00008000 08:02 23600549                   /usr/lib/x86_64-linux-gnu/libXrender.so.1.3.0
7fb742d06000-7fb742d07000 rw-p 00009000 08:02 23600549                   /usr/lib/x86_64-linux-gnu/libXrender.so.1.3.0
7fb742d07000-7fb742d1f000 r--p 00000000 08:02 23600512                   /usr/lib/x86_64-linux-gnu/libX11.so.6.3.0
7fb742d1f000-7fb742da7000 r-xp 00018000 08:02 23600512                   /usr/lib/x86_64-linux-gnu/libX11.so.6.3.0
7fb742da7000-7fb742e3b000 r--p 000a0000 08:02 23600512                   /usr/lib/x86_64-linux-gnu/libX11.so.6.3.0
7fb742e3b000-7fb742e3c000 ---p 00134000 08:02 23600512                   /usr/lib/x86_64-linux-gnu/libX11.so.6.3.0
7fb742e3c000-7fb742e3d000 r--p 00134000 08:02 23600512                   /usr/lib/x86_64-linux-gnu/libX11.so.6.3.0
7fb742e3d000-7fb742e41000 rw-p 00135000 08:02 23600512                   /usr/lib/x86_64-linux-gnu/libX11.so.6.3.0
7fb742e41000-7fb742e52000 r-xp 00000000 08:02 23600529                   /usr/lib/x86_64-linux-gnu/libXext.so.6.4.0
7fb742e52000-7fb743051000 ---p 00011000 08:02 23600529                   /usr/lib/x86_64-linux-gnu/libXext.so.6.4.0
7fb743051000-7fb743052000 r--p 00010000 08:02 23600529                   /usr/lib/x86_64-linux-gnu/libXext.so.6.4.0
7fb743052000-7fb743053000 rw-p 00011000 08:02 23600529                   /usr/lib/x86_64-linux-gnu/libXext.so.6.4.0
7fb743053000-7fb74307f000 r--p 00000000 08:02 23990630                   /usr/lib/jvm/java-11-openjdk-amd64/lib/libawt.so
7fb74307f000-7fb7430e6000 r-xp 0002c000 08:02 23990630                   /usr/lib/jvm/java-11-openjdk-amd64/lib/libawt.so
7fb7430e6000-7fb7430f3000 r--p 00093000 08:02 23990630                   /usr/lib/jvm/java-11-openjdk-amd64/lib/libawt.so
7fb7430f3000-7fb7430f4000 r--p 0009f000 08:02 23990630                   /usr/lib/jvm/java-11-openjdk-amd64/lib/libawt.so
7fb7430f4000-7fb7430ff000 rw-p 000a0000 08:02 23990630                   /usr/lib/jvm/java-11-openjdk-amd64/lib/libawt.so
7fb7430ff000-7fb743124000 rw-p 00000000 00:00 0 
7fb743124000-7fb743128000 ---p 00000000 00:00 0 
7fb743128000-7fb743225000 rw-p 00000000 00:00 0 
7fb743225000-7fb744000000 r--p 00000000 08:02 23600058                   /usr/lib/locale/locale-archive
7fb744000000-7fb744021000 rw-p 00000000 00:00 0 
7fb744021000-7fb748000000 ---p 00000000 00:00 0 
7fb748000000-7fb748021000 rw-p 00000000 00:00 0 
7fb748021000-7fb74c000000 ---p 00000000 00:00 0 
7fb74c000000-7fb74c021000 rw-p 00000000 00:00 0 
7fb74c021000-7fb750000000 ---p 00000000 00:00 0 
7fb750000000-7fb750021000 rw-p 00000000 00:00 0 
7fb750021000-7fb754000000 ---p 00000000 00:00 0 
7fb754000000-7fb754021000 rw-p 00000000 00:00 0 
7fb754021000-7fb758000000 ---p 00000000 00:00 0 
7fb758000000-7fb758021000 rw-p 00000000 00:00 0 
7fb758021000-7fb75c000000 ---p 00000000 00:00 0 
7fb75c000000-7fb75c021000 rw-p 00000000 00:00 0 
7fb75c021000-7fb760000000 ---p 00000000 00:00 0 
7fb760000000-7fb760003000 r--p 00000000 08:02 24906143                   /home/kramer/.config/dconf/user
7fb760003000-7fb760005000 r--p 00000000 08:02 23601822                   /usr/lib/x86_64-linux-gnu/libuuid.so.1.3.0
7fb760005000-7fb760009000 r-xp 00002000 08:02 23601822                   /usr/lib/x86_64-linux-gnu/libuuid.so.1.3.0
7fb760009000-7fb76000a000 r--p 00006000 08:02 23601822                   /usr/lib/x86_64-linux-gnu/libuuid.so.1.3.0
7fb76000a000-7fb76000b000 r--p 00006000 08:02 23601822                   /usr/lib/x86_64-linux-gnu/libuuid.so.1.3.0
7fb76000b000-7fb76000c000 rw-p 00007000 08:02 23601822                   /usr/lib/x86_64-linux-gnu/libuuid.so.1.3.0
7fb76000c000-7fb760017000 r--p 00000000 08:02 23601932                   /usr/lib/x86_64-linux-gnu/libxcb.so.1.1.0
7fb760017000-7fb76002a000 r-xp 0000b000 08:02 23601932                   /usr/lib/x86_64-linux-gnu/libxcb.so.1.1.0
7fb76002a000-7fb760033000 r--p 0001e000 08:02 23601932                   /usr/lib/x86_64-linux-gnu/libxcb.so.1.1.0
7fb760033000-7fb760034000 r--p 00026000 08:02 23601932                   /usr/lib/x86_64-linux-gnu/libxcb.so.1.1.0
7fb760034000-7fb760035000 rw-p 00027000 08:02 23601932                   /usr/lib/x86_64-linux-gnu/libxcb.so.1.1.0
7fb760036000-7fb76003a000 r--p 00000000 08:02 24250591                   /usr/lib/x86_64-linux-gnu/gio/modules/libdconfsettings.so
7fb76003a000-7fb760041000 r-xp 00004000 08:02 24250591                   /usr/lib/x86_64-linux-gnu/gio/modules/libdconfsettings.so
7fb760041000-7fb760044000 r--p 0000b000 08:02 24250591                   /usr/lib/x86_64-linux-gnu/gio/modules/libdconfsettings.so
7fb760044000-7fb760045000 ---p 0000e000 08:02 24250591                   /usr/lib/x86_64-linux-gnu/gio/modules/libdconfsettings.so
7fb760045000-7fb760046000 r--p 0000e000 08:02 24250591                   /usr/lib/x86_64-linux-gnu/gio/modules/libdconfsettings.so
7fb760046000-7fb760047000 rw-p 0000f000 08:02 24250591                   /usr/lib/x86_64-linux-gnu/gio/modules/libdconfsettings.so
7fb760047000-7fb760057000 r--p 00000000 08:02 23990632                   /usr/lib/jvm/java-11-openjdk-amd64/lib/libawt_xawt.so
7fb760057000-7fb760094000 r-xp 00010000 08:02 23990632                   /usr/lib/jvm/java-11-openjdk-amd64/lib/libawt_xawt.so
7fb760094000-7fb7600a6000 r--p 0004d000 08:02 23990632                   /usr/lib/jvm/java-11-openjdk-amd64/lib/libawt_xawt.so
7fb7600a6000-7fb7600a7000 r--p 0005e000 08:02 23990632                   /usr/lib/jvm/java-11-openjdk-amd64/lib/libawt_xawt.so
7fb7600a7000-7fb7600aa000 rw-p 0005f000 08:02 23990632                   /usr/lib/jvm/java-11-openjdk-amd64/lib/libawt_xawt.so
7fb7600aa000-7fb7600dd000 rw-p 00000000 00:00 0 
7fb7600dd000-7fb7600de000 ---p 00000000 00:00 0 
7fb7600de000-7fb7601df000 rw-p 00000000 00:00 0 
7fb7601df000-7fb7601e3000 ---p 00000000 00:00 0 
7fb7601e3000-7fb7602e0000 rw-p 00000000 00:00 0 
7fb7602e0000-7fb7602e4000 ---p 00000000 00:00 0 
7fb7602e4000-7fb7603e1000 rw-p 00000000 00:00 0 
7fb7603e1000-7fb7603e5000 ---p 00000000 00:00 0 
7fb7603e5000-7fb7604e2000 rw-p 00000000 00:00 0 
7fb7604e2000-7fb7604e6000 ---p 00000000 00:00 0 
7fb7604e6000-7fb7605e3000 rw-p 00000000 00:00 0 
7fb7605e3000-7fb7605e7000 ---p 00000000 00:00 0 
7fb7605e7000-7fb7606e4000 rw-p 00000000 00:00 0 
7fb7606e4000-7fb7606e8000 ---p 00000000 00:00 0 
7fb7606e8000-7fb7607e5000 rw-p 00000000 00:00 0 
7fb7607e5000-7fb7607e9000 ---p 00000000 00:00 0 
7fb7607e9000-7fb7608e6000 rw-p 00000000 00:00 0 
7fb7608e6000-7fb7608e7000 ---p 00000000 00:00 0 
7fb7608e7000-7fb7612c4000 rw-p 00000000 00:00 0 
7fb7612c4000-7fb7612c5000 ---p 00000000 00:00 0 
7fb7612c5000-7fb7613c6000 rw-p 00000000 00:00 0 
7fb7613c6000-7fb7613c7000 ---p 00000000 00:00 0 
7fb7613c7000-7fb7638cc000 rw-p 00000000 00:00 0 
7fb7638cc000-7fb7638cd000 ---p 00000000 00:00 0 
7fb7638cd000-7fb7639ce000 rw-p 00000000 00:00 0 
7fb7639ce000-7fb7639cf000 ---p 00000000 00:00 0 
7fb7639cf000-7fb763cc0000 rw-p 00000000 00:00 0 
7fb763cc0000-7fb765988000 ---p 00000000 00:00 0 
7fb765988000-7fb765b80000 rw-p 00000000 00:00 0 
7fb765b80000-7fb767848000 ---p 00000000 00:00 0 
7fb767848000-7fb76788e000 rw-p 00000000 00:00 0 
7fb76788e000-7fb767c27000 ---p 00000000 00:00 0 
7fb767c27000-7fb767c66000 rw-p 00000000 00:00 0 
7fb767c66000-7fb767fff000 ---p 00000000 00:00 0 
7fb767fff000-7fb768000000 rw-p 00000000 00:00 0 
7fb768000000-7fb768021000 rw-p 00000000 00:00 0 
7fb768021000-7fb76c000000 ---p 00000000 00:00 0 
7fb76c002000-7fb76c003000 r--s 00000000 00:35 53                         /run/user/1000/dconf/user
7fb76c003000-7fb76c007000 r--p 00000000 08:02 23990653                   /usr/lib/jvm/java-11-openjdk-amd64/lib/libnet.so
7fb76c007000-7fb76c016000 r-xp 00004000 08:02 23990653                   /usr/lib/jvm/java-11-openjdk-amd64/lib/libnet.so
7fb76c016000-7fb76c01a000 r--p 00013000 08:02 23990653                   /usr/lib/jvm/java-11-openjdk-amd64/lib/libnet.so
7fb76c01a000-7fb76c01b000 r--p 00016000 08:02 23990653                   /usr/lib/jvm/java-11-openjdk-amd64/lib/libnet.so
7fb76c01b000-7fb76c01c000 rw-p 00017000 08:02 23990653                   /usr/lib/jvm/java-11-openjdk-amd64/lib/libnet.so
7fb76c01c000-7fb76c023000 r--p 00000000 08:02 23990654                   /usr/lib/jvm/java-11-openjdk-amd64/lib/libnio.so
7fb76c023000-7fb76c02a000 r-xp 00007000 08:02 23990654                   /usr/lib/jvm/java-11-openjdk-amd64/lib/libnio.so
7fb76c02a000-7fb76c02d000 r--p 0000e000 08:02 23990654                   /usr/lib/jvm/java-11-openjdk-amd64/lib/libnio.so
7fb76c02d000-7fb76c02e000 r--p 00010000 08:02 23990654                   /usr/lib/jvm/java-11-openjdk-amd64/lib/libnio.so
7fb76c02e000-7fb76c02f000 rw-p 00011000 08:02 23990654                   /usr/lib/jvm/java-11-openjdk-amd64/lib/libnio.so
7fb76c02f000-7fb76c0b6000 rw-p 00000000 00:00 0 
7fb76c0b6000-7fb76c44f000 ---p 00000000 00:00 0 
7fb76c44f000-7fb76c854000 rw-p 00000000 00:00 0 
7fb76c854000-7fb76c855000 ---p 00000000 00:00 0 
7fb76c855000-7fb76c956000 rw-p 00000000 00:00 0 
7fb76c956000-7fb76cbc6000 rwxp 00000000 00:00 0 
7fb76cbc6000-7fb76cee6000 ---p 00000000 00:00 0 
7fb76cee6000-7fb76d156000 rwxp 00000000 00:00 0 
7fb76d156000-7fb77441e000 ---p 00000000 00:00 0 
7fb77441e000-7fb77468e000 rwxp 00000000 00:00 0 
7fb77468e000-7fb77b956000 ---p 00000000 00:00 0 
7fb77b956000-7fb784000000 r--s 00000000 08:02 23990663                   /usr/lib/jvm/java-11-openjdk-amd64/lib/modules
7fb784000000-7fb784420000 rw-p 00000000 00:00 0 
7fb784420000-7fb788000000 ---p 00000000 00:00 0 
7fb788000000-7fb788001000 r--p 00000000 08:02 25823354                   /usr/share/locale-langpack/en_AU/LC_MESSAGES/glib20.mo
7fb788001000-7fb788003000 r--p 00000000 08:02 23600923                   /usr/lib/x86_64-linux-gnu/libffi.so.6.0.4
7fb788003000-7fb788008000 r-xp 00002000 08:02 23600923                   /usr/lib/x86_64-linux-gnu/libffi.so.6.0.4
7fb788008000-7fb788009000 r--p 00007000 08:02 23600923                   /usr/lib/x86_64-linux-gnu/libffi.so.6.0.4
7fb788009000-7fb78800a000 r--p 00007000 08:02 23600923                   /usr/lib/x86_64-linux-gnu/libffi.so.6.0.4
7fb78800a000-7fb78800b000 rw-p 00008000 08:02 23600923                   /usr/lib/x86_64-linux-gnu/libffi.so.6.0.4
7fb78800b000-7fb78800c000 r--p 00000000 08:02 23593407                   /usr/lib/x86_64-linux-gnu/libgmodule-2.0.so.0.6000.0
7fb78800c000-7fb78800e000 r-xp 00001000 08:02 23593407                   /usr/lib/x86_64-linux-gnu/libgmodule-2.0.so.0.6000.0
7fb78800e000-7fb78800f000 r--p 00003000 08:02 23593407                   /usr/lib/x86_64-linux-gnu/libgmodule-2.0.so.0.6000.0
7fb78800f000-7fb788010000 r--p 00003000 08:02 23593407                   /usr/lib/x86_64-linux-gnu/libgmodule-2.0.so.0.6000.0
7fb788010000-7fb788011000 rw-p 00004000 08:02 23593407                   /usr/lib/x86_64-linux-gnu/libgmodule-2.0.so.0.6000.0
7fb788011000-7fb788079000 rw-p 00000000 00:00 0 
7fb788079000-7fb78815f000 ---p 00000000 00:00 0 
7fb78815f000-7fb788164000 rw-p 00000000 00:00 0 
7fb788164000-7fb78824a000 ---p 00000000 00:00 0 
7fb78824a000-7fb78824f000 rw-p 00000000 00:00 0 
7fb78824f000-7fb788256000 ---p 00000000 00:00 0 
7fb788256000-7fb788258000 r--s 00007000 08:02 24382982                   /usr/share/java/java-atk-wrapper.jar
7fb788258000-7fb78825a000 r--p 00000000 08:02 23990645                   /usr/lib/jvm/java-11-openjdk-amd64/lib/libjimage.so
7fb78825a000-7fb78825d000 r-xp 00002000 08:02 23990645                   /usr/lib/jvm/java-11-openjdk-amd64/lib/libjimage.so
7fb78825d000-7fb78825f000 r--p 00005000 08:02 23990645                   /usr/lib/jvm/java-11-openjdk-amd64/lib/libjimage.so
7fb78825f000-7fb788260000 r--p 00006000 08:02 23990645                   /usr/lib/jvm/java-11-openjdk-amd64/lib/libjimage.so
7fb788260000-7fb788261000 rw-p 00007000 08:02 23990645                   /usr/lib/jvm/java-11-openjdk-amd64/lib/libjimage.so
7fb788261000-7fb788264000 r--p 00000000 08:02 23601425                   /usr/lib/x86_64-linux-gnu/libnss_files-2.29.so
7fb788264000-7fb78826b000 r-xp 00003000 08:02 23601425                   /usr/lib/x86_64-linux-gnu/libnss_files-2.29.so
7fb78826b000-7fb78826d000 r--p 0000a000 08:02 23601425                   /usr/lib/x86_64-linux-gnu/libnss_files-2.29.so
7fb78826d000-7fb78826e000 r--p 0000b000 08:02 23601425                   /usr/lib/x86_64-linux-gnu/libnss_files-2.29.so
7fb78826e000-7fb78826f000 rw-p 0000c000 08:02 23601425                   /usr/lib/x86_64-linux-gnu/libnss_files-2.29.so
7fb78826f000-7fb788275000 rw-p 00000000 00:00 0 
7fb788275000-7fb788277000 r--p 00000000 08:02 23990662                   /usr/lib/jvm/java-11-openjdk-amd64/lib/libzip.so
7fb788277000-7fb78827b000 r-xp 00002000 08:02 23990662                   /usr/lib/jvm/java-11-openjdk-amd64/lib/libzip.so
7fb78827b000-7fb78827d000 r--p 00006000 08:02 23990662                   /usr/lib/jvm/java-11-openjdk-amd64/lib/libzip.so
7fb78827d000-7fb78827e000 r--p 00007000 08:02 23990662                   /usr/lib/jvm/java-11-openjdk-amd64/lib/libzip.so
7fb78827e000-7fb78827f000 rw-p 00008000 08:02 23990662                   /usr/lib/jvm/java-11-openjdk-amd64/lib/libzip.so
7fb78827f000-7fb788287000 rw-s 00000000 08:02 2753649                    /tmp/hsperfdata_kramer/23384
7fb788287000-7fb788288000 ---p 00000000 00:00 0 
7fb788288000-7fb788289000 r--p 00000000 00:00 0 
7fb788289000-7fb788296000 r--p 00000000 08:02 23990641                   /usr/lib/jvm/java-11-openjdk-amd64/lib/libjava.so
7fb788296000-7fb7882ab000 r-xp 0000d000 08:02 23990641                   /usr/lib/jvm/java-11-openjdk-amd64/lib/libjava.so
7fb7882ab000-7fb7882b2000 r--p 00022000 08:02 23990641                   /usr/lib/jvm/java-11-openjdk-amd64/lib/libjava.so
7fb7882b2000-7fb7882b3000 r--p 00028000 08:02 23990641                   /usr/lib/jvm/java-11-openjdk-amd64/lib/libjava.so
7fb7882b3000-7fb7882b5000 rw-p 00029000 08:02 23990641                   /usr/lib/jvm/java-11-openjdk-amd64/lib/libjava.so
7fb7882b5000-7fb7882b8000 r--p 00000000 08:02 23601631                   /usr/lib/x86_64-linux-gnu/librt-2.29.so
7fb7882b8000-7fb7882bc000 r-xp 00003000 08:02 23601631                   /usr/lib/x86_64-linux-gnu/librt-2.29.so
7fb7882bc000-7fb7882be000 r--p 00007000 08:02 23601631                   /usr/lib/x86_64-linux-gnu/librt-2.29.so
7fb7882be000-7fb7882bf000 r--p 00008000 08:02 23601631                   /usr/lib/x86_64-linux-gnu/librt-2.29.so
7fb7882bf000-7fb7882c0000 rw-p 00009000 08:02 23601631                   /usr/lib/x86_64-linux-gnu/librt-2.29.so
7fb7882c0000-7fb7882c4000 ---p 00000000 00:00 0 
7fb7882c4000-7fb7883c1000 rw-p 00000000 00:00 0 
7fb7883c1000-7fb7883c4000 r--p 00000000 08:02 23596996                   /usr/lib/x86_64-linux-gnu/libgcc_s.so.1
7fb7883c4000-7fb7883d5000 r-xp 00003000 08:02 23596996                   /usr/lib/x86_64-linux-gnu/libgcc_s.so.1
7fb7883d5000-7fb7883d9000 r--p 00014000 08:02 23596996                   /usr/lib/x86_64-linux-gnu/libgcc_s.so.1
7fb7883d9000-7fb7883da000 r--p 00017000 08:02 23596996                   /usr/lib/x86_64-linux-gnu/libgcc_s.so.1
7fb7883da000-7fb7883db000 rw-p 00018000 08:02 23596996                   /usr/lib/x86_64-linux-gnu/libgcc_s.so.1
7fb7883db000-7fb7883ea000 r--p 00000000 08:02 23601302                   /usr/lib/x86_64-linux-gnu/libm-2.29.so
7fb7883ea000-7fb788490000 r-xp 0000f000 08:02 23601302                   /usr/lib/x86_64-linux-gnu/libm-2.29.so
7fb788490000-7fb788527000 r--p 000b5000 08:02 23601302                   /usr/lib/x86_64-linux-gnu/libm-2.29.so
7fb788527000-7fb788528000 r--p 0014b000 08:02 23601302                   /usr/lib/x86_64-linux-gnu/libm-2.29.so
7fb788528000-7fb788529000 rw-p 0014c000 08:02 23601302                   /usr/lib/x86_64-linux-gnu/libm-2.29.so
7fb788529000-7fb7885be000 r--p 00000000 08:02 23594558                   /usr/lib/x86_64-linux-gnu/libstdc++.so.6.0.26
7fb7885be000-7fb7886b0000 r-xp 00095000 08:02 23594558                   /usr/lib/x86_64-linux-gnu/libstdc++.so.6.0.26
7fb7886b0000-7fb7886f9000 r--p 00187000 08:02 23594558                   /usr/lib/x86_64-linux-gnu/libstdc++.so.6.0.26
7fb7886f9000-7fb7886fa000 ---p 001d0000 08:02 23594558                   /usr/lib/x86_64-linux-gnu/libstdc++.so.6.0.26
7fb7886fa000-7fb788705000 r--p 001d0000 08:02 23594558                   /usr/lib/x86_64-linux-gnu/libstdc++.so.6.0.26
7fb788705000-7fb788708000 rw-p 001db000 08:02 23594558                   /usr/lib/x86_64-linux-gnu/libstdc++.so.6.0.26
7fb788708000-7fb78870b000 rw-p 00000000 00:00 0 
7fb78870b000-7fb78897a000 r--p 00000000 08:02 23990668                   /usr/lib/jvm/java-11-openjdk-amd64/lib/server/libjvm.so
7fb78897a000-7fb78949a000 r-xp 0026f000 08:02 23990668                   /usr/lib/jvm/java-11-openjdk-amd64/lib/server/libjvm.so
7fb78949a000-7fb7896d3000 r--p 00d8f000 08:02 23990668                   /usr/lib/jvm/java-11-openjdk-amd64/lib/server/libjvm.so
7fb7896d3000-7fb7896d4000 ---p 00fc8000 08:02 23990668                   /usr/lib/jvm/java-11-openjdk-amd64/lib/server/libjvm.so
7fb7896d4000-7fb789791000 r--p 00fc8000 08:02 23990668                   /usr/lib/jvm/java-11-openjdk-amd64/lib/server/libjvm.so
7fb789791000-7fb7897ca000 rw-p 01085000 08:02 23990668                   /usr/lib/jvm/java-11-openjdk-amd64/lib/server/libjvm.so
7fb7897ca000-7fb789822000 rw-p 00000000 00:00 0 
7fb789822000-7fb789829000 r--p 00000000 08:02 23601565                   /usr/lib/x86_64-linux-gnu/libpthread-2.29.so
7fb789829000-7fb789838000 r-xp 00007000 08:02 23601565                   /usr/lib/x86_64-linux-gnu/libpthread-2.29.so
7fb789838000-7fb78983d000 r--p 00016000 08:02 23601565                   /usr/lib/x86_64-linux-gnu/libpthread-2.29.so
7fb78983d000-7fb78983e000 r--p 0001a000 08:02 23601565                   /usr/lib/x86_64-linux-gnu/libpthread-2.29.so
7fb78983e000-7fb78983f000 rw-p 0001b000 08:02 23601565                   /usr/lib/x86_64-linux-gnu/libpthread-2.29.so
7fb78983f000-7fb789843000 rw-p 00000000 00:00 0 
7fb789843000-7fb789844000 r--p 00000000 08:02 23600824                   /usr/lib/x86_64-linux-gnu/libdl-2.29.so
7fb789844000-7fb789846000 r-xp 00001000 08:02 23600824                   /usr/lib/x86_64-linux-gnu/libdl-2.29.so
7fb789846000-7fb789847000 r--p 00003000 08:02 23600824                   /usr/lib/x86_64-linux-gnu/libdl-2.29.so
7fb789847000-7fb789848000 r--p 00003000 08:02 23600824                   /usr/lib/x86_64-linux-gnu/libdl-2.29.so
7fb789848000-7fb789849000 rw-p 00004000 08:02 23600824                   /usr/lib/x86_64-linux-gnu/libdl-2.29.so
7fb789849000-7fb78984b000 r--p 00000000 08:02 23601962                   /usr/lib/x86_64-linux-gnu/libz.so.1.2.11
7fb78984b000-7fb78985c000 r-xp 00002000 08:02 23601962                   /usr/lib/x86_64-linux-gnu/libz.so.1.2.11
7fb78985c000-7fb789862000 r--p 00013000 08:02 23601962                   /usr/lib/x86_64-linux-gnu/libz.so.1.2.11
7fb789862000-7fb789863000 ---p 00019000 08:02 23601962                   /usr/lib/x86_64-linux-gnu/libz.so.1.2.11
7fb789863000-7fb789864000 r--p 00019000 08:02 23601962                   /usr/lib/x86_64-linux-gnu/libz.so.1.2.11
7fb789864000-7fb789865000 rw-p 0001a000 08:02 23601962                   /usr/lib/x86_64-linux-gnu/libz.so.1.2.11
7fb789865000-7fb78988a000 r--p 00000000 08:02 23600687                   /usr/lib/x86_64-linux-gnu/libc-2.29.so
7fb78988a000-7fb7899fd000 r-xp 00025000 08:02 23600687                   /usr/lib/x86_64-linux-gnu/libc-2.29.so
7fb7899fd000-7fb789a46000 r--p 00198000 08:02 23600687                   /usr/lib/x86_64-linux-gnu/libc-2.29.so
7fb789a46000-7fb789a49000 r--p 001e0000 08:02 23600687                   /usr/lib/x86_64-linux-gnu/libc-2.29.so
7fb789a49000-7fb789a4c000 rw-p 001e3000 08:02 23600687                   /usr/lib/x86_64-linux-gnu/libc-2.29.so
7fb789a4c000-7fb789a50000 rw-p 00000000 00:00 0 
7fb789a50000-7fb789a51000 r--p 00000000 08:02 25823436                   /usr/share/locale-langpack/en_AU/LC_MESSAGES/libc.mo
7fb789a51000-7fb789a56000 r--p 00000000 08:02 23990661                   /usr/lib/jvm/java-11-openjdk-amd64/lib/libverify.so
7fb789a56000-7fb789a5d000 r-xp 00005000 08:02 23990661                   /usr/lib/jvm/java-11-openjdk-amd64/lib/libverify.so
7fb789a5d000-7fb789a5f000 r--p 0000c000 08:02 23990661                   /usr/lib/jvm/java-11-openjdk-amd64/lib/libverify.so
7fb789a5f000-7fb789a61000 r--p 0000d000 08:02 23990661                   /usr/lib/jvm/java-11-openjdk-amd64/lib/libverify.so
7fb789a61000-7fb789a62000 rw-p 0000f000 08:02 23990661                   /usr/lib/jvm/java-11-openjdk-amd64/lib/libverify.so
7fb789a62000-7fb789a65000 r--p 00000000 08:02 23990625                   /usr/lib/jvm/java-11-openjdk-amd64/lib/jli/libjli.so
7fb789a65000-7fb789a6f000 r-xp 00003000 08:02 23990625                   /usr/lib/jvm/java-11-openjdk-amd64/lib/jli/libjli.so
7fb789a6f000-7fb789a72000 r--p 0000d000 08:02 23990625                   /usr/lib/jvm/java-11-openjdk-amd64/lib/jli/libjli.so
7fb789a72000-7fb789a73000 r--p 0000f000 08:02 23990625                   /usr/lib/jvm/java-11-openjdk-amd64/lib/jli/libjli.so
7fb789a73000-7fb789a74000 rw-p 00010000 08:02 23990625                   /usr/lib/jvm/java-11-openjdk-amd64/lib/jli/libjli.so
7fb789a74000-7fb789a76000 rw-p 00000000 00:00 0 
7fb789a76000-7fb789a77000 r--p 00000000 08:02 23600471                   /usr/lib/x86_64-linux-gnu/ld-2.29.so
7fb789a77000-7fb789a98000 r-xp 00001000 08:02 23600471                   /usr/lib/x86_64-linux-gnu/ld-2.29.so
7fb789a98000-7fb789aa0000 r--p 00022000 08:02 23600471                   /usr/lib/x86_64-linux-gnu/ld-2.29.so
7fb789aa0000-7fb789aa1000 r--p 00029000 08:02 23600471                   /usr/lib/x86_64-linux-gnu/ld-2.29.so
7fb789aa1000-7fb789aa2000 rw-p 0002a000 08:02 23600471                   /usr/lib/x86_64-linux-gnu/ld-2.29.so
7fb789aa2000-7fb789aa3000 rw-p 00000000 00:00 0 
7ffee505f000-7ffee5081000 rw-p 00000000 00:00 0                          [stack]
7ffee5086000-7ffee5089000 r--p 00000000 00:00 0                          [vvar]
7ffee5089000-7ffee508a000 r-xp 00000000 00:00 0                          [vdso]
ffffffffff600000-ffffffffff601000 r-xp 00000000 00:00 0                  [vsyscall]


VM Arguments:
jvm_args: -Dfile.encoding=UTF-8 -Duser.country=AU -Duser.language=en -Duser.variant 
java_command: ExampleSwingApp
java_class_path (initial): /home/kramer/Downloads/RobotArena-master/RobotAreana/start/build/classes/java/main:/home/kramer/Downloads/RobotArena-master/RobotAreana/start/build/classes/groovy/main:/home/kramer/Downloads/RobotArena-master/RobotAreana/start/build/resources/main:/home/kramer/Downloads/RobotArena-master/RobotAreana/AIBasic/build/libs/AIBasic.jar:/home/kramer/Downloads/RobotArena-master/RobotAreana/robot/build/libs/robot.jar:/home/kramer/Downloads/RobotArena-master/RobotAreana/main/build/libs/main.jar
Launcher Type: SUN_STANDARD

[Global flags]
     intx CICompilerCount                          = 3                                         {product} {ergonomic}
     uint ConcGCThreads                            = 1                                         {product} {ergonomic}
     uint G1ConcRefinementThreads                  = 4                                         {product} {ergonomic}
   size_t G1HeapRegionSize                         = 1048576                                   {product} {ergonomic}
    uintx GCDrainStackTargetSize                   = 64                                        {product} {ergonomic}
   size_t InitialHeapSize                          = 130023424                                 {product} {ergonomic}
   size_t MarkStackSize                            = 4194304                                   {product} {ergonomic}
   size_t MaxHeapSize                              = 2063597568                                {product} {ergonomic}
   size_t MaxNewSize                               = 1237319680                                {product} {ergonomic}
   size_t MinHeapDeltaBytes                        = 1048576                                   {product} {ergonomic}
    uintx NonNMethodCodeHeapSize                   = 5830092                                {pd product} {ergonomic}
    uintx NonProfiledCodeHeapSize                  = 122914074                              {pd product} {ergonomic}
    uintx ProfiledCodeHeapSize                     = 122914074                              {pd product} {ergonomic}
    uintx ReservedCodeCacheSize                    = 251658240                              {pd product} {ergonomic}
     bool SegmentedCodeCache                       = true                                      {product} {ergonomic}
     bool UseCompressedClassPointers               = true                                 {lp64_product} {ergonomic}
     bool UseCompressedOops                        = true                                 {lp64_product} {ergonomic}
     bool UseG1GC                                  = true                                      {product} {ergonomic}

Logging:
Log output configuration:
 #0: stdout all=warning uptime,level,tags
 #1: stderr all=off uptime,level,tags

Environment Variables:
PATH=/home/kramer/.local/bin:/usr/local/sbin:/usr/local/bin:/usr/sbin:/usr/bin:/sbin:/bin:/usr/games:/usr/local/games:/snap/bin
USERNAME=kramer
LD_LIBRARY_PATH=/home/kramer/Downloads/RobotArena-master/RobotAreana/AIBasic/build/libs/mynativelibrary/shared
SHELL=/bin/bash
DISPLAY=:0

Signal Handlers:
SIGSEGV: [libjvm.so+0xd1cc80], sa_mask[0]=11111111011111111101111111111110, sa_flags=SA_RESTART|SA_SIGINFO
SIGBUS: [libjvm.so+0xd1cc80], sa_mask[0]=11111111011111111101111111111110, sa_flags=SA_RESTART|SA_SIGINFO
SIGFPE: [libjvm.so+0xd1cc80], sa_mask[0]=11111111011111111101111111111110, sa_flags=SA_RESTART|SA_SIGINFO
SIGPIPE: SIG_IGN, sa_mask[0]=00000000000010000000000000000000, sa_flags=SA_RESTART
SIGXFSZ: [libjvm.so+0xb239a0], sa_mask[0]=11111111011111111101111111111110, sa_flags=SA_RESTART|SA_SIGINFO
SIGILL: [libjvm.so+0xd1cc80], sa_mask[0]=11111111011111111101111111111110, sa_flags=SA_RESTART|SA_SIGINFO
SIGUSR2: [libjvm.so+0xb23830], sa_mask[0]=00100000000000000000000000000000, sa_flags=SA_RESTART|SA_SIGINFO
SIGHUP: [libjvm.so+0xb23ce0], sa_mask[0]=11111111011111111101111111111110, sa_flags=SA_RESTART|SA_SIGINFO
SIGINT: [libjvm.so+0xb23ce0], sa_mask[0]=11111111011111111101111111111110, sa_flags=SA_RESTART|SA_SIGINFO
SIGTERM: [libjvm.so+0xb23ce0], sa_mask[0]=11111111011111111101111111111110, sa_flags=SA_RESTART|SA_SIGINFO
SIGQUIT: [libjvm.so+0xb23ce0], sa_mask[0]=11111111011111111101111111111110, sa_flags=SA_RESTART|SA_SIGINFO


---------------  S Y S T E M  ---------------

OS:DISTRIB_ID=Ubuntu
DISTRIB_RELEASE=19.04
DISTRIB_CODENAME=disco
DISTRIB_DESCRIPTION="Ubuntu 19.04"
uname:Linux 5.0.0-32-generic #34-Ubuntu SMP Wed Oct 2 02:06:48 UTC 2019 x86_64
libc:glibc 2.29 NPTL 2.29 
rlimit: STACK 8192k, CORE 0k, NPROC 31283, NOFILE 524288, AS infinity, DATA infinity, FSIZE infinity
load average:2.60 2.61 2.52

/proc/meminfo:
MemTotal:        8057228 kB
MemFree:          343960 kB
MemAvailable:    2483012 kB
Buffers:          186368 kB
Cached:          2241088 kB
SwapCached:            0 kB
Active:          5674076 kB
Inactive:        1574104 kB
Active(anon):    4744116 kB
Inactive(anon):   220476 kB
Active(file):     929960 kB
Inactive(file):  1353628 kB
Unevictable:        3452 kB
Mlocked:              16 kB
SwapTotal:       2097148 kB
SwapFree:        2097148 kB
Dirty:              3696 kB
Writeback:            44 kB
AnonPages:       4824472 kB
Mapped:           736888 kB
Shmem:            226064 kB
KReclaimable:     151496 kB
Slab:             256892 kB
SReclaimable:     151496 kB
SUnreclaim:       105396 kB
KernelStack:       17504 kB
PageTables:        46564 kB
NFS_Unstable:          0 kB
Bounce:                0 kB
WritebackTmp:          0 kB
CommitLimit:     6125760 kB
Committed_AS:   20676148 kB
VmallocTotal:   34359738367 kB
VmallocUsed:           0 kB
VmallocChunk:          0 kB
Percpu:             2240 kB
HardwareCorrupted:     0 kB
AnonHugePages:         0 kB
ShmemHugePages:        0 kB
ShmemPmdMapped:        0 kB
CmaTotal:              0 kB
CmaFree:               0 kB
HugePages_Total:       0
HugePages_Free:        0
HugePages_Rsvd:        0
HugePages_Surp:        0
Hugepagesize:       2048 kB
Hugetlb:               0 kB
DirectMap4k:      279088 kB
DirectMap2M:     6952960 kB
DirectMap1G:     1048576 kB


/proc/sys/kernel/threads-max (system-wide limit on the number of threads):
62566


/proc/sys/vm/max_map_count (maximum number of memory map areas a process may have):
65530


/proc/sys/kernel/pid_max (system-wide limit on number of process identifiers):
32768



container (cgroup) information:
container_type: cgroupv1
cpu_cpuset_cpus: 0-3
cpu_memory_nodes: 0
active_processor_count: 4
cpu_quota: -1
cpu_period: 100000
cpu_shares: -1
memory_limit_in_bytes: -1
memory_and_swap_limit_in_bytes: -2
memory_soft_limit_in_bytes: -1
memory_usage_in_bytes: 1308016640
memory_max_usage_in_bytes: 1321553920

Steal ticks since vm start: 0
Steal ticks percentage since vm start:  0.000

CPU:total 4 (initial active 4) (4 cores per cpu, 1 threads per core) family 6 model 60 stepping 3, cmov, cx8, fxsr, mmx, sse, sse2, sse3, ssse3, sse4.1, sse4.2, popcnt, avx, avx2, aes, clmul, erms, lzcnt, tsc, tscinvbit, bmi1, bmi2, fma
CPU Model and flags from /proc/cpuinfo:
model name	: Intel(R) Core(TM) i5-4690 CPU @ 3.50GHz
flags		: fpu vme de pse tsc msr pae mce cx8 apic sep mtrr pge mca cmov pat pse36 clflush dts acpi mmx fxsr sse sse2 ss ht tm pbe syscall nx pdpe1gb rdtscp lm constant_tsc arch_perfmon pebs bts rep_good nopl xtopology nonstop_tsc cpuid aperfmperf pni pclmulqdq dtes64 monitor ds_cpl vmx smx est tm2 ssse3 sdbg fma cx16 xtpr pdcm pcid sse4_1 sse4_2 x2apic movbe popcnt tsc_deadline_timer aes xsave avx f16c rdrand lahf_lm abm cpuid_fault invpcid_single pti ssbd ibrs ibpb stibp tpr_shadow vnmi flexpriority ept vpid ept_ad fsgsbase tsc_adjust bmi1 avx2 smep bmi2 erms invpcid xsaveopt dtherm ida arat pln pts md_clear flush_l1d

Memory: 4k page, physical 8057228k(343960k free), swap 2097148k(2097148k free)

vm_info: OpenJDK 64-Bit Server VM (11.0.4+11-post-Ubuntu-1ubuntu219.04) for linux-amd64 JRE (11.0.4+11-post-Ubuntu-1ubuntu219.04), built on Jul 18 2019 18:21:46 by "buildd" with gcc 8.3.0

END.
