#
# A fatal error has been detected by the Java Runtime Environment:
#
#  SIGSEGV (0xb) at pc=0x00007f966e07662b, pid=9251, tid=9278
#
# JRE version: OpenJDK Runtime Environment (11.0.4+11) (build 11.0.4+11-post-Ubuntu-1ubuntu219.04)
# Java VM: OpenJDK 64-Bit Server VM (11.0.4+11-post-Ubuntu-1ubuntu219.04, mixed mode, sharing, tiered, compressed oops, g1 gc, linux-amd64)
# Problematic frame:
# V  [libjvm.so+0x86462b]
#
# Core dump will be written. Default location: Core dumps may be processed with "/usr/share/apport/apport %p %s %c %d %P" (or dumping to /home/kramer/Downloads/RobotArena-master/RobotAreana/start/core.9251)
#
# If you would like to submit a bug report, please visit:
#   https://bugs.launchpad.net/ubuntu/+source/openjdk-lts
#

---------------  S U M M A R Y ------------

Command Line: -Dfile.encoding=UTF-8 -Duser.country=AU -Duser.language=en -Duser.variant ExampleSwingApp

Host: Intel(R) Core(TM) i5-4690 CPU @ 3.50GHz, 4 cores, 7G, Ubuntu 19.04
Time: Mon Oct 28 19:27:08 2019 AWST elapsed time: 1 seconds (0d 0h 0m 1s)

---------------  T H R E A D  ---------------

Current thread (0x00007f966843d800):  JavaThread "Thomas" [_thread_in_vm, id=9278, stack(0x00007f960cb7c000,0x00007f960cc7d000)]

Stack: [0x00007f960cb7c000,0x00007f960cc7d000],  sp=0x00007f960cc7b650,  free space=1021k
Native frames: (J=compiled Java code, A=aot compiled Java code, j=interpreted, Vv=VM code, C=native code)
V  [libjvm.so+0x86462b]
C  [libmynativelibrary.so+0x1231]  Java_CRobot_startCPP+0x12c
j  CRobot.startCPP(LRobotControl;)V+0
j  CRobot$1.run()V+8
j  java.lang.Thread.run()V+11 java.base@11.0.4
v  ~StubRoutines::call_stub
V  [libjvm.so+0x7f40b1]
V  [libjvm.so+0x7f2550]
V  [libjvm.so+0x7f260b]
V  [libjvm.so+0x88e63c]
V  [libjvm.so+0xcc0060]
V  [libjvm.so+0xcc0350]
V  [libjvm.so+0xcbbee4]
V  [libjvm.so+0xb2cbee]

Java frames: (J=compiled Java code, j=interpreted, Vv=VM code)
j  CRobot.startCPP(LRobotControl;)V+0
j  CRobot$1.run()V+8
j  java.lang.Thread.run()V+11 java.base@11.0.4
v  ~StubRoutines::call_stub

siginfo: si_signo: 11 (SIGSEGV), si_code: 1 (SEGV_MAPERR), si_addr: 0x0000000000000000

Register to memory mapping:

RAX=0x00007f960cc7b6f0 is pointing into the stack for thread: 0x00007f966843d800
RBX=0x00007f966843d800 is a thread
RCX=0x00007f966e076550: <offset 0x0000000000864550> in /usr/lib/jvm/java-11-openjdk-amd64/lib/server/libjvm.so at 0x00007f966d812000
RDX=0x00007f966843b4d0 points into unknown readable memory: d8 a5 ed 8b 00 00 00 00
RSP=0x00007f960cc7b650 is pointing into the stack for thread: 0x00007f966843d800
RBP=0x00007f960cc7b7d0 is pointing into the stack for thread: 0x00007f966843d800
RSI=0x00007f966843d800 is a thread
RDI=0x00007f960cc7b6b0 is pointing into the stack for thread: 0x00007f966843d800
R8 =0x0 is NULL
R9 =0x00007f960cc7b2e4 is pointing into the stack for thread: 0x00007f966843d800
R10=0x00007f966e5dd264: <offset 0x0000000000dcb264> in /usr/lib/jvm/java-11-openjdk-amd64/lib/server/libjvm.so at 0x00007f966d812000
R11=0x0000000000000535 is an unknown value
R12=0x00007f960cc7b6b0 is pointing into the stack for thread: 0x00007f966843d800
R13=0x00007f966843db40 points into unknown readable memory: e0 ef 89 6e 96 7f 00 00
R14=0x0 is NULL
R15=0x00007f960cc7b8d0 is pointing into the stack for thread: 0x00007f966843d800


Registers:
RAX=0x00007f960cc7b6f0, RBX=0x00007f966843d800, RCX=0x00007f966e076550, RDX=0x00007f966843b4d0
RSP=0x00007f960cc7b650, RBP=0x00007f960cc7b7d0, RSI=0x00007f966843d800, RDI=0x00007f960cc7b6b0
R8 =0x0000000000000000, R9 =0x00007f960cc7b2e4, R10=0x00007f966e5dd264, R11=0x0000000000000535
R12=0x00007f960cc7b6b0, R13=0x00007f966843db40, R14=0x0000000000000000, R15=0x00007f960cc7b8d0
RIP=0x00007f966e07662b, EFLAGS=0x0000000000010202, CSGSFS=0x002b000000000033, ERR=0x0000000000000004
  TRAPNO=0x000000000000000e

Top of Stack: (sp=0x00007f960cc7b650)
0x00007f960cc7b650:   00007f96680eb0d0 00007f966843d800
0x00007f960cc7b660:   00007f964000e042 00007f966e5f1af8
0x00007f960cc7b670:   0000000000000535 0000000800000018
0x00007f960cc7b680:   00007f960cc7b7e0 00007f960cc7b6f0 

Instructions: (pc=0x00007f966e07662b)
0x00007f966e07652b:   89 e0 5b 41 5c 41 5d 41 5e 41 5f 5d c3 0f 1f 84
0x00007f966e07653b:   00 00 00 00 00 48 89 df 31 db e8 66 2d 45 00 e9
0x00007f966e07654b:   ab fe ff ff 90 55 48 89 e5 41 57 49 89 f7 41 56
0x00007f966e07655b:   49 89 d6 41 55 49 89 fd 41 54 53 48 81 ec 58 01
0x00007f966e07656b:   00 00 48 89 8d 38 ff ff ff 4c 89 85 40 ff ff ff
0x00007f966e07657b:   4c 89 8d 48 ff ff ff 84 c0 74 29 0f 29 85 50 ff
0x00007f966e07658b:   ff ff 0f 29 8d 60 ff ff ff 0f 29 95 70 ff ff ff
0x00007f966e07659b:   0f 29 5d 80 0f 29 65 90 0f 29 6d a0 0f 29 75 b0
0x00007f966e0765ab:   0f 29 7d c0 49 8d 9d c0 fc ff ff 8b 83 d0 03 00
0x00007f966e0765bb:   00 2d ab de 00 00 83 f8 01 0f 87 46 01 00 00 48
0x00007f966e0765cb:   89 df 48 89 9d 88 fe ff ff e8 c7 69 ff ff 48 83
0x00007f966e0765db:   7b 08 00 48 89 9d c0 fe ff ff 48 c7 85 c8 fe ff
0x00007f966e0765eb:   ff 00 00 00 00 74 0c 48 8d bd c0 fe ff ff e8 02
0x00007f966e0765fb:   0e 32 00 48 8d 45 10 4c 8d a5 e0 fe ff ff c7 85
0x00007f966e07660b:   a8 fe ff ff 18 00 00 00 48 89 85 b0 fe ff ff 48
0x00007f966e07661b:   8d 85 20 ff ff ff 4c 89 e7 48 89 85 b8 fe ff ff
0x00007f966e07662b:   49 8b 06 c7 85 ac fe ff ff 30 00 00 00 c7 85 90
0x00007f966e07663b:   fe ff ff 0c 00 00 00 48 8b 40 08 0f b7 50 2c 48
0x00007f966e07664b:   8b 40 08 48 8b 74 d0 40 e8 78 53 3a 00 4d 89 e0
0x00007f966e07665b:   49 89 d9 4c 89 f1 48 8d 05 f0 20 77 00 4c 89 fa
0x00007f966e07666b:   4c 89 ef 45 31 e4 48 89 85 e0 fe ff ff f3 0f 6f
0x00007f966e07667b:   85 a8 fe ff ff 48 8d b5 90 fe ff ff 48 8b 85 b8
0x00007f966e07668b:   fe ff ff c7 85 f8 fe ff ff 63 00 00 00 48 c7 85
0x00007f966e07669b:   00 ff ff ff 00 00 00 00 0f 11 85 08 ff ff ff 48
0x00007f966e0766ab:   89 85 18 ff ff ff e8 fa f3 ff ff 48 83 7b 08 00
0x00007f966e0766bb:   75 07 4c 8b a5 98 fe ff ff 48 83 bd c8 fe ff ff
0x00007f966e0766cb:   00 74 0c 48 8d bd c0 fe ff ff e8 76 0d 32 00 48
0x00007f966e0766db:   8b bb f0 00 00 00 e8 1a e3 00 00 48 8d bd 88 fe
0x00007f966e0766eb:   ff ff e8 fe e3 00 00 48 81 c4 58 01 00 00 4c 89
0x00007f966e0766fb:   e0 5b 41 5c 41 5d 41 5e 41 5f 5d c3 66 0f 1f 84
0x00007f966e07670b:   00 00 00 00 00 48 89 df 31 db e8 96 2b 45 00 e9
0x00007f966e07671b:   ab fe ff ff 90 55 48 89 e5 41 57 49 89 f7 41 56 


Stack slot to memory mapping:
stack at sp + 0 slots: 0x00007f96680eb0d0 points into unknown readable memory: 00 00 00 00 00 00 00 00
stack at sp + 1 slots: 0x00007f966843d800 is a thread
stack at sp + 2 slots: 0x00007f964000e042: <offset 0x0000000000002042> in /home/kramer/Downloads/RobotArena-master/RobotAreana/AIBasic/build/libs/mynativelibrary/shared/libmynativelibrary.so at 0x00007f964000c000
stack at sp + 3 slots: 0x00007f966e5f1af8: <offset 0x0000000000ddfaf8> in /usr/lib/jvm/java-11-openjdk-amd64/lib/server/libjvm.so at 0x00007f966d812000
stack at sp + 4 slots: 0x0000000000000535 is an unknown value
stack at sp + 5 slots: 0x0000000800000018 is pointing into metadata
stack at sp + 6 slots: 0x00007f960cc7b7e0 is pointing into the stack for thread: 0x00007f966843d800
stack at sp + 7 slots: 0x00007f960cc7b6f0 is pointing into the stack for thread: 0x00007f966843d800


---------------  P R O C E S S  ---------------

Threads class SMR info:
_java_thread_list=0x00007f9668442680, length=16, elements={
0x00007f9668011800, 0x00007f9668107000, 0x00007f9668109000, 0x00007f966810e800,
0x00007f9668110800, 0x00007f9668112800, 0x00007f9668114800, 0x00007f966814c000,
0x00007f9668155000, 0x00007f96682f3000, 0x00007f9668355000, 0x00007f9618288800,
0x00007f9668436000, 0x00007f966843d800, 0x00007f9668440000, 0x00007f9668441000
}

Java Threads: ( => current thread )
  0x00007f9668011800 JavaThread "main" [_thread_in_Java, id=9252, stack(0x00007f966d3c7000,0x00007f966d4c8000)]
  0x00007f9668107000 JavaThread "Reference Handler" daemon [_thread_blocked, id=9260, stack(0x00007f964807d000,0x00007f964817e000)]
  0x00007f9668109000 JavaThread "Finalizer" daemon [_thread_blocked, id=9261, stack(0x00007f96416ff000,0x00007f9641800000)]
  0x00007f966810e800 JavaThread "Signal Dispatcher" daemon [_thread_blocked, id=9262, stack(0x00007f9640823000,0x00007f9640924000)]
  0x00007f9668110800 JavaThread "C2 CompilerThread0" daemon [_thread_blocked, id=9263, stack(0x00007f9640722000,0x00007f9640823000)]
  0x00007f9668112800 JavaThread "C1 CompilerThread0" daemon [_thread_blocked, id=9264, stack(0x00007f9640621000,0x00007f9640722000)]
  0x00007f9668114800 JavaThread "Sweeper thread" daemon [_thread_blocked, id=9265, stack(0x00007f9640520000,0x00007f9640621000)]
  0x00007f966814c000 JavaThread "Service Thread" daemon [_thread_blocked, id=9266, stack(0x00007f964041f000,0x00007f9640520000)]
  0x00007f9668155000 JavaThread "Common-Cleaner" daemon [_thread_blocked, id=9268, stack(0x00007f964021c000,0x00007f964031d000)]
  0x00007f96682f3000 JavaThread "Java2D Disposer" daemon [_thread_blocked, id=9274, stack(0x00007f960cf80000,0x00007f960d081000)]
  0x00007f9668355000 JavaThread "AWT-XAWT" daemon [_thread_in_native, id=9275, stack(0x00007f960ce7f000,0x00007f960cf80000)]
  0x00007f9618288800 JavaThread "C2 CompilerThread1" daemon [_thread_blocked, id=9276, stack(0x00007f960cd7e000,0x00007f960ce7f000)]
  0x00007f9668436000 JavaThread "Image Fetcher 0" daemon [_thread_blocked, id=9277, stack(0x00007f960cc7d000,0x00007f960cd7e000)]
=>0x00007f966843d800 JavaThread "Thomas" [_thread_in_vm, id=9278, stack(0x00007f960cb7c000,0x00007f960cc7d000)]
  0x00007f9668440000 JavaThread "Thomas" [_thread_blocked, id=9279, stack(0x00007f960ca7b000,0x00007f960cb7c000)]
  0x00007f9668441000 JavaThread "Thomas" [_thread_blocked, id=9280, stack(0x00007f960c97a000,0x00007f960ca7b000)]

Other Threads:
  0x00007f9668104000 VMThread "VM Thread" [stack: 0x00007f9648180000,0x00007f9648280000] [id=9259] _threads_hazard_ptr=0x00007f9668442680
  0x00007f966814e800 WatcherThread [stack: 0x00007f964031f000,0x00007f964041f000] [id=9267]
  0x00007f9668027000 GCTaskThread "GC Thread#0" [stack: 0x00007f966d07b000,0x00007f966d17b000] [id=9253]
  0x00007f9668058000 ConcurrentGCThread "G1 Main Marker" [stack: 0x00007f9650856000,0x00007f9650956000] [id=9254]
  0x00007f966805a000 ConcurrentGCThread "G1 Conc#0" [stack: 0x00007f9650754000,0x00007f9650854000] [id=9255]
  0x00007f96680d2000 ConcurrentGCThread "G1 Refine#0" [stack: 0x00007f965024e000,0x00007f965034e000] [id=9256]
  0x00007f96680d3800 ConcurrentGCThread "G1 Young RemSet Sampling" [stack: 0x00007f965014c000,0x00007f965024c000] [id=9257]

Threads with active compile tasks:
C2 CompilerThread0 641 %     4       sun.awt.image.PNGImageDecoder::filterRow @ 47 (459 bytes)

VM state:synchronizing (normal execution)

VM Mutex/Monitor currently owned by a thread:  ([mutex/lock_event])
[0x00007f966800e2d0] Safepoint_lock - owner thread: 0x00007f9668104000
[0x00007f966800e360] Threads_lock - owner thread: 0x00007f9668104000
[0x00007f966800eab0] Heap_lock - owner thread: 0x00007f9668440000

Heap address: 0x0000000085000000, size: 1968 MB, Compressed Oops mode: 32-bit
Narrow klass base: 0x0000000800000000, Narrow klass shift: 3
Compressed class space size: 1073741824 Address: 0x0000000840000000

Heap:
 garbage-first heap   total 129024K, used 23160K [0x0000000085000000, 0x0000000100000000)
  region size 1024K, 14 young (14336K), 0 survivors (0K)
 Metaspace       used 5244K, capacity 5597K, committed 5632K, reserved 1056768K
  class space    used 583K, capacity 768K, committed 768K, reserved 1048576K
Heap Regions: E=young(eden), S=young(survivor), O=old, HS=humongous(starts), HC=humongous(continues), CS=collection set, F=free, A=archive, TAMS=top-at-mark-start (previous, next)
|   0|0x0000000085000000, 0x0000000085100000, 0x0000000085100000|100%|HS|  |TAMS 0x0000000085000000, 0x0000000085000000| Complete 
|   1|0x0000000085100000, 0x0000000085200000, 0x0000000085200000|100%|HC|  |TAMS 0x0000000085100000, 0x0000000085100000| Complete 
|   2|0x0000000085200000, 0x0000000085300000, 0x0000000085300000|100%|HC|  |TAMS 0x0000000085200000, 0x0000000085200000| Complete 
|   3|0x0000000085300000, 0x0000000085400000, 0x0000000085400000|100%|HC|  |TAMS 0x0000000085300000, 0x0000000085300000| Complete 
|   4|0x0000000085400000, 0x0000000085500000, 0x0000000085500000|100%|HC|  |TAMS 0x0000000085400000, 0x0000000085400000| Complete 
|   5|0x0000000085500000, 0x0000000085600000, 0x0000000085600000|100%|HC|  |TAMS 0x0000000085500000, 0x0000000085500000| Complete 
|   6|0x0000000085600000, 0x0000000085700000, 0x0000000085700000|100%|HC|  |TAMS 0x0000000085600000, 0x0000000085600000| Complete 
|   7|0x0000000085700000, 0x0000000085800000, 0x0000000085800000|100%|HC|  |TAMS 0x0000000085700000, 0x0000000085700000| Complete 
|   8|0x0000000085800000, 0x0000000085800000, 0x0000000085900000|  0%| F|  |TAMS 0x0000000085800000, 0x0000000085800000| Untracked 
|   9|0x0000000085900000, 0x0000000085900000, 0x0000000085a00000|  0%| F|  |TAMS 0x0000000085900000, 0x0000000085900000| Untracked 
|  10|0x0000000085a00000, 0x0000000085a00000, 0x0000000085b00000|  0%| F|  |TAMS 0x0000000085a00000, 0x0000000085a00000| Untracked 
|  11|0x0000000085b00000, 0x0000000085b00000, 0x0000000085c00000|  0%| F|  |TAMS 0x0000000085b00000, 0x0000000085b00000| Untracked 
|  12|0x0000000085c00000, 0x0000000085c00000, 0x0000000085d00000|  0%| F|  |TAMS 0x0000000085c00000, 0x0000000085c00000| Untracked 
|  13|0x0000000085d00000, 0x0000000085d00000, 0x0000000085e00000|  0%| F|  |TAMS 0x0000000085d00000, 0x0000000085d00000| Untracked 
|  14|0x0000000085e00000, 0x0000000085e00000, 0x0000000085f00000|  0%| F|  |TAMS 0x0000000085e00000, 0x0000000085e00000| Untracked 
|  15|0x0000000085f00000, 0x0000000085f00000, 0x0000000086000000|  0%| F|  |TAMS 0x0000000085f00000, 0x0000000085f00000| Untracked 
|  16|0x0000000086000000, 0x0000000086000000, 0x0000000086100000|  0%| F|  |TAMS 0x0000000086000000, 0x0000000086000000| Untracked 
|  17|0x0000000086100000, 0x0000000086100000, 0x0000000086200000|  0%| F|  |TAMS 0x0000000086100000, 0x0000000086100000| Untracked 
|  18|0x0000000086200000, 0x0000000086200000, 0x0000000086300000|  0%| F|  |TAMS 0x0000000086200000, 0x0000000086200000| Untracked 
|  19|0x0000000086300000, 0x0000000086300000, 0x0000000086400000|  0%| F|  |TAMS 0x0000000086300000, 0x0000000086300000| Untracked 
|  20|0x0000000086400000, 0x0000000086400000, 0x0000000086500000|  0%| F|  |TAMS 0x0000000086400000, 0x0000000086400000| Untracked 
|  21|0x0000000086500000, 0x0000000086500000, 0x0000000086600000|  0%| F|  |TAMS 0x0000000086500000, 0x0000000086500000| Untracked 
|  22|0x0000000086600000, 0x0000000086600000, 0x0000000086700000|  0%| F|  |TAMS 0x0000000086600000, 0x0000000086600000| Untracked 
|  23|0x0000000086700000, 0x0000000086700000, 0x0000000086800000|  0%| F|  |TAMS 0x0000000086700000, 0x0000000086700000| Untracked 
|  24|0x0000000086800000, 0x0000000086800000, 0x0000000086900000|  0%| F|  |TAMS 0x0000000086800000, 0x0000000086800000| Untracked 
|  25|0x0000000086900000, 0x0000000086900000, 0x0000000086a00000|  0%| F|  |TAMS 0x0000000086900000, 0x0000000086900000| Untracked 
|  26|0x0000000086a00000, 0x0000000086a00000, 0x0000000086b00000|  0%| F|  |TAMS 0x0000000086a00000, 0x0000000086a00000| Untracked 
|  27|0x0000000086b00000, 0x0000000086b00000, 0x0000000086c00000|  0%| F|  |TAMS 0x0000000086b00000, 0x0000000086b00000| Untracked 
|  28|0x0000000086c00000, 0x0000000086c00000, 0x0000000086d00000|  0%| F|  |TAMS 0x0000000086c00000, 0x0000000086c00000| Untracked 
|  29|0x0000000086d00000, 0x0000000086d00000, 0x0000000086e00000|  0%| F|  |TAMS 0x0000000086d00000, 0x0000000086d00000| Untracked 
|  30|0x0000000086e00000, 0x0000000086e00000, 0x0000000086f00000|  0%| F|  |TAMS 0x0000000086e00000, 0x0000000086e00000| Untracked 
|  31|0x0000000086f00000, 0x0000000086f00000, 0x0000000087000000|  0%| F|  |TAMS 0x0000000086f00000, 0x0000000086f00000| Untracked 
|  32|0x0000000087000000, 0x0000000087000000, 0x0000000087100000|  0%| F|  |TAMS 0x0000000087000000, 0x0000000087000000| Untracked 
|  33|0x0000000087100000, 0x0000000087100000, 0x0000000087200000|  0%| F|  |TAMS 0x0000000087100000, 0x0000000087100000| Untracked 
|  34|0x0000000087200000, 0x0000000087200000, 0x0000000087300000|  0%| F|  |TAMS 0x0000000087200000, 0x0000000087200000| Untracked 
|  35|0x0000000087300000, 0x0000000087300000, 0x0000000087400000|  0%| F|  |TAMS 0x0000000087300000, 0x0000000087300000| Untracked 
|  36|0x0000000087400000, 0x0000000087400000, 0x0000000087500000|  0%| F|  |TAMS 0x0000000087400000, 0x0000000087400000| Untracked 
|  37|0x0000000087500000, 0x0000000087500000, 0x0000000087600000|  0%| F|  |TAMS 0x0000000087500000, 0x0000000087500000| Untracked 
|  38|0x0000000087600000, 0x0000000087600000, 0x0000000087700000|  0%| F|  |TAMS 0x0000000087600000, 0x0000000087600000| Untracked 
|  39|0x0000000087700000, 0x0000000087700000, 0x0000000087800000|  0%| F|  |TAMS 0x0000000087700000, 0x0000000087700000| Untracked 
|  40|0x0000000087800000, 0x0000000087800000, 0x0000000087900000|  0%| F|  |TAMS 0x0000000087800000, 0x0000000087800000| Untracked 
|  41|0x0000000087900000, 0x0000000087900000, 0x0000000087a00000|  0%| F|  |TAMS 0x0000000087900000, 0x0000000087900000| Untracked 
|  42|0x0000000087a00000, 0x0000000087a00000, 0x0000000087b00000|  0%| F|  |TAMS 0x0000000087a00000, 0x0000000087a00000| Untracked 
|  43|0x0000000087b00000, 0x0000000087b00000, 0x0000000087c00000|  0%| F|  |TAMS 0x0000000087b00000, 0x0000000087b00000| Untracked 
|  44|0x0000000087c00000, 0x0000000087c00000, 0x0000000087d00000|  0%| F|  |TAMS 0x0000000087c00000, 0x0000000087c00000| Untracked 
|  45|0x0000000087d00000, 0x0000000087d00000, 0x0000000087e00000|  0%| F|  |TAMS 0x0000000087d00000, 0x0000000087d00000| Untracked 
|  46|0x0000000087e00000, 0x0000000087e00000, 0x0000000087f00000|  0%| F|  |TAMS 0x0000000087e00000, 0x0000000087e00000| Untracked 
|  47|0x0000000087f00000, 0x0000000087f00000, 0x0000000088000000|  0%| F|  |TAMS 0x0000000087f00000, 0x0000000087f00000| Untracked 
|  48|0x0000000088000000, 0x0000000088000000, 0x0000000088100000|  0%| F|  |TAMS 0x0000000088000000, 0x0000000088000000| Untracked 
|  49|0x0000000088100000, 0x0000000088100000, 0x0000000088200000|  0%| F|  |TAMS 0x0000000088100000, 0x0000000088100000| Untracked 
|  50|0x0000000088200000, 0x0000000088200000, 0x0000000088300000|  0%| F|  |TAMS 0x0000000088200000, 0x0000000088200000| Untracked 
|  51|0x0000000088300000, 0x0000000088300000, 0x0000000088400000|  0%| F|  |TAMS 0x0000000088300000, 0x0000000088300000| Untracked 
|  52|0x0000000088400000, 0x0000000088400000, 0x0000000088500000|  0%| F|  |TAMS 0x0000000088400000, 0x0000000088400000| Untracked 
|  53|0x0000000088500000, 0x0000000088500000, 0x0000000088600000|  0%| F|  |TAMS 0x0000000088500000, 0x0000000088500000| Untracked 
|  54|0x0000000088600000, 0x0000000088600000, 0x0000000088700000|  0%| F|  |TAMS 0x0000000088600000, 0x0000000088600000| Untracked 
|  55|0x0000000088700000, 0x0000000088700000, 0x0000000088800000|  0%| F|  |TAMS 0x0000000088700000, 0x0000000088700000| Untracked 
|  56|0x0000000088800000, 0x0000000088800000, 0x0000000088900000|  0%| F|  |TAMS 0x0000000088800000, 0x0000000088800000| Untracked 
|  57|0x0000000088900000, 0x0000000088900000, 0x0000000088a00000|  0%| F|  |TAMS 0x0000000088900000, 0x0000000088900000| Untracked 
|  58|0x0000000088a00000, 0x0000000088a00000, 0x0000000088b00000|  0%| F|  |TAMS 0x0000000088a00000, 0x0000000088a00000| Untracked 
|  59|0x0000000088b00000, 0x0000000088b00000, 0x0000000088c00000|  0%| F|  |TAMS 0x0000000088b00000, 0x0000000088b00000| Untracked 
|  60|0x0000000088c00000, 0x0000000088c00000, 0x0000000088d00000|  0%| F|  |TAMS 0x0000000088c00000, 0x0000000088c00000| Untracked 
|  61|0x0000000088d00000, 0x0000000088d00000, 0x0000000088e00000|  0%| F|  |TAMS 0x0000000088d00000, 0x0000000088d00000| Untracked 
|  62|0x0000000088e00000, 0x0000000088e00000, 0x0000000088f00000|  0%| F|  |TAMS 0x0000000088e00000, 0x0000000088e00000| Untracked 
|  63|0x0000000088f00000, 0x0000000088f00000, 0x0000000089000000|  0%| F|  |TAMS 0x0000000088f00000, 0x0000000088f00000| Untracked 
|  64|0x0000000089000000, 0x0000000089000000, 0x0000000089100000|  0%| F|  |TAMS 0x0000000089000000, 0x0000000089000000| Untracked 
|  65|0x0000000089100000, 0x0000000089100000, 0x0000000089200000|  0%| F|  |TAMS 0x0000000089100000, 0x0000000089100000| Untracked 
|  66|0x0000000089200000, 0x0000000089200000, 0x0000000089300000|  0%| F|  |TAMS 0x0000000089200000, 0x0000000089200000| Untracked 
|  67|0x0000000089300000, 0x0000000089300000, 0x0000000089400000|  0%| F|  |TAMS 0x0000000089300000, 0x0000000089300000| Untracked 
|  68|0x0000000089400000, 0x0000000089400000, 0x0000000089500000|  0%| F|  |TAMS 0x0000000089400000, 0x0000000089400000| Untracked 
|  69|0x0000000089500000, 0x0000000089500000, 0x0000000089600000|  0%| F|  |TAMS 0x0000000089500000, 0x0000000089500000| Untracked 
|  70|0x0000000089600000, 0x0000000089600000, 0x0000000089700000|  0%| F|  |TAMS 0x0000000089600000, 0x0000000089600000| Untracked 
|  71|0x0000000089700000, 0x0000000089700000, 0x0000000089800000|  0%| F|  |TAMS 0x0000000089700000, 0x0000000089700000| Untracked 
|  72|0x0000000089800000, 0x0000000089800000, 0x0000000089900000|  0%| F|  |TAMS 0x0000000089800000, 0x0000000089800000| Untracked 
|  73|0x0000000089900000, 0x0000000089900000, 0x0000000089a00000|  0%| F|  |TAMS 0x0000000089900000, 0x0000000089900000| Untracked 
|  74|0x0000000089a00000, 0x0000000089a00000, 0x0000000089b00000|  0%| F|  |TAMS 0x0000000089a00000, 0x0000000089a00000| Untracked 
|  75|0x0000000089b00000, 0x0000000089b00000, 0x0000000089c00000|  0%| F|  |TAMS 0x0000000089b00000, 0x0000000089b00000| Untracked 
|  76|0x0000000089c00000, 0x0000000089c00000, 0x0000000089d00000|  0%| F|  |TAMS 0x0000000089c00000, 0x0000000089c00000| Untracked 
|  77|0x0000000089d00000, 0x0000000089d00000, 0x0000000089e00000|  0%| F|  |TAMS 0x0000000089d00000, 0x0000000089d00000| Untracked 
|  78|0x0000000089e00000, 0x0000000089e00000, 0x0000000089f00000|  0%| F|  |TAMS 0x0000000089e00000, 0x0000000089e00000| Untracked 
|  79|0x0000000089f00000, 0x0000000089f00000, 0x000000008a000000|  0%| F|  |TAMS 0x0000000089f00000, 0x0000000089f00000| Untracked 
|  80|0x000000008a000000, 0x000000008a000000, 0x000000008a100000|  0%| F|  |TAMS 0x000000008a000000, 0x000000008a000000| Untracked 
|  81|0x000000008a100000, 0x000000008a100000, 0x000000008a200000|  0%| F|  |TAMS 0x000000008a100000, 0x000000008a100000| Untracked 
|  82|0x000000008a200000, 0x000000008a200000, 0x000000008a300000|  0%| F|  |TAMS 0x000000008a200000, 0x000000008a200000| Untracked 
|  83|0x000000008a300000, 0x000000008a300000, 0x000000008a400000|  0%| F|  |TAMS 0x000000008a300000, 0x000000008a300000| Untracked 
|  84|0x000000008a400000, 0x000000008a400000, 0x000000008a500000|  0%| F|  |TAMS 0x000000008a400000, 0x000000008a400000| Untracked 
|  85|0x000000008a500000, 0x000000008a500000, 0x000000008a600000|  0%| F|  |TAMS 0x000000008a500000, 0x000000008a500000| Untracked 
|  86|0x000000008a600000, 0x000000008a600000, 0x000000008a700000|  0%| F|  |TAMS 0x000000008a600000, 0x000000008a600000| Untracked 
|  87|0x000000008a700000, 0x000000008a700000, 0x000000008a800000|  0%| F|  |TAMS 0x000000008a700000, 0x000000008a700000| Untracked 
|  88|0x000000008a800000, 0x000000008a800000, 0x000000008a900000|  0%| F|  |TAMS 0x000000008a800000, 0x000000008a800000| Untracked 
|  89|0x000000008a900000, 0x000000008a900000, 0x000000008aa00000|  0%| F|  |TAMS 0x000000008a900000, 0x000000008a900000| Untracked 
|  90|0x000000008aa00000, 0x000000008aa00000, 0x000000008ab00000|  0%| F|  |TAMS 0x000000008aa00000, 0x000000008aa00000| Untracked 
|  91|0x000000008ab00000, 0x000000008ab00000, 0x000000008ac00000|  0%| F|  |TAMS 0x000000008ab00000, 0x000000008ab00000| Untracked 
|  92|0x000000008ac00000, 0x000000008ac00000, 0x000000008ad00000|  0%| F|  |TAMS 0x000000008ac00000, 0x000000008ac00000| Untracked 
|  93|0x000000008ad00000, 0x000000008ad00000, 0x000000008ae00000|  0%| F|  |TAMS 0x000000008ad00000, 0x000000008ad00000| Untracked 
|  94|0x000000008ae00000, 0x000000008ae00000, 0x000000008af00000|  0%| F|  |TAMS 0x000000008ae00000, 0x000000008ae00000| Untracked 
|  95|0x000000008af00000, 0x000000008af00000, 0x000000008b000000|  0%| F|  |TAMS 0x000000008af00000, 0x000000008af00000| Untracked 
|  96|0x000000008b000000, 0x000000008b000000, 0x000000008b100000|  0%| F|  |TAMS 0x000000008b000000, 0x000000008b000000| Untracked 
|  97|0x000000008b100000, 0x000000008b100000, 0x000000008b200000|  0%| F|  |TAMS 0x000000008b100000, 0x000000008b100000| Untracked 
|  98|0x000000008b200000, 0x000000008b200000, 0x000000008b300000|  0%| F|  |TAMS 0x000000008b200000, 0x000000008b200000| Untracked 
|  99|0x000000008b300000, 0x000000008b300000, 0x000000008b400000|  0%| F|  |TAMS 0x000000008b300000, 0x000000008b300000| Untracked 
| 100|0x000000008b400000, 0x000000008b400000, 0x000000008b500000|  0%| F|  |TAMS 0x000000008b400000, 0x000000008b400000| Untracked 
| 101|0x000000008b500000, 0x000000008b500000, 0x000000008b600000|  0%| F|  |TAMS 0x000000008b500000, 0x000000008b500000| Untracked 
| 102|0x000000008b600000, 0x000000008b600000, 0x000000008b700000|  0%| F|  |TAMS 0x000000008b600000, 0x000000008b600000| Untracked 
| 103|0x000000008b700000, 0x000000008b700000, 0x000000008b800000|  0%| F|  |TAMS 0x000000008b700000, 0x000000008b700000| Untracked 
| 104|0x000000008b800000, 0x000000008b800000, 0x000000008b900000|  0%| F|  |TAMS 0x000000008b800000, 0x000000008b800000| Untracked 
| 105|0x000000008b900000, 0x000000008b900000, 0x000000008ba00000|  0%| F|  |TAMS 0x000000008b900000, 0x000000008b900000| Untracked 
| 106|0x000000008ba00000, 0x000000008ba00000, 0x000000008bb00000|  0%| F|  |TAMS 0x000000008ba00000, 0x000000008ba00000| Untracked 
| 107|0x000000008bb00000, 0x000000008bb00000, 0x000000008bc00000|  0%| F|  |TAMS 0x000000008bb00000, 0x000000008bb00000| Untracked 
| 108|0x000000008bc00000, 0x000000008bc00000, 0x000000008bd00000|  0%| F|  |TAMS 0x000000008bc00000, 0x000000008bc00000| Untracked 
| 109|0x000000008bd00000, 0x000000008bd00000, 0x000000008be00000|  0%| F|  |TAMS 0x000000008bd00000, 0x000000008bd00000| Untracked 
| 110|0x000000008be00000, 0x000000008bf00000, 0x000000008bf00000|100%| E|CS|TAMS 0x000000008be00000, 0x000000008be00000| Complete 
| 111|0x000000008bf00000, 0x000000008c000000, 0x000000008c000000|100%| E|CS|TAMS 0x000000008bf00000, 0x000000008bf00000| Complete 
| 112|0x000000008c000000, 0x000000008c100000, 0x000000008c100000|100%| E|CS|TAMS 0x000000008c000000, 0x000000008c000000| Complete 
| 113|0x000000008c100000, 0x000000008c200000, 0x000000008c200000|100%| E|CS|TAMS 0x000000008c100000, 0x000000008c100000| Complete 
| 114|0x000000008c200000, 0x000000008c300000, 0x000000008c300000|100%| E|CS|TAMS 0x000000008c200000, 0x000000008c200000| Complete 
| 115|0x000000008c300000, 0x000000008c400000, 0x000000008c400000|100%| E|CS|TAMS 0x000000008c300000, 0x000000008c300000| Complete 
| 116|0x000000008c400000, 0x000000008c500000, 0x000000008c500000|100%| E|CS|TAMS 0x000000008c400000, 0x000000008c400000| Complete 
| 117|0x000000008c500000, 0x000000008c600000, 0x000000008c600000|100%| E|CS|TAMS 0x000000008c500000, 0x000000008c500000| Complete 
| 118|0x000000008c600000, 0x000000008c700000, 0x000000008c700000|100%| E|CS|TAMS 0x000000008c600000, 0x000000008c600000| Complete 
| 119|0x000000008c700000, 0x000000008c800000, 0x000000008c800000|100%| E|CS|TAMS 0x000000008c700000, 0x000000008c700000| Complete 
| 120|0x000000008c800000, 0x000000008c900000, 0x000000008c900000|100%| E|CS|TAMS 0x000000008c800000, 0x000000008c800000| Complete 
| 121|0x000000008c900000, 0x000000008ca00000, 0x000000008ca00000|100%| E|CS|TAMS 0x000000008c900000, 0x000000008c900000| Complete 
| 122|0x000000008ca00000, 0x000000008cb00000, 0x000000008cb00000|100%| E|CS|TAMS 0x000000008ca00000, 0x000000008ca00000| Complete 
| 123|0x000000008cb00000, 0x000000008cc00000, 0x000000008cc00000|100%| E|CS|TAMS 0x000000008cb00000, 0x000000008cb00000| Complete 
|1966|0x00000000ffe00000, 0x00000000ffe34000, 0x00000000fff00000| 20%|OA|  |TAMS 0x00000000ffe00000, 0x00000000ffe00000| Untracked 
|1967|0x00000000fff00000, 0x00000000fff6a000, 0x0000000100000000| 41%|CA|  |TAMS 0x00000000fff00000, 0x00000000fff00000| Untracked 

Card table byte_map: [0x00007f966c4c5000,0x00007f966c89d000] _byte_map_base: 0x00007f966c09d000

Marking Bits (Prev, Next): (CMBitMap*) 0x00007f966804f5d8, (CMBitMap*) 0x00007f966804f610
 Prev Bits: [0x00007f964a140000, 0x00007f964c000000)
 Next Bits: [0x00007f9648280000, 0x00007f964a140000)

Polling page: 0x00007f966d38e000

Metaspace:

Usage:
  Non-class:      4.72 MB capacity,     4.55 MB ( 97%) used,   139.39 KB (  3%) free+waste,    28.62 KB ( <1%) overhead. 
      Class:    768.00 KB capacity,   583.99 KB ( 76%) used,   165.88 KB ( 22%) free+waste,    18.12 KB (  2%) overhead. 
       Both:      5.47 MB capacity,     5.12 MB ( 94%) used,   305.27 KB (  5%) free+waste,    46.75 KB ( <1%) overhead. 

Virtual space:
  Non-class space:        8.00 MB reserved,       4.75 MB ( 59%) committed 
      Class space:        1.00 GB reserved,     768.00 KB ( <1%) committed 
             Both:        1.01 GB reserved,       5.50 MB ( <1%) committed 

Chunk freelists:
   Non-Class:  35.00 KB
       Class:  0 bytes
        Both:  35.00 KB

CodeHeap 'non-profiled nmethods': size=120032Kb used=237Kb max_used=237Kb free=119794Kb
 bounds [0x00007f965841e000, 0x00007f965868e000, 0x00007f965f956000]
CodeHeap 'profiled nmethods': size=120032Kb used=1166Kb max_used=1166Kb free=118865Kb
 bounds [0x00007f9650ee6000, 0x00007f9651156000, 0x00007f965841e000]
CodeHeap 'non-nmethods': size=5696Kb used=1183Kb max_used=1209Kb free=4512Kb
 bounds [0x00007f9650956000, 0x00007f9650bc6000, 0x00007f9650ee6000]
 total_blobs=1301 nmethods=646 adapters=455
 compilation: enabled
              stopped_count=0, restarted_count=0
 full_count=0

Compilation events (10 events):
Event: 1.147 Thread 0x00007f9668112800  643       1       java.net.URL::getHost (5 bytes)
Event: 1.147 Thread 0x00007f9668112800 nmethod 643 0x00007f9658458d90 code [0x00007f9658458f40, 0x00007f9658459070]
Event: 1.148 Thread 0x00007f9668112800  644       3       java.lang.String::lastIndexOf (29 bytes)
Event: 1.148 Thread 0x00007f9668112800 nmethod 644 0x00007f9651008790 code [0x00007f9651008960, 0x00007f9651008c58]
Event: 1.148 Thread 0x00007f9668112800  646       3       java.lang.String::lastIndexOf (12 bytes)
Event: 1.149 Thread 0x00007f9668112800 nmethod 646 0x00007f9651008d90 code [0x00007f9651008f80, 0x00007f96510093d8]
Event: 1.149 Thread 0x00007f9668112800  645       3       java.lang.String::startsWith (7 bytes)
Event: 1.149 Thread 0x00007f9668112800 nmethod 645 0x00007f9651009590 code [0x00007f9651009740, 0x00007f96510098e8]
Event: 1.149 Thread 0x00007f9668112800  647       1       java.net.URL::getProtocol (5 bytes)
Event: 1.149 Thread 0x00007f9668112800 nmethod 647 0x00007f9658459110 code [0x00007f96584592c0, 0x00007f96584593f0]

GC Heap History (0 events):
No events

Deoptimization events (10 events):
Event: 1.140 Thread 0x00007f9668436000 DEOPT PACKING pc=0x00007f9650fd4d0d sp=0x00007f960cd7c660
Event: 1.140 Thread 0x00007f9668436000 DEOPT UNPACKING pc=0x00007f965097e83a sp=0x00007f960cd7baf0 mode 0
Event: 1.143 Thread 0x00007f9668436000 Uncommon trap: trap_request=0xffffff4d fr.pc=0x00007f9658457c28 relative=0x0000000000001348
Event: 1.143 Thread 0x00007f9668436000 Uncommon trap: reason=unstable_if action=reinterpret pc=0x00007f9658457c28 method=sun.awt.image.PNGImageDecoder.filterRow([B[BIII)V @ 384 c2
Event: 1.143 Thread 0x00007f9668436000 DEOPT PACKING pc=0x00007f9658457c28 sp=0x00007f960cd7c680
Event: 1.143 Thread 0x00007f9668436000 DEOPT UNPACKING pc=0x00007f965097ea25 sp=0x00007f960cd7c5d8 mode 2
Event: 1.145 Thread 0x00007f9668436000 Uncommon trap: trap_request=0xffffff4d fr.pc=0x00007f9658454450 relative=0x0000000000000ff0
Event: 1.145 Thread 0x00007f9668436000 Uncommon trap: reason=unstable_if action=reinterpret pc=0x00007f9658454450 method=sun.awt.image.PNGImageDecoder.produceImage()V @ 867 c2
Event: 1.145 Thread 0x00007f9668436000 DEOPT PACKING pc=0x00007f9658454450 sp=0x00007f960cd7c6e0
Event: 1.145 Thread 0x00007f9668436000 DEOPT UNPACKING pc=0x00007f965097ea25 sp=0x00007f960cd7c650 mode 2

Classes redefined (0 events):
No events

Internal exceptions (10 events):
Event: 0.192 Thread 0x00007f9668011800 Exception <a 'java/lang/NoSuchMethodError'{0x000000008c8c0da0}: 'java.lang.Object java.lang.invoke.DirectMethodHandle$Holder.invokeStatic(java.lang.Object, int, java.lang.Object, java.lang.Object, java.lang.Object)'> (0x000000008c8c0da0) thrown at [/build
Event: 0.193 Thread 0x00007f9668011800 Exception <a 'java/lang/NoSuchMethodError'{0x000000008c8c48e8}: 'java.lang.Object java.lang.invoke.DirectMethodHandle$Holder.invokeSpecial(java.lang.Object, java.lang.Object, int, java.lang.Object, java.lang.Object, java.lang.Object)'> (0x000000008c8c48e8
Event: 0.196 Thread 0x00007f9668011800 Exception <a 'java/lang/NoSuchMethodError'{0x000000008c8dc408}: 'java.lang.Object java.lang.invoke.DirectMethodHandle$Holder.invokeStatic(java.lang.Object, int, java.lang.Object)'> (0x000000008c8dc408) thrown at [/build/openjdk-lts-ZT5jEu/openjdk-lts-11.0
Event: 0.957 Thread 0x00007f9668011800 Exception <a 'java/lang/NoSuchMethodError'{0x000000008c7756b0}: 'java.lang.Object java.lang.invoke.DirectMethodHandle$Holder.invokeStatic(java.lang.Object, java.lang.Object, java.lang.Object, java.lang.Object, java.lang.Object, java.lang.Object, java.lang
Event: 0.959 Thread 0x00007f9668011800 Exception <a 'java/lang/NoSuchMethodError'{0x000000008c78f610}: 'java.lang.Object java.lang.invoke.DirectMethodHandle$Holder.invokeStatic(java.lang.Object, java.lang.Object, java.lang.Object, java.lang.Object, java.lang.Object, java.lang.Object, java.lang
Event: 0.961 Thread 0x00007f9668011800 Exception <a 'java/lang/NoSuchMethodError'{0x000000008c79b9d8}: 'void java.lang.invoke.DirectMethodHandle$Holder.invokeSpecial(java.lang.Object, java.lang.Object)'> (0x000000008c79b9d8) thrown at [/build/openjdk-lts-ZT5jEu/openjdk-lts-11.0.4+11/src/hotspo
Event: 1.017 Thread 0x00007f9668011800 Exception <a 'java/lang/NoSuchMethodError'{0x000000008c6c1b98}: 'java.lang.Object java.lang.invoke.Invokers$Holder.linkToTargetMethod(java.lang.Object, int, java.lang.Object)'> (0x000000008c6c1b98) thrown at [/build/openjdk-lts-ZT5jEu/openjdk-lts-11.0.4+1
Event: 1.034 Thread 0x00007f9668011800 Exception <a 'java/lang/ClassNotFoundException'{0x000000008c5049e8}: com/sun/swing/internal/plaf/metal/resources/spi/metalProvider> (0x000000008c5049e8) thrown at [/build/openjdk-lts-ZT5jEu/openjdk-lts-11.0.4+11/src/hotspot/share/classfile/systemDictionar
Event: 1.035 Thread 0x00007f9668011800 Exception <a 'java/lang/ClassNotFoundException'{0x000000008c5088f0}: com/sun/swing/internal/plaf/basic/resources/spi/basicProvider> (0x000000008c5088f0) thrown at [/build/openjdk-lts-ZT5jEu/openjdk-lts-11.0.4+11/src/hotspot/share/classfile/systemDictionar
Event: 1.150 Thread 0x00007f966843d800 Exception <a 'java/lang/NoSuchMethodError'{0x000000008beda5d8}: getAllRobots> (0x000000008beda5d8) thrown at [/build/openjdk-lts-ZT5jEu/openjdk-lts-11.0.4+11/src/hotspot/share/prims/jni.cpp, line 1333]

Events (10 events):
Event: 1.148 loading class java/util/concurrent/ArrayBlockingQueue done
Event: 1.148 loading class AI_Robot
Event: 1.148 loading class AI_Robot done
Event: 1.149 loading class AIGroup
Event: 1.149 loading class AIGroup done
Event: 1.149 loading class CRobot$1
Event: 1.149 loading class CRobot$1 done
Event: 1.150 Thread 0x00007f966843d800 Thread added: 0x00007f966843d800
Event: 1.150 loading class AI_Robot$1
Event: 1.150 loading class AI_Robot$1 done


Dynamic libraries:
85000000-8cc00000 rw-p 00000000 00:00 0 
8cc00000-ffe00000 ---p 00000000 00:00 0 
ffe00000-ffe34000 rw-p 01116000 08:02 23990720                           /usr/lib/jvm/java-11-openjdk-amd64/lib/server/classes.jsa
ffe34000-fff00000 rw-p 00000000 00:00 0 
fff00000-fff6a000 rw-p 010ac000 08:02 23990720                           /usr/lib/jvm/java-11-openjdk-amd64/lib/server/classes.jsa
fff6a000-100000000 rw-p 00000000 00:00 0 
800000000-800002000 rwxp 00001000 08:02 23990720                         /usr/lib/jvm/java-11-openjdk-amd64/lib/server/classes.jsa
800002000-8003bd000 rw-p 00003000 08:02 23990720                         /usr/lib/jvm/java-11-openjdk-amd64/lib/server/classes.jsa
8003bd000-800a98000 r--p 003be000 08:02 23990720                         /usr/lib/jvm/java-11-openjdk-amd64/lib/server/classes.jsa
800a98000-800a99000 rw-p 00a99000 08:02 23990720                         /usr/lib/jvm/java-11-openjdk-amd64/lib/server/classes.jsa
800a99000-8010ab000 r--p 00a9a000 08:02 23990720                         /usr/lib/jvm/java-11-openjdk-amd64/lib/server/classes.jsa
840000000-8400c0000 rw-p 00000000 00:00 0 
8400c0000-880000000 ---p 00000000 00:00 0 
55ad5e0a7000-55ad5e0a8000 r--p 00000000 08:02 23597129                   /usr/lib/jvm/java-11-openjdk-amd64/bin/java
55ad5e0a8000-55ad5e0a9000 r-xp 00001000 08:02 23597129                   /usr/lib/jvm/java-11-openjdk-amd64/bin/java
55ad5e0a9000-55ad5e0aa000 r--p 00002000 08:02 23597129                   /usr/lib/jvm/java-11-openjdk-amd64/bin/java
55ad5e0aa000-55ad5e0ab000 r--p 00002000 08:02 23597129                   /usr/lib/jvm/java-11-openjdk-amd64/bin/java
55ad5e0ab000-55ad5e0ac000 rw-p 00003000 08:02 23597129                   /usr/lib/jvm/java-11-openjdk-amd64/bin/java
55ad5e26c000-55ad5e28d000 rw-p 00000000 00:00 0                          [heap]
7f95dc000000-7f95dc021000 rw-p 00000000 00:00 0 
7f95dc021000-7f95e0000000 ---p 00000000 00:00 0 
7f95e4000000-7f95e4021000 rw-p 00000000 00:00 0 
7f95e4021000-7f95e8000000 ---p 00000000 00:00 0 
7f95e8000000-7f95e8021000 rw-p 00000000 00:00 0 
7f95e8021000-7f95ec000000 ---p 00000000 00:00 0 
7f95ec000000-7f95ec421000 rw-p 00000000 00:00 0 
7f95ec421000-7f95f0000000 ---p 00000000 00:00 0 
7f95f0000000-7f95f0038000 rw-p 00000000 00:00 0 
7f95f0038000-7f95f4000000 ---p 00000000 00:00 0 
7f95f4000000-7f95f4021000 rw-p 00000000 00:00 0 
7f95f4021000-7f95f8000000 ---p 00000000 00:00 0 
7f95f8000000-7f95f8021000 rw-p 00000000 00:00 0 
7f95f8021000-7f95fc000000 ---p 00000000 00:00 0 
7f95fc000000-7f95fc021000 rw-p 00000000 00:00 0 
7f95fc021000-7f9600000000 ---p 00000000 00:00 0 
7f9600000000-7f9600021000 rw-p 00000000 00:00 0 
7f9600021000-7f9604000000 ---p 00000000 00:00 0 
7f9604000000-7f9604021000 rw-p 00000000 00:00 0 
7f9604021000-7f9608000000 ---p 00000000 00:00 0 
7f9608000000-7f9608021000 rw-p 00000000 00:00 0 
7f9608021000-7f960c000000 ---p 00000000 00:00 0 
7f960c97a000-7f960c97e000 ---p 00000000 00:00 0 
7f960c97e000-7f960ca7b000 rw-p 00000000 00:00 0 
7f960ca7b000-7f960ca7f000 ---p 00000000 00:00 0 
7f960ca7f000-7f960cb7c000 rw-p 00000000 00:00 0 
7f960cb7c000-7f960cb80000 ---p 00000000 00:00 0 
7f960cb80000-7f960cc7d000 rw-p 00000000 00:00 0 
7f960cc7d000-7f960cc81000 ---p 00000000 00:00 0 
7f960cc81000-7f960cd7e000 rw-p 00000000 00:00 0 
7f960cd7e000-7f960cd82000 ---p 00000000 00:00 0 
7f960cd82000-7f960ce7f000 rw-p 00000000 00:00 0 
7f960ce7f000-7f960ce83000 ---p 00000000 00:00 0 
7f960ce83000-7f960cf80000 rw-p 00000000 00:00 0 
7f960cf80000-7f960cf84000 ---p 00000000 00:00 0 
7f960cf84000-7f960d081000 rw-p 00000000 00:00 0 
7f960d081000-7f960d086000 r-xp 00000000 08:02 23600531                   /usr/lib/x86_64-linux-gnu/libXfixes.so.3.1.0
7f960d086000-7f960d285000 ---p 00005000 08:02 23600531                   /usr/lib/x86_64-linux-gnu/libXfixes.so.3.1.0
7f960d285000-7f960d286000 r--p 00004000 08:02 23600531                   /usr/lib/x86_64-linux-gnu/libXfixes.so.3.1.0
7f960d286000-7f960d287000 rw-p 00005000 08:02 23600531                   /usr/lib/x86_64-linux-gnu/libXfixes.so.3.1.0
7f960d299000-7f960d29a000 ---p 00000000 00:00 0 
7f960d29a000-7f960da9a000 rw-p 00000000 00:00 0 
7f960da9a000-7f960da9b000 ---p 00000000 00:00 0 
7f960da9b000-7f960e29b000 rw-p 00000000 00:00 0 
7f960e29b000-7f960e29c000 ---p 00000000 00:00 0 
7f960e29c000-7f960ea9c000 rw-p 00000000 00:00 0 
7f960ea9c000-7f960eac2000 r--p 00000000 08:02 25043479                   /usr/share/glib-2.0/schemas/gschemas.compiled
7f960eac2000-7f960eacc000 r--p 00000000 08:02 23600663                   /usr/lib/x86_64-linux-gnu/libblkid.so.1.1.0
7f960eacc000-7f960eb00000 r-xp 0000a000 08:02 23600663                   /usr/lib/x86_64-linux-gnu/libblkid.so.1.1.0
7f960eb00000-7f960eb10000 r--p 0003e000 08:02 23600663                   /usr/lib/x86_64-linux-gnu/libblkid.so.1.1.0
7f960eb10000-7f960eb11000 ---p 0004e000 08:02 23600663                   /usr/lib/x86_64-linux-gnu/libblkid.so.1.1.0
7f960eb11000-7f960eb16000 r--p 0004e000 08:02 23600663                   /usr/lib/x86_64-linux-gnu/libblkid.so.1.1.0
7f960eb16000-7f960eb17000 rw-p 00053000 08:02 23600663                   /usr/lib/x86_64-linux-gnu/libblkid.so.1.1.0
7f960eb17000-7f960eb19000 r--p 00000000 08:02 23601506                   /usr/lib/x86_64-linux-gnu/libpcre.so.3.13.3
7f960eb19000-7f960eb6b000 r-xp 00002000 08:02 23601506                   /usr/lib/x86_64-linux-gnu/libpcre.so.3.13.3
7f960eb6b000-7f960eb89000 r--p 00054000 08:02 23601506                   /usr/lib/x86_64-linux-gnu/libpcre.so.3.13.3
7f960eb89000-7f960eb8a000 r--p 00071000 08:02 23601506                   /usr/lib/x86_64-linux-gnu/libpcre.so.3.13.3
7f960eb8a000-7f960eb8b000 rw-p 00072000 08:02 23601506                   /usr/lib/x86_64-linux-gnu/libpcre.so.3.13.3
7f960eb8b000-7f960eb8f000 r--p 00000000 08:02 23601610                   /usr/lib/x86_64-linux-gnu/libresolv-2.29.so
7f960eb8f000-7f960eb9e000 r-xp 00004000 08:02 23601610                   /usr/lib/x86_64-linux-gnu/libresolv-2.29.so
7f960eb9e000-7f960eba1000 r--p 00013000 08:02 23601610                   /usr/lib/x86_64-linux-gnu/libresolv-2.29.so
7f960eba1000-7f960eba2000 ---p 00016000 08:02 23601610                   /usr/lib/x86_64-linux-gnu/libresolv-2.29.so
7f960eba2000-7f960eba3000 r--p 00016000 08:02 23601610                   /usr/lib/x86_64-linux-gnu/libresolv-2.29.so
7f960eba3000-7f960eba4000 rw-p 00017000 08:02 23601610                   /usr/lib/x86_64-linux-gnu/libresolv-2.29.so
7f960eba4000-7f960eba6000 rw-p 00000000 00:00 0 
7f960eba6000-7f960ebac000 r--p 00000000 08:02 23601661                   /usr/lib/x86_64-linux-gnu/libselinux.so.1
7f960ebac000-7f960ebc4000 r-xp 00006000 08:02 23601661                   /usr/lib/x86_64-linux-gnu/libselinux.so.1
7f960ebc4000-7f960ebcb000 r--p 0001e000 08:02 23601661                   /usr/lib/x86_64-linux-gnu/libselinux.so.1
7f960ebcb000-7f960ebcc000 ---p 00025000 08:02 23601661                   /usr/lib/x86_64-linux-gnu/libselinux.so.1
7f960ebcc000-7f960ebcd000 r--p 00025000 08:02 23601661                   /usr/lib/x86_64-linux-gnu/libselinux.so.1
7f960ebcd000-7f960ebce000 rw-p 00026000 08:02 23601661                   /usr/lib/x86_64-linux-gnu/libselinux.so.1
7f960ebce000-7f960ebd0000 rw-p 00000000 00:00 0 
7f960ebd0000-7f960ebdb000 r--p 00000000 08:02 23601326                   /usr/lib/x86_64-linux-gnu/libmount.so.1.1.0
7f960ebdb000-7f960ec16000 r-xp 0000b000 08:02 23601326                   /usr/lib/x86_64-linux-gnu/libmount.so.1.1.0
7f960ec16000-7f960ec28000 r--p 00046000 08:02 23601326                   /usr/lib/x86_64-linux-gnu/libmount.so.1.1.0
7f960ec28000-7f960ec2b000 r--p 00057000 08:02 23601326                   /usr/lib/x86_64-linux-gnu/libmount.so.1.1.0
7f960ec2b000-7f960ec2c000 rw-p 0005a000 08:02 23601326                   /usr/lib/x86_64-linux-gnu/libmount.so.1.1.0
7f960ec2c000-7f960ec3a000 r--p 00000000 08:02 23593408                   /usr/lib/x86_64-linux-gnu/libgobject-2.0.so.0.6000.0
7f960ec3a000-7f960ec6c000 r-xp 0000e000 08:02 23593408                   /usr/lib/x86_64-linux-gnu/libgobject-2.0.so.0.6000.0
7f960ec6c000-7f960ec84000 r--p 00040000 08:02 23593408                   /usr/lib/x86_64-linux-gnu/libgobject-2.0.so.0.6000.0
7f960ec84000-7f960ec87000 r--p 00057000 08:02 23593408                   /usr/lib/x86_64-linux-gnu/libgobject-2.0.so.0.6000.0
7f960ec87000-7f960ec88000 rw-p 0005a000 08:02 23593408                   /usr/lib/x86_64-linux-gnu/libgobject-2.0.so.0.6000.0
7f960ec88000-7f960eca3000 r--p 00000000 08:02 23593383                   /usr/lib/x86_64-linux-gnu/libglib-2.0.so.0.6000.0
7f960eca3000-7f960ed23000 r-xp 0001b000 08:02 23593383                   /usr/lib/x86_64-linux-gnu/libglib-2.0.so.0.6000.0
7f960ed23000-7f960eda5000 r--p 0009b000 08:02 23593383                   /usr/lib/x86_64-linux-gnu/libglib-2.0.so.0.6000.0
7f960eda5000-7f960eda6000 ---p 0011d000 08:02 23593383                   /usr/lib/x86_64-linux-gnu/libglib-2.0.so.0.6000.0
7f960eda6000-7f960eda7000 r--p 0011d000 08:02 23593383                   /usr/lib/x86_64-linux-gnu/libglib-2.0.so.0.6000.0
7f960eda7000-7f960eda8000 rw-p 0011e000 08:02 23593383                   /usr/lib/x86_64-linux-gnu/libglib-2.0.so.0.6000.0
7f960eda8000-7f960eda9000 rw-p 00000000 00:00 0 
7f960eda9000-7f960ede0000 r--p 00000000 08:02 23593360                   /usr/lib/x86_64-linux-gnu/libgio-2.0.so.0.6000.0
7f960ede0000-7f960eee1000 r-xp 00037000 08:02 23593360                   /usr/lib/x86_64-linux-gnu/libgio-2.0.so.0.6000.0
7f960eee1000-7f960ef67000 r--p 00138000 08:02 23593360                   /usr/lib/x86_64-linux-gnu/libgio-2.0.so.0.6000.0
7f960ef67000-7f960ef6f000 r--p 001bd000 08:02 23593360                   /usr/lib/x86_64-linux-gnu/libgio-2.0.so.0.6000.0
7f960ef6f000-7f960ef70000 rw-p 001c5000 08:02 23593360                   /usr/lib/x86_64-linux-gnu/libgio-2.0.so.0.6000.0
7f960ef70000-7f960ef72000 rw-p 00000000 00:00 0 
7f960ef72000-7f960ef7c000 r-xp 00000000 08:02 23600547                   /usr/lib/x86_64-linux-gnu/libXrandr.so.2.2.0
7f960ef7c000-7f960f17b000 ---p 0000a000 08:02 23600547                   /usr/lib/x86_64-linux-gnu/libXrandr.so.2.2.0
7f960f17b000-7f960f17c000 r--p 00009000 08:02 23600547                   /usr/lib/x86_64-linux-gnu/libXrandr.so.2.2.0
7f960f17c000-7f960f17d000 rw-p 0000a000 08:02 23600547                   /usr/lib/x86_64-linux-gnu/libXrandr.so.2.2.0
7f960f17d000-7f960f182000 r--p 00000000 08:02 23601542                   /usr/lib/x86_64-linux-gnu/libpng16.so.16.36.0
7f960f182000-7f960f1a6000 r-xp 00005000 08:02 23601542                   /usr/lib/x86_64-linux-gnu/libpng16.so.16.36.0
7f960f1a6000-7f960f1b2000 r--p 00029000 08:02 23601542                   /usr/lib/x86_64-linux-gnu/libpng16.so.16.36.0
7f960f1b2000-7f960f1b3000 r--p 00034000 08:02 23601542                   /usr/lib/x86_64-linux-gnu/libpng16.so.16.36.0
7f960f1b3000-7f960f1b4000 rw-p 00035000 08:02 23601542                   /usr/lib/x86_64-linux-gnu/libpng16.so.16.36.0
7f960f1b4000-7f960f1c0000 r--p 00000000 08:02 23600949                   /usr/lib/x86_64-linux-gnu/libfreetype.so.6.16.1
7f960f1c0000-7f960f23d000 r-xp 0000c000 08:02 23600949                   /usr/lib/x86_64-linux-gnu/libfreetype.so.6.16.1
7f960f23d000-7f960f266000 r--p 00089000 08:02 23600949                   /usr/lib/x86_64-linux-gnu/libfreetype.so.6.16.1
7f960f266000-7f960f267000 ---p 000b2000 08:02 23600949                   /usr/lib/x86_64-linux-gnu/libfreetype.so.6.16.1
7f960f267000-7f960f26e000 r--p 000b2000 08:02 23600949                   /usr/lib/x86_64-linux-gnu/libfreetype.so.6.16.1
7f960f26e000-7f960f26f000 rw-p 000b9000 08:02 23600949                   /usr/lib/x86_64-linux-gnu/libfreetype.so.6.16.1
7f960f26f000-7f960f273000 r--p 00000000 08:02 23990635                   /usr/lib/jvm/java-11-openjdk-amd64/lib/libfontmanager.so
7f960f273000-7f960f365000 r-xp 00004000 08:02 23990635                   /usr/lib/jvm/java-11-openjdk-amd64/lib/libfontmanager.so
7f960f365000-7f960f3a5000 r--p 000f6000 08:02 23990635                   /usr/lib/jvm/java-11-openjdk-amd64/lib/libfontmanager.so
7f960f3a5000-7f960f3a6000 r--p 00135000 08:02 23990635                   /usr/lib/jvm/java-11-openjdk-amd64/lib/libfontmanager.so
7f960f3a6000-7f960f3a7000 rw-p 00136000 08:02 23990635                   /usr/lib/jvm/java-11-openjdk-amd64/lib/libfontmanager.so
7f960f3a7000-7f960f3aa000 rw-p 00000000 00:00 0 
7f960f3aa000-7f960f3ae000 r--p 00000000 08:02 23600683                   /usr/lib/x86_64-linux-gnu/libbsd.so.0.9.1
7f960f3ae000-7f960f3bd000 r-xp 00004000 08:02 23600683                   /usr/lib/x86_64-linux-gnu/libbsd.so.0.9.1
7f960f3bd000-7f960f3c0000 r--p 00013000 08:02 23600683                   /usr/lib/x86_64-linux-gnu/libbsd.so.0.9.1
7f960f3c0000-7f960f3c1000 ---p 00016000 08:02 23600683                   /usr/lib/x86_64-linux-gnu/libbsd.so.0.9.1
7f960f3c1000-7f960f3c2000 r--p 00016000 08:02 23600683                   /usr/lib/x86_64-linux-gnu/libbsd.so.0.9.1
7f960f3c2000-7f960f3c3000 rw-p 00017000 08:02 23600683                   /usr/lib/x86_64-linux-gnu/libbsd.so.0.9.1
7f960f3c3000-7f960f3c4000 rw-p 00000000 00:00 0 
7f960f3c4000-7f960f3c9000 r-xp 00000000 08:02 23600527                   /usr/lib/x86_64-linux-gnu/libXdmcp.so.6.0.0
7f960f3c9000-7f960f5c8000 ---p 00005000 08:02 23600527                   /usr/lib/x86_64-linux-gnu/libXdmcp.so.6.0.0
7f960f5c8000-7f960f5c9000 r--p 00004000 08:02 23600527                   /usr/lib/x86_64-linux-gnu/libXdmcp.so.6.0.0
7f960f5c9000-7f960f5ca000 rw-p 00005000 08:02 23600527                   /usr/lib/x86_64-linux-gnu/libXdmcp.so.6.0.0
7f960f5ca000-7f960f5cc000 r-xp 00000000 08:02 23600516                   /usr/lib/x86_64-linux-gnu/libXau.so.6.0.0
7f960f5cc000-7f960f7cc000 ---p 00002000 08:02 23600516                   /usr/lib/x86_64-linux-gnu/libXau.so.6.0.0
7f960f7cc000-7f960f7cd000 r--p 00002000 08:02 23600516                   /usr/lib/x86_64-linux-gnu/libXau.so.6.0.0
7f960f7cd000-7f960f7ce000 rw-p 00003000 08:02 23600516                   /usr/lib/x86_64-linux-gnu/libXau.so.6.0.0
7f960f7ce000-7f960f7dd000 r-xp 00000000 08:02 23600537                   /usr/lib/x86_64-linux-gnu/libXi.so.6.1.0
7f960f7dd000-7f960f9dc000 ---p 0000f000 08:02 23600537                   /usr/lib/x86_64-linux-gnu/libXi.so.6.1.0
7f960f9dc000-7f960f9dd000 r--p 0000e000 08:02 23600537                   /usr/lib/x86_64-linux-gnu/libXi.so.6.1.0
7f960f9dd000-7f960f9de000 rw-p 0000f000 08:02 23600537                   /usr/lib/x86_64-linux-gnu/libXi.so.6.1.0
7f960f9de000-7f960f9e3000 r-xp 00000000 08:02 23600555                   /usr/lib/x86_64-linux-gnu/libXtst.so.6.1.0
7f960f9e3000-7f960fbe2000 ---p 00005000 08:02 23600555                   /usr/lib/x86_64-linux-gnu/libXtst.so.6.1.0
7f960fbe2000-7f960fbe3000 r--p 00004000 08:02 23600555                   /usr/lib/x86_64-linux-gnu/libXtst.so.6.1.0
7f960fbe3000-7f960fbe4000 rw-p 00005000 08:02 23600555                   /usr/lib/x86_64-linux-gnu/libXtst.so.6.1.0
7f960fbe4000-7f960fbed000 r-xp 00000000 08:02 23600549                   /usr/lib/x86_64-linux-gnu/libXrender.so.1.3.0
7f960fbed000-7f960fdec000 ---p 00009000 08:02 23600549                   /usr/lib/x86_64-linux-gnu/libXrender.so.1.3.0
7f960fdec000-7f960fded000 r--p 00008000 08:02 23600549                   /usr/lib/x86_64-linux-gnu/libXrender.so.1.3.0
7f960fded000-7f960fdee000 rw-p 00009000 08:02 23600549                   /usr/lib/x86_64-linux-gnu/libXrender.so.1.3.0
7f960fdee000-7f960fdff000 r-xp 00000000 08:02 23600529                   /usr/lib/x86_64-linux-gnu/libXext.so.6.4.0
7f960fdff000-7f960fffe000 ---p 00011000 08:02 23600529                   /usr/lib/x86_64-linux-gnu/libXext.so.6.4.0
7f960fffe000-7f960ffff000 r--p 00010000 08:02 23600529                   /usr/lib/x86_64-linux-gnu/libXext.so.6.4.0
7f960ffff000-7f9610000000 rw-p 00011000 08:02 23600529                   /usr/lib/x86_64-linux-gnu/libXext.so.6.4.0
7f9610000000-7f9610021000 rw-p 00000000 00:00 0 
7f9610021000-7f9614000000 ---p 00000000 00:00 0 
7f9614000000-7f9614021000 rw-p 00000000 00:00 0 
7f9614021000-7f9618000000 ---p 00000000 00:00 0 
7f9618000000-7f96182f6000 rw-p 00000000 00:00 0 
7f96182f6000-7f961c000000 ---p 00000000 00:00 0 
7f961c000000-7f961c021000 rw-p 00000000 00:00 0 
7f961c021000-7f9620000000 ---p 00000000 00:00 0 
7f9620000000-7f9620021000 rw-p 00000000 00:00 0 
7f9620021000-7f9624000000 ---p 00000000 00:00 0 
7f9624000000-7f9624594000 rw-p 00000000 00:00 0 
7f9624594000-7f9628000000 ---p 00000000 00:00 0 
7f9628000000-7f9628021000 rw-p 00000000 00:00 0 
7f9628021000-7f962c000000 ---p 00000000 00:00 0 
7f962c000000-7f962c021000 rw-p 00000000 00:00 0 
7f962c021000-7f9630000000 ---p 00000000 00:00 0 
7f9630000000-7f9630021000 rw-p 00000000 00:00 0 
7f9630021000-7f9634000000 ---p 00000000 00:00 0 
7f9634000000-7f9634021000 rw-p 00000000 00:00 0 
7f9634021000-7f9638000000 ---p 00000000 00:00 0 
7f9638000000-7f9638021000 rw-p 00000000 00:00 0 
7f9638021000-7f963c000000 ---p 00000000 00:00 0 
7f963c000000-7f963c021000 rw-p 00000000 00:00 0 
7f963c021000-7f9640000000 ---p 00000000 00:00 0 
7f964000c000-7f964000d000 r--p 00000000 08:02 27001589                   /home/kramer/Downloads/RobotArena-master/RobotAreana/AIBasic/build/libs/mynativelibrary/shared/libmynativelibrary.so
7f964000d000-7f964000e000 r-xp 00001000 08:02 27001589                   /home/kramer/Downloads/RobotArena-master/RobotAreana/AIBasic/build/libs/mynativelibrary/shared/libmynativelibrary.so
7f964000e000-7f964000f000 r--p 00002000 08:02 27001589                   /home/kramer/Downloads/RobotArena-master/RobotAreana/AIBasic/build/libs/mynativelibrary/shared/libmynativelibrary.so
7f964000f000-7f9640010000 r--p 00002000 08:02 27001589                   /home/kramer/Downloads/RobotArena-master/RobotAreana/AIBasic/build/libs/mynativelibrary/shared/libmynativelibrary.so
7f9640010000-7f9640011000 rw-p 00003000 08:02 27001589                   /home/kramer/Downloads/RobotArena-master/RobotAreana/AIBasic/build/libs/mynativelibrary/shared/libmynativelibrary.so
7f9640011000-7f9640029000 r--p 00000000 08:02 23600512                   /usr/lib/x86_64-linux-gnu/libX11.so.6.3.0
7f9640029000-7f96400b1000 r-xp 00018000 08:02 23600512                   /usr/lib/x86_64-linux-gnu/libX11.so.6.3.0
7f96400b1000-7f9640145000 r--p 000a0000 08:02 23600512                   /usr/lib/x86_64-linux-gnu/libX11.so.6.3.0
7f9640145000-7f9640146000 ---p 00134000 08:02 23600512                   /usr/lib/x86_64-linux-gnu/libX11.so.6.3.0
7f9640146000-7f9640147000 r--p 00134000 08:02 23600512                   /usr/lib/x86_64-linux-gnu/libX11.so.6.3.0
7f9640147000-7f964014b000 rw-p 00135000 08:02 23600512                   /usr/lib/x86_64-linux-gnu/libX11.so.6.3.0
7f964014b000-7f9640177000 r--p 00000000 08:02 23990630                   /usr/lib/jvm/java-11-openjdk-amd64/lib/libawt.so
7f9640177000-7f96401de000 r-xp 0002c000 08:02 23990630                   /usr/lib/jvm/java-11-openjdk-amd64/lib/libawt.so
7f96401de000-7f96401eb000 r--p 00093000 08:02 23990630                   /usr/lib/jvm/java-11-openjdk-amd64/lib/libawt.so
7f96401eb000-7f96401ec000 r--p 0009f000 08:02 23990630                   /usr/lib/jvm/java-11-openjdk-amd64/lib/libawt.so
7f96401ec000-7f96401f7000 rw-p 000a0000 08:02 23990630                   /usr/lib/jvm/java-11-openjdk-amd64/lib/libawt.so
7f96401f7000-7f964021c000 rw-p 00000000 00:00 0 
7f964021c000-7f9640220000 ---p 00000000 00:00 0 
7f9640220000-7f964031d000 rw-p 00000000 00:00 0 
7f964031d000-7f964031e000 ---p 00000000 00:00 0 
7f964031e000-7f964041f000 rw-p 00000000 00:00 0 
7f964041f000-7f9640423000 ---p 00000000 00:00 0 
7f9640423000-7f9640520000 rw-p 00000000 00:00 0 
7f9640520000-7f9640524000 ---p 00000000 00:00 0 
7f9640524000-7f9640621000 rw-p 00000000 00:00 0 
7f9640621000-7f9640625000 ---p 00000000 00:00 0 
7f9640625000-7f9640722000 rw-p 00000000 00:00 0 
7f9640722000-7f9640726000 ---p 00000000 00:00 0 
7f9640726000-7f9640823000 rw-p 00000000 00:00 0 
7f9640823000-7f9640827000 ---p 00000000 00:00 0 
7f9640827000-7f9640924000 rw-p 00000000 00:00 0 
7f9640924000-7f96416ff000 r--p 00000000 08:02 23600058                   /usr/lib/locale/locale-archive
7f96416ff000-7f9641703000 ---p 00000000 00:00 0 
7f9641703000-7f9641cc0000 rw-p 00000000 00:00 0 
7f9641cc0000-7f9642000000 ---p 00000000 00:00 0 
7f9642000000-7f9644000000 rw-p 00000000 00:00 0 
7f9644000000-7f9644021000 rw-p 00000000 00:00 0 
7f9644021000-7f9648000000 ---p 00000000 00:00 0 
7f9648004000-7f9648006000 r--p 00000000 08:02 23600523                   /usr/lib/x86_64-linux-gnu/libXcursor.so.1.0.2
7f9648006000-7f964800b000 r-xp 00002000 08:02 23600523                   /usr/lib/x86_64-linux-gnu/libXcursor.so.1.0.2
7f964800b000-7f964800d000 r--p 00007000 08:02 23600523                   /usr/lib/x86_64-linux-gnu/libXcursor.so.1.0.2
7f964800d000-7f964800e000 r--p 00008000 08:02 23600523                   /usr/lib/x86_64-linux-gnu/libXcursor.so.1.0.2
7f964800e000-7f964800f000 rw-p 00009000 08:02 23600523                   /usr/lib/x86_64-linux-gnu/libXcursor.so.1.0.2
7f964800f000-7f9648011000 r--p 00000000 08:02 23601822                   /usr/lib/x86_64-linux-gnu/libuuid.so.1.3.0
7f9648011000-7f9648015000 r-xp 00002000 08:02 23601822                   /usr/lib/x86_64-linux-gnu/libuuid.so.1.3.0
7f9648015000-7f9648016000 r--p 00006000 08:02 23601822                   /usr/lib/x86_64-linux-gnu/libuuid.so.1.3.0
7f9648016000-7f9648017000 r--p 00006000 08:02 23601822                   /usr/lib/x86_64-linux-gnu/libuuid.so.1.3.0
7f9648017000-7f9648018000 rw-p 00007000 08:02 23601822                   /usr/lib/x86_64-linux-gnu/libuuid.so.1.3.0
7f9648018000-7f9648028000 r--p 00000000 08:02 23990632                   /usr/lib/jvm/java-11-openjdk-amd64/lib/libawt_xawt.so
7f9648028000-7f9648065000 r-xp 00010000 08:02 23990632                   /usr/lib/jvm/java-11-openjdk-amd64/lib/libawt_xawt.so
7f9648065000-7f9648077000 r--p 0004d000 08:02 23990632                   /usr/lib/jvm/java-11-openjdk-amd64/lib/libawt_xawt.so
7f9648077000-7f9648078000 r--p 0005e000 08:02 23990632                   /usr/lib/jvm/java-11-openjdk-amd64/lib/libawt_xawt.so
7f9648078000-7f964807b000 rw-p 0005f000 08:02 23990632                   /usr/lib/jvm/java-11-openjdk-amd64/lib/libawt_xawt.so
7f964807b000-7f964807d000 rw-p 00000000 00:00 0 
7f964807d000-7f9648081000 ---p 00000000 00:00 0 
7f9648081000-7f964817e000 rw-p 00000000 00:00 0 
7f964817e000-7f964817f000 ---p 00000000 00:00 0 
7f964817f000-7f9648470000 rw-p 00000000 00:00 0 
7f9648470000-7f964a138000 ---p 00000000 00:00 0 
7f964a138000-7f964a330000 rw-p 00000000 00:00 0 
7f964a330000-7f964bff8000 ---p 00000000 00:00 0 
7f964bff8000-7f964c000000 rw-p 00000000 00:00 0 
7f964c000000-7f964c021000 rw-p 00000000 00:00 0 
7f964c021000-7f9650000000 ---p 00000000 00:00 0 
7f9650001000-7f9650004000 r--p 00000000 08:02 24906119                   /home/kramer/.config/dconf/user
7f9650004000-7f9650006000 r--p 00000000 08:02 23600923                   /usr/lib/x86_64-linux-gnu/libffi.so.6.0.4
7f9650006000-7f965000b000 r-xp 00002000 08:02 23600923                   /usr/lib/x86_64-linux-gnu/libffi.so.6.0.4
7f965000b000-7f965000c000 r--p 00007000 08:02 23600923                   /usr/lib/x86_64-linux-gnu/libffi.so.6.0.4
7f965000c000-7f965000d000 r--p 00007000 08:02 23600923                   /usr/lib/x86_64-linux-gnu/libffi.so.6.0.4
7f965000d000-7f965000e000 rw-p 00008000 08:02 23600923                   /usr/lib/x86_64-linux-gnu/libffi.so.6.0.4
7f965000e000-7f965000f000 r--p 00000000 08:02 23593407                   /usr/lib/x86_64-linux-gnu/libgmodule-2.0.so.0.6000.0
7f965000f000-7f9650011000 r-xp 00001000 08:02 23593407                   /usr/lib/x86_64-linux-gnu/libgmodule-2.0.so.0.6000.0
7f9650011000-7f9650012000 r--p 00003000 08:02 23593407                   /usr/lib/x86_64-linux-gnu/libgmodule-2.0.so.0.6000.0
7f9650012000-7f9650013000 r--p 00003000 08:02 23593407                   /usr/lib/x86_64-linux-gnu/libgmodule-2.0.so.0.6000.0
7f9650013000-7f9650014000 rw-p 00004000 08:02 23593407                   /usr/lib/x86_64-linux-gnu/libgmodule-2.0.so.0.6000.0
7f9650014000-7f965001f000 r--p 00000000 08:02 23601932                   /usr/lib/x86_64-linux-gnu/libxcb.so.1.1.0
7f965001f000-7f9650032000 r-xp 0000b000 08:02 23601932                   /usr/lib/x86_64-linux-gnu/libxcb.so.1.1.0
7f9650032000-7f965003b000 r--p 0001e000 08:02 23601932                   /usr/lib/x86_64-linux-gnu/libxcb.so.1.1.0
7f965003b000-7f965003c000 r--p 00026000 08:02 23601932                   /usr/lib/x86_64-linux-gnu/libxcb.so.1.1.0
7f965003c000-7f965003d000 rw-p 00027000 08:02 23601932                   /usr/lib/x86_64-linux-gnu/libxcb.so.1.1.0
7f965003d000-7f965014a000 rw-p 00000000 00:00 0 
7f965014a000-7f965014b000 ---p 00000000 00:00 0 
7f965014b000-7f965024c000 rw-p 00000000 00:00 0 
7f965024c000-7f965024d000 ---p 00000000 00:00 0 
7f965024d000-7f9650752000 rw-p 00000000 00:00 0 
7f9650752000-7f9650753000 ---p 00000000 00:00 0 
7f9650753000-7f9650854000 rw-p 00000000 00:00 0 
7f9650854000-7f9650855000 ---p 00000000 00:00 0 
7f9650855000-7f9650956000 rw-p 00000000 00:00 0 
7f9650956000-7f9650bc6000 rwxp 00000000 00:00 0 
7f9650bc6000-7f9650ee6000 ---p 00000000 00:00 0 
7f9650ee6000-7f9651156000 rwxp 00000000 00:00 0 
7f9651156000-7f965841e000 ---p 00000000 00:00 0 
7f965841e000-7f965868e000 rwxp 00000000 00:00 0 
7f965868e000-7f965f956000 ---p 00000000 00:00 0 
7f965f956000-7f9668000000 r--s 00000000 08:02 23990663                   /usr/lib/jvm/java-11-openjdk-amd64/lib/modules
7f9668000000-7f9668445000 rw-p 00000000 00:00 0 
7f9668445000-7f966c000000 ---p 00000000 00:00 0 
7f966c002000-7f966c003000 r--s 00000000 00:35 35                         /run/user/1000/dconf/user
7f966c003000-7f966c007000 r--p 00000000 08:02 24250591                   /usr/lib/x86_64-linux-gnu/gio/modules/libdconfsettings.so
7f966c007000-7f966c00e000 r-xp 00004000 08:02 24250591                   /usr/lib/x86_64-linux-gnu/gio/modules/libdconfsettings.so
7f966c00e000-7f966c011000 r--p 0000b000 08:02 24250591                   /usr/lib/x86_64-linux-gnu/gio/modules/libdconfsettings.so
7f966c011000-7f966c012000 ---p 0000e000 08:02 24250591                   /usr/lib/x86_64-linux-gnu/gio/modules/libdconfsettings.so
7f966c012000-7f966c013000 r--p 0000e000 08:02 24250591                   /usr/lib/x86_64-linux-gnu/gio/modules/libdconfsettings.so
7f966c013000-7f966c014000 rw-p 0000f000 08:02 24250591                   /usr/lib/x86_64-linux-gnu/gio/modules/libdconfsettings.so
7f966c014000-7f966c015000 r--p 00000000 08:02 25823354                   /usr/share/locale-langpack/en_AU/LC_MESSAGES/glib20.mo
7f966c015000-7f966c019000 r--p 00000000 08:02 23990653                   /usr/lib/jvm/java-11-openjdk-amd64/lib/libnet.so
7f966c019000-7f966c028000 r-xp 00004000 08:02 23990653                   /usr/lib/jvm/java-11-openjdk-amd64/lib/libnet.so
7f966c028000-7f966c02c000 r--p 00013000 08:02 23990653                   /usr/lib/jvm/java-11-openjdk-amd64/lib/libnet.so
7f966c02c000-7f966c02d000 r--p 00016000 08:02 23990653                   /usr/lib/jvm/java-11-openjdk-amd64/lib/libnet.so
7f966c02d000-7f966c02e000 rw-p 00017000 08:02 23990653                   /usr/lib/jvm/java-11-openjdk-amd64/lib/libnet.so
7f966c02e000-7f966c035000 r--p 00000000 08:02 23990654                   /usr/lib/jvm/java-11-openjdk-amd64/lib/libnio.so
7f966c035000-7f966c03c000 r-xp 00007000 08:02 23990654                   /usr/lib/jvm/java-11-openjdk-amd64/lib/libnio.so
7f966c03c000-7f966c03f000 r--p 0000e000 08:02 23990654                   /usr/lib/jvm/java-11-openjdk-amd64/lib/libnio.so
7f966c03f000-7f966c040000 r--p 00010000 08:02 23990654                   /usr/lib/jvm/java-11-openjdk-amd64/lib/libnio.so
7f966c040000-7f966c041000 rw-p 00011000 08:02 23990654                   /usr/lib/jvm/java-11-openjdk-amd64/lib/libnio.so
7f966c041000-7f966c12b000 rw-p 00000000 00:00 0 
7f966c12b000-7f966c4c4000 ---p 00000000 00:00 0 
7f966c4c4000-7f966c503000 rw-p 00000000 00:00 0 
7f966c503000-7f966c89c000 ---p 00000000 00:00 0 
7f966c89c000-7f966c8db000 rw-p 00000000 00:00 0 
7f966c8db000-7f966cc74000 ---p 00000000 00:00 0 
7f966cc74000-7f966d079000 rw-p 00000000 00:00 0 
7f966d079000-7f966d07a000 ---p 00000000 00:00 0 
7f966d07a000-7f966d180000 rw-p 00000000 00:00 0 
7f966d180000-7f966d266000 ---p 00000000 00:00 0 
7f966d266000-7f966d26b000 rw-p 00000000 00:00 0 
7f966d26b000-7f966d351000 ---p 00000000 00:00 0 
7f966d351000-7f966d356000 rw-p 00000000 00:00 0 
7f966d356000-7f966d35d000 ---p 00000000 00:00 0 
7f966d35d000-7f966d35f000 r--s 00007000 08:02 24382982                   /usr/share/java/java-atk-wrapper.jar
7f966d35f000-7f966d361000 r--p 00000000 08:02 23990645                   /usr/lib/jvm/java-11-openjdk-amd64/lib/libjimage.so
7f966d361000-7f966d364000 r-xp 00002000 08:02 23990645                   /usr/lib/jvm/java-11-openjdk-amd64/lib/libjimage.so
7f966d364000-7f966d366000 r--p 00005000 08:02 23990645                   /usr/lib/jvm/java-11-openjdk-amd64/lib/libjimage.so
7f966d366000-7f966d367000 r--p 00006000 08:02 23990645                   /usr/lib/jvm/java-11-openjdk-amd64/lib/libjimage.so
7f966d367000-7f966d368000 rw-p 00007000 08:02 23990645                   /usr/lib/jvm/java-11-openjdk-amd64/lib/libjimage.so
7f966d368000-7f966d36b000 r--p 00000000 08:02 23601425                   /usr/lib/x86_64-linux-gnu/libnss_files-2.29.so
7f966d36b000-7f966d372000 r-xp 00003000 08:02 23601425                   /usr/lib/x86_64-linux-gnu/libnss_files-2.29.so
7f966d372000-7f966d374000 r--p 0000a000 08:02 23601425                   /usr/lib/x86_64-linux-gnu/libnss_files-2.29.so
7f966d374000-7f966d375000 r--p 0000b000 08:02 23601425                   /usr/lib/x86_64-linux-gnu/libnss_files-2.29.so
7f966d375000-7f966d376000 rw-p 0000c000 08:02 23601425                   /usr/lib/x86_64-linux-gnu/libnss_files-2.29.so
7f966d376000-7f966d37c000 rw-p 00000000 00:00 0 
7f966d37c000-7f966d37e000 r--p 00000000 08:02 23990662                   /usr/lib/jvm/java-11-openjdk-amd64/lib/libzip.so
7f966d37e000-7f966d382000 r-xp 00002000 08:02 23990662                   /usr/lib/jvm/java-11-openjdk-amd64/lib/libzip.so
7f966d382000-7f966d384000 r--p 00006000 08:02 23990662                   /usr/lib/jvm/java-11-openjdk-amd64/lib/libzip.so
7f966d384000-7f966d385000 r--p 00007000 08:02 23990662                   /usr/lib/jvm/java-11-openjdk-amd64/lib/libzip.so
7f966d385000-7f966d386000 rw-p 00008000 08:02 23990662                   /usr/lib/jvm/java-11-openjdk-amd64/lib/libzip.so
7f966d386000-7f966d38e000 rw-s 00000000 08:02 2753648                    /tmp/hsperfdata_kramer/9251
7f966d38e000-7f966d38f000 ---p 00000000 00:00 0 
7f966d38f000-7f966d390000 r--p 00000000 00:00 0 
7f966d390000-7f966d39d000 r--p 00000000 08:02 23990641                   /usr/lib/jvm/java-11-openjdk-amd64/lib/libjava.so
7f966d39d000-7f966d3b2000 r-xp 0000d000 08:02 23990641                   /usr/lib/jvm/java-11-openjdk-amd64/lib/libjava.so
7f966d3b2000-7f966d3b9000 r--p 00022000 08:02 23990641                   /usr/lib/jvm/java-11-openjdk-amd64/lib/libjava.so
7f966d3b9000-7f966d3ba000 r--p 00028000 08:02 23990641                   /usr/lib/jvm/java-11-openjdk-amd64/lib/libjava.so
7f966d3ba000-7f966d3bc000 rw-p 00029000 08:02 23990641                   /usr/lib/jvm/java-11-openjdk-amd64/lib/libjava.so
7f966d3bc000-7f966d3bf000 r--p 00000000 08:02 23601631                   /usr/lib/x86_64-linux-gnu/librt-2.29.so
7f966d3bf000-7f966d3c3000 r-xp 00003000 08:02 23601631                   /usr/lib/x86_64-linux-gnu/librt-2.29.so
7f966d3c3000-7f966d3c5000 r--p 00007000 08:02 23601631                   /usr/lib/x86_64-linux-gnu/librt-2.29.so
7f966d3c5000-7f966d3c6000 r--p 00008000 08:02 23601631                   /usr/lib/x86_64-linux-gnu/librt-2.29.so
7f966d3c6000-7f966d3c7000 rw-p 00009000 08:02 23601631                   /usr/lib/x86_64-linux-gnu/librt-2.29.so
7f966d3c7000-7f966d3cb000 ---p 00000000 00:00 0 
7f966d3cb000-7f966d4c8000 rw-p 00000000 00:00 0 
7f966d4c8000-7f966d4cb000 r--p 00000000 08:02 23596996                   /usr/lib/x86_64-linux-gnu/libgcc_s.so.1
7f966d4cb000-7f966d4dc000 r-xp 00003000 08:02 23596996                   /usr/lib/x86_64-linux-gnu/libgcc_s.so.1
7f966d4dc000-7f966d4e0000 r--p 00014000 08:02 23596996                   /usr/lib/x86_64-linux-gnu/libgcc_s.so.1
7f966d4e0000-7f966d4e1000 r--p 00017000 08:02 23596996                   /usr/lib/x86_64-linux-gnu/libgcc_s.so.1
7f966d4e1000-7f966d4e2000 rw-p 00018000 08:02 23596996                   /usr/lib/x86_64-linux-gnu/libgcc_s.so.1
7f966d4e2000-7f966d4f1000 r--p 00000000 08:02 23601302                   /usr/lib/x86_64-linux-gnu/libm-2.29.so
7f966d4f1000-7f966d597000 r-xp 0000f000 08:02 23601302                   /usr/lib/x86_64-linux-gnu/libm-2.29.so
7f966d597000-7f966d62e000 r--p 000b5000 08:02 23601302                   /usr/lib/x86_64-linux-gnu/libm-2.29.so
7f966d62e000-7f966d62f000 r--p 0014b000 08:02 23601302                   /usr/lib/x86_64-linux-gnu/libm-2.29.so
7f966d62f000-7f966d630000 rw-p 0014c000 08:02 23601302                   /usr/lib/x86_64-linux-gnu/libm-2.29.so
7f966d630000-7f966d6c5000 r--p 00000000 08:02 23594558                   /usr/lib/x86_64-linux-gnu/libstdc++.so.6.0.26
7f966d6c5000-7f966d7b7000 r-xp 00095000 08:02 23594558                   /usr/lib/x86_64-linux-gnu/libstdc++.so.6.0.26
7f966d7b7000-7f966d800000 r--p 00187000 08:02 23594558                   /usr/lib/x86_64-linux-gnu/libstdc++.so.6.0.26
7f966d800000-7f966d801000 ---p 001d0000 08:02 23594558                   /usr/lib/x86_64-linux-gnu/libstdc++.so.6.0.26
7f966d801000-7f966d80c000 r--p 001d0000 08:02 23594558                   /usr/lib/x86_64-linux-gnu/libstdc++.so.6.0.26
7f966d80c000-7f966d80f000 rw-p 001db000 08:02 23594558                   /usr/lib/x86_64-linux-gnu/libstdc++.so.6.0.26
7f966d80f000-7f966d812000 rw-p 00000000 00:00 0 
7f966d812000-7f966da81000 r--p 00000000 08:02 23990668                   /usr/lib/jvm/java-11-openjdk-amd64/lib/server/libjvm.so
7f966da81000-7f966e5a1000 r-xp 0026f000 08:02 23990668                   /usr/lib/jvm/java-11-openjdk-amd64/lib/server/libjvm.so
7f966e5a1000-7f966e7da000 r--p 00d8f000 08:02 23990668                   /usr/lib/jvm/java-11-openjdk-amd64/lib/server/libjvm.so
7f966e7da000-7f966e7db000 ---p 00fc8000 08:02 23990668                   /usr/lib/jvm/java-11-openjdk-amd64/lib/server/libjvm.so
7f966e7db000-7f966e898000 r--p 00fc8000 08:02 23990668                   /usr/lib/jvm/java-11-openjdk-amd64/lib/server/libjvm.so
7f966e898000-7f966e8d1000 rw-p 01085000 08:02 23990668                   /usr/lib/jvm/java-11-openjdk-amd64/lib/server/libjvm.so
7f966e8d1000-7f966e929000 rw-p 00000000 00:00 0 
7f966e929000-7f966e930000 r--p 00000000 08:02 23601565                   /usr/lib/x86_64-linux-gnu/libpthread-2.29.so
7f966e930000-7f966e93f000 r-xp 00007000 08:02 23601565                   /usr/lib/x86_64-linux-gnu/libpthread-2.29.so
7f966e93f000-7f966e944000 r--p 00016000 08:02 23601565                   /usr/lib/x86_64-linux-gnu/libpthread-2.29.so
7f966e944000-7f966e945000 r--p 0001a000 08:02 23601565                   /usr/lib/x86_64-linux-gnu/libpthread-2.29.so
7f966e945000-7f966e946000 rw-p 0001b000 08:02 23601565                   /usr/lib/x86_64-linux-gnu/libpthread-2.29.so
7f966e946000-7f966e94a000 rw-p 00000000 00:00 0 
7f966e94a000-7f966e94b000 r--p 00000000 08:02 23600824                   /usr/lib/x86_64-linux-gnu/libdl-2.29.so
7f966e94b000-7f966e94d000 r-xp 00001000 08:02 23600824                   /usr/lib/x86_64-linux-gnu/libdl-2.29.so
7f966e94d000-7f966e94e000 r--p 00003000 08:02 23600824                   /usr/lib/x86_64-linux-gnu/libdl-2.29.so
7f966e94e000-7f966e94f000 r--p 00003000 08:02 23600824                   /usr/lib/x86_64-linux-gnu/libdl-2.29.so
7f966e94f000-7f966e950000 rw-p 00004000 08:02 23600824                   /usr/lib/x86_64-linux-gnu/libdl-2.29.so
7f966e950000-7f966e952000 r--p 00000000 08:02 23601962                   /usr/lib/x86_64-linux-gnu/libz.so.1.2.11
7f966e952000-7f966e963000 r-xp 00002000 08:02 23601962                   /usr/lib/x86_64-linux-gnu/libz.so.1.2.11
7f966e963000-7f966e969000 r--p 00013000 08:02 23601962                   /usr/lib/x86_64-linux-gnu/libz.so.1.2.11
7f966e969000-7f966e96a000 ---p 00019000 08:02 23601962                   /usr/lib/x86_64-linux-gnu/libz.so.1.2.11
7f966e96a000-7f966e96b000 r--p 00019000 08:02 23601962                   /usr/lib/x86_64-linux-gnu/libz.so.1.2.11
7f966e96b000-7f966e96c000 rw-p 0001a000 08:02 23601962                   /usr/lib/x86_64-linux-gnu/libz.so.1.2.11
7f966e96c000-7f966e991000 r--p 00000000 08:02 23600687                   /usr/lib/x86_64-linux-gnu/libc-2.29.so
7f966e991000-7f966eb04000 r-xp 00025000 08:02 23600687                   /usr/lib/x86_64-linux-gnu/libc-2.29.so
7f966eb04000-7f966eb4d000 r--p 00198000 08:02 23600687                   /usr/lib/x86_64-linux-gnu/libc-2.29.so
7f966eb4d000-7f966eb50000 r--p 001e0000 08:02 23600687                   /usr/lib/x86_64-linux-gnu/libc-2.29.so
7f966eb50000-7f966eb53000 rw-p 001e3000 08:02 23600687                   /usr/lib/x86_64-linux-gnu/libc-2.29.so
7f966eb53000-7f966eb57000 rw-p 00000000 00:00 0 
7f966eb57000-7f966eb58000 r--p 00000000 08:02 25823436                   /usr/share/locale-langpack/en_AU/LC_MESSAGES/libc.mo
7f966eb58000-7f966eb5d000 r--p 00000000 08:02 23990661                   /usr/lib/jvm/java-11-openjdk-amd64/lib/libverify.so
7f966eb5d000-7f966eb64000 r-xp 00005000 08:02 23990661                   /usr/lib/jvm/java-11-openjdk-amd64/lib/libverify.so
7f966eb64000-7f966eb66000 r--p 0000c000 08:02 23990661                   /usr/lib/jvm/java-11-openjdk-amd64/lib/libverify.so
7f966eb66000-7f966eb68000 r--p 0000d000 08:02 23990661                   /usr/lib/jvm/java-11-openjdk-amd64/lib/libverify.so
7f966eb68000-7f966eb69000 rw-p 0000f000 08:02 23990661                   /usr/lib/jvm/java-11-openjdk-amd64/lib/libverify.so
7f966eb69000-7f966eb6c000 r--p 00000000 08:02 23990625                   /usr/lib/jvm/java-11-openjdk-amd64/lib/jli/libjli.so
7f966eb6c000-7f966eb76000 r-xp 00003000 08:02 23990625                   /usr/lib/jvm/java-11-openjdk-amd64/lib/jli/libjli.so
7f966eb76000-7f966eb79000 r--p 0000d000 08:02 23990625                   /usr/lib/jvm/java-11-openjdk-amd64/lib/jli/libjli.so
7f966eb79000-7f966eb7a000 r--p 0000f000 08:02 23990625                   /usr/lib/jvm/java-11-openjdk-amd64/lib/jli/libjli.so
7f966eb7a000-7f966eb7b000 rw-p 00010000 08:02 23990625                   /usr/lib/jvm/java-11-openjdk-amd64/lib/jli/libjli.so
7f966eb7b000-7f966eb7d000 rw-p 00000000 00:00 0 
7f966eb7d000-7f966eb7e000 r--p 00000000 08:02 23600471                   /usr/lib/x86_64-linux-gnu/ld-2.29.so
7f966eb7e000-7f966eb9f000 r-xp 00001000 08:02 23600471                   /usr/lib/x86_64-linux-gnu/ld-2.29.so
7f966eb9f000-7f966eba7000 r--p 00022000 08:02 23600471                   /usr/lib/x86_64-linux-gnu/ld-2.29.so
7f966eba7000-7f966eba8000 r--p 00029000 08:02 23600471                   /usr/lib/x86_64-linux-gnu/ld-2.29.so
7f966eba8000-7f966eba9000 rw-p 0002a000 08:02 23600471                   /usr/lib/x86_64-linux-gnu/ld-2.29.so
7f966eba9000-7f966ebaa000 rw-p 00000000 00:00 0 
7fff6b7de000-7fff6b800000 rw-p 00000000 00:00 0                          [stack]
7fff6b99c000-7fff6b99f000 r--p 00000000 00:00 0                          [vvar]
7fff6b99f000-7fff6b9a0000 r-xp 00000000 00:00 0                          [vdso]
ffffffffff600000-ffffffffff601000 r-xp 00000000 00:00 0                  [vsyscall]


VM Arguments:
jvm_args: -Dfile.encoding=UTF-8 -Duser.country=AU -Duser.language=en -Duser.variant 
java_command: ExampleSwingApp
java_class_path (initial): /home/kramer/Downloads/RobotArena-master/RobotAreana/start/build/classes/java/main:/home/kramer/Downloads/RobotArena-master/RobotAreana/start/build/classes/groovy/main:/home/kramer/Downloads/RobotArena-master/RobotAreana/start/build/resources/main:/home/kramer/Downloads/RobotArena-master/RobotAreana/AIBasic/build/libs/AIBasic.jar:/home/kramer/Downloads/RobotArena-master/RobotAreana/robot/build/libs/robot.jar:/home/kramer/Downloads/RobotArena-master/RobotAreana/main/build/libs/main.jar
Launcher Type: SUN_STANDARD

[Global flags]
     intx CICompilerCount                          = 3                                         {product} {ergonomic}
     uint ConcGCThreads                            = 1                                         {product} {ergonomic}
     uint G1ConcRefinementThreads                  = 4                                         {product} {ergonomic}
   size_t G1HeapRegionSize                         = 1048576                                   {product} {ergonomic}
    uintx GCDrainStackTargetSize                   = 64                                        {product} {ergonomic}
   size_t InitialHeapSize                          = 130023424                                 {product} {ergonomic}
   size_t MarkStackSize                            = 4194304                                   {product} {ergonomic}
   size_t MaxHeapSize                              = 2063597568                                {product} {ergonomic}
   size_t MaxNewSize                               = 1237319680                                {product} {ergonomic}
   size_t MinHeapDeltaBytes                        = 1048576                                   {product} {ergonomic}
    uintx NonNMethodCodeHeapSize                   = 5830092                                {pd product} {ergonomic}
    uintx NonProfiledCodeHeapSize                  = 122914074                              {pd product} {ergonomic}
    uintx ProfiledCodeHeapSize                     = 122914074                              {pd product} {ergonomic}
    uintx ReservedCodeCacheSize                    = 251658240                              {pd product} {ergonomic}
     bool SegmentedCodeCache                       = true                                      {product} {ergonomic}
     bool UseCompressedClassPointers               = true                                 {lp64_product} {ergonomic}
     bool UseCompressedOops                        = true                                 {lp64_product} {ergonomic}
     bool UseG1GC                                  = true                                      {product} {ergonomic}

Logging:
Log output configuration:
 #0: stdout all=warning uptime,level,tags
 #1: stderr all=off uptime,level,tags

Environment Variables:
PATH=/home/kramer/.local/bin:/usr/local/sbin:/usr/local/bin:/usr/sbin:/usr/bin:/sbin:/bin:/usr/games:/usr/local/games:/snap/bin
USERNAME=kramer
LD_LIBRARY_PATH=/home/kramer/Downloads/RobotArena-master/RobotAreana/AIBasic/build/libs/mynativelibrary/shared
SHELL=/bin/bash
DISPLAY=:0

Signal Handlers:
SIGSEGV: [libjvm.so+0xd1cc80], sa_mask[0]=11111111011111111101111111111110, sa_flags=SA_RESTART|SA_SIGINFO
SIGBUS: [libjvm.so+0xd1cc80], sa_mask[0]=11111111011111111101111111111110, sa_flags=SA_RESTART|SA_SIGINFO
SIGFPE: [libjvm.so+0xd1cc80], sa_mask[0]=11111111011111111101111111111110, sa_flags=SA_RESTART|SA_SIGINFO
SIGPIPE: SIG_IGN, sa_mask[0]=00000000000010000000000000000000, sa_flags=SA_RESTART
SIGXFSZ: [libjvm.so+0xb239a0], sa_mask[0]=11111111011111111101111111111110, sa_flags=SA_RESTART|SA_SIGINFO
SIGILL: [libjvm.so+0xd1cc80], sa_mask[0]=11111111011111111101111111111110, sa_flags=SA_RESTART|SA_SIGINFO
SIGUSR2: [libjvm.so+0xb23830], sa_mask[0]=00100000000000000000000000000000, sa_flags=SA_RESTART|SA_SIGINFO
SIGHUP: [libjvm.so+0xb23ce0], sa_mask[0]=11111111011111111101111111111110, sa_flags=SA_RESTART|SA_SIGINFO
SIGINT: [libjvm.so+0xb23ce0], sa_mask[0]=11111111011111111101111111111110, sa_flags=SA_RESTART|SA_SIGINFO
SIGTERM: [libjvm.so+0xb23ce0], sa_mask[0]=11111111011111111101111111111110, sa_flags=SA_RESTART|SA_SIGINFO
SIGQUIT: [libjvm.so+0xb23ce0], sa_mask[0]=11111111011111111101111111111110, sa_flags=SA_RESTART|SA_SIGINFO


---------------  S Y S T E M  ---------------

OS:DISTRIB_ID=Ubuntu
DISTRIB_RELEASE=19.04
DISTRIB_CODENAME=disco
DISTRIB_DESCRIPTION="Ubuntu 19.04"
uname:Linux 5.0.0-32-generic #34-Ubuntu SMP Wed Oct 2 02:06:48 UTC 2019 x86_64
libc:glibc 2.29 NPTL 2.29 
rlimit: STACK 8192k, CORE 0k, NPROC 31283, NOFILE 524288, AS infinity, DATA infinity, FSIZE infinity
load average:1.12 1.09 0.98

/proc/meminfo:
MemTotal:        8057228 kB
MemFree:         2425988 kB
MemAvailable:    4260520 kB
Buffers:          135392 kB
Cached:          1898212 kB
SwapCached:            0 kB
Active:          3949256 kB
Inactive:        1283648 kB
Active(anon):    3128980 kB
Inactive(anon):   118580 kB
Active(file):     820276 kB
Inactive(file):  1165068 kB
Unevictable:        3452 kB
Mlocked:              16 kB
SwapTotal:       2097148 kB
SwapFree:        2097148 kB
Dirty:              1564 kB
Writeback:             0 kB
AnonPages:       3202832 kB
Mapped:           615108 kB
Shmem:            123916 kB
KReclaimable:     138940 kB
Slab:             239144 kB
SReclaimable:     138940 kB
SUnreclaim:       100204 kB
KernelStack:       16512 kB
PageTables:        34488 kB
NFS_Unstable:          0 kB
Bounce:                0 kB
WritebackTmp:          0 kB
CommitLimit:     6125760 kB
Committed_AS:   10748576 kB
VmallocTotal:   34359738367 kB
VmallocUsed:           0 kB
VmallocChunk:          0 kB
Percpu:             2192 kB
HardwareCorrupted:     0 kB
AnonHugePages:         0 kB
ShmemHugePages:        0 kB
ShmemPmdMapped:        0 kB
CmaTotal:              0 kB
CmaFree:               0 kB
HugePages_Total:       0
HugePages_Free:        0
HugePages_Rsvd:        0
HugePages_Surp:        0
Hugepagesize:       2048 kB
Hugetlb:               0 kB
DirectMap4k:      244272 kB
DirectMap2M:     5939200 kB
DirectMap1G:     2097152 kB


/proc/sys/kernel/threads-max (system-wide limit on the number of threads):
62566


/proc/sys/vm/max_map_count (maximum number of memory map areas a process may have):
65530


/proc/sys/kernel/pid_max (system-wide limit on number of process identifiers):
32768



container (cgroup) information:
container_type: cgroupv1
cpu_cpuset_cpus: 0-3
cpu_memory_nodes: 0
active_processor_count: 4
cpu_quota: -1
cpu_period: 100000
cpu_shares: -1
memory_limit_in_bytes: -1
memory_and_swap_limit_in_bytes: -2
memory_soft_limit_in_bytes: -1
memory_usage_in_bytes: 1050324992
memory_max_usage_in_bytes: 1050501120

Steal ticks since vm start: 0
Steal ticks percentage since vm start:  0.000

CPU:total 4 (initial active 4) (4 cores per cpu, 1 threads per core) family 6 model 60 stepping 3, cmov, cx8, fxsr, mmx, sse, sse2, sse3, ssse3, sse4.1, sse4.2, popcnt, avx, avx2, aes, clmul, erms, lzcnt, tsc, tscinvbit, bmi1, bmi2, fma
CPU Model and flags from /proc/cpuinfo:
model name	: Intel(R) Core(TM) i5-4690 CPU @ 3.50GHz
flags		: fpu vme de pse tsc msr pae mce cx8 apic sep mtrr pge mca cmov pat pse36 clflush dts acpi mmx fxsr sse sse2 ss ht tm pbe syscall nx pdpe1gb rdtscp lm constant_tsc arch_perfmon pebs bts rep_good nopl xtopology nonstop_tsc cpuid aperfmperf pni pclmulqdq dtes64 monitor ds_cpl vmx smx est tm2 ssse3 sdbg fma cx16 xtpr pdcm pcid sse4_1 sse4_2 x2apic movbe popcnt tsc_deadline_timer aes xsave avx f16c rdrand lahf_lm abm cpuid_fault invpcid_single pti ssbd ibrs ibpb stibp tpr_shadow vnmi flexpriority ept vpid ept_ad fsgsbase tsc_adjust bmi1 avx2 smep bmi2 erms invpcid xsaveopt dtherm ida arat pln pts md_clear flush_l1d

Memory: 4k page, physical 8057228k(2425988k free), swap 2097148k(2097148k free)

vm_info: OpenJDK 64-Bit Server VM (11.0.4+11-post-Ubuntu-1ubuntu219.04) for linux-amd64 JRE (11.0.4+11-post-Ubuntu-1ubuntu219.04), built on Jul 18 2019 18:21:46 by "buildd" with gcc 8.3.0

END.
