#
# A fatal error has been detected by the Java Runtime Environment:
#
#  SIGSEGV (0xb) at pc=0x00007fb8cc02562b, pid=19390, tid=19415
#
# JRE version: OpenJDK Runtime Environment (11.0.4+11) (build 11.0.4+11-post-Ubuntu-1ubuntu219.04)
# Java VM: OpenJDK 64-Bit Server VM (11.0.4+11-post-Ubuntu-1ubuntu219.04, mixed mode, sharing, tiered, compressed oops, g1 gc, linux-amd64)
# Problematic frame:
# V  [libjvm.so+0x86462b]
#
# Core dump will be written. Default location: Core dumps may be processed with "/usr/share/apport/apport %p %s %c %d %P" (or dumping to /home/kramer/Downloads/RobotArena-master/RobotAreana/start/core.19390)
#
# If you would like to submit a bug report, please visit:
#   https://bugs.launchpad.net/ubuntu/+source/openjdk-lts
#

---------------  S U M M A R Y ------------

Command Line: -Dfile.encoding=UTF-8 -Duser.country=AU -Duser.language=en -Duser.variant ExampleSwingApp

Host: Intel(R) Core(TM) i5-4690 CPU @ 3.50GHz, 4 cores, 7G, Ubuntu 19.04
Time: Mon Oct 28 21:25:20 2019 AWST elapsed time: 1 seconds (0d 0h 0m 1s)

---------------  T H R E A D  ---------------

Current thread (0x00007fb8c43c5800):  JavaThread "Thomas" [_thread_in_vm, id=19415, stack(0x00007fb862a7b000,0x00007fb862b7c000)]

Stack: [0x00007fb862a7b000,0x00007fb862b7c000],  sp=0x00007fb862b7a610,  free space=1021k
Native frames: (J=compiled Java code, A=aot compiled Java code, j=interpreted, Vv=VM code, C=native code)
V  [libjvm.so+0x86462b]
C  [libmynativelibrary.so+0x13ba]  Java_CRobot_startCPP+0x2b5
j  CRobot.startCPP(LRobotControl;)V+0
j  CRobot$1.run()V+8
j  java.lang.Thread.run()V+11 java.base@11.0.4
v  ~StubRoutines::call_stub
V  [libjvm.so+0x7f40b1]
V  [libjvm.so+0x7f2550]
V  [libjvm.so+0x7f260b]
V  [libjvm.so+0x88e63c]
V  [libjvm.so+0xcc0060]
V  [libjvm.so+0xcc0350]
V  [libjvm.so+0xcbbee4]
V  [libjvm.so+0xb2cbee]

Java frames: (J=compiled Java code, j=interpreted, Vv=VM code)
j  CRobot.startCPP(LRobotControl;)V+0
j  CRobot$1.run()V+8
j  java.lang.Thread.run()V+11 java.base@11.0.4
v  ~StubRoutines::call_stub

siginfo: si_signo: 11 (SIGSEGV), si_code: 1 (SEGV_MAPERR), si_addr: 0x0000000000000000

Register to memory mapping:

RAX=0x00007fb862b7a6b0 is pointing into the stack for thread: 0x00007fb8c43c5800
RBX=0x00007fb8c43c5800 is a thread
RCX=0x00007fb8cc025550: <offset 0x0000000000864550> in /usr/lib/jvm/java-11-openjdk-amd64/lib/server/libjvm.so at 0x00007fb8cb7c1000
RDX=0x00007fb8c43c3260 points into unknown readable memory: d8 a2 ed 8b 00 00 00 00
RSP=0x00007fb862b7a610 is pointing into the stack for thread: 0x00007fb8c43c5800
RBP=0x00007fb862b7a790 is pointing into the stack for thread: 0x00007fb8c43c5800
RSI=0x00007fb8c43c5800 is a thread
RDI=0x00007fb862b7a670 is pointing into the stack for thread: 0x00007fb8c43c5800
R8 ={method} {0x000000080018db20} 'get' '(I)Ljava/lang/Object;' in 'java/util/Collections$UnmodifiableList'
R9 =0x0000000000000004 is an unknown value
R10=0x00007fb8c43c6020 points into unknown readable memory: 00 af 10 00 08 00 00 00
R11=0x00007fb8c43c6020 points into unknown readable memory: 00 af 10 00 08 00 00 00
R12=0x00007fb862b7a670 is pointing into the stack for thread: 0x00007fb8c43c5800
R13=0x00007fb8c43c5b40 points into unknown readable memory: e0 df 84 cc b8 7f 00 00
R14=0x0 is NULL
R15=0x00007fb862b7a8d0 is pointing into the stack for thread: 0x00007fb8c43c5800


Registers:
RAX=0x00007fb862b7a6b0, RBX=0x00007fb8c43c5800, RCX=0x00007fb8cc025550, RDX=0x00007fb8c43c3260
RSP=0x00007fb862b7a610, RBP=0x00007fb862b7a790, RSI=0x00007fb8c43c5800, RDI=0x00007fb862b7a670
R8 =0x000000080018db20, R9 =0x0000000000000004, R10=0x00007fb8c43c6020, R11=0x00007fb8c43c6020
R12=0x00007fb862b7a670, R13=0x00007fb8c43c5b40, R14=0x0000000000000000, R15=0x00007fb862b7a8d0
RIP=0x00007fb8cc02562b, EFLAGS=0x0000000000010202, CSGSFS=0x002b000000000033, ERR=0x0000000000000004
  TRAPNO=0x000000000000000e

Top of Stack: (sp=0x00007fb862b7a610)
0x00007fb862b7a610:   00007fb8c40e5290 00007fb8c43c5800
0x00007fb862b7a620:   00007fb80000000c 00007fb848000ce8
0x00007fb862b7a630:   0000000000000000 0000003000000018
0x00007fb862b7a640:   00007fb862b7a7a0 00007fb862b7a6b0 

Instructions: (pc=0x00007fb8cc02562b)
0x00007fb8cc02552b:   89 e0 5b 41 5c 41 5d 41 5e 41 5f 5d c3 0f 1f 84
0x00007fb8cc02553b:   00 00 00 00 00 48 89 df 31 db e8 66 2d 45 00 e9
0x00007fb8cc02554b:   ab fe ff ff 90 55 48 89 e5 41 57 49 89 f7 41 56
0x00007fb8cc02555b:   49 89 d6 41 55 49 89 fd 41 54 53 48 81 ec 58 01
0x00007fb8cc02556b:   00 00 48 89 8d 38 ff ff ff 4c 89 85 40 ff ff ff
0x00007fb8cc02557b:   4c 89 8d 48 ff ff ff 84 c0 74 29 0f 29 85 50 ff
0x00007fb8cc02558b:   ff ff 0f 29 8d 60 ff ff ff 0f 29 95 70 ff ff ff
0x00007fb8cc02559b:   0f 29 5d 80 0f 29 65 90 0f 29 6d a0 0f 29 75 b0
0x00007fb8cc0255ab:   0f 29 7d c0 49 8d 9d c0 fc ff ff 8b 83 d0 03 00
0x00007fb8cc0255bb:   00 2d ab de 00 00 83 f8 01 0f 87 46 01 00 00 48
0x00007fb8cc0255cb:   89 df 48 89 9d 88 fe ff ff e8 c7 69 ff ff 48 83
0x00007fb8cc0255db:   7b 08 00 48 89 9d c0 fe ff ff 48 c7 85 c8 fe ff
0x00007fb8cc0255eb:   ff 00 00 00 00 74 0c 48 8d bd c0 fe ff ff e8 02
0x00007fb8cc0255fb:   0e 32 00 48 8d 45 10 4c 8d a5 e0 fe ff ff c7 85
0x00007fb8cc02560b:   a8 fe ff ff 18 00 00 00 48 89 85 b0 fe ff ff 48
0x00007fb8cc02561b:   8d 85 20 ff ff ff 4c 89 e7 48 89 85 b8 fe ff ff
0x00007fb8cc02562b:   49 8b 06 c7 85 ac fe ff ff 30 00 00 00 c7 85 90
0x00007fb8cc02563b:   fe ff ff 0c 00 00 00 48 8b 40 08 0f b7 50 2c 48
0x00007fb8cc02564b:   8b 40 08 48 8b 74 d0 40 e8 78 53 3a 00 4d 89 e0
0x00007fb8cc02565b:   49 89 d9 4c 89 f1 48 8d 05 f0 20 77 00 4c 89 fa
0x00007fb8cc02566b:   4c 89 ef 45 31 e4 48 89 85 e0 fe ff ff f3 0f 6f
0x00007fb8cc02567b:   85 a8 fe ff ff 48 8d b5 90 fe ff ff 48 8b 85 b8
0x00007fb8cc02568b:   fe ff ff c7 85 f8 fe ff ff 63 00 00 00 48 c7 85
0x00007fb8cc02569b:   00 ff ff ff 00 00 00 00 0f 11 85 08 ff ff ff 48
0x00007fb8cc0256ab:   89 85 18 ff ff ff e8 fa f3 ff ff 48 83 7b 08 00
0x00007fb8cc0256bb:   75 07 4c 8b a5 98 fe ff ff 48 83 bd c8 fe ff ff
0x00007fb8cc0256cb:   00 74 0c 48 8d bd c0 fe ff ff e8 76 0d 32 00 48
0x00007fb8cc0256db:   8b bb f0 00 00 00 e8 1a e3 00 00 48 8d bd 88 fe
0x00007fb8cc0256eb:   ff ff e8 fe e3 00 00 48 81 c4 58 01 00 00 4c 89
0x00007fb8cc0256fb:   e0 5b 41 5c 41 5d 41 5e 41 5f 5d c3 66 0f 1f 84
0x00007fb8cc02570b:   00 00 00 00 00 48 89 df 31 db e8 96 2b 45 00 e9
0x00007fb8cc02571b:   ab fe ff ff 90 55 48 89 e5 41 57 49 89 f7 41 56 


Stack slot to memory mapping:
stack at sp + 0 slots: 0x00007fb8c40e5290 points into unknown readable memory: 00 00 00 00 00 00 00 00
stack at sp + 1 slots: 0x00007fb8c43c5800 is a thread
stack at sp + 2 slots: 0x00007fb80000000c is an unknown value
stack at sp + 3 slots: 0x00007fb848000ce8 points into unknown readable memory: 28 2f bd 8c 00 00 00 00
stack at sp + 4 slots: 0x0 is NULL
stack at sp + 5 slots: 0x0000003000000018 is an unknown value
stack at sp + 6 slots: 0x00007fb862b7a7a0 is pointing into the stack for thread: 0x00007fb8c43c5800
stack at sp + 7 slots: 0x00007fb862b7a6b0 is pointing into the stack for thread: 0x00007fb8c43c5800


---------------  P R O C E S S  ---------------

Threads class SMR info:
_java_thread_list=0x00007fb8c43ca5b0, length=16, elements={
0x00007fb8c4011800, 0x00007fb8c4107000, 0x00007fb8c4111000, 0x00007fb8c4116800,
0x00007fb8c4118800, 0x00007fb8c411a800, 0x00007fb8c411c800, 0x00007fb8c4154000,
0x00007fb8c415c800, 0x00007fb8c42db000, 0x00007fb8c42fd000, 0x00007fb874300800,
0x00007fb8c43bd800, 0x00007fb8c43c5800, 0x00007fb8c43c8000, 0x00007fb8c43c9000
}

Java Threads: ( => current thread )
  0x00007fb8c4011800 JavaThread "main" [_thread_blocked, id=19391, stack(0x00007fb8cb376000,0x00007fb8cb477000)]
  0x00007fb8c4107000 JavaThread "Reference Handler" daemon [_thread_blocked, id=19398, stack(0x00007fb8a403f000,0x00007fb8a4140000)]
  0x00007fb8c4111000 JavaThread "Finalizer" daemon [_thread_blocked, id=19399, stack(0x00007fb8976ff000,0x00007fb897800000)]
  0x00007fb8c4116800 JavaThread "Signal Dispatcher" daemon [_thread_blocked, id=19400, stack(0x00007fb896823000,0x00007fb896924000)]
  0x00007fb8c4118800 JavaThread "C2 CompilerThread0" daemon [_thread_blocked, id=19401, stack(0x00007fb896722000,0x00007fb896823000)]
  0x00007fb8c411a800 JavaThread "C1 CompilerThread0" daemon [_thread_blocked, id=19403, stack(0x00007fb896621000,0x00007fb896722000)]
  0x00007fb8c411c800 JavaThread "Sweeper thread" daemon [_thread_blocked, id=19404, stack(0x00007fb896520000,0x00007fb896621000)]
  0x00007fb8c4154000 JavaThread "Service Thread" daemon [_thread_blocked, id=19405, stack(0x00007fb89641f000,0x00007fb896520000)]
  0x00007fb8c415c800 JavaThread "Common-Cleaner" daemon [_thread_blocked, id=19407, stack(0x00007fb89621c000,0x00007fb89631d000)]
  0x00007fb8c42db000 JavaThread "Java2D Disposer" daemon [_thread_blocked, id=19411, stack(0x00007fb862efd000,0x00007fb862ffe000)]
  0x00007fb8c42fd000 JavaThread "AWT-XAWT" daemon [_thread_in_native, id=19412, stack(0x00007fb862d7e000,0x00007fb862e7f000)]
  0x00007fb874300800 JavaThread "C2 CompilerThread1" daemon [_thread_blocked, id=19413, stack(0x00007fb862c7d000,0x00007fb862d7e000)]
  0x00007fb8c43bd800 JavaThread "Image Fetcher 0" daemon [_thread_blocked, id=19414, stack(0x00007fb862b7c000,0x00007fb862c7d000)]
=>0x00007fb8c43c5800 JavaThread "Thomas" [_thread_in_vm, id=19415, stack(0x00007fb862a7b000,0x00007fb862b7c000)]
  0x00007fb8c43c8000 JavaThread "Thomas" [_thread_blocked, id=19416, stack(0x00007fb86297a000,0x00007fb862a7b000)]
  0x00007fb8c43c9000 JavaThread "Thomas" [_thread_blocked, id=19417, stack(0x00007fb862879000,0x00007fb86297a000)]

Other Threads:
  0x00007fb8c4104000 VMThread "VM Thread" [stack: 0x00007fb8ac070000,0x00007fb8ac170000] [id=19397]
  0x00007fb8c4156800 WatcherThread [stack: 0x00007fb89631f000,0x00007fb89641f000] [id=19406]
  0x00007fb8c4027000 GCTaskThread "GC Thread#0" [stack: 0x00007fb8cb02a000,0x00007fb8cb12a000] [id=19392]
  0x00007fb8c4058000 ConcurrentGCThread "G1 Main Marker" [stack: 0x00007fb8c809a000,0x00007fb8c819a000] [id=19393]
  0x00007fb8c405a000 ConcurrentGCThread "G1 Conc#0" [stack: 0x00007fb8ac856000,0x00007fb8ac956000] [id=19394]
  0x00007fb8c40d2000 ConcurrentGCThread "G1 Refine#0" [stack: 0x00007fb8ac350000,0x00007fb8ac450000] [id=19395]
  0x00007fb8c40d3800 ConcurrentGCThread "G1 Young RemSet Sampling" [stack: 0x00007fb8ac24e000,0x00007fb8ac34e000] [id=19396]

Threads with active compile tasks:

VM state:synchronizing (normal execution)

VM Mutex/Monitor currently owned by a thread:  ([mutex/lock_event])
[0x00007fb8c400e360] Threads_lock - owner thread: 0x00007fb8c4104000
[0x00007fb8c400eab0] Heap_lock - owner thread: 0x00007fb8c43c8000

Heap address: 0x0000000085000000, size: 1968 MB, Compressed Oops mode: 32-bit
Narrow klass base: 0x0000000800000000, Narrow klass shift: 3
Compressed class space size: 1073741824 Address: 0x0000000840000000

Heap:
 garbage-first heap   total 129024K, used 23160K [0x0000000085000000, 0x0000000100000000)
  region size 1024K, 14 young (14336K), 0 survivors (0K)
 Metaspace       used 5246K, capacity 5596K, committed 5760K, reserved 1056768K
  class space    used 585K, capacity 769K, committed 896K, reserved 1048576K
Heap Regions: E=young(eden), S=young(survivor), O=old, HS=humongous(starts), HC=humongous(continues), CS=collection set, F=free, A=archive, TAMS=top-at-mark-start (previous, next)
|   0|0x0000000085000000, 0x0000000085100000, 0x0000000085100000|100%|HS|  |TAMS 0x0000000085000000, 0x0000000085000000| Complete 
|   1|0x0000000085100000, 0x0000000085200000, 0x0000000085200000|100%|HC|  |TAMS 0x0000000085100000, 0x0000000085100000| Complete 
|   2|0x0000000085200000, 0x0000000085300000, 0x0000000085300000|100%|HC|  |TAMS 0x0000000085200000, 0x0000000085200000| Complete 
|   3|0x0000000085300000, 0x0000000085400000, 0x0000000085400000|100%|HC|  |TAMS 0x0000000085300000, 0x0000000085300000| Complete 
|   4|0x0000000085400000, 0x0000000085500000, 0x0000000085500000|100%|HC|  |TAMS 0x0000000085400000, 0x0000000085400000| Complete 
|   5|0x0000000085500000, 0x0000000085600000, 0x0000000085600000|100%|HC|  |TAMS 0x0000000085500000, 0x0000000085500000| Complete 
|   6|0x0000000085600000, 0x0000000085700000, 0x0000000085700000|100%|HC|  |TAMS 0x0000000085600000, 0x0000000085600000| Complete 
|   7|0x0000000085700000, 0x0000000085800000, 0x0000000085800000|100%|HC|  |TAMS 0x0000000085700000, 0x0000000085700000| Complete 
|   8|0x0000000085800000, 0x0000000085800000, 0x0000000085900000|  0%| F|  |TAMS 0x0000000085800000, 0x0000000085800000| Untracked 
|   9|0x0000000085900000, 0x0000000085900000, 0x0000000085a00000|  0%| F|  |TAMS 0x0000000085900000, 0x0000000085900000| Untracked 
|  10|0x0000000085a00000, 0x0000000085a00000, 0x0000000085b00000|  0%| F|  |TAMS 0x0000000085a00000, 0x0000000085a00000| Untracked 
|  11|0x0000000085b00000, 0x0000000085b00000, 0x0000000085c00000|  0%| F|  |TAMS 0x0000000085b00000, 0x0000000085b00000| Untracked 
|  12|0x0000000085c00000, 0x0000000085c00000, 0x0000000085d00000|  0%| F|  |TAMS 0x0000000085c00000, 0x0000000085c00000| Untracked 
|  13|0x0000000085d00000, 0x0000000085d00000, 0x0000000085e00000|  0%| F|  |TAMS 0x0000000085d00000, 0x0000000085d00000| Untracked 
|  14|0x0000000085e00000, 0x0000000085e00000, 0x0000000085f00000|  0%| F|  |TAMS 0x0000000085e00000, 0x0000000085e00000| Untracked 
|  15|0x0000000085f00000, 0x0000000085f00000, 0x0000000086000000|  0%| F|  |TAMS 0x0000000085f00000, 0x0000000085f00000| Untracked 
|  16|0x0000000086000000, 0x0000000086000000, 0x0000000086100000|  0%| F|  |TAMS 0x0000000086000000, 0x0000000086000000| Untracked 
|  17|0x0000000086100000, 0x0000000086100000, 0x0000000086200000|  0%| F|  |TAMS 0x0000000086100000, 0x0000000086100000| Untracked 
|  18|0x0000000086200000, 0x0000000086200000, 0x0000000086300000|  0%| F|  |TAMS 0x0000000086200000, 0x0000000086200000| Untracked 
|  19|0x0000000086300000, 0x0000000086300000, 0x0000000086400000|  0%| F|  |TAMS 0x0000000086300000, 0x0000000086300000| Untracked 
|  20|0x0000000086400000, 0x0000000086400000, 0x0000000086500000|  0%| F|  |TAMS 0x0000000086400000, 0x0000000086400000| Untracked 
|  21|0x0000000086500000, 0x0000000086500000, 0x0000000086600000|  0%| F|  |TAMS 0x0000000086500000, 0x0000000086500000| Untracked 
|  22|0x0000000086600000, 0x0000000086600000, 0x0000000086700000|  0%| F|  |TAMS 0x0000000086600000, 0x0000000086600000| Untracked 
|  23|0x0000000086700000, 0x0000000086700000, 0x0000000086800000|  0%| F|  |TAMS 0x0000000086700000, 0x0000000086700000| Untracked 
|  24|0x0000000086800000, 0x0000000086800000, 0x0000000086900000|  0%| F|  |TAMS 0x0000000086800000, 0x0000000086800000| Untracked 
|  25|0x0000000086900000, 0x0000000086900000, 0x0000000086a00000|  0%| F|  |TAMS 0x0000000086900000, 0x0000000086900000| Untracked 
|  26|0x0000000086a00000, 0x0000000086a00000, 0x0000000086b00000|  0%| F|  |TAMS 0x0000000086a00000, 0x0000000086a00000| Untracked 
|  27|0x0000000086b00000, 0x0000000086b00000, 0x0000000086c00000|  0%| F|  |TAMS 0x0000000086b00000, 0x0000000086b00000| Untracked 
|  28|0x0000000086c00000, 0x0000000086c00000, 0x0000000086d00000|  0%| F|  |TAMS 0x0000000086c00000, 0x0000000086c00000| Untracked 
|  29|0x0000000086d00000, 0x0000000086d00000, 0x0000000086e00000|  0%| F|  |TAMS 0x0000000086d00000, 0x0000000086d00000| Untracked 
|  30|0x0000000086e00000, 0x0000000086e00000, 0x0000000086f00000|  0%| F|  |TAMS 0x0000000086e00000, 0x0000000086e00000| Untracked 
|  31|0x0000000086f00000, 0x0000000086f00000, 0x0000000087000000|  0%| F|  |TAMS 0x0000000086f00000, 0x0000000086f00000| Untracked 
|  32|0x0000000087000000, 0x0000000087000000, 0x0000000087100000|  0%| F|  |TAMS 0x0000000087000000, 0x0000000087000000| Untracked 
|  33|0x0000000087100000, 0x0000000087100000, 0x0000000087200000|  0%| F|  |TAMS 0x0000000087100000, 0x0000000087100000| Untracked 
|  34|0x0000000087200000, 0x0000000087200000, 0x0000000087300000|  0%| F|  |TAMS 0x0000000087200000, 0x0000000087200000| Untracked 
|  35|0x0000000087300000, 0x0000000087300000, 0x0000000087400000|  0%| F|  |TAMS 0x0000000087300000, 0x0000000087300000| Untracked 
|  36|0x0000000087400000, 0x0000000087400000, 0x0000000087500000|  0%| F|  |TAMS 0x0000000087400000, 0x0000000087400000| Untracked 
|  37|0x0000000087500000, 0x0000000087500000, 0x0000000087600000|  0%| F|  |TAMS 0x0000000087500000, 0x0000000087500000| Untracked 
|  38|0x0000000087600000, 0x0000000087600000, 0x0000000087700000|  0%| F|  |TAMS 0x0000000087600000, 0x0000000087600000| Untracked 
|  39|0x0000000087700000, 0x0000000087700000, 0x0000000087800000|  0%| F|  |TAMS 0x0000000087700000, 0x0000000087700000| Untracked 
|  40|0x0000000087800000, 0x0000000087800000, 0x0000000087900000|  0%| F|  |TAMS 0x0000000087800000, 0x0000000087800000| Untracked 
|  41|0x0000000087900000, 0x0000000087900000, 0x0000000087a00000|  0%| F|  |TAMS 0x0000000087900000, 0x0000000087900000| Untracked 
|  42|0x0000000087a00000, 0x0000000087a00000, 0x0000000087b00000|  0%| F|  |TAMS 0x0000000087a00000, 0x0000000087a00000| Untracked 
|  43|0x0000000087b00000, 0x0000000087b00000, 0x0000000087c00000|  0%| F|  |TAMS 0x0000000087b00000, 0x0000000087b00000| Untracked 
|  44|0x0000000087c00000, 0x0000000087c00000, 0x0000000087d00000|  0%| F|  |TAMS 0x0000000087c00000, 0x0000000087c00000| Untracked 
|  45|0x0000000087d00000, 0x0000000087d00000, 0x0000000087e00000|  0%| F|  |TAMS 0x0000000087d00000, 0x0000000087d00000| Untracked 
|  46|0x0000000087e00000, 0x0000000087e00000, 0x0000000087f00000|  0%| F|  |TAMS 0x0000000087e00000, 0x0000000087e00000| Untracked 
|  47|0x0000000087f00000, 0x0000000087f00000, 0x0000000088000000|  0%| F|  |TAMS 0x0000000087f00000, 0x0000000087f00000| Untracked 
|  48|0x0000000088000000, 0x0000000088000000, 0x0000000088100000|  0%| F|  |TAMS 0x0000000088000000, 0x0000000088000000| Untracked 
|  49|0x0000000088100000, 0x0000000088100000, 0x0000000088200000|  0%| F|  |TAMS 0x0000000088100000, 0x0000000088100000| Untracked 
|  50|0x0000000088200000, 0x0000000088200000, 0x0000000088300000|  0%| F|  |TAMS 0x0000000088200000, 0x0000000088200000| Untracked 
|  51|0x0000000088300000, 0x0000000088300000, 0x0000000088400000|  0%| F|  |TAMS 0x0000000088300000, 0x0000000088300000| Untracked 
|  52|0x0000000088400000, 0x0000000088400000, 0x0000000088500000|  0%| F|  |TAMS 0x0000000088400000, 0x0000000088400000| Untracked 
|  53|0x0000000088500000, 0x0000000088500000, 0x0000000088600000|  0%| F|  |TAMS 0x0000000088500000, 0x0000000088500000| Untracked 
|  54|0x0000000088600000, 0x0000000088600000, 0x0000000088700000|  0%| F|  |TAMS 0x0000000088600000, 0x0000000088600000| Untracked 
|  55|0x0000000088700000, 0x0000000088700000, 0x0000000088800000|  0%| F|  |TAMS 0x0000000088700000, 0x0000000088700000| Untracked 
|  56|0x0000000088800000, 0x0000000088800000, 0x0000000088900000|  0%| F|  |TAMS 0x0000000088800000, 0x0000000088800000| Untracked 
|  57|0x0000000088900000, 0x0000000088900000, 0x0000000088a00000|  0%| F|  |TAMS 0x0000000088900000, 0x0000000088900000| Untracked 
|  58|0x0000000088a00000, 0x0000000088a00000, 0x0000000088b00000|  0%| F|  |TAMS 0x0000000088a00000, 0x0000000088a00000| Untracked 
|  59|0x0000000088b00000, 0x0000000088b00000, 0x0000000088c00000|  0%| F|  |TAMS 0x0000000088b00000, 0x0000000088b00000| Untracked 
|  60|0x0000000088c00000, 0x0000000088c00000, 0x0000000088d00000|  0%| F|  |TAMS 0x0000000088c00000, 0x0000000088c00000| Untracked 
|  61|0x0000000088d00000, 0x0000000088d00000, 0x0000000088e00000|  0%| F|  |TAMS 0x0000000088d00000, 0x0000000088d00000| Untracked 
|  62|0x0000000088e00000, 0x0000000088e00000, 0x0000000088f00000|  0%| F|  |TAMS 0x0000000088e00000, 0x0000000088e00000| Untracked 
|  63|0x0000000088f00000, 0x0000000088f00000, 0x0000000089000000|  0%| F|  |TAMS 0x0000000088f00000, 0x0000000088f00000| Untracked 
|  64|0x0000000089000000, 0x0000000089000000, 0x0000000089100000|  0%| F|  |TAMS 0x0000000089000000, 0x0000000089000000| Untracked 
|  65|0x0000000089100000, 0x0000000089100000, 0x0000000089200000|  0%| F|  |TAMS 0x0000000089100000, 0x0000000089100000| Untracked 
|  66|0x0000000089200000, 0x0000000089200000, 0x0000000089300000|  0%| F|  |TAMS 0x0000000089200000, 0x0000000089200000| Untracked 
|  67|0x0000000089300000, 0x0000000089300000, 0x0000000089400000|  0%| F|  |TAMS 0x0000000089300000, 0x0000000089300000| Untracked 
|  68|0x0000000089400000, 0x0000000089400000, 0x0000000089500000|  0%| F|  |TAMS 0x0000000089400000, 0x0000000089400000| Untracked 
|  69|0x0000000089500000, 0x0000000089500000, 0x0000000089600000|  0%| F|  |TAMS 0x0000000089500000, 0x0000000089500000| Untracked 
|  70|0x0000000089600000, 0x0000000089600000, 0x0000000089700000|  0%| F|  |TAMS 0x0000000089600000, 0x0000000089600000| Untracked 
|  71|0x0000000089700000, 0x0000000089700000, 0x0000000089800000|  0%| F|  |TAMS 0x0000000089700000, 0x0000000089700000| Untracked 
|  72|0x0000000089800000, 0x0000000089800000, 0x0000000089900000|  0%| F|  |TAMS 0x0000000089800000, 0x0000000089800000| Untracked 
|  73|0x0000000089900000, 0x0000000089900000, 0x0000000089a00000|  0%| F|  |TAMS 0x0000000089900000, 0x0000000089900000| Untracked 
|  74|0x0000000089a00000, 0x0000000089a00000, 0x0000000089b00000|  0%| F|  |TAMS 0x0000000089a00000, 0x0000000089a00000| Untracked 
|  75|0x0000000089b00000, 0x0000000089b00000, 0x0000000089c00000|  0%| F|  |TAMS 0x0000000089b00000, 0x0000000089b00000| Untracked 
|  76|0x0000000089c00000, 0x0000000089c00000, 0x0000000089d00000|  0%| F|  |TAMS 0x0000000089c00000, 0x0000000089c00000| Untracked 
|  77|0x0000000089d00000, 0x0000000089d00000, 0x0000000089e00000|  0%| F|  |TAMS 0x0000000089d00000, 0x0000000089d00000| Untracked 
|  78|0x0000000089e00000, 0x0000000089e00000, 0x0000000089f00000|  0%| F|  |TAMS 0x0000000089e00000, 0x0000000089e00000| Untracked 
|  79|0x0000000089f00000, 0x0000000089f00000, 0x000000008a000000|  0%| F|  |TAMS 0x0000000089f00000, 0x0000000089f00000| Untracked 
|  80|0x000000008a000000, 0x000000008a000000, 0x000000008a100000|  0%| F|  |TAMS 0x000000008a000000, 0x000000008a000000| Untracked 
|  81|0x000000008a100000, 0x000000008a100000, 0x000000008a200000|  0%| F|  |TAMS 0x000000008a100000, 0x000000008a100000| Untracked 
|  82|0x000000008a200000, 0x000000008a200000, 0x000000008a300000|  0%| F|  |TAMS 0x000000008a200000, 0x000000008a200000| Untracked 
|  83|0x000000008a300000, 0x000000008a300000, 0x000000008a400000|  0%| F|  |TAMS 0x000000008a300000, 0x000000008a300000| Untracked 
|  84|0x000000008a400000, 0x000000008a400000, 0x000000008a500000|  0%| F|  |TAMS 0x000000008a400000, 0x000000008a400000| Untracked 
|  85|0x000000008a500000, 0x000000008a500000, 0x000000008a600000|  0%| F|  |TAMS 0x000000008a500000, 0x000000008a500000| Untracked 
|  86|0x000000008a600000, 0x000000008a600000, 0x000000008a700000|  0%| F|  |TAMS 0x000000008a600000, 0x000000008a600000| Untracked 
|  87|0x000000008a700000, 0x000000008a700000, 0x000000008a800000|  0%| F|  |TAMS 0x000000008a700000, 0x000000008a700000| Untracked 
|  88|0x000000008a800000, 0x000000008a800000, 0x000000008a900000|  0%| F|  |TAMS 0x000000008a800000, 0x000000008a800000| Untracked 
|  89|0x000000008a900000, 0x000000008a900000, 0x000000008aa00000|  0%| F|  |TAMS 0x000000008a900000, 0x000000008a900000| Untracked 
|  90|0x000000008aa00000, 0x000000008aa00000, 0x000000008ab00000|  0%| F|  |TAMS 0x000000008aa00000, 0x000000008aa00000| Untracked 
|  91|0x000000008ab00000, 0x000000008ab00000, 0x000000008ac00000|  0%| F|  |TAMS 0x000000008ab00000, 0x000000008ab00000| Untracked 
|  92|0x000000008ac00000, 0x000000008ac00000, 0x000000008ad00000|  0%| F|  |TAMS 0x000000008ac00000, 0x000000008ac00000| Untracked 
|  93|0x000000008ad00000, 0x000000008ad00000, 0x000000008ae00000|  0%| F|  |TAMS 0x000000008ad00000, 0x000000008ad00000| Untracked 
|  94|0x000000008ae00000, 0x000000008ae00000, 0x000000008af00000|  0%| F|  |TAMS 0x000000008ae00000, 0x000000008ae00000| Untracked 
|  95|0x000000008af00000, 0x000000008af00000, 0x000000008b000000|  0%| F|  |TAMS 0x000000008af00000, 0x000000008af00000| Untracked 
|  96|0x000000008b000000, 0x000000008b000000, 0x000000008b100000|  0%| F|  |TAMS 0x000000008b000000, 0x000000008b000000| Untracked 
|  97|0x000000008b100000, 0x000000008b100000, 0x000000008b200000|  0%| F|  |TAMS 0x000000008b100000, 0x000000008b100000| Untracked 
|  98|0x000000008b200000, 0x000000008b200000, 0x000000008b300000|  0%| F|  |TAMS 0x000000008b200000, 0x000000008b200000| Untracked 
|  99|0x000000008b300000, 0x000000008b300000, 0x000000008b400000|  0%| F|  |TAMS 0x000000008b300000, 0x000000008b300000| Untracked 
| 100|0x000000008b400000, 0x000000008b400000, 0x000000008b500000|  0%| F|  |TAMS 0x000000008b400000, 0x000000008b400000| Untracked 
| 101|0x000000008b500000, 0x000000008b500000, 0x000000008b600000|  0%| F|  |TAMS 0x000000008b500000, 0x000000008b500000| Untracked 
| 102|0x000000008b600000, 0x000000008b600000, 0x000000008b700000|  0%| F|  |TAMS 0x000000008b600000, 0x000000008b600000| Untracked 
| 103|0x000000008b700000, 0x000000008b700000, 0x000000008b800000|  0%| F|  |TAMS 0x000000008b700000, 0x000000008b700000| Untracked 
| 104|0x000000008b800000, 0x000000008b800000, 0x000000008b900000|  0%| F|  |TAMS 0x000000008b800000, 0x000000008b800000| Untracked 
| 105|0x000000008b900000, 0x000000008b900000, 0x000000008ba00000|  0%| F|  |TAMS 0x000000008b900000, 0x000000008b900000| Untracked 
| 106|0x000000008ba00000, 0x000000008ba00000, 0x000000008bb00000|  0%| F|  |TAMS 0x000000008ba00000, 0x000000008ba00000| Untracked 
| 107|0x000000008bb00000, 0x000000008bb00000, 0x000000008bc00000|  0%| F|  |TAMS 0x000000008bb00000, 0x000000008bb00000| Untracked 
| 108|0x000000008bc00000, 0x000000008bc00000, 0x000000008bd00000|  0%| F|  |TAMS 0x000000008bc00000, 0x000000008bc00000| Untracked 
| 109|0x000000008bd00000, 0x000000008bd00000, 0x000000008be00000|  0%| F|  |TAMS 0x000000008bd00000, 0x000000008bd00000| Untracked 
| 110|0x000000008be00000, 0x000000008bf00000, 0x000000008bf00000|100%| E|CS|TAMS 0x000000008be00000, 0x000000008be00000| Complete 
| 111|0x000000008bf00000, 0x000000008c000000, 0x000000008c000000|100%| E|CS|TAMS 0x000000008bf00000, 0x000000008bf00000| Complete 
| 112|0x000000008c000000, 0x000000008c100000, 0x000000008c100000|100%| E|CS|TAMS 0x000000008c000000, 0x000000008c000000| Complete 
| 113|0x000000008c100000, 0x000000008c200000, 0x000000008c200000|100%| E|CS|TAMS 0x000000008c100000, 0x000000008c100000| Complete 
| 114|0x000000008c200000, 0x000000008c300000, 0x000000008c300000|100%| E|CS|TAMS 0x000000008c200000, 0x000000008c200000| Complete 
| 115|0x000000008c300000, 0x000000008c400000, 0x000000008c400000|100%| E|CS|TAMS 0x000000008c300000, 0x000000008c300000| Complete 
| 116|0x000000008c400000, 0x000000008c500000, 0x000000008c500000|100%| E|CS|TAMS 0x000000008c400000, 0x000000008c400000| Complete 
| 117|0x000000008c500000, 0x000000008c600000, 0x000000008c600000|100%| E|CS|TAMS 0x000000008c500000, 0x000000008c500000| Complete 
| 118|0x000000008c600000, 0x000000008c700000, 0x000000008c700000|100%| E|CS|TAMS 0x000000008c600000, 0x000000008c600000| Complete 
| 119|0x000000008c700000, 0x000000008c800000, 0x000000008c800000|100%| E|CS|TAMS 0x000000008c700000, 0x000000008c700000| Complete 
| 120|0x000000008c800000, 0x000000008c900000, 0x000000008c900000|100%| E|CS|TAMS 0x000000008c800000, 0x000000008c800000| Complete 
| 121|0x000000008c900000, 0x000000008ca00000, 0x000000008ca00000|100%| E|CS|TAMS 0x000000008c900000, 0x000000008c900000| Complete 
| 122|0x000000008ca00000, 0x000000008cb00000, 0x000000008cb00000|100%| E|CS|TAMS 0x000000008ca00000, 0x000000008ca00000| Complete 
| 123|0x000000008cb00000, 0x000000008cc00000, 0x000000008cc00000|100%| E|CS|TAMS 0x000000008cb00000, 0x000000008cb00000| Complete 
|1966|0x00000000ffe00000, 0x00000000ffe34000, 0x00000000fff00000| 20%|OA|  |TAMS 0x00000000ffe00000, 0x00000000ffe00000| Untracked 
|1967|0x00000000fff00000, 0x00000000fff6a000, 0x0000000100000000| 41%|CA|  |TAMS 0x00000000fff00000, 0x00000000fff00000| Untracked 

Card table byte_map: [0x00007fb8ca474000,0x00007fb8ca84c000] _byte_map_base: 0x00007fb8ca04c000

Marking Bits (Prev, Next): (CMBitMap*) 0x00007fb8c404f5d8, (CMBitMap*) 0x00007fb8c404f610
 Prev Bits: [0x00007fb8c81dc000, 0x00007fb8ca09c000)
 Next Bits: [0x00007fb8a6140000, 0x00007fb8a8000000)

Polling page: 0x00007fb8cb33d000

Metaspace:

Usage:
  Non-class:      4.71 MB capacity,     4.55 MB ( 97%) used,   137.84 KB (  3%) free+waste,    28.50 KB ( <1%) overhead. 
      Class:    769.00 KB capacity,   585.38 KB ( 76%) used,   165.49 KB ( 22%) free+waste,    18.12 KB (  2%) overhead. 
       Both:      5.46 MB capacity,     5.12 MB ( 94%) used,   303.34 KB (  5%) free+waste,    46.62 KB ( <1%) overhead. 

Virtual space:
  Non-class space:        8.00 MB reserved,       4.75 MB ( 59%) committed 
      Class space:        1.00 GB reserved,     896.00 KB ( <1%) committed 
             Both:        1.01 GB reserved,       5.62 MB ( <1%) committed 

Chunk freelists:
   Non-Class:  37.00 KB
       Class:  31.00 KB
        Both:  68.00 KB

CodeHeap 'non-profiled nmethods': size=120032Kb used=246Kb max_used=246Kb free=119785Kb
 bounds [0x00007fb8b441e000, 0x00007fb8b468e000, 0x00007fb8bb956000]
CodeHeap 'profiled nmethods': size=120032Kb used=1159Kb max_used=1159Kb free=118873Kb
 bounds [0x00007fb8acee6000, 0x00007fb8ad156000, 0x00007fb8b441e000]
CodeHeap 'non-nmethods': size=5696Kb used=1183Kb max_used=1209Kb free=4512Kb
 bounds [0x00007fb8ac956000, 0x00007fb8acbc6000, 0x00007fb8acee6000]
 total_blobs=1319 nmethods=660 adapters=455
 compilation: enabled
              stopped_count=0, restarted_count=0
 full_count=0

Compilation events (10 events):
Event: 1.356 Thread 0x00007fb8c411a800 nmethod 655 0x00007fb8b4458d10 code [0x00007fb8b4458ec0, 0x00007fb8b4458ff0]
Event: 1.357 Thread 0x00007fb8c411a800  656       3       java.lang.String::lastIndexOf (29 bytes)
Event: 1.357 Thread 0x00007fb8c411a800 nmethod 656 0x00007fb8ad006a10 code [0x00007fb8ad006be0, 0x00007fb8ad006ed8]
Event: 1.358 Thread 0x00007fb874300800 nmethod 614 0x00007fb8b4459090 code [0x00007fb8b4459240, 0x00007fb8b445ad98]
Event: 1.358 Thread 0x00007fb8c411a800  657       3       java.lang.String::startsWith (7 bytes)
Event: 1.358 Thread 0x00007fb8c411a800 nmethod 657 0x00007fb8ad007010 code [0x00007fb8ad0071c0, 0x00007fb8ad007368]
Event: 1.358 Thread 0x00007fb8c411a800  658       3       java.lang.String::lastIndexOf (12 bytes)
Event: 1.358 Thread 0x00007fb8c411a800 nmethod 658 0x00007fb8ad007410 code [0x00007fb8ad007600, 0x00007fb8ad007a58]
Event: 1.359 Thread 0x00007fb8c411a800  659       1       java.net.URL::getProtocol (5 bytes)
Event: 1.359 Thread 0x00007fb8c411a800 nmethod 659 0x00007fb8b445b210 code [0x00007fb8b445b3c0, 0x00007fb8b445b4f0]

GC Heap History (0 events):
No events

Deoptimization events (10 events):
Event: 1.352 Thread 0x00007fb8c43bd800 DEOPT PACKING pc=0x00007fb8acfd4154 sp=0x00007fb862c7b660
Event: 1.352 Thread 0x00007fb8c43bd800 DEOPT UNPACKING pc=0x00007fb8ac97e83a sp=0x00007fb862c7aaf0 mode 0
Event: 1.352 Thread 0x00007fb8c43bd800 DEOPT PACKING pc=0x00007fb8acfd4154 sp=0x00007fb862c7b660
Event: 1.352 Thread 0x00007fb8c43bd800 DEOPT UNPACKING pc=0x00007fb8ac97e83a sp=0x00007fb862c7aaf0 mode 0
Event: 1.353 Thread 0x00007fb8c43bd800 DEOPT PACKING pc=0x00007fb8acfd4154 sp=0x00007fb862c7b660
Event: 1.353 Thread 0x00007fb8c43bd800 DEOPT UNPACKING pc=0x00007fb8ac97e83a sp=0x00007fb862c7aaf0 mode 0
Event: 1.353 Thread 0x00007fb8c43bd800 Uncommon trap: trap_request=0xffffff4d fr.pc=0x00007fb8b4456a50 relative=0x0000000000000ff0
Event: 1.353 Thread 0x00007fb8c43bd800 Uncommon trap: reason=unstable_if action=reinterpret pc=0x00007fb8b4456a50 method=sun.awt.image.PNGImageDecoder.produceImage()V @ 867 c2
Event: 1.353 Thread 0x00007fb8c43bd800 DEOPT PACKING pc=0x00007fb8b4456a50 sp=0x00007fb862c7b6e0
Event: 1.353 Thread 0x00007fb8c43bd800 DEOPT UNPACKING pc=0x00007fb8ac97ea25 sp=0x00007fb862c7b650 mode 2

Classes redefined (0 events):
No events

Internal exceptions (10 events):
Event: 0.307 Thread 0x00007fb8c4011800 Exception <a 'java/lang/NoSuchMethodError'{0x000000008c879298}: 'java.lang.Object java.lang.invoke.DirectMethodHandle$Holder.invokeStatic(java.lang.Object, int, java.lang.Object, java.lang.Object, java.lang.Object)'> (0x000000008c879298) thrown at [/build
Event: 0.307 Thread 0x00007fb8c4011800 Exception <a 'java/lang/NoSuchMethodError'{0x000000008c87cde0}: 'java.lang.Object java.lang.invoke.DirectMethodHandle$Holder.invokeSpecial(java.lang.Object, java.lang.Object, int, java.lang.Object, java.lang.Object, java.lang.Object)'> (0x000000008c87cde0
Event: 0.313 Thread 0x00007fb8c4011800 Exception <a 'java/lang/NoSuchMethodError'{0x000000008c894900}: 'java.lang.Object java.lang.invoke.DirectMethodHandle$Holder.invokeStatic(java.lang.Object, int, java.lang.Object)'> (0x000000008c894900) thrown at [/build/openjdk-lts-ZT5jEu/openjdk-lts-11.0
Event: 1.115 Thread 0x00007fb8c4011800 Exception <a 'java/lang/NoSuchMethodError'{0x000000008c72db58}: 'java.lang.Object java.lang.invoke.DirectMethodHandle$Holder.invokeStatic(java.lang.Object, java.lang.Object, java.lang.Object, java.lang.Object, java.lang.Object, java.lang.Object, java.lang
Event: 1.117 Thread 0x00007fb8c4011800 Exception <a 'java/lang/NoSuchMethodError'{0x000000008c747ab8}: 'java.lang.Object java.lang.invoke.DirectMethodHandle$Holder.invokeStatic(java.lang.Object, java.lang.Object, java.lang.Object, java.lang.Object, java.lang.Object, java.lang.Object, java.lang
Event: 1.122 Thread 0x00007fb8c4011800 Exception <a 'java/lang/NoSuchMethodError'{0x000000008c753e80}: 'void java.lang.invoke.DirectMethodHandle$Holder.invokeSpecial(java.lang.Object, java.lang.Object)'> (0x000000008c753e80) thrown at [/build/openjdk-lts-ZT5jEu/openjdk-lts-11.0.4+11/src/hotspo
Event: 1.192 Thread 0x00007fb8c4011800 Exception <a 'java/lang/NoSuchMethodError'{0x000000008c6a2260}: 'java.lang.Object java.lang.invoke.Invokers$Holder.linkToTargetMethod(java.lang.Object, int, java.lang.Object)'> (0x000000008c6a2260) thrown at [/build/openjdk-lts-ZT5jEu/openjdk-lts-11.0.4+1
Event: 1.212 Thread 0x00007fb8c4011800 Exception <a 'java/lang/ClassNotFoundException'{0x000000008c6e4be8}: com/sun/swing/internal/plaf/metal/resources/spi/metalProvider> (0x000000008c6e4be8) thrown at [/build/openjdk-lts-ZT5jEu/openjdk-lts-11.0.4+11/src/hotspot/share/classfile/systemDictionar
Event: 1.214 Thread 0x00007fb8c4011800 Exception <a 'java/lang/ClassNotFoundException'{0x000000008c6e8af0}: com/sun/swing/internal/plaf/basic/resources/spi/basicProvider> (0x000000008c6e8af0) thrown at [/build/openjdk-lts-ZT5jEu/openjdk-lts-11.0.4+11/src/hotspot/share/classfile/systemDictionar
Event: 1.359 Thread 0x00007fb8c43c5800 Exception <a 'java/lang/NoSuchMethodError'{0x000000008bed9ee0}: getRobot> (0x000000008bed9ee0) thrown at [/build/openjdk-lts-ZT5jEu/openjdk-lts-11.0.4+11/src/hotspot/share/prims/jni.cpp, line 1364]

Events (10 events):
Event: 1.357 loading class AI_Robot done
Event: 1.358 loading class AIGroup
Event: 1.358 loading class AIGroup done
Event: 1.359 loading class CRobot$1
Event: 1.359 loading class CRobot$1 done
Event: 1.359 Thread 0x00007fb8c43c5800 Thread added: 0x00007fb8c43c5800
Event: 1.359 loading class AI_Robot$1
Event: 1.359 loading class AI_Robot$1 done
Event: 1.359 Executing VM operation: RevokeBias
Event: 1.360 Executing VM operation: RevokeBias done


Dynamic libraries:
85000000-8cc00000 rw-p 00000000 00:00 0 
8cc00000-ffe00000 ---p 00000000 00:00 0 
ffe00000-ffe34000 rw-p 01116000 08:02 23990720                           /usr/lib/jvm/java-11-openjdk-amd64/lib/server/classes.jsa
ffe34000-fff00000 rw-p 00000000 00:00 0 
fff00000-fff6a000 rw-p 010ac000 08:02 23990720                           /usr/lib/jvm/java-11-openjdk-amd64/lib/server/classes.jsa
fff6a000-100000000 rw-p 00000000 00:00 0 
800000000-800002000 rwxp 00001000 08:02 23990720                         /usr/lib/jvm/java-11-openjdk-amd64/lib/server/classes.jsa
800002000-8003bd000 rw-p 00003000 08:02 23990720                         /usr/lib/jvm/java-11-openjdk-amd64/lib/server/classes.jsa
8003bd000-800a98000 r--p 003be000 08:02 23990720                         /usr/lib/jvm/java-11-openjdk-amd64/lib/server/classes.jsa
800a98000-800a99000 rw-p 00a99000 08:02 23990720                         /usr/lib/jvm/java-11-openjdk-amd64/lib/server/classes.jsa
800a99000-8010ab000 r--p 00a9a000 08:02 23990720                         /usr/lib/jvm/java-11-openjdk-amd64/lib/server/classes.jsa
840000000-8400e0000 rw-p 00000000 00:00 0 
8400e0000-880000000 ---p 00000000 00:00 0 
55cb12232000-55cb12233000 r--p 00000000 08:02 23597129                   /usr/lib/jvm/java-11-openjdk-amd64/bin/java
55cb12233000-55cb12234000 r-xp 00001000 08:02 23597129                   /usr/lib/jvm/java-11-openjdk-amd64/bin/java
55cb12234000-55cb12235000 r--p 00002000 08:02 23597129                   /usr/lib/jvm/java-11-openjdk-amd64/bin/java
55cb12235000-55cb12236000 r--p 00002000 08:02 23597129                   /usr/lib/jvm/java-11-openjdk-amd64/bin/java
55cb12236000-55cb12237000 rw-p 00003000 08:02 23597129                   /usr/lib/jvm/java-11-openjdk-amd64/bin/java
55cb12e28000-55cb12e49000 rw-p 00000000 00:00 0                          [heap]
7fb83c000000-7fb83c021000 rw-p 00000000 00:00 0 
7fb83c021000-7fb840000000 ---p 00000000 00:00 0 
7fb840000000-7fb840021000 rw-p 00000000 00:00 0 
7fb840021000-7fb844000000 ---p 00000000 00:00 0 
7fb844000000-7fb84402f000 rw-p 00000000 00:00 0 
7fb84402f000-7fb848000000 ---p 00000000 00:00 0 
7fb848000000-7fb848021000 rw-p 00000000 00:00 0 
7fb848021000-7fb84c000000 ---p 00000000 00:00 0 
7fb84c000000-7fb84c021000 rw-p 00000000 00:00 0 
7fb84c021000-7fb850000000 ---p 00000000 00:00 0 
7fb850000000-7fb85038d000 rw-p 00000000 00:00 0 
7fb85038d000-7fb854000000 ---p 00000000 00:00 0 
7fb854000000-7fb854021000 rw-p 00000000 00:00 0 
7fb854021000-7fb858000000 ---p 00000000 00:00 0 
7fb858000000-7fb858021000 rw-p 00000000 00:00 0 
7fb858021000-7fb85c000000 ---p 00000000 00:00 0 
7fb85c000000-7fb85c021000 rw-p 00000000 00:00 0 
7fb85c021000-7fb860000000 ---p 00000000 00:00 0 
7fb862879000-7fb86287d000 ---p 00000000 00:00 0 
7fb86287d000-7fb86297a000 rw-p 00000000 00:00 0 
7fb86297a000-7fb86297e000 ---p 00000000 00:00 0 
7fb86297e000-7fb862a7b000 rw-p 00000000 00:00 0 
7fb862a7b000-7fb862a7f000 ---p 00000000 00:00 0 
7fb862a7f000-7fb862b7c000 rw-p 00000000 00:00 0 
7fb862b7c000-7fb862b80000 ---p 00000000 00:00 0 
7fb862b80000-7fb862c7d000 rw-p 00000000 00:00 0 
7fb862c7d000-7fb862c81000 ---p 00000000 00:00 0 
7fb862c81000-7fb862d7e000 rw-p 00000000 00:00 0 
7fb862d7e000-7fb862d82000 ---p 00000000 00:00 0 
7fb862d82000-7fb862e7f000 rw-p 00000000 00:00 0 
7fb862efd000-7fb862f01000 ---p 00000000 00:00 0 
7fb862f01000-7fb862ffe000 rw-p 00000000 00:00 0 
7fb862ffe000-7fb862fff000 ---p 00000000 00:00 0 
7fb862fff000-7fb8637ff000 rw-p 00000000 00:00 0 
7fb8637ff000-7fb863800000 ---p 00000000 00:00 0 
7fb863800000-7fb864000000 rw-p 00000000 00:00 0 
7fb864000000-7fb864021000 rw-p 00000000 00:00 0 
7fb864021000-7fb868000000 ---p 00000000 00:00 0 
7fb868000000-7fb868021000 rw-p 00000000 00:00 0 
7fb868021000-7fb86c000000 ---p 00000000 00:00 0 
7fb86c000000-7fb86c021000 rw-p 00000000 00:00 0 
7fb86c021000-7fb870000000 ---p 00000000 00:00 0 
7fb870000000-7fb870021000 rw-p 00000000 00:00 0 
7fb870021000-7fb874000000 ---p 00000000 00:00 0 
7fb874000000-7fb87439c000 rw-p 00000000 00:00 0 
7fb87439c000-7fb878000000 ---p 00000000 00:00 0 
7fb878000000-7fb878021000 rw-p 00000000 00:00 0 
7fb878021000-7fb87c000000 ---p 00000000 00:00 0 
7fb87c000000-7fb87c021000 rw-p 00000000 00:00 0 
7fb87c021000-7fb880000000 ---p 00000000 00:00 0 
7fb880000000-7fb880597000 rw-p 00000000 00:00 0 
7fb880597000-7fb884000000 ---p 00000000 00:00 0 
7fb884000000-7fb884021000 rw-p 00000000 00:00 0 
7fb884021000-7fb888000000 ---p 00000000 00:00 0 
7fb888000000-7fb888021000 rw-p 00000000 00:00 0 
7fb888021000-7fb88c000000 ---p 00000000 00:00 0 
7fb88c000000-7fb88c021000 rw-p 00000000 00:00 0 
7fb88c021000-7fb890000000 ---p 00000000 00:00 0 
7fb890000000-7fb890021000 rw-p 00000000 00:00 0 
7fb890021000-7fb894000000 ---p 00000000 00:00 0 
7fb894046000-7fb89404b000 r-xp 00000000 08:02 23600531                   /usr/lib/x86_64-linux-gnu/libXfixes.so.3.1.0
7fb89404b000-7fb89424a000 ---p 00005000 08:02 23600531                   /usr/lib/x86_64-linux-gnu/libXfixes.so.3.1.0
7fb89424a000-7fb89424b000 r--p 00004000 08:02 23600531                   /usr/lib/x86_64-linux-gnu/libXfixes.so.3.1.0
7fb89424b000-7fb89424c000 rw-p 00005000 08:02 23600531                   /usr/lib/x86_64-linux-gnu/libXfixes.so.3.1.0
7fb89424c000-7fb89424e000 r--p 00000000 08:02 23600523                   /usr/lib/x86_64-linux-gnu/libXcursor.so.1.0.2
7fb89424e000-7fb894253000 r-xp 00002000 08:02 23600523                   /usr/lib/x86_64-linux-gnu/libXcursor.so.1.0.2
7fb894253000-7fb894255000 r--p 00007000 08:02 23600523                   /usr/lib/x86_64-linux-gnu/libXcursor.so.1.0.2
7fb894255000-7fb894256000 r--p 00008000 08:02 23600523                   /usr/lib/x86_64-linux-gnu/libXcursor.so.1.0.2
7fb894256000-7fb894257000 rw-p 00009000 08:02 23600523                   /usr/lib/x86_64-linux-gnu/libXcursor.so.1.0.2
7fb894264000-7fb894265000 r--p 00000000 08:02 27001589                   /home/kramer/Downloads/RobotArena-master/RobotAreana/AIBasic/build/libs/mynativelibrary/shared/libmynativelibrary.so
7fb894265000-7fb894266000 r-xp 00001000 08:02 27001589                   /home/kramer/Downloads/RobotArena-master/RobotAreana/AIBasic/build/libs/mynativelibrary/shared/libmynativelibrary.so
7fb894266000-7fb894267000 r--p 00002000 08:02 27001589                   /home/kramer/Downloads/RobotArena-master/RobotAreana/AIBasic/build/libs/mynativelibrary/shared/libmynativelibrary.so
7fb894267000-7fb894268000 r--p 00002000 08:02 27001589                   /home/kramer/Downloads/RobotArena-master/RobotAreana/AIBasic/build/libs/mynativelibrary/shared/libmynativelibrary.so
7fb894268000-7fb894269000 rw-p 00003000 08:02 27001589                   /home/kramer/Downloads/RobotArena-master/RobotAreana/AIBasic/build/libs/mynativelibrary/shared/libmynativelibrary.so
7fb894269000-7fb89426a000 ---p 00000000 00:00 0 
7fb89426a000-7fb894a6a000 rw-p 00000000 00:00 0 
7fb894a6a000-7fb894a90000 r--p 00000000 08:02 25043479                   /usr/share/glib-2.0/schemas/gschemas.compiled
7fb894a90000-7fb894a92000 r--p 00000000 08:02 23601822                   /usr/lib/x86_64-linux-gnu/libuuid.so.1.3.0
7fb894a92000-7fb894a96000 r-xp 00002000 08:02 23601822                   /usr/lib/x86_64-linux-gnu/libuuid.so.1.3.0
7fb894a96000-7fb894a97000 r--p 00006000 08:02 23601822                   /usr/lib/x86_64-linux-gnu/libuuid.so.1.3.0
7fb894a97000-7fb894a98000 r--p 00006000 08:02 23601822                   /usr/lib/x86_64-linux-gnu/libuuid.so.1.3.0
7fb894a98000-7fb894a99000 rw-p 00007000 08:02 23601822                   /usr/lib/x86_64-linux-gnu/libuuid.so.1.3.0
7fb894a99000-7fb894aa3000 r--p 00000000 08:02 23600663                   /usr/lib/x86_64-linux-gnu/libblkid.so.1.1.0
7fb894aa3000-7fb894ad7000 r-xp 0000a000 08:02 23600663                   /usr/lib/x86_64-linux-gnu/libblkid.so.1.1.0
7fb894ad7000-7fb894ae7000 r--p 0003e000 08:02 23600663                   /usr/lib/x86_64-linux-gnu/libblkid.so.1.1.0
7fb894ae7000-7fb894ae8000 ---p 0004e000 08:02 23600663                   /usr/lib/x86_64-linux-gnu/libblkid.so.1.1.0
7fb894ae8000-7fb894aed000 r--p 0004e000 08:02 23600663                   /usr/lib/x86_64-linux-gnu/libblkid.so.1.1.0
7fb894aed000-7fb894aee000 rw-p 00053000 08:02 23600663                   /usr/lib/x86_64-linux-gnu/libblkid.so.1.1.0
7fb894aee000-7fb894af0000 r--p 00000000 08:02 23600923                   /usr/lib/x86_64-linux-gnu/libffi.so.6.0.4
7fb894af0000-7fb894af5000 r-xp 00002000 08:02 23600923                   /usr/lib/x86_64-linux-gnu/libffi.so.6.0.4
7fb894af5000-7fb894af6000 r--p 00007000 08:02 23600923                   /usr/lib/x86_64-linux-gnu/libffi.so.6.0.4
7fb894af6000-7fb894af7000 r--p 00007000 08:02 23600923                   /usr/lib/x86_64-linux-gnu/libffi.so.6.0.4
7fb894af7000-7fb894af8000 rw-p 00008000 08:02 23600923                   /usr/lib/x86_64-linux-gnu/libffi.so.6.0.4
7fb894af8000-7fb894afa000 r--p 00000000 08:02 23601506                   /usr/lib/x86_64-linux-gnu/libpcre.so.3.13.3
7fb894afa000-7fb894b4c000 r-xp 00002000 08:02 23601506                   /usr/lib/x86_64-linux-gnu/libpcre.so.3.13.3
7fb894b4c000-7fb894b6a000 r--p 00054000 08:02 23601506                   /usr/lib/x86_64-linux-gnu/libpcre.so.3.13.3
7fb894b6a000-7fb894b6b000 r--p 00071000 08:02 23601506                   /usr/lib/x86_64-linux-gnu/libpcre.so.3.13.3
7fb894b6b000-7fb894b6c000 rw-p 00072000 08:02 23601506                   /usr/lib/x86_64-linux-gnu/libpcre.so.3.13.3
7fb894b6c000-7fb894b72000 r--p 00000000 08:02 23601661                   /usr/lib/x86_64-linux-gnu/libselinux.so.1
7fb894b72000-7fb894b8a000 r-xp 00006000 08:02 23601661                   /usr/lib/x86_64-linux-gnu/libselinux.so.1
7fb894b8a000-7fb894b91000 r--p 0001e000 08:02 23601661                   /usr/lib/x86_64-linux-gnu/libselinux.so.1
7fb894b91000-7fb894b92000 ---p 00025000 08:02 23601661                   /usr/lib/x86_64-linux-gnu/libselinux.so.1
7fb894b92000-7fb894b93000 r--p 00025000 08:02 23601661                   /usr/lib/x86_64-linux-gnu/libselinux.so.1
7fb894b93000-7fb894b94000 rw-p 00026000 08:02 23601661                   /usr/lib/x86_64-linux-gnu/libselinux.so.1
7fb894b94000-7fb894b96000 rw-p 00000000 00:00 0 
7fb894b96000-7fb894ba1000 r--p 00000000 08:02 23601326                   /usr/lib/x86_64-linux-gnu/libmount.so.1.1.0
7fb894ba1000-7fb894bdc000 r-xp 0000b000 08:02 23601326                   /usr/lib/x86_64-linux-gnu/libmount.so.1.1.0
7fb894bdc000-7fb894bee000 r--p 00046000 08:02 23601326                   /usr/lib/x86_64-linux-gnu/libmount.so.1.1.0
7fb894bee000-7fb894bf1000 r--p 00057000 08:02 23601326                   /usr/lib/x86_64-linux-gnu/libmount.so.1.1.0
7fb894bf1000-7fb894bf2000 rw-p 0005a000 08:02 23601326                   /usr/lib/x86_64-linux-gnu/libmount.so.1.1.0
7fb894bf2000-7fb894c00000 r--p 00000000 08:02 23593408                   /usr/lib/x86_64-linux-gnu/libgobject-2.0.so.0.6000.0
7fb894c00000-7fb894c32000 r-xp 0000e000 08:02 23593408                   /usr/lib/x86_64-linux-gnu/libgobject-2.0.so.0.6000.0
7fb894c32000-7fb894c4a000 r--p 00040000 08:02 23593408                   /usr/lib/x86_64-linux-gnu/libgobject-2.0.so.0.6000.0
7fb894c4a000-7fb894c4d000 r--p 00057000 08:02 23593408                   /usr/lib/x86_64-linux-gnu/libgobject-2.0.so.0.6000.0
7fb894c4d000-7fb894c4e000 rw-p 0005a000 08:02 23593408                   /usr/lib/x86_64-linux-gnu/libgobject-2.0.so.0.6000.0
7fb894c4e000-7fb894c69000 r--p 00000000 08:02 23593383                   /usr/lib/x86_64-linux-gnu/libglib-2.0.so.0.6000.0
7fb894c69000-7fb894ce9000 r-xp 0001b000 08:02 23593383                   /usr/lib/x86_64-linux-gnu/libglib-2.0.so.0.6000.0
7fb894ce9000-7fb894d6b000 r--p 0009b000 08:02 23593383                   /usr/lib/x86_64-linux-gnu/libglib-2.0.so.0.6000.0
7fb894d6b000-7fb894d6c000 ---p 0011d000 08:02 23593383                   /usr/lib/x86_64-linux-gnu/libglib-2.0.so.0.6000.0
7fb894d6c000-7fb894d6d000 r--p 0011d000 08:02 23593383                   /usr/lib/x86_64-linux-gnu/libglib-2.0.so.0.6000.0
7fb894d6d000-7fb894d6e000 rw-p 0011e000 08:02 23593383                   /usr/lib/x86_64-linux-gnu/libglib-2.0.so.0.6000.0
7fb894d6e000-7fb894d6f000 rw-p 00000000 00:00 0 
7fb894d6f000-7fb894da6000 r--p 00000000 08:02 23593360                   /usr/lib/x86_64-linux-gnu/libgio-2.0.so.0.6000.0
7fb894da6000-7fb894ea7000 r-xp 00037000 08:02 23593360                   /usr/lib/x86_64-linux-gnu/libgio-2.0.so.0.6000.0
7fb894ea7000-7fb894f2d000 r--p 00138000 08:02 23593360                   /usr/lib/x86_64-linux-gnu/libgio-2.0.so.0.6000.0
7fb894f2d000-7fb894f35000 r--p 001bd000 08:02 23593360                   /usr/lib/x86_64-linux-gnu/libgio-2.0.so.0.6000.0
7fb894f35000-7fb894f36000 rw-p 001c5000 08:02 23593360                   /usr/lib/x86_64-linux-gnu/libgio-2.0.so.0.6000.0
7fb894f36000-7fb894f38000 rw-p 00000000 00:00 0 
7fb894f38000-7fb894f42000 r-xp 00000000 08:02 23600547                   /usr/lib/x86_64-linux-gnu/libXrandr.so.2.2.0
7fb894f42000-7fb895141000 ---p 0000a000 08:02 23600547                   /usr/lib/x86_64-linux-gnu/libXrandr.so.2.2.0
7fb895141000-7fb895142000 r--p 00009000 08:02 23600547                   /usr/lib/x86_64-linux-gnu/libXrandr.so.2.2.0
7fb895142000-7fb895143000 rw-p 0000a000 08:02 23600547                   /usr/lib/x86_64-linux-gnu/libXrandr.so.2.2.0
7fb895143000-7fb895148000 r--p 00000000 08:02 23601542                   /usr/lib/x86_64-linux-gnu/libpng16.so.16.36.0
7fb895148000-7fb89516c000 r-xp 00005000 08:02 23601542                   /usr/lib/x86_64-linux-gnu/libpng16.so.16.36.0
7fb89516c000-7fb895178000 r--p 00029000 08:02 23601542                   /usr/lib/x86_64-linux-gnu/libpng16.so.16.36.0
7fb895178000-7fb895179000 r--p 00034000 08:02 23601542                   /usr/lib/x86_64-linux-gnu/libpng16.so.16.36.0
7fb895179000-7fb89517a000 rw-p 00035000 08:02 23601542                   /usr/lib/x86_64-linux-gnu/libpng16.so.16.36.0
7fb89517a000-7fb895186000 r--p 00000000 08:02 23600949                   /usr/lib/x86_64-linux-gnu/libfreetype.so.6.16.1
7fb895186000-7fb895203000 r-xp 0000c000 08:02 23600949                   /usr/lib/x86_64-linux-gnu/libfreetype.so.6.16.1
7fb895203000-7fb89522c000 r--p 00089000 08:02 23600949                   /usr/lib/x86_64-linux-gnu/libfreetype.so.6.16.1
7fb89522c000-7fb89522d000 ---p 000b2000 08:02 23600949                   /usr/lib/x86_64-linux-gnu/libfreetype.so.6.16.1
7fb89522d000-7fb895234000 r--p 000b2000 08:02 23600949                   /usr/lib/x86_64-linux-gnu/libfreetype.so.6.16.1
7fb895234000-7fb895235000 rw-p 000b9000 08:02 23600949                   /usr/lib/x86_64-linux-gnu/libfreetype.so.6.16.1
7fb895235000-7fb895239000 r--p 00000000 08:02 23990635                   /usr/lib/jvm/java-11-openjdk-amd64/lib/libfontmanager.so
7fb895239000-7fb89532b000 r-xp 00004000 08:02 23990635                   /usr/lib/jvm/java-11-openjdk-amd64/lib/libfontmanager.so
7fb89532b000-7fb89536b000 r--p 000f6000 08:02 23990635                   /usr/lib/jvm/java-11-openjdk-amd64/lib/libfontmanager.so
7fb89536b000-7fb89536c000 r--p 00135000 08:02 23990635                   /usr/lib/jvm/java-11-openjdk-amd64/lib/libfontmanager.so
7fb89536c000-7fb89536d000 rw-p 00136000 08:02 23990635                   /usr/lib/jvm/java-11-openjdk-amd64/lib/libfontmanager.so
7fb89536d000-7fb895370000 rw-p 00000000 00:00 0 
7fb895370000-7fb895375000 r-xp 00000000 08:02 23600527                   /usr/lib/x86_64-linux-gnu/libXdmcp.so.6.0.0
7fb895375000-7fb895574000 ---p 00005000 08:02 23600527                   /usr/lib/x86_64-linux-gnu/libXdmcp.so.6.0.0
7fb895574000-7fb895575000 r--p 00004000 08:02 23600527                   /usr/lib/x86_64-linux-gnu/libXdmcp.so.6.0.0
7fb895575000-7fb895576000 rw-p 00005000 08:02 23600527                   /usr/lib/x86_64-linux-gnu/libXdmcp.so.6.0.0
7fb895576000-7fb895578000 r-xp 00000000 08:02 23600516                   /usr/lib/x86_64-linux-gnu/libXau.so.6.0.0
7fb895578000-7fb895778000 ---p 00002000 08:02 23600516                   /usr/lib/x86_64-linux-gnu/libXau.so.6.0.0
7fb895778000-7fb895779000 r--p 00002000 08:02 23600516                   /usr/lib/x86_64-linux-gnu/libXau.so.6.0.0
7fb895779000-7fb89577a000 rw-p 00003000 08:02 23600516                   /usr/lib/x86_64-linux-gnu/libXau.so.6.0.0
7fb89577a000-7fb895789000 r-xp 00000000 08:02 23600537                   /usr/lib/x86_64-linux-gnu/libXi.so.6.1.0
7fb895789000-7fb895988000 ---p 0000f000 08:02 23600537                   /usr/lib/x86_64-linux-gnu/libXi.so.6.1.0
7fb895988000-7fb895989000 r--p 0000e000 08:02 23600537                   /usr/lib/x86_64-linux-gnu/libXi.so.6.1.0
7fb895989000-7fb89598a000 rw-p 0000f000 08:02 23600537                   /usr/lib/x86_64-linux-gnu/libXi.so.6.1.0
7fb89598a000-7fb89598f000 r-xp 00000000 08:02 23600555                   /usr/lib/x86_64-linux-gnu/libXtst.so.6.1.0
7fb89598f000-7fb895b8e000 ---p 00005000 08:02 23600555                   /usr/lib/x86_64-linux-gnu/libXtst.so.6.1.0
7fb895b8e000-7fb895b8f000 r--p 00004000 08:02 23600555                   /usr/lib/x86_64-linux-gnu/libXtst.so.6.1.0
7fb895b8f000-7fb895b90000 rw-p 00005000 08:02 23600555                   /usr/lib/x86_64-linux-gnu/libXtst.so.6.1.0
7fb895b90000-7fb895b99000 r-xp 00000000 08:02 23600549                   /usr/lib/x86_64-linux-gnu/libXrender.so.1.3.0
7fb895b99000-7fb895d98000 ---p 00009000 08:02 23600549                   /usr/lib/x86_64-linux-gnu/libXrender.so.1.3.0
7fb895d98000-7fb895d99000 r--p 00008000 08:02 23600549                   /usr/lib/x86_64-linux-gnu/libXrender.so.1.3.0
7fb895d99000-7fb895d9a000 rw-p 00009000 08:02 23600549                   /usr/lib/x86_64-linux-gnu/libXrender.so.1.3.0
7fb895d9a000-7fb895db2000 r--p 00000000 08:02 23600512                   /usr/lib/x86_64-linux-gnu/libX11.so.6.3.0
7fb895db2000-7fb895e3a000 r-xp 00018000 08:02 23600512                   /usr/lib/x86_64-linux-gnu/libX11.so.6.3.0
7fb895e3a000-7fb895ece000 r--p 000a0000 08:02 23600512                   /usr/lib/x86_64-linux-gnu/libX11.so.6.3.0
7fb895ece000-7fb895ecf000 ---p 00134000 08:02 23600512                   /usr/lib/x86_64-linux-gnu/libX11.so.6.3.0
7fb895ecf000-7fb895ed0000 r--p 00134000 08:02 23600512                   /usr/lib/x86_64-linux-gnu/libX11.so.6.3.0
7fb895ed0000-7fb895ed4000 rw-p 00135000 08:02 23600512                   /usr/lib/x86_64-linux-gnu/libX11.so.6.3.0
7fb895ed4000-7fb895ee5000 r-xp 00000000 08:02 23600529                   /usr/lib/x86_64-linux-gnu/libXext.so.6.4.0
7fb895ee5000-7fb8960e4000 ---p 00011000 08:02 23600529                   /usr/lib/x86_64-linux-gnu/libXext.so.6.4.0
7fb8960e4000-7fb8960e5000 r--p 00010000 08:02 23600529                   /usr/lib/x86_64-linux-gnu/libXext.so.6.4.0
7fb8960e5000-7fb8960e6000 rw-p 00011000 08:02 23600529                   /usr/lib/x86_64-linux-gnu/libXext.so.6.4.0
7fb8960e6000-7fb8960f6000 r--p 00000000 08:02 23990632                   /usr/lib/jvm/java-11-openjdk-amd64/lib/libawt_xawt.so
7fb8960f6000-7fb896133000 r-xp 00010000 08:02 23990632                   /usr/lib/jvm/java-11-openjdk-amd64/lib/libawt_xawt.so
7fb896133000-7fb896145000 r--p 0004d000 08:02 23990632                   /usr/lib/jvm/java-11-openjdk-amd64/lib/libawt_xawt.so
7fb896145000-7fb896146000 r--p 0005e000 08:02 23990632                   /usr/lib/jvm/java-11-openjdk-amd64/lib/libawt_xawt.so
7fb896146000-7fb896149000 rw-p 0005f000 08:02 23990632                   /usr/lib/jvm/java-11-openjdk-amd64/lib/libawt_xawt.so
7fb896149000-7fb89614b000 rw-p 00000000 00:00 0 
7fb89614b000-7fb896177000 r--p 00000000 08:02 23990630                   /usr/lib/jvm/java-11-openjdk-amd64/lib/libawt.so
7fb896177000-7fb8961de000 r-xp 0002c000 08:02 23990630                   /usr/lib/jvm/java-11-openjdk-amd64/lib/libawt.so
7fb8961de000-7fb8961eb000 r--p 00093000 08:02 23990630                   /usr/lib/jvm/java-11-openjdk-amd64/lib/libawt.so
7fb8961eb000-7fb8961ec000 r--p 0009f000 08:02 23990630                   /usr/lib/jvm/java-11-openjdk-amd64/lib/libawt.so
7fb8961ec000-7fb8961f7000 rw-p 000a0000 08:02 23990630                   /usr/lib/jvm/java-11-openjdk-amd64/lib/libawt.so
7fb8961f7000-7fb89621c000 rw-p 00000000 00:00 0 
7fb89621c000-7fb896220000 ---p 00000000 00:00 0 
7fb896220000-7fb89631d000 rw-p 00000000 00:00 0 
7fb89631d000-7fb89631e000 ---p 00000000 00:00 0 
7fb89631e000-7fb89641f000 rw-p 00000000 00:00 0 
7fb89641f000-7fb896423000 ---p 00000000 00:00 0 
7fb896423000-7fb896520000 rw-p 00000000 00:00 0 
7fb896520000-7fb896524000 ---p 00000000 00:00 0 
7fb896524000-7fb896621000 rw-p 00000000 00:00 0 
7fb896621000-7fb896625000 ---p 00000000 00:00 0 
7fb896625000-7fb896722000 rw-p 00000000 00:00 0 
7fb896722000-7fb896726000 ---p 00000000 00:00 0 
7fb896726000-7fb896823000 rw-p 00000000 00:00 0 
7fb896823000-7fb896827000 ---p 00000000 00:00 0 
7fb896827000-7fb896924000 rw-p 00000000 00:00 0 
7fb896924000-7fb8976ff000 r--p 00000000 08:02 23600058                   /usr/lib/locale/locale-archive
7fb8976ff000-7fb897703000 ---p 00000000 00:00 0 
7fb897703000-7fb897cc0000 rw-p 00000000 00:00 0 
7fb897cc0000-7fb898000000 ---p 00000000 00:00 0 
7fb898000000-7fb898021000 rw-p 00000000 00:00 0 
7fb898021000-7fb89c000000 ---p 00000000 00:00 0 
7fb89c000000-7fb89c021000 rw-p 00000000 00:00 0 
7fb89c021000-7fb8a0000000 ---p 00000000 00:00 0 
7fb8a0000000-7fb8a0021000 rw-p 00000000 00:00 0 
7fb8a0021000-7fb8a4000000 ---p 00000000 00:00 0 
7fb8a4001000-7fb8a4004000 r--p 00000000 08:02 24906143                   /home/kramer/.config/dconf/user
7fb8a4004000-7fb8a4008000 r--p 00000000 08:02 23601610                   /usr/lib/x86_64-linux-gnu/libresolv-2.29.so
7fb8a4008000-7fb8a4017000 r-xp 00004000 08:02 23601610                   /usr/lib/x86_64-linux-gnu/libresolv-2.29.so
7fb8a4017000-7fb8a401a000 r--p 00013000 08:02 23601610                   /usr/lib/x86_64-linux-gnu/libresolv-2.29.so
7fb8a401a000-7fb8a401b000 ---p 00016000 08:02 23601610                   /usr/lib/x86_64-linux-gnu/libresolv-2.29.so
7fb8a401b000-7fb8a401c000 r--p 00016000 08:02 23601610                   /usr/lib/x86_64-linux-gnu/libresolv-2.29.so
7fb8a401c000-7fb8a401d000 rw-p 00017000 08:02 23601610                   /usr/lib/x86_64-linux-gnu/libresolv-2.29.so
7fb8a401d000-7fb8a401f000 rw-p 00000000 00:00 0 
7fb8a401f000-7fb8a4020000 r--p 00000000 08:02 23593407                   /usr/lib/x86_64-linux-gnu/libgmodule-2.0.so.0.6000.0
7fb8a4020000-7fb8a4022000 r-xp 00001000 08:02 23593407                   /usr/lib/x86_64-linux-gnu/libgmodule-2.0.so.0.6000.0
7fb8a4022000-7fb8a4023000 r--p 00003000 08:02 23593407                   /usr/lib/x86_64-linux-gnu/libgmodule-2.0.so.0.6000.0
7fb8a4023000-7fb8a4024000 r--p 00003000 08:02 23593407                   /usr/lib/x86_64-linux-gnu/libgmodule-2.0.so.0.6000.0
7fb8a4024000-7fb8a4025000 rw-p 00004000 08:02 23593407                   /usr/lib/x86_64-linux-gnu/libgmodule-2.0.so.0.6000.0
7fb8a4025000-7fb8a4029000 r--p 00000000 08:02 23600683                   /usr/lib/x86_64-linux-gnu/libbsd.so.0.9.1
7fb8a4029000-7fb8a4038000 r-xp 00004000 08:02 23600683                   /usr/lib/x86_64-linux-gnu/libbsd.so.0.9.1
7fb8a4038000-7fb8a403b000 r--p 00013000 08:02 23600683                   /usr/lib/x86_64-linux-gnu/libbsd.so.0.9.1
7fb8a403b000-7fb8a403c000 ---p 00016000 08:02 23600683                   /usr/lib/x86_64-linux-gnu/libbsd.so.0.9.1
7fb8a403c000-7fb8a403d000 r--p 00016000 08:02 23600683                   /usr/lib/x86_64-linux-gnu/libbsd.so.0.9.1
7fb8a403d000-7fb8a403e000 rw-p 00017000 08:02 23600683                   /usr/lib/x86_64-linux-gnu/libbsd.so.0.9.1
7fb8a403e000-7fb8a403f000 rw-p 00000000 00:00 0 
7fb8a403f000-7fb8a4043000 ---p 00000000 00:00 0 
7fb8a4043000-7fb8a6330000 rw-p 00000000 00:00 0 
7fb8a6330000-7fb8a7ff8000 ---p 00000000 00:00 0 
7fb8a7ff8000-7fb8a8000000 rw-p 00000000 00:00 0 
7fb8a8000000-7fb8a8021000 rw-p 00000000 00:00 0 
7fb8a8021000-7fb8ac000000 ---p 00000000 00:00 0 
7fb8ac002000-7fb8ac00d000 r--p 00000000 08:02 23601932                   /usr/lib/x86_64-linux-gnu/libxcb.so.1.1.0
7fb8ac00d000-7fb8ac020000 r-xp 0000b000 08:02 23601932                   /usr/lib/x86_64-linux-gnu/libxcb.so.1.1.0
7fb8ac020000-7fb8ac029000 r--p 0001e000 08:02 23601932                   /usr/lib/x86_64-linux-gnu/libxcb.so.1.1.0
7fb8ac029000-7fb8ac02a000 r--p 00026000 08:02 23601932                   /usr/lib/x86_64-linux-gnu/libxcb.so.1.1.0
7fb8ac02a000-7fb8ac02b000 rw-p 00027000 08:02 23601932                   /usr/lib/x86_64-linux-gnu/libxcb.so.1.1.0
7fb8ac02c000-7fb8ac030000 r--p 00000000 08:02 24250591                   /usr/lib/x86_64-linux-gnu/gio/modules/libdconfsettings.so
7fb8ac030000-7fb8ac037000 r-xp 00004000 08:02 24250591                   /usr/lib/x86_64-linux-gnu/gio/modules/libdconfsettings.so
7fb8ac037000-7fb8ac03a000 r--p 0000b000 08:02 24250591                   /usr/lib/x86_64-linux-gnu/gio/modules/libdconfsettings.so
7fb8ac03a000-7fb8ac03b000 ---p 0000e000 08:02 24250591                   /usr/lib/x86_64-linux-gnu/gio/modules/libdconfsettings.so
7fb8ac03b000-7fb8ac03c000 r--p 0000e000 08:02 24250591                   /usr/lib/x86_64-linux-gnu/gio/modules/libdconfsettings.so
7fb8ac03c000-7fb8ac03d000 rw-p 0000f000 08:02 24250591                   /usr/lib/x86_64-linux-gnu/gio/modules/libdconfsettings.so
7fb8ac03d000-7fb8ac06e000 rw-p 00000000 00:00 0 
7fb8ac06e000-7fb8ac06f000 ---p 00000000 00:00 0 
7fb8ac06f000-7fb8ac24c000 rw-p 00000000 00:00 0 
7fb8ac24c000-7fb8ac24d000 ---p 00000000 00:00 0 
7fb8ac24d000-7fb8ac34e000 rw-p 00000000 00:00 0 
7fb8ac34e000-7fb8ac34f000 ---p 00000000 00:00 0 
7fb8ac34f000-7fb8ac854000 rw-p 00000000 00:00 0 
7fb8ac854000-7fb8ac855000 ---p 00000000 00:00 0 
7fb8ac855000-7fb8ac956000 rw-p 00000000 00:00 0 
7fb8ac956000-7fb8acbc6000 rwxp 00000000 00:00 0 
7fb8acbc6000-7fb8acee6000 ---p 00000000 00:00 0 
7fb8acee6000-7fb8ad156000 rwxp 00000000 00:00 0 
7fb8ad156000-7fb8b441e000 ---p 00000000 00:00 0 
7fb8b441e000-7fb8b468e000 rwxp 00000000 00:00 0 
7fb8b468e000-7fb8bb956000 ---p 00000000 00:00 0 
7fb8bb956000-7fb8c4000000 r--s 00000000 08:02 23990663                   /usr/lib/jvm/java-11-openjdk-amd64/lib/modules
7fb8c4000000-7fb8c43cd000 rw-p 00000000 00:00 0 
7fb8c43cd000-7fb8c8000000 ---p 00000000 00:00 0 
7fb8c8000000-7fb8c8001000 r--s 00000000 00:35 53                         /run/user/1000/dconf/user
7fb8c8001000-7fb8c8002000 r--p 00000000 08:02 25823354                   /usr/share/locale-langpack/en_AU/LC_MESSAGES/glib20.mo
7fb8c8002000-7fb8c8006000 r--p 00000000 08:02 23990653                   /usr/lib/jvm/java-11-openjdk-amd64/lib/libnet.so
7fb8c8006000-7fb8c8015000 r-xp 00004000 08:02 23990653                   /usr/lib/jvm/java-11-openjdk-amd64/lib/libnet.so
7fb8c8015000-7fb8c8019000 r--p 00013000 08:02 23990653                   /usr/lib/jvm/java-11-openjdk-amd64/lib/libnet.so
7fb8c8019000-7fb8c801a000 r--p 00016000 08:02 23990653                   /usr/lib/jvm/java-11-openjdk-amd64/lib/libnet.so
7fb8c801a000-7fb8c801b000 rw-p 00017000 08:02 23990653                   /usr/lib/jvm/java-11-openjdk-amd64/lib/libnet.so
7fb8c801b000-7fb8c8022000 r--p 00000000 08:02 23990654                   /usr/lib/jvm/java-11-openjdk-amd64/lib/libnio.so
7fb8c8022000-7fb8c8029000 r-xp 00007000 08:02 23990654                   /usr/lib/jvm/java-11-openjdk-amd64/lib/libnio.so
7fb8c8029000-7fb8c802c000 r--p 0000e000 08:02 23990654                   /usr/lib/jvm/java-11-openjdk-amd64/lib/libnio.so
7fb8c802c000-7fb8c802d000 r--p 00010000 08:02 23990654                   /usr/lib/jvm/java-11-openjdk-amd64/lib/libnio.so
7fb8c802d000-7fb8c802e000 rw-p 00011000 08:02 23990654                   /usr/lib/jvm/java-11-openjdk-amd64/lib/libnio.so
7fb8c802e000-7fb8c8098000 rw-p 00000000 00:00 0 
7fb8c8098000-7fb8c8099000 ---p 00000000 00:00 0 
7fb8c8099000-7fb8c83cc000 rw-p 00000000 00:00 0 
7fb8c83cc000-7fb8ca094000 ---p 00000000 00:00 0 
7fb8ca094000-7fb8ca0da000 rw-p 00000000 00:00 0 
7fb8ca0da000-7fb8ca473000 ---p 00000000 00:00 0 
7fb8ca473000-7fb8ca4b2000 rw-p 00000000 00:00 0 
7fb8ca4b2000-7fb8ca84b000 ---p 00000000 00:00 0 
7fb8ca84b000-7fb8ca88a000 rw-p 00000000 00:00 0 
7fb8ca88a000-7fb8cac23000 ---p 00000000 00:00 0 
7fb8cac23000-7fb8cb028000 rw-p 00000000 00:00 0 
7fb8cb028000-7fb8cb029000 ---p 00000000 00:00 0 
7fb8cb029000-7fb8cb12f000 rw-p 00000000 00:00 0 
7fb8cb12f000-7fb8cb215000 ---p 00000000 00:00 0 
7fb8cb215000-7fb8cb21a000 rw-p 00000000 00:00 0 
7fb8cb21a000-7fb8cb300000 ---p 00000000 00:00 0 
7fb8cb300000-7fb8cb305000 rw-p 00000000 00:00 0 
7fb8cb305000-7fb8cb30c000 ---p 00000000 00:00 0 
7fb8cb30c000-7fb8cb30e000 r--s 00007000 08:02 24382982                   /usr/share/java/java-atk-wrapper.jar
7fb8cb30e000-7fb8cb310000 r--p 00000000 08:02 23990645                   /usr/lib/jvm/java-11-openjdk-amd64/lib/libjimage.so
7fb8cb310000-7fb8cb313000 r-xp 00002000 08:02 23990645                   /usr/lib/jvm/java-11-openjdk-amd64/lib/libjimage.so
7fb8cb313000-7fb8cb315000 r--p 00005000 08:02 23990645                   /usr/lib/jvm/java-11-openjdk-amd64/lib/libjimage.so
7fb8cb315000-7fb8cb316000 r--p 00006000 08:02 23990645                   /usr/lib/jvm/java-11-openjdk-amd64/lib/libjimage.so
7fb8cb316000-7fb8cb317000 rw-p 00007000 08:02 23990645                   /usr/lib/jvm/java-11-openjdk-amd64/lib/libjimage.so
7fb8cb317000-7fb8cb31a000 r--p 00000000 08:02 23601425                   /usr/lib/x86_64-linux-gnu/libnss_files-2.29.so
7fb8cb31a000-7fb8cb321000 r-xp 00003000 08:02 23601425                   /usr/lib/x86_64-linux-gnu/libnss_files-2.29.so
7fb8cb321000-7fb8cb323000 r--p 0000a000 08:02 23601425                   /usr/lib/x86_64-linux-gnu/libnss_files-2.29.so
7fb8cb323000-7fb8cb324000 r--p 0000b000 08:02 23601425                   /usr/lib/x86_64-linux-gnu/libnss_files-2.29.so
7fb8cb324000-7fb8cb325000 rw-p 0000c000 08:02 23601425                   /usr/lib/x86_64-linux-gnu/libnss_files-2.29.so
7fb8cb325000-7fb8cb32b000 rw-p 00000000 00:00 0 
7fb8cb32b000-7fb8cb32d000 r--p 00000000 08:02 23990662                   /usr/lib/jvm/java-11-openjdk-amd64/lib/libzip.so
7fb8cb32d000-7fb8cb331000 r-xp 00002000 08:02 23990662                   /usr/lib/jvm/java-11-openjdk-amd64/lib/libzip.so
7fb8cb331000-7fb8cb333000 r--p 00006000 08:02 23990662                   /usr/lib/jvm/java-11-openjdk-amd64/lib/libzip.so
7fb8cb333000-7fb8cb334000 r--p 00007000 08:02 23990662                   /usr/lib/jvm/java-11-openjdk-amd64/lib/libzip.so
7fb8cb334000-7fb8cb335000 rw-p 00008000 08:02 23990662                   /usr/lib/jvm/java-11-openjdk-amd64/lib/libzip.so
7fb8cb335000-7fb8cb33d000 rw-s 00000000 08:02 2752951                    /tmp/hsperfdata_kramer/19390
7fb8cb33d000-7fb8cb33e000 ---p 00000000 00:00 0 
7fb8cb33e000-7fb8cb33f000 r--p 00000000 00:00 0 
7fb8cb33f000-7fb8cb34c000 r--p 00000000 08:02 23990641                   /usr/lib/jvm/java-11-openjdk-amd64/lib/libjava.so
7fb8cb34c000-7fb8cb361000 r-xp 0000d000 08:02 23990641                   /usr/lib/jvm/java-11-openjdk-amd64/lib/libjava.so
7fb8cb361000-7fb8cb368000 r--p 00022000 08:02 23990641                   /usr/lib/jvm/java-11-openjdk-amd64/lib/libjava.so
7fb8cb368000-7fb8cb369000 r--p 00028000 08:02 23990641                   /usr/lib/jvm/java-11-openjdk-amd64/lib/libjava.so
7fb8cb369000-7fb8cb36b000 rw-p 00029000 08:02 23990641                   /usr/lib/jvm/java-11-openjdk-amd64/lib/libjava.so
7fb8cb36b000-7fb8cb36e000 r--p 00000000 08:02 23601631                   /usr/lib/x86_64-linux-gnu/librt-2.29.so
7fb8cb36e000-7fb8cb372000 r-xp 00003000 08:02 23601631                   /usr/lib/x86_64-linux-gnu/librt-2.29.so
7fb8cb372000-7fb8cb374000 r--p 00007000 08:02 23601631                   /usr/lib/x86_64-linux-gnu/librt-2.29.so
7fb8cb374000-7fb8cb375000 r--p 00008000 08:02 23601631                   /usr/lib/x86_64-linux-gnu/librt-2.29.so
7fb8cb375000-7fb8cb376000 rw-p 00009000 08:02 23601631                   /usr/lib/x86_64-linux-gnu/librt-2.29.so
7fb8cb376000-7fb8cb37a000 ---p 00000000 00:00 0 
7fb8cb37a000-7fb8cb477000 rw-p 00000000 00:00 0 
7fb8cb477000-7fb8cb47a000 r--p 00000000 08:02 23596996                   /usr/lib/x86_64-linux-gnu/libgcc_s.so.1
7fb8cb47a000-7fb8cb48b000 r-xp 00003000 08:02 23596996                   /usr/lib/x86_64-linux-gnu/libgcc_s.so.1
7fb8cb48b000-7fb8cb48f000 r--p 00014000 08:02 23596996                   /usr/lib/x86_64-linux-gnu/libgcc_s.so.1
7fb8cb48f000-7fb8cb490000 r--p 00017000 08:02 23596996                   /usr/lib/x86_64-linux-gnu/libgcc_s.so.1
7fb8cb490000-7fb8cb491000 rw-p 00018000 08:02 23596996                   /usr/lib/x86_64-linux-gnu/libgcc_s.so.1
7fb8cb491000-7fb8cb4a0000 r--p 00000000 08:02 23601302                   /usr/lib/x86_64-linux-gnu/libm-2.29.so
7fb8cb4a0000-7fb8cb546000 r-xp 0000f000 08:02 23601302                   /usr/lib/x86_64-linux-gnu/libm-2.29.so
7fb8cb546000-7fb8cb5dd000 r--p 000b5000 08:02 23601302                   /usr/lib/x86_64-linux-gnu/libm-2.29.so
7fb8cb5dd000-7fb8cb5de000 r--p 0014b000 08:02 23601302                   /usr/lib/x86_64-linux-gnu/libm-2.29.so
7fb8cb5de000-7fb8cb5df000 rw-p 0014c000 08:02 23601302                   /usr/lib/x86_64-linux-gnu/libm-2.29.so
7fb8cb5df000-7fb8cb674000 r--p 00000000 08:02 23594558                   /usr/lib/x86_64-linux-gnu/libstdc++.so.6.0.26
7fb8cb674000-7fb8cb766000 r-xp 00095000 08:02 23594558                   /usr/lib/x86_64-linux-gnu/libstdc++.so.6.0.26
7fb8cb766000-7fb8cb7af000 r--p 00187000 08:02 23594558                   /usr/lib/x86_64-linux-gnu/libstdc++.so.6.0.26
7fb8cb7af000-7fb8cb7b0000 ---p 001d0000 08:02 23594558                   /usr/lib/x86_64-linux-gnu/libstdc++.so.6.0.26
7fb8cb7b0000-7fb8cb7bb000 r--p 001d0000 08:02 23594558                   /usr/lib/x86_64-linux-gnu/libstdc++.so.6.0.26
7fb8cb7bb000-7fb8cb7be000 rw-p 001db000 08:02 23594558                   /usr/lib/x86_64-linux-gnu/libstdc++.so.6.0.26
7fb8cb7be000-7fb8cb7c1000 rw-p 00000000 00:00 0 
7fb8cb7c1000-7fb8cba30000 r--p 00000000 08:02 23990668                   /usr/lib/jvm/java-11-openjdk-amd64/lib/server/libjvm.so
7fb8cba30000-7fb8cc550000 r-xp 0026f000 08:02 23990668                   /usr/lib/jvm/java-11-openjdk-amd64/lib/server/libjvm.so
7fb8cc550000-7fb8cc789000 r--p 00d8f000 08:02 23990668                   /usr/lib/jvm/java-11-openjdk-amd64/lib/server/libjvm.so
7fb8cc789000-7fb8cc78a000 ---p 00fc8000 08:02 23990668                   /usr/lib/jvm/java-11-openjdk-amd64/lib/server/libjvm.so
7fb8cc78a000-7fb8cc847000 r--p 00fc8000 08:02 23990668                   /usr/lib/jvm/java-11-openjdk-amd64/lib/server/libjvm.so
7fb8cc847000-7fb8cc880000 rw-p 01085000 08:02 23990668                   /usr/lib/jvm/java-11-openjdk-amd64/lib/server/libjvm.so
7fb8cc880000-7fb8cc8d8000 rw-p 00000000 00:00 0 
7fb8cc8d8000-7fb8cc8df000 r--p 00000000 08:02 23601565                   /usr/lib/x86_64-linux-gnu/libpthread-2.29.so
7fb8cc8df000-7fb8cc8ee000 r-xp 00007000 08:02 23601565                   /usr/lib/x86_64-linux-gnu/libpthread-2.29.so
7fb8cc8ee000-7fb8cc8f3000 r--p 00016000 08:02 23601565                   /usr/lib/x86_64-linux-gnu/libpthread-2.29.so
7fb8cc8f3000-7fb8cc8f4000 r--p 0001a000 08:02 23601565                   /usr/lib/x86_64-linux-gnu/libpthread-2.29.so
7fb8cc8f4000-7fb8cc8f5000 rw-p 0001b000 08:02 23601565                   /usr/lib/x86_64-linux-gnu/libpthread-2.29.so
7fb8cc8f5000-7fb8cc8f9000 rw-p 00000000 00:00 0 
7fb8cc8f9000-7fb8cc8fa000 r--p 00000000 08:02 23600824                   /usr/lib/x86_64-linux-gnu/libdl-2.29.so
7fb8cc8fa000-7fb8cc8fc000 r-xp 00001000 08:02 23600824                   /usr/lib/x86_64-linux-gnu/libdl-2.29.so
7fb8cc8fc000-7fb8cc8fd000 r--p 00003000 08:02 23600824                   /usr/lib/x86_64-linux-gnu/libdl-2.29.so
7fb8cc8fd000-7fb8cc8fe000 r--p 00003000 08:02 23600824                   /usr/lib/x86_64-linux-gnu/libdl-2.29.so
7fb8cc8fe000-7fb8cc8ff000 rw-p 00004000 08:02 23600824                   /usr/lib/x86_64-linux-gnu/libdl-2.29.so
7fb8cc8ff000-7fb8cc901000 r--p 00000000 08:02 23601962                   /usr/lib/x86_64-linux-gnu/libz.so.1.2.11
7fb8cc901000-7fb8cc912000 r-xp 00002000 08:02 23601962                   /usr/lib/x86_64-linux-gnu/libz.so.1.2.11
7fb8cc912000-7fb8cc918000 r--p 00013000 08:02 23601962                   /usr/lib/x86_64-linux-gnu/libz.so.1.2.11
7fb8cc918000-7fb8cc919000 ---p 00019000 08:02 23601962                   /usr/lib/x86_64-linux-gnu/libz.so.1.2.11
7fb8cc919000-7fb8cc91a000 r--p 00019000 08:02 23601962                   /usr/lib/x86_64-linux-gnu/libz.so.1.2.11
7fb8cc91a000-7fb8cc91b000 rw-p 0001a000 08:02 23601962                   /usr/lib/x86_64-linux-gnu/libz.so.1.2.11
7fb8cc91b000-7fb8cc940000 r--p 00000000 08:02 23600687                   /usr/lib/x86_64-linux-gnu/libc-2.29.so
7fb8cc940000-7fb8ccab3000 r-xp 00025000 08:02 23600687                   /usr/lib/x86_64-linux-gnu/libc-2.29.so
7fb8ccab3000-7fb8ccafc000 r--p 00198000 08:02 23600687                   /usr/lib/x86_64-linux-gnu/libc-2.29.so
7fb8ccafc000-7fb8ccaff000 r--p 001e0000 08:02 23600687                   /usr/lib/x86_64-linux-gnu/libc-2.29.so
7fb8ccaff000-7fb8ccb02000 rw-p 001e3000 08:02 23600687                   /usr/lib/x86_64-linux-gnu/libc-2.29.so
7fb8ccb02000-7fb8ccb06000 rw-p 00000000 00:00 0 
7fb8ccb06000-7fb8ccb07000 r--p 00000000 08:02 25823436                   /usr/share/locale-langpack/en_AU/LC_MESSAGES/libc.mo
7fb8ccb07000-7fb8ccb0c000 r--p 00000000 08:02 23990661                   /usr/lib/jvm/java-11-openjdk-amd64/lib/libverify.so
7fb8ccb0c000-7fb8ccb13000 r-xp 00005000 08:02 23990661                   /usr/lib/jvm/java-11-openjdk-amd64/lib/libverify.so
7fb8ccb13000-7fb8ccb15000 r--p 0000c000 08:02 23990661                   /usr/lib/jvm/java-11-openjdk-amd64/lib/libverify.so
7fb8ccb15000-7fb8ccb17000 r--p 0000d000 08:02 23990661                   /usr/lib/jvm/java-11-openjdk-amd64/lib/libverify.so
7fb8ccb17000-7fb8ccb18000 rw-p 0000f000 08:02 23990661                   /usr/lib/jvm/java-11-openjdk-amd64/lib/libverify.so
7fb8ccb18000-7fb8ccb1b000 r--p 00000000 08:02 23990625                   /usr/lib/jvm/java-11-openjdk-amd64/lib/jli/libjli.so
7fb8ccb1b000-7fb8ccb25000 r-xp 00003000 08:02 23990625                   /usr/lib/jvm/java-11-openjdk-amd64/lib/jli/libjli.so
7fb8ccb25000-7fb8ccb28000 r--p 0000d000 08:02 23990625                   /usr/lib/jvm/java-11-openjdk-amd64/lib/jli/libjli.so
7fb8ccb28000-7fb8ccb29000 r--p 0000f000 08:02 23990625                   /usr/lib/jvm/java-11-openjdk-amd64/lib/jli/libjli.so
7fb8ccb29000-7fb8ccb2a000 rw-p 00010000 08:02 23990625                   /usr/lib/jvm/java-11-openjdk-amd64/lib/jli/libjli.so
7fb8ccb2a000-7fb8ccb2c000 rw-p 00000000 00:00 0 
7fb8ccb2c000-7fb8ccb2d000 r--p 00000000 08:02 23600471                   /usr/lib/x86_64-linux-gnu/ld-2.29.so
7fb8ccb2d000-7fb8ccb4e000 r-xp 00001000 08:02 23600471                   /usr/lib/x86_64-linux-gnu/ld-2.29.so
7fb8ccb4e000-7fb8ccb56000 r--p 00022000 08:02 23600471                   /usr/lib/x86_64-linux-gnu/ld-2.29.so
7fb8ccb56000-7fb8ccb57000 r--p 00029000 08:02 23600471                   /usr/lib/x86_64-linux-gnu/ld-2.29.so
7fb8ccb57000-7fb8ccb58000 rw-p 0002a000 08:02 23600471                   /usr/lib/x86_64-linux-gnu/ld-2.29.so
7fb8ccb58000-7fb8ccb59000 rw-p 00000000 00:00 0 
7ffcfd1b4000-7ffcfd1d6000 rw-p 00000000 00:00 0                          [stack]
7ffcfd1fc000-7ffcfd1ff000 r--p 00000000 00:00 0                          [vvar]
7ffcfd1ff000-7ffcfd200000 r-xp 00000000 00:00 0                          [vdso]
ffffffffff600000-ffffffffff601000 r-xp 00000000 00:00 0                  [vsyscall]


VM Arguments:
jvm_args: -Dfile.encoding=UTF-8 -Duser.country=AU -Duser.language=en -Duser.variant 
java_command: ExampleSwingApp
java_class_path (initial): /home/kramer/Downloads/RobotArena-master/RobotAreana/start/build/classes/java/main:/home/kramer/Downloads/RobotArena-master/RobotAreana/start/build/classes/groovy/main:/home/kramer/Downloads/RobotArena-master/RobotAreana/start/build/resources/main:/home/kramer/Downloads/RobotArena-master/RobotAreana/AIBasic/build/libs/AIBasic.jar:/home/kramer/Downloads/RobotArena-master/RobotAreana/robot/build/libs/robot.jar:/home/kramer/Downloads/RobotArena-master/RobotAreana/main/build/libs/main.jar
Launcher Type: SUN_STANDARD

[Global flags]
     intx CICompilerCount                          = 3                                         {product} {ergonomic}
     uint ConcGCThreads                            = 1                                         {product} {ergonomic}
     uint G1ConcRefinementThreads                  = 4                                         {product} {ergonomic}
   size_t G1HeapRegionSize                         = 1048576                                   {product} {ergonomic}
    uintx GCDrainStackTargetSize                   = 64                                        {product} {ergonomic}
   size_t InitialHeapSize                          = 130023424                                 {product} {ergonomic}
   size_t MarkStackSize                            = 4194304                                   {product} {ergonomic}
   size_t MaxHeapSize                              = 2063597568                                {product} {ergonomic}
   size_t MaxNewSize                               = 1237319680                                {product} {ergonomic}
   size_t MinHeapDeltaBytes                        = 1048576                                   {product} {ergonomic}
    uintx NonNMethodCodeHeapSize                   = 5830092                                {pd product} {ergonomic}
    uintx NonProfiledCodeHeapSize                  = 122914074                              {pd product} {ergonomic}
    uintx ProfiledCodeHeapSize                     = 122914074                              {pd product} {ergonomic}
    uintx ReservedCodeCacheSize                    = 251658240                              {pd product} {ergonomic}
     bool SegmentedCodeCache                       = true                                      {product} {ergonomic}
     bool UseCompressedClassPointers               = true                                 {lp64_product} {ergonomic}
     bool UseCompressedOops                        = true                                 {lp64_product} {ergonomic}
     bool UseG1GC                                  = true                                      {product} {ergonomic}

Logging:
Log output configuration:
 #0: stdout all=warning uptime,level,tags
 #1: stderr all=off uptime,level,tags

Environment Variables:
PATH=/home/kramer/.local/bin:/usr/local/sbin:/usr/local/bin:/usr/sbin:/usr/bin:/sbin:/bin:/usr/games:/usr/local/games:/snap/bin
USERNAME=kramer
LD_LIBRARY_PATH=/home/kramer/Downloads/RobotArena-master/RobotAreana/AIBasic/build/libs/mynativelibrary/shared
SHELL=/bin/bash
DISPLAY=:0

Signal Handlers:
SIGSEGV: [libjvm.so+0xd1cc80], sa_mask[0]=11111111011111111101111111111110, sa_flags=SA_RESTART|SA_SIGINFO
SIGBUS: [libjvm.so+0xd1cc80], sa_mask[0]=11111111011111111101111111111110, sa_flags=SA_RESTART|SA_SIGINFO
SIGFPE: [libjvm.so+0xd1cc80], sa_mask[0]=11111111011111111101111111111110, sa_flags=SA_RESTART|SA_SIGINFO
SIGPIPE: SIG_IGN, sa_mask[0]=00000000000010000000000000000000, sa_flags=SA_RESTART
SIGXFSZ: [libjvm.so+0xb239a0], sa_mask[0]=11111111011111111101111111111110, sa_flags=SA_RESTART|SA_SIGINFO
SIGILL: [libjvm.so+0xd1cc80], sa_mask[0]=11111111011111111101111111111110, sa_flags=SA_RESTART|SA_SIGINFO
SIGUSR2: [libjvm.so+0xb23830], sa_mask[0]=00100000000000000000000000000000, sa_flags=SA_RESTART|SA_SIGINFO
SIGHUP: [libjvm.so+0xb23ce0], sa_mask[0]=11111111011111111101111111111110, sa_flags=SA_RESTART|SA_SIGINFO
SIGINT: [libjvm.so+0xb23ce0], sa_mask[0]=11111111011111111101111111111110, sa_flags=SA_RESTART|SA_SIGINFO
SIGTERM: [libjvm.so+0xb23ce0], sa_mask[0]=11111111011111111101111111111110, sa_flags=SA_RESTART|SA_SIGINFO
SIGQUIT: [libjvm.so+0xb23ce0], sa_mask[0]=11111111011111111101111111111110, sa_flags=SA_RESTART|SA_SIGINFO


---------------  S Y S T E M  ---------------

OS:DISTRIB_ID=Ubuntu
DISTRIB_RELEASE=19.04
DISTRIB_CODENAME=disco
DISTRIB_DESCRIPTION="Ubuntu 19.04"
uname:Linux 5.0.0-32-generic #34-Ubuntu SMP Wed Oct 2 02:06:48 UTC 2019 x86_64
libc:glibc 2.29 NPTL 2.29 
rlimit: STACK 8192k, CORE 0k, NPROC 31283, NOFILE 524288, AS infinity, DATA infinity, FSIZE infinity
load average:2.42 2.61 2.52

/proc/meminfo:
MemTotal:        8057228 kB
MemFree:          915188 kB
MemAvailable:    2965716 kB
Buffers:          173676 kB
Cached:          2147452 kB
SwapCached:            0 kB
Active:          5177376 kB
Inactive:        1504316 kB
Active(anon):    4286544 kB
Inactive(anon):   198452 kB
Active(file):     890832 kB
Inactive(file):  1305864 kB
Unevictable:        3452 kB
Mlocked:              16 kB
SwapTotal:       2097148 kB
SwapFree:        2097148 kB
Dirty:              1772 kB
Writeback:             0 kB
AnonPages:       4364144 kB
Mapped:           710172 kB
Shmem:            204032 kB
KReclaimable:     148228 kB
Slab:             252792 kB
SReclaimable:     148228 kB
SUnreclaim:       104564 kB
KernelStack:       17424 kB
PageTables:        43360 kB
NFS_Unstable:          0 kB
Bounce:                0 kB
WritebackTmp:          0 kB
CommitLimit:     6125760 kB
Committed_AS:   17241128 kB
VmallocTotal:   34359738367 kB
VmallocUsed:           0 kB
VmallocChunk:          0 kB
Percpu:             2240 kB
HardwareCorrupted:     0 kB
AnonHugePages:         0 kB
ShmemHugePages:        0 kB
ShmemPmdMapped:        0 kB
CmaTotal:              0 kB
CmaFree:               0 kB
HugePages_Total:       0
HugePages_Free:        0
HugePages_Rsvd:        0
HugePages_Surp:        0
Hugepagesize:       2048 kB
Hugetlb:               0 kB
DirectMap4k:      274992 kB
DirectMap2M:     6957056 kB
DirectMap1G:     1048576 kB


/proc/sys/kernel/threads-max (system-wide limit on the number of threads):
62566


/proc/sys/vm/max_map_count (maximum number of memory map areas a process may have):
65530


/proc/sys/kernel/pid_max (system-wide limit on number of process identifiers):
32768



container (cgroup) information:
container_type: cgroupv1
cpu_cpuset_cpus: 0-3
cpu_memory_nodes: 0
active_processor_count: 4
cpu_quota: -1
cpu_period: 100000
cpu_shares: -1
memory_limit_in_bytes: -1
memory_and_swap_limit_in_bytes: -2
memory_soft_limit_in_bytes: -1
memory_usage_in_bytes: 1282990080
memory_max_usage_in_bytes: 1295388672

Steal ticks since vm start: 0
Steal ticks percentage since vm start:  0.000

CPU:total 4 (initial active 4) (4 cores per cpu, 1 threads per core) family 6 model 60 stepping 3, cmov, cx8, fxsr, mmx, sse, sse2, sse3, ssse3, sse4.1, sse4.2, popcnt, avx, avx2, aes, clmul, erms, lzcnt, tsc, tscinvbit, bmi1, bmi2, fma
CPU Model and flags from /proc/cpuinfo:
model name	: Intel(R) Core(TM) i5-4690 CPU @ 3.50GHz
flags		: fpu vme de pse tsc msr pae mce cx8 apic sep mtrr pge mca cmov pat pse36 clflush dts acpi mmx fxsr sse sse2 ss ht tm pbe syscall nx pdpe1gb rdtscp lm constant_tsc arch_perfmon pebs bts rep_good nopl xtopology nonstop_tsc cpuid aperfmperf pni pclmulqdq dtes64 monitor ds_cpl vmx smx est tm2 ssse3 sdbg fma cx16 xtpr pdcm pcid sse4_1 sse4_2 x2apic movbe popcnt tsc_deadline_timer aes xsave avx f16c rdrand lahf_lm abm cpuid_fault invpcid_single pti ssbd ibrs ibpb stibp tpr_shadow vnmi flexpriority ept vpid ept_ad fsgsbase tsc_adjust bmi1 avx2 smep bmi2 erms invpcid xsaveopt dtherm ida arat pln pts md_clear flush_l1d

Memory: 4k page, physical 8057228k(915188k free), swap 2097148k(2097148k free)

vm_info: OpenJDK 64-Bit Server VM (11.0.4+11-post-Ubuntu-1ubuntu219.04) for linux-amd64 JRE (11.0.4+11-post-Ubuntu-1ubuntu219.04), built on Jul 18 2019 18:21:46 by "buildd" with gcc 8.3.0

END.
