#
# A fatal error has been detected by the Java Runtime Environment:
#
#  SIGSEGV (0xb) at pc=0x00007f75fccb262b, pid=12059, tid=12084
#
# JRE version: OpenJDK Runtime Environment (11.0.4+11) (build 11.0.4+11-post-Ubuntu-1ubuntu219.04)
# Java VM: OpenJDK 64-Bit Server VM (11.0.4+11-post-Ubuntu-1ubuntu219.04, mixed mode, sharing, tiered, compressed oops, g1 gc, linux-amd64)
# Problematic frame:
# V  [libjvm.so+0x86462b]
#
# Core dump will be written. Default location: Core dumps may be processed with "/usr/share/apport/apport %p %s %c %d %P" (or dumping to /home/kramer/Downloads/RobotArena-master/RobotAreana/start/core.12059)
#
# If you would like to submit a bug report, please visit:
#   https://bugs.launchpad.net/ubuntu/+source/openjdk-lts
#

---------------  S U M M A R Y ------------

Command Line: -Dfile.encoding=UTF-8 -Duser.country=AU -Duser.language=en -Duser.variant ExampleSwingApp

Host: Intel(R) Core(TM) i5-4690 CPU @ 3.50GHz, 4 cores, 7G, Ubuntu 19.04
Time: Mon Oct 28 19:50:30 2019 AWST elapsed time: 1 seconds (0d 0h 0m 1s)

---------------  T H R E A D  ---------------

Current thread (0x00007f75f8335800):  JavaThread "Thomas" [_thread_in_vm, id=12084, stack(0x00007f758f6fe000,0x00007f758f7ff000)]

Stack: [0x00007f758f6fe000,0x00007f758f7ff000],  sp=0x00007f758f7fd630,  free space=1021k
Native frames: (J=compiled Java code, A=aot compiled Java code, j=interpreted, Vv=VM code, C=native code)
V  [libjvm.so+0x86462b]
C  [libmynativelibrary.so+0x12cf]  Java_CRobot_startCPP+0x1ca
j  CRobot.startCPP(LRobotControl;)V+0
j  CRobot$1.run()V+8
j  java.lang.Thread.run()V+11 java.base@11.0.4
v  ~StubRoutines::call_stub
V  [libjvm.so+0x7f40b1]
V  [libjvm.so+0x7f2550]
V  [libjvm.so+0x7f260b]
V  [libjvm.so+0x88e63c]
V  [libjvm.so+0xcc0060]
V  [libjvm.so+0xcc0350]
V  [libjvm.so+0xcbbee4]
V  [libjvm.so+0xb2cbee]

Java frames: (J=compiled Java code, j=interpreted, Vv=VM code)
j  CRobot.startCPP(LRobotControl;)V+0
j  CRobot$1.run()V+8
j  java.lang.Thread.run()V+11 java.base@11.0.4
v  ~StubRoutines::call_stub

siginfo: si_signo: 11 (SIGSEGV), si_code: 1 (SEGV_MAPERR), si_addr: 0x0000000000000000

Register to memory mapping:

RAX=0x00007f758f7fd6d0 is pointing into the stack for thread: 0x00007f75f8335800
RBX=0x00007f75f8335800 is a thread
RCX=0x00007f75fccb2550: <offset 0x0000000000864550> in /usr/lib/jvm/java-11-openjdk-amd64/lib/server/libjvm.so at 0x00007f75fc44e000
RDX=0x00007f75f83336c0 points into unknown readable memory: e0 a9 ed 8b 00 00 00 00
RSP=0x00007f758f7fd630 is pointing into the stack for thread: 0x00007f75f8335800
RBP=0x00007f758f7fd7b0 is pointing into the stack for thread: 0x00007f75f8335800
RSI=0x00007f75f8335800 is a thread
RDI=0x00007f758f7fd690 is pointing into the stack for thread: 0x00007f75f8335800
R8 =0x0 is NULL
R9 =0x00007f758f7fd2c4 is pointing into the stack for thread: 0x00007f75f8335800
R10=0x00007f75fd219264: <offset 0x0000000000dcb264> in /usr/lib/jvm/java-11-openjdk-amd64/lib/server/libjvm.so at 0x00007f75fc44e000
R11=0x0000000000000535 is an unknown value
R12=0x00007f758f7fd690 is pointing into the stack for thread: 0x00007f75f8335800
R13=0x00007f75f8335b40 points into unknown readable memory: e0 af 4d fd 75 7f 00 00
R14=0x0 is NULL
R15=0x00007f7570000cd8 points into unknown readable memory: c8 a6 ed 8b 00 00 00 00


Registers:
RAX=0x00007f758f7fd6d0, RBX=0x00007f75f8335800, RCX=0x00007f75fccb2550, RDX=0x00007f75f83336c0
RSP=0x00007f758f7fd630, RBP=0x00007f758f7fd7b0, RSI=0x00007f75f8335800, RDI=0x00007f758f7fd690
R8 =0x0000000000000000, R9 =0x00007f758f7fd2c4, R10=0x00007f75fd219264, R11=0x0000000000000535
R12=0x00007f758f7fd690, R13=0x00007f75f8335b40, R14=0x0000000000000000, R15=0x00007f7570000cd8
RIP=0x00007f75fccb262b, EFLAGS=0x0000000000010206, CSGSFS=0x002b000000000033, ERR=0x0000000000000004
  TRAPNO=0x000000000000000e

Top of Stack: (sp=0x00007f758f7fd630)
0x00007f758f7fd630:   00007f75f811a620 00007f75f8335800
0x00007f758f7fd640:   00007f75b46f5063 00007f75fd22daf8
0x00007f758f7fd650:   0000000000000535 0000000800000018
0x00007f758f7fd660:   00007f758f7fd7c0 00007f758f7fd6d0 

Instructions: (pc=0x00007f75fccb262b)
0x00007f75fccb252b:   89 e0 5b 41 5c 41 5d 41 5e 41 5f 5d c3 0f 1f 84
0x00007f75fccb253b:   00 00 00 00 00 48 89 df 31 db e8 66 2d 45 00 e9
0x00007f75fccb254b:   ab fe ff ff 90 55 48 89 e5 41 57 49 89 f7 41 56
0x00007f75fccb255b:   49 89 d6 41 55 49 89 fd 41 54 53 48 81 ec 58 01
0x00007f75fccb256b:   00 00 48 89 8d 38 ff ff ff 4c 89 85 40 ff ff ff
0x00007f75fccb257b:   4c 89 8d 48 ff ff ff 84 c0 74 29 0f 29 85 50 ff
0x00007f75fccb258b:   ff ff 0f 29 8d 60 ff ff ff 0f 29 95 70 ff ff ff
0x00007f75fccb259b:   0f 29 5d 80 0f 29 65 90 0f 29 6d a0 0f 29 75 b0
0x00007f75fccb25ab:   0f 29 7d c0 49 8d 9d c0 fc ff ff 8b 83 d0 03 00
0x00007f75fccb25bb:   00 2d ab de 00 00 83 f8 01 0f 87 46 01 00 00 48
0x00007f75fccb25cb:   89 df 48 89 9d 88 fe ff ff e8 c7 69 ff ff 48 83
0x00007f75fccb25db:   7b 08 00 48 89 9d c0 fe ff ff 48 c7 85 c8 fe ff
0x00007f75fccb25eb:   ff 00 00 00 00 74 0c 48 8d bd c0 fe ff ff e8 02
0x00007f75fccb25fb:   0e 32 00 48 8d 45 10 4c 8d a5 e0 fe ff ff c7 85
0x00007f75fccb260b:   a8 fe ff ff 18 00 00 00 48 89 85 b0 fe ff ff 48
0x00007f75fccb261b:   8d 85 20 ff ff ff 4c 89 e7 48 89 85 b8 fe ff ff
0x00007f75fccb262b:   49 8b 06 c7 85 ac fe ff ff 30 00 00 00 c7 85 90
0x00007f75fccb263b:   fe ff ff 0c 00 00 00 48 8b 40 08 0f b7 50 2c 48
0x00007f75fccb264b:   8b 40 08 48 8b 74 d0 40 e8 78 53 3a 00 4d 89 e0
0x00007f75fccb265b:   49 89 d9 4c 89 f1 48 8d 05 f0 20 77 00 4c 89 fa
0x00007f75fccb266b:   4c 89 ef 45 31 e4 48 89 85 e0 fe ff ff f3 0f 6f
0x00007f75fccb267b:   85 a8 fe ff ff 48 8d b5 90 fe ff ff 48 8b 85 b8
0x00007f75fccb268b:   fe ff ff c7 85 f8 fe ff ff 63 00 00 00 48 c7 85
0x00007f75fccb269b:   00 ff ff ff 00 00 00 00 0f 11 85 08 ff ff ff 48
0x00007f75fccb26ab:   89 85 18 ff ff ff e8 fa f3 ff ff 48 83 7b 08 00
0x00007f75fccb26bb:   75 07 4c 8b a5 98 fe ff ff 48 83 bd c8 fe ff ff
0x00007f75fccb26cb:   00 74 0c 48 8d bd c0 fe ff ff e8 76 0d 32 00 48
0x00007f75fccb26db:   8b bb f0 00 00 00 e8 1a e3 00 00 48 8d bd 88 fe
0x00007f75fccb26eb:   ff ff e8 fe e3 00 00 48 81 c4 58 01 00 00 4c 89
0x00007f75fccb26fb:   e0 5b 41 5c 41 5d 41 5e 41 5f 5d c3 66 0f 1f 84
0x00007f75fccb270b:   00 00 00 00 00 48 89 df 31 db e8 96 2b 45 00 e9
0x00007f75fccb271b:   ab fe ff ff 90 55 48 89 e5 41 57 49 89 f7 41 56 


Stack slot to memory mapping:
stack at sp + 0 slots: 0x00007f75f811a620 points into unknown readable memory: 00 00 00 00 00 00 00 00
stack at sp + 1 slots: 0x00007f75f8335800 is a thread
stack at sp + 2 slots: 0x00007f75b46f5063: <offset 0x0000000000002063> in /home/kramer/Downloads/RobotArena-master/RobotAreana/AIBasic/build/libs/mynativelibrary/shared/libmynativelibrary.so at 0x00007f75b46f3000
stack at sp + 3 slots: 0x00007f75fd22daf8: <offset 0x0000000000ddfaf8> in /usr/lib/jvm/java-11-openjdk-amd64/lib/server/libjvm.so at 0x00007f75fc44e000
stack at sp + 4 slots: 0x0000000000000535 is an unknown value
stack at sp + 5 slots: 0x0000000800000018 is pointing into metadata
stack at sp + 6 slots: 0x00007f758f7fd7c0 is pointing into the stack for thread: 0x00007f75f8335800
stack at sp + 7 slots: 0x00007f758f7fd6d0 is pointing into the stack for thread: 0x00007f75f8335800


---------------  P R O C E S S  ---------------

Threads class SMR info:
_java_thread_list=0x00007f75f833a9f0, length=16, elements={
0x00007f75f8011800, 0x00007f75f8107000, 0x00007f75f8109000, 0x00007f75f810e800,
0x00007f75f8110800, 0x00007f75f8112800, 0x00007f75f8114800, 0x00007f75f814b800,
0x00007f75f8154000, 0x00007f75f8302800, 0x00007f75f8305000, 0x00007f75ac267000,
0x00007f75f832e000, 0x00007f75f8335800, 0x00007f75f8338000, 0x00007f75f8339000
}

Java Threads: ( => current thread )
  0x00007f75f8011800 JavaThread "main" [_thread_in_Java, id=12060, stack(0x00007f75fc003000,0x00007f75fc104000)]
  0x00007f75f8107000 JavaThread "Reference Handler" daemon [_thread_blocked, id=12067, stack(0x00007f75d450f000,0x00007f75d4610000)]
  0x00007f75f8109000 JavaThread "Finalizer" daemon [_thread_blocked, id=12068, stack(0x00007f75d440e000,0x00007f75d450f000)]
  0x00007f75f810e800 JavaThread "Signal Dispatcher" daemon [_thread_blocked, id=12069, stack(0x00007f75d430d000,0x00007f75d440e000)]
  0x00007f75f8110800 JavaThread "C2 CompilerThread0" daemon [_thread_blocked, id=12070, stack(0x00007f75d420c000,0x00007f75d430d000)]
  0x00007f75f8112800 JavaThread "C1 CompilerThread0" daemon [_thread_blocked, id=12071, stack(0x00007f75d410b000,0x00007f75d420c000)]
  0x00007f75f8114800 JavaThread "Sweeper thread" daemon [_thread_blocked, id=12073, stack(0x00007f75d400a000,0x00007f75d410b000)]
  0x00007f75f814b800 JavaThread "Service Thread" daemon [_thread_blocked, id=12074, stack(0x00007f75b7124000,0x00007f75b7225000)]
  0x00007f75f8154000 JavaThread "Common-Cleaner" daemon [_thread_blocked, id=12076, stack(0x00007f75b6f21000,0x00007f75b7022000)]
  0x00007f75f8302800 JavaThread "Java2D Disposer" daemon [_thread_blocked, id=12080, stack(0x00007f75b43d4000,0x00007f75b44d5000)]
  0x00007f75f8305000 JavaThread "AWT-XAWT" daemon [_thread_in_native, id=12081, stack(0x00007f75b42d3000,0x00007f75b43d4000)]
  0x00007f75ac267000 JavaThread "C2 CompilerThread1" daemon [_thread_blocked, id=12082, stack(0x00007f75b41d2000,0x00007f75b42d3000)]
  0x00007f75f832e000 JavaThread "Image Fetcher 0" daemon [_thread_blocked, id=12083, stack(0x00007f75b40d1000,0x00007f75b41d2000)]
=>0x00007f75f8335800 JavaThread "Thomas" [_thread_in_vm, id=12084, stack(0x00007f758f6fe000,0x00007f758f7ff000)]
  0x00007f75f8338000 JavaThread "Thomas" [_thread_in_vm, id=12085, stack(0x00007f758f5fd000,0x00007f758f6fe000)]
  0x00007f75f8339000 JavaThread "Thomas" [_thread_in_vm, id=12086, stack(0x00007f758f4fc000,0x00007f758f5fd000)]

Other Threads:
  0x00007f75f8104000 VMThread "VM Thread" [stack: 0x00007f75d4612000,0x00007f75d4712000] [id=12066] _threads_hazard_ptr=0x00007f75f833a9f0
  0x00007f75f814e000 WatcherThread [stack: 0x00007f75b7024000,0x00007f75b7124000] [id=12075]
  0x00007f75f8027000 GCTaskThread "GC Thread#0" [stack: 0x00007f75e060c000,0x00007f75e070c000] [id=12061]
  0x00007f75f8058000 ConcurrentGCThread "G1 Main Marker" [stack: 0x00007f75e00c4000,0x00007f75e01c4000] [id=12062]
  0x00007f75f805a000 ConcurrentGCThread "G1 Conc#0" [stack: 0x00007f75d75f8000,0x00007f75d76f8000] [id=12063]
  0x00007f75f80d2000 ConcurrentGCThread "G1 Refine#0" [stack: 0x00007f75d50f2000,0x00007f75d51f2000] [id=12064]
  0x00007f75f80d3800 ConcurrentGCThread "G1 Young RemSet Sampling" [stack: 0x00007f75d4ff0000,0x00007f75d50f0000] [id=12065]

Threads with active compile tasks:

VM state:synchronizing (normal execution)

VM Mutex/Monitor currently owned by a thread:  ([mutex/lock_event])
[0x00007f75f800e2d0] Safepoint_lock - owner thread: 0x00007f75f8104000
[0x00007f75f800e360] Threads_lock - owner thread: 0x00007f75f8104000
[0x00007f75f800eab0] Heap_lock - owner thread: 0x00007f75f8338000

Heap address: 0x0000000085000000, size: 1968 MB, Compressed Oops mode: 32-bit
Narrow klass base: 0x0000000800000000, Narrow klass shift: 3
Compressed class space size: 1073741824 Address: 0x0000000840000000

Heap:
 garbage-first heap   total 129024K, used 23160K [0x0000000085000000, 0x0000000100000000)
  region size 1024K, 14 young (14336K), 0 survivors (0K)
 Metaspace       used 5216K, capacity 5594K, committed 5888K, reserved 1056768K
  class space    used 583K, capacity 767K, committed 768K, reserved 1048576K
Heap Regions: E=young(eden), S=young(survivor), O=old, HS=humongous(starts), HC=humongous(continues), CS=collection set, F=free, A=archive, TAMS=top-at-mark-start (previous, next)
|   0|0x0000000085000000, 0x0000000085100000, 0x0000000085100000|100%|HS|  |TAMS 0x0000000085000000, 0x0000000085000000| Complete 
|   1|0x0000000085100000, 0x0000000085200000, 0x0000000085200000|100%|HC|  |TAMS 0x0000000085100000, 0x0000000085100000| Complete 
|   2|0x0000000085200000, 0x0000000085300000, 0x0000000085300000|100%|HC|  |TAMS 0x0000000085200000, 0x0000000085200000| Complete 
|   3|0x0000000085300000, 0x0000000085400000, 0x0000000085400000|100%|HC|  |TAMS 0x0000000085300000, 0x0000000085300000| Complete 
|   4|0x0000000085400000, 0x0000000085500000, 0x0000000085500000|100%|HC|  |TAMS 0x0000000085400000, 0x0000000085400000| Complete 
|   5|0x0000000085500000, 0x0000000085600000, 0x0000000085600000|100%|HC|  |TAMS 0x0000000085500000, 0x0000000085500000| Complete 
|   6|0x0000000085600000, 0x0000000085700000, 0x0000000085700000|100%|HC|  |TAMS 0x0000000085600000, 0x0000000085600000| Complete 
|   7|0x0000000085700000, 0x0000000085800000, 0x0000000085800000|100%|HC|  |TAMS 0x0000000085700000, 0x0000000085700000| Complete 
|   8|0x0000000085800000, 0x0000000085800000, 0x0000000085900000|  0%| F|  |TAMS 0x0000000085800000, 0x0000000085800000| Untracked 
|   9|0x0000000085900000, 0x0000000085900000, 0x0000000085a00000|  0%| F|  |TAMS 0x0000000085900000, 0x0000000085900000| Untracked 
|  10|0x0000000085a00000, 0x0000000085a00000, 0x0000000085b00000|  0%| F|  |TAMS 0x0000000085a00000, 0x0000000085a00000| Untracked 
|  11|0x0000000085b00000, 0x0000000085b00000, 0x0000000085c00000|  0%| F|  |TAMS 0x0000000085b00000, 0x0000000085b00000| Untracked 
|  12|0x0000000085c00000, 0x0000000085c00000, 0x0000000085d00000|  0%| F|  |TAMS 0x0000000085c00000, 0x0000000085c00000| Untracked 
|  13|0x0000000085d00000, 0x0000000085d00000, 0x0000000085e00000|  0%| F|  |TAMS 0x0000000085d00000, 0x0000000085d00000| Untracked 
|  14|0x0000000085e00000, 0x0000000085e00000, 0x0000000085f00000|  0%| F|  |TAMS 0x0000000085e00000, 0x0000000085e00000| Untracked 
|  15|0x0000000085f00000, 0x0000000085f00000, 0x0000000086000000|  0%| F|  |TAMS 0x0000000085f00000, 0x0000000085f00000| Untracked 
|  16|0x0000000086000000, 0x0000000086000000, 0x0000000086100000|  0%| F|  |TAMS 0x0000000086000000, 0x0000000086000000| Untracked 
|  17|0x0000000086100000, 0x0000000086100000, 0x0000000086200000|  0%| F|  |TAMS 0x0000000086100000, 0x0000000086100000| Untracked 
|  18|0x0000000086200000, 0x0000000086200000, 0x0000000086300000|  0%| F|  |TAMS 0x0000000086200000, 0x0000000086200000| Untracked 
|  19|0x0000000086300000, 0x0000000086300000, 0x0000000086400000|  0%| F|  |TAMS 0x0000000086300000, 0x0000000086300000| Untracked 
|  20|0x0000000086400000, 0x0000000086400000, 0x0000000086500000|  0%| F|  |TAMS 0x0000000086400000, 0x0000000086400000| Untracked 
|  21|0x0000000086500000, 0x0000000086500000, 0x0000000086600000|  0%| F|  |TAMS 0x0000000086500000, 0x0000000086500000| Untracked 
|  22|0x0000000086600000, 0x0000000086600000, 0x0000000086700000|  0%| F|  |TAMS 0x0000000086600000, 0x0000000086600000| Untracked 
|  23|0x0000000086700000, 0x0000000086700000, 0x0000000086800000|  0%| F|  |TAMS 0x0000000086700000, 0x0000000086700000| Untracked 
|  24|0x0000000086800000, 0x0000000086800000, 0x0000000086900000|  0%| F|  |TAMS 0x0000000086800000, 0x0000000086800000| Untracked 
|  25|0x0000000086900000, 0x0000000086900000, 0x0000000086a00000|  0%| F|  |TAMS 0x0000000086900000, 0x0000000086900000| Untracked 
|  26|0x0000000086a00000, 0x0000000086a00000, 0x0000000086b00000|  0%| F|  |TAMS 0x0000000086a00000, 0x0000000086a00000| Untracked 
|  27|0x0000000086b00000, 0x0000000086b00000, 0x0000000086c00000|  0%| F|  |TAMS 0x0000000086b00000, 0x0000000086b00000| Untracked 
|  28|0x0000000086c00000, 0x0000000086c00000, 0x0000000086d00000|  0%| F|  |TAMS 0x0000000086c00000, 0x0000000086c00000| Untracked 
|  29|0x0000000086d00000, 0x0000000086d00000, 0x0000000086e00000|  0%| F|  |TAMS 0x0000000086d00000, 0x0000000086d00000| Untracked 
|  30|0x0000000086e00000, 0x0000000086e00000, 0x0000000086f00000|  0%| F|  |TAMS 0x0000000086e00000, 0x0000000086e00000| Untracked 
|  31|0x0000000086f00000, 0x0000000086f00000, 0x0000000087000000|  0%| F|  |TAMS 0x0000000086f00000, 0x0000000086f00000| Untracked 
|  32|0x0000000087000000, 0x0000000087000000, 0x0000000087100000|  0%| F|  |TAMS 0x0000000087000000, 0x0000000087000000| Untracked 
|  33|0x0000000087100000, 0x0000000087100000, 0x0000000087200000|  0%| F|  |TAMS 0x0000000087100000, 0x0000000087100000| Untracked 
|  34|0x0000000087200000, 0x0000000087200000, 0x0000000087300000|  0%| F|  |TAMS 0x0000000087200000, 0x0000000087200000| Untracked 
|  35|0x0000000087300000, 0x0000000087300000, 0x0000000087400000|  0%| F|  |TAMS 0x0000000087300000, 0x0000000087300000| Untracked 
|  36|0x0000000087400000, 0x0000000087400000, 0x0000000087500000|  0%| F|  |TAMS 0x0000000087400000, 0x0000000087400000| Untracked 
|  37|0x0000000087500000, 0x0000000087500000, 0x0000000087600000|  0%| F|  |TAMS 0x0000000087500000, 0x0000000087500000| Untracked 
|  38|0x0000000087600000, 0x0000000087600000, 0x0000000087700000|  0%| F|  |TAMS 0x0000000087600000, 0x0000000087600000| Untracked 
|  39|0x0000000087700000, 0x0000000087700000, 0x0000000087800000|  0%| F|  |TAMS 0x0000000087700000, 0x0000000087700000| Untracked 
|  40|0x0000000087800000, 0x0000000087800000, 0x0000000087900000|  0%| F|  |TAMS 0x0000000087800000, 0x0000000087800000| Untracked 
|  41|0x0000000087900000, 0x0000000087900000, 0x0000000087a00000|  0%| F|  |TAMS 0x0000000087900000, 0x0000000087900000| Untracked 
|  42|0x0000000087a00000, 0x0000000087a00000, 0x0000000087b00000|  0%| F|  |TAMS 0x0000000087a00000, 0x0000000087a00000| Untracked 
|  43|0x0000000087b00000, 0x0000000087b00000, 0x0000000087c00000|  0%| F|  |TAMS 0x0000000087b00000, 0x0000000087b00000| Untracked 
|  44|0x0000000087c00000, 0x0000000087c00000, 0x0000000087d00000|  0%| F|  |TAMS 0x0000000087c00000, 0x0000000087c00000| Untracked 
|  45|0x0000000087d00000, 0x0000000087d00000, 0x0000000087e00000|  0%| F|  |TAMS 0x0000000087d00000, 0x0000000087d00000| Untracked 
|  46|0x0000000087e00000, 0x0000000087e00000, 0x0000000087f00000|  0%| F|  |TAMS 0x0000000087e00000, 0x0000000087e00000| Untracked 
|  47|0x0000000087f00000, 0x0000000087f00000, 0x0000000088000000|  0%| F|  |TAMS 0x0000000087f00000, 0x0000000087f00000| Untracked 
|  48|0x0000000088000000, 0x0000000088000000, 0x0000000088100000|  0%| F|  |TAMS 0x0000000088000000, 0x0000000088000000| Untracked 
|  49|0x0000000088100000, 0x0000000088100000, 0x0000000088200000|  0%| F|  |TAMS 0x0000000088100000, 0x0000000088100000| Untracked 
|  50|0x0000000088200000, 0x0000000088200000, 0x0000000088300000|  0%| F|  |TAMS 0x0000000088200000, 0x0000000088200000| Untracked 
|  51|0x0000000088300000, 0x0000000088300000, 0x0000000088400000|  0%| F|  |TAMS 0x0000000088300000, 0x0000000088300000| Untracked 
|  52|0x0000000088400000, 0x0000000088400000, 0x0000000088500000|  0%| F|  |TAMS 0x0000000088400000, 0x0000000088400000| Untracked 
|  53|0x0000000088500000, 0x0000000088500000, 0x0000000088600000|  0%| F|  |TAMS 0x0000000088500000, 0x0000000088500000| Untracked 
|  54|0x0000000088600000, 0x0000000088600000, 0x0000000088700000|  0%| F|  |TAMS 0x0000000088600000, 0x0000000088600000| Untracked 
|  55|0x0000000088700000, 0x0000000088700000, 0x0000000088800000|  0%| F|  |TAMS 0x0000000088700000, 0x0000000088700000| Untracked 
|  56|0x0000000088800000, 0x0000000088800000, 0x0000000088900000|  0%| F|  |TAMS 0x0000000088800000, 0x0000000088800000| Untracked 
|  57|0x0000000088900000, 0x0000000088900000, 0x0000000088a00000|  0%| F|  |TAMS 0x0000000088900000, 0x0000000088900000| Untracked 
|  58|0x0000000088a00000, 0x0000000088a00000, 0x0000000088b00000|  0%| F|  |TAMS 0x0000000088a00000, 0x0000000088a00000| Untracked 
|  59|0x0000000088b00000, 0x0000000088b00000, 0x0000000088c00000|  0%| F|  |TAMS 0x0000000088b00000, 0x0000000088b00000| Untracked 
|  60|0x0000000088c00000, 0x0000000088c00000, 0x0000000088d00000|  0%| F|  |TAMS 0x0000000088c00000, 0x0000000088c00000| Untracked 
|  61|0x0000000088d00000, 0x0000000088d00000, 0x0000000088e00000|  0%| F|  |TAMS 0x0000000088d00000, 0x0000000088d00000| Untracked 
|  62|0x0000000088e00000, 0x0000000088e00000, 0x0000000088f00000|  0%| F|  |TAMS 0x0000000088e00000, 0x0000000088e00000| Untracked 
|  63|0x0000000088f00000, 0x0000000088f00000, 0x0000000089000000|  0%| F|  |TAMS 0x0000000088f00000, 0x0000000088f00000| Untracked 
|  64|0x0000000089000000, 0x0000000089000000, 0x0000000089100000|  0%| F|  |TAMS 0x0000000089000000, 0x0000000089000000| Untracked 
|  65|0x0000000089100000, 0x0000000089100000, 0x0000000089200000|  0%| F|  |TAMS 0x0000000089100000, 0x0000000089100000| Untracked 
|  66|0x0000000089200000, 0x0000000089200000, 0x0000000089300000|  0%| F|  |TAMS 0x0000000089200000, 0x0000000089200000| Untracked 
|  67|0x0000000089300000, 0x0000000089300000, 0x0000000089400000|  0%| F|  |TAMS 0x0000000089300000, 0x0000000089300000| Untracked 
|  68|0x0000000089400000, 0x0000000089400000, 0x0000000089500000|  0%| F|  |TAMS 0x0000000089400000, 0x0000000089400000| Untracked 
|  69|0x0000000089500000, 0x0000000089500000, 0x0000000089600000|  0%| F|  |TAMS 0x0000000089500000, 0x0000000089500000| Untracked 
|  70|0x0000000089600000, 0x0000000089600000, 0x0000000089700000|  0%| F|  |TAMS 0x0000000089600000, 0x0000000089600000| Untracked 
|  71|0x0000000089700000, 0x0000000089700000, 0x0000000089800000|  0%| F|  |TAMS 0x0000000089700000, 0x0000000089700000| Untracked 
|  72|0x0000000089800000, 0x0000000089800000, 0x0000000089900000|  0%| F|  |TAMS 0x0000000089800000, 0x0000000089800000| Untracked 
|  73|0x0000000089900000, 0x0000000089900000, 0x0000000089a00000|  0%| F|  |TAMS 0x0000000089900000, 0x0000000089900000| Untracked 
|  74|0x0000000089a00000, 0x0000000089a00000, 0x0000000089b00000|  0%| F|  |TAMS 0x0000000089a00000, 0x0000000089a00000| Untracked 
|  75|0x0000000089b00000, 0x0000000089b00000, 0x0000000089c00000|  0%| F|  |TAMS 0x0000000089b00000, 0x0000000089b00000| Untracked 
|  76|0x0000000089c00000, 0x0000000089c00000, 0x0000000089d00000|  0%| F|  |TAMS 0x0000000089c00000, 0x0000000089c00000| Untracked 
|  77|0x0000000089d00000, 0x0000000089d00000, 0x0000000089e00000|  0%| F|  |TAMS 0x0000000089d00000, 0x0000000089d00000| Untracked 
|  78|0x0000000089e00000, 0x0000000089e00000, 0x0000000089f00000|  0%| F|  |TAMS 0x0000000089e00000, 0x0000000089e00000| Untracked 
|  79|0x0000000089f00000, 0x0000000089f00000, 0x000000008a000000|  0%| F|  |TAMS 0x0000000089f00000, 0x0000000089f00000| Untracked 
|  80|0x000000008a000000, 0x000000008a000000, 0x000000008a100000|  0%| F|  |TAMS 0x000000008a000000, 0x000000008a000000| Untracked 
|  81|0x000000008a100000, 0x000000008a100000, 0x000000008a200000|  0%| F|  |TAMS 0x000000008a100000, 0x000000008a100000| Untracked 
|  82|0x000000008a200000, 0x000000008a200000, 0x000000008a300000|  0%| F|  |TAMS 0x000000008a200000, 0x000000008a200000| Untracked 
|  83|0x000000008a300000, 0x000000008a300000, 0x000000008a400000|  0%| F|  |TAMS 0x000000008a300000, 0x000000008a300000| Untracked 
|  84|0x000000008a400000, 0x000000008a400000, 0x000000008a500000|  0%| F|  |TAMS 0x000000008a400000, 0x000000008a400000| Untracked 
|  85|0x000000008a500000, 0x000000008a500000, 0x000000008a600000|  0%| F|  |TAMS 0x000000008a500000, 0x000000008a500000| Untracked 
|  86|0x000000008a600000, 0x000000008a600000, 0x000000008a700000|  0%| F|  |TAMS 0x000000008a600000, 0x000000008a600000| Untracked 
|  87|0x000000008a700000, 0x000000008a700000, 0x000000008a800000|  0%| F|  |TAMS 0x000000008a700000, 0x000000008a700000| Untracked 
|  88|0x000000008a800000, 0x000000008a800000, 0x000000008a900000|  0%| F|  |TAMS 0x000000008a800000, 0x000000008a800000| Untracked 
|  89|0x000000008a900000, 0x000000008a900000, 0x000000008aa00000|  0%| F|  |TAMS 0x000000008a900000, 0x000000008a900000| Untracked 
|  90|0x000000008aa00000, 0x000000008aa00000, 0x000000008ab00000|  0%| F|  |TAMS 0x000000008aa00000, 0x000000008aa00000| Untracked 
|  91|0x000000008ab00000, 0x000000008ab00000, 0x000000008ac00000|  0%| F|  |TAMS 0x000000008ab00000, 0x000000008ab00000| Untracked 
|  92|0x000000008ac00000, 0x000000008ac00000, 0x000000008ad00000|  0%| F|  |TAMS 0x000000008ac00000, 0x000000008ac00000| Untracked 
|  93|0x000000008ad00000, 0x000000008ad00000, 0x000000008ae00000|  0%| F|  |TAMS 0x000000008ad00000, 0x000000008ad00000| Untracked 
|  94|0x000000008ae00000, 0x000000008ae00000, 0x000000008af00000|  0%| F|  |TAMS 0x000000008ae00000, 0x000000008ae00000| Untracked 
|  95|0x000000008af00000, 0x000000008af00000, 0x000000008b000000|  0%| F|  |TAMS 0x000000008af00000, 0x000000008af00000| Untracked 
|  96|0x000000008b000000, 0x000000008b000000, 0x000000008b100000|  0%| F|  |TAMS 0x000000008b000000, 0x000000008b000000| Untracked 
|  97|0x000000008b100000, 0x000000008b100000, 0x000000008b200000|  0%| F|  |TAMS 0x000000008b100000, 0x000000008b100000| Untracked 
|  98|0x000000008b200000, 0x000000008b200000, 0x000000008b300000|  0%| F|  |TAMS 0x000000008b200000, 0x000000008b200000| Untracked 
|  99|0x000000008b300000, 0x000000008b300000, 0x000000008b400000|  0%| F|  |TAMS 0x000000008b300000, 0x000000008b300000| Untracked 
| 100|0x000000008b400000, 0x000000008b400000, 0x000000008b500000|  0%| F|  |TAMS 0x000000008b400000, 0x000000008b400000| Untracked 
| 101|0x000000008b500000, 0x000000008b500000, 0x000000008b600000|  0%| F|  |TAMS 0x000000008b500000, 0x000000008b500000| Untracked 
| 102|0x000000008b600000, 0x000000008b600000, 0x000000008b700000|  0%| F|  |TAMS 0x000000008b600000, 0x000000008b600000| Untracked 
| 103|0x000000008b700000, 0x000000008b700000, 0x000000008b800000|  0%| F|  |TAMS 0x000000008b700000, 0x000000008b700000| Untracked 
| 104|0x000000008b800000, 0x000000008b800000, 0x000000008b900000|  0%| F|  |TAMS 0x000000008b800000, 0x000000008b800000| Untracked 
| 105|0x000000008b900000, 0x000000008b900000, 0x000000008ba00000|  0%| F|  |TAMS 0x000000008b900000, 0x000000008b900000| Untracked 
| 106|0x000000008ba00000, 0x000000008ba00000, 0x000000008bb00000|  0%| F|  |TAMS 0x000000008ba00000, 0x000000008ba00000| Untracked 
| 107|0x000000008bb00000, 0x000000008bb00000, 0x000000008bc00000|  0%| F|  |TAMS 0x000000008bb00000, 0x000000008bb00000| Untracked 
| 108|0x000000008bc00000, 0x000000008bc00000, 0x000000008bd00000|  0%| F|  |TAMS 0x000000008bc00000, 0x000000008bc00000| Untracked 
| 109|0x000000008bd00000, 0x000000008bd00000, 0x000000008be00000|  0%| F|  |TAMS 0x000000008bd00000, 0x000000008bd00000| Untracked 
| 110|0x000000008be00000, 0x000000008bf00000, 0x000000008bf00000|100%| E|CS|TAMS 0x000000008be00000, 0x000000008be00000| Complete 
| 111|0x000000008bf00000, 0x000000008c000000, 0x000000008c000000|100%| E|CS|TAMS 0x000000008bf00000, 0x000000008bf00000| Complete 
| 112|0x000000008c000000, 0x000000008c100000, 0x000000008c100000|100%| E|CS|TAMS 0x000000008c000000, 0x000000008c000000| Complete 
| 113|0x000000008c100000, 0x000000008c200000, 0x000000008c200000|100%| E|CS|TAMS 0x000000008c100000, 0x000000008c100000| Complete 
| 114|0x000000008c200000, 0x000000008c300000, 0x000000008c300000|100%| E|CS|TAMS 0x000000008c200000, 0x000000008c200000| Complete 
| 115|0x000000008c300000, 0x000000008c400000, 0x000000008c400000|100%| E|CS|TAMS 0x000000008c300000, 0x000000008c300000| Complete 
| 116|0x000000008c400000, 0x000000008c500000, 0x000000008c500000|100%| E|CS|TAMS 0x000000008c400000, 0x000000008c400000| Complete 
| 117|0x000000008c500000, 0x000000008c600000, 0x000000008c600000|100%| E|CS|TAMS 0x000000008c500000, 0x000000008c500000| Complete 
| 118|0x000000008c600000, 0x000000008c700000, 0x000000008c700000|100%| E|CS|TAMS 0x000000008c600000, 0x000000008c600000| Complete 
| 119|0x000000008c700000, 0x000000008c800000, 0x000000008c800000|100%| E|CS|TAMS 0x000000008c700000, 0x000000008c700000| Complete 
| 120|0x000000008c800000, 0x000000008c900000, 0x000000008c900000|100%| E|CS|TAMS 0x000000008c800000, 0x000000008c800000| Complete 
| 121|0x000000008c900000, 0x000000008ca00000, 0x000000008ca00000|100%| E|CS|TAMS 0x000000008c900000, 0x000000008c900000| Complete 
| 122|0x000000008ca00000, 0x000000008cb00000, 0x000000008cb00000|100%| E|CS|TAMS 0x000000008ca00000, 0x000000008ca00000| Complete 
| 123|0x000000008cb00000, 0x000000008cc00000, 0x000000008cc00000|100%| E|CS|TAMS 0x000000008cb00000, 0x000000008cb00000| Complete 
|1966|0x00000000ffe00000, 0x00000000ffe34000, 0x00000000fff00000| 20%|OA|  |TAMS 0x00000000ffe00000, 0x00000000ffe00000| Untracked 
|1967|0x00000000fff00000, 0x00000000fff6a000, 0x0000000100000000| 41%|CA|  |TAMS 0x00000000fff00000, 0x00000000fff00000| Untracked 

Card table byte_map: [0x00007f75db850000,0x00007f75dbc28000] _byte_map_base: 0x00007f75db428000

Marking Bits (Prev, Next): (CMBitMap*) 0x00007f75f804f5d8, (CMBitMap*) 0x00007f75f804f610
 Prev Bits: [0x00007f75d95b8000, 0x00007f75db478000)
 Next Bits: [0x00007f75d76f8000, 0x00007f75d95b8000)

Polling page: 0x00007f75fc001000

Metaspace:

Usage:
  Non-class:      4.71 MB capacity,     4.52 MB ( 96%) used,   165.57 KB (  3%) free+waste,    28.50 KB ( <1%) overhead. 
      Class:    767.00 KB capacity,   583.45 KB ( 76%) used,   165.49 KB ( 22%) free+waste,    18.06 KB (  2%) overhead. 
       Both:      5.46 MB capacity,     5.09 MB ( 93%) used,   331.06 KB (  6%) free+waste,    46.56 KB ( <1%) overhead. 

Virtual space:
  Non-class space:        8.00 MB reserved,       5.00 MB ( 62%) committed 
      Class space:        1.00 GB reserved,     768.00 KB ( <1%) committed 
             Both:        1.01 GB reserved,       5.75 MB ( <1%) committed 

Chunk freelists:
   Non-Class:  45.00 KB
       Class:  1.00 KB
        Both:  46.00 KB

CodeHeap 'non-profiled nmethods': size=120032Kb used=243Kb max_used=243Kb free=119789Kb
 bounds [0x00007f75e83b6000, 0x00007f75e8626000, 0x00007f75ef8ee000]
CodeHeap 'profiled nmethods': size=120032Kb used=1130Kb max_used=1130Kb free=118901Kb
 bounds [0x00007f75e0e7e000, 0x00007f75e10ee000, 0x00007f75e83b6000]
CodeHeap 'non-nmethods': size=5696Kb used=1183Kb max_used=1201Kb free=4512Kb
 bounds [0x00007f75e08ee000, 0x00007f75e0b5e000, 0x00007f75e0e7e000]
 total_blobs=1306 nmethods=643 adapters=455
 compilation: enabled
              stopped_count=0, restarted_count=0
 full_count=0

Compilation events (10 events):
Event: 1.142 Thread 0x00007f75f8112800 nmethod 638 0x00007f75e0f97410 code [0x00007f75e0f975c0, 0x00007f75e0f97768]
Event: 1.142 Thread 0x00007f75f8112800  639       3       java.nio.ByteBuffer::position (8 bytes)
Event: 1.142 Thread 0x00007f75f8112800 nmethod 639 0x00007f75e0f97810 code [0x00007f75e0f979c0, 0x00007f75e0f97b88]
Event: 1.142 Thread 0x00007f75f8112800  641       3       java.lang.String::lastIndexOf (29 bytes)
Event: 1.142 Thread 0x00007f75ac267000 nmethod 640 0x00007f75e83f2590 code [0x00007f75e83f2720, 0x00007f75e83f27b8]
Event: 1.142 Thread 0x00007f75f8112800 nmethod 641 0x00007f75e0f97c10 code [0x00007f75e0f97de0, 0x00007f75e0f980d8]
Event: 1.142 Thread 0x00007f75f8112800  643       3       java.lang.String::lastIndexOf (12 bytes)
Event: 1.143 Thread 0x00007f75f8112800 nmethod 643 0x00007f75e0f98210 code [0x00007f75e0f98400, 0x00007f75e0f98858]
Event: 1.143 Thread 0x00007f75f8112800  642       1       java.net.URL::getProtocol (5 bytes)
Event: 1.143 Thread 0x00007f75f8112800 nmethod 642 0x00007f75e83f2890 code [0x00007f75e83f2a40, 0x00007f75e83f2b70]

GC Heap History (0 events):
No events

Deoptimization events (10 events):
Event: 1.134 Thread 0x00007f75f832e000 DEOPT PACKING pc=0x00007f75e0f6738d sp=0x00007f75b41d0660
Event: 1.134 Thread 0x00007f75f832e000 DEOPT UNPACKING pc=0x00007f75e091683a sp=0x00007f75b41cfaf0 mode 0
Event: 1.134 Thread 0x00007f75f832e000 DEOPT PACKING pc=0x00007f75e0f6738d sp=0x00007f75b41d0660
Event: 1.134 Thread 0x00007f75f832e000 DEOPT UNPACKING pc=0x00007f75e091683a sp=0x00007f75b41cfaf0 mode 0
Event: 1.134 Thread 0x00007f75f832e000 DEOPT PACKING pc=0x00007f75e0f6738d sp=0x00007f75b41d0660
Event: 1.134 Thread 0x00007f75f832e000 DEOPT UNPACKING pc=0x00007f75e091683a sp=0x00007f75b41cfaf0 mode 0
Event: 1.138 Thread 0x00007f75f832e000 Uncommon trap: trap_request=0xffffff4d fr.pc=0x00007f75e83ee220 relative=0x0000000000001040
Event: 1.138 Thread 0x00007f75f832e000 Uncommon trap: reason=unstable_if action=reinterpret pc=0x00007f75e83ee220 method=sun.awt.image.PNGImageDecoder.produceImage()V @ 867 c2
Event: 1.138 Thread 0x00007f75f832e000 DEOPT PACKING pc=0x00007f75e83ee220 sp=0x00007f75b41d06e0
Event: 1.138 Thread 0x00007f75f832e000 DEOPT UNPACKING pc=0x00007f75e0916a25 sp=0x00007f75b41d0650 mode 2

Classes redefined (0 events):
No events

Internal exceptions (10 events):
Event: 0.213 Thread 0x00007f75f8011800 Exception <a 'java/lang/NoSuchMethodError'{0x000000008c8c48e8}: 'java.lang.Object java.lang.invoke.DirectMethodHandle$Holder.invokeSpecial(java.lang.Object, java.lang.Object, int, java.lang.Object, java.lang.Object, java.lang.Object)'> (0x000000008c8c48e8
Event: 0.216 Thread 0x00007f75f8011800 Exception <a 'java/lang/NoSuchMethodError'{0x000000008c8dc408}: 'java.lang.Object java.lang.invoke.DirectMethodHandle$Holder.invokeStatic(java.lang.Object, int, java.lang.Object)'> (0x000000008c8dc408) thrown at [/build/openjdk-lts-ZT5jEu/openjdk-lts-11.0
Event: 0.985 Thread 0x00007f75f8011800 Exception <a 'java/lang/NoSuchMethodError'{0x000000008c7756b0}: 'java.lang.Object java.lang.invoke.DirectMethodHandle$Holder.invokeStatic(java.lang.Object, java.lang.Object, java.lang.Object, java.lang.Object, java.lang.Object, java.lang.Object, java.lang
Event: 0.986 Thread 0x00007f75f8011800 Exception <a 'java/lang/NoSuchMethodError'{0x000000008c78f610}: 'java.lang.Object java.lang.invoke.DirectMethodHandle$Holder.invokeStatic(java.lang.Object, java.lang.Object, java.lang.Object, java.lang.Object, java.lang.Object, java.lang.Object, java.lang
Event: 0.988 Thread 0x00007f75f8011800 Exception <a 'java/lang/NoSuchMethodError'{0x000000008c79b9d8}: 'void java.lang.invoke.DirectMethodHandle$Holder.invokeSpecial(java.lang.Object, java.lang.Object)'> (0x000000008c79b9d8) thrown at [/build/openjdk-lts-ZT5jEu/openjdk-lts-11.0.4+11/src/hotspo
Event: 1.027 Thread 0x00007f75f8011800 Exception <a 'java/lang/NoSuchMethodError'{0x000000008c509b48}: 'java.lang.Object java.lang.invoke.Invokers$Holder.linkToTargetMethod(java.lang.Object, int, java.lang.Object)'> (0x000000008c509b48) thrown at [/build/openjdk-lts-ZT5jEu/openjdk-lts-11.0.4+1
Event: 1.039 Thread 0x00007f75f8011800 Exception <a 'java/lang/ClassNotFoundException'{0x000000008c54c508}: com/sun/swing/internal/plaf/metal/resources/spi/metalProvider> (0x000000008c54c508) thrown at [/build/openjdk-lts-ZT5jEu/openjdk-lts-11.0.4+11/src/hotspot/share/classfile/systemDictionar
Event: 1.040 Thread 0x00007f75f8011800 Exception <a 'java/lang/ClassNotFoundException'{0x000000008c550410}: com/sun/swing/internal/plaf/basic/resources/spi/basicProvider> (0x000000008c550410) thrown at [/build/openjdk-lts-ZT5jEu/openjdk-lts-11.0.4+11/src/hotspot/share/classfile/systemDictionar
Event: 1.143 Thread 0x00007f75f8335800 Exception <a 'java/lang/NoSuchMethodError'{0x000000008beda710}: get> (0x000000008beda710) thrown at [/build/openjdk-lts-ZT5jEu/openjdk-lts-11.0.4+11/src/hotspot/share/prims/jni.cpp, line 1333]
Event: 1.144 Thread 0x00007f75f8335800 Exception <a 'java/lang/NoSuchMethodError'{0x000000008bedaa10}: size> (0x000000008bedaa10) thrown at [/build/openjdk-lts-ZT5jEu/openjdk-lts-11.0.4+11/src/hotspot/share/prims/jni.cpp, line 1333]

Events (10 events):
Event: 1.141 loading class AI_Robot done
Event: 1.142 loading class AIGroup
Event: 1.142 loading class AIGroup done
Event: 1.142 loading class CRobot$1
Event: 1.142 loading class CRobot$1 done
Event: 1.143 Thread 0x00007f75f8335800 Thread added: 0x00007f75f8335800
Event: 1.143 loading class AI_Robot$1
Event: 1.143 loading class AI_Robot$1 done
Event: 1.143 Executing VM operation: RevokeBias
Event: 1.143 Executing VM operation: RevokeBias done


Dynamic libraries:
85000000-8cc00000 rw-p 00000000 00:00 0 
8cc00000-ffe00000 ---p 00000000 00:00 0 
ffe00000-ffe34000 rw-p 01116000 08:02 23990720                           /usr/lib/jvm/java-11-openjdk-amd64/lib/server/classes.jsa
ffe34000-fff00000 rw-p 00000000 00:00 0 
fff00000-fff6a000 rw-p 010ac000 08:02 23990720                           /usr/lib/jvm/java-11-openjdk-amd64/lib/server/classes.jsa
fff6a000-100000000 rw-p 00000000 00:00 0 
800000000-800002000 rwxp 00001000 08:02 23990720                         /usr/lib/jvm/java-11-openjdk-amd64/lib/server/classes.jsa
800002000-8003bd000 rw-p 00003000 08:02 23990720                         /usr/lib/jvm/java-11-openjdk-amd64/lib/server/classes.jsa
8003bd000-800a98000 r--p 003be000 08:02 23990720                         /usr/lib/jvm/java-11-openjdk-amd64/lib/server/classes.jsa
800a98000-800a99000 rw-p 00a99000 08:02 23990720                         /usr/lib/jvm/java-11-openjdk-amd64/lib/server/classes.jsa
800a99000-8010ab000 r--p 00a9a000 08:02 23990720                         /usr/lib/jvm/java-11-openjdk-amd64/lib/server/classes.jsa
840000000-8400c0000 rw-p 00000000 00:00 0 
8400c0000-880000000 ---p 00000000 00:00 0 
557442596000-557442597000 r--p 00000000 08:02 23597129                   /usr/lib/jvm/java-11-openjdk-amd64/bin/java
557442597000-557442598000 r-xp 00001000 08:02 23597129                   /usr/lib/jvm/java-11-openjdk-amd64/bin/java
557442598000-557442599000 r--p 00002000 08:02 23597129                   /usr/lib/jvm/java-11-openjdk-amd64/bin/java
557442599000-55744259a000 r--p 00002000 08:02 23597129                   /usr/lib/jvm/java-11-openjdk-amd64/bin/java
55744259a000-55744259b000 rw-p 00003000 08:02 23597129                   /usr/lib/jvm/java-11-openjdk-amd64/bin/java
557443f35000-557443f56000 rw-p 00000000 00:00 0                          [heap]
7f7568000000-7f7568021000 rw-p 00000000 00:00 0 
7f7568021000-7f756c000000 ---p 00000000 00:00 0 
7f7570000000-7f7570021000 rw-p 00000000 00:00 0 
7f7570021000-7f7574000000 ---p 00000000 00:00 0 
7f7574000000-7f7574021000 rw-p 00000000 00:00 0 
7f7574021000-7f7578000000 ---p 00000000 00:00 0 
7f7578000000-7f75780e1000 rw-p 00000000 00:00 0 
7f75780e1000-7f757c000000 ---p 00000000 00:00 0 
7f757c000000-7f757c034000 rw-p 00000000 00:00 0 
7f757c034000-7f7580000000 ---p 00000000 00:00 0 
7f7580000000-7f7580021000 rw-p 00000000 00:00 0 
7f7580021000-7f7584000000 ---p 00000000 00:00 0 
7f7584000000-7f7584021000 rw-p 00000000 00:00 0 
7f7584021000-7f7588000000 ---p 00000000 00:00 0 
7f7588000000-7f7588021000 rw-p 00000000 00:00 0 
7f7588021000-7f758c000000 ---p 00000000 00:00 0 
7f758f4fc000-7f758f500000 ---p 00000000 00:00 0 
7f758f500000-7f758f5fd000 rw-p 00000000 00:00 0 
7f758f5fd000-7f758f601000 ---p 00000000 00:00 0 
7f758f601000-7f758f6fe000 rw-p 00000000 00:00 0 
7f758f6fe000-7f758f702000 ---p 00000000 00:00 0 
7f758f702000-7f758f7ff000 rw-p 00000000 00:00 0 
7f758f7ff000-7f758f800000 ---p 00000000 00:00 0 
7f758f800000-7f7590000000 rw-p 00000000 00:00 0 
7f7590000000-7f7590021000 rw-p 00000000 00:00 0 
7f7590021000-7f7594000000 ---p 00000000 00:00 0 
7f7594000000-7f7594021000 rw-p 00000000 00:00 0 
7f7594021000-7f7598000000 ---p 00000000 00:00 0 
7f7598000000-7f7598021000 rw-p 00000000 00:00 0 
7f7598021000-7f759c000000 ---p 00000000 00:00 0 
7f759c000000-7f759c021000 rw-p 00000000 00:00 0 
7f759c021000-7f75a0000000 ---p 00000000 00:00 0 
7f75a0000000-7f75a0021000 rw-p 00000000 00:00 0 
7f75a0021000-7f75a4000000 ---p 00000000 00:00 0 
7f75a4000000-7f75a4021000 rw-p 00000000 00:00 0 
7f75a4021000-7f75a8000000 ---p 00000000 00:00 0 
7f75a8000000-7f75a8776000 rw-p 00000000 00:00 0 
7f75a8776000-7f75ac000000 ---p 00000000 00:00 0 
7f75ac000000-7f75ac273000 rw-p 00000000 00:00 0 
7f75ac273000-7f75b0000000 ---p 00000000 00:00 0 
7f75b0000000-7f75b0021000 rw-p 00000000 00:00 0 
7f75b0021000-7f75b4000000 ---p 00000000 00:00 0 
7f75b40d1000-7f75b40d5000 ---p 00000000 00:00 0 
7f75b40d5000-7f75b41d2000 rw-p 00000000 00:00 0 
7f75b41d2000-7f75b41d6000 ---p 00000000 00:00 0 
7f75b41d6000-7f75b42d3000 rw-p 00000000 00:00 0 
7f75b42d3000-7f75b42d7000 ---p 00000000 00:00 0 
7f75b42d7000-7f75b43d4000 rw-p 00000000 00:00 0 
7f75b43d4000-7f75b43d8000 ---p 00000000 00:00 0 
7f75b43d8000-7f75b44d5000 rw-p 00000000 00:00 0 
7f75b44d5000-7f75b44da000 r-xp 00000000 08:02 23600531                   /usr/lib/x86_64-linux-gnu/libXfixes.so.3.1.0
7f75b44da000-7f75b46d9000 ---p 00005000 08:02 23600531                   /usr/lib/x86_64-linux-gnu/libXfixes.so.3.1.0
7f75b46d9000-7f75b46da000 r--p 00004000 08:02 23600531                   /usr/lib/x86_64-linux-gnu/libXfixes.so.3.1.0
7f75b46da000-7f75b46db000 rw-p 00005000 08:02 23600531                   /usr/lib/x86_64-linux-gnu/libXfixes.so.3.1.0
7f75b46db000-7f75b46dd000 r--p 00000000 08:02 23600523                   /usr/lib/x86_64-linux-gnu/libXcursor.so.1.0.2
7f75b46dd000-7f75b46e2000 r-xp 00002000 08:02 23600523                   /usr/lib/x86_64-linux-gnu/libXcursor.so.1.0.2
7f75b46e2000-7f75b46e4000 r--p 00007000 08:02 23600523                   /usr/lib/x86_64-linux-gnu/libXcursor.so.1.0.2
7f75b46e4000-7f75b46e5000 r--p 00008000 08:02 23600523                   /usr/lib/x86_64-linux-gnu/libXcursor.so.1.0.2
7f75b46e5000-7f75b46e6000 rw-p 00009000 08:02 23600523                   /usr/lib/x86_64-linux-gnu/libXcursor.so.1.0.2
7f75b46f3000-7f75b46f4000 r--p 00000000 08:02 27001589                   /home/kramer/Downloads/RobotArena-master/RobotAreana/AIBasic/build/libs/mynativelibrary/shared/libmynativelibrary.so
7f75b46f4000-7f75b46f5000 r-xp 00001000 08:02 27001589                   /home/kramer/Downloads/RobotArena-master/RobotAreana/AIBasic/build/libs/mynativelibrary/shared/libmynativelibrary.so
7f75b46f5000-7f75b46f6000 r--p 00002000 08:02 27001589                   /home/kramer/Downloads/RobotArena-master/RobotAreana/AIBasic/build/libs/mynativelibrary/shared/libmynativelibrary.so
7f75b46f6000-7f75b46f7000 r--p 00002000 08:02 27001589                   /home/kramer/Downloads/RobotArena-master/RobotAreana/AIBasic/build/libs/mynativelibrary/shared/libmynativelibrary.so
7f75b46f7000-7f75b46f8000 rw-p 00003000 08:02 27001589                   /home/kramer/Downloads/RobotArena-master/RobotAreana/AIBasic/build/libs/mynativelibrary/shared/libmynativelibrary.so
7f75b46f8000-7f75b46f9000 ---p 00000000 00:00 0 
7f75b46f9000-7f75b4ef9000 rw-p 00000000 00:00 0 
7f75b4ef9000-7f75b4efa000 ---p 00000000 00:00 0 
7f75b4efa000-7f75b56fa000 rw-p 00000000 00:00 0 
7f75b56fa000-7f75b5720000 r--p 00000000 08:02 25043479                   /usr/share/glib-2.0/schemas/gschemas.compiled
7f75b5720000-7f75b5722000 r--p 00000000 08:02 23601822                   /usr/lib/x86_64-linux-gnu/libuuid.so.1.3.0
7f75b5722000-7f75b5726000 r-xp 00002000 08:02 23601822                   /usr/lib/x86_64-linux-gnu/libuuid.so.1.3.0
7f75b5726000-7f75b5727000 r--p 00006000 08:02 23601822                   /usr/lib/x86_64-linux-gnu/libuuid.so.1.3.0
7f75b5727000-7f75b5728000 r--p 00006000 08:02 23601822                   /usr/lib/x86_64-linux-gnu/libuuid.so.1.3.0
7f75b5728000-7f75b5729000 rw-p 00007000 08:02 23601822                   /usr/lib/x86_64-linux-gnu/libuuid.so.1.3.0
7f75b5729000-7f75b5733000 r--p 00000000 08:02 23600663                   /usr/lib/x86_64-linux-gnu/libblkid.so.1.1.0
7f75b5733000-7f75b5767000 r-xp 0000a000 08:02 23600663                   /usr/lib/x86_64-linux-gnu/libblkid.so.1.1.0
7f75b5767000-7f75b5777000 r--p 0003e000 08:02 23600663                   /usr/lib/x86_64-linux-gnu/libblkid.so.1.1.0
7f75b5777000-7f75b5778000 ---p 0004e000 08:02 23600663                   /usr/lib/x86_64-linux-gnu/libblkid.so.1.1.0
7f75b5778000-7f75b577d000 r--p 0004e000 08:02 23600663                   /usr/lib/x86_64-linux-gnu/libblkid.so.1.1.0
7f75b577d000-7f75b577e000 rw-p 00053000 08:02 23600663                   /usr/lib/x86_64-linux-gnu/libblkid.so.1.1.0
7f75b577e000-7f75b5780000 r--p 00000000 08:02 23600923                   /usr/lib/x86_64-linux-gnu/libffi.so.6.0.4
7f75b5780000-7f75b5785000 r-xp 00002000 08:02 23600923                   /usr/lib/x86_64-linux-gnu/libffi.so.6.0.4
7f75b5785000-7f75b5786000 r--p 00007000 08:02 23600923                   /usr/lib/x86_64-linux-gnu/libffi.so.6.0.4
7f75b5786000-7f75b5787000 r--p 00007000 08:02 23600923                   /usr/lib/x86_64-linux-gnu/libffi.so.6.0.4
7f75b5787000-7f75b5788000 rw-p 00008000 08:02 23600923                   /usr/lib/x86_64-linux-gnu/libffi.so.6.0.4
7f75b5788000-7f75b578a000 r--p 00000000 08:02 23601506                   /usr/lib/x86_64-linux-gnu/libpcre.so.3.13.3
7f75b578a000-7f75b57dc000 r-xp 00002000 08:02 23601506                   /usr/lib/x86_64-linux-gnu/libpcre.so.3.13.3
7f75b57dc000-7f75b57fa000 r--p 00054000 08:02 23601506                   /usr/lib/x86_64-linux-gnu/libpcre.so.3.13.3
7f75b57fa000-7f75b57fb000 r--p 00071000 08:02 23601506                   /usr/lib/x86_64-linux-gnu/libpcre.so.3.13.3
7f75b57fb000-7f75b57fc000 rw-p 00072000 08:02 23601506                   /usr/lib/x86_64-linux-gnu/libpcre.so.3.13.3
7f75b57fc000-7f75b5800000 r--p 00000000 08:02 23601610                   /usr/lib/x86_64-linux-gnu/libresolv-2.29.so
7f75b5800000-7f75b580f000 r-xp 00004000 08:02 23601610                   /usr/lib/x86_64-linux-gnu/libresolv-2.29.so
7f75b580f000-7f75b5812000 r--p 00013000 08:02 23601610                   /usr/lib/x86_64-linux-gnu/libresolv-2.29.so
7f75b5812000-7f75b5813000 ---p 00016000 08:02 23601610                   /usr/lib/x86_64-linux-gnu/libresolv-2.29.so
7f75b5813000-7f75b5814000 r--p 00016000 08:02 23601610                   /usr/lib/x86_64-linux-gnu/libresolv-2.29.so
7f75b5814000-7f75b5815000 rw-p 00017000 08:02 23601610                   /usr/lib/x86_64-linux-gnu/libresolv-2.29.so
7f75b5815000-7f75b5817000 rw-p 00000000 00:00 0 
7f75b5817000-7f75b581d000 r--p 00000000 08:02 23601661                   /usr/lib/x86_64-linux-gnu/libselinux.so.1
7f75b581d000-7f75b5835000 r-xp 00006000 08:02 23601661                   /usr/lib/x86_64-linux-gnu/libselinux.so.1
7f75b5835000-7f75b583c000 r--p 0001e000 08:02 23601661                   /usr/lib/x86_64-linux-gnu/libselinux.so.1
7f75b583c000-7f75b583d000 ---p 00025000 08:02 23601661                   /usr/lib/x86_64-linux-gnu/libselinux.so.1
7f75b583d000-7f75b583e000 r--p 00025000 08:02 23601661                   /usr/lib/x86_64-linux-gnu/libselinux.so.1
7f75b583e000-7f75b583f000 rw-p 00026000 08:02 23601661                   /usr/lib/x86_64-linux-gnu/libselinux.so.1
7f75b583f000-7f75b5841000 rw-p 00000000 00:00 0 
7f75b5841000-7f75b584c000 r--p 00000000 08:02 23601326                   /usr/lib/x86_64-linux-gnu/libmount.so.1.1.0
7f75b584c000-7f75b5887000 r-xp 0000b000 08:02 23601326                   /usr/lib/x86_64-linux-gnu/libmount.so.1.1.0
7f75b5887000-7f75b5899000 r--p 00046000 08:02 23601326                   /usr/lib/x86_64-linux-gnu/libmount.so.1.1.0
7f75b5899000-7f75b589c000 r--p 00057000 08:02 23601326                   /usr/lib/x86_64-linux-gnu/libmount.so.1.1.0
7f75b589c000-7f75b589d000 rw-p 0005a000 08:02 23601326                   /usr/lib/x86_64-linux-gnu/libmount.so.1.1.0
7f75b589d000-7f75b58ab000 r--p 00000000 08:02 23593408                   /usr/lib/x86_64-linux-gnu/libgobject-2.0.so.0.6000.0
7f75b58ab000-7f75b58dd000 r-xp 0000e000 08:02 23593408                   /usr/lib/x86_64-linux-gnu/libgobject-2.0.so.0.6000.0
7f75b58dd000-7f75b58f5000 r--p 00040000 08:02 23593408                   /usr/lib/x86_64-linux-gnu/libgobject-2.0.so.0.6000.0
7f75b58f5000-7f75b58f8000 r--p 00057000 08:02 23593408                   /usr/lib/x86_64-linux-gnu/libgobject-2.0.so.0.6000.0
7f75b58f8000-7f75b58f9000 rw-p 0005a000 08:02 23593408                   /usr/lib/x86_64-linux-gnu/libgobject-2.0.so.0.6000.0
7f75b58f9000-7f75b5914000 r--p 00000000 08:02 23593383                   /usr/lib/x86_64-linux-gnu/libglib-2.0.so.0.6000.0
7f75b5914000-7f75b5994000 r-xp 0001b000 08:02 23593383                   /usr/lib/x86_64-linux-gnu/libglib-2.0.so.0.6000.0
7f75b5994000-7f75b5a16000 r--p 0009b000 08:02 23593383                   /usr/lib/x86_64-linux-gnu/libglib-2.0.so.0.6000.0
7f75b5a16000-7f75b5a17000 ---p 0011d000 08:02 23593383                   /usr/lib/x86_64-linux-gnu/libglib-2.0.so.0.6000.0
7f75b5a17000-7f75b5a18000 r--p 0011d000 08:02 23593383                   /usr/lib/x86_64-linux-gnu/libglib-2.0.so.0.6000.0
7f75b5a18000-7f75b5a19000 rw-p 0011e000 08:02 23593383                   /usr/lib/x86_64-linux-gnu/libglib-2.0.so.0.6000.0
7f75b5a19000-7f75b5a1a000 rw-p 00000000 00:00 0 
7f75b5a1a000-7f75b5a51000 r--p 00000000 08:02 23593360                   /usr/lib/x86_64-linux-gnu/libgio-2.0.so.0.6000.0
7f75b5a51000-7f75b5b52000 r-xp 00037000 08:02 23593360                   /usr/lib/x86_64-linux-gnu/libgio-2.0.so.0.6000.0
7f75b5b52000-7f75b5bd8000 r--p 00138000 08:02 23593360                   /usr/lib/x86_64-linux-gnu/libgio-2.0.so.0.6000.0
7f75b5bd8000-7f75b5be0000 r--p 001bd000 08:02 23593360                   /usr/lib/x86_64-linux-gnu/libgio-2.0.so.0.6000.0
7f75b5be0000-7f75b5be1000 rw-p 001c5000 08:02 23593360                   /usr/lib/x86_64-linux-gnu/libgio-2.0.so.0.6000.0
7f75b5be1000-7f75b5be3000 rw-p 00000000 00:00 0 
7f75b5be3000-7f75b5bed000 r-xp 00000000 08:02 23600547                   /usr/lib/x86_64-linux-gnu/libXrandr.so.2.2.0
7f75b5bed000-7f75b5dec000 ---p 0000a000 08:02 23600547                   /usr/lib/x86_64-linux-gnu/libXrandr.so.2.2.0
7f75b5dec000-7f75b5ded000 r--p 00009000 08:02 23600547                   /usr/lib/x86_64-linux-gnu/libXrandr.so.2.2.0
7f75b5ded000-7f75b5dee000 rw-p 0000a000 08:02 23600547                   /usr/lib/x86_64-linux-gnu/libXrandr.so.2.2.0
7f75b5dee000-7f75b5df3000 r--p 00000000 08:02 23601542                   /usr/lib/x86_64-linux-gnu/libpng16.so.16.36.0
7f75b5df3000-7f75b5e17000 r-xp 00005000 08:02 23601542                   /usr/lib/x86_64-linux-gnu/libpng16.so.16.36.0
7f75b5e17000-7f75b5e23000 r--p 00029000 08:02 23601542                   /usr/lib/x86_64-linux-gnu/libpng16.so.16.36.0
7f75b5e23000-7f75b5e24000 r--p 00034000 08:02 23601542                   /usr/lib/x86_64-linux-gnu/libpng16.so.16.36.0
7f75b5e24000-7f75b5e25000 rw-p 00035000 08:02 23601542                   /usr/lib/x86_64-linux-gnu/libpng16.so.16.36.0
7f75b5e25000-7f75b5e31000 r--p 00000000 08:02 23600949                   /usr/lib/x86_64-linux-gnu/libfreetype.so.6.16.1
7f75b5e31000-7f75b5eae000 r-xp 0000c000 08:02 23600949                   /usr/lib/x86_64-linux-gnu/libfreetype.so.6.16.1
7f75b5eae000-7f75b5ed7000 r--p 00089000 08:02 23600949                   /usr/lib/x86_64-linux-gnu/libfreetype.so.6.16.1
7f75b5ed7000-7f75b5ed8000 ---p 000b2000 08:02 23600949                   /usr/lib/x86_64-linux-gnu/libfreetype.so.6.16.1
7f75b5ed8000-7f75b5edf000 r--p 000b2000 08:02 23600949                   /usr/lib/x86_64-linux-gnu/libfreetype.so.6.16.1
7f75b5edf000-7f75b5ee0000 rw-p 000b9000 08:02 23600949                   /usr/lib/x86_64-linux-gnu/libfreetype.so.6.16.1
7f75b5ee0000-7f75b5ee4000 r--p 00000000 08:02 23990635                   /usr/lib/jvm/java-11-openjdk-amd64/lib/libfontmanager.so
7f75b5ee4000-7f75b5fd6000 r-xp 00004000 08:02 23990635                   /usr/lib/jvm/java-11-openjdk-amd64/lib/libfontmanager.so
7f75b5fd6000-7f75b6016000 r--p 000f6000 08:02 23990635                   /usr/lib/jvm/java-11-openjdk-amd64/lib/libfontmanager.so
7f75b6016000-7f75b6017000 r--p 00135000 08:02 23990635                   /usr/lib/jvm/java-11-openjdk-amd64/lib/libfontmanager.so
7f75b6017000-7f75b6018000 rw-p 00136000 08:02 23990635                   /usr/lib/jvm/java-11-openjdk-amd64/lib/libfontmanager.so
7f75b6018000-7f75b601b000 rw-p 00000000 00:00 0 
7f75b601b000-7f75b6020000 r-xp 00000000 08:02 23600527                   /usr/lib/x86_64-linux-gnu/libXdmcp.so.6.0.0
7f75b6020000-7f75b621f000 ---p 00005000 08:02 23600527                   /usr/lib/x86_64-linux-gnu/libXdmcp.so.6.0.0
7f75b621f000-7f75b6220000 r--p 00004000 08:02 23600527                   /usr/lib/x86_64-linux-gnu/libXdmcp.so.6.0.0
7f75b6220000-7f75b6221000 rw-p 00005000 08:02 23600527                   /usr/lib/x86_64-linux-gnu/libXdmcp.so.6.0.0
7f75b6221000-7f75b6223000 r-xp 00000000 08:02 23600516                   /usr/lib/x86_64-linux-gnu/libXau.so.6.0.0
7f75b6223000-7f75b6423000 ---p 00002000 08:02 23600516                   /usr/lib/x86_64-linux-gnu/libXau.so.6.0.0
7f75b6423000-7f75b6424000 r--p 00002000 08:02 23600516                   /usr/lib/x86_64-linux-gnu/libXau.so.6.0.0
7f75b6424000-7f75b6425000 rw-p 00003000 08:02 23600516                   /usr/lib/x86_64-linux-gnu/libXau.so.6.0.0
7f75b6425000-7f75b6430000 r--p 00000000 08:02 23601932                   /usr/lib/x86_64-linux-gnu/libxcb.so.1.1.0
7f75b6430000-7f75b6443000 r-xp 0000b000 08:02 23601932                   /usr/lib/x86_64-linux-gnu/libxcb.so.1.1.0
7f75b6443000-7f75b644c000 r--p 0001e000 08:02 23601932                   /usr/lib/x86_64-linux-gnu/libxcb.so.1.1.0
7f75b644c000-7f75b644d000 r--p 00026000 08:02 23601932                   /usr/lib/x86_64-linux-gnu/libxcb.so.1.1.0
7f75b644d000-7f75b644e000 rw-p 00027000 08:02 23601932                   /usr/lib/x86_64-linux-gnu/libxcb.so.1.1.0
7f75b644e000-7f75b645d000 r-xp 00000000 08:02 23600537                   /usr/lib/x86_64-linux-gnu/libXi.so.6.1.0
7f75b645d000-7f75b665c000 ---p 0000f000 08:02 23600537                   /usr/lib/x86_64-linux-gnu/libXi.so.6.1.0
7f75b665c000-7f75b665d000 r--p 0000e000 08:02 23600537                   /usr/lib/x86_64-linux-gnu/libXi.so.6.1.0
7f75b665d000-7f75b665e000 rw-p 0000f000 08:02 23600537                   /usr/lib/x86_64-linux-gnu/libXi.so.6.1.0
7f75b665e000-7f75b6663000 r-xp 00000000 08:02 23600555                   /usr/lib/x86_64-linux-gnu/libXtst.so.6.1.0
7f75b6663000-7f75b6862000 ---p 00005000 08:02 23600555                   /usr/lib/x86_64-linux-gnu/libXtst.so.6.1.0
7f75b6862000-7f75b6863000 r--p 00004000 08:02 23600555                   /usr/lib/x86_64-linux-gnu/libXtst.so.6.1.0
7f75b6863000-7f75b6864000 rw-p 00005000 08:02 23600555                   /usr/lib/x86_64-linux-gnu/libXtst.so.6.1.0
7f75b6864000-7f75b686d000 r-xp 00000000 08:02 23600549                   /usr/lib/x86_64-linux-gnu/libXrender.so.1.3.0
7f75b686d000-7f75b6a6c000 ---p 00009000 08:02 23600549                   /usr/lib/x86_64-linux-gnu/libXrender.so.1.3.0
7f75b6a6c000-7f75b6a6d000 r--p 00008000 08:02 23600549                   /usr/lib/x86_64-linux-gnu/libXrender.so.1.3.0
7f75b6a6d000-7f75b6a6e000 rw-p 00009000 08:02 23600549                   /usr/lib/x86_64-linux-gnu/libXrender.so.1.3.0
7f75b6a6e000-7f75b6a86000 r--p 00000000 08:02 23600512                   /usr/lib/x86_64-linux-gnu/libX11.so.6.3.0
7f75b6a86000-7f75b6b0e000 r-xp 00018000 08:02 23600512                   /usr/lib/x86_64-linux-gnu/libX11.so.6.3.0
7f75b6b0e000-7f75b6ba2000 r--p 000a0000 08:02 23600512                   /usr/lib/x86_64-linux-gnu/libX11.so.6.3.0
7f75b6ba2000-7f75b6ba3000 ---p 00134000 08:02 23600512                   /usr/lib/x86_64-linux-gnu/libX11.so.6.3.0
7f75b6ba3000-7f75b6ba4000 r--p 00134000 08:02 23600512                   /usr/lib/x86_64-linux-gnu/libX11.so.6.3.0
7f75b6ba4000-7f75b6ba8000 rw-p 00135000 08:02 23600512                   /usr/lib/x86_64-linux-gnu/libX11.so.6.3.0
7f75b6ba8000-7f75b6bb9000 r-xp 00000000 08:02 23600529                   /usr/lib/x86_64-linux-gnu/libXext.so.6.4.0
7f75b6bb9000-7f75b6db8000 ---p 00011000 08:02 23600529                   /usr/lib/x86_64-linux-gnu/libXext.so.6.4.0
7f75b6db8000-7f75b6db9000 r--p 00010000 08:02 23600529                   /usr/lib/x86_64-linux-gnu/libXext.so.6.4.0
7f75b6db9000-7f75b6dba000 rw-p 00011000 08:02 23600529                   /usr/lib/x86_64-linux-gnu/libXext.so.6.4.0
7f75b6dba000-7f75b6dca000 r--p 00000000 08:02 23990632                   /usr/lib/jvm/java-11-openjdk-amd64/lib/libawt_xawt.so
7f75b6dca000-7f75b6e07000 r-xp 00010000 08:02 23990632                   /usr/lib/jvm/java-11-openjdk-amd64/lib/libawt_xawt.so
7f75b6e07000-7f75b6e19000 r--p 0004d000 08:02 23990632                   /usr/lib/jvm/java-11-openjdk-amd64/lib/libawt_xawt.so
7f75b6e19000-7f75b6e1a000 r--p 0005e000 08:02 23990632                   /usr/lib/jvm/java-11-openjdk-amd64/lib/libawt_xawt.so
7f75b6e1a000-7f75b6e1d000 rw-p 0005f000 08:02 23990632                   /usr/lib/jvm/java-11-openjdk-amd64/lib/libawt_xawt.so
7f75b6e1d000-7f75b6e1f000 rw-p 00000000 00:00 0 
7f75b6e1f000-7f75b6e4b000 r--p 00000000 08:02 23990630                   /usr/lib/jvm/java-11-openjdk-amd64/lib/libawt.so
7f75b6e4b000-7f75b6eb2000 r-xp 0002c000 08:02 23990630                   /usr/lib/jvm/java-11-openjdk-amd64/lib/libawt.so
7f75b6eb2000-7f75b6ebf000 r--p 00093000 08:02 23990630                   /usr/lib/jvm/java-11-openjdk-amd64/lib/libawt.so
7f75b6ebf000-7f75b6ec0000 r--p 0009f000 08:02 23990630                   /usr/lib/jvm/java-11-openjdk-amd64/lib/libawt.so
7f75b6ec0000-7f75b6ecb000 rw-p 000a0000 08:02 23990630                   /usr/lib/jvm/java-11-openjdk-amd64/lib/libawt.so
7f75b6ecb000-7f75b6f21000 rw-p 00000000 00:00 0 
7f75b6f21000-7f75b6f25000 ---p 00000000 00:00 0 
7f75b6f25000-7f75b7022000 rw-p 00000000 00:00 0 
7f75b7022000-7f75b7023000 ---p 00000000 00:00 0 
7f75b7023000-7f75b7124000 rw-p 00000000 00:00 0 
7f75b7124000-7f75b7128000 ---p 00000000 00:00 0 
7f75b7128000-7f75b7225000 rw-p 00000000 00:00 0 
7f75b7225000-7f75b8000000 r--p 00000000 08:02 23600058                   /usr/lib/locale/locale-archive
7f75b8000000-7f75b8021000 rw-p 00000000 00:00 0 
7f75b8021000-7f75bc000000 ---p 00000000 00:00 0 
7f75bc000000-7f75bc021000 rw-p 00000000 00:00 0 
7f75bc021000-7f75c0000000 ---p 00000000 00:00 0 
7f75c0000000-7f75c0021000 rw-p 00000000 00:00 0 
7f75c0021000-7f75c4000000 ---p 00000000 00:00 0 
7f75c4000000-7f75c4021000 rw-p 00000000 00:00 0 
7f75c4021000-7f75c8000000 ---p 00000000 00:00 0 
7f75c8000000-7f75c8021000 rw-p 00000000 00:00 0 
7f75c8021000-7f75cc000000 ---p 00000000 00:00 0 
7f75cc000000-7f75cc021000 rw-p 00000000 00:00 0 
7f75cc021000-7f75d0000000 ---p 00000000 00:00 0 
7f75d0000000-7f75d0021000 rw-p 00000000 00:00 0 
7f75d0021000-7f75d4000000 ---p 00000000 00:00 0 
7f75d4001000-7f75d4004000 r--p 00000000 08:02 24906119                   /home/kramer/.config/dconf/user
7f75d4004000-7f75d4005000 r--p 00000000 08:02 23593407                   /usr/lib/x86_64-linux-gnu/libgmodule-2.0.so.0.6000.0
7f75d4005000-7f75d4007000 r-xp 00001000 08:02 23593407                   /usr/lib/x86_64-linux-gnu/libgmodule-2.0.so.0.6000.0
7f75d4007000-7f75d4008000 r--p 00003000 08:02 23593407                   /usr/lib/x86_64-linux-gnu/libgmodule-2.0.so.0.6000.0
7f75d4008000-7f75d4009000 r--p 00003000 08:02 23593407                   /usr/lib/x86_64-linux-gnu/libgmodule-2.0.so.0.6000.0
7f75d4009000-7f75d400a000 rw-p 00004000 08:02 23593407                   /usr/lib/x86_64-linux-gnu/libgmodule-2.0.so.0.6000.0
7f75d400a000-7f75d400e000 ---p 00000000 00:00 0 
7f75d400e000-7f75d410b000 rw-p 00000000 00:00 0 
7f75d410b000-7f75d410f000 ---p 00000000 00:00 0 
7f75d410f000-7f75d420c000 rw-p 00000000 00:00 0 
7f75d420c000-7f75d4210000 ---p 00000000 00:00 0 
7f75d4210000-7f75d430d000 rw-p 00000000 00:00 0 
7f75d430d000-7f75d4311000 ---p 00000000 00:00 0 
7f75d4311000-7f75d440e000 rw-p 00000000 00:00 0 
7f75d440e000-7f75d4412000 ---p 00000000 00:00 0 
7f75d4412000-7f75d450f000 rw-p 00000000 00:00 0 
7f75d450f000-7f75d4513000 ---p 00000000 00:00 0 
7f75d4513000-7f75d4610000 rw-p 00000000 00:00 0 
7f75d4610000-7f75d4611000 ---p 00000000 00:00 0 
7f75d4611000-7f75d4cee000 rw-p 00000000 00:00 0 
7f75d4cee000-7f75d4fee000 ---p 00000000 00:00 0 
7f75d4fee000-7f75d4fef000 ---p 00000000 00:00 0 
7f75d4fef000-7f75d50f0000 rw-p 00000000 00:00 0 
7f75d50f0000-7f75d50f1000 ---p 00000000 00:00 0 
7f75d50f1000-7f75d75f6000 rw-p 00000000 00:00 0 
7f75d75f6000-7f75d75f7000 ---p 00000000 00:00 0 
7f75d75f7000-7f75d78e8000 rw-p 00000000 00:00 0 
7f75d78e8000-7f75d95b0000 ---p 00000000 00:00 0 
7f75d95b0000-7f75d97a8000 rw-p 00000000 00:00 0 
7f75d97a8000-7f75db470000 ---p 00000000 00:00 0 
7f75db470000-7f75db4b6000 rw-p 00000000 00:00 0 
7f75db4b6000-7f75db84f000 ---p 00000000 00:00 0 
7f75db84f000-7f75db88e000 rw-p 00000000 00:00 0 
7f75db88e000-7f75dbc27000 ---p 00000000 00:00 0 
7f75dbc27000-7f75dbc66000 rw-p 00000000 00:00 0 
7f75dbc66000-7f75dbfff000 ---p 00000000 00:00 0 
7f75dbfff000-7f75dc000000 rw-p 00000000 00:00 0 
7f75dc000000-7f75dc021000 rw-p 00000000 00:00 0 
7f75dc021000-7f75e0000000 ---p 00000000 00:00 0 
7f75e0000000-7f75e0004000 r--p 00000000 08:02 23600683                   /usr/lib/x86_64-linux-gnu/libbsd.so.0.9.1
7f75e0004000-7f75e0013000 r-xp 00004000 08:02 23600683                   /usr/lib/x86_64-linux-gnu/libbsd.so.0.9.1
7f75e0013000-7f75e0016000 r--p 00013000 08:02 23600683                   /usr/lib/x86_64-linux-gnu/libbsd.so.0.9.1
7f75e0016000-7f75e0017000 ---p 00016000 08:02 23600683                   /usr/lib/x86_64-linux-gnu/libbsd.so.0.9.1
7f75e0017000-7f75e0018000 r--p 00016000 08:02 23600683                   /usr/lib/x86_64-linux-gnu/libbsd.so.0.9.1
7f75e0018000-7f75e0019000 rw-p 00017000 08:02 23600683                   /usr/lib/x86_64-linux-gnu/libbsd.so.0.9.1
7f75e0019000-7f75e001a000 rw-p 00000000 00:00 0 
7f75e001a000-7f75e001b000 r--s 00000000 00:35 35                         /run/user/1000/dconf/user
7f75e001b000-7f75e001f000 r--p 00000000 08:02 24250591                   /usr/lib/x86_64-linux-gnu/gio/modules/libdconfsettings.so
7f75e001f000-7f75e0026000 r-xp 00004000 08:02 24250591                   /usr/lib/x86_64-linux-gnu/gio/modules/libdconfsettings.so
7f75e0026000-7f75e0029000 r--p 0000b000 08:02 24250591                   /usr/lib/x86_64-linux-gnu/gio/modules/libdconfsettings.so
7f75e0029000-7f75e002a000 ---p 0000e000 08:02 24250591                   /usr/lib/x86_64-linux-gnu/gio/modules/libdconfsettings.so
7f75e002a000-7f75e002b000 r--p 0000e000 08:02 24250591                   /usr/lib/x86_64-linux-gnu/gio/modules/libdconfsettings.so
7f75e002b000-7f75e002c000 rw-p 0000f000 08:02 24250591                   /usr/lib/x86_64-linux-gnu/gio/modules/libdconfsettings.so
7f75e002c000-7f75e0030000 r--p 00000000 08:02 23990653                   /usr/lib/jvm/java-11-openjdk-amd64/lib/libnet.so
7f75e0030000-7f75e003f000 r-xp 00004000 08:02 23990653                   /usr/lib/jvm/java-11-openjdk-amd64/lib/libnet.so
7f75e003f000-7f75e0043000 r--p 00013000 08:02 23990653                   /usr/lib/jvm/java-11-openjdk-amd64/lib/libnet.so
7f75e0043000-7f75e0044000 r--p 00016000 08:02 23990653                   /usr/lib/jvm/java-11-openjdk-amd64/lib/libnet.so
7f75e0044000-7f75e0045000 rw-p 00017000 08:02 23990653                   /usr/lib/jvm/java-11-openjdk-amd64/lib/libnet.so
7f75e0045000-7f75e004c000 r--p 00000000 08:02 23990654                   /usr/lib/jvm/java-11-openjdk-amd64/lib/libnio.so
7f75e004c000-7f75e0053000 r-xp 00007000 08:02 23990654                   /usr/lib/jvm/java-11-openjdk-amd64/lib/libnio.so
7f75e0053000-7f75e0056000 r--p 0000e000 08:02 23990654                   /usr/lib/jvm/java-11-openjdk-amd64/lib/libnio.so
7f75e0056000-7f75e0057000 r--p 00010000 08:02 23990654                   /usr/lib/jvm/java-11-openjdk-amd64/lib/libnio.so
7f75e0057000-7f75e0058000 rw-p 00011000 08:02 23990654                   /usr/lib/jvm/java-11-openjdk-amd64/lib/libnio.so
7f75e0058000-7f75e00c2000 rw-p 00000000 00:00 0 
7f75e00c2000-7f75e00c3000 ---p 00000000 00:00 0 
7f75e00c3000-7f75e060a000 rw-p 00000000 00:00 0 
7f75e060a000-7f75e060b000 ---p 00000000 00:00 0 
7f75e060b000-7f75e0711000 rw-p 00000000 00:00 0 
7f75e0711000-7f75e07f7000 ---p 00000000 00:00 0 
7f75e07f7000-7f75e07fc000 rw-p 00000000 00:00 0 
7f75e07fc000-7f75e08e2000 ---p 00000000 00:00 0 
7f75e08e2000-7f75e08e7000 rw-p 00000000 00:00 0 
7f75e08e7000-7f75e08ee000 ---p 00000000 00:00 0 
7f75e08ee000-7f75e0b5e000 rwxp 00000000 00:00 0 
7f75e0b5e000-7f75e0e7e000 ---p 00000000 00:00 0 
7f75e0e7e000-7f75e10ee000 rwxp 00000000 00:00 0 
7f75e10ee000-7f75e83b6000 ---p 00000000 00:00 0 
7f75e83b6000-7f75e8626000 rwxp 00000000 00:00 0 
7f75e8626000-7f75ef8ee000 ---p 00000000 00:00 0 
7f75ef8ee000-7f75ef8f0000 r--s 00007000 08:02 24382982                   /usr/share/java/java-atk-wrapper.jar
7f75ef8f0000-7f75f7f9a000 r--s 00000000 08:02 23990663                   /usr/lib/jvm/java-11-openjdk-amd64/lib/modules
7f75f7f9a000-7f75f7f9c000 r--p 00000000 08:02 23990645                   /usr/lib/jvm/java-11-openjdk-amd64/lib/libjimage.so
7f75f7f9c000-7f75f7f9f000 r-xp 00002000 08:02 23990645                   /usr/lib/jvm/java-11-openjdk-amd64/lib/libjimage.so
7f75f7f9f000-7f75f7fa1000 r--p 00005000 08:02 23990645                   /usr/lib/jvm/java-11-openjdk-amd64/lib/libjimage.so
7f75f7fa1000-7f75f7fa2000 r--p 00006000 08:02 23990645                   /usr/lib/jvm/java-11-openjdk-amd64/lib/libjimage.so
7f75f7fa2000-7f75f7fa3000 rw-p 00007000 08:02 23990645                   /usr/lib/jvm/java-11-openjdk-amd64/lib/libjimage.so
7f75f7fa3000-7f75f7fa6000 r--p 00000000 08:02 23601425                   /usr/lib/x86_64-linux-gnu/libnss_files-2.29.so
7f75f7fa6000-7f75f7fad000 r-xp 00003000 08:02 23601425                   /usr/lib/x86_64-linux-gnu/libnss_files-2.29.so
7f75f7fad000-7f75f7faf000 r--p 0000a000 08:02 23601425                   /usr/lib/x86_64-linux-gnu/libnss_files-2.29.so
7f75f7faf000-7f75f7fb0000 r--p 0000b000 08:02 23601425                   /usr/lib/x86_64-linux-gnu/libnss_files-2.29.so
7f75f7fb0000-7f75f7fb1000 rw-p 0000c000 08:02 23601425                   /usr/lib/x86_64-linux-gnu/libnss_files-2.29.so
7f75f7fb1000-7f75f7fb7000 rw-p 00000000 00:00 0 
7f75f7fb7000-7f75f7fb9000 r--p 00000000 08:02 23990662                   /usr/lib/jvm/java-11-openjdk-amd64/lib/libzip.so
7f75f7fb9000-7f75f7fbd000 r-xp 00002000 08:02 23990662                   /usr/lib/jvm/java-11-openjdk-amd64/lib/libzip.so
7f75f7fbd000-7f75f7fbf000 r--p 00006000 08:02 23990662                   /usr/lib/jvm/java-11-openjdk-amd64/lib/libzip.so
7f75f7fbf000-7f75f7fc0000 r--p 00007000 08:02 23990662                   /usr/lib/jvm/java-11-openjdk-amd64/lib/libzip.so
7f75f7fc0000-7f75f7fc1000 rw-p 00008000 08:02 23990662                   /usr/lib/jvm/java-11-openjdk-amd64/lib/libzip.so
7f75f7fc1000-7f75f7fc9000 rw-s 00000000 08:02 2753649                    /tmp/hsperfdata_kramer/12059
7f75f7fc9000-7f75f7fd6000 r--p 00000000 08:02 23990641                   /usr/lib/jvm/java-11-openjdk-amd64/lib/libjava.so
7f75f7fd6000-7f75f7feb000 r-xp 0000d000 08:02 23990641                   /usr/lib/jvm/java-11-openjdk-amd64/lib/libjava.so
7f75f7feb000-7f75f7ff2000 r--p 00022000 08:02 23990641                   /usr/lib/jvm/java-11-openjdk-amd64/lib/libjava.so
7f75f7ff2000-7f75f7ff3000 r--p 00028000 08:02 23990641                   /usr/lib/jvm/java-11-openjdk-amd64/lib/libjava.so
7f75f7ff3000-7f75f7ff5000 rw-p 00029000 08:02 23990641                   /usr/lib/jvm/java-11-openjdk-amd64/lib/libjava.so
7f75f7ff5000-7f75f7ff8000 r--p 00000000 08:02 23601631                   /usr/lib/x86_64-linux-gnu/librt-2.29.so
7f75f7ff8000-7f75f7ffc000 r-xp 00003000 08:02 23601631                   /usr/lib/x86_64-linux-gnu/librt-2.29.so
7f75f7ffc000-7f75f7ffe000 r--p 00007000 08:02 23601631                   /usr/lib/x86_64-linux-gnu/librt-2.29.so
7f75f7ffe000-7f75f7fff000 r--p 00008000 08:02 23601631                   /usr/lib/x86_64-linux-gnu/librt-2.29.so
7f75f7fff000-7f75f8000000 rw-p 00009000 08:02 23601631                   /usr/lib/x86_64-linux-gnu/librt-2.29.so
7f75f8000000-7f75f833d000 rw-p 00000000 00:00 0 
7f75f833d000-7f75fc000000 ---p 00000000 00:00 0 
7f75fc000000-7f75fc001000 r--p 00000000 08:02 25823354                   /usr/share/locale-langpack/en_AU/LC_MESSAGES/glib20.mo
7f75fc001000-7f75fc002000 ---p 00000000 00:00 0 
7f75fc002000-7f75fc003000 r--p 00000000 00:00 0 
7f75fc003000-7f75fc007000 ---p 00000000 00:00 0 
7f75fc007000-7f75fc104000 rw-p 00000000 00:00 0 
7f75fc104000-7f75fc107000 r--p 00000000 08:02 23596996                   /usr/lib/x86_64-linux-gnu/libgcc_s.so.1
7f75fc107000-7f75fc118000 r-xp 00003000 08:02 23596996                   /usr/lib/x86_64-linux-gnu/libgcc_s.so.1
7f75fc118000-7f75fc11c000 r--p 00014000 08:02 23596996                   /usr/lib/x86_64-linux-gnu/libgcc_s.so.1
7f75fc11c000-7f75fc11d000 r--p 00017000 08:02 23596996                   /usr/lib/x86_64-linux-gnu/libgcc_s.so.1
7f75fc11d000-7f75fc11e000 rw-p 00018000 08:02 23596996                   /usr/lib/x86_64-linux-gnu/libgcc_s.so.1
7f75fc11e000-7f75fc12d000 r--p 00000000 08:02 23601302                   /usr/lib/x86_64-linux-gnu/libm-2.29.so
7f75fc12d000-7f75fc1d3000 r-xp 0000f000 08:02 23601302                   /usr/lib/x86_64-linux-gnu/libm-2.29.so
7f75fc1d3000-7f75fc26a000 r--p 000b5000 08:02 23601302                   /usr/lib/x86_64-linux-gnu/libm-2.29.so
7f75fc26a000-7f75fc26b000 r--p 0014b000 08:02 23601302                   /usr/lib/x86_64-linux-gnu/libm-2.29.so
7f75fc26b000-7f75fc26c000 rw-p 0014c000 08:02 23601302                   /usr/lib/x86_64-linux-gnu/libm-2.29.so
7f75fc26c000-7f75fc301000 r--p 00000000 08:02 23594558                   /usr/lib/x86_64-linux-gnu/libstdc++.so.6.0.26
7f75fc301000-7f75fc3f3000 r-xp 00095000 08:02 23594558                   /usr/lib/x86_64-linux-gnu/libstdc++.so.6.0.26
7f75fc3f3000-7f75fc43c000 r--p 00187000 08:02 23594558                   /usr/lib/x86_64-linux-gnu/libstdc++.so.6.0.26
7f75fc43c000-7f75fc43d000 ---p 001d0000 08:02 23594558                   /usr/lib/x86_64-linux-gnu/libstdc++.so.6.0.26
7f75fc43d000-7f75fc448000 r--p 001d0000 08:02 23594558                   /usr/lib/x86_64-linux-gnu/libstdc++.so.6.0.26
7f75fc448000-7f75fc44b000 rw-p 001db000 08:02 23594558                   /usr/lib/x86_64-linux-gnu/libstdc++.so.6.0.26
7f75fc44b000-7f75fc44e000 rw-p 00000000 00:00 0 
7f75fc44e000-7f75fc6bd000 r--p 00000000 08:02 23990668                   /usr/lib/jvm/java-11-openjdk-amd64/lib/server/libjvm.so
7f75fc6bd000-7f75fd1dd000 r-xp 0026f000 08:02 23990668                   /usr/lib/jvm/java-11-openjdk-amd64/lib/server/libjvm.so
7f75fd1dd000-7f75fd416000 r--p 00d8f000 08:02 23990668                   /usr/lib/jvm/java-11-openjdk-amd64/lib/server/libjvm.so
7f75fd416000-7f75fd417000 ---p 00fc8000 08:02 23990668                   /usr/lib/jvm/java-11-openjdk-amd64/lib/server/libjvm.so
7f75fd417000-7f75fd4d4000 r--p 00fc8000 08:02 23990668                   /usr/lib/jvm/java-11-openjdk-amd64/lib/server/libjvm.so
7f75fd4d4000-7f75fd50d000 rw-p 01085000 08:02 23990668                   /usr/lib/jvm/java-11-openjdk-amd64/lib/server/libjvm.so
7f75fd50d000-7f75fd565000 rw-p 00000000 00:00 0 
7f75fd565000-7f75fd56c000 r--p 00000000 08:02 23601565                   /usr/lib/x86_64-linux-gnu/libpthread-2.29.so
7f75fd56c000-7f75fd57b000 r-xp 00007000 08:02 23601565                   /usr/lib/x86_64-linux-gnu/libpthread-2.29.so
7f75fd57b000-7f75fd580000 r--p 00016000 08:02 23601565                   /usr/lib/x86_64-linux-gnu/libpthread-2.29.so
7f75fd580000-7f75fd581000 r--p 0001a000 08:02 23601565                   /usr/lib/x86_64-linux-gnu/libpthread-2.29.so
7f75fd581000-7f75fd582000 rw-p 0001b000 08:02 23601565                   /usr/lib/x86_64-linux-gnu/libpthread-2.29.so
7f75fd582000-7f75fd586000 rw-p 00000000 00:00 0 
7f75fd586000-7f75fd587000 r--p 00000000 08:02 23600824                   /usr/lib/x86_64-linux-gnu/libdl-2.29.so
7f75fd587000-7f75fd589000 r-xp 00001000 08:02 23600824                   /usr/lib/x86_64-linux-gnu/libdl-2.29.so
7f75fd589000-7f75fd58a000 r--p 00003000 08:02 23600824                   /usr/lib/x86_64-linux-gnu/libdl-2.29.so
7f75fd58a000-7f75fd58b000 r--p 00003000 08:02 23600824                   /usr/lib/x86_64-linux-gnu/libdl-2.29.so
7f75fd58b000-7f75fd58c000 rw-p 00004000 08:02 23600824                   /usr/lib/x86_64-linux-gnu/libdl-2.29.so
7f75fd58c000-7f75fd58e000 r--p 00000000 08:02 23601962                   /usr/lib/x86_64-linux-gnu/libz.so.1.2.11
7f75fd58e000-7f75fd59f000 r-xp 00002000 08:02 23601962                   /usr/lib/x86_64-linux-gnu/libz.so.1.2.11
7f75fd59f000-7f75fd5a5000 r--p 00013000 08:02 23601962                   /usr/lib/x86_64-linux-gnu/libz.so.1.2.11
7f75fd5a5000-7f75fd5a6000 ---p 00019000 08:02 23601962                   /usr/lib/x86_64-linux-gnu/libz.so.1.2.11
7f75fd5a6000-7f75fd5a7000 r--p 00019000 08:02 23601962                   /usr/lib/x86_64-linux-gnu/libz.so.1.2.11
7f75fd5a7000-7f75fd5a8000 rw-p 0001a000 08:02 23601962                   /usr/lib/x86_64-linux-gnu/libz.so.1.2.11
7f75fd5a8000-7f75fd5cd000 r--p 00000000 08:02 23600687                   /usr/lib/x86_64-linux-gnu/libc-2.29.so
7f75fd5cd000-7f75fd740000 r-xp 00025000 08:02 23600687                   /usr/lib/x86_64-linux-gnu/libc-2.29.so
7f75fd740000-7f75fd789000 r--p 00198000 08:02 23600687                   /usr/lib/x86_64-linux-gnu/libc-2.29.so
7f75fd789000-7f75fd78c000 r--p 001e0000 08:02 23600687                   /usr/lib/x86_64-linux-gnu/libc-2.29.so
7f75fd78c000-7f75fd78f000 rw-p 001e3000 08:02 23600687                   /usr/lib/x86_64-linux-gnu/libc-2.29.so
7f75fd78f000-7f75fd793000 rw-p 00000000 00:00 0 
7f75fd793000-7f75fd794000 r--p 00000000 08:02 25823436                   /usr/share/locale-langpack/en_AU/LC_MESSAGES/libc.mo
7f75fd794000-7f75fd799000 r--p 00000000 08:02 23990661                   /usr/lib/jvm/java-11-openjdk-amd64/lib/libverify.so
7f75fd799000-7f75fd7a0000 r-xp 00005000 08:02 23990661                   /usr/lib/jvm/java-11-openjdk-amd64/lib/libverify.so
7f75fd7a0000-7f75fd7a2000 r--p 0000c000 08:02 23990661                   /usr/lib/jvm/java-11-openjdk-amd64/lib/libverify.so
7f75fd7a2000-7f75fd7a4000 r--p 0000d000 08:02 23990661                   /usr/lib/jvm/java-11-openjdk-amd64/lib/libverify.so
7f75fd7a4000-7f75fd7a5000 rw-p 0000f000 08:02 23990661                   /usr/lib/jvm/java-11-openjdk-amd64/lib/libverify.so
7f75fd7a5000-7f75fd7a8000 r--p 00000000 08:02 23990625                   /usr/lib/jvm/java-11-openjdk-amd64/lib/jli/libjli.so
7f75fd7a8000-7f75fd7b2000 r-xp 00003000 08:02 23990625                   /usr/lib/jvm/java-11-openjdk-amd64/lib/jli/libjli.so
7f75fd7b2000-7f75fd7b5000 r--p 0000d000 08:02 23990625                   /usr/lib/jvm/java-11-openjdk-amd64/lib/jli/libjli.so
7f75fd7b5000-7f75fd7b6000 r--p 0000f000 08:02 23990625                   /usr/lib/jvm/java-11-openjdk-amd64/lib/jli/libjli.so
7f75fd7b6000-7f75fd7b7000 rw-p 00010000 08:02 23990625                   /usr/lib/jvm/java-11-openjdk-amd64/lib/jli/libjli.so
7f75fd7b7000-7f75fd7b9000 rw-p 00000000 00:00 0 
7f75fd7b9000-7f75fd7ba000 r--p 00000000 08:02 23600471                   /usr/lib/x86_64-linux-gnu/ld-2.29.so
7f75fd7ba000-7f75fd7db000 r-xp 00001000 08:02 23600471                   /usr/lib/x86_64-linux-gnu/ld-2.29.so
7f75fd7db000-7f75fd7e3000 r--p 00022000 08:02 23600471                   /usr/lib/x86_64-linux-gnu/ld-2.29.so
7f75fd7e3000-7f75fd7e4000 r--p 00029000 08:02 23600471                   /usr/lib/x86_64-linux-gnu/ld-2.29.so
7f75fd7e4000-7f75fd7e5000 rw-p 0002a000 08:02 23600471                   /usr/lib/x86_64-linux-gnu/ld-2.29.so
7f75fd7e5000-7f75fd7e6000 rw-p 00000000 00:00 0 
7fffbb255000-7fffbb277000 rw-p 00000000 00:00 0                          [stack]
7fffbb3e4000-7fffbb3e7000 r--p 00000000 00:00 0                          [vvar]
7fffbb3e7000-7fffbb3e8000 r-xp 00000000 00:00 0                          [vdso]
ffffffffff600000-ffffffffff601000 r-xp 00000000 00:00 0                  [vsyscall]


VM Arguments:
jvm_args: -Dfile.encoding=UTF-8 -Duser.country=AU -Duser.language=en -Duser.variant 
java_command: ExampleSwingApp
java_class_path (initial): /home/kramer/Downloads/RobotArena-master/RobotAreana/start/build/classes/java/main:/home/kramer/Downloads/RobotArena-master/RobotAreana/start/build/classes/groovy/main:/home/kramer/Downloads/RobotArena-master/RobotAreana/start/build/resources/main:/home/kramer/Downloads/RobotArena-master/RobotAreana/AIBasic/build/libs/AIBasic.jar:/home/kramer/Downloads/RobotArena-master/RobotAreana/robot/build/libs/robot.jar:/home/kramer/Downloads/RobotArena-master/RobotAreana/main/build/libs/main.jar
Launcher Type: SUN_STANDARD

[Global flags]
     intx CICompilerCount                          = 3                                         {product} {ergonomic}
     uint ConcGCThreads                            = 1                                         {product} {ergonomic}
     uint G1ConcRefinementThreads                  = 4                                         {product} {ergonomic}
   size_t G1HeapRegionSize                         = 1048576                                   {product} {ergonomic}
    uintx GCDrainStackTargetSize                   = 64                                        {product} {ergonomic}
   size_t InitialHeapSize                          = 130023424                                 {product} {ergonomic}
   size_t MarkStackSize                            = 4194304                                   {product} {ergonomic}
   size_t MaxHeapSize                              = 2063597568                                {product} {ergonomic}
   size_t MaxNewSize                               = 1237319680                                {product} {ergonomic}
   size_t MinHeapDeltaBytes                        = 1048576                                   {product} {ergonomic}
    uintx NonNMethodCodeHeapSize                   = 5830092                                {pd product} {ergonomic}
    uintx NonProfiledCodeHeapSize                  = 122914074                              {pd product} {ergonomic}
    uintx ProfiledCodeHeapSize                     = 122914074                              {pd product} {ergonomic}
    uintx ReservedCodeCacheSize                    = 251658240                              {pd product} {ergonomic}
     bool SegmentedCodeCache                       = true                                      {product} {ergonomic}
     bool UseCompressedClassPointers               = true                                 {lp64_product} {ergonomic}
     bool UseCompressedOops                        = true                                 {lp64_product} {ergonomic}
     bool UseG1GC                                  = true                                      {product} {ergonomic}

Logging:
Log output configuration:
 #0: stdout all=warning uptime,level,tags
 #1: stderr all=off uptime,level,tags

Environment Variables:
PATH=/home/kramer/.local/bin:/usr/local/sbin:/usr/local/bin:/usr/sbin:/usr/bin:/sbin:/bin:/usr/games:/usr/local/games:/snap/bin
USERNAME=kramer
LD_LIBRARY_PATH=/home/kramer/Downloads/RobotArena-master/RobotAreana/AIBasic/build/libs/mynativelibrary/shared
SHELL=/bin/bash
DISPLAY=:0

Signal Handlers:
SIGSEGV: [libjvm.so+0xd1cc80], sa_mask[0]=11111111011111111101111111111110, sa_flags=SA_RESTART|SA_SIGINFO
SIGBUS: [libjvm.so+0xd1cc80], sa_mask[0]=11111111011111111101111111111110, sa_flags=SA_RESTART|SA_SIGINFO
SIGFPE: [libjvm.so+0xd1cc80], sa_mask[0]=11111111011111111101111111111110, sa_flags=SA_RESTART|SA_SIGINFO
SIGPIPE: SIG_IGN, sa_mask[0]=00000000000010000000000000000000, sa_flags=SA_RESTART
SIGXFSZ: [libjvm.so+0xb239a0], sa_mask[0]=11111111011111111101111111111110, sa_flags=SA_RESTART|SA_SIGINFO
SIGILL: [libjvm.so+0xd1cc80], sa_mask[0]=11111111011111111101111111111110, sa_flags=SA_RESTART|SA_SIGINFO
SIGUSR2: [libjvm.so+0xb23830], sa_mask[0]=00100000000000000000000000000000, sa_flags=SA_RESTART|SA_SIGINFO
SIGHUP: [libjvm.so+0xb23ce0], sa_mask[0]=11111111011111111101111111111110, sa_flags=SA_RESTART|SA_SIGINFO
SIGINT: [libjvm.so+0xb23ce0], sa_mask[0]=11111111011111111101111111111110, sa_flags=SA_RESTART|SA_SIGINFO
SIGTERM: [libjvm.so+0xb23ce0], sa_mask[0]=11111111011111111101111111111110, sa_flags=SA_RESTART|SA_SIGINFO
SIGQUIT: [libjvm.so+0xb23ce0], sa_mask[0]=11111111011111111101111111111110, sa_flags=SA_RESTART|SA_SIGINFO


---------------  S Y S T E M  ---------------

OS:DISTRIB_ID=Ubuntu
DISTRIB_RELEASE=19.04
DISTRIB_CODENAME=disco
DISTRIB_DESCRIPTION="Ubuntu 19.04"
uname:Linux 5.0.0-32-generic #34-Ubuntu SMP Wed Oct 2 02:06:48 UTC 2019 x86_64
libc:glibc 2.29 NPTL 2.29 
rlimit: STACK 8192k, CORE 0k, NPROC 31283, NOFILE 524288, AS infinity, DATA infinity, FSIZE infinity
load average:0.94 0.99 1.03

/proc/meminfo:
MemTotal:        8057228 kB
MemFree:         1710144 kB
MemAvailable:    3615840 kB
Buffers:          141564 kB
Cached:          1988396 kB
SwapCached:            0 kB
Active:          4572972 kB
Inactive:        1369120 kB
Active(anon):    3740552 kB
Inactive(anon):   146484 kB
Active(file):     832420 kB
Inactive(file):  1222636 kB
Unevictable:        3452 kB
Mlocked:              16 kB
SwapTotal:       2097148 kB
SwapFree:        2097148 kB
Dirty:              2164 kB
Writeback:             0 kB
AnonPages:       3815660 kB
Mapped:           643880 kB
Shmem:            151820 kB
KReclaimable:     141844 kB
Slab:             242700 kB
SReclaimable:     141844 kB
SUnreclaim:       100856 kB
KernelStack:       16856 kB
PageTables:        36696 kB
NFS_Unstable:          0 kB
Bounce:                0 kB
WritebackTmp:          0 kB
CommitLimit:     6125760 kB
Committed_AS:   12159148 kB
VmallocTotal:   34359738367 kB
VmallocUsed:           0 kB
VmallocChunk:          0 kB
Percpu:             2192 kB
HardwareCorrupted:     0 kB
AnonHugePages:         0 kB
ShmemHugePages:        0 kB
ShmemPmdMapped:        0 kB
CmaTotal:              0 kB
CmaFree:               0 kB
HugePages_Total:       0
HugePages_Free:        0
HugePages_Rsvd:        0
HugePages_Surp:        0
Hugepagesize:       2048 kB
Hugetlb:               0 kB
DirectMap4k:      244272 kB
DirectMap2M:     5939200 kB
DirectMap1G:     2097152 kB


/proc/sys/kernel/threads-max (system-wide limit on the number of threads):
62566


/proc/sys/vm/max_map_count (maximum number of memory map areas a process may have):
65530


/proc/sys/kernel/pid_max (system-wide limit on number of process identifiers):
32768



container (cgroup) information:
container_type: cgroupv1
cpu_cpuset_cpus: 0-3
cpu_memory_nodes: 0
active_processor_count: 4
cpu_quota: -1
cpu_period: 100000
cpu_shares: -1
memory_limit_in_bytes: -1
memory_and_swap_limit_in_bytes: -2
memory_soft_limit_in_bytes: -1
memory_usage_in_bytes: 1146605568
memory_max_usage_in_bytes: 1169940480

Steal ticks since vm start: 0
Steal ticks percentage since vm start:  0.000

CPU:total 4 (initial active 4) (4 cores per cpu, 1 threads per core) family 6 model 60 stepping 3, cmov, cx8, fxsr, mmx, sse, sse2, sse3, ssse3, sse4.1, sse4.2, popcnt, avx, avx2, aes, clmul, erms, lzcnt, tsc, tscinvbit, bmi1, bmi2, fma
CPU Model and flags from /proc/cpuinfo:
model name	: Intel(R) Core(TM) i5-4690 CPU @ 3.50GHz
flags		: fpu vme de pse tsc msr pae mce cx8 apic sep mtrr pge mca cmov pat pse36 clflush dts acpi mmx fxsr sse sse2 ss ht tm pbe syscall nx pdpe1gb rdtscp lm constant_tsc arch_perfmon pebs bts rep_good nopl xtopology nonstop_tsc cpuid aperfmperf pni pclmulqdq dtes64 monitor ds_cpl vmx smx est tm2 ssse3 sdbg fma cx16 xtpr pdcm pcid sse4_1 sse4_2 x2apic movbe popcnt tsc_deadline_timer aes xsave avx f16c rdrand lahf_lm abm cpuid_fault invpcid_single pti ssbd ibrs ibpb stibp tpr_shadow vnmi flexpriority ept vpid ept_ad fsgsbase tsc_adjust bmi1 avx2 smep bmi2 erms invpcid xsaveopt dtherm ida arat pln pts md_clear flush_l1d

Memory: 4k page, physical 8057228k(1710144k free), swap 2097148k(2097148k free)

vm_info: OpenJDK 64-Bit Server VM (11.0.4+11-post-Ubuntu-1ubuntu219.04) for linux-amd64 JRE (11.0.4+11-post-Ubuntu-1ubuntu219.04), built on Jul 18 2019 18:21:46 by "buildd" with gcc 8.3.0

END.
