#
# A fatal error has been detected by the Java Runtime Environment:
#
#  SIGSEGV (0xb) at pc=0x00007f135c8ac62b, pid=9015, tid=9041
#
# JRE version: OpenJDK Runtime Environment (11.0.4+11) (build 11.0.4+11-post-Ubuntu-1ubuntu219.04)
# Java VM: OpenJDK 64-Bit Server VM (11.0.4+11-post-Ubuntu-1ubuntu219.04, mixed mode, sharing, tiered, compressed oops, g1 gc, linux-amd64)
# Problematic frame:
# V  [libjvm.so+0x86462b]
#
# Core dump will be written. Default location: Core dumps may be processed with "/usr/share/apport/apport %p %s %c %d %P" (or dumping to /home/kramer/Downloads/RobotArena-master/RobotAreana/start/core.9015)
#
# If you would like to submit a bug report, please visit:
#   https://bugs.launchpad.net/ubuntu/+source/openjdk-lts
#

---------------  S U M M A R Y ------------

Command Line: -Dfile.encoding=UTF-8 -Duser.country=AU -Duser.language=en -Duser.variant ExampleSwingApp

Host: Intel(R) Core(TM) i5-4690 CPU @ 3.50GHz, 4 cores, 7G, Ubuntu 19.04
Time: Mon Oct 28 19:26:33 2019 AWST elapsed time: 1 seconds (0d 0h 0m 1s)

---------------  T H R E A D  ---------------

Current thread (0x00007f1354485000):  JavaThread "Thomas" [_thread_in_vm, id=9041, stack(0x00007f12f32fa000,0x00007f12f33fb000)]

Stack: [0x00007f12f32fa000,0x00007f12f33fb000],  sp=0x00007f12f33f9650,  free space=1021k
Native frames: (J=compiled Java code, A=aot compiled Java code, j=interpreted, Vv=VM code, C=native code)
V  [libjvm.so+0x86462b]
C  [libmynativelibrary.so+0x1231]  Java_CRobot_startCPP+0x12c
j  CRobot.startCPP(LRobotControl;)V+0
j  CRobot$1.run()V+8
j  java.lang.Thread.run()V+11 java.base@11.0.4
v  ~StubRoutines::call_stub
V  [libjvm.so+0x7f40b1]
V  [libjvm.so+0x7f2550]
V  [libjvm.so+0x7f260b]
V  [libjvm.so+0x88e63c]
V  [libjvm.so+0xcc0060]
V  [libjvm.so+0xcc0350]
V  [libjvm.so+0xcbbee4]
V  [libjvm.so+0xb2cbee]

Java frames: (J=compiled Java code, j=interpreted, Vv=VM code)
j  CRobot.startCPP(LRobotControl;)V+0
j  CRobot$1.run()V+8
j  java.lang.Thread.run()V+11 java.base@11.0.4
v  ~StubRoutines::call_stub

siginfo: si_signo: 11 (SIGSEGV), si_code: 1 (SEGV_MAPERR), si_addr: 0x0000000000000000

Register to memory mapping:

RAX=0x00007f12f33f96f0 is pointing into the stack for thread: 0x00007f1354485000
RBX=0x00007f1354485000 is a thread
RCX=0x00007f135c8ac550: <offset 0x0000000000864550> in /usr/lib/jvm/java-11-openjdk-amd64/lib/server/libjvm.so at 0x00007f135c048000
RDX=0x00007f1354482820 points into unknown readable memory: d8 a5 ed 8b 00 00 00 00
RSP=0x00007f12f33f9650 is pointing into the stack for thread: 0x00007f1354485000
RBP=0x00007f12f33f97d0 is pointing into the stack for thread: 0x00007f1354485000
RSI=0x00007f1354485000 is a thread
RDI=0x00007f12f33f96b0 is pointing into the stack for thread: 0x00007f1354485000
R8 =0x0 is NULL
R9 =0x00007f12f33f92e4 is pointing into the stack for thread: 0x00007f1354485000
R10=0x00007f135ce13264: <offset 0x0000000000dcb264> in /usr/lib/jvm/java-11-openjdk-amd64/lib/server/libjvm.so at 0x00007f135c048000
R11=0x0000000000000535 is an unknown value
R12=0x00007f12f33f96b0 is pointing into the stack for thread: 0x00007f1354485000
R13=0x00007f1354485340 points into unknown readable memory: e0 4f 0d 5d 13 7f 00 00
R14=0x0 is NULL
R15=0x00007f12f33f98d0 is pointing into the stack for thread: 0x00007f1354485000


Registers:
RAX=0x00007f12f33f96f0, RBX=0x00007f1354485000, RCX=0x00007f135c8ac550, RDX=0x00007f1354482820
RSP=0x00007f12f33f9650, RBP=0x00007f12f33f97d0, RSI=0x00007f1354485000, RDI=0x00007f12f33f96b0
R8 =0x0000000000000000, R9 =0x00007f12f33f92e4, R10=0x00007f135ce13264, R11=0x0000000000000535
R12=0x00007f12f33f96b0, R13=0x00007f1354485340, R14=0x0000000000000000, R15=0x00007f12f33f98d0
RIP=0x00007f135c8ac62b, EFLAGS=0x0000000000010202, CSGSFS=0x002b000000000033, ERR=0x0000000000000004
  TRAPNO=0x000000000000000e

Top of Stack: (sp=0x00007f12f33f9650)
0x00007f12f33f9650:   00007f1354119c00 00007f1354485000
0x00007f12f33f9660:   00007f133c003042 00007f135ce27af8
0x00007f12f33f9670:   0000000000000535 0000000800000018
0x00007f12f33f9680:   00007f12f33f97e0 00007f12f33f96f0 

Instructions: (pc=0x00007f135c8ac62b)
0x00007f135c8ac52b:   89 e0 5b 41 5c 41 5d 41 5e 41 5f 5d c3 0f 1f 84
0x00007f135c8ac53b:   00 00 00 00 00 48 89 df 31 db e8 66 2d 45 00 e9
0x00007f135c8ac54b:   ab fe ff ff 90 55 48 89 e5 41 57 49 89 f7 41 56
0x00007f135c8ac55b:   49 89 d6 41 55 49 89 fd 41 54 53 48 81 ec 58 01
0x00007f135c8ac56b:   00 00 48 89 8d 38 ff ff ff 4c 89 85 40 ff ff ff
0x00007f135c8ac57b:   4c 89 8d 48 ff ff ff 84 c0 74 29 0f 29 85 50 ff
0x00007f135c8ac58b:   ff ff 0f 29 8d 60 ff ff ff 0f 29 95 70 ff ff ff
0x00007f135c8ac59b:   0f 29 5d 80 0f 29 65 90 0f 29 6d a0 0f 29 75 b0
0x00007f135c8ac5ab:   0f 29 7d c0 49 8d 9d c0 fc ff ff 8b 83 d0 03 00
0x00007f135c8ac5bb:   00 2d ab de 00 00 83 f8 01 0f 87 46 01 00 00 48
0x00007f135c8ac5cb:   89 df 48 89 9d 88 fe ff ff e8 c7 69 ff ff 48 83
0x00007f135c8ac5db:   7b 08 00 48 89 9d c0 fe ff ff 48 c7 85 c8 fe ff
0x00007f135c8ac5eb:   ff 00 00 00 00 74 0c 48 8d bd c0 fe ff ff e8 02
0x00007f135c8ac5fb:   0e 32 00 48 8d 45 10 4c 8d a5 e0 fe ff ff c7 85
0x00007f135c8ac60b:   a8 fe ff ff 18 00 00 00 48 89 85 b0 fe ff ff 48
0x00007f135c8ac61b:   8d 85 20 ff ff ff 4c 89 e7 48 89 85 b8 fe ff ff
0x00007f135c8ac62b:   49 8b 06 c7 85 ac fe ff ff 30 00 00 00 c7 85 90
0x00007f135c8ac63b:   fe ff ff 0c 00 00 00 48 8b 40 08 0f b7 50 2c 48
0x00007f135c8ac64b:   8b 40 08 48 8b 74 d0 40 e8 78 53 3a 00 4d 89 e0
0x00007f135c8ac65b:   49 89 d9 4c 89 f1 48 8d 05 f0 20 77 00 4c 89 fa
0x00007f135c8ac66b:   4c 89 ef 45 31 e4 48 89 85 e0 fe ff ff f3 0f 6f
0x00007f135c8ac67b:   85 a8 fe ff ff 48 8d b5 90 fe ff ff 48 8b 85 b8
0x00007f135c8ac68b:   fe ff ff c7 85 f8 fe ff ff 63 00 00 00 48 c7 85
0x00007f135c8ac69b:   00 ff ff ff 00 00 00 00 0f 11 85 08 ff ff ff 48
0x00007f135c8ac6ab:   89 85 18 ff ff ff e8 fa f3 ff ff 48 83 7b 08 00
0x00007f135c8ac6bb:   75 07 4c 8b a5 98 fe ff ff 48 83 bd c8 fe ff ff
0x00007f135c8ac6cb:   00 74 0c 48 8d bd c0 fe ff ff e8 76 0d 32 00 48
0x00007f135c8ac6db:   8b bb f0 00 00 00 e8 1a e3 00 00 48 8d bd 88 fe
0x00007f135c8ac6eb:   ff ff e8 fe e3 00 00 48 81 c4 58 01 00 00 4c 89
0x00007f135c8ac6fb:   e0 5b 41 5c 41 5d 41 5e 41 5f 5d c3 66 0f 1f 84
0x00007f135c8ac70b:   00 00 00 00 00 48 89 df 31 db e8 96 2b 45 00 e9
0x00007f135c8ac71b:   ab fe ff ff 90 55 48 89 e5 41 57 49 89 f7 41 56 


Stack slot to memory mapping:
stack at sp + 0 slots: 0x00007f1354119c00 points into unknown readable memory: 00 00 00 00 00 00 00 00
stack at sp + 1 slots: 0x00007f1354485000 is a thread
stack at sp + 2 slots: 0x00007f133c003042: <offset 0x0000000000002042> in /home/kramer/Downloads/RobotArena-master/RobotAreana/AIBasic/build/libs/mynativelibrary/shared/libmynativelibrary.so at 0x00007f133c001000
stack at sp + 3 slots: 0x00007f135ce27af8: <offset 0x0000000000ddfaf8> in /usr/lib/jvm/java-11-openjdk-amd64/lib/server/libjvm.so at 0x00007f135c048000
stack at sp + 4 slots: 0x0000000000000535 is an unknown value
stack at sp + 5 slots: 0x0000000800000018 is pointing into metadata
stack at sp + 6 slots: 0x00007f12f33f97e0 is pointing into the stack for thread: 0x00007f1354485000
stack at sp + 7 slots: 0x00007f12f33f96f0 is pointing into the stack for thread: 0x00007f1354485000


---------------  P R O C E S S  ---------------

Threads class SMR info:
_java_thread_list=0x00007f1354489bd0, length=16, elements={
0x00007f1354011800, 0x00007f1354107000, 0x00007f1354109000, 0x00007f135410e800,
0x00007f1354110800, 0x00007f1354112800, 0x00007f1354114800, 0x00007f135414c000,
0x00007f1354154000, 0x00007f13542fa800, 0x00007f135435c800, 0x00007f130437c000,
0x00007f135447d000, 0x00007f1354485000, 0x00007f1354487000, 0x00007f1354488800
}

Java Threads: ( => current thread )
  0x00007f1354011800 JavaThread "main" [_thread_in_Java, id=9016, stack(0x00007f135bbfd000,0x00007f135bcfe000)]
  0x00007f1354107000 JavaThread "Reference Handler" daemon [_thread_blocked, id=9023, stack(0x00007f133403f000,0x00007f1334140000)]
  0x00007f1354109000 JavaThread "Finalizer" daemon [_thread_blocked, id=9024, stack(0x00007f131feff000,0x00007f1320000000)]
  0x00007f135410e800 JavaThread "Signal Dispatcher" daemon [_thread_blocked, id=9025, stack(0x00007f131f023000,0x00007f131f124000)]
  0x00007f1354110800 JavaThread "C2 CompilerThread0" daemon [_thread_blocked, id=9026, stack(0x00007f131ef22000,0x00007f131f023000)]
  0x00007f1354112800 JavaThread "C1 CompilerThread0" daemon [_thread_blocked, id=9027, stack(0x00007f131ee21000,0x00007f131ef22000)]
  0x00007f1354114800 JavaThread "Sweeper thread" daemon [_thread_blocked, id=9028, stack(0x00007f131ed20000,0x00007f131ee21000)]
  0x00007f135414c000 JavaThread "Service Thread" daemon [_thread_blocked, id=9029, stack(0x00007f131ec1f000,0x00007f131ed20000)]
  0x00007f1354154000 JavaThread "Common-Cleaner" daemon [_thread_blocked, id=9031, stack(0x00007f131ea1c000,0x00007f131eb1d000)]
  0x00007f13542fa800 JavaThread "Java2D Disposer" daemon [_thread_blocked, id=9037, stack(0x00007f12f36fe000,0x00007f12f37ff000)]
  0x00007f135435c800 JavaThread "AWT-XAWT" daemon [_thread_in_native, id=9038, stack(0x00007f12f35fd000,0x00007f12f36fe000)]
  0x00007f130437c000 JavaThread "C2 CompilerThread1" daemon [_thread_blocked, id=9039, stack(0x00007f12f34fc000,0x00007f12f35fd000)]
  0x00007f135447d000 JavaThread "Image Fetcher 0" daemon [_thread_blocked, id=9040, stack(0x00007f12f33fb000,0x00007f12f34fc000)]
=>0x00007f1354485000 JavaThread "Thomas" [_thread_in_vm, id=9041, stack(0x00007f12f32fa000,0x00007f12f33fb000)]
  0x00007f1354487000 JavaThread "Thomas" [_thread_blocked, id=9042, stack(0x00007f12f31f9000,0x00007f12f32fa000)]
  0x00007f1354488800 JavaThread "Thomas" [_thread_blocked, id=9043, stack(0x00007f12f30f8000,0x00007f12f31f9000)]

Other Threads:
  0x00007f1354104000 VMThread "VM Thread" [stack: 0x00007f133c056000,0x00007f133c156000] [id=9022] _threads_hazard_ptr=0x00007f1354489bd0
  0x00007f135414e000 WatcherThread [stack: 0x00007f131eb1f000,0x00007f131ec1f000] [id=9030]
  0x00007f1354027000 GCTaskThread "GC Thread#0" [stack: 0x00007f135b8b1000,0x00007f135b9b1000] [id=9017]
  0x00007f1354058000 ConcurrentGCThread "G1 Main Marker" [stack: 0x00007f1358921000,0x00007f1358a21000] [id=9018]
  0x00007f135405a000 ConcurrentGCThread "G1 Conc#0" [stack: 0x00007f135881f000,0x00007f135891f000] [id=9019]
  0x00007f13540d2000 ConcurrentGCThread "G1 Refine#0" [stack: 0x00007f1358319000,0x00007f1358419000] [id=9020]
  0x00007f13540d3800 ConcurrentGCThread "G1 Young RemSet Sampling" [stack: 0x00007f1358217000,0x00007f1358317000] [id=9021]

Threads with active compile tasks:

VM state:synchronizing (normal execution)

VM Mutex/Monitor currently owned by a thread:  ([mutex/lock_event])
[0x00007f135400e2d0] Safepoint_lock - owner thread: 0x00007f1354104000
[0x00007f135400e360] Threads_lock - owner thread: 0x00007f1354104000
[0x00007f135400eab0] Heap_lock - owner thread: 0x00007f1354487000

Heap address: 0x0000000085000000, size: 1968 MB, Compressed Oops mode: 32-bit
Narrow klass base: 0x0000000800000000, Narrow klass shift: 3
Compressed class space size: 1073741824 Address: 0x0000000840000000

Heap:
 garbage-first heap   total 129024K, used 23160K [0x0000000085000000, 0x0000000100000000)
  region size 1024K, 14 young (14336K), 0 survivors (0K)
 Metaspace       used 5250K, capacity 5596K, committed 5760K, reserved 1056768K
  class space    used 585K, capacity 769K, committed 896K, reserved 1048576K
Heap Regions: E=young(eden), S=young(survivor), O=old, HS=humongous(starts), HC=humongous(continues), CS=collection set, F=free, A=archive, TAMS=top-at-mark-start (previous, next)
|   0|0x0000000085000000, 0x0000000085100000, 0x0000000085100000|100%|HS|  |TAMS 0x0000000085000000, 0x0000000085000000| Complete 
|   1|0x0000000085100000, 0x0000000085200000, 0x0000000085200000|100%|HC|  |TAMS 0x0000000085100000, 0x0000000085100000| Complete 
|   2|0x0000000085200000, 0x0000000085300000, 0x0000000085300000|100%|HC|  |TAMS 0x0000000085200000, 0x0000000085200000| Complete 
|   3|0x0000000085300000, 0x0000000085400000, 0x0000000085400000|100%|HC|  |TAMS 0x0000000085300000, 0x0000000085300000| Complete 
|   4|0x0000000085400000, 0x0000000085500000, 0x0000000085500000|100%|HC|  |TAMS 0x0000000085400000, 0x0000000085400000| Complete 
|   5|0x0000000085500000, 0x0000000085600000, 0x0000000085600000|100%|HC|  |TAMS 0x0000000085500000, 0x0000000085500000| Complete 
|   6|0x0000000085600000, 0x0000000085700000, 0x0000000085700000|100%|HC|  |TAMS 0x0000000085600000, 0x0000000085600000| Complete 
|   7|0x0000000085700000, 0x0000000085800000, 0x0000000085800000|100%|HC|  |TAMS 0x0000000085700000, 0x0000000085700000| Complete 
|   8|0x0000000085800000, 0x0000000085800000, 0x0000000085900000|  0%| F|  |TAMS 0x0000000085800000, 0x0000000085800000| Untracked 
|   9|0x0000000085900000, 0x0000000085900000, 0x0000000085a00000|  0%| F|  |TAMS 0x0000000085900000, 0x0000000085900000| Untracked 
|  10|0x0000000085a00000, 0x0000000085a00000, 0x0000000085b00000|  0%| F|  |TAMS 0x0000000085a00000, 0x0000000085a00000| Untracked 
|  11|0x0000000085b00000, 0x0000000085b00000, 0x0000000085c00000|  0%| F|  |TAMS 0x0000000085b00000, 0x0000000085b00000| Untracked 
|  12|0x0000000085c00000, 0x0000000085c00000, 0x0000000085d00000|  0%| F|  |TAMS 0x0000000085c00000, 0x0000000085c00000| Untracked 
|  13|0x0000000085d00000, 0x0000000085d00000, 0x0000000085e00000|  0%| F|  |TAMS 0x0000000085d00000, 0x0000000085d00000| Untracked 
|  14|0x0000000085e00000, 0x0000000085e00000, 0x0000000085f00000|  0%| F|  |TAMS 0x0000000085e00000, 0x0000000085e00000| Untracked 
|  15|0x0000000085f00000, 0x0000000085f00000, 0x0000000086000000|  0%| F|  |TAMS 0x0000000085f00000, 0x0000000085f00000| Untracked 
|  16|0x0000000086000000, 0x0000000086000000, 0x0000000086100000|  0%| F|  |TAMS 0x0000000086000000, 0x0000000086000000| Untracked 
|  17|0x0000000086100000, 0x0000000086100000, 0x0000000086200000|  0%| F|  |TAMS 0x0000000086100000, 0x0000000086100000| Untracked 
|  18|0x0000000086200000, 0x0000000086200000, 0x0000000086300000|  0%| F|  |TAMS 0x0000000086200000, 0x0000000086200000| Untracked 
|  19|0x0000000086300000, 0x0000000086300000, 0x0000000086400000|  0%| F|  |TAMS 0x0000000086300000, 0x0000000086300000| Untracked 
|  20|0x0000000086400000, 0x0000000086400000, 0x0000000086500000|  0%| F|  |TAMS 0x0000000086400000, 0x0000000086400000| Untracked 
|  21|0x0000000086500000, 0x0000000086500000, 0x0000000086600000|  0%| F|  |TAMS 0x0000000086500000, 0x0000000086500000| Untracked 
|  22|0x0000000086600000, 0x0000000086600000, 0x0000000086700000|  0%| F|  |TAMS 0x0000000086600000, 0x0000000086600000| Untracked 
|  23|0x0000000086700000, 0x0000000086700000, 0x0000000086800000|  0%| F|  |TAMS 0x0000000086700000, 0x0000000086700000| Untracked 
|  24|0x0000000086800000, 0x0000000086800000, 0x0000000086900000|  0%| F|  |TAMS 0x0000000086800000, 0x0000000086800000| Untracked 
|  25|0x0000000086900000, 0x0000000086900000, 0x0000000086a00000|  0%| F|  |TAMS 0x0000000086900000, 0x0000000086900000| Untracked 
|  26|0x0000000086a00000, 0x0000000086a00000, 0x0000000086b00000|  0%| F|  |TAMS 0x0000000086a00000, 0x0000000086a00000| Untracked 
|  27|0x0000000086b00000, 0x0000000086b00000, 0x0000000086c00000|  0%| F|  |TAMS 0x0000000086b00000, 0x0000000086b00000| Untracked 
|  28|0x0000000086c00000, 0x0000000086c00000, 0x0000000086d00000|  0%| F|  |TAMS 0x0000000086c00000, 0x0000000086c00000| Untracked 
|  29|0x0000000086d00000, 0x0000000086d00000, 0x0000000086e00000|  0%| F|  |TAMS 0x0000000086d00000, 0x0000000086d00000| Untracked 
|  30|0x0000000086e00000, 0x0000000086e00000, 0x0000000086f00000|  0%| F|  |TAMS 0x0000000086e00000, 0x0000000086e00000| Untracked 
|  31|0x0000000086f00000, 0x0000000086f00000, 0x0000000087000000|  0%| F|  |TAMS 0x0000000086f00000, 0x0000000086f00000| Untracked 
|  32|0x0000000087000000, 0x0000000087000000, 0x0000000087100000|  0%| F|  |TAMS 0x0000000087000000, 0x0000000087000000| Untracked 
|  33|0x0000000087100000, 0x0000000087100000, 0x0000000087200000|  0%| F|  |TAMS 0x0000000087100000, 0x0000000087100000| Untracked 
|  34|0x0000000087200000, 0x0000000087200000, 0x0000000087300000|  0%| F|  |TAMS 0x0000000087200000, 0x0000000087200000| Untracked 
|  35|0x0000000087300000, 0x0000000087300000, 0x0000000087400000|  0%| F|  |TAMS 0x0000000087300000, 0x0000000087300000| Untracked 
|  36|0x0000000087400000, 0x0000000087400000, 0x0000000087500000|  0%| F|  |TAMS 0x0000000087400000, 0x0000000087400000| Untracked 
|  37|0x0000000087500000, 0x0000000087500000, 0x0000000087600000|  0%| F|  |TAMS 0x0000000087500000, 0x0000000087500000| Untracked 
|  38|0x0000000087600000, 0x0000000087600000, 0x0000000087700000|  0%| F|  |TAMS 0x0000000087600000, 0x0000000087600000| Untracked 
|  39|0x0000000087700000, 0x0000000087700000, 0x0000000087800000|  0%| F|  |TAMS 0x0000000087700000, 0x0000000087700000| Untracked 
|  40|0x0000000087800000, 0x0000000087800000, 0x0000000087900000|  0%| F|  |TAMS 0x0000000087800000, 0x0000000087800000| Untracked 
|  41|0x0000000087900000, 0x0000000087900000, 0x0000000087a00000|  0%| F|  |TAMS 0x0000000087900000, 0x0000000087900000| Untracked 
|  42|0x0000000087a00000, 0x0000000087a00000, 0x0000000087b00000|  0%| F|  |TAMS 0x0000000087a00000, 0x0000000087a00000| Untracked 
|  43|0x0000000087b00000, 0x0000000087b00000, 0x0000000087c00000|  0%| F|  |TAMS 0x0000000087b00000, 0x0000000087b00000| Untracked 
|  44|0x0000000087c00000, 0x0000000087c00000, 0x0000000087d00000|  0%| F|  |TAMS 0x0000000087c00000, 0x0000000087c00000| Untracked 
|  45|0x0000000087d00000, 0x0000000087d00000, 0x0000000087e00000|  0%| F|  |TAMS 0x0000000087d00000, 0x0000000087d00000| Untracked 
|  46|0x0000000087e00000, 0x0000000087e00000, 0x0000000087f00000|  0%| F|  |TAMS 0x0000000087e00000, 0x0000000087e00000| Untracked 
|  47|0x0000000087f00000, 0x0000000087f00000, 0x0000000088000000|  0%| F|  |TAMS 0x0000000087f00000, 0x0000000087f00000| Untracked 
|  48|0x0000000088000000, 0x0000000088000000, 0x0000000088100000|  0%| F|  |TAMS 0x0000000088000000, 0x0000000088000000| Untracked 
|  49|0x0000000088100000, 0x0000000088100000, 0x0000000088200000|  0%| F|  |TAMS 0x0000000088100000, 0x0000000088100000| Untracked 
|  50|0x0000000088200000, 0x0000000088200000, 0x0000000088300000|  0%| F|  |TAMS 0x0000000088200000, 0x0000000088200000| Untracked 
|  51|0x0000000088300000, 0x0000000088300000, 0x0000000088400000|  0%| F|  |TAMS 0x0000000088300000, 0x0000000088300000| Untracked 
|  52|0x0000000088400000, 0x0000000088400000, 0x0000000088500000|  0%| F|  |TAMS 0x0000000088400000, 0x0000000088400000| Untracked 
|  53|0x0000000088500000, 0x0000000088500000, 0x0000000088600000|  0%| F|  |TAMS 0x0000000088500000, 0x0000000088500000| Untracked 
|  54|0x0000000088600000, 0x0000000088600000, 0x0000000088700000|  0%| F|  |TAMS 0x0000000088600000, 0x0000000088600000| Untracked 
|  55|0x0000000088700000, 0x0000000088700000, 0x0000000088800000|  0%| F|  |TAMS 0x0000000088700000, 0x0000000088700000| Untracked 
|  56|0x0000000088800000, 0x0000000088800000, 0x0000000088900000|  0%| F|  |TAMS 0x0000000088800000, 0x0000000088800000| Untracked 
|  57|0x0000000088900000, 0x0000000088900000, 0x0000000088a00000|  0%| F|  |TAMS 0x0000000088900000, 0x0000000088900000| Untracked 
|  58|0x0000000088a00000, 0x0000000088a00000, 0x0000000088b00000|  0%| F|  |TAMS 0x0000000088a00000, 0x0000000088a00000| Untracked 
|  59|0x0000000088b00000, 0x0000000088b00000, 0x0000000088c00000|  0%| F|  |TAMS 0x0000000088b00000, 0x0000000088b00000| Untracked 
|  60|0x0000000088c00000, 0x0000000088c00000, 0x0000000088d00000|  0%| F|  |TAMS 0x0000000088c00000, 0x0000000088c00000| Untracked 
|  61|0x0000000088d00000, 0x0000000088d00000, 0x0000000088e00000|  0%| F|  |TAMS 0x0000000088d00000, 0x0000000088d00000| Untracked 
|  62|0x0000000088e00000, 0x0000000088e00000, 0x0000000088f00000|  0%| F|  |TAMS 0x0000000088e00000, 0x0000000088e00000| Untracked 
|  63|0x0000000088f00000, 0x0000000088f00000, 0x0000000089000000|  0%| F|  |TAMS 0x0000000088f00000, 0x0000000088f00000| Untracked 
|  64|0x0000000089000000, 0x0000000089000000, 0x0000000089100000|  0%| F|  |TAMS 0x0000000089000000, 0x0000000089000000| Untracked 
|  65|0x0000000089100000, 0x0000000089100000, 0x0000000089200000|  0%| F|  |TAMS 0x0000000089100000, 0x0000000089100000| Untracked 
|  66|0x0000000089200000, 0x0000000089200000, 0x0000000089300000|  0%| F|  |TAMS 0x0000000089200000, 0x0000000089200000| Untracked 
|  67|0x0000000089300000, 0x0000000089300000, 0x0000000089400000|  0%| F|  |TAMS 0x0000000089300000, 0x0000000089300000| Untracked 
|  68|0x0000000089400000, 0x0000000089400000, 0x0000000089500000|  0%| F|  |TAMS 0x0000000089400000, 0x0000000089400000| Untracked 
|  69|0x0000000089500000, 0x0000000089500000, 0x0000000089600000|  0%| F|  |TAMS 0x0000000089500000, 0x0000000089500000| Untracked 
|  70|0x0000000089600000, 0x0000000089600000, 0x0000000089700000|  0%| F|  |TAMS 0x0000000089600000, 0x0000000089600000| Untracked 
|  71|0x0000000089700000, 0x0000000089700000, 0x0000000089800000|  0%| F|  |TAMS 0x0000000089700000, 0x0000000089700000| Untracked 
|  72|0x0000000089800000, 0x0000000089800000, 0x0000000089900000|  0%| F|  |TAMS 0x0000000089800000, 0x0000000089800000| Untracked 
|  73|0x0000000089900000, 0x0000000089900000, 0x0000000089a00000|  0%| F|  |TAMS 0x0000000089900000, 0x0000000089900000| Untracked 
|  74|0x0000000089a00000, 0x0000000089a00000, 0x0000000089b00000|  0%| F|  |TAMS 0x0000000089a00000, 0x0000000089a00000| Untracked 
|  75|0x0000000089b00000, 0x0000000089b00000, 0x0000000089c00000|  0%| F|  |TAMS 0x0000000089b00000, 0x0000000089b00000| Untracked 
|  76|0x0000000089c00000, 0x0000000089c00000, 0x0000000089d00000|  0%| F|  |TAMS 0x0000000089c00000, 0x0000000089c00000| Untracked 
|  77|0x0000000089d00000, 0x0000000089d00000, 0x0000000089e00000|  0%| F|  |TAMS 0x0000000089d00000, 0x0000000089d00000| Untracked 
|  78|0x0000000089e00000, 0x0000000089e00000, 0x0000000089f00000|  0%| F|  |TAMS 0x0000000089e00000, 0x0000000089e00000| Untracked 
|  79|0x0000000089f00000, 0x0000000089f00000, 0x000000008a000000|  0%| F|  |TAMS 0x0000000089f00000, 0x0000000089f00000| Untracked 
|  80|0x000000008a000000, 0x000000008a000000, 0x000000008a100000|  0%| F|  |TAMS 0x000000008a000000, 0x000000008a000000| Untracked 
|  81|0x000000008a100000, 0x000000008a100000, 0x000000008a200000|  0%| F|  |TAMS 0x000000008a100000, 0x000000008a100000| Untracked 
|  82|0x000000008a200000, 0x000000008a200000, 0x000000008a300000|  0%| F|  |TAMS 0x000000008a200000, 0x000000008a200000| Untracked 
|  83|0x000000008a300000, 0x000000008a300000, 0x000000008a400000|  0%| F|  |TAMS 0x000000008a300000, 0x000000008a300000| Untracked 
|  84|0x000000008a400000, 0x000000008a400000, 0x000000008a500000|  0%| F|  |TAMS 0x000000008a400000, 0x000000008a400000| Untracked 
|  85|0x000000008a500000, 0x000000008a500000, 0x000000008a600000|  0%| F|  |TAMS 0x000000008a500000, 0x000000008a500000| Untracked 
|  86|0x000000008a600000, 0x000000008a600000, 0x000000008a700000|  0%| F|  |TAMS 0x000000008a600000, 0x000000008a600000| Untracked 
|  87|0x000000008a700000, 0x000000008a700000, 0x000000008a800000|  0%| F|  |TAMS 0x000000008a700000, 0x000000008a700000| Untracked 
|  88|0x000000008a800000, 0x000000008a800000, 0x000000008a900000|  0%| F|  |TAMS 0x000000008a800000, 0x000000008a800000| Untracked 
|  89|0x000000008a900000, 0x000000008a900000, 0x000000008aa00000|  0%| F|  |TAMS 0x000000008a900000, 0x000000008a900000| Untracked 
|  90|0x000000008aa00000, 0x000000008aa00000, 0x000000008ab00000|  0%| F|  |TAMS 0x000000008aa00000, 0x000000008aa00000| Untracked 
|  91|0x000000008ab00000, 0x000000008ab00000, 0x000000008ac00000|  0%| F|  |TAMS 0x000000008ab00000, 0x000000008ab00000| Untracked 
|  92|0x000000008ac00000, 0x000000008ac00000, 0x000000008ad00000|  0%| F|  |TAMS 0x000000008ac00000, 0x000000008ac00000| Untracked 
|  93|0x000000008ad00000, 0x000000008ad00000, 0x000000008ae00000|  0%| F|  |TAMS 0x000000008ad00000, 0x000000008ad00000| Untracked 
|  94|0x000000008ae00000, 0x000000008ae00000, 0x000000008af00000|  0%| F|  |TAMS 0x000000008ae00000, 0x000000008ae00000| Untracked 
|  95|0x000000008af00000, 0x000000008af00000, 0x000000008b000000|  0%| F|  |TAMS 0x000000008af00000, 0x000000008af00000| Untracked 
|  96|0x000000008b000000, 0x000000008b000000, 0x000000008b100000|  0%| F|  |TAMS 0x000000008b000000, 0x000000008b000000| Untracked 
|  97|0x000000008b100000, 0x000000008b100000, 0x000000008b200000|  0%| F|  |TAMS 0x000000008b100000, 0x000000008b100000| Untracked 
|  98|0x000000008b200000, 0x000000008b200000, 0x000000008b300000|  0%| F|  |TAMS 0x000000008b200000, 0x000000008b200000| Untracked 
|  99|0x000000008b300000, 0x000000008b300000, 0x000000008b400000|  0%| F|  |TAMS 0x000000008b300000, 0x000000008b300000| Untracked 
| 100|0x000000008b400000, 0x000000008b400000, 0x000000008b500000|  0%| F|  |TAMS 0x000000008b400000, 0x000000008b400000| Untracked 
| 101|0x000000008b500000, 0x000000008b500000, 0x000000008b600000|  0%| F|  |TAMS 0x000000008b500000, 0x000000008b500000| Untracked 
| 102|0x000000008b600000, 0x000000008b600000, 0x000000008b700000|  0%| F|  |TAMS 0x000000008b600000, 0x000000008b600000| Untracked 
| 103|0x000000008b700000, 0x000000008b700000, 0x000000008b800000|  0%| F|  |TAMS 0x000000008b700000, 0x000000008b700000| Untracked 
| 104|0x000000008b800000, 0x000000008b800000, 0x000000008b900000|  0%| F|  |TAMS 0x000000008b800000, 0x000000008b800000| Untracked 
| 105|0x000000008b900000, 0x000000008b900000, 0x000000008ba00000|  0%| F|  |TAMS 0x000000008b900000, 0x000000008b900000| Untracked 
| 106|0x000000008ba00000, 0x000000008ba00000, 0x000000008bb00000|  0%| F|  |TAMS 0x000000008ba00000, 0x000000008ba00000| Untracked 
| 107|0x000000008bb00000, 0x000000008bb00000, 0x000000008bc00000|  0%| F|  |TAMS 0x000000008bb00000, 0x000000008bb00000| Untracked 
| 108|0x000000008bc00000, 0x000000008bc00000, 0x000000008bd00000|  0%| F|  |TAMS 0x000000008bc00000, 0x000000008bc00000| Untracked 
| 109|0x000000008bd00000, 0x000000008bd00000, 0x000000008be00000|  0%| F|  |TAMS 0x000000008bd00000, 0x000000008bd00000| Untracked 
| 110|0x000000008be00000, 0x000000008bf00000, 0x000000008bf00000|100%| E|CS|TAMS 0x000000008be00000, 0x000000008be00000| Complete 
| 111|0x000000008bf00000, 0x000000008c000000, 0x000000008c000000|100%| E|CS|TAMS 0x000000008bf00000, 0x000000008bf00000| Complete 
| 112|0x000000008c000000, 0x000000008c100000, 0x000000008c100000|100%| E|CS|TAMS 0x000000008c000000, 0x000000008c000000| Complete 
| 113|0x000000008c100000, 0x000000008c200000, 0x000000008c200000|100%| E|CS|TAMS 0x000000008c100000, 0x000000008c100000| Complete 
| 114|0x000000008c200000, 0x000000008c300000, 0x000000008c300000|100%| E|CS|TAMS 0x000000008c200000, 0x000000008c200000| Complete 
| 115|0x000000008c300000, 0x000000008c400000, 0x000000008c400000|100%| E|CS|TAMS 0x000000008c300000, 0x000000008c300000| Complete 
| 116|0x000000008c400000, 0x000000008c500000, 0x000000008c500000|100%| E|CS|TAMS 0x000000008c400000, 0x000000008c400000| Complete 
| 117|0x000000008c500000, 0x000000008c600000, 0x000000008c600000|100%| E|CS|TAMS 0x000000008c500000, 0x000000008c500000| Complete 
| 118|0x000000008c600000, 0x000000008c700000, 0x000000008c700000|100%| E|CS|TAMS 0x000000008c600000, 0x000000008c600000| Complete 
| 119|0x000000008c700000, 0x000000008c800000, 0x000000008c800000|100%| E|CS|TAMS 0x000000008c700000, 0x000000008c700000| Complete 
| 120|0x000000008c800000, 0x000000008c900000, 0x000000008c900000|100%| E|CS|TAMS 0x000000008c800000, 0x000000008c800000| Complete 
| 121|0x000000008c900000, 0x000000008ca00000, 0x000000008ca00000|100%| E|CS|TAMS 0x000000008c900000, 0x000000008c900000| Complete 
| 122|0x000000008ca00000, 0x000000008cb00000, 0x000000008cb00000|100%| E|CS|TAMS 0x000000008ca00000, 0x000000008ca00000| Complete 
| 123|0x000000008cb00000, 0x000000008cc00000, 0x000000008cc00000|100%| E|CS|TAMS 0x000000008cb00000, 0x000000008cb00000| Complete 
|1966|0x00000000ffe00000, 0x00000000ffe34000, 0x00000000fff00000| 20%|OA|  |TAMS 0x00000000ffe00000, 0x00000000ffe00000| Untracked 
|1967|0x00000000fff00000, 0x00000000fff6a000, 0x0000000100000000| 41%|CA|  |TAMS 0x00000000fff00000, 0x00000000fff00000| Untracked 

Card table byte_map: [0x00007f135acfb000,0x00007f135b0d3000] _byte_map_base: 0x00007f135a8d3000

Marking Bits (Prev, Next): (CMBitMap*) 0x00007f135404f5d8, (CMBitMap*) 0x00007f135404f610
 Prev Bits: [0x00007f1358a63000, 0x00007f135a923000)
 Next Bits: [0x00007f1336140000, 0x00007f1338000000)

Polling page: 0x00007f135bbc4000

Metaspace:

Usage:
  Non-class:      4.71 MB capacity,     4.56 MB ( 97%) used,   133.49 KB (  3%) free+waste,    28.50 KB ( <1%) overhead. 
      Class:    769.00 KB capacity,   585.38 KB ( 76%) used,   165.49 KB ( 22%) free+waste,    18.12 KB (  2%) overhead. 
       Both:      5.46 MB capacity,     5.13 MB ( 94%) used,   298.98 KB (  5%) free+waste,    46.62 KB ( <1%) overhead. 

Virtual space:
  Non-class space:        8.00 MB reserved,       4.75 MB ( 59%) committed 
      Class space:        1.00 GB reserved,     896.00 KB ( <1%) committed 
             Both:        1.01 GB reserved,       5.62 MB ( <1%) committed 

Chunk freelists:
   Non-Class:  13.00 KB
       Class:  31.00 KB
        Both:  44.00 KB

CodeHeap 'non-profiled nmethods': size=120032Kb used=236Kb max_used=236Kb free=119795Kb
 bounds [0x00007f134441e000, 0x00007f134468e000, 0x00007f134b956000]
CodeHeap 'profiled nmethods': size=120032Kb used=1170Kb max_used=1170Kb free=118861Kb
 bounds [0x00007f133cee6000, 0x00007f133d156000, 0x00007f134441e000]
CodeHeap 'non-nmethods': size=5696Kb used=1183Kb max_used=1210Kb free=4512Kb
 bounds [0x00007f133c956000, 0x00007f133cbc6000, 0x00007f133cee6000]
 total_blobs=1307 nmethods=656 adapters=455
 compilation: enabled
              stopped_count=0, restarted_count=0
 full_count=0

Compilation events (10 events):
Event: 1.107 Thread 0x00007f1354112800  652       1       java.net.URL::getHost (5 bytes)
Event: 1.107 Thread 0x00007f1354112800 nmethod 652 0x00007f1344458990 code [0x00007f1344458b40, 0x00007f1344458c70]
Event: 1.108 Thread 0x00007f1354112800  653       3       java.lang.String::lastIndexOf (29 bytes)
Event: 1.108 Thread 0x00007f1354112800 nmethod 653 0x00007f133d009890 code [0x00007f133d009a60, 0x00007f133d009d58]
Event: 1.108 Thread 0x00007f1354112800  654       3       java.lang.String::lastIndexOf (12 bytes)
Event: 1.109 Thread 0x00007f1354112800 nmethod 654 0x00007f133d009e90 code [0x00007f133d00a080, 0x00007f133d00a4d8]
Event: 1.109 Thread 0x00007f1354112800  655       3       java.lang.String::startsWith (7 bytes)
Event: 1.109 Thread 0x00007f1354112800 nmethod 655 0x00007f133d00a690 code [0x00007f133d00a840, 0x00007f133d00a9e8]
Event: 1.109 Thread 0x00007f1354112800  656       1       java.net.URL::getProtocol (5 bytes)
Event: 1.109 Thread 0x00007f1354112800 nmethod 656 0x00007f1344458d10 code [0x00007f1344458ec0, 0x00007f1344458ff0]

GC Heap History (0 events):
No events

Deoptimization events (10 events):
Event: 1.098 Thread 0x00007f135447d000 DEOPT PACKING pc=0x00007f133cfd980d sp=0x00007f12f34fa660
Event: 1.098 Thread 0x00007f135447d000 DEOPT UNPACKING pc=0x00007f133c97e83a sp=0x00007f12f34f9af0 mode 0
Event: 1.099 Thread 0x00007f135447d000 DEOPT PACKING pc=0x00007f133cfd980d sp=0x00007f12f34fa660
Event: 1.099 Thread 0x00007f135447d000 DEOPT UNPACKING pc=0x00007f133c97e83a sp=0x00007f12f34f9af0 mode 0
Event: 1.099 Thread 0x00007f135447d000 DEOPT PACKING pc=0x00007f133cfd980d sp=0x00007f12f34fa660
Event: 1.099 Thread 0x00007f135447d000 DEOPT UNPACKING pc=0x00007f133c97e83a sp=0x00007f12f34f9af0 mode 0
Event: 1.105 Thread 0x00007f135447d000 Uncommon trap: trap_request=0xffffff4d fr.pc=0x00007f13444549d0 relative=0x0000000000000ff0
Event: 1.105 Thread 0x00007f135447d000 Uncommon trap: reason=unstable_if action=reinterpret pc=0x00007f13444549d0 method=sun.awt.image.PNGImageDecoder.produceImage()V @ 867 c2
Event: 1.105 Thread 0x00007f135447d000 DEOPT PACKING pc=0x00007f13444549d0 sp=0x00007f12f34fa6e0
Event: 1.105 Thread 0x00007f135447d000 DEOPT UNPACKING pc=0x00007f133c97ea25 sp=0x00007f12f34fa650 mode 2

Classes redefined (0 events):
No events

Internal exceptions (10 events):
Event: 0.173 Thread 0x00007f1354011800 Exception <a 'java/lang/NoSuchMethodError'{0x000000008c8c0da0}: 'java.lang.Object java.lang.invoke.DirectMethodHandle$Holder.invokeStatic(java.lang.Object, int, java.lang.Object, java.lang.Object, java.lang.Object)'> (0x000000008c8c0da0) thrown at [/build
Event: 0.174 Thread 0x00007f1354011800 Exception <a 'java/lang/NoSuchMethodError'{0x000000008c8c48e8}: 'java.lang.Object java.lang.invoke.DirectMethodHandle$Holder.invokeSpecial(java.lang.Object, java.lang.Object, int, java.lang.Object, java.lang.Object, java.lang.Object)'> (0x000000008c8c48e8
Event: 0.176 Thread 0x00007f1354011800 Exception <a 'java/lang/NoSuchMethodError'{0x000000008c8dc408}: 'java.lang.Object java.lang.invoke.DirectMethodHandle$Holder.invokeStatic(java.lang.Object, int, java.lang.Object)'> (0x000000008c8dc408) thrown at [/build/openjdk-lts-ZT5jEu/openjdk-lts-11.0
Event: 0.935 Thread 0x00007f1354011800 Exception <a 'java/lang/NoSuchMethodError'{0x000000008c7756b0}: 'java.lang.Object java.lang.invoke.DirectMethodHandle$Holder.invokeStatic(java.lang.Object, java.lang.Object, java.lang.Object, java.lang.Object, java.lang.Object, java.lang.Object, java.lang
Event: 0.937 Thread 0x00007f1354011800 Exception <a 'java/lang/NoSuchMethodError'{0x000000008c78f610}: 'java.lang.Object java.lang.invoke.DirectMethodHandle$Holder.invokeStatic(java.lang.Object, java.lang.Object, java.lang.Object, java.lang.Object, java.lang.Object, java.lang.Object, java.lang
Event: 0.938 Thread 0x00007f1354011800 Exception <a 'java/lang/NoSuchMethodError'{0x000000008c79b9d8}: 'void java.lang.invoke.DirectMethodHandle$Holder.invokeSpecial(java.lang.Object, java.lang.Object)'> (0x000000008c79b9d8) thrown at [/build/openjdk-lts-ZT5jEu/openjdk-lts-11.0.4+11/src/hotspo
Event: 0.992 Thread 0x00007f1354011800 Exception <a 'java/lang/NoSuchMethodError'{0x000000008c509b48}: 'java.lang.Object java.lang.invoke.Invokers$Holder.linkToTargetMethod(java.lang.Object, int, java.lang.Object)'> (0x000000008c509b48) thrown at [/build/openjdk-lts-ZT5jEu/openjdk-lts-11.0.4+1
Event: 1.005 Thread 0x00007f1354011800 Exception <a 'java/lang/ClassNotFoundException'{0x000000008c54c4d0}: com/sun/swing/internal/plaf/metal/resources/spi/metalProvider> (0x000000008c54c4d0) thrown at [/build/openjdk-lts-ZT5jEu/openjdk-lts-11.0.4+11/src/hotspot/share/classfile/systemDictionar
Event: 1.006 Thread 0x00007f1354011800 Exception <a 'java/lang/ClassNotFoundException'{0x000000008c5503d8}: com/sun/swing/internal/plaf/basic/resources/spi/basicProvider> (0x000000008c5503d8) thrown at [/build/openjdk-lts-ZT5jEu/openjdk-lts-11.0.4+11/src/hotspot/share/classfile/systemDictionar
Event: 1.110 Thread 0x00007f1354485000 Exception <a 'java/lang/NoSuchMethodError'{0x000000008beda5d8}: getAllRobots> (0x000000008beda5d8) thrown at [/build/openjdk-lts-ZT5jEu/openjdk-lts-11.0.4+11/src/hotspot/share/prims/jni.cpp, line 1333]

Events (10 events):
Event: 1.108 loading class java/util/concurrent/ArrayBlockingQueue done
Event: 1.108 loading class AI_Robot
Event: 1.108 loading class AI_Robot done
Event: 1.109 loading class AIGroup
Event: 1.109 loading class AIGroup done
Event: 1.109 loading class CRobot$1
Event: 1.109 loading class CRobot$1 done
Event: 1.110 Thread 0x00007f1354485000 Thread added: 0x00007f1354485000
Event: 1.110 loading class AI_Robot$1
Event: 1.110 loading class AI_Robot$1 done


Dynamic libraries:
85000000-8cc00000 rw-p 00000000 00:00 0 
8cc00000-ffe00000 ---p 00000000 00:00 0 
ffe00000-ffe34000 rw-p 01116000 08:02 23990720                           /usr/lib/jvm/java-11-openjdk-amd64/lib/server/classes.jsa
ffe34000-fff00000 rw-p 00000000 00:00 0 
fff00000-fff6a000 rw-p 010ac000 08:02 23990720                           /usr/lib/jvm/java-11-openjdk-amd64/lib/server/classes.jsa
fff6a000-100000000 rw-p 00000000 00:00 0 
800000000-800002000 rwxp 00001000 08:02 23990720                         /usr/lib/jvm/java-11-openjdk-amd64/lib/server/classes.jsa
800002000-8003bd000 rw-p 00003000 08:02 23990720                         /usr/lib/jvm/java-11-openjdk-amd64/lib/server/classes.jsa
8003bd000-800a98000 r--p 003be000 08:02 23990720                         /usr/lib/jvm/java-11-openjdk-amd64/lib/server/classes.jsa
800a98000-800a99000 rw-p 00a99000 08:02 23990720                         /usr/lib/jvm/java-11-openjdk-amd64/lib/server/classes.jsa
800a99000-8010ab000 r--p 00a9a000 08:02 23990720                         /usr/lib/jvm/java-11-openjdk-amd64/lib/server/classes.jsa
840000000-8400e0000 rw-p 00000000 00:00 0 
8400e0000-880000000 ---p 00000000 00:00 0 
5570da9cf000-5570da9d0000 r--p 00000000 08:02 23597129                   /usr/lib/jvm/java-11-openjdk-amd64/bin/java
5570da9d0000-5570da9d1000 r-xp 00001000 08:02 23597129                   /usr/lib/jvm/java-11-openjdk-amd64/bin/java
5570da9d1000-5570da9d2000 r--p 00002000 08:02 23597129                   /usr/lib/jvm/java-11-openjdk-amd64/bin/java
5570da9d2000-5570da9d3000 r--p 00002000 08:02 23597129                   /usr/lib/jvm/java-11-openjdk-amd64/bin/java
5570da9d3000-5570da9d4000 rw-p 00003000 08:02 23597129                   /usr/lib/jvm/java-11-openjdk-amd64/bin/java
5570db143000-5570db164000 rw-p 00000000 00:00 0                          [heap]
7f12c8000000-7f12c8021000 rw-p 00000000 00:00 0 
7f12c8021000-7f12cc000000 ---p 00000000 00:00 0 
7f12d0000000-7f12d0021000 rw-p 00000000 00:00 0 
7f12d0021000-7f12d4000000 ---p 00000000 00:00 0 
7f12d4000000-7f12d4021000 rw-p 00000000 00:00 0 
7f12d4021000-7f12d8000000 ---p 00000000 00:00 0 
7f12d8000000-7f12d8321000 rw-p 00000000 00:00 0 
7f12d8321000-7f12dc000000 ---p 00000000 00:00 0 
7f12dc000000-7f12dc036000 rw-p 00000000 00:00 0 
7f12dc036000-7f12e0000000 ---p 00000000 00:00 0 
7f12e0000000-7f12e0021000 rw-p 00000000 00:00 0 
7f12e0021000-7f12e4000000 ---p 00000000 00:00 0 
7f12e4000000-7f12e4021000 rw-p 00000000 00:00 0 
7f12e4021000-7f12e8000000 ---p 00000000 00:00 0 
7f12e8000000-7f12e8021000 rw-p 00000000 00:00 0 
7f12e8021000-7f12ec000000 ---p 00000000 00:00 0 
7f12ec000000-7f12ec021000 rw-p 00000000 00:00 0 
7f12ec021000-7f12f0000000 ---p 00000000 00:00 0 
7f12f30f8000-7f12f30fc000 ---p 00000000 00:00 0 
7f12f30fc000-7f12f31f9000 rw-p 00000000 00:00 0 
7f12f31f9000-7f12f31fd000 ---p 00000000 00:00 0 
7f12f31fd000-7f12f32fa000 rw-p 00000000 00:00 0 
7f12f32fa000-7f12f32fe000 ---p 00000000 00:00 0 
7f12f32fe000-7f12f33fb000 rw-p 00000000 00:00 0 
7f12f33fb000-7f12f33ff000 ---p 00000000 00:00 0 
7f12f33ff000-7f12f34fc000 rw-p 00000000 00:00 0 
7f12f34fc000-7f12f3500000 ---p 00000000 00:00 0 
7f12f3500000-7f12f35fd000 rw-p 00000000 00:00 0 
7f12f35fd000-7f12f3601000 ---p 00000000 00:00 0 
7f12f3601000-7f12f36fe000 rw-p 00000000 00:00 0 
7f12f36fe000-7f12f3702000 ---p 00000000 00:00 0 
7f12f3702000-7f12f37ff000 rw-p 00000000 00:00 0 
7f12f37ff000-7f12f3800000 ---p 00000000 00:00 0 
7f12f3800000-7f12f4000000 rw-p 00000000 00:00 0 
7f12f4000000-7f12f4021000 rw-p 00000000 00:00 0 
7f12f4021000-7f12f8000000 ---p 00000000 00:00 0 
7f12f8000000-7f12f8021000 rw-p 00000000 00:00 0 
7f12f8021000-7f12fc000000 ---p 00000000 00:00 0 
7f12fc000000-7f12fc021000 rw-p 00000000 00:00 0 
7f12fc021000-7f1300000000 ---p 00000000 00:00 0 
7f1300000000-7f1300021000 rw-p 00000000 00:00 0 
7f1300021000-7f1304000000 ---p 00000000 00:00 0 
7f1304000000-7f130441d000 rw-p 00000000 00:00 0 
7f130441d000-7f1308000000 ---p 00000000 00:00 0 
7f1308000000-7f1308021000 rw-p 00000000 00:00 0 
7f1308021000-7f130c000000 ---p 00000000 00:00 0 
7f130c000000-7f130c021000 rw-p 00000000 00:00 0 
7f130c021000-7f1310000000 ---p 00000000 00:00 0 
7f1310000000-7f13105ec000 rw-p 00000000 00:00 0 
7f13105ec000-7f1314000000 ---p 00000000 00:00 0 
7f1314000000-7f1314021000 rw-p 00000000 00:00 0 
7f1314021000-7f1318000000 ---p 00000000 00:00 0 
7f1318000000-7f1318021000 rw-p 00000000 00:00 0 
7f1318021000-7f131c000000 ---p 00000000 00:00 0 
7f131c0bd000-7f131c0c2000 r-xp 00000000 08:02 23600531                   /usr/lib/x86_64-linux-gnu/libXfixes.so.3.1.0
7f131c0c2000-7f131c2c1000 ---p 00005000 08:02 23600531                   /usr/lib/x86_64-linux-gnu/libXfixes.so.3.1.0
7f131c2c1000-7f131c2c2000 r--p 00004000 08:02 23600531                   /usr/lib/x86_64-linux-gnu/libXfixes.so.3.1.0
7f131c2c2000-7f131c2c3000 rw-p 00005000 08:02 23600531                   /usr/lib/x86_64-linux-gnu/libXfixes.so.3.1.0
7f131c2c3000-7f131c2c5000 r--p 00000000 08:02 23600523                   /usr/lib/x86_64-linux-gnu/libXcursor.so.1.0.2
7f131c2c5000-7f131c2ca000 r-xp 00002000 08:02 23600523                   /usr/lib/x86_64-linux-gnu/libXcursor.so.1.0.2
7f131c2ca000-7f131c2cc000 r--p 00007000 08:02 23600523                   /usr/lib/x86_64-linux-gnu/libXcursor.so.1.0.2
7f131c2cc000-7f131c2cd000 r--p 00008000 08:02 23600523                   /usr/lib/x86_64-linux-gnu/libXcursor.so.1.0.2
7f131c2cd000-7f131c2ce000 rw-p 00009000 08:02 23600523                   /usr/lib/x86_64-linux-gnu/libXcursor.so.1.0.2
7f131c2e0000-7f131c2e1000 ---p 00000000 00:00 0 
7f131c2e1000-7f131cae1000 rw-p 00000000 00:00 0 
7f131cae1000-7f131cae2000 ---p 00000000 00:00 0 
7f131cae2000-7f131d2e2000 rw-p 00000000 00:00 0 
7f131d2e2000-7f131d308000 r--p 00000000 08:02 25043479                   /usr/share/glib-2.0/schemas/gschemas.compiled
7f131d308000-7f131d312000 r--p 00000000 08:02 23600663                   /usr/lib/x86_64-linux-gnu/libblkid.so.1.1.0
7f131d312000-7f131d346000 r-xp 0000a000 08:02 23600663                   /usr/lib/x86_64-linux-gnu/libblkid.so.1.1.0
7f131d346000-7f131d356000 r--p 0003e000 08:02 23600663                   /usr/lib/x86_64-linux-gnu/libblkid.so.1.1.0
7f131d356000-7f131d357000 ---p 0004e000 08:02 23600663                   /usr/lib/x86_64-linux-gnu/libblkid.so.1.1.0
7f131d357000-7f131d35c000 r--p 0004e000 08:02 23600663                   /usr/lib/x86_64-linux-gnu/libblkid.so.1.1.0
7f131d35c000-7f131d35d000 rw-p 00053000 08:02 23600663                   /usr/lib/x86_64-linux-gnu/libblkid.so.1.1.0
7f131d35d000-7f131d35f000 r--p 00000000 08:02 23601506                   /usr/lib/x86_64-linux-gnu/libpcre.so.3.13.3
7f131d35f000-7f131d3b1000 r-xp 00002000 08:02 23601506                   /usr/lib/x86_64-linux-gnu/libpcre.so.3.13.3
7f131d3b1000-7f131d3cf000 r--p 00054000 08:02 23601506                   /usr/lib/x86_64-linux-gnu/libpcre.so.3.13.3
7f131d3cf000-7f131d3d0000 r--p 00071000 08:02 23601506                   /usr/lib/x86_64-linux-gnu/libpcre.so.3.13.3
7f131d3d0000-7f131d3d1000 rw-p 00072000 08:02 23601506                   /usr/lib/x86_64-linux-gnu/libpcre.so.3.13.3
7f131d3d1000-7f131d3d7000 r--p 00000000 08:02 23601661                   /usr/lib/x86_64-linux-gnu/libselinux.so.1
7f131d3d7000-7f131d3ef000 r-xp 00006000 08:02 23601661                   /usr/lib/x86_64-linux-gnu/libselinux.so.1
7f131d3ef000-7f131d3f6000 r--p 0001e000 08:02 23601661                   /usr/lib/x86_64-linux-gnu/libselinux.so.1
7f131d3f6000-7f131d3f7000 ---p 00025000 08:02 23601661                   /usr/lib/x86_64-linux-gnu/libselinux.so.1
7f131d3f7000-7f131d3f8000 r--p 00025000 08:02 23601661                   /usr/lib/x86_64-linux-gnu/libselinux.so.1
7f131d3f8000-7f131d3f9000 rw-p 00026000 08:02 23601661                   /usr/lib/x86_64-linux-gnu/libselinux.so.1
7f131d3f9000-7f131d3fb000 rw-p 00000000 00:00 0 
7f131d3fb000-7f131d406000 r--p 00000000 08:02 23601326                   /usr/lib/x86_64-linux-gnu/libmount.so.1.1.0
7f131d406000-7f131d441000 r-xp 0000b000 08:02 23601326                   /usr/lib/x86_64-linux-gnu/libmount.so.1.1.0
7f131d441000-7f131d453000 r--p 00046000 08:02 23601326                   /usr/lib/x86_64-linux-gnu/libmount.so.1.1.0
7f131d453000-7f131d456000 r--p 00057000 08:02 23601326                   /usr/lib/x86_64-linux-gnu/libmount.so.1.1.0
7f131d456000-7f131d457000 rw-p 0005a000 08:02 23601326                   /usr/lib/x86_64-linux-gnu/libmount.so.1.1.0
7f131d457000-7f131d465000 r--p 00000000 08:02 23593408                   /usr/lib/x86_64-linux-gnu/libgobject-2.0.so.0.6000.0
7f131d465000-7f131d497000 r-xp 0000e000 08:02 23593408                   /usr/lib/x86_64-linux-gnu/libgobject-2.0.so.0.6000.0
7f131d497000-7f131d4af000 r--p 00040000 08:02 23593408                   /usr/lib/x86_64-linux-gnu/libgobject-2.0.so.0.6000.0
7f131d4af000-7f131d4b2000 r--p 00057000 08:02 23593408                   /usr/lib/x86_64-linux-gnu/libgobject-2.0.so.0.6000.0
7f131d4b2000-7f131d4b3000 rw-p 0005a000 08:02 23593408                   /usr/lib/x86_64-linux-gnu/libgobject-2.0.so.0.6000.0
7f131d4b3000-7f131d4ce000 r--p 00000000 08:02 23593383                   /usr/lib/x86_64-linux-gnu/libglib-2.0.so.0.6000.0
7f131d4ce000-7f131d54e000 r-xp 0001b000 08:02 23593383                   /usr/lib/x86_64-linux-gnu/libglib-2.0.so.0.6000.0
7f131d54e000-7f131d5d0000 r--p 0009b000 08:02 23593383                   /usr/lib/x86_64-linux-gnu/libglib-2.0.so.0.6000.0
7f131d5d0000-7f131d5d1000 ---p 0011d000 08:02 23593383                   /usr/lib/x86_64-linux-gnu/libglib-2.0.so.0.6000.0
7f131d5d1000-7f131d5d2000 r--p 0011d000 08:02 23593383                   /usr/lib/x86_64-linux-gnu/libglib-2.0.so.0.6000.0
7f131d5d2000-7f131d5d3000 rw-p 0011e000 08:02 23593383                   /usr/lib/x86_64-linux-gnu/libglib-2.0.so.0.6000.0
7f131d5d3000-7f131d5d4000 rw-p 00000000 00:00 0 
7f131d5d4000-7f131d60b000 r--p 00000000 08:02 23593360                   /usr/lib/x86_64-linux-gnu/libgio-2.0.so.0.6000.0
7f131d60b000-7f131d70c000 r-xp 00037000 08:02 23593360                   /usr/lib/x86_64-linux-gnu/libgio-2.0.so.0.6000.0
7f131d70c000-7f131d792000 r--p 00138000 08:02 23593360                   /usr/lib/x86_64-linux-gnu/libgio-2.0.so.0.6000.0
7f131d792000-7f131d79a000 r--p 001bd000 08:02 23593360                   /usr/lib/x86_64-linux-gnu/libgio-2.0.so.0.6000.0
7f131d79a000-7f131d79b000 rw-p 001c5000 08:02 23593360                   /usr/lib/x86_64-linux-gnu/libgio-2.0.so.0.6000.0
7f131d79b000-7f131d79d000 rw-p 00000000 00:00 0 
7f131d79d000-7f131d7a7000 r-xp 00000000 08:02 23600547                   /usr/lib/x86_64-linux-gnu/libXrandr.so.2.2.0
7f131d7a7000-7f131d9a6000 ---p 0000a000 08:02 23600547                   /usr/lib/x86_64-linux-gnu/libXrandr.so.2.2.0
7f131d9a6000-7f131d9a7000 r--p 00009000 08:02 23600547                   /usr/lib/x86_64-linux-gnu/libXrandr.so.2.2.0
7f131d9a7000-7f131d9a8000 rw-p 0000a000 08:02 23600547                   /usr/lib/x86_64-linux-gnu/libXrandr.so.2.2.0
7f131d9a8000-7f131d9ad000 r--p 00000000 08:02 23601542                   /usr/lib/x86_64-linux-gnu/libpng16.so.16.36.0
7f131d9ad000-7f131d9d1000 r-xp 00005000 08:02 23601542                   /usr/lib/x86_64-linux-gnu/libpng16.so.16.36.0
7f131d9d1000-7f131d9dd000 r--p 00029000 08:02 23601542                   /usr/lib/x86_64-linux-gnu/libpng16.so.16.36.0
7f131d9dd000-7f131d9de000 r--p 00034000 08:02 23601542                   /usr/lib/x86_64-linux-gnu/libpng16.so.16.36.0
7f131d9de000-7f131d9df000 rw-p 00035000 08:02 23601542                   /usr/lib/x86_64-linux-gnu/libpng16.so.16.36.0
7f131d9df000-7f131d9eb000 r--p 00000000 08:02 23600949                   /usr/lib/x86_64-linux-gnu/libfreetype.so.6.16.1
7f131d9eb000-7f131da68000 r-xp 0000c000 08:02 23600949                   /usr/lib/x86_64-linux-gnu/libfreetype.so.6.16.1
7f131da68000-7f131da91000 r--p 00089000 08:02 23600949                   /usr/lib/x86_64-linux-gnu/libfreetype.so.6.16.1
7f131da91000-7f131da92000 ---p 000b2000 08:02 23600949                   /usr/lib/x86_64-linux-gnu/libfreetype.so.6.16.1
7f131da92000-7f131da99000 r--p 000b2000 08:02 23600949                   /usr/lib/x86_64-linux-gnu/libfreetype.so.6.16.1
7f131da99000-7f131da9a000 rw-p 000b9000 08:02 23600949                   /usr/lib/x86_64-linux-gnu/libfreetype.so.6.16.1
7f131da9a000-7f131da9e000 r--p 00000000 08:02 23990635                   /usr/lib/jvm/java-11-openjdk-amd64/lib/libfontmanager.so
7f131da9e000-7f131db90000 r-xp 00004000 08:02 23990635                   /usr/lib/jvm/java-11-openjdk-amd64/lib/libfontmanager.so
7f131db90000-7f131dbd0000 r--p 000f6000 08:02 23990635                   /usr/lib/jvm/java-11-openjdk-amd64/lib/libfontmanager.so
7f131dbd0000-7f131dbd1000 r--p 00135000 08:02 23990635                   /usr/lib/jvm/java-11-openjdk-amd64/lib/libfontmanager.so
7f131dbd1000-7f131dbd2000 rw-p 00136000 08:02 23990635                   /usr/lib/jvm/java-11-openjdk-amd64/lib/libfontmanager.so
7f131dbd2000-7f131dbd5000 rw-p 00000000 00:00 0 
7f131dbd5000-7f131dbda000 r-xp 00000000 08:02 23600527                   /usr/lib/x86_64-linux-gnu/libXdmcp.so.6.0.0
7f131dbda000-7f131ddd9000 ---p 00005000 08:02 23600527                   /usr/lib/x86_64-linux-gnu/libXdmcp.so.6.0.0
7f131ddd9000-7f131ddda000 r--p 00004000 08:02 23600527                   /usr/lib/x86_64-linux-gnu/libXdmcp.so.6.0.0
7f131ddda000-7f131dddb000 rw-p 00005000 08:02 23600527                   /usr/lib/x86_64-linux-gnu/libXdmcp.so.6.0.0
7f131dddb000-7f131dddd000 r-xp 00000000 08:02 23600516                   /usr/lib/x86_64-linux-gnu/libXau.so.6.0.0
7f131dddd000-7f131dfdd000 ---p 00002000 08:02 23600516                   /usr/lib/x86_64-linux-gnu/libXau.so.6.0.0
7f131dfdd000-7f131dfde000 r--p 00002000 08:02 23600516                   /usr/lib/x86_64-linux-gnu/libXau.so.6.0.0
7f131dfde000-7f131dfdf000 rw-p 00003000 08:02 23600516                   /usr/lib/x86_64-linux-gnu/libXau.so.6.0.0
7f131dfdf000-7f131dfee000 r-xp 00000000 08:02 23600537                   /usr/lib/x86_64-linux-gnu/libXi.so.6.1.0
7f131dfee000-7f131e1ed000 ---p 0000f000 08:02 23600537                   /usr/lib/x86_64-linux-gnu/libXi.so.6.1.0
7f131e1ed000-7f131e1ee000 r--p 0000e000 08:02 23600537                   /usr/lib/x86_64-linux-gnu/libXi.so.6.1.0
7f131e1ee000-7f131e1ef000 rw-p 0000f000 08:02 23600537                   /usr/lib/x86_64-linux-gnu/libXi.so.6.1.0
7f131e1ef000-7f131e1f4000 r-xp 00000000 08:02 23600555                   /usr/lib/x86_64-linux-gnu/libXtst.so.6.1.0
7f131e1f4000-7f131e3f3000 ---p 00005000 08:02 23600555                   /usr/lib/x86_64-linux-gnu/libXtst.so.6.1.0
7f131e3f3000-7f131e3f4000 r--p 00004000 08:02 23600555                   /usr/lib/x86_64-linux-gnu/libXtst.so.6.1.0
7f131e3f4000-7f131e3f5000 rw-p 00005000 08:02 23600555                   /usr/lib/x86_64-linux-gnu/libXtst.so.6.1.0
7f131e3f5000-7f131e3fe000 r-xp 00000000 08:02 23600549                   /usr/lib/x86_64-linux-gnu/libXrender.so.1.3.0
7f131e3fe000-7f131e5fd000 ---p 00009000 08:02 23600549                   /usr/lib/x86_64-linux-gnu/libXrender.so.1.3.0
7f131e5fd000-7f131e5fe000 r--p 00008000 08:02 23600549                   /usr/lib/x86_64-linux-gnu/libXrender.so.1.3.0
7f131e5fe000-7f131e5ff000 rw-p 00009000 08:02 23600549                   /usr/lib/x86_64-linux-gnu/libXrender.so.1.3.0
7f131e5ff000-7f131e617000 r--p 00000000 08:02 23600512                   /usr/lib/x86_64-linux-gnu/libX11.so.6.3.0
7f131e617000-7f131e69f000 r-xp 00018000 08:02 23600512                   /usr/lib/x86_64-linux-gnu/libX11.so.6.3.0
7f131e69f000-7f131e733000 r--p 000a0000 08:02 23600512                   /usr/lib/x86_64-linux-gnu/libX11.so.6.3.0
7f131e733000-7f131e734000 ---p 00134000 08:02 23600512                   /usr/lib/x86_64-linux-gnu/libX11.so.6.3.0
7f131e734000-7f131e735000 r--p 00134000 08:02 23600512                   /usr/lib/x86_64-linux-gnu/libX11.so.6.3.0
7f131e735000-7f131e739000 rw-p 00135000 08:02 23600512                   /usr/lib/x86_64-linux-gnu/libX11.so.6.3.0
7f131e739000-7f131e74a000 r-xp 00000000 08:02 23600529                   /usr/lib/x86_64-linux-gnu/libXext.so.6.4.0
7f131e74a000-7f131e949000 ---p 00011000 08:02 23600529                   /usr/lib/x86_64-linux-gnu/libXext.so.6.4.0
7f131e949000-7f131e94a000 r--p 00010000 08:02 23600529                   /usr/lib/x86_64-linux-gnu/libXext.so.6.4.0
7f131e94a000-7f131e94b000 rw-p 00011000 08:02 23600529                   /usr/lib/x86_64-linux-gnu/libXext.so.6.4.0
7f131e94b000-7f131e977000 r--p 00000000 08:02 23990630                   /usr/lib/jvm/java-11-openjdk-amd64/lib/libawt.so
7f131e977000-7f131e9de000 r-xp 0002c000 08:02 23990630                   /usr/lib/jvm/java-11-openjdk-amd64/lib/libawt.so
7f131e9de000-7f131e9eb000 r--p 00093000 08:02 23990630                   /usr/lib/jvm/java-11-openjdk-amd64/lib/libawt.so
7f131e9eb000-7f131e9ec000 r--p 0009f000 08:02 23990630                   /usr/lib/jvm/java-11-openjdk-amd64/lib/libawt.so
7f131e9ec000-7f131e9f7000 rw-p 000a0000 08:02 23990630                   /usr/lib/jvm/java-11-openjdk-amd64/lib/libawt.so
7f131e9f7000-7f131ea1c000 rw-p 00000000 00:00 0 
7f131ea1c000-7f131ea20000 ---p 00000000 00:00 0 
7f131ea20000-7f131eb1d000 rw-p 00000000 00:00 0 
7f131eb1d000-7f131eb1e000 ---p 00000000 00:00 0 
7f131eb1e000-7f131ec1f000 rw-p 00000000 00:00 0 
7f131ec1f000-7f131ec23000 ---p 00000000 00:00 0 
7f131ec23000-7f131ed20000 rw-p 00000000 00:00 0 
7f131ed20000-7f131ed24000 ---p 00000000 00:00 0 
7f131ed24000-7f131ee21000 rw-p 00000000 00:00 0 
7f131ee21000-7f131ee25000 ---p 00000000 00:00 0 
7f131ee25000-7f131ef22000 rw-p 00000000 00:00 0 
7f131ef22000-7f131ef26000 ---p 00000000 00:00 0 
7f131ef26000-7f131f023000 rw-p 00000000 00:00 0 
7f131f023000-7f131f027000 ---p 00000000 00:00 0 
7f131f027000-7f131f124000 rw-p 00000000 00:00 0 
7f131f124000-7f131feff000 r--p 00000000 08:02 23600058                   /usr/lib/locale/locale-archive
7f131feff000-7f131ff03000 ---p 00000000 00:00 0 
7f131ff03000-7f1320000000 rw-p 00000000 00:00 0 
7f1320000000-7f1320021000 rw-p 00000000 00:00 0 
7f1320021000-7f1324000000 ---p 00000000 00:00 0 
7f1324000000-7f1324021000 rw-p 00000000 00:00 0 
7f1324021000-7f1328000000 ---p 00000000 00:00 0 
7f1328000000-7f1328021000 rw-p 00000000 00:00 0 
7f1328021000-7f132c000000 ---p 00000000 00:00 0 
7f132c000000-7f132c021000 rw-p 00000000 00:00 0 
7f132c021000-7f1330000000 ---p 00000000 00:00 0 
7f1330000000-7f1330021000 rw-p 00000000 00:00 0 
7f1330021000-7f1334000000 ---p 00000000 00:00 0 
7f133400a000-7f133400e000 r--p 00000000 08:02 23601610                   /usr/lib/x86_64-linux-gnu/libresolv-2.29.so
7f133400e000-7f133401d000 r-xp 00004000 08:02 23601610                   /usr/lib/x86_64-linux-gnu/libresolv-2.29.so
7f133401d000-7f1334020000 r--p 00013000 08:02 23601610                   /usr/lib/x86_64-linux-gnu/libresolv-2.29.so
7f1334020000-7f1334021000 ---p 00016000 08:02 23601610                   /usr/lib/x86_64-linux-gnu/libresolv-2.29.so
7f1334021000-7f1334022000 r--p 00016000 08:02 23601610                   /usr/lib/x86_64-linux-gnu/libresolv-2.29.so
7f1334022000-7f1334023000 rw-p 00017000 08:02 23601610                   /usr/lib/x86_64-linux-gnu/libresolv-2.29.so
7f1334023000-7f1334025000 rw-p 00000000 00:00 0 
7f1334025000-7f1334029000 r--p 00000000 08:02 23600683                   /usr/lib/x86_64-linux-gnu/libbsd.so.0.9.1
7f1334029000-7f1334038000 r-xp 00004000 08:02 23600683                   /usr/lib/x86_64-linux-gnu/libbsd.so.0.9.1
7f1334038000-7f133403b000 r--p 00013000 08:02 23600683                   /usr/lib/x86_64-linux-gnu/libbsd.so.0.9.1
7f133403b000-7f133403c000 ---p 00016000 08:02 23600683                   /usr/lib/x86_64-linux-gnu/libbsd.so.0.9.1
7f133403c000-7f133403d000 r--p 00016000 08:02 23600683                   /usr/lib/x86_64-linux-gnu/libbsd.so.0.9.1
7f133403d000-7f133403e000 rw-p 00017000 08:02 23600683                   /usr/lib/x86_64-linux-gnu/libbsd.so.0.9.1
7f133403e000-7f133403f000 rw-p 00000000 00:00 0 
7f133403f000-7f1334043000 ---p 00000000 00:00 0 
7f1334043000-7f1336330000 rw-p 00000000 00:00 0 
7f1336330000-7f1337ff8000 ---p 00000000 00:00 0 
7f1337ff8000-7f1338000000 rw-p 00000000 00:00 0 
7f1338000000-7f1338021000 rw-p 00000000 00:00 0 
7f1338021000-7f133c000000 ---p 00000000 00:00 0 
7f133c001000-7f133c002000 r--p 00000000 08:02 27001589                   /home/kramer/Downloads/RobotArena-master/RobotAreana/AIBasic/build/libs/mynativelibrary/shared/libmynativelibrary.so
7f133c002000-7f133c003000 r-xp 00001000 08:02 27001589                   /home/kramer/Downloads/RobotArena-master/RobotAreana/AIBasic/build/libs/mynativelibrary/shared/libmynativelibrary.so
7f133c003000-7f133c004000 r--p 00002000 08:02 27001589                   /home/kramer/Downloads/RobotArena-master/RobotAreana/AIBasic/build/libs/mynativelibrary/shared/libmynativelibrary.so
7f133c004000-7f133c005000 r--p 00002000 08:02 27001589                   /home/kramer/Downloads/RobotArena-master/RobotAreana/AIBasic/build/libs/mynativelibrary/shared/libmynativelibrary.so
7f133c005000-7f133c006000 rw-p 00003000 08:02 27001589                   /home/kramer/Downloads/RobotArena-master/RobotAreana/AIBasic/build/libs/mynativelibrary/shared/libmynativelibrary.so
7f133c006000-7f133c008000 r--p 00000000 08:02 23601822                   /usr/lib/x86_64-linux-gnu/libuuid.so.1.3.0
7f133c008000-7f133c00c000 r-xp 00002000 08:02 23601822                   /usr/lib/x86_64-linux-gnu/libuuid.so.1.3.0
7f133c00c000-7f133c00d000 r--p 00006000 08:02 23601822                   /usr/lib/x86_64-linux-gnu/libuuid.so.1.3.0
7f133c00d000-7f133c00e000 r--p 00006000 08:02 23601822                   /usr/lib/x86_64-linux-gnu/libuuid.so.1.3.0
7f133c00e000-7f133c00f000 rw-p 00007000 08:02 23601822                   /usr/lib/x86_64-linux-gnu/libuuid.so.1.3.0
7f133c00f000-7f133c011000 r--p 00000000 08:02 23600923                   /usr/lib/x86_64-linux-gnu/libffi.so.6.0.4
7f133c011000-7f133c016000 r-xp 00002000 08:02 23600923                   /usr/lib/x86_64-linux-gnu/libffi.so.6.0.4
7f133c016000-7f133c017000 r--p 00007000 08:02 23600923                   /usr/lib/x86_64-linux-gnu/libffi.so.6.0.4
7f133c017000-7f133c018000 r--p 00007000 08:02 23600923                   /usr/lib/x86_64-linux-gnu/libffi.so.6.0.4
7f133c018000-7f133c019000 rw-p 00008000 08:02 23600923                   /usr/lib/x86_64-linux-gnu/libffi.so.6.0.4
7f133c019000-7f133c024000 r--p 00000000 08:02 23601932                   /usr/lib/x86_64-linux-gnu/libxcb.so.1.1.0
7f133c024000-7f133c037000 r-xp 0000b000 08:02 23601932                   /usr/lib/x86_64-linux-gnu/libxcb.so.1.1.0
7f133c037000-7f133c040000 r--p 0001e000 08:02 23601932                   /usr/lib/x86_64-linux-gnu/libxcb.so.1.1.0
7f133c040000-7f133c041000 r--p 00026000 08:02 23601932                   /usr/lib/x86_64-linux-gnu/libxcb.so.1.1.0
7f133c041000-7f133c042000 rw-p 00027000 08:02 23601932                   /usr/lib/x86_64-linux-gnu/libxcb.so.1.1.0
7f133c043000-7f133c047000 r--p 00000000 08:02 24250591                   /usr/lib/x86_64-linux-gnu/gio/modules/libdconfsettings.so
7f133c047000-7f133c04e000 r-xp 00004000 08:02 24250591                   /usr/lib/x86_64-linux-gnu/gio/modules/libdconfsettings.so
7f133c04e000-7f133c051000 r--p 0000b000 08:02 24250591                   /usr/lib/x86_64-linux-gnu/gio/modules/libdconfsettings.so
7f133c051000-7f133c052000 ---p 0000e000 08:02 24250591                   /usr/lib/x86_64-linux-gnu/gio/modules/libdconfsettings.so
7f133c052000-7f133c053000 r--p 0000e000 08:02 24250591                   /usr/lib/x86_64-linux-gnu/gio/modules/libdconfsettings.so
7f133c053000-7f133c054000 rw-p 0000f000 08:02 24250591                   /usr/lib/x86_64-linux-gnu/gio/modules/libdconfsettings.so
7f133c054000-7f133c055000 ---p 00000000 00:00 0 
7f133c055000-7f133c616000 rw-p 00000000 00:00 0 
7f133c616000-7f133c956000 ---p 00000000 00:00 0 
7f133c956000-7f133cbc6000 rwxp 00000000 00:00 0 
7f133cbc6000-7f133cee6000 ---p 00000000 00:00 0 
7f133cee6000-7f133d156000 rwxp 00000000 00:00 0 
7f133d156000-7f134441e000 ---p 00000000 00:00 0 
7f134441e000-7f134468e000 rwxp 00000000 00:00 0 
7f134468e000-7f134b956000 ---p 00000000 00:00 0 
7f134b956000-7f1354000000 r--s 00000000 08:02 23990663                   /usr/lib/jvm/java-11-openjdk-amd64/lib/modules
7f1354000000-7f135448c000 rw-p 00000000 00:00 0 
7f135448c000-7f1358000000 ---p 00000000 00:00 0 
7f1358002000-7f1358005000 r--p 00000000 08:02 24906119                   /home/kramer/.config/dconf/user
7f1358005000-7f1358006000 r--s 00000000 00:35 35                         /run/user/1000/dconf/user
7f1358006000-7f1358007000 r--p 00000000 08:02 25823354                   /usr/share/locale-langpack/en_AU/LC_MESSAGES/glib20.mo
7f1358007000-7f1358008000 r--p 00000000 08:02 23593407                   /usr/lib/x86_64-linux-gnu/libgmodule-2.0.so.0.6000.0
7f1358008000-7f135800a000 r-xp 00001000 08:02 23593407                   /usr/lib/x86_64-linux-gnu/libgmodule-2.0.so.0.6000.0
7f135800a000-7f135800b000 r--p 00003000 08:02 23593407                   /usr/lib/x86_64-linux-gnu/libgmodule-2.0.so.0.6000.0
7f135800b000-7f135800c000 r--p 00003000 08:02 23593407                   /usr/lib/x86_64-linux-gnu/libgmodule-2.0.so.0.6000.0
7f135800c000-7f135800d000 rw-p 00004000 08:02 23593407                   /usr/lib/x86_64-linux-gnu/libgmodule-2.0.so.0.6000.0
7f135800d000-7f135801d000 r--p 00000000 08:02 23990632                   /usr/lib/jvm/java-11-openjdk-amd64/lib/libawt_xawt.so
7f135801d000-7f135805a000 r-xp 00010000 08:02 23990632                   /usr/lib/jvm/java-11-openjdk-amd64/lib/libawt_xawt.so
7f135805a000-7f135806c000 r--p 0004d000 08:02 23990632                   /usr/lib/jvm/java-11-openjdk-amd64/lib/libawt_xawt.so
7f135806c000-7f135806d000 r--p 0005e000 08:02 23990632                   /usr/lib/jvm/java-11-openjdk-amd64/lib/libawt_xawt.so
7f135806d000-7f1358070000 rw-p 0005f000 08:02 23990632                   /usr/lib/jvm/java-11-openjdk-amd64/lib/libawt_xawt.so
7f1358070000-7f13580a3000 rw-p 00000000 00:00 0 
7f13580a3000-7f13580a7000 r--p 00000000 08:02 23990653                   /usr/lib/jvm/java-11-openjdk-amd64/lib/libnet.so
7f13580a7000-7f13580b6000 r-xp 00004000 08:02 23990653                   /usr/lib/jvm/java-11-openjdk-amd64/lib/libnet.so
7f13580b6000-7f13580ba000 r--p 00013000 08:02 23990653                   /usr/lib/jvm/java-11-openjdk-amd64/lib/libnet.so
7f13580ba000-7f13580bb000 r--p 00016000 08:02 23990653                   /usr/lib/jvm/java-11-openjdk-amd64/lib/libnet.so
7f13580bb000-7f13580bc000 rw-p 00017000 08:02 23990653                   /usr/lib/jvm/java-11-openjdk-amd64/lib/libnet.so
7f13580bc000-7f13580c3000 r--p 00000000 08:02 23990654                   /usr/lib/jvm/java-11-openjdk-amd64/lib/libnio.so
7f13580c3000-7f13580ca000 r-xp 00007000 08:02 23990654                   /usr/lib/jvm/java-11-openjdk-amd64/lib/libnio.so
7f13580ca000-7f13580cd000 r--p 0000e000 08:02 23990654                   /usr/lib/jvm/java-11-openjdk-amd64/lib/libnio.so
7f13580cd000-7f13580ce000 r--p 00010000 08:02 23990654                   /usr/lib/jvm/java-11-openjdk-amd64/lib/libnio.so
7f13580ce000-7f13580cf000 rw-p 00011000 08:02 23990654                   /usr/lib/jvm/java-11-openjdk-amd64/lib/libnio.so
7f13580cf000-7f1358215000 rw-p 00000000 00:00 0 
7f1358215000-7f1358216000 ---p 00000000 00:00 0 
7f1358216000-7f1358317000 rw-p 00000000 00:00 0 
7f1358317000-7f1358318000 ---p 00000000 00:00 0 
7f1358318000-7f135881d000 rw-p 00000000 00:00 0 
7f135881d000-7f135881e000 ---p 00000000 00:00 0 
7f135881e000-7f135891f000 rw-p 00000000 00:00 0 
7f135891f000-7f1358920000 ---p 00000000 00:00 0 
7f1358920000-7f1358c53000 rw-p 00000000 00:00 0 
7f1358c53000-7f135a91b000 ---p 00000000 00:00 0 
7f135a91b000-7f135a961000 rw-p 00000000 00:00 0 
7f135a961000-7f135acfa000 ---p 00000000 00:00 0 
7f135acfa000-7f135ad39000 rw-p 00000000 00:00 0 
7f135ad39000-7f135b0d2000 ---p 00000000 00:00 0 
7f135b0d2000-7f135b111000 rw-p 00000000 00:00 0 
7f135b111000-7f135b4aa000 ---p 00000000 00:00 0 
7f135b4aa000-7f135b8af000 rw-p 00000000 00:00 0 
7f135b8af000-7f135b8b0000 ---p 00000000 00:00 0 
7f135b8b0000-7f135b9b6000 rw-p 00000000 00:00 0 
7f135b9b6000-7f135ba9c000 ---p 00000000 00:00 0 
7f135ba9c000-7f135baa1000 rw-p 00000000 00:00 0 
7f135baa1000-7f135bb87000 ---p 00000000 00:00 0 
7f135bb87000-7f135bb8c000 rw-p 00000000 00:00 0 
7f135bb8c000-7f135bb93000 ---p 00000000 00:00 0 
7f135bb93000-7f135bb95000 r--s 00007000 08:02 24382982                   /usr/share/java/java-atk-wrapper.jar
7f135bb95000-7f135bb97000 r--p 00000000 08:02 23990645                   /usr/lib/jvm/java-11-openjdk-amd64/lib/libjimage.so
7f135bb97000-7f135bb9a000 r-xp 00002000 08:02 23990645                   /usr/lib/jvm/java-11-openjdk-amd64/lib/libjimage.so
7f135bb9a000-7f135bb9c000 r--p 00005000 08:02 23990645                   /usr/lib/jvm/java-11-openjdk-amd64/lib/libjimage.so
7f135bb9c000-7f135bb9d000 r--p 00006000 08:02 23990645                   /usr/lib/jvm/java-11-openjdk-amd64/lib/libjimage.so
7f135bb9d000-7f135bb9e000 rw-p 00007000 08:02 23990645                   /usr/lib/jvm/java-11-openjdk-amd64/lib/libjimage.so
7f135bb9e000-7f135bba1000 r--p 00000000 08:02 23601425                   /usr/lib/x86_64-linux-gnu/libnss_files-2.29.so
7f135bba1000-7f135bba8000 r-xp 00003000 08:02 23601425                   /usr/lib/x86_64-linux-gnu/libnss_files-2.29.so
7f135bba8000-7f135bbaa000 r--p 0000a000 08:02 23601425                   /usr/lib/x86_64-linux-gnu/libnss_files-2.29.so
7f135bbaa000-7f135bbab000 r--p 0000b000 08:02 23601425                   /usr/lib/x86_64-linux-gnu/libnss_files-2.29.so
7f135bbab000-7f135bbac000 rw-p 0000c000 08:02 23601425                   /usr/lib/x86_64-linux-gnu/libnss_files-2.29.so
7f135bbac000-7f135bbb2000 rw-p 00000000 00:00 0 
7f135bbb2000-7f135bbb4000 r--p 00000000 08:02 23990662                   /usr/lib/jvm/java-11-openjdk-amd64/lib/libzip.so
7f135bbb4000-7f135bbb8000 r-xp 00002000 08:02 23990662                   /usr/lib/jvm/java-11-openjdk-amd64/lib/libzip.so
7f135bbb8000-7f135bbba000 r--p 00006000 08:02 23990662                   /usr/lib/jvm/java-11-openjdk-amd64/lib/libzip.so
7f135bbba000-7f135bbbb000 r--p 00007000 08:02 23990662                   /usr/lib/jvm/java-11-openjdk-amd64/lib/libzip.so
7f135bbbb000-7f135bbbc000 rw-p 00008000 08:02 23990662                   /usr/lib/jvm/java-11-openjdk-amd64/lib/libzip.so
7f135bbbc000-7f135bbc4000 rw-s 00000000 08:02 2753648                    /tmp/hsperfdata_kramer/9015
7f135bbc4000-7f135bbc5000 ---p 00000000 00:00 0 
7f135bbc5000-7f135bbc6000 r--p 00000000 00:00 0 
7f135bbc6000-7f135bbd3000 r--p 00000000 08:02 23990641                   /usr/lib/jvm/java-11-openjdk-amd64/lib/libjava.so
7f135bbd3000-7f135bbe8000 r-xp 0000d000 08:02 23990641                   /usr/lib/jvm/java-11-openjdk-amd64/lib/libjava.so
7f135bbe8000-7f135bbef000 r--p 00022000 08:02 23990641                   /usr/lib/jvm/java-11-openjdk-amd64/lib/libjava.so
7f135bbef000-7f135bbf0000 r--p 00028000 08:02 23990641                   /usr/lib/jvm/java-11-openjdk-amd64/lib/libjava.so
7f135bbf0000-7f135bbf2000 rw-p 00029000 08:02 23990641                   /usr/lib/jvm/java-11-openjdk-amd64/lib/libjava.so
7f135bbf2000-7f135bbf5000 r--p 00000000 08:02 23601631                   /usr/lib/x86_64-linux-gnu/librt-2.29.so
7f135bbf5000-7f135bbf9000 r-xp 00003000 08:02 23601631                   /usr/lib/x86_64-linux-gnu/librt-2.29.so
7f135bbf9000-7f135bbfb000 r--p 00007000 08:02 23601631                   /usr/lib/x86_64-linux-gnu/librt-2.29.so
7f135bbfb000-7f135bbfc000 r--p 00008000 08:02 23601631                   /usr/lib/x86_64-linux-gnu/librt-2.29.so
7f135bbfc000-7f135bbfd000 rw-p 00009000 08:02 23601631                   /usr/lib/x86_64-linux-gnu/librt-2.29.so
7f135bbfd000-7f135bc01000 ---p 00000000 00:00 0 
7f135bc01000-7f135bcfe000 rw-p 00000000 00:00 0 
7f135bcfe000-7f135bd01000 r--p 00000000 08:02 23596996                   /usr/lib/x86_64-linux-gnu/libgcc_s.so.1
7f135bd01000-7f135bd12000 r-xp 00003000 08:02 23596996                   /usr/lib/x86_64-linux-gnu/libgcc_s.so.1
7f135bd12000-7f135bd16000 r--p 00014000 08:02 23596996                   /usr/lib/x86_64-linux-gnu/libgcc_s.so.1
7f135bd16000-7f135bd17000 r--p 00017000 08:02 23596996                   /usr/lib/x86_64-linux-gnu/libgcc_s.so.1
7f135bd17000-7f135bd18000 rw-p 00018000 08:02 23596996                   /usr/lib/x86_64-linux-gnu/libgcc_s.so.1
7f135bd18000-7f135bd27000 r--p 00000000 08:02 23601302                   /usr/lib/x86_64-linux-gnu/libm-2.29.so
7f135bd27000-7f135bdcd000 r-xp 0000f000 08:02 23601302                   /usr/lib/x86_64-linux-gnu/libm-2.29.so
7f135bdcd000-7f135be64000 r--p 000b5000 08:02 23601302                   /usr/lib/x86_64-linux-gnu/libm-2.29.so
7f135be64000-7f135be65000 r--p 0014b000 08:02 23601302                   /usr/lib/x86_64-linux-gnu/libm-2.29.so
7f135be65000-7f135be66000 rw-p 0014c000 08:02 23601302                   /usr/lib/x86_64-linux-gnu/libm-2.29.so
7f135be66000-7f135befb000 r--p 00000000 08:02 23594558                   /usr/lib/x86_64-linux-gnu/libstdc++.so.6.0.26
7f135befb000-7f135bfed000 r-xp 00095000 08:02 23594558                   /usr/lib/x86_64-linux-gnu/libstdc++.so.6.0.26
7f135bfed000-7f135c036000 r--p 00187000 08:02 23594558                   /usr/lib/x86_64-linux-gnu/libstdc++.so.6.0.26
7f135c036000-7f135c037000 ---p 001d0000 08:02 23594558                   /usr/lib/x86_64-linux-gnu/libstdc++.so.6.0.26
7f135c037000-7f135c042000 r--p 001d0000 08:02 23594558                   /usr/lib/x86_64-linux-gnu/libstdc++.so.6.0.26
7f135c042000-7f135c045000 rw-p 001db000 08:02 23594558                   /usr/lib/x86_64-linux-gnu/libstdc++.so.6.0.26
7f135c045000-7f135c048000 rw-p 00000000 00:00 0 
7f135c048000-7f135c2b7000 r--p 00000000 08:02 23990668                   /usr/lib/jvm/java-11-openjdk-amd64/lib/server/libjvm.so
7f135c2b7000-7f135cdd7000 r-xp 0026f000 08:02 23990668                   /usr/lib/jvm/java-11-openjdk-amd64/lib/server/libjvm.so
7f135cdd7000-7f135d010000 r--p 00d8f000 08:02 23990668                   /usr/lib/jvm/java-11-openjdk-amd64/lib/server/libjvm.so
7f135d010000-7f135d011000 ---p 00fc8000 08:02 23990668                   /usr/lib/jvm/java-11-openjdk-amd64/lib/server/libjvm.so
7f135d011000-7f135d0ce000 r--p 00fc8000 08:02 23990668                   /usr/lib/jvm/java-11-openjdk-amd64/lib/server/libjvm.so
7f135d0ce000-7f135d107000 rw-p 01085000 08:02 23990668                   /usr/lib/jvm/java-11-openjdk-amd64/lib/server/libjvm.so
7f135d107000-7f135d15f000 rw-p 00000000 00:00 0 
7f135d15f000-7f135d166000 r--p 00000000 08:02 23601565                   /usr/lib/x86_64-linux-gnu/libpthread-2.29.so
7f135d166000-7f135d175000 r-xp 00007000 08:02 23601565                   /usr/lib/x86_64-linux-gnu/libpthread-2.29.so
7f135d175000-7f135d17a000 r--p 00016000 08:02 23601565                   /usr/lib/x86_64-linux-gnu/libpthread-2.29.so
7f135d17a000-7f135d17b000 r--p 0001a000 08:02 23601565                   /usr/lib/x86_64-linux-gnu/libpthread-2.29.so
7f135d17b000-7f135d17c000 rw-p 0001b000 08:02 23601565                   /usr/lib/x86_64-linux-gnu/libpthread-2.29.so
7f135d17c000-7f135d180000 rw-p 00000000 00:00 0 
7f135d180000-7f135d181000 r--p 00000000 08:02 23600824                   /usr/lib/x86_64-linux-gnu/libdl-2.29.so
7f135d181000-7f135d183000 r-xp 00001000 08:02 23600824                   /usr/lib/x86_64-linux-gnu/libdl-2.29.so
7f135d183000-7f135d184000 r--p 00003000 08:02 23600824                   /usr/lib/x86_64-linux-gnu/libdl-2.29.so
7f135d184000-7f135d185000 r--p 00003000 08:02 23600824                   /usr/lib/x86_64-linux-gnu/libdl-2.29.so
7f135d185000-7f135d186000 rw-p 00004000 08:02 23600824                   /usr/lib/x86_64-linux-gnu/libdl-2.29.so
7f135d186000-7f135d188000 r--p 00000000 08:02 23601962                   /usr/lib/x86_64-linux-gnu/libz.so.1.2.11
7f135d188000-7f135d199000 r-xp 00002000 08:02 23601962                   /usr/lib/x86_64-linux-gnu/libz.so.1.2.11
7f135d199000-7f135d19f000 r--p 00013000 08:02 23601962                   /usr/lib/x86_64-linux-gnu/libz.so.1.2.11
7f135d19f000-7f135d1a0000 ---p 00019000 08:02 23601962                   /usr/lib/x86_64-linux-gnu/libz.so.1.2.11
7f135d1a0000-7f135d1a1000 r--p 00019000 08:02 23601962                   /usr/lib/x86_64-linux-gnu/libz.so.1.2.11
7f135d1a1000-7f135d1a2000 rw-p 0001a000 08:02 23601962                   /usr/lib/x86_64-linux-gnu/libz.so.1.2.11
7f135d1a2000-7f135d1c7000 r--p 00000000 08:02 23600687                   /usr/lib/x86_64-linux-gnu/libc-2.29.so
7f135d1c7000-7f135d33a000 r-xp 00025000 08:02 23600687                   /usr/lib/x86_64-linux-gnu/libc-2.29.so
7f135d33a000-7f135d383000 r--p 00198000 08:02 23600687                   /usr/lib/x86_64-linux-gnu/libc-2.29.so
7f135d383000-7f135d386000 r--p 001e0000 08:02 23600687                   /usr/lib/x86_64-linux-gnu/libc-2.29.so
7f135d386000-7f135d389000 rw-p 001e3000 08:02 23600687                   /usr/lib/x86_64-linux-gnu/libc-2.29.so
7f135d389000-7f135d38d000 rw-p 00000000 00:00 0 
7f135d38d000-7f135d38e000 r--p 00000000 08:02 25823436                   /usr/share/locale-langpack/en_AU/LC_MESSAGES/libc.mo
7f135d38e000-7f135d393000 r--p 00000000 08:02 23990661                   /usr/lib/jvm/java-11-openjdk-amd64/lib/libverify.so
7f135d393000-7f135d39a000 r-xp 00005000 08:02 23990661                   /usr/lib/jvm/java-11-openjdk-amd64/lib/libverify.so
7f135d39a000-7f135d39c000 r--p 0000c000 08:02 23990661                   /usr/lib/jvm/java-11-openjdk-amd64/lib/libverify.so
7f135d39c000-7f135d39e000 r--p 0000d000 08:02 23990661                   /usr/lib/jvm/java-11-openjdk-amd64/lib/libverify.so
7f135d39e000-7f135d39f000 rw-p 0000f000 08:02 23990661                   /usr/lib/jvm/java-11-openjdk-amd64/lib/libverify.so
7f135d39f000-7f135d3a2000 r--p 00000000 08:02 23990625                   /usr/lib/jvm/java-11-openjdk-amd64/lib/jli/libjli.so
7f135d3a2000-7f135d3ac000 r-xp 00003000 08:02 23990625                   /usr/lib/jvm/java-11-openjdk-amd64/lib/jli/libjli.so
7f135d3ac000-7f135d3af000 r--p 0000d000 08:02 23990625                   /usr/lib/jvm/java-11-openjdk-amd64/lib/jli/libjli.so
7f135d3af000-7f135d3b0000 r--p 0000f000 08:02 23990625                   /usr/lib/jvm/java-11-openjdk-amd64/lib/jli/libjli.so
7f135d3b0000-7f135d3b1000 rw-p 00010000 08:02 23990625                   /usr/lib/jvm/java-11-openjdk-amd64/lib/jli/libjli.so
7f135d3b1000-7f135d3b3000 rw-p 00000000 00:00 0 
7f135d3b3000-7f135d3b4000 r--p 00000000 08:02 23600471                   /usr/lib/x86_64-linux-gnu/ld-2.29.so
7f135d3b4000-7f135d3d5000 r-xp 00001000 08:02 23600471                   /usr/lib/x86_64-linux-gnu/ld-2.29.so
7f135d3d5000-7f135d3dd000 r--p 00022000 08:02 23600471                   /usr/lib/x86_64-linux-gnu/ld-2.29.so
7f135d3dd000-7f135d3de000 r--p 00029000 08:02 23600471                   /usr/lib/x86_64-linux-gnu/ld-2.29.so
7f135d3de000-7f135d3df000 rw-p 0002a000 08:02 23600471                   /usr/lib/x86_64-linux-gnu/ld-2.29.so
7f135d3df000-7f135d3e0000 rw-p 00000000 00:00 0 
7ffc3adc2000-7ffc3ade4000 rw-p 00000000 00:00 0                          [stack]
7ffc3ade6000-7ffc3ade9000 r--p 00000000 00:00 0                          [vvar]
7ffc3ade9000-7ffc3adea000 r-xp 00000000 00:00 0                          [vdso]
ffffffffff600000-ffffffffff601000 r-xp 00000000 00:00 0                  [vsyscall]


VM Arguments:
jvm_args: -Dfile.encoding=UTF-8 -Duser.country=AU -Duser.language=en -Duser.variant 
java_command: ExampleSwingApp
java_class_path (initial): /home/kramer/Downloads/RobotArena-master/RobotAreana/start/build/classes/java/main:/home/kramer/Downloads/RobotArena-master/RobotAreana/start/build/classes/groovy/main:/home/kramer/Downloads/RobotArena-master/RobotAreana/start/build/resources/main:/home/kramer/Downloads/RobotArena-master/RobotAreana/AIBasic/build/libs/AIBasic.jar:/home/kramer/Downloads/RobotArena-master/RobotAreana/robot/build/libs/robot.jar:/home/kramer/Downloads/RobotArena-master/RobotAreana/main/build/libs/main.jar
Launcher Type: SUN_STANDARD

[Global flags]
     intx CICompilerCount                          = 3                                         {product} {ergonomic}
     uint ConcGCThreads                            = 1                                         {product} {ergonomic}
     uint G1ConcRefinementThreads                  = 4                                         {product} {ergonomic}
   size_t G1HeapRegionSize                         = 1048576                                   {product} {ergonomic}
    uintx GCDrainStackTargetSize                   = 64                                        {product} {ergonomic}
   size_t InitialHeapSize                          = 130023424                                 {product} {ergonomic}
   size_t MarkStackSize                            = 4194304                                   {product} {ergonomic}
   size_t MaxHeapSize                              = 2063597568                                {product} {ergonomic}
   size_t MaxNewSize                               = 1237319680                                {product} {ergonomic}
   size_t MinHeapDeltaBytes                        = 1048576                                   {product} {ergonomic}
    uintx NonNMethodCodeHeapSize                   = 5830092                                {pd product} {ergonomic}
    uintx NonProfiledCodeHeapSize                  = 122914074                              {pd product} {ergonomic}
    uintx ProfiledCodeHeapSize                     = 122914074                              {pd product} {ergonomic}
    uintx ReservedCodeCacheSize                    = 251658240                              {pd product} {ergonomic}
     bool SegmentedCodeCache                       = true                                      {product} {ergonomic}
     bool UseCompressedClassPointers               = true                                 {lp64_product} {ergonomic}
     bool UseCompressedOops                        = true                                 {lp64_product} {ergonomic}
     bool UseG1GC                                  = true                                      {product} {ergonomic}

Logging:
Log output configuration:
 #0: stdout all=warning uptime,level,tags
 #1: stderr all=off uptime,level,tags

Environment Variables:
PATH=/home/kramer/.local/bin:/usr/local/sbin:/usr/local/bin:/usr/sbin:/usr/bin:/sbin:/bin:/usr/games:/usr/local/games:/snap/bin
USERNAME=kramer
LD_LIBRARY_PATH=/home/kramer/Downloads/RobotArena-master/RobotAreana/AIBasic/build/libs/mynativelibrary/shared
SHELL=/bin/bash
DISPLAY=:0

Signal Handlers:
SIGSEGV: [libjvm.so+0xd1cc80], sa_mask[0]=11111111011111111101111111111110, sa_flags=SA_RESTART|SA_SIGINFO
SIGBUS: [libjvm.so+0xd1cc80], sa_mask[0]=11111111011111111101111111111110, sa_flags=SA_RESTART|SA_SIGINFO
SIGFPE: [libjvm.so+0xd1cc80], sa_mask[0]=11111111011111111101111111111110, sa_flags=SA_RESTART|SA_SIGINFO
SIGPIPE: SIG_IGN, sa_mask[0]=00000000000010000000000000000000, sa_flags=SA_RESTART
SIGXFSZ: [libjvm.so+0xb239a0], sa_mask[0]=11111111011111111101111111111110, sa_flags=SA_RESTART|SA_SIGINFO
SIGILL: [libjvm.so+0xd1cc80], sa_mask[0]=11111111011111111101111111111110, sa_flags=SA_RESTART|SA_SIGINFO
SIGUSR2: [libjvm.so+0xb23830], sa_mask[0]=00100000000000000000000000000000, sa_flags=SA_RESTART|SA_SIGINFO
SIGHUP: [libjvm.so+0xb23ce0], sa_mask[0]=11111111011111111101111111111110, sa_flags=SA_RESTART|SA_SIGINFO
SIGINT: [libjvm.so+0xb23ce0], sa_mask[0]=11111111011111111101111111111110, sa_flags=SA_RESTART|SA_SIGINFO
SIGTERM: [libjvm.so+0xb23ce0], sa_mask[0]=11111111011111111101111111111110, sa_flags=SA_RESTART|SA_SIGINFO
SIGQUIT: [libjvm.so+0xb23ce0], sa_mask[0]=11111111011111111101111111111110, sa_flags=SA_RESTART|SA_SIGINFO


---------------  S Y S T E M  ---------------

OS:DISTRIB_ID=Ubuntu
DISTRIB_RELEASE=19.04
DISTRIB_CODENAME=disco
DISTRIB_DESCRIPTION="Ubuntu 19.04"
uname:Linux 5.0.0-32-generic #34-Ubuntu SMP Wed Oct 2 02:06:48 UTC 2019 x86_64
libc:glibc 2.29 NPTL 2.29 
rlimit: STACK 8192k, CORE 0k, NPROC 31283, NOFILE 524288, AS infinity, DATA infinity, FSIZE infinity
load average:1.49 1.16 1.00

/proc/meminfo:
MemTotal:        8057228 kB
MemFree:         2438056 kB
MemAvailable:    4271768 kB
Buffers:          135232 kB
Cached:          1897068 kB
SwapCached:            0 kB
Active:          3938936 kB
Inactive:        1282576 kB
Active(anon):    3118892 kB
Inactive(anon):   118164 kB
Active(file):     820044 kB
Inactive(file):  1164412 kB
Unevictable:        3452 kB
Mlocked:              16 kB
SwapTotal:       2097148 kB
SwapFree:        2097148 kB
Dirty:              1520 kB
Writeback:             0 kB
AnonPages:       3192812 kB
Mapped:           614820 kB
Shmem:            123500 kB
KReclaimable:     139080 kB
Slab:             239356 kB
SReclaimable:     139080 kB
SUnreclaim:       100276 kB
KernelStack:       16528 kB
PageTables:        34436 kB
NFS_Unstable:          0 kB
Bounce:                0 kB
WritebackTmp:          0 kB
CommitLimit:     6125760 kB
Committed_AS:   10649116 kB
VmallocTotal:   34359738367 kB
VmallocUsed:           0 kB
VmallocChunk:          0 kB
Percpu:             2192 kB
HardwareCorrupted:     0 kB
AnonHugePages:         0 kB
ShmemHugePages:        0 kB
ShmemPmdMapped:        0 kB
CmaTotal:              0 kB
CmaFree:               0 kB
HugePages_Total:       0
HugePages_Free:        0
HugePages_Rsvd:        0
HugePages_Surp:        0
Hugepagesize:       2048 kB
Hugetlb:               0 kB
DirectMap4k:      244272 kB
DirectMap2M:     5939200 kB
DirectMap1G:     2097152 kB


/proc/sys/kernel/threads-max (system-wide limit on the number of threads):
62566


/proc/sys/vm/max_map_count (maximum number of memory map areas a process may have):
65530


/proc/sys/kernel/pid_max (system-wide limit on number of process identifiers):
32768



container (cgroup) information:
container_type: cgroupv1
cpu_cpuset_cpus: 0-3
cpu_memory_nodes: 0
active_processor_count: 4
cpu_quota: -1
cpu_period: 100000
cpu_shares: -1
memory_limit_in_bytes: -1
memory_and_swap_limit_in_bytes: -2
memory_soft_limit_in_bytes: -1
memory_usage_in_bytes: 1050238976
memory_max_usage_in_bytes: 1050365952

Steal ticks since vm start: 0
Steal ticks percentage since vm start:  0.000

CPU:total 4 (initial active 4) (4 cores per cpu, 1 threads per core) family 6 model 60 stepping 3, cmov, cx8, fxsr, mmx, sse, sse2, sse3, ssse3, sse4.1, sse4.2, popcnt, avx, avx2, aes, clmul, erms, lzcnt, tsc, tscinvbit, bmi1, bmi2, fma
CPU Model and flags from /proc/cpuinfo:
model name	: Intel(R) Core(TM) i5-4690 CPU @ 3.50GHz
flags		: fpu vme de pse tsc msr pae mce cx8 apic sep mtrr pge mca cmov pat pse36 clflush dts acpi mmx fxsr sse sse2 ss ht tm pbe syscall nx pdpe1gb rdtscp lm constant_tsc arch_perfmon pebs bts rep_good nopl xtopology nonstop_tsc cpuid aperfmperf pni pclmulqdq dtes64 monitor ds_cpl vmx smx est tm2 ssse3 sdbg fma cx16 xtpr pdcm pcid sse4_1 sse4_2 x2apic movbe popcnt tsc_deadline_timer aes xsave avx f16c rdrand lahf_lm abm cpuid_fault invpcid_single pti ssbd ibrs ibpb stibp tpr_shadow vnmi flexpriority ept vpid ept_ad fsgsbase tsc_adjust bmi1 avx2 smep bmi2 erms invpcid xsaveopt dtherm ida arat pln pts md_clear flush_l1d

Memory: 4k page, physical 8057228k(2438056k free), swap 2097148k(2097148k free)

vm_info: OpenJDK 64-Bit Server VM (11.0.4+11-post-Ubuntu-1ubuntu219.04) for linux-amd64 JRE (11.0.4+11-post-Ubuntu-1ubuntu219.04), built on Jul 18 2019 18:21:46 by "buildd" with gcc 8.3.0

END.
