#
# A fatal error has been detected by the Java Runtime Environment:
#
#  SIGSEGV (0xb) at pc=0x00007f00b474bab5, pid=12905, tid=12929
#
# JRE version: OpenJDK Runtime Environment (11.0.4+11) (build 11.0.4+11-post-Ubuntu-1ubuntu219.04)
# Java VM: OpenJDK 64-Bit Server VM (11.0.4+11-post-Ubuntu-1ubuntu219.04, mixed mode, sharing, tiered, compressed oops, g1 gc, linux-amd64)
# Problematic frame:
# V  [libjvm.so+0x866ab5]
#
# Core dump will be written. Default location: Core dumps may be processed with "/usr/share/apport/apport %p %s %c %d %P" (or dumping to /home/kramer/Downloads/RobotArena-master/RobotAreana/start/core.12905)
#
# If you would like to submit a bug report, please visit:
#   https://bugs.launchpad.net/ubuntu/+source/openjdk-lts
#

---------------  S U M M A R Y ------------

Command Line: -Dfile.encoding=UTF-8 -Duser.country=AU -Duser.language=en -Duser.variant ExampleSwingApp

Host: Intel(R) Core(TM) i5-4690 CPU @ 3.50GHz, 4 cores, 7G, Ubuntu 19.04
Time: Mon Oct 28 19:56:08 2019 AWST elapsed time: 1 seconds (0d 0h 0m 1s)

---------------  T H R E A D  ---------------

Current thread (0x00007f00ac324000):  JavaThread "Thomas" [_thread_in_vm, id=12929, stack(0x00007f00472f6000,0x00007f00473f7000)]

Stack: [0x00007f00472f6000,0x00007f00473f7000],  sp=0x00007f00473f56f0,  free space=1021k
Native frames: (J=compiled Java code, A=aot compiled Java code, j=interpreted, Vv=VM code, C=native code)
V  [libjvm.so+0x866ab5]
V  [libjvm.so+0x866e6e]
C  [libmynativelibrary.so+0x1285]  Java_CRobot_startCPP+0x180
j  CRobot.startCPP(LRobotControl;)V+0
j  CRobot$1.run()V+8
j  java.lang.Thread.run()V+11 java.base@11.0.4
v  ~StubRoutines::call_stub
V  [libjvm.so+0x7f40b1]
V  [libjvm.so+0x7f2550]
V  [libjvm.so+0x7f260b]
V  [libjvm.so+0x88e63c]
V  [libjvm.so+0xcc0060]
V  [libjvm.so+0xcc0350]
V  [libjvm.so+0xcbbee4]
V  [libjvm.so+0xb2cbee]

Java frames: (J=compiled Java code, j=interpreted, Vv=VM code)
j  CRobot.startCPP(LRobotControl;)V+0
j  CRobot$1.run()V+8
j  java.lang.Thread.run()V+11 java.base@11.0.4
v  ~StubRoutines::call_stub

siginfo: si_signo: 11 (SIGSEGV), si_code: 128 (SI_KERNEL), si_addr: 0x0000000000000000

Register to memory mapping:

RAX=0x8beda7380003588c is an unknown value
RBX=0x00000008004bc768 is pointing into metadata
RCX=0x0000000000009b68 is an unknown value
RDX=0x0000000800a4c414 is pointing into metadata
RSP=0x00007f00473f56f0 is pointing into the stack for thread: 0x00007f00ac324000
RBP=0x00007f00473f5750 is pointing into the stack for thread: 0x00007f00ac324000
RSI=0x00007f00ac324000 is a thread
RDI=0x000000008beda6c8 points into unknown readable memory: 05 00 00 00 00 00 00 00
R8 =0x00000008004bc768 is pointing into metadata
R9 =0x8beda7380003588c is an unknown value
R10=0x0000000800a4c41c is pointing into metadata
R11=0x0000000800000000 is pointing into metadata
R12=0x00000008004c0908 is pointing into metadata
R13=0x00007f0094003067: <offset 0x0000000000002067> in /home/kramer/Downloads/RobotArena-master/RobotAreana/AIBasic/build/libs/mynativelibrary/shared/libmynativelibrary.so at 0x00007f0094001000
R14=0x00007f00ac324000 is a thread
R15=0x00007f0034000cd8 points into unknown readable memory: c8 a6 ed 8b 00 00 00 00


Registers:
RAX=0x8beda7380003588c, RBX=0x00000008004bc768, RCX=0x0000000000009b68, RDX=0x0000000800a4c414
RSP=0x00007f00473f56f0, RBP=0x00007f00473f5750, RSI=0x00007f00ac324000, RDI=0x000000008beda6c8
R8 =0x00000008004bc768, R9 =0x8beda7380003588c, R10=0x0000000800a4c41c, R11=0x0000000800000000
R12=0x00000008004c0908, R13=0x00007f0094003067, R14=0x00007f00ac324000, R15=0x00007f0034000cd8
RIP=0x00007f00b474bab5, EFLAGS=0x0000000000010246, CSGSFS=0x002b000000000033, ERR=0x0000000000000000
  TRAPNO=0x000000000000000d

Top of Stack: (sp=0x00007f00473f56f0)
0x00007f00473f56f0:   00007f0094561a00 00007f00473f5770
0x00007f00473f5700:   00007f0000000000 00007f00473f5710
0x00007f00473f5710:   00007f0000009b68 00007f00ac324000
0x00007f00473f5720:   00007f00473f5750 00007f00ac324000 

Instructions: (pc=0x00007f00b474bab5)
0x00007f00b474b9b5:   00 00 00 48 89 45 a0 4c 89 7d c8 e8 eb d0 ff ff
0x00007f00b474b9c5:   48 83 7d 88 00 74 09 48 8d 7d 80 e8 7b ea 31 00
0x00007f00b474b9d5:   48 8b bb f0 00 00 00 e8 1f c0 00 00 48 8d bd 68
0x00007f00b474b9e5:   ff ff ff e8 03 c1 00 00 48 81 c4 88 00 00 00 5b
0x00007f00b474b9f5:   41 5c 41 5d 41 5e 41 5f 5d c3 90 48 89 df 31 db
0x00007f00b474ba05:   e8 a6 08 45 00 e9 1c ff ff ff 90 55 48 89 e5 41
0x00007f00b474ba15:   57 49 89 ff 41 56 4d 89 c6 41 55 49 89 f5 41 54
0x00007f00b474ba25:   49 89 f4 53 48 89 d3 48 83 ec 38 89 4d b0 48 85
0x00007f00b474ba35:   f6 0f 84 6c 02 00 00 4c 89 e7 e8 dc 89 a0 ff 48
0x00007f00b474ba45:   8d 4d c0 4c 89 e7 48 89 ca 89 c6 48 89 4d b8 e8
0x00007f00b474ba55:   a7 56 41 00 48 89 df 49 89 c4 e8 bc 89 a0 ff 48
0x00007f00b474ba65:   8b 55 b8 48 89 df 89 c6 e8 8e 56 41 00 48 89 c3
0x00007f00b474ba75:   48 85 c0 0f 84 b2 01 00 00 4d 85 e4 0f 84 a9 01
0x00007f00b474ba85:   00 00 4c 89 ff e8 d1 c1 00 00 48 89 c7 e8 f9 0e
0x00007f00b474ba95:   f9 ff 84 c0 0f 85 01 01 00 00 4c 89 ff e8 b9 c1
0x00007f00b474baa5:   00 00 48 89 c7 e8 c1 0b f9 ff 4c 89 f6 49 89 c1
0x00007f00b474bab5:   48 8b 00 4c 89 cf 4c 89 4d a8 ff 90 b0 00 00 00
0x00007f00b474bac5:   4d 8b 7e 08 4d 85 ff 0f 85 f3 00 00 00 48 8d 05
0x00007f00b474bad5:   67 64 8a 00 4c 8b 4d a8 4c 3b a0 b0 0a 00 00 0f
0x00007f00b474bae5:   84 7e 01 00 00 4c 3b a0 b8 0a 00 00 0f 84 71 01
0x00007f00b474baf5:   00 00 49 8b 01 45 31 c0 31 c9 48 89 da 4c 89 cf
0x00007f00b474bb05:   4c 89 e6 ff 90 c0 00 00 00 4c 8b 4d a8 48 85 c0
0x00007f00b474bb15:   48 89 c2 0f 84 da 00 00 00 8b 42 20 c1 e8 03 83
0x00007f00b474bb25:   e0 01 3a 45 b0 0f 85 d8 00 00 00 48 8b 42 08 48
0x00007f00b474bb35:   89 55 b0 48 8b 40 08 4c 8b 68 18 48 89 55 c0 66
0x00007f00b474bb45:   48 8d 3d 74 f4 81 00 66 66 48 e8 ac 89 a0 ff 48
0x00007f00b474bb55:   8b 55 b0 48 8b 00 48 89 45 c8 4c 8b b0 80 02 00
0x00007f00b474bb65:   00 49 63 36 41 3b 76 04 0f 84 6d 01 00 00 8d 46
0x00007f00b474bb75:   01 4c 89 ef 41 89 06 49 8b 46 18 4c 8b 75 b8 48
0x00007f00b474bb85:   89 14 f0 4c 89 f6 e8 d0 63 f6 ff 4c 89 f7 49 89
0x00007f00b474bb95:   c7 e8 f5 98 f2 ff eb 2b 0f 1f 00 48 8d 05 99 63
0x00007f00b474bba5:   8a 00 4d 89 e8 ba 3b 05 00 00 4c 89 f7 48 8d 35 


Stack slot to memory mapping:
stack at sp + 0 slots: {method} {0x00007f0094561a00} 'getAllRobots' '()Ljava/util/List;' in 'RobotControl'
stack at sp + 1 slots: 0x00007f00473f5770 is pointing into the stack for thread: 0x00007f00ac324000
stack at sp + 2 slots: 0x00007f0000000000 is an unknown value
stack at sp + 3 slots: 0x00007f00473f5710 is pointing into the stack for thread: 0x00007f00ac324000
stack at sp + 4 slots: 0x00007f0000009b68 is an unknown value
stack at sp + 5 slots: 0x00007f00ac324000 is a thread
stack at sp + 6 slots: 0x00007f00473f5750 is pointing into the stack for thread: 0x00007f00ac324000
stack at sp + 7 slots: 0x00007f00ac324000 is a thread


---------------  P R O C E S S  ---------------

Threads class SMR info:
_java_thread_list=0x00007f00ac328da0, length=15, elements={
0x00007f00ac011800, 0x00007f00ac107000, 0x00007f00ac109000, 0x00007f00ac10e800,
0x00007f00ac110800, 0x00007f00ac112800, 0x00007f00ac114800, 0x00007f00ac143800,
0x00007f00ac14c000, 0x00007f00ac2f1000, 0x00007f00ac2f3000, 0x00007f00ac31c000,
0x00007f00ac324000, 0x00007f00ac326000, 0x00007f00ac327800
}

Java Threads: ( => current thread )
  0x00007f00ac011800 JavaThread "main" [_thread_blocked, id=12906, stack(0x00007f00b3a9a000,0x00007f00b3b9b000)]
  0x00007f00ac107000 JavaThread "Reference Handler" daemon [_thread_blocked, id=12914, stack(0x00007f0077eff000,0x00007f0078000000)]
  0x00007f00ac109000 JavaThread "Finalizer" daemon [_thread_blocked, id=12915, stack(0x00007f0077dfe000,0x00007f0077eff000)]
  0x00007f00ac10e800 JavaThread "Signal Dispatcher" daemon [_thread_blocked, id=12916, stack(0x00007f0076f22000,0x00007f0077023000)]
  0x00007f00ac110800 JavaThread "C2 CompilerThread0" daemon [_thread_blocked, id=12917, stack(0x00007f0076e21000,0x00007f0076f22000)]
  0x00007f00ac112800 JavaThread "C1 CompilerThread0" daemon [_thread_blocked, id=12918, stack(0x00007f0076d20000,0x00007f0076e21000)]
  0x00007f00ac114800 JavaThread "Sweeper thread" daemon [_thread_blocked, id=12919, stack(0x00007f0076c1f000,0x00007f0076d20000)]
  0x00007f00ac143800 JavaThread "Service Thread" daemon [_thread_blocked, id=12920, stack(0x00007f0076b1e000,0x00007f0076c1f000)]
  0x00007f00ac14c000 JavaThread "Common-Cleaner" daemon [_thread_blocked, id=12922, stack(0x00007f007691b000,0x00007f0076a1c000)]
  0x00007f00ac2f1000 JavaThread "Java2D Disposer" daemon [_thread_blocked, id=12926, stack(0x00007f0074065000,0x00007f0074166000)]
  0x00007f00ac2f3000 JavaThread "AWT-XAWT" daemon [_thread_blocked, id=12927, stack(0x00007f00474f8000,0x00007f00475f9000)]
  0x00007f00ac31c000 JavaThread "Image Fetcher 0" daemon [_thread_blocked, id=12928, stack(0x00007f00473f7000,0x00007f00474f8000)]
=>0x00007f00ac324000 JavaThread "Thomas" [_thread_in_vm, id=12929, stack(0x00007f00472f6000,0x00007f00473f7000)]
  0x00007f00ac326000 JavaThread "Thomas" [_thread_blocked, id=12930, stack(0x00007f00471f5000,0x00007f00472f6000)]
  0x00007f00ac327800 JavaThread "Thomas" [_thread_blocked, id=12931, stack(0x00007f00470f4000,0x00007f00471f5000)]

Other Threads:
  0x00007f00ac104000 VMThread "VM Thread" [stack: 0x00007f008c040000,0x00007f008c140000] [id=12913]
  0x00007f00ac146000 WatcherThread [stack: 0x00007f0076a1e000,0x00007f0076b1e000] [id=12921]
  0x00007f00ac027000 GCTaskThread "GC Thread#0" [stack: 0x00007f00b374e000,0x00007f00b384e000] [id=12907]
  0x00007f00ac058000 ConcurrentGCThread "G1 Main Marker" [stack: 0x00007f00b07be000,0x00007f00b08be000] [id=12908]
  0x00007f00ac05a000 ConcurrentGCThread "G1 Conc#0" [stack: 0x00007f00b06bc000,0x00007f00b07bc000] [id=12909]
  0x00007f00ac0d2000 ConcurrentGCThread "G1 Refine#0" [stack: 0x00007f00b01b6000,0x00007f00b02b6000] [id=12911]
  0x00007f00ac0d3800 ConcurrentGCThread "G1 Young RemSet Sampling" [stack: 0x00007f00b00b4000,0x00007f00b01b4000] [id=12912]

Threads with active compile tasks:
C2 CompilerThread0 637       4       sun.awt.image.PNGImageDecoder::filterRow (459 bytes)

VM state:synchronizing (normal execution)

VM Mutex/Monitor currently owned by a thread:  ([mutex/lock_event])
[0x00007f00ac00e360] Threads_lock - owner thread: 0x00007f00ac104000
[0x00007f00ac00eab0] Heap_lock - owner thread: 0x00007f00ac326000

Heap address: 0x0000000085000000, size: 1968 MB, Compressed Oops mode: 32-bit
Narrow klass base: 0x0000000800000000, Narrow klass shift: 3
Compressed class space size: 1073741824 Address: 0x0000000840000000

Heap:
 garbage-first heap   total 129024K, used 23160K [0x0000000085000000, 0x0000000100000000)
  region size 1024K, 14 young (14336K), 0 survivors (0K)
 Metaspace       used 5266K, capacity 5658K, committed 5888K, reserved 1056768K
  class space    used 583K, capacity 767K, committed 768K, reserved 1048576K
Heap Regions: E=young(eden), S=young(survivor), O=old, HS=humongous(starts), HC=humongous(continues), CS=collection set, F=free, A=archive, TAMS=top-at-mark-start (previous, next)
|   0|0x0000000085000000, 0x0000000085100000, 0x0000000085100000|100%|HS|  |TAMS 0x0000000085000000, 0x0000000085000000| Complete 
|   1|0x0000000085100000, 0x0000000085200000, 0x0000000085200000|100%|HC|  |TAMS 0x0000000085100000, 0x0000000085100000| Complete 
|   2|0x0000000085200000, 0x0000000085300000, 0x0000000085300000|100%|HC|  |TAMS 0x0000000085200000, 0x0000000085200000| Complete 
|   3|0x0000000085300000, 0x0000000085400000, 0x0000000085400000|100%|HC|  |TAMS 0x0000000085300000, 0x0000000085300000| Complete 
|   4|0x0000000085400000, 0x0000000085500000, 0x0000000085500000|100%|HC|  |TAMS 0x0000000085400000, 0x0000000085400000| Complete 
|   5|0x0000000085500000, 0x0000000085600000, 0x0000000085600000|100%|HC|  |TAMS 0x0000000085500000, 0x0000000085500000| Complete 
|   6|0x0000000085600000, 0x0000000085700000, 0x0000000085700000|100%|HC|  |TAMS 0x0000000085600000, 0x0000000085600000| Complete 
|   7|0x0000000085700000, 0x0000000085800000, 0x0000000085800000|100%|HC|  |TAMS 0x0000000085700000, 0x0000000085700000| Complete 
|   8|0x0000000085800000, 0x0000000085800000, 0x0000000085900000|  0%| F|  |TAMS 0x0000000085800000, 0x0000000085800000| Untracked 
|   9|0x0000000085900000, 0x0000000085900000, 0x0000000085a00000|  0%| F|  |TAMS 0x0000000085900000, 0x0000000085900000| Untracked 
|  10|0x0000000085a00000, 0x0000000085a00000, 0x0000000085b00000|  0%| F|  |TAMS 0x0000000085a00000, 0x0000000085a00000| Untracked 
|  11|0x0000000085b00000, 0x0000000085b00000, 0x0000000085c00000|  0%| F|  |TAMS 0x0000000085b00000, 0x0000000085b00000| Untracked 
|  12|0x0000000085c00000, 0x0000000085c00000, 0x0000000085d00000|  0%| F|  |TAMS 0x0000000085c00000, 0x0000000085c00000| Untracked 
|  13|0x0000000085d00000, 0x0000000085d00000, 0x0000000085e00000|  0%| F|  |TAMS 0x0000000085d00000, 0x0000000085d00000| Untracked 
|  14|0x0000000085e00000, 0x0000000085e00000, 0x0000000085f00000|  0%| F|  |TAMS 0x0000000085e00000, 0x0000000085e00000| Untracked 
|  15|0x0000000085f00000, 0x0000000085f00000, 0x0000000086000000|  0%| F|  |TAMS 0x0000000085f00000, 0x0000000085f00000| Untracked 
|  16|0x0000000086000000, 0x0000000086000000, 0x0000000086100000|  0%| F|  |TAMS 0x0000000086000000, 0x0000000086000000| Untracked 
|  17|0x0000000086100000, 0x0000000086100000, 0x0000000086200000|  0%| F|  |TAMS 0x0000000086100000, 0x0000000086100000| Untracked 
|  18|0x0000000086200000, 0x0000000086200000, 0x0000000086300000|  0%| F|  |TAMS 0x0000000086200000, 0x0000000086200000| Untracked 
|  19|0x0000000086300000, 0x0000000086300000, 0x0000000086400000|  0%| F|  |TAMS 0x0000000086300000, 0x0000000086300000| Untracked 
|  20|0x0000000086400000, 0x0000000086400000, 0x0000000086500000|  0%| F|  |TAMS 0x0000000086400000, 0x0000000086400000| Untracked 
|  21|0x0000000086500000, 0x0000000086500000, 0x0000000086600000|  0%| F|  |TAMS 0x0000000086500000, 0x0000000086500000| Untracked 
|  22|0x0000000086600000, 0x0000000086600000, 0x0000000086700000|  0%| F|  |TAMS 0x0000000086600000, 0x0000000086600000| Untracked 
|  23|0x0000000086700000, 0x0000000086700000, 0x0000000086800000|  0%| F|  |TAMS 0x0000000086700000, 0x0000000086700000| Untracked 
|  24|0x0000000086800000, 0x0000000086800000, 0x0000000086900000|  0%| F|  |TAMS 0x0000000086800000, 0x0000000086800000| Untracked 
|  25|0x0000000086900000, 0x0000000086900000, 0x0000000086a00000|  0%| F|  |TAMS 0x0000000086900000, 0x0000000086900000| Untracked 
|  26|0x0000000086a00000, 0x0000000086a00000, 0x0000000086b00000|  0%| F|  |TAMS 0x0000000086a00000, 0x0000000086a00000| Untracked 
|  27|0x0000000086b00000, 0x0000000086b00000, 0x0000000086c00000|  0%| F|  |TAMS 0x0000000086b00000, 0x0000000086b00000| Untracked 
|  28|0x0000000086c00000, 0x0000000086c00000, 0x0000000086d00000|  0%| F|  |TAMS 0x0000000086c00000, 0x0000000086c00000| Untracked 
|  29|0x0000000086d00000, 0x0000000086d00000, 0x0000000086e00000|  0%| F|  |TAMS 0x0000000086d00000, 0x0000000086d00000| Untracked 
|  30|0x0000000086e00000, 0x0000000086e00000, 0x0000000086f00000|  0%| F|  |TAMS 0x0000000086e00000, 0x0000000086e00000| Untracked 
|  31|0x0000000086f00000, 0x0000000086f00000, 0x0000000087000000|  0%| F|  |TAMS 0x0000000086f00000, 0x0000000086f00000| Untracked 
|  32|0x0000000087000000, 0x0000000087000000, 0x0000000087100000|  0%| F|  |TAMS 0x0000000087000000, 0x0000000087000000| Untracked 
|  33|0x0000000087100000, 0x0000000087100000, 0x0000000087200000|  0%| F|  |TAMS 0x0000000087100000, 0x0000000087100000| Untracked 
|  34|0x0000000087200000, 0x0000000087200000, 0x0000000087300000|  0%| F|  |TAMS 0x0000000087200000, 0x0000000087200000| Untracked 
|  35|0x0000000087300000, 0x0000000087300000, 0x0000000087400000|  0%| F|  |TAMS 0x0000000087300000, 0x0000000087300000| Untracked 
|  36|0x0000000087400000, 0x0000000087400000, 0x0000000087500000|  0%| F|  |TAMS 0x0000000087400000, 0x0000000087400000| Untracked 
|  37|0x0000000087500000, 0x0000000087500000, 0x0000000087600000|  0%| F|  |TAMS 0x0000000087500000, 0x0000000087500000| Untracked 
|  38|0x0000000087600000, 0x0000000087600000, 0x0000000087700000|  0%| F|  |TAMS 0x0000000087600000, 0x0000000087600000| Untracked 
|  39|0x0000000087700000, 0x0000000087700000, 0x0000000087800000|  0%| F|  |TAMS 0x0000000087700000, 0x0000000087700000| Untracked 
|  40|0x0000000087800000, 0x0000000087800000, 0x0000000087900000|  0%| F|  |TAMS 0x0000000087800000, 0x0000000087800000| Untracked 
|  41|0x0000000087900000, 0x0000000087900000, 0x0000000087a00000|  0%| F|  |TAMS 0x0000000087900000, 0x0000000087900000| Untracked 
|  42|0x0000000087a00000, 0x0000000087a00000, 0x0000000087b00000|  0%| F|  |TAMS 0x0000000087a00000, 0x0000000087a00000| Untracked 
|  43|0x0000000087b00000, 0x0000000087b00000, 0x0000000087c00000|  0%| F|  |TAMS 0x0000000087b00000, 0x0000000087b00000| Untracked 
|  44|0x0000000087c00000, 0x0000000087c00000, 0x0000000087d00000|  0%| F|  |TAMS 0x0000000087c00000, 0x0000000087c00000| Untracked 
|  45|0x0000000087d00000, 0x0000000087d00000, 0x0000000087e00000|  0%| F|  |TAMS 0x0000000087d00000, 0x0000000087d00000| Untracked 
|  46|0x0000000087e00000, 0x0000000087e00000, 0x0000000087f00000|  0%| F|  |TAMS 0x0000000087e00000, 0x0000000087e00000| Untracked 
|  47|0x0000000087f00000, 0x0000000087f00000, 0x0000000088000000|  0%| F|  |TAMS 0x0000000087f00000, 0x0000000087f00000| Untracked 
|  48|0x0000000088000000, 0x0000000088000000, 0x0000000088100000|  0%| F|  |TAMS 0x0000000088000000, 0x0000000088000000| Untracked 
|  49|0x0000000088100000, 0x0000000088100000, 0x0000000088200000|  0%| F|  |TAMS 0x0000000088100000, 0x0000000088100000| Untracked 
|  50|0x0000000088200000, 0x0000000088200000, 0x0000000088300000|  0%| F|  |TAMS 0x0000000088200000, 0x0000000088200000| Untracked 
|  51|0x0000000088300000, 0x0000000088300000, 0x0000000088400000|  0%| F|  |TAMS 0x0000000088300000, 0x0000000088300000| Untracked 
|  52|0x0000000088400000, 0x0000000088400000, 0x0000000088500000|  0%| F|  |TAMS 0x0000000088400000, 0x0000000088400000| Untracked 
|  53|0x0000000088500000, 0x0000000088500000, 0x0000000088600000|  0%| F|  |TAMS 0x0000000088500000, 0x0000000088500000| Untracked 
|  54|0x0000000088600000, 0x0000000088600000, 0x0000000088700000|  0%| F|  |TAMS 0x0000000088600000, 0x0000000088600000| Untracked 
|  55|0x0000000088700000, 0x0000000088700000, 0x0000000088800000|  0%| F|  |TAMS 0x0000000088700000, 0x0000000088700000| Untracked 
|  56|0x0000000088800000, 0x0000000088800000, 0x0000000088900000|  0%| F|  |TAMS 0x0000000088800000, 0x0000000088800000| Untracked 
|  57|0x0000000088900000, 0x0000000088900000, 0x0000000088a00000|  0%| F|  |TAMS 0x0000000088900000, 0x0000000088900000| Untracked 
|  58|0x0000000088a00000, 0x0000000088a00000, 0x0000000088b00000|  0%| F|  |TAMS 0x0000000088a00000, 0x0000000088a00000| Untracked 
|  59|0x0000000088b00000, 0x0000000088b00000, 0x0000000088c00000|  0%| F|  |TAMS 0x0000000088b00000, 0x0000000088b00000| Untracked 
|  60|0x0000000088c00000, 0x0000000088c00000, 0x0000000088d00000|  0%| F|  |TAMS 0x0000000088c00000, 0x0000000088c00000| Untracked 
|  61|0x0000000088d00000, 0x0000000088d00000, 0x0000000088e00000|  0%| F|  |TAMS 0x0000000088d00000, 0x0000000088d00000| Untracked 
|  62|0x0000000088e00000, 0x0000000088e00000, 0x0000000088f00000|  0%| F|  |TAMS 0x0000000088e00000, 0x0000000088e00000| Untracked 
|  63|0x0000000088f00000, 0x0000000088f00000, 0x0000000089000000|  0%| F|  |TAMS 0x0000000088f00000, 0x0000000088f00000| Untracked 
|  64|0x0000000089000000, 0x0000000089000000, 0x0000000089100000|  0%| F|  |TAMS 0x0000000089000000, 0x0000000089000000| Untracked 
|  65|0x0000000089100000, 0x0000000089100000, 0x0000000089200000|  0%| F|  |TAMS 0x0000000089100000, 0x0000000089100000| Untracked 
|  66|0x0000000089200000, 0x0000000089200000, 0x0000000089300000|  0%| F|  |TAMS 0x0000000089200000, 0x0000000089200000| Untracked 
|  67|0x0000000089300000, 0x0000000089300000, 0x0000000089400000|  0%| F|  |TAMS 0x0000000089300000, 0x0000000089300000| Untracked 
|  68|0x0000000089400000, 0x0000000089400000, 0x0000000089500000|  0%| F|  |TAMS 0x0000000089400000, 0x0000000089400000| Untracked 
|  69|0x0000000089500000, 0x0000000089500000, 0x0000000089600000|  0%| F|  |TAMS 0x0000000089500000, 0x0000000089500000| Untracked 
|  70|0x0000000089600000, 0x0000000089600000, 0x0000000089700000|  0%| F|  |TAMS 0x0000000089600000, 0x0000000089600000| Untracked 
|  71|0x0000000089700000, 0x0000000089700000, 0x0000000089800000|  0%| F|  |TAMS 0x0000000089700000, 0x0000000089700000| Untracked 
|  72|0x0000000089800000, 0x0000000089800000, 0x0000000089900000|  0%| F|  |TAMS 0x0000000089800000, 0x0000000089800000| Untracked 
|  73|0x0000000089900000, 0x0000000089900000, 0x0000000089a00000|  0%| F|  |TAMS 0x0000000089900000, 0x0000000089900000| Untracked 
|  74|0x0000000089a00000, 0x0000000089a00000, 0x0000000089b00000|  0%| F|  |TAMS 0x0000000089a00000, 0x0000000089a00000| Untracked 
|  75|0x0000000089b00000, 0x0000000089b00000, 0x0000000089c00000|  0%| F|  |TAMS 0x0000000089b00000, 0x0000000089b00000| Untracked 
|  76|0x0000000089c00000, 0x0000000089c00000, 0x0000000089d00000|  0%| F|  |TAMS 0x0000000089c00000, 0x0000000089c00000| Untracked 
|  77|0x0000000089d00000, 0x0000000089d00000, 0x0000000089e00000|  0%| F|  |TAMS 0x0000000089d00000, 0x0000000089d00000| Untracked 
|  78|0x0000000089e00000, 0x0000000089e00000, 0x0000000089f00000|  0%| F|  |TAMS 0x0000000089e00000, 0x0000000089e00000| Untracked 
|  79|0x0000000089f00000, 0x0000000089f00000, 0x000000008a000000|  0%| F|  |TAMS 0x0000000089f00000, 0x0000000089f00000| Untracked 
|  80|0x000000008a000000, 0x000000008a000000, 0x000000008a100000|  0%| F|  |TAMS 0x000000008a000000, 0x000000008a000000| Untracked 
|  81|0x000000008a100000, 0x000000008a100000, 0x000000008a200000|  0%| F|  |TAMS 0x000000008a100000, 0x000000008a100000| Untracked 
|  82|0x000000008a200000, 0x000000008a200000, 0x000000008a300000|  0%| F|  |TAMS 0x000000008a200000, 0x000000008a200000| Untracked 
|  83|0x000000008a300000, 0x000000008a300000, 0x000000008a400000|  0%| F|  |TAMS 0x000000008a300000, 0x000000008a300000| Untracked 
|  84|0x000000008a400000, 0x000000008a400000, 0x000000008a500000|  0%| F|  |TAMS 0x000000008a400000, 0x000000008a400000| Untracked 
|  85|0x000000008a500000, 0x000000008a500000, 0x000000008a600000|  0%| F|  |TAMS 0x000000008a500000, 0x000000008a500000| Untracked 
|  86|0x000000008a600000, 0x000000008a600000, 0x000000008a700000|  0%| F|  |TAMS 0x000000008a600000, 0x000000008a600000| Untracked 
|  87|0x000000008a700000, 0x000000008a700000, 0x000000008a800000|  0%| F|  |TAMS 0x000000008a700000, 0x000000008a700000| Untracked 
|  88|0x000000008a800000, 0x000000008a800000, 0x000000008a900000|  0%| F|  |TAMS 0x000000008a800000, 0x000000008a800000| Untracked 
|  89|0x000000008a900000, 0x000000008a900000, 0x000000008aa00000|  0%| F|  |TAMS 0x000000008a900000, 0x000000008a900000| Untracked 
|  90|0x000000008aa00000, 0x000000008aa00000, 0x000000008ab00000|  0%| F|  |TAMS 0x000000008aa00000, 0x000000008aa00000| Untracked 
|  91|0x000000008ab00000, 0x000000008ab00000, 0x000000008ac00000|  0%| F|  |TAMS 0x000000008ab00000, 0x000000008ab00000| Untracked 
|  92|0x000000008ac00000, 0x000000008ac00000, 0x000000008ad00000|  0%| F|  |TAMS 0x000000008ac00000, 0x000000008ac00000| Untracked 
|  93|0x000000008ad00000, 0x000000008ad00000, 0x000000008ae00000|  0%| F|  |TAMS 0x000000008ad00000, 0x000000008ad00000| Untracked 
|  94|0x000000008ae00000, 0x000000008ae00000, 0x000000008af00000|  0%| F|  |TAMS 0x000000008ae00000, 0x000000008ae00000| Untracked 
|  95|0x000000008af00000, 0x000000008af00000, 0x000000008b000000|  0%| F|  |TAMS 0x000000008af00000, 0x000000008af00000| Untracked 
|  96|0x000000008b000000, 0x000000008b000000, 0x000000008b100000|  0%| F|  |TAMS 0x000000008b000000, 0x000000008b000000| Untracked 
|  97|0x000000008b100000, 0x000000008b100000, 0x000000008b200000|  0%| F|  |TAMS 0x000000008b100000, 0x000000008b100000| Untracked 
|  98|0x000000008b200000, 0x000000008b200000, 0x000000008b300000|  0%| F|  |TAMS 0x000000008b200000, 0x000000008b200000| Untracked 
|  99|0x000000008b300000, 0x000000008b300000, 0x000000008b400000|  0%| F|  |TAMS 0x000000008b300000, 0x000000008b300000| Untracked 
| 100|0x000000008b400000, 0x000000008b400000, 0x000000008b500000|  0%| F|  |TAMS 0x000000008b400000, 0x000000008b400000| Untracked 
| 101|0x000000008b500000, 0x000000008b500000, 0x000000008b600000|  0%| F|  |TAMS 0x000000008b500000, 0x000000008b500000| Untracked 
| 102|0x000000008b600000, 0x000000008b600000, 0x000000008b700000|  0%| F|  |TAMS 0x000000008b600000, 0x000000008b600000| Untracked 
| 103|0x000000008b700000, 0x000000008b700000, 0x000000008b800000|  0%| F|  |TAMS 0x000000008b700000, 0x000000008b700000| Untracked 
| 104|0x000000008b800000, 0x000000008b800000, 0x000000008b900000|  0%| F|  |TAMS 0x000000008b800000, 0x000000008b800000| Untracked 
| 105|0x000000008b900000, 0x000000008b900000, 0x000000008ba00000|  0%| F|  |TAMS 0x000000008b900000, 0x000000008b900000| Untracked 
| 106|0x000000008ba00000, 0x000000008ba00000, 0x000000008bb00000|  0%| F|  |TAMS 0x000000008ba00000, 0x000000008ba00000| Untracked 
| 107|0x000000008bb00000, 0x000000008bb00000, 0x000000008bc00000|  0%| F|  |TAMS 0x000000008bb00000, 0x000000008bb00000| Untracked 
| 108|0x000000008bc00000, 0x000000008bc00000, 0x000000008bd00000|  0%| F|  |TAMS 0x000000008bc00000, 0x000000008bc00000| Untracked 
| 109|0x000000008bd00000, 0x000000008bd00000, 0x000000008be00000|  0%| F|  |TAMS 0x000000008bd00000, 0x000000008bd00000| Untracked 
| 110|0x000000008be00000, 0x000000008bf00000, 0x000000008bf00000|100%| E|CS|TAMS 0x000000008be00000, 0x000000008be00000| Complete 
| 111|0x000000008bf00000, 0x000000008c000000, 0x000000008c000000|100%| E|CS|TAMS 0x000000008bf00000, 0x000000008bf00000| Complete 
| 112|0x000000008c000000, 0x000000008c100000, 0x000000008c100000|100%| E|CS|TAMS 0x000000008c000000, 0x000000008c000000| Complete 
| 113|0x000000008c100000, 0x000000008c200000, 0x000000008c200000|100%| E|CS|TAMS 0x000000008c100000, 0x000000008c100000| Complete 
| 114|0x000000008c200000, 0x000000008c300000, 0x000000008c300000|100%| E|CS|TAMS 0x000000008c200000, 0x000000008c200000| Complete 
| 115|0x000000008c300000, 0x000000008c400000, 0x000000008c400000|100%| E|CS|TAMS 0x000000008c300000, 0x000000008c300000| Complete 
| 116|0x000000008c400000, 0x000000008c500000, 0x000000008c500000|100%| E|CS|TAMS 0x000000008c400000, 0x000000008c400000| Complete 
| 117|0x000000008c500000, 0x000000008c600000, 0x000000008c600000|100%| E|CS|TAMS 0x000000008c500000, 0x000000008c500000| Complete 
| 118|0x000000008c600000, 0x000000008c700000, 0x000000008c700000|100%| E|CS|TAMS 0x000000008c600000, 0x000000008c600000| Complete 
| 119|0x000000008c700000, 0x000000008c800000, 0x000000008c800000|100%| E|CS|TAMS 0x000000008c700000, 0x000000008c700000| Complete 
| 120|0x000000008c800000, 0x000000008c900000, 0x000000008c900000|100%| E|CS|TAMS 0x000000008c800000, 0x000000008c800000| Complete 
| 121|0x000000008c900000, 0x000000008ca00000, 0x000000008ca00000|100%| E|CS|TAMS 0x000000008c900000, 0x000000008c900000| Complete 
| 122|0x000000008ca00000, 0x000000008cb00000, 0x000000008cb00000|100%| E|CS|TAMS 0x000000008ca00000, 0x000000008ca00000| Complete 
| 123|0x000000008cb00000, 0x000000008cc00000, 0x000000008cc00000|100%| E|CS|TAMS 0x000000008cb00000, 0x000000008cb00000| Complete 
|1966|0x00000000ffe00000, 0x00000000ffe34000, 0x00000000fff00000| 20%|OA|  |TAMS 0x00000000ffe00000, 0x00000000ffe00000| Untracked 
|1967|0x00000000fff00000, 0x00000000fff6a000, 0x0000000100000000| 41%|CA|  |TAMS 0x00000000fff00000, 0x00000000fff00000| Untracked 

Card table byte_map: [0x00007f00b2b98000,0x00007f00b2f70000] _byte_map_base: 0x00007f00b2770000

Marking Bits (Prev, Next): (CMBitMap*) 0x00007f00ac04f5d8, (CMBitMap*) 0x00007f00ac04f610
 Prev Bits: [0x00007f00b0900000, 0x00007f00b27c0000)
 Next Bits: [0x00007f008e140000, 0x00007f0090000000)

Polling page: 0x00007f00b3a61000

Metaspace:

Usage:
  Non-class:      4.78 MB capacity,     4.57 MB ( 96%) used,   179.49 KB (  4%) free+waste,    28.56 KB ( <1%) overhead. 
      Class:    767.00 KB capacity,   583.45 KB ( 76%) used,   165.49 KB ( 22%) free+waste,    18.06 KB (  2%) overhead. 
       Both:      5.53 MB capacity,     5.14 MB ( 93%) used,   344.98 KB (  6%) free+waste,    46.62 KB ( <1%) overhead. 

Virtual space:
  Non-class space:        8.00 MB reserved,       5.00 MB ( 62%) committed 
      Class space:        1.00 GB reserved,     768.00 KB ( <1%) committed 
             Both:        1.01 GB reserved,       5.75 MB ( <1%) committed 

Chunk freelists:
   Non-Class:  13.00 KB
       Class:  1.00 KB
        Both:  14.00 KB

CodeHeap 'non-profiled nmethods': size=120032Kb used=236Kb max_used=236Kb free=119795Kb
 bounds [0x00007f009c41e000, 0x00007f009c68e000, 0x00007f00a3956000]
CodeHeap 'profiled nmethods': size=120032Kb used=1226Kb max_used=1226Kb free=118805Kb
 bounds [0x00007f0094ee6000, 0x00007f0095156000, 0x00007f009c41e000]
CodeHeap 'non-nmethods': size=5696Kb used=1182Kb max_used=1200Kb free=4513Kb
 bounds [0x00007f0094956000, 0x00007f0094bc6000, 0x00007f0094ee6000]
 total_blobs=1328 nmethods=667 adapters=455
 compilation: enabled
              stopped_count=0, restarted_count=0
 full_count=0

Compilation events (10 events):
Event: 1.134 Thread 0x00007f00ac112800  665       1       java.net.URL::getHost (5 bytes)
Event: 1.134 Thread 0x00007f00ac112800 nmethod 665 0x00007f009c458a10 code [0x00007f009c458bc0, 0x00007f009c458cf0]
Event: 1.135 Thread 0x00007f00ac112800  666       3       java.lang.String::lastIndexOf (29 bytes)
Event: 1.135 Thread 0x00007f00ac112800 nmethod 666 0x00007f0095017990 code [0x00007f0095017b60, 0x00007f0095017e58]
Event: 1.135 Thread 0x00007f00ac112800  667       3       java.lang.String::startsWith (7 bytes)
Event: 1.136 Thread 0x00007f00ac112800 nmethod 667 0x00007f0095017f90 code [0x00007f0095018140, 0x00007f00950182e8]
Event: 1.136 Thread 0x00007f00ac112800  668       3       java.lang.String::lastIndexOf (12 bytes)
Event: 1.136 Thread 0x00007f00ac112800 nmethod 668 0x00007f0095018390 code [0x00007f0095018580, 0x00007f00950189d8]
Event: 1.136 Thread 0x00007f00ac112800  669       1       java.net.URL::getProtocol (5 bytes)
Event: 1.136 Thread 0x00007f00ac112800 nmethod 669 0x00007f009c458d90 code [0x00007f009c458f40, 0x00007f009c459070]

GC Heap History (0 events):
No events

Deoptimization events (10 events):
Event: 1.132 Thread 0x00007f00ac31c000 DEOPT PACKING pc=0x00007f0094fe68d4 sp=0x00007f00474f6660
Event: 1.132 Thread 0x00007f00ac31c000 DEOPT UNPACKING pc=0x00007f009497e83a sp=0x00007f00474f5af0 mode 0
Event: 1.132 Thread 0x00007f00ac31c000 DEOPT PACKING pc=0x00007f0094fe68d4 sp=0x00007f00474f6660
Event: 1.132 Thread 0x00007f00ac31c000 DEOPT UNPACKING pc=0x00007f009497e83a sp=0x00007f00474f5af0 mode 0
Event: 1.132 Thread 0x00007f00ac31c000 DEOPT PACKING pc=0x00007f0094fe68d4 sp=0x00007f00474f6660
Event: 1.132 Thread 0x00007f00ac31c000 DEOPT UNPACKING pc=0x00007f009497e83a sp=0x00007f00474f5af0 mode 0
Event: 1.132 Thread 0x00007f00ac31c000 Uncommon trap: trap_request=0xffffff4d fr.pc=0x00007f009c45711c relative=0x000000000000103c
Event: 1.132 Thread 0x00007f00ac31c000 Uncommon trap: reason=unstable_if action=reinterpret pc=0x00007f009c45711c method=sun.awt.image.PNGImageDecoder.produceImage()V @ 867 c2
Event: 1.132 Thread 0x00007f00ac31c000 DEOPT PACKING pc=0x00007f009c45711c sp=0x00007f00474f66e0
Event: 1.132 Thread 0x00007f00ac31c000 DEOPT UNPACKING pc=0x00007f009497ea25 sp=0x00007f00474f6650 mode 2

Classes redefined (0 events):
No events

Internal exceptions (10 events):
Event: 0.196 Thread 0x00007f00ac011800 Exception <a 'java/lang/NoSuchMethodError'{0x000000008c8c0da0}: 'java.lang.Object java.lang.invoke.DirectMethodHandle$Holder.invokeStatic(java.lang.Object, int, java.lang.Object, java.lang.Object, java.lang.Object)'> (0x000000008c8c0da0) thrown at [/build
Event: 0.197 Thread 0x00007f00ac011800 Exception <a 'java/lang/NoSuchMethodError'{0x000000008c8c48e8}: 'java.lang.Object java.lang.invoke.DirectMethodHandle$Holder.invokeSpecial(java.lang.Object, java.lang.Object, int, java.lang.Object, java.lang.Object, java.lang.Object)'> (0x000000008c8c48e8
Event: 0.200 Thread 0x00007f00ac011800 Exception <a 'java/lang/NoSuchMethodError'{0x000000008c8dc408}: 'java.lang.Object java.lang.invoke.DirectMethodHandle$Holder.invokeStatic(java.lang.Object, int, java.lang.Object)'> (0x000000008c8dc408) thrown at [/build/openjdk-lts-ZT5jEu/openjdk-lts-11.0
Event: 0.963 Thread 0x00007f00ac011800 Exception <a 'java/lang/NoSuchMethodError'{0x000000008c7756b0}: 'java.lang.Object java.lang.invoke.DirectMethodHandle$Holder.invokeStatic(java.lang.Object, java.lang.Object, java.lang.Object, java.lang.Object, java.lang.Object, java.lang.Object, java.lang
Event: 0.964 Thread 0x00007f00ac011800 Exception <a 'java/lang/NoSuchMethodError'{0x000000008c78f610}: 'java.lang.Object java.lang.invoke.DirectMethodHandle$Holder.invokeStatic(java.lang.Object, java.lang.Object, java.lang.Object, java.lang.Object, java.lang.Object, java.lang.Object, java.lang
Event: 0.966 Thread 0x00007f00ac011800 Exception <a 'java/lang/NoSuchMethodError'{0x000000008c79b9d8}: 'void java.lang.invoke.DirectMethodHandle$Holder.invokeSpecial(java.lang.Object, java.lang.Object)'> (0x000000008c79b9d8) thrown at [/build/openjdk-lts-ZT5jEu/openjdk-lts-11.0.4+11/src/hotspo
Event: 1.016 Thread 0x00007f00ac011800 Exception <a 'java/lang/NoSuchMethodError'{0x000000008c509b48}: 'java.lang.Object java.lang.invoke.Invokers$Holder.linkToTargetMethod(java.lang.Object, int, java.lang.Object)'> (0x000000008c509b48) thrown at [/build/openjdk-lts-ZT5jEu/openjdk-lts-11.0.4+1
Event: 1.028 Thread 0x00007f00ac011800 Exception <a 'java/lang/ClassNotFoundException'{0x000000008c54c4d0}: com/sun/swing/internal/plaf/metal/resources/spi/metalProvider> (0x000000008c54c4d0) thrown at [/build/openjdk-lts-ZT5jEu/openjdk-lts-11.0.4+11/src/hotspot/share/classfile/systemDictionar
Event: 1.029 Thread 0x00007f00ac011800 Exception <a 'java/lang/ClassNotFoundException'{0x000000008c5503d8}: com/sun/swing/internal/plaf/basic/resources/spi/basicProvider> (0x000000008c5503d8) thrown at [/build/openjdk-lts-ZT5jEu/openjdk-lts-11.0.4+11/src/hotspot/share/classfile/systemDictionar
Event: 1.137 Thread 0x00007f00ac324000 Exception <a 'java/lang/NoSuchMethodError'{0x000000008beda710}: get> (0x000000008beda710) thrown at [/build/openjdk-lts-ZT5jEu/openjdk-lts-11.0.4+11/src/hotspot/share/prims/jni.cpp, line 1333]

Events (10 events):
Event: 1.135 loading class AI_Robot done
Event: 1.136 loading class AIGroup
Event: 1.136 loading class AIGroup done
Event: 1.136 loading class CRobot$1
Event: 1.136 loading class CRobot$1 done
Event: 1.137 Thread 0x00007f00ac324000 Thread added: 0x00007f00ac324000
Event: 1.137 loading class AI_Robot$1
Event: 1.137 loading class AI_Robot$1 done
Event: 1.137 Executing VM operation: RevokeBias
Event: 1.137 Executing VM operation: RevokeBias done


Dynamic libraries:
85000000-8cc00000 rw-p 00000000 00:00 0 
8cc00000-ffe00000 ---p 00000000 00:00 0 
ffe00000-ffe34000 rw-p 01116000 08:02 23990720                           /usr/lib/jvm/java-11-openjdk-amd64/lib/server/classes.jsa
ffe34000-fff00000 rw-p 00000000 00:00 0 
fff00000-fff6a000 rw-p 010ac000 08:02 23990720                           /usr/lib/jvm/java-11-openjdk-amd64/lib/server/classes.jsa
fff6a000-100000000 rw-p 00000000 00:00 0 
800000000-800002000 rwxp 00001000 08:02 23990720                         /usr/lib/jvm/java-11-openjdk-amd64/lib/server/classes.jsa
800002000-8003bd000 rw-p 00003000 08:02 23990720                         /usr/lib/jvm/java-11-openjdk-amd64/lib/server/classes.jsa
8003bd000-800a98000 r--p 003be000 08:02 23990720                         /usr/lib/jvm/java-11-openjdk-amd64/lib/server/classes.jsa
800a98000-800a99000 rw-p 00a99000 08:02 23990720                         /usr/lib/jvm/java-11-openjdk-amd64/lib/server/classes.jsa
800a99000-8010ab000 r--p 00a9a000 08:02 23990720                         /usr/lib/jvm/java-11-openjdk-amd64/lib/server/classes.jsa
840000000-8400c0000 rw-p 00000000 00:00 0 
8400c0000-880000000 ---p 00000000 00:00 0 
55d25343f000-55d253440000 r--p 00000000 08:02 23597129                   /usr/lib/jvm/java-11-openjdk-amd64/bin/java
55d253440000-55d253441000 r-xp 00001000 08:02 23597129                   /usr/lib/jvm/java-11-openjdk-amd64/bin/java
55d253441000-55d253442000 r--p 00002000 08:02 23597129                   /usr/lib/jvm/java-11-openjdk-amd64/bin/java
55d253442000-55d253443000 r--p 00002000 08:02 23597129                   /usr/lib/jvm/java-11-openjdk-amd64/bin/java
55d253443000-55d253444000 rw-p 00003000 08:02 23597129                   /usr/lib/jvm/java-11-openjdk-amd64/bin/java
55d254324000-55d254345000 rw-p 00000000 00:00 0                          [heap]
7f0028000000-7f0028021000 rw-p 00000000 00:00 0 
7f0028021000-7f002c000000 ---p 00000000 00:00 0 
7f002c000000-7f002c021000 rw-p 00000000 00:00 0 
7f002c021000-7f0030000000 ---p 00000000 00:00 0 
7f0030000000-7f0030034000 rw-p 00000000 00:00 0 
7f0030034000-7f0034000000 ---p 00000000 00:00 0 
7f0034000000-7f0034021000 rw-p 00000000 00:00 0 
7f0034021000-7f0038000000 ---p 00000000 00:00 0 
7f0038000000-7f0038021000 rw-p 00000000 00:00 0 
7f0038021000-7f003c000000 ---p 00000000 00:00 0 
7f003c000000-7f003c021000 rw-p 00000000 00:00 0 
7f003c021000-7f0040000000 ---p 00000000 00:00 0 
7f0040000000-7f0040021000 rw-p 00000000 00:00 0 
7f0040021000-7f0044000000 ---p 00000000 00:00 0 
7f00470f4000-7f00470f8000 ---p 00000000 00:00 0 
7f00470f8000-7f00471f5000 rw-p 00000000 00:00 0 
7f00471f5000-7f00471f9000 ---p 00000000 00:00 0 
7f00471f9000-7f00472f6000 rw-p 00000000 00:00 0 
7f00472f6000-7f00472fa000 ---p 00000000 00:00 0 
7f00472fa000-7f00473f7000 rw-p 00000000 00:00 0 
7f00473f7000-7f00473fb000 ---p 00000000 00:00 0 
7f00473fb000-7f00474f8000 rw-p 00000000 00:00 0 
7f00474f8000-7f00474fc000 ---p 00000000 00:00 0 
7f00474fc000-7f00475f9000 rw-p 00000000 00:00 0 
7f00475f9000-7f00475fe000 r-xp 00000000 08:02 23600531                   /usr/lib/x86_64-linux-gnu/libXfixes.so.3.1.0
7f00475fe000-7f00477fd000 ---p 00005000 08:02 23600531                   /usr/lib/x86_64-linux-gnu/libXfixes.so.3.1.0
7f00477fd000-7f00477fe000 r--p 00004000 08:02 23600531                   /usr/lib/x86_64-linux-gnu/libXfixes.so.3.1.0
7f00477fe000-7f00477ff000 rw-p 00005000 08:02 23600531                   /usr/lib/x86_64-linux-gnu/libXfixes.so.3.1.0
7f00477ff000-7f0047800000 ---p 00000000 00:00 0 
7f0047800000-7f0048000000 rw-p 00000000 00:00 0 
7f0048000000-7f0048021000 rw-p 00000000 00:00 0 
7f0048021000-7f004c000000 ---p 00000000 00:00 0 
7f004c000000-7f004c021000 rw-p 00000000 00:00 0 
7f004c021000-7f0050000000 ---p 00000000 00:00 0 
7f0050000000-7f0050021000 rw-p 00000000 00:00 0 
7f0050021000-7f0054000000 ---p 00000000 00:00 0 
7f0054000000-7f0054021000 rw-p 00000000 00:00 0 
7f0054021000-7f0058000000 ---p 00000000 00:00 0 
7f0058000000-7f0058021000 rw-p 00000000 00:00 0 
7f0058021000-7f005c000000 ---p 00000000 00:00 0 
7f005c000000-7f005c021000 rw-p 00000000 00:00 0 
7f005c021000-7f0060000000 ---p 00000000 00:00 0 
7f0060000000-7f0060787000 rw-p 00000000 00:00 0 
7f0060787000-7f0064000000 ---p 00000000 00:00 0 
7f0064000000-7f0064274000 rw-p 00000000 00:00 0 
7f0064274000-7f0068000000 ---p 00000000 00:00 0 
7f0068000000-7f0068021000 rw-p 00000000 00:00 0 
7f0068021000-7f006c000000 ---p 00000000 00:00 0 
7f006c000000-7f006c021000 rw-p 00000000 00:00 0 
7f006c021000-7f0070000000 ---p 00000000 00:00 0 
7f0070000000-7f0070021000 rw-p 00000000 00:00 0 
7f0070021000-7f0074000000 ---p 00000000 00:00 0 
7f0074065000-7f0074069000 ---p 00000000 00:00 0 
7f0074069000-7f0074166000 rw-p 00000000 00:00 0 
7f0074166000-7f0074168000 r--p 00000000 08:02 23600523                   /usr/lib/x86_64-linux-gnu/libXcursor.so.1.0.2
7f0074168000-7f007416d000 r-xp 00002000 08:02 23600523                   /usr/lib/x86_64-linux-gnu/libXcursor.so.1.0.2
7f007416d000-7f007416f000 r--p 00007000 08:02 23600523                   /usr/lib/x86_64-linux-gnu/libXcursor.so.1.0.2
7f007416f000-7f0074170000 r--p 00008000 08:02 23600523                   /usr/lib/x86_64-linux-gnu/libXcursor.so.1.0.2
7f0074170000-7f0074171000 rw-p 00009000 08:02 23600523                   /usr/lib/x86_64-linux-gnu/libXcursor.so.1.0.2
7f0074183000-7f0074184000 ---p 00000000 00:00 0 
7f0074184000-7f0074984000 rw-p 00000000 00:00 0 
7f0074984000-7f0074985000 ---p 00000000 00:00 0 
7f0074985000-7f0075185000 rw-p 00000000 00:00 0 
7f0075185000-7f00751ab000 r--p 00000000 08:02 25043479                   /usr/share/glib-2.0/schemas/gschemas.compiled
7f00751ab000-7f00751ad000 r--p 00000000 08:02 23601822                   /usr/lib/x86_64-linux-gnu/libuuid.so.1.3.0
7f00751ad000-7f00751b1000 r-xp 00002000 08:02 23601822                   /usr/lib/x86_64-linux-gnu/libuuid.so.1.3.0
7f00751b1000-7f00751b2000 r--p 00006000 08:02 23601822                   /usr/lib/x86_64-linux-gnu/libuuid.so.1.3.0
7f00751b2000-7f00751b3000 r--p 00006000 08:02 23601822                   /usr/lib/x86_64-linux-gnu/libuuid.so.1.3.0
7f00751b3000-7f00751b4000 rw-p 00007000 08:02 23601822                   /usr/lib/x86_64-linux-gnu/libuuid.so.1.3.0
7f00751b4000-7f00751be000 r--p 00000000 08:02 23600663                   /usr/lib/x86_64-linux-gnu/libblkid.so.1.1.0
7f00751be000-7f00751f2000 r-xp 0000a000 08:02 23600663                   /usr/lib/x86_64-linux-gnu/libblkid.so.1.1.0
7f00751f2000-7f0075202000 r--p 0003e000 08:02 23600663                   /usr/lib/x86_64-linux-gnu/libblkid.so.1.1.0
7f0075202000-7f0075203000 ---p 0004e000 08:02 23600663                   /usr/lib/x86_64-linux-gnu/libblkid.so.1.1.0
7f0075203000-7f0075208000 r--p 0004e000 08:02 23600663                   /usr/lib/x86_64-linux-gnu/libblkid.so.1.1.0
7f0075208000-7f0075209000 rw-p 00053000 08:02 23600663                   /usr/lib/x86_64-linux-gnu/libblkid.so.1.1.0
7f0075209000-7f007520b000 r--p 00000000 08:02 23600923                   /usr/lib/x86_64-linux-gnu/libffi.so.6.0.4
7f007520b000-7f0075210000 r-xp 00002000 08:02 23600923                   /usr/lib/x86_64-linux-gnu/libffi.so.6.0.4
7f0075210000-7f0075211000 r--p 00007000 08:02 23600923                   /usr/lib/x86_64-linux-gnu/libffi.so.6.0.4
7f0075211000-7f0075212000 r--p 00007000 08:02 23600923                   /usr/lib/x86_64-linux-gnu/libffi.so.6.0.4
7f0075212000-7f0075213000 rw-p 00008000 08:02 23600923                   /usr/lib/x86_64-linux-gnu/libffi.so.6.0.4
7f0075213000-7f0075215000 r--p 00000000 08:02 23601506                   /usr/lib/x86_64-linux-gnu/libpcre.so.3.13.3
7f0075215000-7f0075267000 r-xp 00002000 08:02 23601506                   /usr/lib/x86_64-linux-gnu/libpcre.so.3.13.3
7f0075267000-7f0075285000 r--p 00054000 08:02 23601506                   /usr/lib/x86_64-linux-gnu/libpcre.so.3.13.3
7f0075285000-7f0075286000 r--p 00071000 08:02 23601506                   /usr/lib/x86_64-linux-gnu/libpcre.so.3.13.3
7f0075286000-7f0075287000 rw-p 00072000 08:02 23601506                   /usr/lib/x86_64-linux-gnu/libpcre.so.3.13.3
7f0075287000-7f007528b000 r--p 00000000 08:02 23601610                   /usr/lib/x86_64-linux-gnu/libresolv-2.29.so
7f007528b000-7f007529a000 r-xp 00004000 08:02 23601610                   /usr/lib/x86_64-linux-gnu/libresolv-2.29.so
7f007529a000-7f007529d000 r--p 00013000 08:02 23601610                   /usr/lib/x86_64-linux-gnu/libresolv-2.29.so
7f007529d000-7f007529e000 ---p 00016000 08:02 23601610                   /usr/lib/x86_64-linux-gnu/libresolv-2.29.so
7f007529e000-7f007529f000 r--p 00016000 08:02 23601610                   /usr/lib/x86_64-linux-gnu/libresolv-2.29.so
7f007529f000-7f00752a0000 rw-p 00017000 08:02 23601610                   /usr/lib/x86_64-linux-gnu/libresolv-2.29.so
7f00752a0000-7f00752a2000 rw-p 00000000 00:00 0 
7f00752a2000-7f00752a8000 r--p 00000000 08:02 23601661                   /usr/lib/x86_64-linux-gnu/libselinux.so.1
7f00752a8000-7f00752c0000 r-xp 00006000 08:02 23601661                   /usr/lib/x86_64-linux-gnu/libselinux.so.1
7f00752c0000-7f00752c7000 r--p 0001e000 08:02 23601661                   /usr/lib/x86_64-linux-gnu/libselinux.so.1
7f00752c7000-7f00752c8000 ---p 00025000 08:02 23601661                   /usr/lib/x86_64-linux-gnu/libselinux.so.1
7f00752c8000-7f00752c9000 r--p 00025000 08:02 23601661                   /usr/lib/x86_64-linux-gnu/libselinux.so.1
7f00752c9000-7f00752ca000 rw-p 00026000 08:02 23601661                   /usr/lib/x86_64-linux-gnu/libselinux.so.1
7f00752ca000-7f00752cc000 rw-p 00000000 00:00 0 
7f00752cc000-7f00752d7000 r--p 00000000 08:02 23601326                   /usr/lib/x86_64-linux-gnu/libmount.so.1.1.0
7f00752d7000-7f0075312000 r-xp 0000b000 08:02 23601326                   /usr/lib/x86_64-linux-gnu/libmount.so.1.1.0
7f0075312000-7f0075324000 r--p 00046000 08:02 23601326                   /usr/lib/x86_64-linux-gnu/libmount.so.1.1.0
7f0075324000-7f0075327000 r--p 00057000 08:02 23601326                   /usr/lib/x86_64-linux-gnu/libmount.so.1.1.0
7f0075327000-7f0075328000 rw-p 0005a000 08:02 23601326                   /usr/lib/x86_64-linux-gnu/libmount.so.1.1.0
7f0075328000-7f0075336000 r--p 00000000 08:02 23593408                   /usr/lib/x86_64-linux-gnu/libgobject-2.0.so.0.6000.0
7f0075336000-7f0075368000 r-xp 0000e000 08:02 23593408                   /usr/lib/x86_64-linux-gnu/libgobject-2.0.so.0.6000.0
7f0075368000-7f0075380000 r--p 00040000 08:02 23593408                   /usr/lib/x86_64-linux-gnu/libgobject-2.0.so.0.6000.0
7f0075380000-7f0075383000 r--p 00057000 08:02 23593408                   /usr/lib/x86_64-linux-gnu/libgobject-2.0.so.0.6000.0
7f0075383000-7f0075384000 rw-p 0005a000 08:02 23593408                   /usr/lib/x86_64-linux-gnu/libgobject-2.0.so.0.6000.0
7f0075384000-7f007539f000 r--p 00000000 08:02 23593383                   /usr/lib/x86_64-linux-gnu/libglib-2.0.so.0.6000.0
7f007539f000-7f007541f000 r-xp 0001b000 08:02 23593383                   /usr/lib/x86_64-linux-gnu/libglib-2.0.so.0.6000.0
7f007541f000-7f00754a1000 r--p 0009b000 08:02 23593383                   /usr/lib/x86_64-linux-gnu/libglib-2.0.so.0.6000.0
7f00754a1000-7f00754a2000 ---p 0011d000 08:02 23593383                   /usr/lib/x86_64-linux-gnu/libglib-2.0.so.0.6000.0
7f00754a2000-7f00754a3000 r--p 0011d000 08:02 23593383                   /usr/lib/x86_64-linux-gnu/libglib-2.0.so.0.6000.0
7f00754a3000-7f00754a4000 rw-p 0011e000 08:02 23593383                   /usr/lib/x86_64-linux-gnu/libglib-2.0.so.0.6000.0
7f00754a4000-7f00754a5000 rw-p 00000000 00:00 0 
7f00754a5000-7f00754dc000 r--p 00000000 08:02 23593360                   /usr/lib/x86_64-linux-gnu/libgio-2.0.so.0.6000.0
7f00754dc000-7f00755dd000 r-xp 00037000 08:02 23593360                   /usr/lib/x86_64-linux-gnu/libgio-2.0.so.0.6000.0
7f00755dd000-7f0075663000 r--p 00138000 08:02 23593360                   /usr/lib/x86_64-linux-gnu/libgio-2.0.so.0.6000.0
7f0075663000-7f007566b000 r--p 001bd000 08:02 23593360                   /usr/lib/x86_64-linux-gnu/libgio-2.0.so.0.6000.0
7f007566b000-7f007566c000 rw-p 001c5000 08:02 23593360                   /usr/lib/x86_64-linux-gnu/libgio-2.0.so.0.6000.0
7f007566c000-7f007566e000 rw-p 00000000 00:00 0 
7f007566e000-7f0075678000 r-xp 00000000 08:02 23600547                   /usr/lib/x86_64-linux-gnu/libXrandr.so.2.2.0
7f0075678000-7f0075877000 ---p 0000a000 08:02 23600547                   /usr/lib/x86_64-linux-gnu/libXrandr.so.2.2.0
7f0075877000-7f0075878000 r--p 00009000 08:02 23600547                   /usr/lib/x86_64-linux-gnu/libXrandr.so.2.2.0
7f0075878000-7f0075879000 rw-p 0000a000 08:02 23600547                   /usr/lib/x86_64-linux-gnu/libXrandr.so.2.2.0
7f0075879000-7f0075885000 r--p 00000000 08:02 23600949                   /usr/lib/x86_64-linux-gnu/libfreetype.so.6.16.1
7f0075885000-7f0075902000 r-xp 0000c000 08:02 23600949                   /usr/lib/x86_64-linux-gnu/libfreetype.so.6.16.1
7f0075902000-7f007592b000 r--p 00089000 08:02 23600949                   /usr/lib/x86_64-linux-gnu/libfreetype.so.6.16.1
7f007592b000-7f007592c000 ---p 000b2000 08:02 23600949                   /usr/lib/x86_64-linux-gnu/libfreetype.so.6.16.1
7f007592c000-7f0075933000 r--p 000b2000 08:02 23600949                   /usr/lib/x86_64-linux-gnu/libfreetype.so.6.16.1
7f0075933000-7f0075934000 rw-p 000b9000 08:02 23600949                   /usr/lib/x86_64-linux-gnu/libfreetype.so.6.16.1
7f0075934000-7f0075938000 r--p 00000000 08:02 23990635                   /usr/lib/jvm/java-11-openjdk-amd64/lib/libfontmanager.so
7f0075938000-7f0075a2a000 r-xp 00004000 08:02 23990635                   /usr/lib/jvm/java-11-openjdk-amd64/lib/libfontmanager.so
7f0075a2a000-7f0075a6a000 r--p 000f6000 08:02 23990635                   /usr/lib/jvm/java-11-openjdk-amd64/lib/libfontmanager.so
7f0075a6a000-7f0075a6b000 r--p 00135000 08:02 23990635                   /usr/lib/jvm/java-11-openjdk-amd64/lib/libfontmanager.so
7f0075a6b000-7f0075a6c000 rw-p 00136000 08:02 23990635                   /usr/lib/jvm/java-11-openjdk-amd64/lib/libfontmanager.so
7f0075a6c000-7f0075a6f000 rw-p 00000000 00:00 0 
7f0075a6f000-7f0075a74000 r-xp 00000000 08:02 23600527                   /usr/lib/x86_64-linux-gnu/libXdmcp.so.6.0.0
7f0075a74000-7f0075c73000 ---p 00005000 08:02 23600527                   /usr/lib/x86_64-linux-gnu/libXdmcp.so.6.0.0
7f0075c73000-7f0075c74000 r--p 00004000 08:02 23600527                   /usr/lib/x86_64-linux-gnu/libXdmcp.so.6.0.0
7f0075c74000-7f0075c75000 rw-p 00005000 08:02 23600527                   /usr/lib/x86_64-linux-gnu/libXdmcp.so.6.0.0
7f0075c75000-7f0075c77000 r-xp 00000000 08:02 23600516                   /usr/lib/x86_64-linux-gnu/libXau.so.6.0.0
7f0075c77000-7f0075e77000 ---p 00002000 08:02 23600516                   /usr/lib/x86_64-linux-gnu/libXau.so.6.0.0
7f0075e77000-7f0075e78000 r--p 00002000 08:02 23600516                   /usr/lib/x86_64-linux-gnu/libXau.so.6.0.0
7f0075e78000-7f0075e79000 rw-p 00003000 08:02 23600516                   /usr/lib/x86_64-linux-gnu/libXau.so.6.0.0
7f0075e79000-7f0075e88000 r-xp 00000000 08:02 23600537                   /usr/lib/x86_64-linux-gnu/libXi.so.6.1.0
7f0075e88000-7f0076087000 ---p 0000f000 08:02 23600537                   /usr/lib/x86_64-linux-gnu/libXi.so.6.1.0
7f0076087000-7f0076088000 r--p 0000e000 08:02 23600537                   /usr/lib/x86_64-linux-gnu/libXi.so.6.1.0
7f0076088000-7f0076089000 rw-p 0000f000 08:02 23600537                   /usr/lib/x86_64-linux-gnu/libXi.so.6.1.0
7f0076089000-7f007608e000 r-xp 00000000 08:02 23600555                   /usr/lib/x86_64-linux-gnu/libXtst.so.6.1.0
7f007608e000-7f007628d000 ---p 00005000 08:02 23600555                   /usr/lib/x86_64-linux-gnu/libXtst.so.6.1.0
7f007628d000-7f007628e000 r--p 00004000 08:02 23600555                   /usr/lib/x86_64-linux-gnu/libXtst.so.6.1.0
7f007628e000-7f007628f000 rw-p 00005000 08:02 23600555                   /usr/lib/x86_64-linux-gnu/libXtst.so.6.1.0
7f007628f000-7f0076298000 r-xp 00000000 08:02 23600549                   /usr/lib/x86_64-linux-gnu/libXrender.so.1.3.0
7f0076298000-7f0076497000 ---p 00009000 08:02 23600549                   /usr/lib/x86_64-linux-gnu/libXrender.so.1.3.0
7f0076497000-7f0076498000 r--p 00008000 08:02 23600549                   /usr/lib/x86_64-linux-gnu/libXrender.so.1.3.0
7f0076498000-7f0076499000 rw-p 00009000 08:02 23600549                   /usr/lib/x86_64-linux-gnu/libXrender.so.1.3.0
7f0076499000-7f00764b1000 r--p 00000000 08:02 23600512                   /usr/lib/x86_64-linux-gnu/libX11.so.6.3.0
7f00764b1000-7f0076539000 r-xp 00018000 08:02 23600512                   /usr/lib/x86_64-linux-gnu/libX11.so.6.3.0
7f0076539000-7f00765cd000 r--p 000a0000 08:02 23600512                   /usr/lib/x86_64-linux-gnu/libX11.so.6.3.0
7f00765cd000-7f00765ce000 ---p 00134000 08:02 23600512                   /usr/lib/x86_64-linux-gnu/libX11.so.6.3.0
7f00765ce000-7f00765cf000 r--p 00134000 08:02 23600512                   /usr/lib/x86_64-linux-gnu/libX11.so.6.3.0
7f00765cf000-7f00765d3000 rw-p 00135000 08:02 23600512                   /usr/lib/x86_64-linux-gnu/libX11.so.6.3.0
7f00765d3000-7f00765e4000 r-xp 00000000 08:02 23600529                   /usr/lib/x86_64-linux-gnu/libXext.so.6.4.0
7f00765e4000-7f00767e3000 ---p 00011000 08:02 23600529                   /usr/lib/x86_64-linux-gnu/libXext.so.6.4.0
7f00767e3000-7f00767e4000 r--p 00010000 08:02 23600529                   /usr/lib/x86_64-linux-gnu/libXext.so.6.4.0
7f00767e4000-7f00767e5000 rw-p 00011000 08:02 23600529                   /usr/lib/x86_64-linux-gnu/libXext.so.6.4.0
7f00767e5000-7f00767f5000 r--p 00000000 08:02 23990632                   /usr/lib/jvm/java-11-openjdk-amd64/lib/libawt_xawt.so
7f00767f5000-7f0076832000 r-xp 00010000 08:02 23990632                   /usr/lib/jvm/java-11-openjdk-amd64/lib/libawt_xawt.so
7f0076832000-7f0076844000 r--p 0004d000 08:02 23990632                   /usr/lib/jvm/java-11-openjdk-amd64/lib/libawt_xawt.so
7f0076844000-7f0076845000 r--p 0005e000 08:02 23990632                   /usr/lib/jvm/java-11-openjdk-amd64/lib/libawt_xawt.so
7f0076845000-7f0076848000 rw-p 0005f000 08:02 23990632                   /usr/lib/jvm/java-11-openjdk-amd64/lib/libawt_xawt.so
7f0076848000-7f007684a000 rw-p 00000000 00:00 0 
7f007684a000-7f0076876000 r--p 00000000 08:02 23990630                   /usr/lib/jvm/java-11-openjdk-amd64/lib/libawt.so
7f0076876000-7f00768dd000 r-xp 0002c000 08:02 23990630                   /usr/lib/jvm/java-11-openjdk-amd64/lib/libawt.so
7f00768dd000-7f00768ea000 r--p 00093000 08:02 23990630                   /usr/lib/jvm/java-11-openjdk-amd64/lib/libawt.so
7f00768ea000-7f00768eb000 r--p 0009f000 08:02 23990630                   /usr/lib/jvm/java-11-openjdk-amd64/lib/libawt.so
7f00768eb000-7f00768f6000 rw-p 000a0000 08:02 23990630                   /usr/lib/jvm/java-11-openjdk-amd64/lib/libawt.so
7f00768f6000-7f007691b000 rw-p 00000000 00:00 0 
7f007691b000-7f007691f000 ---p 00000000 00:00 0 
7f007691f000-7f0076a1c000 rw-p 00000000 00:00 0 
7f0076a1c000-7f0076a1d000 ---p 00000000 00:00 0 
7f0076a1d000-7f0076b1e000 rw-p 00000000 00:00 0 
7f0076b1e000-7f0076b22000 ---p 00000000 00:00 0 
7f0076b22000-7f0076c1f000 rw-p 00000000 00:00 0 
7f0076c1f000-7f0076c23000 ---p 00000000 00:00 0 
7f0076c23000-7f0076d20000 rw-p 00000000 00:00 0 
7f0076d20000-7f0076d24000 ---p 00000000 00:00 0 
7f0076d24000-7f0076e21000 rw-p 00000000 00:00 0 
7f0076e21000-7f0076e25000 ---p 00000000 00:00 0 
7f0076e25000-7f0076f22000 rw-p 00000000 00:00 0 
7f0076f22000-7f0076f26000 ---p 00000000 00:00 0 
7f0076f26000-7f0077023000 rw-p 00000000 00:00 0 
7f0077023000-7f0077dfe000 r--p 00000000 08:02 23600058                   /usr/lib/locale/locale-archive
7f0077dfe000-7f0077e02000 ---p 00000000 00:00 0 
7f0077e02000-7f0077eff000 rw-p 00000000 00:00 0 
7f0077eff000-7f0077f03000 ---p 00000000 00:00 0 
7f0077f03000-7f0078000000 rw-p 00000000 00:00 0 
7f0078000000-7f0078021000 rw-p 00000000 00:00 0 
7f0078021000-7f007c000000 ---p 00000000 00:00 0 
7f007c000000-7f007c021000 rw-p 00000000 00:00 0 
7f007c021000-7f0080000000 ---p 00000000 00:00 0 
7f0080000000-7f0080021000 rw-p 00000000 00:00 0 
7f0080021000-7f0084000000 ---p 00000000 00:00 0 
7f0084000000-7f0084021000 rw-p 00000000 00:00 0 
7f0084021000-7f0088000000 ---p 00000000 00:00 0 
7f0088000000-7f0088021000 rw-p 00000000 00:00 0 
7f0088021000-7f008c000000 ---p 00000000 00:00 0 
7f008c007000-7f008c00c000 r--p 00000000 08:02 23601542                   /usr/lib/x86_64-linux-gnu/libpng16.so.16.36.0
7f008c00c000-7f008c030000 r-xp 00005000 08:02 23601542                   /usr/lib/x86_64-linux-gnu/libpng16.so.16.36.0
7f008c030000-7f008c03c000 r--p 00029000 08:02 23601542                   /usr/lib/x86_64-linux-gnu/libpng16.so.16.36.0
7f008c03c000-7f008c03d000 r--p 00034000 08:02 23601542                   /usr/lib/x86_64-linux-gnu/libpng16.so.16.36.0
7f008c03d000-7f008c03e000 rw-p 00035000 08:02 23601542                   /usr/lib/x86_64-linux-gnu/libpng16.so.16.36.0
7f008c03e000-7f008c03f000 ---p 00000000 00:00 0 
7f008c03f000-7f008e330000 rw-p 00000000 00:00 0 
7f008e330000-7f008fff8000 ---p 00000000 00:00 0 
7f008fff8000-7f0090000000 rw-p 00000000 00:00 0 
7f0090000000-7f0090021000 rw-p 00000000 00:00 0 
7f0090021000-7f0094000000 ---p 00000000 00:00 0 
7f0094001000-7f0094002000 r--p 00000000 08:02 27001589                   /home/kramer/Downloads/RobotArena-master/RobotAreana/AIBasic/build/libs/mynativelibrary/shared/libmynativelibrary.so
7f0094002000-7f0094003000 r-xp 00001000 08:02 27001589                   /home/kramer/Downloads/RobotArena-master/RobotAreana/AIBasic/build/libs/mynativelibrary/shared/libmynativelibrary.so
7f0094003000-7f0094004000 r--p 00002000 08:02 27001589                   /home/kramer/Downloads/RobotArena-master/RobotAreana/AIBasic/build/libs/mynativelibrary/shared/libmynativelibrary.so
7f0094004000-7f0094005000 r--p 00002000 08:02 27001589                   /home/kramer/Downloads/RobotArena-master/RobotAreana/AIBasic/build/libs/mynativelibrary/shared/libmynativelibrary.so
7f0094005000-7f0094006000 rw-p 00003000 08:02 27001589                   /home/kramer/Downloads/RobotArena-master/RobotAreana/AIBasic/build/libs/mynativelibrary/shared/libmynativelibrary.so
7f0094006000-7f009400a000 r--p 00000000 08:02 23600683                   /usr/lib/x86_64-linux-gnu/libbsd.so.0.9.1
7f009400a000-7f0094019000 r-xp 00004000 08:02 23600683                   /usr/lib/x86_64-linux-gnu/libbsd.so.0.9.1
7f0094019000-7f009401c000 r--p 00013000 08:02 23600683                   /usr/lib/x86_64-linux-gnu/libbsd.so.0.9.1
7f009401c000-7f009401d000 ---p 00016000 08:02 23600683                   /usr/lib/x86_64-linux-gnu/libbsd.so.0.9.1
7f009401d000-7f009401e000 r--p 00016000 08:02 23600683                   /usr/lib/x86_64-linux-gnu/libbsd.so.0.9.1
7f009401e000-7f009401f000 rw-p 00017000 08:02 23600683                   /usr/lib/x86_64-linux-gnu/libbsd.so.0.9.1
7f009401f000-7f0094020000 rw-p 00000000 00:00 0 
7f0094020000-7f009402b000 r--p 00000000 08:02 23601932                   /usr/lib/x86_64-linux-gnu/libxcb.so.1.1.0
7f009402b000-7f009403e000 r-xp 0000b000 08:02 23601932                   /usr/lib/x86_64-linux-gnu/libxcb.so.1.1.0
7f009403e000-7f0094047000 r--p 0001e000 08:02 23601932                   /usr/lib/x86_64-linux-gnu/libxcb.so.1.1.0
7f0094047000-7f0094048000 r--p 00026000 08:02 23601932                   /usr/lib/x86_64-linux-gnu/libxcb.so.1.1.0
7f0094048000-7f0094049000 rw-p 00027000 08:02 23601932                   /usr/lib/x86_64-linux-gnu/libxcb.so.1.1.0
7f0094049000-7f0094656000 rw-p 00000000 00:00 0 
7f0094656000-7f0094956000 ---p 00000000 00:00 0 
7f0094956000-7f0094bc6000 rwxp 00000000 00:00 0 
7f0094bc6000-7f0094ee6000 ---p 00000000 00:00 0 
7f0094ee6000-7f0095156000 rwxp 00000000 00:00 0 
7f0095156000-7f009c41e000 ---p 00000000 00:00 0 
7f009c41e000-7f009c68e000 rwxp 00000000 00:00 0 
7f009c68e000-7f00a3956000 ---p 00000000 00:00 0 
7f00a3956000-7f00ac000000 r--s 00000000 08:02 23990663                   /usr/lib/jvm/java-11-openjdk-amd64/lib/modules
7f00ac000000-7f00ac32b000 rw-p 00000000 00:00 0 
7f00ac32b000-7f00b0000000 ---p 00000000 00:00 0 
7f00b0000000-7f00b0003000 r--p 00000000 08:02 24906119                   /home/kramer/.config/dconf/user
7f00b0003000-7f00b0004000 r--s 00000000 00:35 35                         /run/user/1000/dconf/user
7f00b0004000-7f00b0005000 r--p 00000000 08:02 23593407                   /usr/lib/x86_64-linux-gnu/libgmodule-2.0.so.0.6000.0
7f00b0005000-7f00b0007000 r-xp 00001000 08:02 23593407                   /usr/lib/x86_64-linux-gnu/libgmodule-2.0.so.0.6000.0
7f00b0007000-7f00b0008000 r--p 00003000 08:02 23593407                   /usr/lib/x86_64-linux-gnu/libgmodule-2.0.so.0.6000.0
7f00b0008000-7f00b0009000 r--p 00003000 08:02 23593407                   /usr/lib/x86_64-linux-gnu/libgmodule-2.0.so.0.6000.0
7f00b0009000-7f00b000a000 rw-p 00004000 08:02 23593407                   /usr/lib/x86_64-linux-gnu/libgmodule-2.0.so.0.6000.0
7f00b000a000-7f00b000e000 r--p 00000000 08:02 24250591                   /usr/lib/x86_64-linux-gnu/gio/modules/libdconfsettings.so
7f00b000e000-7f00b0015000 r-xp 00004000 08:02 24250591                   /usr/lib/x86_64-linux-gnu/gio/modules/libdconfsettings.so
7f00b0015000-7f00b0018000 r--p 0000b000 08:02 24250591                   /usr/lib/x86_64-linux-gnu/gio/modules/libdconfsettings.so
7f00b0018000-7f00b0019000 ---p 0000e000 08:02 24250591                   /usr/lib/x86_64-linux-gnu/gio/modules/libdconfsettings.so
7f00b0019000-7f00b001a000 r--p 0000e000 08:02 24250591                   /usr/lib/x86_64-linux-gnu/gio/modules/libdconfsettings.so
7f00b001a000-7f00b001b000 rw-p 0000f000 08:02 24250591                   /usr/lib/x86_64-linux-gnu/gio/modules/libdconfsettings.so
7f00b001b000-7f00b001c000 r--p 00000000 08:02 25823354                   /usr/share/locale-langpack/en_AU/LC_MESSAGES/glib20.mo
7f00b001c000-7f00b0020000 r--p 00000000 08:02 23990653                   /usr/lib/jvm/java-11-openjdk-amd64/lib/libnet.so
7f00b0020000-7f00b002f000 r-xp 00004000 08:02 23990653                   /usr/lib/jvm/java-11-openjdk-amd64/lib/libnet.so
7f00b002f000-7f00b0033000 r--p 00013000 08:02 23990653                   /usr/lib/jvm/java-11-openjdk-amd64/lib/libnet.so
7f00b0033000-7f00b0034000 r--p 00016000 08:02 23990653                   /usr/lib/jvm/java-11-openjdk-amd64/lib/libnet.so
7f00b0034000-7f00b0035000 rw-p 00017000 08:02 23990653                   /usr/lib/jvm/java-11-openjdk-amd64/lib/libnet.so
7f00b0035000-7f00b003c000 r--p 00000000 08:02 23990654                   /usr/lib/jvm/java-11-openjdk-amd64/lib/libnio.so
7f00b003c000-7f00b0043000 r-xp 00007000 08:02 23990654                   /usr/lib/jvm/java-11-openjdk-amd64/lib/libnio.so
7f00b0043000-7f00b0046000 r--p 0000e000 08:02 23990654                   /usr/lib/jvm/java-11-openjdk-amd64/lib/libnio.so
7f00b0046000-7f00b0047000 r--p 00010000 08:02 23990654                   /usr/lib/jvm/java-11-openjdk-amd64/lib/libnio.so
7f00b0047000-7f00b0048000 rw-p 00011000 08:02 23990654                   /usr/lib/jvm/java-11-openjdk-amd64/lib/libnio.so
7f00b0048000-7f00b00b2000 rw-p 00000000 00:00 0 
7f00b00b2000-7f00b00b3000 ---p 00000000 00:00 0 
7f00b00b3000-7f00b01b4000 rw-p 00000000 00:00 0 
7f00b01b4000-7f00b01b5000 ---p 00000000 00:00 0 
7f00b01b5000-7f00b06ba000 rw-p 00000000 00:00 0 
7f00b06ba000-7f00b06bb000 ---p 00000000 00:00 0 
7f00b06bb000-7f00b07bc000 rw-p 00000000 00:00 0 
7f00b07bc000-7f00b07bd000 ---p 00000000 00:00 0 
7f00b07bd000-7f00b0af0000 rw-p 00000000 00:00 0 
7f00b0af0000-7f00b27b8000 ---p 00000000 00:00 0 
7f00b27b8000-7f00b27fe000 rw-p 00000000 00:00 0 
7f00b27fe000-7f00b2b97000 ---p 00000000 00:00 0 
7f00b2b97000-7f00b2bd6000 rw-p 00000000 00:00 0 
7f00b2bd6000-7f00b2f6f000 ---p 00000000 00:00 0 
7f00b2f6f000-7f00b2fae000 rw-p 00000000 00:00 0 
7f00b2fae000-7f00b3347000 ---p 00000000 00:00 0 
7f00b3347000-7f00b374c000 rw-p 00000000 00:00 0 
7f00b374c000-7f00b374d000 ---p 00000000 00:00 0 
7f00b374d000-7f00b3853000 rw-p 00000000 00:00 0 
7f00b3853000-7f00b3939000 ---p 00000000 00:00 0 
7f00b3939000-7f00b393e000 rw-p 00000000 00:00 0 
7f00b393e000-7f00b3a24000 ---p 00000000 00:00 0 
7f00b3a24000-7f00b3a29000 rw-p 00000000 00:00 0 
7f00b3a29000-7f00b3a30000 ---p 00000000 00:00 0 
7f00b3a30000-7f00b3a32000 r--s 00007000 08:02 24382982                   /usr/share/java/java-atk-wrapper.jar
7f00b3a32000-7f00b3a34000 r--p 00000000 08:02 23990645                   /usr/lib/jvm/java-11-openjdk-amd64/lib/libjimage.so
7f00b3a34000-7f00b3a37000 r-xp 00002000 08:02 23990645                   /usr/lib/jvm/java-11-openjdk-amd64/lib/libjimage.so
7f00b3a37000-7f00b3a39000 r--p 00005000 08:02 23990645                   /usr/lib/jvm/java-11-openjdk-amd64/lib/libjimage.so
7f00b3a39000-7f00b3a3a000 r--p 00006000 08:02 23990645                   /usr/lib/jvm/java-11-openjdk-amd64/lib/libjimage.so
7f00b3a3a000-7f00b3a3b000 rw-p 00007000 08:02 23990645                   /usr/lib/jvm/java-11-openjdk-amd64/lib/libjimage.so
7f00b3a3b000-7f00b3a3e000 r--p 00000000 08:02 23601425                   /usr/lib/x86_64-linux-gnu/libnss_files-2.29.so
7f00b3a3e000-7f00b3a45000 r-xp 00003000 08:02 23601425                   /usr/lib/x86_64-linux-gnu/libnss_files-2.29.so
7f00b3a45000-7f00b3a47000 r--p 0000a000 08:02 23601425                   /usr/lib/x86_64-linux-gnu/libnss_files-2.29.so
7f00b3a47000-7f00b3a48000 r--p 0000b000 08:02 23601425                   /usr/lib/x86_64-linux-gnu/libnss_files-2.29.so
7f00b3a48000-7f00b3a49000 rw-p 0000c000 08:02 23601425                   /usr/lib/x86_64-linux-gnu/libnss_files-2.29.so
7f00b3a49000-7f00b3a4f000 rw-p 00000000 00:00 0 
7f00b3a4f000-7f00b3a51000 r--p 00000000 08:02 23990662                   /usr/lib/jvm/java-11-openjdk-amd64/lib/libzip.so
7f00b3a51000-7f00b3a55000 r-xp 00002000 08:02 23990662                   /usr/lib/jvm/java-11-openjdk-amd64/lib/libzip.so
7f00b3a55000-7f00b3a57000 r--p 00006000 08:02 23990662                   /usr/lib/jvm/java-11-openjdk-amd64/lib/libzip.so
7f00b3a57000-7f00b3a58000 r--p 00007000 08:02 23990662                   /usr/lib/jvm/java-11-openjdk-amd64/lib/libzip.so
7f00b3a58000-7f00b3a59000 rw-p 00008000 08:02 23990662                   /usr/lib/jvm/java-11-openjdk-amd64/lib/libzip.so
7f00b3a59000-7f00b3a61000 rw-s 00000000 08:02 2753649                    /tmp/hsperfdata_kramer/12905
7f00b3a61000-7f00b3a62000 ---p 00000000 00:00 0 
7f00b3a62000-7f00b3a63000 r--p 00000000 00:00 0 
7f00b3a63000-7f00b3a70000 r--p 00000000 08:02 23990641                   /usr/lib/jvm/java-11-openjdk-amd64/lib/libjava.so
7f00b3a70000-7f00b3a85000 r-xp 0000d000 08:02 23990641                   /usr/lib/jvm/java-11-openjdk-amd64/lib/libjava.so
7f00b3a85000-7f00b3a8c000 r--p 00022000 08:02 23990641                   /usr/lib/jvm/java-11-openjdk-amd64/lib/libjava.so
7f00b3a8c000-7f00b3a8d000 r--p 00028000 08:02 23990641                   /usr/lib/jvm/java-11-openjdk-amd64/lib/libjava.so
7f00b3a8d000-7f00b3a8f000 rw-p 00029000 08:02 23990641                   /usr/lib/jvm/java-11-openjdk-amd64/lib/libjava.so
7f00b3a8f000-7f00b3a92000 r--p 00000000 08:02 23601631                   /usr/lib/x86_64-linux-gnu/librt-2.29.so
7f00b3a92000-7f00b3a96000 r-xp 00003000 08:02 23601631                   /usr/lib/x86_64-linux-gnu/librt-2.29.so
7f00b3a96000-7f00b3a98000 r--p 00007000 08:02 23601631                   /usr/lib/x86_64-linux-gnu/librt-2.29.so
7f00b3a98000-7f00b3a99000 r--p 00008000 08:02 23601631                   /usr/lib/x86_64-linux-gnu/librt-2.29.so
7f00b3a99000-7f00b3a9a000 rw-p 00009000 08:02 23601631                   /usr/lib/x86_64-linux-gnu/librt-2.29.so
7f00b3a9a000-7f00b3a9e000 ---p 00000000 00:00 0 
7f00b3a9e000-7f00b3b9b000 rw-p 00000000 00:00 0 
7f00b3b9b000-7f00b3b9e000 r--p 00000000 08:02 23596996                   /usr/lib/x86_64-linux-gnu/libgcc_s.so.1
7f00b3b9e000-7f00b3baf000 r-xp 00003000 08:02 23596996                   /usr/lib/x86_64-linux-gnu/libgcc_s.so.1
7f00b3baf000-7f00b3bb3000 r--p 00014000 08:02 23596996                   /usr/lib/x86_64-linux-gnu/libgcc_s.so.1
7f00b3bb3000-7f00b3bb4000 r--p 00017000 08:02 23596996                   /usr/lib/x86_64-linux-gnu/libgcc_s.so.1
7f00b3bb4000-7f00b3bb5000 rw-p 00018000 08:02 23596996                   /usr/lib/x86_64-linux-gnu/libgcc_s.so.1
7f00b3bb5000-7f00b3bc4000 r--p 00000000 08:02 23601302                   /usr/lib/x86_64-linux-gnu/libm-2.29.so
7f00b3bc4000-7f00b3c6a000 r-xp 0000f000 08:02 23601302                   /usr/lib/x86_64-linux-gnu/libm-2.29.so
7f00b3c6a000-7f00b3d01000 r--p 000b5000 08:02 23601302                   /usr/lib/x86_64-linux-gnu/libm-2.29.so
7f00b3d01000-7f00b3d02000 r--p 0014b000 08:02 23601302                   /usr/lib/x86_64-linux-gnu/libm-2.29.so
7f00b3d02000-7f00b3d03000 rw-p 0014c000 08:02 23601302                   /usr/lib/x86_64-linux-gnu/libm-2.29.so
7f00b3d03000-7f00b3d98000 r--p 00000000 08:02 23594558                   /usr/lib/x86_64-linux-gnu/libstdc++.so.6.0.26
7f00b3d98000-7f00b3e8a000 r-xp 00095000 08:02 23594558                   /usr/lib/x86_64-linux-gnu/libstdc++.so.6.0.26
7f00b3e8a000-7f00b3ed3000 r--p 00187000 08:02 23594558                   /usr/lib/x86_64-linux-gnu/libstdc++.so.6.0.26
7f00b3ed3000-7f00b3ed4000 ---p 001d0000 08:02 23594558                   /usr/lib/x86_64-linux-gnu/libstdc++.so.6.0.26
7f00b3ed4000-7f00b3edf000 r--p 001d0000 08:02 23594558                   /usr/lib/x86_64-linux-gnu/libstdc++.so.6.0.26
7f00b3edf000-7f00b3ee2000 rw-p 001db000 08:02 23594558                   /usr/lib/x86_64-linux-gnu/libstdc++.so.6.0.26
7f00b3ee2000-7f00b3ee5000 rw-p 00000000 00:00 0 
7f00b3ee5000-7f00b4154000 r--p 00000000 08:02 23990668                   /usr/lib/jvm/java-11-openjdk-amd64/lib/server/libjvm.so
7f00b4154000-7f00b4c74000 r-xp 0026f000 08:02 23990668                   /usr/lib/jvm/java-11-openjdk-amd64/lib/server/libjvm.so
7f00b4c74000-7f00b4ead000 r--p 00d8f000 08:02 23990668                   /usr/lib/jvm/java-11-openjdk-amd64/lib/server/libjvm.so
7f00b4ead000-7f00b4eae000 ---p 00fc8000 08:02 23990668                   /usr/lib/jvm/java-11-openjdk-amd64/lib/server/libjvm.so
7f00b4eae000-7f00b4f6b000 r--p 00fc8000 08:02 23990668                   /usr/lib/jvm/java-11-openjdk-amd64/lib/server/libjvm.so
7f00b4f6b000-7f00b4fa4000 rw-p 01085000 08:02 23990668                   /usr/lib/jvm/java-11-openjdk-amd64/lib/server/libjvm.so
7f00b4fa4000-7f00b4ffc000 rw-p 00000000 00:00 0 
7f00b4ffc000-7f00b5003000 r--p 00000000 08:02 23601565                   /usr/lib/x86_64-linux-gnu/libpthread-2.29.so
7f00b5003000-7f00b5012000 r-xp 00007000 08:02 23601565                   /usr/lib/x86_64-linux-gnu/libpthread-2.29.so
7f00b5012000-7f00b5017000 r--p 00016000 08:02 23601565                   /usr/lib/x86_64-linux-gnu/libpthread-2.29.so
7f00b5017000-7f00b5018000 r--p 0001a000 08:02 23601565                   /usr/lib/x86_64-linux-gnu/libpthread-2.29.so
7f00b5018000-7f00b5019000 rw-p 0001b000 08:02 23601565                   /usr/lib/x86_64-linux-gnu/libpthread-2.29.so
7f00b5019000-7f00b501d000 rw-p 00000000 00:00 0 
7f00b501d000-7f00b501e000 r--p 00000000 08:02 23600824                   /usr/lib/x86_64-linux-gnu/libdl-2.29.so
7f00b501e000-7f00b5020000 r-xp 00001000 08:02 23600824                   /usr/lib/x86_64-linux-gnu/libdl-2.29.so
7f00b5020000-7f00b5021000 r--p 00003000 08:02 23600824                   /usr/lib/x86_64-linux-gnu/libdl-2.29.so
7f00b5021000-7f00b5022000 r--p 00003000 08:02 23600824                   /usr/lib/x86_64-linux-gnu/libdl-2.29.so
7f00b5022000-7f00b5023000 rw-p 00004000 08:02 23600824                   /usr/lib/x86_64-linux-gnu/libdl-2.29.so
7f00b5023000-7f00b5025000 r--p 00000000 08:02 23601962                   /usr/lib/x86_64-linux-gnu/libz.so.1.2.11
7f00b5025000-7f00b5036000 r-xp 00002000 08:02 23601962                   /usr/lib/x86_64-linux-gnu/libz.so.1.2.11
7f00b5036000-7f00b503c000 r--p 00013000 08:02 23601962                   /usr/lib/x86_64-linux-gnu/libz.so.1.2.11
7f00b503c000-7f00b503d000 ---p 00019000 08:02 23601962                   /usr/lib/x86_64-linux-gnu/libz.so.1.2.11
7f00b503d000-7f00b503e000 r--p 00019000 08:02 23601962                   /usr/lib/x86_64-linux-gnu/libz.so.1.2.11
7f00b503e000-7f00b503f000 rw-p 0001a000 08:02 23601962                   /usr/lib/x86_64-linux-gnu/libz.so.1.2.11
7f00b503f000-7f00b5064000 r--p 00000000 08:02 23600687                   /usr/lib/x86_64-linux-gnu/libc-2.29.so
7f00b5064000-7f00b51d7000 r-xp 00025000 08:02 23600687                   /usr/lib/x86_64-linux-gnu/libc-2.29.so
7f00b51d7000-7f00b5220000 r--p 00198000 08:02 23600687                   /usr/lib/x86_64-linux-gnu/libc-2.29.so
7f00b5220000-7f00b5223000 r--p 001e0000 08:02 23600687                   /usr/lib/x86_64-linux-gnu/libc-2.29.so
7f00b5223000-7f00b5226000 rw-p 001e3000 08:02 23600687                   /usr/lib/x86_64-linux-gnu/libc-2.29.so
7f00b5226000-7f00b522a000 rw-p 00000000 00:00 0 
7f00b522a000-7f00b522b000 r--p 00000000 08:02 25823436                   /usr/share/locale-langpack/en_AU/LC_MESSAGES/libc.mo
7f00b522b000-7f00b5230000 r--p 00000000 08:02 23990661                   /usr/lib/jvm/java-11-openjdk-amd64/lib/libverify.so
7f00b5230000-7f00b5237000 r-xp 00005000 08:02 23990661                   /usr/lib/jvm/java-11-openjdk-amd64/lib/libverify.so
7f00b5237000-7f00b5239000 r--p 0000c000 08:02 23990661                   /usr/lib/jvm/java-11-openjdk-amd64/lib/libverify.so
7f00b5239000-7f00b523b000 r--p 0000d000 08:02 23990661                   /usr/lib/jvm/java-11-openjdk-amd64/lib/libverify.so
7f00b523b000-7f00b523c000 rw-p 0000f000 08:02 23990661                   /usr/lib/jvm/java-11-openjdk-amd64/lib/libverify.so
7f00b523c000-7f00b523f000 r--p 00000000 08:02 23990625                   /usr/lib/jvm/java-11-openjdk-amd64/lib/jli/libjli.so
7f00b523f000-7f00b5249000 r-xp 00003000 08:02 23990625                   /usr/lib/jvm/java-11-openjdk-amd64/lib/jli/libjli.so
7f00b5249000-7f00b524c000 r--p 0000d000 08:02 23990625                   /usr/lib/jvm/java-11-openjdk-amd64/lib/jli/libjli.so
7f00b524c000-7f00b524d000 r--p 0000f000 08:02 23990625                   /usr/lib/jvm/java-11-openjdk-amd64/lib/jli/libjli.so
7f00b524d000-7f00b524e000 rw-p 00010000 08:02 23990625                   /usr/lib/jvm/java-11-openjdk-amd64/lib/jli/libjli.so
7f00b524e000-7f00b5250000 rw-p 00000000 00:00 0 
7f00b5250000-7f00b5251000 r--p 00000000 08:02 23600471                   /usr/lib/x86_64-linux-gnu/ld-2.29.so
7f00b5251000-7f00b5272000 r-xp 00001000 08:02 23600471                   /usr/lib/x86_64-linux-gnu/ld-2.29.so
7f00b5272000-7f00b527a000 r--p 00022000 08:02 23600471                   /usr/lib/x86_64-linux-gnu/ld-2.29.so
7f00b527a000-7f00b527b000 r--p 00029000 08:02 23600471                   /usr/lib/x86_64-linux-gnu/ld-2.29.so
7f00b527b000-7f00b527c000 rw-p 0002a000 08:02 23600471                   /usr/lib/x86_64-linux-gnu/ld-2.29.so
7f00b527c000-7f00b527d000 rw-p 00000000 00:00 0 
7fff44f4b000-7fff44f6d000 rw-p 00000000 00:00 0                          [stack]
7fff44ff7000-7fff44ffa000 r--p 00000000 00:00 0                          [vvar]
7fff44ffa000-7fff44ffb000 r-xp 00000000 00:00 0                          [vdso]
ffffffffff600000-ffffffffff601000 r-xp 00000000 00:00 0                  [vsyscall]


VM Arguments:
jvm_args: -Dfile.encoding=UTF-8 -Duser.country=AU -Duser.language=en -Duser.variant 
java_command: ExampleSwingApp
java_class_path (initial): /home/kramer/Downloads/RobotArena-master/RobotAreana/start/build/classes/java/main:/home/kramer/Downloads/RobotArena-master/RobotAreana/start/build/classes/groovy/main:/home/kramer/Downloads/RobotArena-master/RobotAreana/start/build/resources/main:/home/kramer/Downloads/RobotArena-master/RobotAreana/AIBasic/build/libs/AIBasic.jar:/home/kramer/Downloads/RobotArena-master/RobotAreana/robot/build/libs/robot.jar:/home/kramer/Downloads/RobotArena-master/RobotAreana/main/build/libs/main.jar
Launcher Type: SUN_STANDARD

[Global flags]
     intx CICompilerCount                          = 3                                         {product} {ergonomic}
     uint ConcGCThreads                            = 1                                         {product} {ergonomic}
     uint G1ConcRefinementThreads                  = 4                                         {product} {ergonomic}
   size_t G1HeapRegionSize                         = 1048576                                   {product} {ergonomic}
    uintx GCDrainStackTargetSize                   = 64                                        {product} {ergonomic}
   size_t InitialHeapSize                          = 130023424                                 {product} {ergonomic}
   size_t MarkStackSize                            = 4194304                                   {product} {ergonomic}
   size_t MaxHeapSize                              = 2063597568                                {product} {ergonomic}
   size_t MaxNewSize                               = 1237319680                                {product} {ergonomic}
   size_t MinHeapDeltaBytes                        = 1048576                                   {product} {ergonomic}
    uintx NonNMethodCodeHeapSize                   = 5830092                                {pd product} {ergonomic}
    uintx NonProfiledCodeHeapSize                  = 122914074                              {pd product} {ergonomic}
    uintx ProfiledCodeHeapSize                     = 122914074                              {pd product} {ergonomic}
    uintx ReservedCodeCacheSize                    = 251658240                              {pd product} {ergonomic}
     bool SegmentedCodeCache                       = true                                      {product} {ergonomic}
     bool UseCompressedClassPointers               = true                                 {lp64_product} {ergonomic}
     bool UseCompressedOops                        = true                                 {lp64_product} {ergonomic}
     bool UseG1GC                                  = true                                      {product} {ergonomic}

Logging:
Log output configuration:
 #0: stdout all=warning uptime,level,tags
 #1: stderr all=off uptime,level,tags

Environment Variables:
PATH=/home/kramer/.local/bin:/usr/local/sbin:/usr/local/bin:/usr/sbin:/usr/bin:/sbin:/bin:/usr/games:/usr/local/games:/snap/bin
USERNAME=kramer
LD_LIBRARY_PATH=/home/kramer/Downloads/RobotArena-master/RobotAreana/AIBasic/build/libs/mynativelibrary/shared
SHELL=/bin/bash
DISPLAY=:0

Signal Handlers:
SIGSEGV: [libjvm.so+0xd1cc80], sa_mask[0]=11111111011111111101111111111110, sa_flags=SA_RESTART|SA_SIGINFO
SIGBUS: [libjvm.so+0xd1cc80], sa_mask[0]=11111111011111111101111111111110, sa_flags=SA_RESTART|SA_SIGINFO
SIGFPE: [libjvm.so+0xd1cc80], sa_mask[0]=11111111011111111101111111111110, sa_flags=SA_RESTART|SA_SIGINFO
SIGPIPE: SIG_IGN, sa_mask[0]=00000000000010000000000000000000, sa_flags=SA_RESTART
SIGXFSZ: [libjvm.so+0xb239a0], sa_mask[0]=11111111011111111101111111111110, sa_flags=SA_RESTART|SA_SIGINFO
SIGILL: [libjvm.so+0xd1cc80], sa_mask[0]=11111111011111111101111111111110, sa_flags=SA_RESTART|SA_SIGINFO
SIGUSR2: [libjvm.so+0xb23830], sa_mask[0]=00100000000000000000000000000000, sa_flags=SA_RESTART|SA_SIGINFO
SIGHUP: [libjvm.so+0xb23ce0], sa_mask[0]=11111111011111111101111111111110, sa_flags=SA_RESTART|SA_SIGINFO
SIGINT: [libjvm.so+0xb23ce0], sa_mask[0]=11111111011111111101111111111110, sa_flags=SA_RESTART|SA_SIGINFO
SIGTERM: [libjvm.so+0xb23ce0], sa_mask[0]=11111111011111111101111111111110, sa_flags=SA_RESTART|SA_SIGINFO
SIGQUIT: [libjvm.so+0xb23ce0], sa_mask[0]=11111111011111111101111111111110, sa_flags=SA_RESTART|SA_SIGINFO


---------------  S Y S T E M  ---------------

OS:DISTRIB_ID=Ubuntu
DISTRIB_RELEASE=19.04
DISTRIB_CODENAME=disco
DISTRIB_DESCRIPTION="Ubuntu 19.04"
uname:Linux 5.0.0-32-generic #34-Ubuntu SMP Wed Oct 2 02:06:48 UTC 2019 x86_64
libc:glibc 2.29 NPTL 2.29 
rlimit: STACK 8192k, CORE 0k, NPROC 31283, NOFILE 524288, AS infinity, DATA infinity, FSIZE infinity
load average:1.22 1.01 1.01

/proc/meminfo:
MemTotal:        8057228 kB
MemFree:         1623332 kB
MemAvailable:    3532900 kB
Buffers:          142724 kB
Cached:          2004916 kB
SwapCached:            0 kB
Active:          4640940 kB
Inactive:        1385400 kB
Active(anon):    3806760 kB
Inactive(anon):   160652 kB
Active(file):     834180 kB
Inactive(file):  1224748 kB
Unevictable:        3452 kB
Mlocked:              16 kB
SwapTotal:       2097148 kB
SwapFree:        2097148 kB
Dirty:              2484 kB
Writeback:             0 kB
AnonPages:       3882300 kB
Mapped:           658556 kB
Shmem:            165988 kB
KReclaimable:     141844 kB
Slab:             242688 kB
SReclaimable:     141844 kB
SUnreclaim:       100844 kB
KernelStack:       16904 kB
PageTables:        36944 kB
NFS_Unstable:          0 kB
Bounce:                0 kB
WritebackTmp:          0 kB
CommitLimit:     6125760 kB
Committed_AS:   12496224 kB
VmallocTotal:   34359738367 kB
VmallocUsed:           0 kB
VmallocChunk:          0 kB
Percpu:             2192 kB
HardwareCorrupted:     0 kB
AnonHugePages:         0 kB
ShmemHugePages:        0 kB
ShmemPmdMapped:        0 kB
CmaTotal:              0 kB
CmaFree:               0 kB
HugePages_Total:       0
HugePages_Free:        0
HugePages_Rsvd:        0
HugePages_Surp:        0
Hugepagesize:       2048 kB
Hugetlb:               0 kB
DirectMap4k:      244272 kB
DirectMap2M:     5939200 kB
DirectMap1G:     2097152 kB


/proc/sys/kernel/threads-max (system-wide limit on the number of threads):
62566


/proc/sys/vm/max_map_count (maximum number of memory map areas a process may have):
65530


/proc/sys/kernel/pid_max (system-wide limit on number of process identifiers):
32768



container (cgroup) information:
container_type: cgroupv1
cpu_cpuset_cpus: 0-3
cpu_memory_nodes: 0
active_processor_count: 4
cpu_quota: -1
cpu_period: 100000
cpu_shares: -1
memory_limit_in_bytes: -1
memory_and_swap_limit_in_bytes: -2
memory_soft_limit_in_bytes: -1
memory_usage_in_bytes: 1154420736
memory_max_usage_in_bytes: 1169940480

Steal ticks since vm start: 0
Steal ticks percentage since vm start:  0.000

CPU:total 4 (initial active 4) (4 cores per cpu, 1 threads per core) family 6 model 60 stepping 3, cmov, cx8, fxsr, mmx, sse, sse2, sse3, ssse3, sse4.1, sse4.2, popcnt, avx, avx2, aes, clmul, erms, lzcnt, tsc, tscinvbit, bmi1, bmi2, fma
CPU Model and flags from /proc/cpuinfo:
model name	: Intel(R) Core(TM) i5-4690 CPU @ 3.50GHz
flags		: fpu vme de pse tsc msr pae mce cx8 apic sep mtrr pge mca cmov pat pse36 clflush dts acpi mmx fxsr sse sse2 ss ht tm pbe syscall nx pdpe1gb rdtscp lm constant_tsc arch_perfmon pebs bts rep_good nopl xtopology nonstop_tsc cpuid aperfmperf pni pclmulqdq dtes64 monitor ds_cpl vmx smx est tm2 ssse3 sdbg fma cx16 xtpr pdcm pcid sse4_1 sse4_2 x2apic movbe popcnt tsc_deadline_timer aes xsave avx f16c rdrand lahf_lm abm cpuid_fault invpcid_single pti ssbd ibrs ibpb stibp tpr_shadow vnmi flexpriority ept vpid ept_ad fsgsbase tsc_adjust bmi1 avx2 smep bmi2 erms invpcid xsaveopt dtherm ida arat pln pts md_clear flush_l1d

Memory: 4k page, physical 8057228k(1623332k free), swap 2097148k(2097148k free)

vm_info: OpenJDK 64-Bit Server VM (11.0.4+11-post-Ubuntu-1ubuntu219.04) for linux-amd64 JRE (11.0.4+11-post-Ubuntu-1ubuntu219.04), built on Jul 18 2019 18:21:46 by "buildd" with gcc 8.3.0

END.
