#
# A fatal error has been detected by the Java Runtime Environment:
#
#  SIGSEGV (0xb) at pc=0x00007fb14b95562b, pid=6607, tid=6632
#
# JRE version: OpenJDK Runtime Environment (11.0.4+11) (build 11.0.4+11-post-Ubuntu-1ubuntu219.04)
# Java VM: OpenJDK 64-Bit Server VM (11.0.4+11-post-Ubuntu-1ubuntu219.04, mixed mode, sharing, tiered, compressed oops, g1 gc, linux-amd64)
# Problematic frame:
# V  [libjvm.so+0x86462b]
#
# Core dump will be written. Default location: Core dumps may be processed with "/usr/share/apport/apport %p %s %c %d %P" (or dumping to /home/kramer/Downloads/RobotArena-master/RobotAreana/start/core.6607)
#
# If you would like to submit a bug report, please visit:
#   https://bugs.launchpad.net/ubuntu/+source/openjdk-lts
#

---------------  S U M M A R Y ------------

Command Line: -Dfile.encoding=UTF-8 -Duser.country=AU -Duser.language=en -Duser.variant ExampleSwingApp

Host: Intel(R) Core(TM) i5-4690 CPU @ 3.50GHz, 4 cores, 7G, Ubuntu 19.04
Time: Mon Oct 28 19:03:39 2019 AWST elapsed time: 1 seconds (0d 0h 0m 1s)

---------------  T H R E A D  ---------------

Current thread (0x00007fb144475000):  JavaThread "Thomas" [_thread_in_vm, id=6632, stack(0x00007fb0ea376000,0x00007fb0ea477000)]

Stack: [0x00007fb0ea376000,0x00007fb0ea477000],  sp=0x00007fb0ea475650,  free space=1021k
Native frames: (J=compiled Java code, A=aot compiled Java code, j=interpreted, Vv=VM code, C=native code)
V  [libjvm.so+0x86462b]
C  [libmynativelibrary.so+0x1231]  Java_CRobot_startCPP+0x12c
j  CRobot.startCPP(LRobotControl;)V+0
j  CRobot$1.run()V+8
j  java.lang.Thread.run()V+11 java.base@11.0.4
v  ~StubRoutines::call_stub
V  [libjvm.so+0x7f40b1]
V  [libjvm.so+0x7f2550]
V  [libjvm.so+0x7f260b]
V  [libjvm.so+0x88e63c]
V  [libjvm.so+0xcc0060]
V  [libjvm.so+0xcc0350]
V  [libjvm.so+0xcbbee4]
V  [libjvm.so+0xb2cbee]

Java frames: (J=compiled Java code, j=interpreted, Vv=VM code)
j  CRobot.startCPP(LRobotControl;)V+0
j  CRobot$1.run()V+8
j  java.lang.Thread.run()V+11 java.base@11.0.4
v  ~StubRoutines::call_stub

siginfo: si_signo: 11 (SIGSEGV), si_code: 1 (SEGV_MAPERR), si_addr: 0x0000000000000000

Register to memory mapping:

RAX=0x00007fb0ea4756f0 is pointing into the stack for thread: 0x00007fb144475000
RBX=0x00007fb144475000 is a thread
RCX=0x00007fb14b955550: <offset 0x0000000000864550> in /usr/lib/jvm/java-11-openjdk-amd64/lib/server/libjvm.so at 0x00007fb14b0f1000
RDX=0x00007fb144472840 points into unknown readable memory: c0 00 b0 8c 00 00 00 00
RSP=0x00007fb0ea475650 is pointing into the stack for thread: 0x00007fb144475000
RBP=0x00007fb0ea4757d0 is pointing into the stack for thread: 0x00007fb144475000
RSI=0x00007fb144475000 is a thread
RDI=0x00007fb0ea4756b0 is pointing into the stack for thread: 0x00007fb144475000
R8 =0x0 is NULL
R9 =0x00007fb0ea4752e4 is pointing into the stack for thread: 0x00007fb144475000
R10=0x00007fb14bebc264: <offset 0x0000000000dcb264> in /usr/lib/jvm/java-11-openjdk-amd64/lib/server/libjvm.so at 0x00007fb14b0f1000
R11=0x0000000000000535 is an unknown value
R12=0x00007fb0ea4756b0 is pointing into the stack for thread: 0x00007fb144475000
R13=0x00007fb144475340 points into unknown readable memory: e0 df 17 4c b1 7f 00 00
R14=0x0 is NULL
R15=0x00007fb0ea4758d0 is pointing into the stack for thread: 0x00007fb144475000


Registers:
RAX=0x00007fb0ea4756f0, RBX=0x00007fb144475000, RCX=0x00007fb14b955550, RDX=0x00007fb144472840
RSP=0x00007fb0ea475650, RBP=0x00007fb0ea4757d0, RSI=0x00007fb144475000, RDI=0x00007fb0ea4756b0
R8 =0x0000000000000000, R9 =0x00007fb0ea4752e4, R10=0x00007fb14bebc264, R11=0x0000000000000535
R12=0x00007fb0ea4756b0, R13=0x00007fb144475340, R14=0x0000000000000000, R15=0x00007fb0ea4758d0
RIP=0x00007fb14b95562b, EFLAGS=0x0000000000010202, CSGSFS=0x002b000000000033, ERR=0x0000000000000004
  TRAPNO=0x000000000000000e

Top of Stack: (sp=0x00007fb0ea475650)
0x00007fb0ea475650:   00007fb1440eaaf0 00007fb144475000
0x00007fb0ea475660:   00007fb11c395042 00007fb14bed0af8
0x00007fb0ea475670:   0000000000000535 0000000800000018
0x00007fb0ea475680:   00007fb0ea4757e0 00007fb0ea4756f0 

Instructions: (pc=0x00007fb14b95562b)
0x00007fb14b95552b:   89 e0 5b 41 5c 41 5d 41 5e 41 5f 5d c3 0f 1f 84
0x00007fb14b95553b:   00 00 00 00 00 48 89 df 31 db e8 66 2d 45 00 e9
0x00007fb14b95554b:   ab fe ff ff 90 55 48 89 e5 41 57 49 89 f7 41 56
0x00007fb14b95555b:   49 89 d6 41 55 49 89 fd 41 54 53 48 81 ec 58 01
0x00007fb14b95556b:   00 00 48 89 8d 38 ff ff ff 4c 89 85 40 ff ff ff
0x00007fb14b95557b:   4c 89 8d 48 ff ff ff 84 c0 74 29 0f 29 85 50 ff
0x00007fb14b95558b:   ff ff 0f 29 8d 60 ff ff ff 0f 29 95 70 ff ff ff
0x00007fb14b95559b:   0f 29 5d 80 0f 29 65 90 0f 29 6d a0 0f 29 75 b0
0x00007fb14b9555ab:   0f 29 7d c0 49 8d 9d c0 fc ff ff 8b 83 d0 03 00
0x00007fb14b9555bb:   00 2d ab de 00 00 83 f8 01 0f 87 46 01 00 00 48
0x00007fb14b9555cb:   89 df 48 89 9d 88 fe ff ff e8 c7 69 ff ff 48 83
0x00007fb14b9555db:   7b 08 00 48 89 9d c0 fe ff ff 48 c7 85 c8 fe ff
0x00007fb14b9555eb:   ff 00 00 00 00 74 0c 48 8d bd c0 fe ff ff e8 02
0x00007fb14b9555fb:   0e 32 00 48 8d 45 10 4c 8d a5 e0 fe ff ff c7 85
0x00007fb14b95560b:   a8 fe ff ff 18 00 00 00 48 89 85 b0 fe ff ff 48
0x00007fb14b95561b:   8d 85 20 ff ff ff 4c 89 e7 48 89 85 b8 fe ff ff
0x00007fb14b95562b:   49 8b 06 c7 85 ac fe ff ff 30 00 00 00 c7 85 90
0x00007fb14b95563b:   fe ff ff 0c 00 00 00 48 8b 40 08 0f b7 50 2c 48
0x00007fb14b95564b:   8b 40 08 48 8b 74 d0 40 e8 78 53 3a 00 4d 89 e0
0x00007fb14b95565b:   49 89 d9 4c 89 f1 48 8d 05 f0 20 77 00 4c 89 fa
0x00007fb14b95566b:   4c 89 ef 45 31 e4 48 89 85 e0 fe ff ff f3 0f 6f
0x00007fb14b95567b:   85 a8 fe ff ff 48 8d b5 90 fe ff ff 48 8b 85 b8
0x00007fb14b95568b:   fe ff ff c7 85 f8 fe ff ff 63 00 00 00 48 c7 85
0x00007fb14b95569b:   00 ff ff ff 00 00 00 00 0f 11 85 08 ff ff ff 48
0x00007fb14b9556ab:   89 85 18 ff ff ff e8 fa f3 ff ff 48 83 7b 08 00
0x00007fb14b9556bb:   75 07 4c 8b a5 98 fe ff ff 48 83 bd c8 fe ff ff
0x00007fb14b9556cb:   00 74 0c 48 8d bd c0 fe ff ff e8 76 0d 32 00 48
0x00007fb14b9556db:   8b bb f0 00 00 00 e8 1a e3 00 00 48 8d bd 88 fe
0x00007fb14b9556eb:   ff ff e8 fe e3 00 00 48 81 c4 58 01 00 00 4c 89
0x00007fb14b9556fb:   e0 5b 41 5c 41 5d 41 5e 41 5f 5d c3 66 0f 1f 84
0x00007fb14b95570b:   00 00 00 00 00 48 89 df 31 db e8 96 2b 45 00 e9
0x00007fb14b95571b:   ab fe ff ff 90 55 48 89 e5 41 57 49 89 f7 41 56 


Stack slot to memory mapping:
stack at sp + 0 slots: 0x00007fb1440eaaf0 points into unknown readable memory: 00 00 00 00 00 00 00 00
stack at sp + 1 slots: 0x00007fb144475000 is a thread
stack at sp + 2 slots: 0x00007fb11c395042: <offset 0x0000000000002042> in /home/kramer/Downloads/RobotArena-master/RobotAreana/AIBasic/build/libs/mynativelibrary/shared/libmynativelibrary.so at 0x00007fb11c393000
stack at sp + 3 slots: 0x00007fb14bed0af8: <offset 0x0000000000ddfaf8> in /usr/lib/jvm/java-11-openjdk-amd64/lib/server/libjvm.so at 0x00007fb14b0f1000
stack at sp + 4 slots: 0x0000000000000535 is an unknown value
stack at sp + 5 slots: 0x0000000800000018 is pointing into metadata
stack at sp + 6 slots: 0x00007fb0ea4757e0 is pointing into the stack for thread: 0x00007fb144475000
stack at sp + 7 slots: 0x00007fb0ea4756f0 is pointing into the stack for thread: 0x00007fb144475000


---------------  P R O C E S S  ---------------

Threads class SMR info:
_java_thread_list=0x00007fb1444780c0, length=15, elements={
0x00007fb144011800, 0x00007fb144107000, 0x00007fb144111000, 0x00007fb144116800,
0x00007fb144118800, 0x00007fb14411a800, 0x00007fb14411c800, 0x00007fb14414c000,
0x00007fb144154000, 0x00007fb1442e2800, 0x00007fb144334800, 0x00007fb0f431b000,
0x00007fb14446d000, 0x00007fb144475000, 0x00007fb144476800
}

Java Threads: ( => current thread )
  0x00007fb144011800 JavaThread "main" [_thread_in_Java, id=6608, stack(0x00007fb14aca6000,0x00007fb14ada7000)]
  0x00007fb144107000 JavaThread "Reference Handler" daemon [_thread_blocked, id=6616, stack(0x00007fb148635000,0x00007fb148736000)]
  0x00007fb144111000 JavaThread "Finalizer" daemon [_thread_blocked, id=6617, stack(0x00007fb148534000,0x00007fb148635000)]
  0x00007fb144116800 JavaThread "Signal Dispatcher" daemon [_thread_blocked, id=6618, stack(0x00007fb148433000,0x00007fb148534000)]
  0x00007fb144118800 JavaThread "C2 CompilerThread0" daemon [_thread_blocked, id=6619, stack(0x00007fb148332000,0x00007fb148433000)]
  0x00007fb14411a800 JavaThread "C1 CompilerThread0" daemon [_thread_blocked, id=6620, stack(0x00007fb148231000,0x00007fb148332000)]
  0x00007fb14411c800 JavaThread "Sweeper thread" daemon [_thread_blocked, id=6621, stack(0x00007fb148130000,0x00007fb148231000)]
  0x00007fb14414c000 JavaThread "Service Thread" daemon [_thread_blocked, id=6622, stack(0x00007fb14802f000,0x00007fb148130000)]
  0x00007fb144154000 JavaThread "Common-Cleaner" daemon [_thread_blocked, id=6624, stack(0x00007fb12c753000,0x00007fb12c854000)]
  0x00007fb1442e2800 JavaThread "Java2D Disposer" daemon [_thread_blocked, id=6628, stack(0x00007fb11c074000,0x00007fb11c175000)]
  0x00007fb144334800 JavaThread "AWT-XAWT" daemon [_thread_in_native, id=6629, stack(0x00007fb0ea679000,0x00007fb0ea77a000)]
  0x00007fb0f431b000 JavaThread "C2 CompilerThread1" daemon [_thread_blocked, id=6630, stack(0x00007fb0ea578000,0x00007fb0ea679000)]
  0x00007fb14446d000 JavaThread "Image Fetcher 0" daemon [_thread_blocked, id=6631, stack(0x00007fb0ea477000,0x00007fb0ea578000)]
=>0x00007fb144475000 JavaThread "Thomas" [_thread_in_vm, id=6632, stack(0x00007fb0ea376000,0x00007fb0ea477000)]
  0x00007fb144476800 JavaThread "Thomas" [_thread_blocked, id=6636, stack(0x00007fb0e9f6f000,0x00007fb0ea070000)]

Other Threads:
  0x00007fb144104000 VMThread "VM Thread" [stack: 0x00007fb148738000,0x00007fb148838000] [id=6615] _threads_hazard_ptr=0x00007fb1444780c0
  0x00007fb14414e000 WatcherThread [stack: 0x00007fb12c856000,0x00007fb12c956000] [id=6623]
  0x00007fb144027000 GCTaskThread "GC Thread#0" [stack: 0x00007fb14a95a000,0x00007fb14aa5a000] [id=6609]
  0x00007fb110001000 GCTaskThread "GC Thread#1" [stack: 0x00007fb0ea276000,0x00007fb0ea376000] [id=6633]
  0x00007fb110002800 GCTaskThread "GC Thread#2" [stack: 0x00007fb0ea174000,0x00007fb0ea274000] [id=6634]
  0x00007fb110004000 GCTaskThread "GC Thread#3" [stack: 0x00007fb0ea072000,0x00007fb0ea172000] [id=6635]
  0x00007fb144058000 ConcurrentGCThread "G1 Main Marker" [stack: 0x00007fb14988a000,0x00007fb14998a000] [id=6610]
  0x00007fb14405a000 ConcurrentGCThread "G1 Conc#0" [stack: 0x00007fb149788000,0x00007fb149888000] [id=6611]
  0x00007fb1440d2000 ConcurrentGCThread "G1 Refine#0" [stack: 0x00007fb149282000,0x00007fb149382000] [id=6612]
  0x00007fb1440d3800 ConcurrentGCThread "G1 Young RemSet Sampling" [stack: 0x00007fb149180000,0x00007fb149280000] [id=6613]

Threads with active compile tasks:

VM state:synchronizing (normal execution)

VM Mutex/Monitor currently owned by a thread:  ([mutex/lock_event])
[0x00007fb14400e2d0] Safepoint_lock - owner thread: 0x00007fb144104000
[0x00007fb14400e360] Threads_lock - owner thread: 0x00007fb144104000

Heap address: 0x0000000085000000, size: 1968 MB, Compressed Oops mode: 32-bit
Narrow klass base: 0x0000000800000000, Narrow klass shift: 3
Compressed class space size: 1073741824 Address: 0x0000000840000000

Heap:
 garbage-first heap   total 129024K, used 10215K [0x0000000085000000, 0x0000000100000000)
  region size 1024K, 3 young (3072K), 2 survivors (2048K)
 Metaspace       used 5258K, capacity 5658K, committed 5888K, reserved 1056768K
  class space    used 583K, capacity 767K, committed 768K, reserved 1048576K
Heap Regions: E=young(eden), S=young(survivor), O=old, HS=humongous(starts), HC=humongous(continues), CS=collection set, F=free, A=archive, TAMS=top-at-mark-start (previous, next)
|   0|0x0000000085000000, 0x0000000085100000, 0x0000000085100000|100%|HS|  |TAMS 0x0000000085000000, 0x0000000085000000| Complete 
|   1|0x0000000085100000, 0x0000000085200000, 0x0000000085200000|100%|HC|  |TAMS 0x0000000085100000, 0x0000000085100000| Complete 
|   2|0x0000000085200000, 0x0000000085300000, 0x0000000085300000|100%|HC|  |TAMS 0x0000000085200000, 0x0000000085200000| Complete 
|   3|0x0000000085300000, 0x0000000085400000, 0x0000000085400000|100%|HC|  |TAMS 0x0000000085300000, 0x0000000085300000| Complete 
|   4|0x0000000085400000, 0x0000000085500000, 0x0000000085500000|100%|HC|  |TAMS 0x0000000085400000, 0x0000000085400000| Complete 
|   5|0x0000000085500000, 0x0000000085600000, 0x0000000085600000|100%|HC|  |TAMS 0x0000000085500000, 0x0000000085500000| Complete 
|   6|0x0000000085600000, 0x0000000085700000, 0x0000000085700000|100%|HC|  |TAMS 0x0000000085600000, 0x0000000085600000| Complete 
|   7|0x0000000085700000, 0x0000000085800000, 0x0000000085800000|100%|HC|  |TAMS 0x0000000085700000, 0x0000000085700000| Complete 
|   8|0x0000000085800000, 0x0000000085800000, 0x0000000085900000|  0%| F|  |TAMS 0x0000000085800000, 0x0000000085800000| Untracked 
|   9|0x0000000085900000, 0x0000000085900000, 0x0000000085a00000|  0%| F|  |TAMS 0x0000000085900000, 0x0000000085900000| Untracked 
|  10|0x0000000085a00000, 0x0000000085a00000, 0x0000000085b00000|  0%| F|  |TAMS 0x0000000085a00000, 0x0000000085a00000| Untracked 
|  11|0x0000000085b00000, 0x0000000085b00000, 0x0000000085c00000|  0%| F|  |TAMS 0x0000000085b00000, 0x0000000085b00000| Untracked 
|  12|0x0000000085c00000, 0x0000000085c00000, 0x0000000085d00000|  0%| F|  |TAMS 0x0000000085c00000, 0x0000000085c00000| Untracked 
|  13|0x0000000085d00000, 0x0000000085d00000, 0x0000000085e00000|  0%| F|  |TAMS 0x0000000085d00000, 0x0000000085d00000| Untracked 
|  14|0x0000000085e00000, 0x0000000085e00000, 0x0000000085f00000|  0%| F|  |TAMS 0x0000000085e00000, 0x0000000085e00000| Untracked 
|  15|0x0000000085f00000, 0x0000000085f00000, 0x0000000086000000|  0%| F|  |TAMS 0x0000000085f00000, 0x0000000085f00000| Untracked 
|  16|0x0000000086000000, 0x0000000086000000, 0x0000000086100000|  0%| F|  |TAMS 0x0000000086000000, 0x0000000086000000| Untracked 
|  17|0x0000000086100000, 0x0000000086100000, 0x0000000086200000|  0%| F|  |TAMS 0x0000000086100000, 0x0000000086100000| Untracked 
|  18|0x0000000086200000, 0x0000000086200000, 0x0000000086300000|  0%| F|  |TAMS 0x0000000086200000, 0x0000000086200000| Untracked 
|  19|0x0000000086300000, 0x0000000086300000, 0x0000000086400000|  0%| F|  |TAMS 0x0000000086300000, 0x0000000086300000| Untracked 
|  20|0x0000000086400000, 0x0000000086400000, 0x0000000086500000|  0%| F|  |TAMS 0x0000000086400000, 0x0000000086400000| Untracked 
|  21|0x0000000086500000, 0x0000000086500000, 0x0000000086600000|  0%| F|  |TAMS 0x0000000086500000, 0x0000000086500000| Untracked 
|  22|0x0000000086600000, 0x0000000086600000, 0x0000000086700000|  0%| F|  |TAMS 0x0000000086600000, 0x0000000086600000| Untracked 
|  23|0x0000000086700000, 0x0000000086700000, 0x0000000086800000|  0%| F|  |TAMS 0x0000000086700000, 0x0000000086700000| Untracked 
|  24|0x0000000086800000, 0x0000000086800000, 0x0000000086900000|  0%| F|  |TAMS 0x0000000086800000, 0x0000000086800000| Untracked 
|  25|0x0000000086900000, 0x0000000086900000, 0x0000000086a00000|  0%| F|  |TAMS 0x0000000086900000, 0x0000000086900000| Untracked 
|  26|0x0000000086a00000, 0x0000000086a00000, 0x0000000086b00000|  0%| F|  |TAMS 0x0000000086a00000, 0x0000000086a00000| Untracked 
|  27|0x0000000086b00000, 0x0000000086b00000, 0x0000000086c00000|  0%| F|  |TAMS 0x0000000086b00000, 0x0000000086b00000| Untracked 
|  28|0x0000000086c00000, 0x0000000086c00000, 0x0000000086d00000|  0%| F|  |TAMS 0x0000000086c00000, 0x0000000086c00000| Untracked 
|  29|0x0000000086d00000, 0x0000000086d00000, 0x0000000086e00000|  0%| F|  |TAMS 0x0000000086d00000, 0x0000000086d00000| Untracked 
|  30|0x0000000086e00000, 0x0000000086e00000, 0x0000000086f00000|  0%| F|  |TAMS 0x0000000086e00000, 0x0000000086e00000| Untracked 
|  31|0x0000000086f00000, 0x0000000086f00000, 0x0000000087000000|  0%| F|  |TAMS 0x0000000086f00000, 0x0000000086f00000| Untracked 
|  32|0x0000000087000000, 0x0000000087000000, 0x0000000087100000|  0%| F|  |TAMS 0x0000000087000000, 0x0000000087000000| Untracked 
|  33|0x0000000087100000, 0x0000000087100000, 0x0000000087200000|  0%| F|  |TAMS 0x0000000087100000, 0x0000000087100000| Untracked 
|  34|0x0000000087200000, 0x0000000087200000, 0x0000000087300000|  0%| F|  |TAMS 0x0000000087200000, 0x0000000087200000| Untracked 
|  35|0x0000000087300000, 0x0000000087300000, 0x0000000087400000|  0%| F|  |TAMS 0x0000000087300000, 0x0000000087300000| Untracked 
|  36|0x0000000087400000, 0x0000000087400000, 0x0000000087500000|  0%| F|  |TAMS 0x0000000087400000, 0x0000000087400000| Untracked 
|  37|0x0000000087500000, 0x0000000087500000, 0x0000000087600000|  0%| F|  |TAMS 0x0000000087500000, 0x0000000087500000| Untracked 
|  38|0x0000000087600000, 0x0000000087600000, 0x0000000087700000|  0%| F|  |TAMS 0x0000000087600000, 0x0000000087600000| Untracked 
|  39|0x0000000087700000, 0x0000000087700000, 0x0000000087800000|  0%| F|  |TAMS 0x0000000087700000, 0x0000000087700000| Untracked 
|  40|0x0000000087800000, 0x0000000087800000, 0x0000000087900000|  0%| F|  |TAMS 0x0000000087800000, 0x0000000087800000| Untracked 
|  41|0x0000000087900000, 0x0000000087900000, 0x0000000087a00000|  0%| F|  |TAMS 0x0000000087900000, 0x0000000087900000| Untracked 
|  42|0x0000000087a00000, 0x0000000087a00000, 0x0000000087b00000|  0%| F|  |TAMS 0x0000000087a00000, 0x0000000087a00000| Untracked 
|  43|0x0000000087b00000, 0x0000000087b00000, 0x0000000087c00000|  0%| F|  |TAMS 0x0000000087b00000, 0x0000000087b00000| Untracked 
|  44|0x0000000087c00000, 0x0000000087c00000, 0x0000000087d00000|  0%| F|  |TAMS 0x0000000087c00000, 0x0000000087c00000| Untracked 
|  45|0x0000000087d00000, 0x0000000087d00000, 0x0000000087e00000|  0%| F|  |TAMS 0x0000000087d00000, 0x0000000087d00000| Untracked 
|  46|0x0000000087e00000, 0x0000000087e00000, 0x0000000087f00000|  0%| F|  |TAMS 0x0000000087e00000, 0x0000000087e00000| Untracked 
|  47|0x0000000087f00000, 0x0000000087f00000, 0x0000000088000000|  0%| F|  |TAMS 0x0000000087f00000, 0x0000000087f00000| Untracked 
|  48|0x0000000088000000, 0x0000000088000000, 0x0000000088100000|  0%| F|  |TAMS 0x0000000088000000, 0x0000000088000000| Untracked 
|  49|0x0000000088100000, 0x0000000088100000, 0x0000000088200000|  0%| F|  |TAMS 0x0000000088100000, 0x0000000088100000| Untracked 
|  50|0x0000000088200000, 0x0000000088200000, 0x0000000088300000|  0%| F|  |TAMS 0x0000000088200000, 0x0000000088200000| Untracked 
|  51|0x0000000088300000, 0x0000000088300000, 0x0000000088400000|  0%| F|  |TAMS 0x0000000088300000, 0x0000000088300000| Untracked 
|  52|0x0000000088400000, 0x0000000088400000, 0x0000000088500000|  0%| F|  |TAMS 0x0000000088400000, 0x0000000088400000| Untracked 
|  53|0x0000000088500000, 0x0000000088500000, 0x0000000088600000|  0%| F|  |TAMS 0x0000000088500000, 0x0000000088500000| Untracked 
|  54|0x0000000088600000, 0x0000000088600000, 0x0000000088700000|  0%| F|  |TAMS 0x0000000088600000, 0x0000000088600000| Untracked 
|  55|0x0000000088700000, 0x0000000088700000, 0x0000000088800000|  0%| F|  |TAMS 0x0000000088700000, 0x0000000088700000| Untracked 
|  56|0x0000000088800000, 0x0000000088800000, 0x0000000088900000|  0%| F|  |TAMS 0x0000000088800000, 0x0000000088800000| Untracked 
|  57|0x0000000088900000, 0x0000000088900000, 0x0000000088a00000|  0%| F|  |TAMS 0x0000000088900000, 0x0000000088900000| Untracked 
|  58|0x0000000088a00000, 0x0000000088a00000, 0x0000000088b00000|  0%| F|  |TAMS 0x0000000088a00000, 0x0000000088a00000| Untracked 
|  59|0x0000000088b00000, 0x0000000088b00000, 0x0000000088c00000|  0%| F|  |TAMS 0x0000000088b00000, 0x0000000088b00000| Untracked 
|  60|0x0000000088c00000, 0x0000000088c00000, 0x0000000088d00000|  0%| F|  |TAMS 0x0000000088c00000, 0x0000000088c00000| Untracked 
|  61|0x0000000088d00000, 0x0000000088d00000, 0x0000000088e00000|  0%| F|  |TAMS 0x0000000088d00000, 0x0000000088d00000| Untracked 
|  62|0x0000000088e00000, 0x0000000088e00000, 0x0000000088f00000|  0%| F|  |TAMS 0x0000000088e00000, 0x0000000088e00000| Untracked 
|  63|0x0000000088f00000, 0x0000000088f00000, 0x0000000089000000|  0%| F|  |TAMS 0x0000000088f00000, 0x0000000088f00000| Untracked 
|  64|0x0000000089000000, 0x0000000089000000, 0x0000000089100000|  0%| F|  |TAMS 0x0000000089000000, 0x0000000089000000| Untracked 
|  65|0x0000000089100000, 0x0000000089100000, 0x0000000089200000|  0%| F|  |TAMS 0x0000000089100000, 0x0000000089100000| Untracked 
|  66|0x0000000089200000, 0x0000000089200000, 0x0000000089300000|  0%| F|  |TAMS 0x0000000089200000, 0x0000000089200000| Untracked 
|  67|0x0000000089300000, 0x0000000089300000, 0x0000000089400000|  0%| F|  |TAMS 0x0000000089300000, 0x0000000089300000| Untracked 
|  68|0x0000000089400000, 0x0000000089400000, 0x0000000089500000|  0%| F|  |TAMS 0x0000000089400000, 0x0000000089400000| Untracked 
|  69|0x0000000089500000, 0x0000000089500000, 0x0000000089600000|  0%| F|  |TAMS 0x0000000089500000, 0x0000000089500000| Untracked 
|  70|0x0000000089600000, 0x0000000089600000, 0x0000000089700000|  0%| F|  |TAMS 0x0000000089600000, 0x0000000089600000| Untracked 
|  71|0x0000000089700000, 0x0000000089700000, 0x0000000089800000|  0%| F|  |TAMS 0x0000000089700000, 0x0000000089700000| Untracked 
|  72|0x0000000089800000, 0x0000000089800000, 0x0000000089900000|  0%| F|  |TAMS 0x0000000089800000, 0x0000000089800000| Untracked 
|  73|0x0000000089900000, 0x0000000089900000, 0x0000000089a00000|  0%| F|  |TAMS 0x0000000089900000, 0x0000000089900000| Untracked 
|  74|0x0000000089a00000, 0x0000000089a00000, 0x0000000089b00000|  0%| F|  |TAMS 0x0000000089a00000, 0x0000000089a00000| Untracked 
|  75|0x0000000089b00000, 0x0000000089b00000, 0x0000000089c00000|  0%| F|  |TAMS 0x0000000089b00000, 0x0000000089b00000| Untracked 
|  76|0x0000000089c00000, 0x0000000089c00000, 0x0000000089d00000|  0%| F|  |TAMS 0x0000000089c00000, 0x0000000089c00000| Untracked 
|  77|0x0000000089d00000, 0x0000000089d00000, 0x0000000089e00000|  0%| F|  |TAMS 0x0000000089d00000, 0x0000000089d00000| Untracked 
|  78|0x0000000089e00000, 0x0000000089e00000, 0x0000000089f00000|  0%| F|  |TAMS 0x0000000089e00000, 0x0000000089e00000| Untracked 
|  79|0x0000000089f00000, 0x0000000089f00000, 0x000000008a000000|  0%| F|  |TAMS 0x0000000089f00000, 0x0000000089f00000| Untracked 
|  80|0x000000008a000000, 0x000000008a000000, 0x000000008a100000|  0%| F|  |TAMS 0x000000008a000000, 0x000000008a000000| Untracked 
|  81|0x000000008a100000, 0x000000008a100000, 0x000000008a200000|  0%| F|  |TAMS 0x000000008a100000, 0x000000008a100000| Untracked 
|  82|0x000000008a200000, 0x000000008a200000, 0x000000008a300000|  0%| F|  |TAMS 0x000000008a200000, 0x000000008a200000| Untracked 
|  83|0x000000008a300000, 0x000000008a300000, 0x000000008a400000|  0%| F|  |TAMS 0x000000008a300000, 0x000000008a300000| Untracked 
|  84|0x000000008a400000, 0x000000008a400000, 0x000000008a500000|  0%| F|  |TAMS 0x000000008a400000, 0x000000008a400000| Untracked 
|  85|0x000000008a500000, 0x000000008a500000, 0x000000008a600000|  0%| F|  |TAMS 0x000000008a500000, 0x000000008a500000| Untracked 
|  86|0x000000008a600000, 0x000000008a600000, 0x000000008a700000|  0%| F|  |TAMS 0x000000008a600000, 0x000000008a600000| Untracked 
|  87|0x000000008a700000, 0x000000008a700000, 0x000000008a800000|  0%| F|  |TAMS 0x000000008a700000, 0x000000008a700000| Untracked 
|  88|0x000000008a800000, 0x000000008a800000, 0x000000008a900000|  0%| F|  |TAMS 0x000000008a800000, 0x000000008a800000| Untracked 
|  89|0x000000008a900000, 0x000000008a900000, 0x000000008aa00000|  0%| F|  |TAMS 0x000000008a900000, 0x000000008a900000| Untracked 
|  90|0x000000008aa00000, 0x000000008aa00000, 0x000000008ab00000|  0%| F|  |TAMS 0x000000008aa00000, 0x000000008aa00000| Untracked 
|  91|0x000000008ab00000, 0x000000008ab00000, 0x000000008ac00000|  0%| F|  |TAMS 0x000000008ab00000, 0x000000008ab00000| Untracked 
|  92|0x000000008ac00000, 0x000000008ac00000, 0x000000008ad00000|  0%| F|  |TAMS 0x000000008ac00000, 0x000000008ac00000| Untracked 
|  93|0x000000008ad00000, 0x000000008ad00000, 0x000000008ae00000|  0%| F|  |TAMS 0x000000008ad00000, 0x000000008ad00000| Untracked 
|  94|0x000000008ae00000, 0x000000008ae00000, 0x000000008af00000|  0%| F|  |TAMS 0x000000008ae00000, 0x000000008ae00000| Untracked 
|  95|0x000000008af00000, 0x000000008af00000, 0x000000008b000000|  0%| F|  |TAMS 0x000000008af00000, 0x000000008af00000| Untracked 
|  96|0x000000008b000000, 0x000000008b000000, 0x000000008b100000|  0%| F|  |TAMS 0x000000008b000000, 0x000000008b000000| Untracked 
|  97|0x000000008b100000, 0x000000008b100000, 0x000000008b200000|  0%| F|  |TAMS 0x000000008b100000, 0x000000008b100000| Untracked 
|  98|0x000000008b200000, 0x000000008b200000, 0x000000008b300000|  0%| F|  |TAMS 0x000000008b200000, 0x000000008b200000| Untracked 
|  99|0x000000008b300000, 0x000000008b300000, 0x000000008b400000|  0%| F|  |TAMS 0x000000008b300000, 0x000000008b300000| Untracked 
| 100|0x000000008b400000, 0x000000008b400000, 0x000000008b500000|  0%| F|  |TAMS 0x000000008b400000, 0x000000008b400000| Untracked 
| 101|0x000000008b500000, 0x000000008b500000, 0x000000008b600000|  0%| F|  |TAMS 0x000000008b500000, 0x000000008b500000| Untracked 
| 102|0x000000008b600000, 0x000000008b600000, 0x000000008b700000|  0%| F|  |TAMS 0x000000008b600000, 0x000000008b600000| Untracked 
| 103|0x000000008b700000, 0x000000008b700000, 0x000000008b800000|  0%| F|  |TAMS 0x000000008b700000, 0x000000008b700000| Untracked 
| 104|0x000000008b800000, 0x000000008b800000, 0x000000008b900000|  0%| F|  |TAMS 0x000000008b800000, 0x000000008b800000| Untracked 
| 105|0x000000008b900000, 0x000000008b900000, 0x000000008ba00000|  0%| F|  |TAMS 0x000000008b900000, 0x000000008b900000| Untracked 
| 106|0x000000008ba00000, 0x000000008ba00000, 0x000000008bb00000|  0%| F|  |TAMS 0x000000008ba00000, 0x000000008ba00000| Untracked 
| 107|0x000000008bb00000, 0x000000008bb00000, 0x000000008bc00000|  0%| F|  |TAMS 0x000000008bb00000, 0x000000008bb00000| Untracked 
| 108|0x000000008bc00000, 0x000000008bc5bda0, 0x000000008bd00000| 35%| S|CS|TAMS 0x000000008bc00000, 0x000000008bc00000| Complete 
| 109|0x000000008bd00000, 0x000000008be00000, 0x000000008be00000|100%| S|CS|TAMS 0x000000008bd00000, 0x000000008bd00000| Complete 
| 110|0x000000008be00000, 0x000000008be00000, 0x000000008bf00000|  0%| F|  |TAMS 0x000000008be00000, 0x000000008be00000| Untracked 
| 111|0x000000008bf00000, 0x000000008bf00000, 0x000000008c000000|  0%| F|  |TAMS 0x000000008bf00000, 0x000000008bf00000| Untracked 
| 112|0x000000008c000000, 0x000000008c000000, 0x000000008c100000|  0%| F|  |TAMS 0x000000008c000000, 0x000000008c000000| Untracked 
| 113|0x000000008c100000, 0x000000008c100000, 0x000000008c200000|  0%| F|  |TAMS 0x000000008c100000, 0x000000008c100000| Untracked 
| 114|0x000000008c200000, 0x000000008c200000, 0x000000008c300000|  0%| F|  |TAMS 0x000000008c200000, 0x000000008c200000| Untracked 
| 115|0x000000008c300000, 0x000000008c300000, 0x000000008c400000|  0%| F|  |TAMS 0x000000008c300000, 0x000000008c300000| Untracked 
| 116|0x000000008c400000, 0x000000008c400000, 0x000000008c500000|  0%| F|  |TAMS 0x000000008c400000, 0x000000008c400000| Untracked 
| 117|0x000000008c500000, 0x000000008c500000, 0x000000008c600000|  0%| F|  |TAMS 0x000000008c500000, 0x000000008c500000| Untracked 
| 118|0x000000008c600000, 0x000000008c600000, 0x000000008c700000|  0%| F|  |TAMS 0x000000008c600000, 0x000000008c600000| Untracked 
| 119|0x000000008c700000, 0x000000008c700000, 0x000000008c800000|  0%| F|  |TAMS 0x000000008c700000, 0x000000008c700000| Untracked 
| 120|0x000000008c800000, 0x000000008c800000, 0x000000008c900000|  0%| F|  |TAMS 0x000000008c800000, 0x000000008c800000| Untracked 
| 121|0x000000008c900000, 0x000000008c900000, 0x000000008ca00000|  0%| F|  |TAMS 0x000000008c900000, 0x000000008c900000| Untracked 
| 122|0x000000008ca00000, 0x000000008ca00000, 0x000000008cb00000|  0%| F|  |TAMS 0x000000008ca00000, 0x000000008ca00000| Untracked 
| 123|0x000000008cb00000, 0x000000008cb80800, 0x000000008cc00000| 50%| E|  |TAMS 0x000000008cb00000, 0x000000008cb00000| Complete 
|1966|0x00000000ffe00000, 0x00000000ffe34000, 0x00000000fff00000| 20%|OA|  |TAMS 0x00000000ffe00000, 0x00000000ffe00000| Untracked 
|1967|0x00000000fff00000, 0x00000000fff6a000, 0x0000000100000000| 41%|CA|  |TAMS 0x00000000fff00000, 0x00000000fff00000| Untracked 

Card table byte_map: [0x00007fb149da4000,0x00007fb14a17c000] _byte_map_base: 0x00007fb14997c000

Marking Bits (Prev, Next): (CMBitMap*) 0x00007fb14404f5d8, (CMBitMap*) 0x00007fb14404f610
 Prev Bits: [0x00007fb126140000, 0x00007fb128000000)
 Next Bits: [0x00007fb124280000, 0x00007fb126140000)

Polling page: 0x00007fb14ac6d000

Metaspace:

Usage:
  Non-class:      4.78 MB capacity,     4.57 MB ( 96%) used,   187.13 KB (  4%) free+waste,    28.56 KB ( <1%) overhead. 
      Class:    767.00 KB capacity,   583.45 KB ( 76%) used,   165.49 KB ( 22%) free+waste,    18.06 KB (  2%) overhead. 
       Both:      5.53 MB capacity,     5.14 MB ( 93%) used,   352.62 KB (  6%) free+waste,    46.62 KB ( <1%) overhead. 

Virtual space:
  Non-class space:        8.00 MB reserved,       5.00 MB ( 62%) committed 
      Class space:        1.00 GB reserved,     768.00 KB ( <1%) committed 
             Both:        1.01 GB reserved,       5.75 MB ( <1%) committed 

Chunk freelists:
   Non-Class:  53.00 KB
       Class:  1.00 KB
        Both:  54.00 KB

CodeHeap 'non-profiled nmethods': size=120032Kb used=239Kb max_used=239Kb free=119792Kb
 bounds [0x00007fb13441e000, 0x00007fb13468e000, 0x00007fb13b956000]
CodeHeap 'profiled nmethods': size=120032Kb used=1141Kb max_used=1141Kb free=118890Kb
 bounds [0x00007fb12cee6000, 0x00007fb12d156000, 0x00007fb13441e000]
CodeHeap 'non-nmethods': size=5696Kb used=1182Kb max_used=1208Kb free=4513Kb
 bounds [0x00007fb12c956000, 0x00007fb12cbc6000, 0x00007fb12cee6000]
 total_blobs=1306 nmethods=653 adapters=455
 compilation: enabled
              stopped_count=0, restarted_count=0
 full_count=0

Compilation events (10 events):
Event: 1.167 Thread 0x00007fb14411a800 nmethod 647 0x00007fb134456d10 code [0x00007fb134456ec0, 0x00007fb134456ff0]
Event: 1.167 Thread 0x00007fb14411a800  648       3       java.lang.String::lastIndexOf (29 bytes)
Event: 1.167 Thread 0x00007fb14411a800 nmethod 648 0x00007fb12d001690 code [0x00007fb12d001860, 0x00007fb12d001b58]
Event: 1.168 Thread 0x00007fb14411a800  649       3       java.lang.String::lastIndexOf (12 bytes)
Event: 1.168 Thread 0x00007fb14411a800 nmethod 649 0x00007fb12d001c90 code [0x00007fb12d001e80, 0x00007fb12d0022d8]
Event: 1.168 Thread 0x00007fb14411a800  650       3       java.lang.String::startsWith (7 bytes)
Event: 1.168 Thread 0x00007fb14411a800 nmethod 650 0x00007fb12d002490 code [0x00007fb12d002640, 0x00007fb12d0027e8]
Event: 1.168 Thread 0x00007fb14411a800  651       1       java.net.URL::getProtocol (5 bytes)
Event: 1.169 Thread 0x00007fb14411a800 nmethod 651 0x00007fb134457090 code [0x00007fb134457240, 0x00007fb134457370]
Event: 1.169 Thread 0x00007fb0f431b000 nmethod 607 0x00007fb134457410 code [0x00007fb1344575e0, 0x00007fb1344595d8]

GC Heap History (2 events):
Event: 1.169 GC heap before
{Heap before GC invocations=0 (full 0):
 garbage-first heap   total 129024K, used 23160K [0x0000000085000000, 0x0000000100000000)
  region size 1024K, 14 young (14336K), 0 survivors (0K)
 Metaspace       used 5252K, capacity 5594K, committed 5888K, reserved 1056768K
  class space    used 582K, capacity 767K, committed 768K, reserved 1048576K
}
Event: 1.175 GC heap after
{Heap after GC invocations=1 (full 0):
 garbage-first heap   total 129024K, used 10215K [0x0000000085000000, 0x0000000100000000)
  region size 1024K, 2 young (2048K), 2 survivors (2048K)
 Metaspace       used 5252K, capacity 5594K, committed 5888K, reserved 1056768K
  class space    used 582K, capacity 767K, committed 768K, reserved 1048576K
}

Deoptimization events (10 events):
Event: 1.160 Thread 0x00007fb14446d000 DEOPT PACKING pc=0x00007fb12cfdc38d sp=0x00007fb0ea576690
Event: 1.160 Thread 0x00007fb14446d000 DEOPT UNPACKING pc=0x00007fb12c97e83a sp=0x00007fb0ea575b20 mode 0
Event: 1.163 Thread 0x00007fb14446d000 DEOPT PACKING pc=0x00007fb12cfdc38d sp=0x00007fb0ea576690
Event: 1.163 Thread 0x00007fb14446d000 DEOPT UNPACKING pc=0x00007fb12c97e83a sp=0x00007fb0ea575b20 mode 0
Event: 1.163 Thread 0x00007fb14446d000 DEOPT PACKING pc=0x00007fb12cfdc38d sp=0x00007fb0ea576690
Event: 1.163 Thread 0x00007fb14446d000 DEOPT UNPACKING pc=0x00007fb12c97e83a sp=0x00007fb0ea575b20 mode 0
Event: 1.163 Thread 0x00007fb14446d000 DEOPT PACKING pc=0x00007fb12cfdc38d sp=0x00007fb0ea576690
Event: 1.163 Thread 0x00007fb14446d000 DEOPT UNPACKING pc=0x00007fb12c97e83a sp=0x00007fb0ea575b20 mode 0
Event: 1.163 Thread 0x00007fb14446d000 DEOPT PACKING pc=0x00007fb12cfdc38d sp=0x00007fb0ea576690
Event: 1.163 Thread 0x00007fb14446d000 DEOPT UNPACKING pc=0x00007fb12c97e83a sp=0x00007fb0ea575b20 mode 0

Classes redefined (0 events):
No events

Internal exceptions (10 events):
Event: 0.209 Thread 0x00007fb144011800 Exception <a 'java/lang/NoSuchMethodError'{0x000000008c8c0da0}: 'java.lang.Object java.lang.invoke.DirectMethodHandle$Holder.invokeStatic(java.lang.Object, int, java.lang.Object, java.lang.Object, java.lang.Object)'> (0x000000008c8c0da0) thrown at [/build
Event: 0.209 Thread 0x00007fb144011800 Exception <a 'java/lang/NoSuchMethodError'{0x000000008c8c48e8}: 'java.lang.Object java.lang.invoke.DirectMethodHandle$Holder.invokeSpecial(java.lang.Object, java.lang.Object, int, java.lang.Object, java.lang.Object, java.lang.Object)'> (0x000000008c8c48e8
Event: 0.212 Thread 0x00007fb144011800 Exception <a 'java/lang/NoSuchMethodError'{0x000000008c8dc408}: 'java.lang.Object java.lang.invoke.DirectMethodHandle$Holder.invokeStatic(java.lang.Object, int, java.lang.Object)'> (0x000000008c8dc408) thrown at [/build/openjdk-lts-ZT5jEu/openjdk-lts-11.0
Event: 0.984 Thread 0x00007fb144011800 Exception <a 'java/lang/NoSuchMethodError'{0x000000008c7756b0}: 'java.lang.Object java.lang.invoke.DirectMethodHandle$Holder.invokeStatic(java.lang.Object, java.lang.Object, java.lang.Object, java.lang.Object, java.lang.Object, java.lang.Object, java.lang
Event: 0.985 Thread 0x00007fb144011800 Exception <a 'java/lang/NoSuchMethodError'{0x000000008c78f610}: 'java.lang.Object java.lang.invoke.DirectMethodHandle$Holder.invokeStatic(java.lang.Object, java.lang.Object, java.lang.Object, java.lang.Object, java.lang.Object, java.lang.Object, java.lang
Event: 0.994 Thread 0x00007fb144011800 Exception <a 'java/lang/NoSuchMethodError'{0x000000008c79b9d8}: 'void java.lang.invoke.DirectMethodHandle$Holder.invokeSpecial(java.lang.Object, java.lang.Object)'> (0x000000008c79b9d8) thrown at [/build/openjdk-lts-ZT5jEu/openjdk-lts-11.0.4+11/src/hotspo
Event: 1.045 Thread 0x00007fb144011800 Exception <a 'java/lang/NoSuchMethodError'{0x000000008c6c1b98}: 'java.lang.Object java.lang.invoke.Invokers$Holder.linkToTargetMethod(java.lang.Object, int, java.lang.Object)'> (0x000000008c6c1b98) thrown at [/build/openjdk-lts-ZT5jEu/openjdk-lts-11.0.4+1
Event: 1.058 Thread 0x00007fb144011800 Exception <a 'java/lang/ClassNotFoundException'{0x000000008c52cdb8}: com/sun/swing/internal/plaf/metal/resources/spi/metalProvider> (0x000000008c52cdb8) thrown at [/build/openjdk-lts-ZT5jEu/openjdk-lts-11.0.4+11/src/hotspot/share/classfile/systemDictionar
Event: 1.060 Thread 0x00007fb144011800 Exception <a 'java/lang/ClassNotFoundException'{0x000000008c530cc0}: com/sun/swing/internal/plaf/basic/resources/spi/basicProvider> (0x000000008c530cc0) thrown at [/build/openjdk-lts-ZT5jEu/openjdk-lts-11.0.4+11/src/hotspot/share/classfile/systemDictionar
Event: 1.176 Thread 0x00007fb144475000 Exception <a 'java/lang/NoSuchMethodError'{0x000000008cb000c0}: getAllRobots> (0x000000008cb000c0) thrown at [/build/openjdk-lts-ZT5jEu/openjdk-lts-11.0.4+11/src/hotspot/share/prims/jni.cpp, line 1333]

Events (10 events):
Event: 1.168 loading class AI_Robot done
Event: 1.168 loading class AIGroup
Event: 1.168 loading class AIGroup done
Event: 1.169 loading class CRobot$1
Event: 1.169 loading class CRobot$1 done
Event: 1.169 Thread 0x00007fb144475000 Thread added: 0x00007fb144475000
Event: 1.169 loading class AI_Robot$1
Event: 1.169 loading class AI_Robot$1 done
Event: 1.169 Executing VM operation: G1CollectForAllocation
Event: 1.175 Executing VM operation: G1CollectForAllocation done


Dynamic libraries:
85000000-8cc00000 rw-p 00000000 00:00 0 
8cc00000-ffe00000 ---p 00000000 00:00 0 
ffe00000-ffe34000 rw-p 01116000 08:02 23990720                           /usr/lib/jvm/java-11-openjdk-amd64/lib/server/classes.jsa
ffe34000-fff00000 rw-p 00000000 00:00 0 
fff00000-fff6a000 rw-p 010ac000 08:02 23990720                           /usr/lib/jvm/java-11-openjdk-amd64/lib/server/classes.jsa
fff6a000-100000000 rw-p 00000000 00:00 0 
800000000-800002000 rwxp 00001000 08:02 23990720                         /usr/lib/jvm/java-11-openjdk-amd64/lib/server/classes.jsa
800002000-8003bd000 rw-p 00003000 08:02 23990720                         /usr/lib/jvm/java-11-openjdk-amd64/lib/server/classes.jsa
8003bd000-800a98000 r--p 003be000 08:02 23990720                         /usr/lib/jvm/java-11-openjdk-amd64/lib/server/classes.jsa
800a98000-800a99000 rw-p 00a99000 08:02 23990720                         /usr/lib/jvm/java-11-openjdk-amd64/lib/server/classes.jsa
800a99000-8010ab000 r--p 00a9a000 08:02 23990720                         /usr/lib/jvm/java-11-openjdk-amd64/lib/server/classes.jsa
840000000-8400c0000 rw-p 00000000 00:00 0 
8400c0000-880000000 ---p 00000000 00:00 0 
564fdc954000-564fdc955000 r--p 00000000 08:02 23597129                   /usr/lib/jvm/java-11-openjdk-amd64/bin/java
564fdc955000-564fdc956000 r-xp 00001000 08:02 23597129                   /usr/lib/jvm/java-11-openjdk-amd64/bin/java
564fdc956000-564fdc957000 r--p 00002000 08:02 23597129                   /usr/lib/jvm/java-11-openjdk-amd64/bin/java
564fdc957000-564fdc958000 r--p 00002000 08:02 23597129                   /usr/lib/jvm/java-11-openjdk-amd64/bin/java
564fdc958000-564fdc959000 rw-p 00003000 08:02 23597129                   /usr/lib/jvm/java-11-openjdk-amd64/bin/java
564fdca05000-564fdca26000 rw-p 00000000 00:00 0                          [heap]
7fb0b0000000-7fb0b0021000 rw-p 00000000 00:00 0 
7fb0b0021000-7fb0b4000000 ---p 00000000 00:00 0 
7fb0b8000000-7fb0b8021000 rw-p 00000000 00:00 0 
7fb0b8021000-7fb0bc000000 ---p 00000000 00:00 0 
7fb0bc000000-7fb0bc021000 rw-p 00000000 00:00 0 
7fb0bc021000-7fb0c0000000 ---p 00000000 00:00 0 
7fb0c0000000-7fb0c0021000 rw-p 00000000 00:00 0 
7fb0c0021000-7fb0c4000000 ---p 00000000 00:00 0 
7fb0c4000000-7fb0c4021000 rw-p 00000000 00:00 0 
7fb0c4021000-7fb0c8000000 ---p 00000000 00:00 0 
7fb0c8000000-7fb0c839a000 rw-p 00000000 00:00 0 
7fb0c839a000-7fb0cc000000 ---p 00000000 00:00 0 
7fb0cc000000-7fb0cc030000 rw-p 00000000 00:00 0 
7fb0cc030000-7fb0d0000000 ---p 00000000 00:00 0 
7fb0d0000000-7fb0d0021000 rw-p 00000000 00:00 0 
7fb0d0021000-7fb0d4000000 ---p 00000000 00:00 0 
7fb0d4000000-7fb0d4021000 rw-p 00000000 00:00 0 
7fb0d4021000-7fb0d8000000 ---p 00000000 00:00 0 
7fb0d8000000-7fb0d8021000 rw-p 00000000 00:00 0 
7fb0d8021000-7fb0dc000000 ---p 00000000 00:00 0 
7fb0dc000000-7fb0dc021000 rw-p 00000000 00:00 0 
7fb0dc021000-7fb0e0000000 ---p 00000000 00:00 0 
7fb0e0000000-7fb0e0021000 rw-p 00000000 00:00 0 
7fb0e0021000-7fb0e4000000 ---p 00000000 00:00 0 
7fb0e4000000-7fb0e4021000 rw-p 00000000 00:00 0 
7fb0e4021000-7fb0e8000000 ---p 00000000 00:00 0 
7fb0e9f6f000-7fb0e9f73000 ---p 00000000 00:00 0 
7fb0e9f73000-7fb0ea070000 rw-p 00000000 00:00 0 
7fb0ea070000-7fb0ea071000 ---p 00000000 00:00 0 
7fb0ea071000-7fb0ea172000 rw-p 00000000 00:00 0 
7fb0ea172000-7fb0ea173000 ---p 00000000 00:00 0 
7fb0ea173000-7fb0ea274000 rw-p 00000000 00:00 0 
7fb0ea274000-7fb0ea275000 ---p 00000000 00:00 0 
7fb0ea275000-7fb0ea376000 rw-p 00000000 00:00 0 
7fb0ea376000-7fb0ea37a000 ---p 00000000 00:00 0 
7fb0ea37a000-7fb0ea477000 rw-p 00000000 00:00 0 
7fb0ea477000-7fb0ea47b000 ---p 00000000 00:00 0 
7fb0ea47b000-7fb0ea578000 rw-p 00000000 00:00 0 
7fb0ea578000-7fb0ea57c000 ---p 00000000 00:00 0 
7fb0ea57c000-7fb0ea679000 rw-p 00000000 00:00 0 
7fb0ea679000-7fb0ea67d000 ---p 00000000 00:00 0 
7fb0ea67d000-7fb0ea77a000 rw-p 00000000 00:00 0 
7fb0ea7fd000-7fb0ea7fe000 ---p 00000000 00:00 0 
7fb0ea7fe000-7fb0eaffe000 rw-p 00000000 00:00 0 
7fb0eaffe000-7fb0eafff000 ---p 00000000 00:00 0 
7fb0eafff000-7fb0eb7ff000 rw-p 00000000 00:00 0 
7fb0eb7ff000-7fb0eb800000 ---p 00000000 00:00 0 
7fb0eb800000-7fb0ec000000 rw-p 00000000 00:00 0 
7fb0ec000000-7fb0ec021000 rw-p 00000000 00:00 0 
7fb0ec021000-7fb0f0000000 ---p 00000000 00:00 0 
7fb0f0000000-7fb0f0021000 rw-p 00000000 00:00 0 
7fb0f0021000-7fb0f4000000 ---p 00000000 00:00 0 
7fb0f4000000-7fb0f441d000 rw-p 00000000 00:00 0 
7fb0f441d000-7fb0f8000000 ---p 00000000 00:00 0 
7fb0f8000000-7fb0f8021000 rw-p 00000000 00:00 0 
7fb0f8021000-7fb0fc000000 ---p 00000000 00:00 0 
7fb0fc000000-7fb0fc021000 rw-p 00000000 00:00 0 
7fb0fc021000-7fb100000000 ---p 00000000 00:00 0 
7fb100000000-7fb100572000 rw-p 00000000 00:00 0 
7fb100572000-7fb104000000 ---p 00000000 00:00 0 
7fb104000000-7fb104021000 rw-p 00000000 00:00 0 
7fb104021000-7fb108000000 ---p 00000000 00:00 0 
7fb108000000-7fb108021000 rw-p 00000000 00:00 0 
7fb108021000-7fb10c000000 ---p 00000000 00:00 0 
7fb10c000000-7fb10c021000 rw-p 00000000 00:00 0 
7fb10c021000-7fb110000000 ---p 00000000 00:00 0 
7fb110000000-7fb110021000 rw-p 00000000 00:00 0 
7fb110021000-7fb114000000 ---p 00000000 00:00 0 
7fb114000000-7fb114021000 rw-p 00000000 00:00 0 
7fb114021000-7fb118000000 ---p 00000000 00:00 0 
7fb118000000-7fb118021000 rw-p 00000000 00:00 0 
7fb118021000-7fb11c000000 ---p 00000000 00:00 0 
7fb11c074000-7fb11c078000 ---p 00000000 00:00 0 
7fb11c078000-7fb11c175000 rw-p 00000000 00:00 0 
7fb11c175000-7fb11c17a000 r-xp 00000000 08:02 23600531                   /usr/lib/x86_64-linux-gnu/libXfixes.so.3.1.0
7fb11c17a000-7fb11c379000 ---p 00005000 08:02 23600531                   /usr/lib/x86_64-linux-gnu/libXfixes.so.3.1.0
7fb11c379000-7fb11c37a000 r--p 00004000 08:02 23600531                   /usr/lib/x86_64-linux-gnu/libXfixes.so.3.1.0
7fb11c37a000-7fb11c37b000 rw-p 00005000 08:02 23600531                   /usr/lib/x86_64-linux-gnu/libXfixes.so.3.1.0
7fb11c37b000-7fb11c37d000 r--p 00000000 08:02 23600523                   /usr/lib/x86_64-linux-gnu/libXcursor.so.1.0.2
7fb11c37d000-7fb11c382000 r-xp 00002000 08:02 23600523                   /usr/lib/x86_64-linux-gnu/libXcursor.so.1.0.2
7fb11c382000-7fb11c384000 r--p 00007000 08:02 23600523                   /usr/lib/x86_64-linux-gnu/libXcursor.so.1.0.2
7fb11c384000-7fb11c385000 r--p 00008000 08:02 23600523                   /usr/lib/x86_64-linux-gnu/libXcursor.so.1.0.2
7fb11c385000-7fb11c386000 rw-p 00009000 08:02 23600523                   /usr/lib/x86_64-linux-gnu/libXcursor.so.1.0.2
7fb11c393000-7fb11c394000 r--p 00000000 08:02 27001589                   /home/kramer/Downloads/RobotArena-master/RobotAreana/AIBasic/build/libs/mynativelibrary/shared/libmynativelibrary.so
7fb11c394000-7fb11c395000 r-xp 00001000 08:02 27001589                   /home/kramer/Downloads/RobotArena-master/RobotAreana/AIBasic/build/libs/mynativelibrary/shared/libmynativelibrary.so
7fb11c395000-7fb11c396000 r--p 00002000 08:02 27001589                   /home/kramer/Downloads/RobotArena-master/RobotAreana/AIBasic/build/libs/mynativelibrary/shared/libmynativelibrary.so
7fb11c396000-7fb11c397000 r--p 00002000 08:02 27001589                   /home/kramer/Downloads/RobotArena-master/RobotAreana/AIBasic/build/libs/mynativelibrary/shared/libmynativelibrary.so
7fb11c397000-7fb11c398000 rw-p 00003000 08:02 27001589                   /home/kramer/Downloads/RobotArena-master/RobotAreana/AIBasic/build/libs/mynativelibrary/shared/libmynativelibrary.so
7fb11c398000-7fb11c3be000 r--p 00000000 08:02 25043479                   /usr/share/glib-2.0/schemas/gschemas.compiled
7fb11c3be000-7fb11c3c0000 r--p 00000000 08:02 23601822                   /usr/lib/x86_64-linux-gnu/libuuid.so.1.3.0
7fb11c3c0000-7fb11c3c4000 r-xp 00002000 08:02 23601822                   /usr/lib/x86_64-linux-gnu/libuuid.so.1.3.0
7fb11c3c4000-7fb11c3c5000 r--p 00006000 08:02 23601822                   /usr/lib/x86_64-linux-gnu/libuuid.so.1.3.0
7fb11c3c5000-7fb11c3c6000 r--p 00006000 08:02 23601822                   /usr/lib/x86_64-linux-gnu/libuuid.so.1.3.0
7fb11c3c6000-7fb11c3c7000 rw-p 00007000 08:02 23601822                   /usr/lib/x86_64-linux-gnu/libuuid.so.1.3.0
7fb11c3c7000-7fb11c3d1000 r--p 00000000 08:02 23600663                   /usr/lib/x86_64-linux-gnu/libblkid.so.1.1.0
7fb11c3d1000-7fb11c405000 r-xp 0000a000 08:02 23600663                   /usr/lib/x86_64-linux-gnu/libblkid.so.1.1.0
7fb11c405000-7fb11c415000 r--p 0003e000 08:02 23600663                   /usr/lib/x86_64-linux-gnu/libblkid.so.1.1.0
7fb11c415000-7fb11c416000 ---p 0004e000 08:02 23600663                   /usr/lib/x86_64-linux-gnu/libblkid.so.1.1.0
7fb11c416000-7fb11c41b000 r--p 0004e000 08:02 23600663                   /usr/lib/x86_64-linux-gnu/libblkid.so.1.1.0
7fb11c41b000-7fb11c41c000 rw-p 00053000 08:02 23600663                   /usr/lib/x86_64-linux-gnu/libblkid.so.1.1.0
7fb11c41c000-7fb11c41e000 r--p 00000000 08:02 23600923                   /usr/lib/x86_64-linux-gnu/libffi.so.6.0.4
7fb11c41e000-7fb11c423000 r-xp 00002000 08:02 23600923                   /usr/lib/x86_64-linux-gnu/libffi.so.6.0.4
7fb11c423000-7fb11c424000 r--p 00007000 08:02 23600923                   /usr/lib/x86_64-linux-gnu/libffi.so.6.0.4
7fb11c424000-7fb11c425000 r--p 00007000 08:02 23600923                   /usr/lib/x86_64-linux-gnu/libffi.so.6.0.4
7fb11c425000-7fb11c426000 rw-p 00008000 08:02 23600923                   /usr/lib/x86_64-linux-gnu/libffi.so.6.0.4
7fb11c426000-7fb11c428000 r--p 00000000 08:02 23601506                   /usr/lib/x86_64-linux-gnu/libpcre.so.3.13.3
7fb11c428000-7fb11c47a000 r-xp 00002000 08:02 23601506                   /usr/lib/x86_64-linux-gnu/libpcre.so.3.13.3
7fb11c47a000-7fb11c498000 r--p 00054000 08:02 23601506                   /usr/lib/x86_64-linux-gnu/libpcre.so.3.13.3
7fb11c498000-7fb11c499000 r--p 00071000 08:02 23601506                   /usr/lib/x86_64-linux-gnu/libpcre.so.3.13.3
7fb11c499000-7fb11c49a000 rw-p 00072000 08:02 23601506                   /usr/lib/x86_64-linux-gnu/libpcre.so.3.13.3
7fb11c49a000-7fb11c4a0000 r--p 00000000 08:02 23601661                   /usr/lib/x86_64-linux-gnu/libselinux.so.1
7fb11c4a0000-7fb11c4b8000 r-xp 00006000 08:02 23601661                   /usr/lib/x86_64-linux-gnu/libselinux.so.1
7fb11c4b8000-7fb11c4bf000 r--p 0001e000 08:02 23601661                   /usr/lib/x86_64-linux-gnu/libselinux.so.1
7fb11c4bf000-7fb11c4c0000 ---p 00025000 08:02 23601661                   /usr/lib/x86_64-linux-gnu/libselinux.so.1
7fb11c4c0000-7fb11c4c1000 r--p 00025000 08:02 23601661                   /usr/lib/x86_64-linux-gnu/libselinux.so.1
7fb11c4c1000-7fb11c4c2000 rw-p 00026000 08:02 23601661                   /usr/lib/x86_64-linux-gnu/libselinux.so.1
7fb11c4c2000-7fb11c4c4000 rw-p 00000000 00:00 0 
7fb11c4c4000-7fb11c4cf000 r--p 00000000 08:02 23601326                   /usr/lib/x86_64-linux-gnu/libmount.so.1.1.0
7fb11c4cf000-7fb11c50a000 r-xp 0000b000 08:02 23601326                   /usr/lib/x86_64-linux-gnu/libmount.so.1.1.0
7fb11c50a000-7fb11c51c000 r--p 00046000 08:02 23601326                   /usr/lib/x86_64-linux-gnu/libmount.so.1.1.0
7fb11c51c000-7fb11c51f000 r--p 00057000 08:02 23601326                   /usr/lib/x86_64-linux-gnu/libmount.so.1.1.0
7fb11c51f000-7fb11c520000 rw-p 0005a000 08:02 23601326                   /usr/lib/x86_64-linux-gnu/libmount.so.1.1.0
7fb11c520000-7fb11c53b000 r--p 00000000 08:02 23593383                   /usr/lib/x86_64-linux-gnu/libglib-2.0.so.0.6000.0
7fb11c53b000-7fb11c5bb000 r-xp 0001b000 08:02 23593383                   /usr/lib/x86_64-linux-gnu/libglib-2.0.so.0.6000.0
7fb11c5bb000-7fb11c63d000 r--p 0009b000 08:02 23593383                   /usr/lib/x86_64-linux-gnu/libglib-2.0.so.0.6000.0
7fb11c63d000-7fb11c63e000 ---p 0011d000 08:02 23593383                   /usr/lib/x86_64-linux-gnu/libglib-2.0.so.0.6000.0
7fb11c63e000-7fb11c63f000 r--p 0011d000 08:02 23593383                   /usr/lib/x86_64-linux-gnu/libglib-2.0.so.0.6000.0
7fb11c63f000-7fb11c640000 rw-p 0011e000 08:02 23593383                   /usr/lib/x86_64-linux-gnu/libglib-2.0.so.0.6000.0
7fb11c640000-7fb11c641000 rw-p 00000000 00:00 0 
7fb11c641000-7fb11c678000 r--p 00000000 08:02 23593360                   /usr/lib/x86_64-linux-gnu/libgio-2.0.so.0.6000.0
7fb11c678000-7fb11c779000 r-xp 00037000 08:02 23593360                   /usr/lib/x86_64-linux-gnu/libgio-2.0.so.0.6000.0
7fb11c779000-7fb11c7ff000 r--p 00138000 08:02 23593360                   /usr/lib/x86_64-linux-gnu/libgio-2.0.so.0.6000.0
7fb11c7ff000-7fb11c807000 r--p 001bd000 08:02 23593360                   /usr/lib/x86_64-linux-gnu/libgio-2.0.so.0.6000.0
7fb11c807000-7fb11c808000 rw-p 001c5000 08:02 23593360                   /usr/lib/x86_64-linux-gnu/libgio-2.0.so.0.6000.0
7fb11c808000-7fb11c80a000 rw-p 00000000 00:00 0 
7fb11c80a000-7fb11c814000 r-xp 00000000 08:02 23600547                   /usr/lib/x86_64-linux-gnu/libXrandr.so.2.2.0
7fb11c814000-7fb11ca13000 ---p 0000a000 08:02 23600547                   /usr/lib/x86_64-linux-gnu/libXrandr.so.2.2.0
7fb11ca13000-7fb11ca14000 r--p 00009000 08:02 23600547                   /usr/lib/x86_64-linux-gnu/libXrandr.so.2.2.0
7fb11ca14000-7fb11ca15000 rw-p 0000a000 08:02 23600547                   /usr/lib/x86_64-linux-gnu/libXrandr.so.2.2.0
7fb11ca15000-7fb11ca21000 r--p 00000000 08:02 23600949                   /usr/lib/x86_64-linux-gnu/libfreetype.so.6.16.1
7fb11ca21000-7fb11ca9e000 r-xp 0000c000 08:02 23600949                   /usr/lib/x86_64-linux-gnu/libfreetype.so.6.16.1
7fb11ca9e000-7fb11cac7000 r--p 00089000 08:02 23600949                   /usr/lib/x86_64-linux-gnu/libfreetype.so.6.16.1
7fb11cac7000-7fb11cac8000 ---p 000b2000 08:02 23600949                   /usr/lib/x86_64-linux-gnu/libfreetype.so.6.16.1
7fb11cac8000-7fb11cacf000 r--p 000b2000 08:02 23600949                   /usr/lib/x86_64-linux-gnu/libfreetype.so.6.16.1
7fb11cacf000-7fb11cad0000 rw-p 000b9000 08:02 23600949                   /usr/lib/x86_64-linux-gnu/libfreetype.so.6.16.1
7fb11cad0000-7fb11cad4000 r--p 00000000 08:02 23990635                   /usr/lib/jvm/java-11-openjdk-amd64/lib/libfontmanager.so
7fb11cad4000-7fb11cbc6000 r-xp 00004000 08:02 23990635                   /usr/lib/jvm/java-11-openjdk-amd64/lib/libfontmanager.so
7fb11cbc6000-7fb11cc06000 r--p 000f6000 08:02 23990635                   /usr/lib/jvm/java-11-openjdk-amd64/lib/libfontmanager.so
7fb11cc06000-7fb11cc07000 r--p 00135000 08:02 23990635                   /usr/lib/jvm/java-11-openjdk-amd64/lib/libfontmanager.so
7fb11cc07000-7fb11cc08000 rw-p 00136000 08:02 23990635                   /usr/lib/jvm/java-11-openjdk-amd64/lib/libfontmanager.so
7fb11cc08000-7fb11cc0b000 rw-p 00000000 00:00 0 
7fb11cc0b000-7fb11cc10000 r-xp 00000000 08:02 23600527                   /usr/lib/x86_64-linux-gnu/libXdmcp.so.6.0.0
7fb11cc10000-7fb11ce0f000 ---p 00005000 08:02 23600527                   /usr/lib/x86_64-linux-gnu/libXdmcp.so.6.0.0
7fb11ce0f000-7fb11ce10000 r--p 00004000 08:02 23600527                   /usr/lib/x86_64-linux-gnu/libXdmcp.so.6.0.0
7fb11ce10000-7fb11ce11000 rw-p 00005000 08:02 23600527                   /usr/lib/x86_64-linux-gnu/libXdmcp.so.6.0.0
7fb11ce11000-7fb11ce13000 r-xp 00000000 08:02 23600516                   /usr/lib/x86_64-linux-gnu/libXau.so.6.0.0
7fb11ce13000-7fb11d013000 ---p 00002000 08:02 23600516                   /usr/lib/x86_64-linux-gnu/libXau.so.6.0.0
7fb11d013000-7fb11d014000 r--p 00002000 08:02 23600516                   /usr/lib/x86_64-linux-gnu/libXau.so.6.0.0
7fb11d014000-7fb11d015000 rw-p 00003000 08:02 23600516                   /usr/lib/x86_64-linux-gnu/libXau.so.6.0.0
7fb11d015000-7fb11d024000 r-xp 00000000 08:02 23600537                   /usr/lib/x86_64-linux-gnu/libXi.so.6.1.0
7fb11d024000-7fb11d223000 ---p 0000f000 08:02 23600537                   /usr/lib/x86_64-linux-gnu/libXi.so.6.1.0
7fb11d223000-7fb11d224000 r--p 0000e000 08:02 23600537                   /usr/lib/x86_64-linux-gnu/libXi.so.6.1.0
7fb11d224000-7fb11d225000 rw-p 0000f000 08:02 23600537                   /usr/lib/x86_64-linux-gnu/libXi.so.6.1.0
7fb11d225000-7fb11e000000 r--p 00000000 08:02 23600058                   /usr/lib/locale/locale-archive
7fb11e000000-7fb120000000 rw-p 00000000 00:00 0 
7fb120000000-7fb120021000 rw-p 00000000 00:00 0 
7fb120021000-7fb124000000 ---p 00000000 00:00 0 
7fb124003000-7fb124007000 r--p 00000000 08:02 23601610                   /usr/lib/x86_64-linux-gnu/libresolv-2.29.so
7fb124007000-7fb124016000 r-xp 00004000 08:02 23601610                   /usr/lib/x86_64-linux-gnu/libresolv-2.29.so
7fb124016000-7fb124019000 r--p 00013000 08:02 23601610                   /usr/lib/x86_64-linux-gnu/libresolv-2.29.so
7fb124019000-7fb12401a000 ---p 00016000 08:02 23601610                   /usr/lib/x86_64-linux-gnu/libresolv-2.29.so
7fb12401a000-7fb12401b000 r--p 00016000 08:02 23601610                   /usr/lib/x86_64-linux-gnu/libresolv-2.29.so
7fb12401b000-7fb12401c000 rw-p 00017000 08:02 23601610                   /usr/lib/x86_64-linux-gnu/libresolv-2.29.so
7fb12401c000-7fb12401e000 rw-p 00000000 00:00 0 
7fb12401e000-7fb12402c000 r--p 00000000 08:02 23593408                   /usr/lib/x86_64-linux-gnu/libgobject-2.0.so.0.6000.0
7fb12402c000-7fb12405e000 r-xp 0000e000 08:02 23593408                   /usr/lib/x86_64-linux-gnu/libgobject-2.0.so.0.6000.0
7fb12405e000-7fb124076000 r--p 00040000 08:02 23593408                   /usr/lib/x86_64-linux-gnu/libgobject-2.0.so.0.6000.0
7fb124076000-7fb124079000 r--p 00057000 08:02 23593408                   /usr/lib/x86_64-linux-gnu/libgobject-2.0.so.0.6000.0
7fb124079000-7fb12407a000 rw-p 0005a000 08:02 23593408                   /usr/lib/x86_64-linux-gnu/libgobject-2.0.so.0.6000.0
7fb12407a000-7fb12407f000 r-xp 00000000 08:02 23600555                   /usr/lib/x86_64-linux-gnu/libXtst.so.6.1.0
7fb12407f000-7fb12427e000 ---p 00005000 08:02 23600555                   /usr/lib/x86_64-linux-gnu/libXtst.so.6.1.0
7fb12427e000-7fb12427f000 r--p 00004000 08:02 23600555                   /usr/lib/x86_64-linux-gnu/libXtst.so.6.1.0
7fb12427f000-7fb124280000 rw-p 00005000 08:02 23600555                   /usr/lib/x86_64-linux-gnu/libXtst.so.6.1.0
7fb124280000-7fb124470000 rw-p 00000000 00:00 0 
7fb124470000-7fb126138000 ---p 00000000 00:00 0 
7fb126138000-7fb126330000 rw-p 00000000 00:00 0 
7fb126330000-7fb127ff8000 ---p 00000000 00:00 0 
7fb127ff8000-7fb128000000 rw-p 00000000 00:00 0 
7fb128000000-7fb128021000 rw-p 00000000 00:00 0 
7fb128021000-7fb12c000000 ---p 00000000 00:00 0 
7fb12c001000-7fb12c004000 r--p 00000000 08:02 24906119                   /home/kramer/.config/dconf/user
7fb12c004000-7fb12c005000 r--p 00000000 08:02 23593407                   /usr/lib/x86_64-linux-gnu/libgmodule-2.0.so.0.6000.0
7fb12c005000-7fb12c007000 r-xp 00001000 08:02 23593407                   /usr/lib/x86_64-linux-gnu/libgmodule-2.0.so.0.6000.0
7fb12c007000-7fb12c008000 r--p 00003000 08:02 23593407                   /usr/lib/x86_64-linux-gnu/libgmodule-2.0.so.0.6000.0
7fb12c008000-7fb12c009000 r--p 00003000 08:02 23593407                   /usr/lib/x86_64-linux-gnu/libgmodule-2.0.so.0.6000.0
7fb12c009000-7fb12c00a000 rw-p 00004000 08:02 23593407                   /usr/lib/x86_64-linux-gnu/libgmodule-2.0.so.0.6000.0
7fb12c00a000-7fb12c00f000 r--p 00000000 08:02 23601542                   /usr/lib/x86_64-linux-gnu/libpng16.so.16.36.0
7fb12c00f000-7fb12c033000 r-xp 00005000 08:02 23601542                   /usr/lib/x86_64-linux-gnu/libpng16.so.16.36.0
7fb12c033000-7fb12c03f000 r--p 00029000 08:02 23601542                   /usr/lib/x86_64-linux-gnu/libpng16.so.16.36.0
7fb12c03f000-7fb12c040000 r--p 00034000 08:02 23601542                   /usr/lib/x86_64-linux-gnu/libpng16.so.16.36.0
7fb12c040000-7fb12c041000 rw-p 00035000 08:02 23601542                   /usr/lib/x86_64-linux-gnu/libpng16.so.16.36.0
7fb12c041000-7fb12c045000 r--p 00000000 08:02 23600683                   /usr/lib/x86_64-linux-gnu/libbsd.so.0.9.1
7fb12c045000-7fb12c054000 r-xp 00004000 08:02 23600683                   /usr/lib/x86_64-linux-gnu/libbsd.so.0.9.1
7fb12c054000-7fb12c057000 r--p 00013000 08:02 23600683                   /usr/lib/x86_64-linux-gnu/libbsd.so.0.9.1
7fb12c057000-7fb12c058000 ---p 00016000 08:02 23600683                   /usr/lib/x86_64-linux-gnu/libbsd.so.0.9.1
7fb12c058000-7fb12c059000 r--p 00016000 08:02 23600683                   /usr/lib/x86_64-linux-gnu/libbsd.so.0.9.1
7fb12c059000-7fb12c05a000 rw-p 00017000 08:02 23600683                   /usr/lib/x86_64-linux-gnu/libbsd.so.0.9.1
7fb12c05a000-7fb12c05b000 rw-p 00000000 00:00 0 
7fb12c05b000-7fb12c066000 r--p 00000000 08:02 23601932                   /usr/lib/x86_64-linux-gnu/libxcb.so.1.1.0
7fb12c066000-7fb12c079000 r-xp 0000b000 08:02 23601932                   /usr/lib/x86_64-linux-gnu/libxcb.so.1.1.0
7fb12c079000-7fb12c082000 r--p 0001e000 08:02 23601932                   /usr/lib/x86_64-linux-gnu/libxcb.so.1.1.0
7fb12c082000-7fb12c083000 r--p 00026000 08:02 23601932                   /usr/lib/x86_64-linux-gnu/libxcb.so.1.1.0
7fb12c083000-7fb12c084000 rw-p 00027000 08:02 23601932                   /usr/lib/x86_64-linux-gnu/libxcb.so.1.1.0
7fb12c084000-7fb12c08d000 r-xp 00000000 08:02 23600549                   /usr/lib/x86_64-linux-gnu/libXrender.so.1.3.0
7fb12c08d000-7fb12c28c000 ---p 00009000 08:02 23600549                   /usr/lib/x86_64-linux-gnu/libXrender.so.1.3.0
7fb12c28c000-7fb12c28d000 r--p 00008000 08:02 23600549                   /usr/lib/x86_64-linux-gnu/libXrender.so.1.3.0
7fb12c28d000-7fb12c28e000 rw-p 00009000 08:02 23600549                   /usr/lib/x86_64-linux-gnu/libXrender.so.1.3.0
7fb12c28e000-7fb12c2a6000 r--p 00000000 08:02 23600512                   /usr/lib/x86_64-linux-gnu/libX11.so.6.3.0
7fb12c2a6000-7fb12c32e000 r-xp 00018000 08:02 23600512                   /usr/lib/x86_64-linux-gnu/libX11.so.6.3.0
7fb12c32e000-7fb12c3c2000 r--p 000a0000 08:02 23600512                   /usr/lib/x86_64-linux-gnu/libX11.so.6.3.0
7fb12c3c2000-7fb12c3c3000 ---p 00134000 08:02 23600512                   /usr/lib/x86_64-linux-gnu/libX11.so.6.3.0
7fb12c3c3000-7fb12c3c4000 r--p 00134000 08:02 23600512                   /usr/lib/x86_64-linux-gnu/libX11.so.6.3.0
7fb12c3c4000-7fb12c3c8000 rw-p 00135000 08:02 23600512                   /usr/lib/x86_64-linux-gnu/libX11.so.6.3.0
7fb12c3c8000-7fb12c3d9000 r-xp 00000000 08:02 23600529                   /usr/lib/x86_64-linux-gnu/libXext.so.6.4.0
7fb12c3d9000-7fb12c5d8000 ---p 00011000 08:02 23600529                   /usr/lib/x86_64-linux-gnu/libXext.so.6.4.0
7fb12c5d8000-7fb12c5d9000 r--p 00010000 08:02 23600529                   /usr/lib/x86_64-linux-gnu/libXext.so.6.4.0
7fb12c5d9000-7fb12c5da000 rw-p 00011000 08:02 23600529                   /usr/lib/x86_64-linux-gnu/libXext.so.6.4.0
7fb12c5db000-7fb12c5df000 r--p 00000000 08:02 24250591                   /usr/lib/x86_64-linux-gnu/gio/modules/libdconfsettings.so
7fb12c5df000-7fb12c5e6000 r-xp 00004000 08:02 24250591                   /usr/lib/x86_64-linux-gnu/gio/modules/libdconfsettings.so
7fb12c5e6000-7fb12c5e9000 r--p 0000b000 08:02 24250591                   /usr/lib/x86_64-linux-gnu/gio/modules/libdconfsettings.so
7fb12c5e9000-7fb12c5ea000 ---p 0000e000 08:02 24250591                   /usr/lib/x86_64-linux-gnu/gio/modules/libdconfsettings.so
7fb12c5ea000-7fb12c5eb000 r--p 0000e000 08:02 24250591                   /usr/lib/x86_64-linux-gnu/gio/modules/libdconfsettings.so
7fb12c5eb000-7fb12c5ec000 rw-p 0000f000 08:02 24250591                   /usr/lib/x86_64-linux-gnu/gio/modules/libdconfsettings.so
7fb12c5ec000-7fb12c5fc000 r--p 00000000 08:02 23990632                   /usr/lib/jvm/java-11-openjdk-amd64/lib/libawt_xawt.so
7fb12c5fc000-7fb12c639000 r-xp 00010000 08:02 23990632                   /usr/lib/jvm/java-11-openjdk-amd64/lib/libawt_xawt.so
7fb12c639000-7fb12c64b000 r--p 0004d000 08:02 23990632                   /usr/lib/jvm/java-11-openjdk-amd64/lib/libawt_xawt.so
7fb12c64b000-7fb12c64c000 r--p 0005e000 08:02 23990632                   /usr/lib/jvm/java-11-openjdk-amd64/lib/libawt_xawt.so
7fb12c64c000-7fb12c64f000 rw-p 0005f000 08:02 23990632                   /usr/lib/jvm/java-11-openjdk-amd64/lib/libawt_xawt.so
7fb12c64f000-7fb12c651000 rw-p 00000000 00:00 0 
7fb12c651000-7fb12c67d000 r--p 00000000 08:02 23990630                   /usr/lib/jvm/java-11-openjdk-amd64/lib/libawt.so
7fb12c67d000-7fb12c6e4000 r-xp 0002c000 08:02 23990630                   /usr/lib/jvm/java-11-openjdk-amd64/lib/libawt.so
7fb12c6e4000-7fb12c6f1000 r--p 00093000 08:02 23990630                   /usr/lib/jvm/java-11-openjdk-amd64/lib/libawt.so
7fb12c6f1000-7fb12c6f2000 r--p 0009f000 08:02 23990630                   /usr/lib/jvm/java-11-openjdk-amd64/lib/libawt.so
7fb12c6f2000-7fb12c6fd000 rw-p 000a0000 08:02 23990630                   /usr/lib/jvm/java-11-openjdk-amd64/lib/libawt.so
7fb12c6fd000-7fb12c753000 rw-p 00000000 00:00 0 
7fb12c753000-7fb12c757000 ---p 00000000 00:00 0 
7fb12c757000-7fb12c854000 rw-p 00000000 00:00 0 
7fb12c854000-7fb12c855000 ---p 00000000 00:00 0 
7fb12c855000-7fb12c956000 rw-p 00000000 00:00 0 
7fb12c956000-7fb12cbc6000 rwxp 00000000 00:00 0 
7fb12cbc6000-7fb12cee6000 ---p 00000000 00:00 0 
7fb12cee6000-7fb12d156000 rwxp 00000000 00:00 0 
7fb12d156000-7fb13441e000 ---p 00000000 00:00 0 
7fb13441e000-7fb13468e000 rwxp 00000000 00:00 0 
7fb13468e000-7fb13b956000 ---p 00000000 00:00 0 
7fb13b956000-7fb144000000 r--s 00000000 08:02 23990663                   /usr/lib/jvm/java-11-openjdk-amd64/lib/modules
7fb144000000-7fb14447b000 rw-p 00000000 00:00 0 
7fb14447b000-7fb148000000 ---p 00000000 00:00 0 
7fb148001000-7fb148002000 r--s 00000000 00:35 35                         /run/user/1000/dconf/user
7fb148002000-7fb148003000 r--p 00000000 08:02 25823354                   /usr/share/locale-langpack/en_AU/LC_MESSAGES/glib20.mo
7fb148003000-7fb148007000 r--p 00000000 08:02 23990653                   /usr/lib/jvm/java-11-openjdk-amd64/lib/libnet.so
7fb148007000-7fb148016000 r-xp 00004000 08:02 23990653                   /usr/lib/jvm/java-11-openjdk-amd64/lib/libnet.so
7fb148016000-7fb14801a000 r--p 00013000 08:02 23990653                   /usr/lib/jvm/java-11-openjdk-amd64/lib/libnet.so
7fb14801a000-7fb14801b000 r--p 00016000 08:02 23990653                   /usr/lib/jvm/java-11-openjdk-amd64/lib/libnet.so
7fb14801b000-7fb14801c000 rw-p 00017000 08:02 23990653                   /usr/lib/jvm/java-11-openjdk-amd64/lib/libnet.so
7fb14801c000-7fb148023000 r--p 00000000 08:02 23990654                   /usr/lib/jvm/java-11-openjdk-amd64/lib/libnio.so
7fb148023000-7fb14802a000 r-xp 00007000 08:02 23990654                   /usr/lib/jvm/java-11-openjdk-amd64/lib/libnio.so
7fb14802a000-7fb14802d000 r--p 0000e000 08:02 23990654                   /usr/lib/jvm/java-11-openjdk-amd64/lib/libnio.so
7fb14802d000-7fb14802e000 r--p 00010000 08:02 23990654                   /usr/lib/jvm/java-11-openjdk-amd64/lib/libnio.so
7fb14802e000-7fb14802f000 rw-p 00011000 08:02 23990654                   /usr/lib/jvm/java-11-openjdk-amd64/lib/libnio.so
7fb14802f000-7fb148033000 ---p 00000000 00:00 0 
7fb148033000-7fb148130000 rw-p 00000000 00:00 0 
7fb148130000-7fb148134000 ---p 00000000 00:00 0 
7fb148134000-7fb148231000 rw-p 00000000 00:00 0 
7fb148231000-7fb148235000 ---p 00000000 00:00 0 
7fb148235000-7fb148332000 rw-p 00000000 00:00 0 
7fb148332000-7fb148336000 ---p 00000000 00:00 0 
7fb148336000-7fb148433000 rw-p 00000000 00:00 0 
7fb148433000-7fb148437000 ---p 00000000 00:00 0 
7fb148437000-7fb148534000 rw-p 00000000 00:00 0 
7fb148534000-7fb148538000 ---p 00000000 00:00 0 
7fb148538000-7fb148635000 rw-p 00000000 00:00 0 
7fb148635000-7fb148639000 ---p 00000000 00:00 0 
7fb148639000-7fb148736000 rw-p 00000000 00:00 0 
7fb148736000-7fb148737000 ---p 00000000 00:00 0 
7fb148737000-7fb148e3c000 rw-p 00000000 00:00 0 
7fb148e3c000-7fb14913c000 ---p 00000000 00:00 0 
7fb14913c000-7fb14917e000 rw-p 00000000 00:00 0 
7fb14917e000-7fb14917f000 ---p 00000000 00:00 0 
7fb14917f000-7fb149280000 rw-p 00000000 00:00 0 
7fb149280000-7fb149281000 ---p 00000000 00:00 0 
7fb149281000-7fb149786000 rw-p 00000000 00:00 0 
7fb149786000-7fb149787000 ---p 00000000 00:00 0 
7fb149787000-7fb149888000 rw-p 00000000 00:00 0 
7fb149888000-7fb149889000 ---p 00000000 00:00 0 
7fb149889000-7fb149a0a000 rw-p 00000000 00:00 0 
7fb149a0a000-7fb149da3000 ---p 00000000 00:00 0 
7fb149da3000-7fb149de2000 rw-p 00000000 00:00 0 
7fb149de2000-7fb14a17b000 ---p 00000000 00:00 0 
7fb14a17b000-7fb14a1ba000 rw-p 00000000 00:00 0 
7fb14a1ba000-7fb14a553000 ---p 00000000 00:00 0 
7fb14a553000-7fb14a958000 rw-p 00000000 00:00 0 
7fb14a958000-7fb14a959000 ---p 00000000 00:00 0 
7fb14a959000-7fb14aa5f000 rw-p 00000000 00:00 0 
7fb14aa5f000-7fb14ab45000 ---p 00000000 00:00 0 
7fb14ab45000-7fb14ab4a000 rw-p 00000000 00:00 0 
7fb14ab4a000-7fb14ac30000 ---p 00000000 00:00 0 
7fb14ac30000-7fb14ac35000 rw-p 00000000 00:00 0 
7fb14ac35000-7fb14ac3c000 ---p 00000000 00:00 0 
7fb14ac3c000-7fb14ac3e000 r--s 00007000 08:02 24382982                   /usr/share/java/java-atk-wrapper.jar
7fb14ac3e000-7fb14ac40000 r--p 00000000 08:02 23990645                   /usr/lib/jvm/java-11-openjdk-amd64/lib/libjimage.so
7fb14ac40000-7fb14ac43000 r-xp 00002000 08:02 23990645                   /usr/lib/jvm/java-11-openjdk-amd64/lib/libjimage.so
7fb14ac43000-7fb14ac45000 r--p 00005000 08:02 23990645                   /usr/lib/jvm/java-11-openjdk-amd64/lib/libjimage.so
7fb14ac45000-7fb14ac46000 r--p 00006000 08:02 23990645                   /usr/lib/jvm/java-11-openjdk-amd64/lib/libjimage.so
7fb14ac46000-7fb14ac47000 rw-p 00007000 08:02 23990645                   /usr/lib/jvm/java-11-openjdk-amd64/lib/libjimage.so
7fb14ac47000-7fb14ac4a000 r--p 00000000 08:02 23601425                   /usr/lib/x86_64-linux-gnu/libnss_files-2.29.so
7fb14ac4a000-7fb14ac51000 r-xp 00003000 08:02 23601425                   /usr/lib/x86_64-linux-gnu/libnss_files-2.29.so
7fb14ac51000-7fb14ac53000 r--p 0000a000 08:02 23601425                   /usr/lib/x86_64-linux-gnu/libnss_files-2.29.so
7fb14ac53000-7fb14ac54000 r--p 0000b000 08:02 23601425                   /usr/lib/x86_64-linux-gnu/libnss_files-2.29.so
7fb14ac54000-7fb14ac55000 rw-p 0000c000 08:02 23601425                   /usr/lib/x86_64-linux-gnu/libnss_files-2.29.so
7fb14ac55000-7fb14ac5b000 rw-p 00000000 00:00 0 
7fb14ac5b000-7fb14ac5d000 r--p 00000000 08:02 23990662                   /usr/lib/jvm/java-11-openjdk-amd64/lib/libzip.so
7fb14ac5d000-7fb14ac61000 r-xp 00002000 08:02 23990662                   /usr/lib/jvm/java-11-openjdk-amd64/lib/libzip.so
7fb14ac61000-7fb14ac63000 r--p 00006000 08:02 23990662                   /usr/lib/jvm/java-11-openjdk-amd64/lib/libzip.so
7fb14ac63000-7fb14ac64000 r--p 00007000 08:02 23990662                   /usr/lib/jvm/java-11-openjdk-amd64/lib/libzip.so
7fb14ac64000-7fb14ac65000 rw-p 00008000 08:02 23990662                   /usr/lib/jvm/java-11-openjdk-amd64/lib/libzip.so
7fb14ac65000-7fb14ac6d000 rw-s 00000000 08:02 2753648                    /tmp/hsperfdata_kramer/6607
7fb14ac6d000-7fb14ac6e000 ---p 00000000 00:00 0 
7fb14ac6e000-7fb14ac6f000 r--p 00000000 00:00 0 
7fb14ac6f000-7fb14ac7c000 r--p 00000000 08:02 23990641                   /usr/lib/jvm/java-11-openjdk-amd64/lib/libjava.so
7fb14ac7c000-7fb14ac91000 r-xp 0000d000 08:02 23990641                   /usr/lib/jvm/java-11-openjdk-amd64/lib/libjava.so
7fb14ac91000-7fb14ac98000 r--p 00022000 08:02 23990641                   /usr/lib/jvm/java-11-openjdk-amd64/lib/libjava.so
7fb14ac98000-7fb14ac99000 r--p 00028000 08:02 23990641                   /usr/lib/jvm/java-11-openjdk-amd64/lib/libjava.so
7fb14ac99000-7fb14ac9b000 rw-p 00029000 08:02 23990641                   /usr/lib/jvm/java-11-openjdk-amd64/lib/libjava.so
7fb14ac9b000-7fb14ac9e000 r--p 00000000 08:02 23601631                   /usr/lib/x86_64-linux-gnu/librt-2.29.so
7fb14ac9e000-7fb14aca2000 r-xp 00003000 08:02 23601631                   /usr/lib/x86_64-linux-gnu/librt-2.29.so
7fb14aca2000-7fb14aca4000 r--p 00007000 08:02 23601631                   /usr/lib/x86_64-linux-gnu/librt-2.29.so
7fb14aca4000-7fb14aca5000 r--p 00008000 08:02 23601631                   /usr/lib/x86_64-linux-gnu/librt-2.29.so
7fb14aca5000-7fb14aca6000 rw-p 00009000 08:02 23601631                   /usr/lib/x86_64-linux-gnu/librt-2.29.so
7fb14aca6000-7fb14acaa000 ---p 00000000 00:00 0 
7fb14acaa000-7fb14ada7000 rw-p 00000000 00:00 0 
7fb14ada7000-7fb14adaa000 r--p 00000000 08:02 23596996                   /usr/lib/x86_64-linux-gnu/libgcc_s.so.1
7fb14adaa000-7fb14adbb000 r-xp 00003000 08:02 23596996                   /usr/lib/x86_64-linux-gnu/libgcc_s.so.1
7fb14adbb000-7fb14adbf000 r--p 00014000 08:02 23596996                   /usr/lib/x86_64-linux-gnu/libgcc_s.so.1
7fb14adbf000-7fb14adc0000 r--p 00017000 08:02 23596996                   /usr/lib/x86_64-linux-gnu/libgcc_s.so.1
7fb14adc0000-7fb14adc1000 rw-p 00018000 08:02 23596996                   /usr/lib/x86_64-linux-gnu/libgcc_s.so.1
7fb14adc1000-7fb14add0000 r--p 00000000 08:02 23601302                   /usr/lib/x86_64-linux-gnu/libm-2.29.so
7fb14add0000-7fb14ae76000 r-xp 0000f000 08:02 23601302                   /usr/lib/x86_64-linux-gnu/libm-2.29.so
7fb14ae76000-7fb14af0d000 r--p 000b5000 08:02 23601302                   /usr/lib/x86_64-linux-gnu/libm-2.29.so
7fb14af0d000-7fb14af0e000 r--p 0014b000 08:02 23601302                   /usr/lib/x86_64-linux-gnu/libm-2.29.so
7fb14af0e000-7fb14af0f000 rw-p 0014c000 08:02 23601302                   /usr/lib/x86_64-linux-gnu/libm-2.29.so
7fb14af0f000-7fb14afa4000 r--p 00000000 08:02 23594558                   /usr/lib/x86_64-linux-gnu/libstdc++.so.6.0.26
7fb14afa4000-7fb14b096000 r-xp 00095000 08:02 23594558                   /usr/lib/x86_64-linux-gnu/libstdc++.so.6.0.26
7fb14b096000-7fb14b0df000 r--p 00187000 08:02 23594558                   /usr/lib/x86_64-linux-gnu/libstdc++.so.6.0.26
7fb14b0df000-7fb14b0e0000 ---p 001d0000 08:02 23594558                   /usr/lib/x86_64-linux-gnu/libstdc++.so.6.0.26
7fb14b0e0000-7fb14b0eb000 r--p 001d0000 08:02 23594558                   /usr/lib/x86_64-linux-gnu/libstdc++.so.6.0.26
7fb14b0eb000-7fb14b0ee000 rw-p 001db000 08:02 23594558                   /usr/lib/x86_64-linux-gnu/libstdc++.so.6.0.26
7fb14b0ee000-7fb14b0f1000 rw-p 00000000 00:00 0 
7fb14b0f1000-7fb14b360000 r--p 00000000 08:02 23990668                   /usr/lib/jvm/java-11-openjdk-amd64/lib/server/libjvm.so
7fb14b360000-7fb14be80000 r-xp 0026f000 08:02 23990668                   /usr/lib/jvm/java-11-openjdk-amd64/lib/server/libjvm.so
7fb14be80000-7fb14c0b9000 r--p 00d8f000 08:02 23990668                   /usr/lib/jvm/java-11-openjdk-amd64/lib/server/libjvm.so
7fb14c0b9000-7fb14c0ba000 ---p 00fc8000 08:02 23990668                   /usr/lib/jvm/java-11-openjdk-amd64/lib/server/libjvm.so
7fb14c0ba000-7fb14c177000 r--p 00fc8000 08:02 23990668                   /usr/lib/jvm/java-11-openjdk-amd64/lib/server/libjvm.so
7fb14c177000-7fb14c1b0000 rw-p 01085000 08:02 23990668                   /usr/lib/jvm/java-11-openjdk-amd64/lib/server/libjvm.so
7fb14c1b0000-7fb14c208000 rw-p 00000000 00:00 0 
7fb14c208000-7fb14c20f000 r--p 00000000 08:02 23601565                   /usr/lib/x86_64-linux-gnu/libpthread-2.29.so
7fb14c20f000-7fb14c21e000 r-xp 00007000 08:02 23601565                   /usr/lib/x86_64-linux-gnu/libpthread-2.29.so
7fb14c21e000-7fb14c223000 r--p 00016000 08:02 23601565                   /usr/lib/x86_64-linux-gnu/libpthread-2.29.so
7fb14c223000-7fb14c224000 r--p 0001a000 08:02 23601565                   /usr/lib/x86_64-linux-gnu/libpthread-2.29.so
7fb14c224000-7fb14c225000 rw-p 0001b000 08:02 23601565                   /usr/lib/x86_64-linux-gnu/libpthread-2.29.so
7fb14c225000-7fb14c229000 rw-p 00000000 00:00 0 
7fb14c229000-7fb14c22a000 r--p 00000000 08:02 23600824                   /usr/lib/x86_64-linux-gnu/libdl-2.29.so
7fb14c22a000-7fb14c22c000 r-xp 00001000 08:02 23600824                   /usr/lib/x86_64-linux-gnu/libdl-2.29.so
7fb14c22c000-7fb14c22d000 r--p 00003000 08:02 23600824                   /usr/lib/x86_64-linux-gnu/libdl-2.29.so
7fb14c22d000-7fb14c22e000 r--p 00003000 08:02 23600824                   /usr/lib/x86_64-linux-gnu/libdl-2.29.so
7fb14c22e000-7fb14c22f000 rw-p 00004000 08:02 23600824                   /usr/lib/x86_64-linux-gnu/libdl-2.29.so
7fb14c22f000-7fb14c231000 r--p 00000000 08:02 23601962                   /usr/lib/x86_64-linux-gnu/libz.so.1.2.11
7fb14c231000-7fb14c242000 r-xp 00002000 08:02 23601962                   /usr/lib/x86_64-linux-gnu/libz.so.1.2.11
7fb14c242000-7fb14c248000 r--p 00013000 08:02 23601962                   /usr/lib/x86_64-linux-gnu/libz.so.1.2.11
7fb14c248000-7fb14c249000 ---p 00019000 08:02 23601962                   /usr/lib/x86_64-linux-gnu/libz.so.1.2.11
7fb14c249000-7fb14c24a000 r--p 00019000 08:02 23601962                   /usr/lib/x86_64-linux-gnu/libz.so.1.2.11
7fb14c24a000-7fb14c24b000 rw-p 0001a000 08:02 23601962                   /usr/lib/x86_64-linux-gnu/libz.so.1.2.11
7fb14c24b000-7fb14c270000 r--p 00000000 08:02 23600687                   /usr/lib/x86_64-linux-gnu/libc-2.29.so
7fb14c270000-7fb14c3e3000 r-xp 00025000 08:02 23600687                   /usr/lib/x86_64-linux-gnu/libc-2.29.so
7fb14c3e3000-7fb14c42c000 r--p 00198000 08:02 23600687                   /usr/lib/x86_64-linux-gnu/libc-2.29.so
7fb14c42c000-7fb14c42f000 r--p 001e0000 08:02 23600687                   /usr/lib/x86_64-linux-gnu/libc-2.29.so
7fb14c42f000-7fb14c432000 rw-p 001e3000 08:02 23600687                   /usr/lib/x86_64-linux-gnu/libc-2.29.so
7fb14c432000-7fb14c436000 rw-p 00000000 00:00 0 
7fb14c436000-7fb14c437000 r--p 00000000 08:02 25823436                   /usr/share/locale-langpack/en_AU/LC_MESSAGES/libc.mo
7fb14c437000-7fb14c43c000 r--p 00000000 08:02 23990661                   /usr/lib/jvm/java-11-openjdk-amd64/lib/libverify.so
7fb14c43c000-7fb14c443000 r-xp 00005000 08:02 23990661                   /usr/lib/jvm/java-11-openjdk-amd64/lib/libverify.so
7fb14c443000-7fb14c445000 r--p 0000c000 08:02 23990661                   /usr/lib/jvm/java-11-openjdk-amd64/lib/libverify.so
7fb14c445000-7fb14c447000 r--p 0000d000 08:02 23990661                   /usr/lib/jvm/java-11-openjdk-amd64/lib/libverify.so
7fb14c447000-7fb14c448000 rw-p 0000f000 08:02 23990661                   /usr/lib/jvm/java-11-openjdk-amd64/lib/libverify.so
7fb14c448000-7fb14c44b000 r--p 00000000 08:02 23990625                   /usr/lib/jvm/java-11-openjdk-amd64/lib/jli/libjli.so
7fb14c44b000-7fb14c455000 r-xp 00003000 08:02 23990625                   /usr/lib/jvm/java-11-openjdk-amd64/lib/jli/libjli.so
7fb14c455000-7fb14c458000 r--p 0000d000 08:02 23990625                   /usr/lib/jvm/java-11-openjdk-amd64/lib/jli/libjli.so
7fb14c458000-7fb14c459000 r--p 0000f000 08:02 23990625                   /usr/lib/jvm/java-11-openjdk-amd64/lib/jli/libjli.so
7fb14c459000-7fb14c45a000 rw-p 00010000 08:02 23990625                   /usr/lib/jvm/java-11-openjdk-amd64/lib/jli/libjli.so
7fb14c45a000-7fb14c45c000 rw-p 00000000 00:00 0 
7fb14c45c000-7fb14c45d000 r--p 00000000 08:02 23600471                   /usr/lib/x86_64-linux-gnu/ld-2.29.so
7fb14c45d000-7fb14c47e000 r-xp 00001000 08:02 23600471                   /usr/lib/x86_64-linux-gnu/ld-2.29.so
7fb14c47e000-7fb14c486000 r--p 00022000 08:02 23600471                   /usr/lib/x86_64-linux-gnu/ld-2.29.so
7fb14c486000-7fb14c487000 r--p 00029000 08:02 23600471                   /usr/lib/x86_64-linux-gnu/ld-2.29.so
7fb14c487000-7fb14c488000 rw-p 0002a000 08:02 23600471                   /usr/lib/x86_64-linux-gnu/ld-2.29.so
7fb14c488000-7fb14c489000 rw-p 00000000 00:00 0 
7ffc6c1b8000-7ffc6c1da000 rw-p 00000000 00:00 0                          [stack]
7ffc6c1ef000-7ffc6c1f2000 r--p 00000000 00:00 0                          [vvar]
7ffc6c1f2000-7ffc6c1f3000 r-xp 00000000 00:00 0                          [vdso]
ffffffffff600000-ffffffffff601000 r-xp 00000000 00:00 0                  [vsyscall]


VM Arguments:
jvm_args: -Dfile.encoding=UTF-8 -Duser.country=AU -Duser.language=en -Duser.variant 
java_command: ExampleSwingApp
java_class_path (initial): /home/kramer/Downloads/RobotArena-master/RobotAreana/start/build/classes/java/main:/home/kramer/Downloads/RobotArena-master/RobotAreana/start/build/classes/groovy/main:/home/kramer/Downloads/RobotArena-master/RobotAreana/start/build/resources/main:/home/kramer/Downloads/RobotArena-master/RobotAreana/AIBasic/build/libs/AIBasic.jar:/home/kramer/Downloads/RobotArena-master/RobotAreana/robot/build/libs/robot.jar:/home/kramer/Downloads/RobotArena-master/RobotAreana/main/build/libs/main.jar
Launcher Type: SUN_STANDARD

[Global flags]
     intx CICompilerCount                          = 3                                         {product} {ergonomic}
     uint ConcGCThreads                            = 1                                         {product} {ergonomic}
     uint G1ConcRefinementThreads                  = 4                                         {product} {ergonomic}
   size_t G1HeapRegionSize                         = 1048576                                   {product} {ergonomic}
    uintx GCDrainStackTargetSize                   = 64                                        {product} {ergonomic}
   size_t InitialHeapSize                          = 130023424                                 {product} {ergonomic}
   size_t MarkStackSize                            = 4194304                                   {product} {ergonomic}
   size_t MaxHeapSize                              = 2063597568                                {product} {ergonomic}
   size_t MaxNewSize                               = 1237319680                                {product} {ergonomic}
   size_t MinHeapDeltaBytes                        = 1048576                                   {product} {ergonomic}
    uintx NonNMethodCodeHeapSize                   = 5830092                                {pd product} {ergonomic}
    uintx NonProfiledCodeHeapSize                  = 122914074                              {pd product} {ergonomic}
    uintx ProfiledCodeHeapSize                     = 122914074                              {pd product} {ergonomic}
    uintx ReservedCodeCacheSize                    = 251658240                              {pd product} {ergonomic}
     bool SegmentedCodeCache                       = true                                      {product} {ergonomic}
     bool UseCompressedClassPointers               = true                                 {lp64_product} {ergonomic}
     bool UseCompressedOops                        = true                                 {lp64_product} {ergonomic}
     bool UseG1GC                                  = true                                      {product} {ergonomic}

Logging:
Log output configuration:
 #0: stdout all=warning uptime,level,tags
 #1: stderr all=off uptime,level,tags

Environment Variables:
PATH=/home/kramer/.local/bin:/usr/local/sbin:/usr/local/bin:/usr/sbin:/usr/bin:/sbin:/bin:/usr/games:/usr/local/games:/snap/bin
USERNAME=kramer
LD_LIBRARY_PATH=/home/kramer/Downloads/RobotArena-master/RobotAreana/AIBasic/build/libs/mynativelibrary/shared
SHELL=/bin/bash
DISPLAY=:0

Signal Handlers:
SIGSEGV: [libjvm.so+0xd1cc80], sa_mask[0]=11111111011111111101111111111110, sa_flags=SA_RESTART|SA_SIGINFO
SIGBUS: [libjvm.so+0xd1cc80], sa_mask[0]=11111111011111111101111111111110, sa_flags=SA_RESTART|SA_SIGINFO
SIGFPE: [libjvm.so+0xd1cc80], sa_mask[0]=11111111011111111101111111111110, sa_flags=SA_RESTART|SA_SIGINFO
SIGPIPE: SIG_IGN, sa_mask[0]=00000000000010000000000000000000, sa_flags=SA_RESTART
SIGXFSZ: [libjvm.so+0xb239a0], sa_mask[0]=11111111011111111101111111111110, sa_flags=SA_RESTART|SA_SIGINFO
SIGILL: [libjvm.so+0xd1cc80], sa_mask[0]=11111111011111111101111111111110, sa_flags=SA_RESTART|SA_SIGINFO
SIGUSR2: [libjvm.so+0xb23830], sa_mask[0]=00100000000000000000000000000000, sa_flags=SA_RESTART|SA_SIGINFO
SIGHUP: [libjvm.so+0xb23ce0], sa_mask[0]=11111111011111111101111111111110, sa_flags=SA_RESTART|SA_SIGINFO
SIGINT: [libjvm.so+0xb23ce0], sa_mask[0]=11111111011111111101111111111110, sa_flags=SA_RESTART|SA_SIGINFO
SIGTERM: [libjvm.so+0xb23ce0], sa_mask[0]=11111111011111111101111111111110, sa_flags=SA_RESTART|SA_SIGINFO
SIGQUIT: [libjvm.so+0xb23ce0], sa_mask[0]=11111111011111111101111111111110, sa_flags=SA_RESTART|SA_SIGINFO


---------------  S Y S T E M  ---------------

OS:DISTRIB_ID=Ubuntu
DISTRIB_RELEASE=19.04
DISTRIB_CODENAME=disco
DISTRIB_DESCRIPTION="Ubuntu 19.04"
uname:Linux 5.0.0-32-generic #34-Ubuntu SMP Wed Oct 2 02:06:48 UTC 2019 x86_64
libc:glibc 2.29 NPTL 2.29 
rlimit: STACK 8192k, CORE 0k, NPROC 31283, NOFILE 524288, AS infinity, DATA infinity, FSIZE infinity
load average:0.44 0.99 1.12

/proc/meminfo:
MemTotal:        8057228 kB
MemFree:         2669768 kB
MemAvailable:    4430916 kB
Buffers:          127456 kB
Cached:          1828276 kB
SwapCached:            0 kB
Active:          3778316 kB
Inactive:        1220292 kB
Active(anon):    2976028 kB
Inactive(anon):   109620 kB
Active(file):     802288 kB
Inactive(file):  1110672 kB
Unevictable:        3452 kB
Mlocked:              16 kB
SwapTotal:       2097148 kB
SwapFree:        2097148 kB
Dirty:              4552 kB
Writeback:             0 kB
AnonPages:       3046108 kB
Mapped:           606216 kB
Shmem:            114940 kB
KReclaimable:     136940 kB
Slab:             235292 kB
SReclaimable:     136940 kB
SUnreclaim:        98352 kB
KernelStack:       15952 kB
PageTables:        32384 kB
NFS_Unstable:          0 kB
Bounce:                0 kB
WritebackTmp:          0 kB
CommitLimit:     6125760 kB
Committed_AS:    9383524 kB
VmallocTotal:   34359738367 kB
VmallocUsed:           0 kB
VmallocChunk:          0 kB
Percpu:             2192 kB
HardwareCorrupted:     0 kB
AnonHugePages:         0 kB
ShmemHugePages:        0 kB
ShmemPmdMapped:        0 kB
CmaTotal:              0 kB
CmaFree:               0 kB
HugePages_Total:       0
HugePages_Free:        0
HugePages_Rsvd:        0
HugePages_Surp:        0
Hugepagesize:       2048 kB
Hugetlb:               0 kB
DirectMap4k:      242224 kB
DirectMap2M:     5941248 kB
DirectMap1G:     2097152 kB


/proc/sys/kernel/threads-max (system-wide limit on the number of threads):
62566


/proc/sys/vm/max_map_count (maximum number of memory map areas a process may have):
65530


/proc/sys/kernel/pid_max (system-wide limit on number of process identifiers):
32768



container (cgroup) information:
container_type: cgroupv1
cpu_cpuset_cpus: 0-3
cpu_memory_nodes: 0
active_processor_count: 4
cpu_quota: -1
cpu_period: 100000
cpu_shares: -1
memory_limit_in_bytes: -1
memory_and_swap_limit_in_bytes: -2
memory_soft_limit_in_bytes: -1
memory_usage_in_bytes: 1032798208
memory_max_usage_in_bytes: 1033048064

Steal ticks since vm start: 0
Steal ticks percentage since vm start:  0.000

CPU:total 4 (initial active 4) (4 cores per cpu, 1 threads per core) family 6 model 60 stepping 3, cmov, cx8, fxsr, mmx, sse, sse2, sse3, ssse3, sse4.1, sse4.2, popcnt, avx, avx2, aes, clmul, erms, lzcnt, tsc, tscinvbit, bmi1, bmi2, fma
CPU Model and flags from /proc/cpuinfo:
model name	: Intel(R) Core(TM) i5-4690 CPU @ 3.50GHz
flags		: fpu vme de pse tsc msr pae mce cx8 apic sep mtrr pge mca cmov pat pse36 clflush dts acpi mmx fxsr sse sse2 ss ht tm pbe syscall nx pdpe1gb rdtscp lm constant_tsc arch_perfmon pebs bts rep_good nopl xtopology nonstop_tsc cpuid aperfmperf pni pclmulqdq dtes64 monitor ds_cpl vmx smx est tm2 ssse3 sdbg fma cx16 xtpr pdcm pcid sse4_1 sse4_2 x2apic movbe popcnt tsc_deadline_timer aes xsave avx f16c rdrand lahf_lm abm cpuid_fault invpcid_single pti ssbd ibrs ibpb stibp tpr_shadow vnmi flexpriority ept vpid ept_ad fsgsbase tsc_adjust bmi1 avx2 smep bmi2 erms invpcid xsaveopt dtherm ida arat pln pts md_clear flush_l1d

Memory: 4k page, physical 8057228k(2669768k free), swap 2097148k(2097148k free)

vm_info: OpenJDK 64-Bit Server VM (11.0.4+11-post-Ubuntu-1ubuntu219.04) for linux-amd64 JRE (11.0.4+11-post-Ubuntu-1ubuntu219.04), built on Jul 18 2019 18:21:46 by "buildd" with gcc 8.3.0

END.
