#
# A fatal error has been detected by the Java Runtime Environment:
#
#  SIGSEGV (0xb) at pc=0x00007f8d1a51662b, pid=12445, tid=12470
#
# JRE version: OpenJDK Runtime Environment (11.0.4+11) (build 11.0.4+11-post-Ubuntu-1ubuntu219.04)
# Java VM: OpenJDK 64-Bit Server VM (11.0.4+11-post-Ubuntu-1ubuntu219.04, mixed mode, sharing, tiered, compressed oops, g1 gc, linux-amd64)
# Problematic frame:
# V  [libjvm.so+0x86462b]
#
# Core dump will be written. Default location: Core dumps may be processed with "/usr/share/apport/apport %p %s %c %d %P" (or dumping to /home/kramer/Downloads/RobotArena-master/RobotAreana/start/core.12445)
#
# If you would like to submit a bug report, please visit:
#   https://bugs.launchpad.net/ubuntu/+source/openjdk-lts
#

---------------  S U M M A R Y ------------

Command Line: -Dfile.encoding=UTF-8 -Duser.country=AU -Duser.language=en -Duser.variant ExampleSwingApp

Host: Intel(R) Core(TM) i5-4690 CPU @ 3.50GHz, 4 cores, 7G, Ubuntu 19.04
Time: Mon Oct 28 19:52:41 2019 AWST elapsed time: 1 seconds (0d 0h 0m 1s)

---------------  T H R E A D  ---------------

Current thread (0x00007f8d1446c000):  JavaThread "Thomas" [_thread_in_vm, id=12470, stack(0x00007f8cb9031000,0x00007f8cb9132000)]

Stack: [0x00007f8cb9031000,0x00007f8cb9132000],  sp=0x00007f8cb9130630,  free space=1021k
Native frames: (J=compiled Java code, A=aot compiled Java code, j=interpreted, Vv=VM code, C=native code)
V  [libjvm.so+0x86462b]
C  [libmynativelibrary.so+0x12d5]  Java_CRobot_startCPP+0x1d0
j  CRobot.startCPP(LRobotControl;)V+0
j  CRobot$1.run()V+8
j  java.lang.Thread.run()V+11 java.base@11.0.4
v  ~StubRoutines::call_stub
V  [libjvm.so+0x7f40b1]
V  [libjvm.so+0x7f2550]
V  [libjvm.so+0x7f260b]
V  [libjvm.so+0x88e63c]
V  [libjvm.so+0xcc0060]
V  [libjvm.so+0xcc0350]
V  [libjvm.so+0xcbbee4]
V  [libjvm.so+0xb2cbee]

Java frames: (J=compiled Java code, j=interpreted, Vv=VM code)
j  CRobot.startCPP(LRobotControl;)V+0
j  CRobot$1.run()V+8
j  java.lang.Thread.run()V+11 java.base@11.0.4
v  ~StubRoutines::call_stub

siginfo: si_signo: 11 (SIGSEGV), si_code: 1 (SEGV_MAPERR), si_addr: 0x0000000000000000

Register to memory mapping:

RAX=0x00007f8cb91306d0 is pointing into the stack for thread: 0x00007f8d1446c000
RBX=0x00007f8d1446c000 is a thread
RCX=0x0000000000000001 is an unknown value
RDX=0x00007f8d14469880 points into unknown readable memory: c8 04 b0 8c 00 00 00 00
RSP=0x00007f8cb9130630 is pointing into the stack for thread: 0x00007f8d1446c000
RBP=0x00007f8cb91307b0 is pointing into the stack for thread: 0x00007f8d1446c000
RSI=0x00007f8d1446c000 is a thread
RDI=0x00007f8cb9130690 is pointing into the stack for thread: 0x00007f8d1446c000
R8 =0x00007f8d1a516550: <offset 0x0000000000864550> in /usr/lib/jvm/java-11-openjdk-amd64/lib/server/libjvm.so at 0x00007f8d19cb2000
R9 =0x00007f8cb91302c4 is pointing into the stack for thread: 0x00007f8d1446c000
R10=0x00007f8d1aa7d264: <offset 0x0000000000dcb264> in /usr/lib/jvm/java-11-openjdk-amd64/lib/server/libjvm.so at 0x00007f8d19cb2000
R11=0x0000000000000535 is an unknown value
R12=0x00007f8cb9130690 is pointing into the stack for thread: 0x00007f8d1446c000
R13=0x00007f8d1446c340 points into unknown readable memory: e0 ef d3 1a 8d 7f 00 00
R14=0x0 is NULL
R15=0x00007f8c90000cd8 points into unknown readable memory: b0 01 b0 8c 00 00 00 00


Registers:
RAX=0x00007f8cb91306d0, RBX=0x00007f8d1446c000, RCX=0x0000000000000001, RDX=0x00007f8d14469880
RSP=0x00007f8cb9130630, RBP=0x00007f8cb91307b0, RSI=0x00007f8d1446c000, RDI=0x00007f8cb9130690
R8 =0x00007f8d1a516550, R9 =0x00007f8cb91302c4, R10=0x00007f8d1aa7d264, R11=0x0000000000000535
R12=0x00007f8cb9130690, R13=0x00007f8d1446c340, R14=0x0000000000000000, R15=0x00007f8c90000cd8
RIP=0x00007f8d1a51662b, EFLAGS=0x0000000000010206, CSGSFS=0x002b000000000033, ERR=0x0000000000000004
  TRAPNO=0x000000000000000e

Top of Stack: (sp=0x00007f8cb9130630)
0x00007f8cb9130630:   00007f8d140eb610 00007f8d1446c000
0x00007f8cb9130640:   00007f8cb9756063 00007f8d1aa91af8
0x00007f8cb9130650:   0000000000000535 0000000800000018
0x00007f8cb9130660:   00007f8cb91307c0 00007f8cb91306d0 

Instructions: (pc=0x00007f8d1a51662b)
0x00007f8d1a51652b:   89 e0 5b 41 5c 41 5d 41 5e 41 5f 5d c3 0f 1f 84
0x00007f8d1a51653b:   00 00 00 00 00 48 89 df 31 db e8 66 2d 45 00 e9
0x00007f8d1a51654b:   ab fe ff ff 90 55 48 89 e5 41 57 49 89 f7 41 56
0x00007f8d1a51655b:   49 89 d6 41 55 49 89 fd 41 54 53 48 81 ec 58 01
0x00007f8d1a51656b:   00 00 48 89 8d 38 ff ff ff 4c 89 85 40 ff ff ff
0x00007f8d1a51657b:   4c 89 8d 48 ff ff ff 84 c0 74 29 0f 29 85 50 ff
0x00007f8d1a51658b:   ff ff 0f 29 8d 60 ff ff ff 0f 29 95 70 ff ff ff
0x00007f8d1a51659b:   0f 29 5d 80 0f 29 65 90 0f 29 6d a0 0f 29 75 b0
0x00007f8d1a5165ab:   0f 29 7d c0 49 8d 9d c0 fc ff ff 8b 83 d0 03 00
0x00007f8d1a5165bb:   00 2d ab de 00 00 83 f8 01 0f 87 46 01 00 00 48
0x00007f8d1a5165cb:   89 df 48 89 9d 88 fe ff ff e8 c7 69 ff ff 48 83
0x00007f8d1a5165db:   7b 08 00 48 89 9d c0 fe ff ff 48 c7 85 c8 fe ff
0x00007f8d1a5165eb:   ff 00 00 00 00 74 0c 48 8d bd c0 fe ff ff e8 02
0x00007f8d1a5165fb:   0e 32 00 48 8d 45 10 4c 8d a5 e0 fe ff ff c7 85
0x00007f8d1a51660b:   a8 fe ff ff 18 00 00 00 48 89 85 b0 fe ff ff 48
0x00007f8d1a51661b:   8d 85 20 ff ff ff 4c 89 e7 48 89 85 b8 fe ff ff
0x00007f8d1a51662b:   49 8b 06 c7 85 ac fe ff ff 30 00 00 00 c7 85 90
0x00007f8d1a51663b:   fe ff ff 0c 00 00 00 48 8b 40 08 0f b7 50 2c 48
0x00007f8d1a51664b:   8b 40 08 48 8b 74 d0 40 e8 78 53 3a 00 4d 89 e0
0x00007f8d1a51665b:   49 89 d9 4c 89 f1 48 8d 05 f0 20 77 00 4c 89 fa
0x00007f8d1a51666b:   4c 89 ef 45 31 e4 48 89 85 e0 fe ff ff f3 0f 6f
0x00007f8d1a51667b:   85 a8 fe ff ff 48 8d b5 90 fe ff ff 48 8b 85 b8
0x00007f8d1a51668b:   fe ff ff c7 85 f8 fe ff ff 63 00 00 00 48 c7 85
0x00007f8d1a51669b:   00 ff ff ff 00 00 00 00 0f 11 85 08 ff ff ff 48
0x00007f8d1a5166ab:   89 85 18 ff ff ff e8 fa f3 ff ff 48 83 7b 08 00
0x00007f8d1a5166bb:   75 07 4c 8b a5 98 fe ff ff 48 83 bd c8 fe ff ff
0x00007f8d1a5166cb:   00 74 0c 48 8d bd c0 fe ff ff e8 76 0d 32 00 48
0x00007f8d1a5166db:   8b bb f0 00 00 00 e8 1a e3 00 00 48 8d bd 88 fe
0x00007f8d1a5166eb:   ff ff e8 fe e3 00 00 48 81 c4 58 01 00 00 4c 89
0x00007f8d1a5166fb:   e0 5b 41 5c 41 5d 41 5e 41 5f 5d c3 66 0f 1f 84
0x00007f8d1a51670b:   00 00 00 00 00 48 89 df 31 db e8 96 2b 45 00 e9
0x00007f8d1a51671b:   ab fe ff ff 90 55 48 89 e5 41 57 49 89 f7 41 56 


Stack slot to memory mapping:
stack at sp + 0 slots: 0x00007f8d140eb610 points into unknown readable memory: 00 00 00 00 00 00 00 00
stack at sp + 1 slots: 0x00007f8d1446c000 is a thread
stack at sp + 2 slots: 0x00007f8cb9756063: <offset 0x0000000000002063> in /home/kramer/Downloads/RobotArena-master/RobotAreana/AIBasic/build/libs/mynativelibrary/shared/libmynativelibrary.so at 0x00007f8cb9754000
stack at sp + 3 slots: 0x00007f8d1aa91af8: <offset 0x0000000000ddfaf8> in /usr/lib/jvm/java-11-openjdk-amd64/lib/server/libjvm.so at 0x00007f8d19cb2000
stack at sp + 4 slots: 0x0000000000000535 is an unknown value
stack at sp + 5 slots: 0x0000000800000018 is pointing into metadata
stack at sp + 6 slots: 0x00007f8cb91307c0 is pointing into the stack for thread: 0x00007f8d1446c000
stack at sp + 7 slots: 0x00007f8cb91306d0 is pointing into the stack for thread: 0x00007f8d1446c000


---------------  P R O C E S S  ---------------

Threads class SMR info:
_java_thread_list=0x00007f8d1446d440, length=14, elements={
0x00007f8d14011800, 0x00007f8d14107000, 0x00007f8d14111000, 0x00007f8d14116800,
0x00007f8d14118800, 0x00007f8d1411a800, 0x00007f8d1411c800, 0x00007f8d14153800,
0x00007f8d1415c000, 0x00007f8d142f1800, 0x00007f8d142fb800, 0x00007f8d14464000,
0x00007f8cc430c800, 0x00007f8d1446c000
}

Java Threads: ( => current thread )
  0x00007f8d14011800 JavaThread "main" [_thread_blocked, id=12446, stack(0x00007f8d19867000,0x00007f8d19968000)]
  0x00007f8d14107000 JavaThread "Reference Handler" daemon [_thread_blocked, id=12453, stack(0x00007f8cfc34a000,0x00007f8cfc44b000)]
  0x00007f8d14111000 JavaThread "Finalizer" daemon [_thread_blocked, id=12454, stack(0x00007f8cfc249000,0x00007f8cfc34a000)]
  0x00007f8d14116800 JavaThread "Signal Dispatcher" daemon [_thread_blocked, id=12455, stack(0x00007f8cfc148000,0x00007f8cfc249000)]
  0x00007f8d14118800 JavaThread "C2 CompilerThread0" daemon [_thread_blocked, id=12456, stack(0x00007f8cfc047000,0x00007f8cfc148000)]
  0x00007f8d1411a800 JavaThread "C1 CompilerThread0" daemon [_thread_blocked, id=12457, stack(0x00007f8cf417f000,0x00007f8cf4280000)]
  0x00007f8d1411c800 JavaThread "Sweeper thread" daemon [_thread_blocked, id=12458, stack(0x00007f8cf407e000,0x00007f8cf417f000)]
  0x00007f8d14153800 JavaThread "Service Thread" daemon [_thread_blocked, id=12460, stack(0x00007f8cec924000,0x00007f8ceca25000)]
  0x00007f8d1415c000 JavaThread "Common-Cleaner" daemon [_thread_blocked, id=12462, stack(0x00007f8cec721000,0x00007f8cec822000)]
  0x00007f8d142f1800 JavaThread "Java2D Disposer" daemon [_thread_blocked, id=12466, stack(0x00007f8cb9435000,0x00007f8cb9536000)]
  0x00007f8d142fb800 JavaThread "AWT-XAWT" daemon [_thread_in_native, id=12467, stack(0x00007f8cb9334000,0x00007f8cb9435000)]
  0x00007f8d14464000 JavaThread "Image Fetcher 0" daemon [_thread_blocked, id=12468, stack(0x00007f8cb9233000,0x00007f8cb9334000)]
  0x00007f8cc430c800 JavaThread "C2 CompilerThread1" daemon [_thread_blocked, id=12469, stack(0x00007f8cb9132000,0x00007f8cb9233000)]
=>0x00007f8d1446c000 JavaThread "Thomas" [_thread_in_vm, id=12470, stack(0x00007f8cb9031000,0x00007f8cb9132000)]

Other Threads:
  0x00007f8d14104000 VMThread "VM Thread" [stack: 0x00007f8cfc44d000,0x00007f8cfc54d000] [id=12452]
  0x00007f8d14156000 WatcherThread [stack: 0x00007f8cec824000,0x00007f8cec924000] [id=12461]
  0x00007f8d14027000 GCTaskThread "GC Thread#0" [stack: 0x00007f8d1951b000,0x00007f8d1961b000] [id=12447]
  0x00007f8ce0031000 GCTaskThread "GC Thread#1" [stack: 0x00007f8cb8f31000,0x00007f8cb9031000] [id=12471]
  0x00007f8ce0032800 GCTaskThread "GC Thread#2" [stack: 0x00007f8cb8e2f000,0x00007f8cb8f2f000] [id=12472]
  0x00007f8ce0034000 GCTaskThread "GC Thread#3" [stack: 0x00007f8cb8d2d000,0x00007f8cb8e2d000] [id=12473]
  0x00007f8d14058000 ConcurrentGCThread "G1 Main Marker" [stack: 0x00007f8d1844b000,0x00007f8d1854b000] [id=12448]
  0x00007f8d1405a000 ConcurrentGCThread "G1 Conc#0" [stack: 0x00007f8d18349000,0x00007f8d18449000] [id=12449]
  0x00007f8d140d2000 ConcurrentGCThread "G1 Refine#0" [stack: 0x00007f8cfc755000,0x00007f8cfc855000] [id=12450]
  0x00007f8d140d3800 ConcurrentGCThread "G1 Young RemSet Sampling" [stack: 0x00007f8cfc653000,0x00007f8cfc753000] [id=12451]

Threads with active compile tasks:

VM state:synchronizing (normal execution)

VM Mutex/Monitor currently owned by a thread:  ([mutex/lock_event])
[0x00007f8d1400e360] Threads_lock - owner thread: 0x00007f8d14104000

Heap address: 0x0000000085000000, size: 1968 MB, Compressed Oops mode: 32-bit
Narrow klass base: 0x0000000800000000, Narrow klass shift: 3
Compressed class space size: 1073741824 Address: 0x0000000840000000

Heap:
 garbage-first heap   total 129024K, used 10215K [0x0000000085000000, 0x0000000100000000)
  region size 1024K, 3 young (3072K), 2 survivors (2048K)
 Metaspace       used 5230K, capacity 5594K, committed 5632K, reserved 1056768K
  class space    used 582K, capacity 767K, committed 768K, reserved 1048576K
Heap Regions: E=young(eden), S=young(survivor), O=old, HS=humongous(starts), HC=humongous(continues), CS=collection set, F=free, A=archive, TAMS=top-at-mark-start (previous, next)
|   0|0x0000000085000000, 0x0000000085100000, 0x0000000085100000|100%|HS|  |TAMS 0x0000000085000000, 0x0000000085000000| Complete 
|   1|0x0000000085100000, 0x0000000085200000, 0x0000000085200000|100%|HC|  |TAMS 0x0000000085100000, 0x0000000085100000| Complete 
|   2|0x0000000085200000, 0x0000000085300000, 0x0000000085300000|100%|HC|  |TAMS 0x0000000085200000, 0x0000000085200000| Complete 
|   3|0x0000000085300000, 0x0000000085400000, 0x0000000085400000|100%|HC|  |TAMS 0x0000000085300000, 0x0000000085300000| Complete 
|   4|0x0000000085400000, 0x0000000085500000, 0x0000000085500000|100%|HC|  |TAMS 0x0000000085400000, 0x0000000085400000| Complete 
|   5|0x0000000085500000, 0x0000000085600000, 0x0000000085600000|100%|HC|  |TAMS 0x0000000085500000, 0x0000000085500000| Complete 
|   6|0x0000000085600000, 0x0000000085700000, 0x0000000085700000|100%|HC|  |TAMS 0x0000000085600000, 0x0000000085600000| Complete 
|   7|0x0000000085700000, 0x0000000085800000, 0x0000000085800000|100%|HC|  |TAMS 0x0000000085700000, 0x0000000085700000| Complete 
|   8|0x0000000085800000, 0x0000000085800000, 0x0000000085900000|  0%| F|  |TAMS 0x0000000085800000, 0x0000000085800000| Untracked 
|   9|0x0000000085900000, 0x0000000085900000, 0x0000000085a00000|  0%| F|  |TAMS 0x0000000085900000, 0x0000000085900000| Untracked 
|  10|0x0000000085a00000, 0x0000000085a00000, 0x0000000085b00000|  0%| F|  |TAMS 0x0000000085a00000, 0x0000000085a00000| Untracked 
|  11|0x0000000085b00000, 0x0000000085b00000, 0x0000000085c00000|  0%| F|  |TAMS 0x0000000085b00000, 0x0000000085b00000| Untracked 
|  12|0x0000000085c00000, 0x0000000085c00000, 0x0000000085d00000|  0%| F|  |TAMS 0x0000000085c00000, 0x0000000085c00000| Untracked 
|  13|0x0000000085d00000, 0x0000000085d00000, 0x0000000085e00000|  0%| F|  |TAMS 0x0000000085d00000, 0x0000000085d00000| Untracked 
|  14|0x0000000085e00000, 0x0000000085e00000, 0x0000000085f00000|  0%| F|  |TAMS 0x0000000085e00000, 0x0000000085e00000| Untracked 
|  15|0x0000000085f00000, 0x0000000085f00000, 0x0000000086000000|  0%| F|  |TAMS 0x0000000085f00000, 0x0000000085f00000| Untracked 
|  16|0x0000000086000000, 0x0000000086000000, 0x0000000086100000|  0%| F|  |TAMS 0x0000000086000000, 0x0000000086000000| Untracked 
|  17|0x0000000086100000, 0x0000000086100000, 0x0000000086200000|  0%| F|  |TAMS 0x0000000086100000, 0x0000000086100000| Untracked 
|  18|0x0000000086200000, 0x0000000086200000, 0x0000000086300000|  0%| F|  |TAMS 0x0000000086200000, 0x0000000086200000| Untracked 
|  19|0x0000000086300000, 0x0000000086300000, 0x0000000086400000|  0%| F|  |TAMS 0x0000000086300000, 0x0000000086300000| Untracked 
|  20|0x0000000086400000, 0x0000000086400000, 0x0000000086500000|  0%| F|  |TAMS 0x0000000086400000, 0x0000000086400000| Untracked 
|  21|0x0000000086500000, 0x0000000086500000, 0x0000000086600000|  0%| F|  |TAMS 0x0000000086500000, 0x0000000086500000| Untracked 
|  22|0x0000000086600000, 0x0000000086600000, 0x0000000086700000|  0%| F|  |TAMS 0x0000000086600000, 0x0000000086600000| Untracked 
|  23|0x0000000086700000, 0x0000000086700000, 0x0000000086800000|  0%| F|  |TAMS 0x0000000086700000, 0x0000000086700000| Untracked 
|  24|0x0000000086800000, 0x0000000086800000, 0x0000000086900000|  0%| F|  |TAMS 0x0000000086800000, 0x0000000086800000| Untracked 
|  25|0x0000000086900000, 0x0000000086900000, 0x0000000086a00000|  0%| F|  |TAMS 0x0000000086900000, 0x0000000086900000| Untracked 
|  26|0x0000000086a00000, 0x0000000086a00000, 0x0000000086b00000|  0%| F|  |TAMS 0x0000000086a00000, 0x0000000086a00000| Untracked 
|  27|0x0000000086b00000, 0x0000000086b00000, 0x0000000086c00000|  0%| F|  |TAMS 0x0000000086b00000, 0x0000000086b00000| Untracked 
|  28|0x0000000086c00000, 0x0000000086c00000, 0x0000000086d00000|  0%| F|  |TAMS 0x0000000086c00000, 0x0000000086c00000| Untracked 
|  29|0x0000000086d00000, 0x0000000086d00000, 0x0000000086e00000|  0%| F|  |TAMS 0x0000000086d00000, 0x0000000086d00000| Untracked 
|  30|0x0000000086e00000, 0x0000000086e00000, 0x0000000086f00000|  0%| F|  |TAMS 0x0000000086e00000, 0x0000000086e00000| Untracked 
|  31|0x0000000086f00000, 0x0000000086f00000, 0x0000000087000000|  0%| F|  |TAMS 0x0000000086f00000, 0x0000000086f00000| Untracked 
|  32|0x0000000087000000, 0x0000000087000000, 0x0000000087100000|  0%| F|  |TAMS 0x0000000087000000, 0x0000000087000000| Untracked 
|  33|0x0000000087100000, 0x0000000087100000, 0x0000000087200000|  0%| F|  |TAMS 0x0000000087100000, 0x0000000087100000| Untracked 
|  34|0x0000000087200000, 0x0000000087200000, 0x0000000087300000|  0%| F|  |TAMS 0x0000000087200000, 0x0000000087200000| Untracked 
|  35|0x0000000087300000, 0x0000000087300000, 0x0000000087400000|  0%| F|  |TAMS 0x0000000087300000, 0x0000000087300000| Untracked 
|  36|0x0000000087400000, 0x0000000087400000, 0x0000000087500000|  0%| F|  |TAMS 0x0000000087400000, 0x0000000087400000| Untracked 
|  37|0x0000000087500000, 0x0000000087500000, 0x0000000087600000|  0%| F|  |TAMS 0x0000000087500000, 0x0000000087500000| Untracked 
|  38|0x0000000087600000, 0x0000000087600000, 0x0000000087700000|  0%| F|  |TAMS 0x0000000087600000, 0x0000000087600000| Untracked 
|  39|0x0000000087700000, 0x0000000087700000, 0x0000000087800000|  0%| F|  |TAMS 0x0000000087700000, 0x0000000087700000| Untracked 
|  40|0x0000000087800000, 0x0000000087800000, 0x0000000087900000|  0%| F|  |TAMS 0x0000000087800000, 0x0000000087800000| Untracked 
|  41|0x0000000087900000, 0x0000000087900000, 0x0000000087a00000|  0%| F|  |TAMS 0x0000000087900000, 0x0000000087900000| Untracked 
|  42|0x0000000087a00000, 0x0000000087a00000, 0x0000000087b00000|  0%| F|  |TAMS 0x0000000087a00000, 0x0000000087a00000| Untracked 
|  43|0x0000000087b00000, 0x0000000087b00000, 0x0000000087c00000|  0%| F|  |TAMS 0x0000000087b00000, 0x0000000087b00000| Untracked 
|  44|0x0000000087c00000, 0x0000000087c00000, 0x0000000087d00000|  0%| F|  |TAMS 0x0000000087c00000, 0x0000000087c00000| Untracked 
|  45|0x0000000087d00000, 0x0000000087d00000, 0x0000000087e00000|  0%| F|  |TAMS 0x0000000087d00000, 0x0000000087d00000| Untracked 
|  46|0x0000000087e00000, 0x0000000087e00000, 0x0000000087f00000|  0%| F|  |TAMS 0x0000000087e00000, 0x0000000087e00000| Untracked 
|  47|0x0000000087f00000, 0x0000000087f00000, 0x0000000088000000|  0%| F|  |TAMS 0x0000000087f00000, 0x0000000087f00000| Untracked 
|  48|0x0000000088000000, 0x0000000088000000, 0x0000000088100000|  0%| F|  |TAMS 0x0000000088000000, 0x0000000088000000| Untracked 
|  49|0x0000000088100000, 0x0000000088100000, 0x0000000088200000|  0%| F|  |TAMS 0x0000000088100000, 0x0000000088100000| Untracked 
|  50|0x0000000088200000, 0x0000000088200000, 0x0000000088300000|  0%| F|  |TAMS 0x0000000088200000, 0x0000000088200000| Untracked 
|  51|0x0000000088300000, 0x0000000088300000, 0x0000000088400000|  0%| F|  |TAMS 0x0000000088300000, 0x0000000088300000| Untracked 
|  52|0x0000000088400000, 0x0000000088400000, 0x0000000088500000|  0%| F|  |TAMS 0x0000000088400000, 0x0000000088400000| Untracked 
|  53|0x0000000088500000, 0x0000000088500000, 0x0000000088600000|  0%| F|  |TAMS 0x0000000088500000, 0x0000000088500000| Untracked 
|  54|0x0000000088600000, 0x0000000088600000, 0x0000000088700000|  0%| F|  |TAMS 0x0000000088600000, 0x0000000088600000| Untracked 
|  55|0x0000000088700000, 0x0000000088700000, 0x0000000088800000|  0%| F|  |TAMS 0x0000000088700000, 0x0000000088700000| Untracked 
|  56|0x0000000088800000, 0x0000000088800000, 0x0000000088900000|  0%| F|  |TAMS 0x0000000088800000, 0x0000000088800000| Untracked 
|  57|0x0000000088900000, 0x0000000088900000, 0x0000000088a00000|  0%| F|  |TAMS 0x0000000088900000, 0x0000000088900000| Untracked 
|  58|0x0000000088a00000, 0x0000000088a00000, 0x0000000088b00000|  0%| F|  |TAMS 0x0000000088a00000, 0x0000000088a00000| Untracked 
|  59|0x0000000088b00000, 0x0000000088b00000, 0x0000000088c00000|  0%| F|  |TAMS 0x0000000088b00000, 0x0000000088b00000| Untracked 
|  60|0x0000000088c00000, 0x0000000088c00000, 0x0000000088d00000|  0%| F|  |TAMS 0x0000000088c00000, 0x0000000088c00000| Untracked 
|  61|0x0000000088d00000, 0x0000000088d00000, 0x0000000088e00000|  0%| F|  |TAMS 0x0000000088d00000, 0x0000000088d00000| Untracked 
|  62|0x0000000088e00000, 0x0000000088e00000, 0x0000000088f00000|  0%| F|  |TAMS 0x0000000088e00000, 0x0000000088e00000| Untracked 
|  63|0x0000000088f00000, 0x0000000088f00000, 0x0000000089000000|  0%| F|  |TAMS 0x0000000088f00000, 0x0000000088f00000| Untracked 
|  64|0x0000000089000000, 0x0000000089000000, 0x0000000089100000|  0%| F|  |TAMS 0x0000000089000000, 0x0000000089000000| Untracked 
|  65|0x0000000089100000, 0x0000000089100000, 0x0000000089200000|  0%| F|  |TAMS 0x0000000089100000, 0x0000000089100000| Untracked 
|  66|0x0000000089200000, 0x0000000089200000, 0x0000000089300000|  0%| F|  |TAMS 0x0000000089200000, 0x0000000089200000| Untracked 
|  67|0x0000000089300000, 0x0000000089300000, 0x0000000089400000|  0%| F|  |TAMS 0x0000000089300000, 0x0000000089300000| Untracked 
|  68|0x0000000089400000, 0x0000000089400000, 0x0000000089500000|  0%| F|  |TAMS 0x0000000089400000, 0x0000000089400000| Untracked 
|  69|0x0000000089500000, 0x0000000089500000, 0x0000000089600000|  0%| F|  |TAMS 0x0000000089500000, 0x0000000089500000| Untracked 
|  70|0x0000000089600000, 0x0000000089600000, 0x0000000089700000|  0%| F|  |TAMS 0x0000000089600000, 0x0000000089600000| Untracked 
|  71|0x0000000089700000, 0x0000000089700000, 0x0000000089800000|  0%| F|  |TAMS 0x0000000089700000, 0x0000000089700000| Untracked 
|  72|0x0000000089800000, 0x0000000089800000, 0x0000000089900000|  0%| F|  |TAMS 0x0000000089800000, 0x0000000089800000| Untracked 
|  73|0x0000000089900000, 0x0000000089900000, 0x0000000089a00000|  0%| F|  |TAMS 0x0000000089900000, 0x0000000089900000| Untracked 
|  74|0x0000000089a00000, 0x0000000089a00000, 0x0000000089b00000|  0%| F|  |TAMS 0x0000000089a00000, 0x0000000089a00000| Untracked 
|  75|0x0000000089b00000, 0x0000000089b00000, 0x0000000089c00000|  0%| F|  |TAMS 0x0000000089b00000, 0x0000000089b00000| Untracked 
|  76|0x0000000089c00000, 0x0000000089c00000, 0x0000000089d00000|  0%| F|  |TAMS 0x0000000089c00000, 0x0000000089c00000| Untracked 
|  77|0x0000000089d00000, 0x0000000089d00000, 0x0000000089e00000|  0%| F|  |TAMS 0x0000000089d00000, 0x0000000089d00000| Untracked 
|  78|0x0000000089e00000, 0x0000000089e00000, 0x0000000089f00000|  0%| F|  |TAMS 0x0000000089e00000, 0x0000000089e00000| Untracked 
|  79|0x0000000089f00000, 0x0000000089f00000, 0x000000008a000000|  0%| F|  |TAMS 0x0000000089f00000, 0x0000000089f00000| Untracked 
|  80|0x000000008a000000, 0x000000008a000000, 0x000000008a100000|  0%| F|  |TAMS 0x000000008a000000, 0x000000008a000000| Untracked 
|  81|0x000000008a100000, 0x000000008a100000, 0x000000008a200000|  0%| F|  |TAMS 0x000000008a100000, 0x000000008a100000| Untracked 
|  82|0x000000008a200000, 0x000000008a200000, 0x000000008a300000|  0%| F|  |TAMS 0x000000008a200000, 0x000000008a200000| Untracked 
|  83|0x000000008a300000, 0x000000008a300000, 0x000000008a400000|  0%| F|  |TAMS 0x000000008a300000, 0x000000008a300000| Untracked 
|  84|0x000000008a400000, 0x000000008a400000, 0x000000008a500000|  0%| F|  |TAMS 0x000000008a400000, 0x000000008a400000| Untracked 
|  85|0x000000008a500000, 0x000000008a500000, 0x000000008a600000|  0%| F|  |TAMS 0x000000008a500000, 0x000000008a500000| Untracked 
|  86|0x000000008a600000, 0x000000008a600000, 0x000000008a700000|  0%| F|  |TAMS 0x000000008a600000, 0x000000008a600000| Untracked 
|  87|0x000000008a700000, 0x000000008a700000, 0x000000008a800000|  0%| F|  |TAMS 0x000000008a700000, 0x000000008a700000| Untracked 
|  88|0x000000008a800000, 0x000000008a800000, 0x000000008a900000|  0%| F|  |TAMS 0x000000008a800000, 0x000000008a800000| Untracked 
|  89|0x000000008a900000, 0x000000008a900000, 0x000000008aa00000|  0%| F|  |TAMS 0x000000008a900000, 0x000000008a900000| Untracked 
|  90|0x000000008aa00000, 0x000000008aa00000, 0x000000008ab00000|  0%| F|  |TAMS 0x000000008aa00000, 0x000000008aa00000| Untracked 
|  91|0x000000008ab00000, 0x000000008ab00000, 0x000000008ac00000|  0%| F|  |TAMS 0x000000008ab00000, 0x000000008ab00000| Untracked 
|  92|0x000000008ac00000, 0x000000008ac00000, 0x000000008ad00000|  0%| F|  |TAMS 0x000000008ac00000, 0x000000008ac00000| Untracked 
|  93|0x000000008ad00000, 0x000000008ad00000, 0x000000008ae00000|  0%| F|  |TAMS 0x000000008ad00000, 0x000000008ad00000| Untracked 
|  94|0x000000008ae00000, 0x000000008ae00000, 0x000000008af00000|  0%| F|  |TAMS 0x000000008ae00000, 0x000000008ae00000| Untracked 
|  95|0x000000008af00000, 0x000000008af00000, 0x000000008b000000|  0%| F|  |TAMS 0x000000008af00000, 0x000000008af00000| Untracked 
|  96|0x000000008b000000, 0x000000008b000000, 0x000000008b100000|  0%| F|  |TAMS 0x000000008b000000, 0x000000008b000000| Untracked 
|  97|0x000000008b100000, 0x000000008b100000, 0x000000008b200000|  0%| F|  |TAMS 0x000000008b100000, 0x000000008b100000| Untracked 
|  98|0x000000008b200000, 0x000000008b200000, 0x000000008b300000|  0%| F|  |TAMS 0x000000008b200000, 0x000000008b200000| Untracked 
|  99|0x000000008b300000, 0x000000008b300000, 0x000000008b400000|  0%| F|  |TAMS 0x000000008b300000, 0x000000008b300000| Untracked 
| 100|0x000000008b400000, 0x000000008b400000, 0x000000008b500000|  0%| F|  |TAMS 0x000000008b400000, 0x000000008b400000| Untracked 
| 101|0x000000008b500000, 0x000000008b500000, 0x000000008b600000|  0%| F|  |TAMS 0x000000008b500000, 0x000000008b500000| Untracked 
| 102|0x000000008b600000, 0x000000008b600000, 0x000000008b700000|  0%| F|  |TAMS 0x000000008b600000, 0x000000008b600000| Untracked 
| 103|0x000000008b700000, 0x000000008b700000, 0x000000008b800000|  0%| F|  |TAMS 0x000000008b700000, 0x000000008b700000| Untracked 
| 104|0x000000008b800000, 0x000000008b800000, 0x000000008b900000|  0%| F|  |TAMS 0x000000008b800000, 0x000000008b800000| Untracked 
| 105|0x000000008b900000, 0x000000008b900000, 0x000000008ba00000|  0%| F|  |TAMS 0x000000008b900000, 0x000000008b900000| Untracked 
| 106|0x000000008ba00000, 0x000000008ba00000, 0x000000008bb00000|  0%| F|  |TAMS 0x000000008ba00000, 0x000000008ba00000| Untracked 
| 107|0x000000008bb00000, 0x000000008bb00000, 0x000000008bc00000|  0%| F|  |TAMS 0x000000008bb00000, 0x000000008bb00000| Untracked 
| 108|0x000000008bc00000, 0x000000008bc5bda0, 0x000000008bd00000| 35%| S|CS|TAMS 0x000000008bc00000, 0x000000008bc00000| Complete 
| 109|0x000000008bd00000, 0x000000008be00000, 0x000000008be00000|100%| S|CS|TAMS 0x000000008bd00000, 0x000000008bd00000| Complete 
| 110|0x000000008be00000, 0x000000008be00000, 0x000000008bf00000|  0%| F|  |TAMS 0x000000008be00000, 0x000000008be00000| Untracked 
| 111|0x000000008bf00000, 0x000000008bf00000, 0x000000008c000000|  0%| F|  |TAMS 0x000000008bf00000, 0x000000008bf00000| Untracked 
| 112|0x000000008c000000, 0x000000008c000000, 0x000000008c100000|  0%| F|  |TAMS 0x000000008c000000, 0x000000008c000000| Untracked 
| 113|0x000000008c100000, 0x000000008c100000, 0x000000008c200000|  0%| F|  |TAMS 0x000000008c100000, 0x000000008c100000| Untracked 
| 114|0x000000008c200000, 0x000000008c200000, 0x000000008c300000|  0%| F|  |TAMS 0x000000008c200000, 0x000000008c200000| Untracked 
| 115|0x000000008c300000, 0x000000008c300000, 0x000000008c400000|  0%| F|  |TAMS 0x000000008c300000, 0x000000008c300000| Untracked 
| 116|0x000000008c400000, 0x000000008c400000, 0x000000008c500000|  0%| F|  |TAMS 0x000000008c400000, 0x000000008c400000| Untracked 
| 117|0x000000008c500000, 0x000000008c500000, 0x000000008c600000|  0%| F|  |TAMS 0x000000008c500000, 0x000000008c500000| Untracked 
| 118|0x000000008c600000, 0x000000008c600000, 0x000000008c700000|  0%| F|  |TAMS 0x000000008c600000, 0x000000008c600000| Untracked 
| 119|0x000000008c700000, 0x000000008c700000, 0x000000008c800000|  0%| F|  |TAMS 0x000000008c700000, 0x000000008c700000| Untracked 
| 120|0x000000008c800000, 0x000000008c800000, 0x000000008c900000|  0%| F|  |TAMS 0x000000008c800000, 0x000000008c800000| Untracked 
| 121|0x000000008c900000, 0x000000008c900000, 0x000000008ca00000|  0%| F|  |TAMS 0x000000008c900000, 0x000000008c900000| Untracked 
| 122|0x000000008ca00000, 0x000000008ca00000, 0x000000008cb00000|  0%| F|  |TAMS 0x000000008ca00000, 0x000000008ca00000| Untracked 
| 123|0x000000008cb00000, 0x000000008cc00000, 0x000000008cc00000|100%| E|  |TAMS 0x000000008cb00000, 0x000000008cb00000| Complete 
|1966|0x00000000ffe00000, 0x00000000ffe34000, 0x00000000fff00000| 20%|OA|  |TAMS 0x00000000ffe00000, 0x00000000ffe00000| Untracked 
|1967|0x00000000fff00000, 0x00000000fff6a000, 0x0000000100000000| 41%|CA|  |TAMS 0x00000000fff00000, 0x00000000fff00000| Untracked 

Card table byte_map: [0x00007f8d18965000,0x00007f8d18d3d000] _byte_map_base: 0x00007f8d1853d000

Marking Bits (Prev, Next): (CMBitMap*) 0x00007f8d1404f5d8, (CMBitMap*) 0x00007f8d1404f610
 Prev Bits: [0x00007f8cf6140000, 0x00007f8cf8000000)
 Next Bits: [0x00007f8cf4280000, 0x00007f8cf6140000)

Polling page: 0x00007f8d1982e000

Metaspace:

Usage:
  Non-class:      4.71 MB capacity,     4.54 MB ( 96%) used,   151.03 KB (  3%) free+waste,    28.50 KB ( <1%) overhead. 
      Class:    767.00 KB capacity,   582.90 KB ( 76%) used,   166.04 KB ( 22%) free+waste,    18.06 KB (  2%) overhead. 
       Both:      5.46 MB capacity,     5.11 MB ( 93%) used,   317.07 KB (  6%) free+waste,    46.56 KB ( <1%) overhead. 

Virtual space:
  Non-class space:        8.00 MB reserved,       4.75 MB ( 59%) committed 
      Class space:        1.00 GB reserved,     768.00 KB ( <1%) committed 
             Both:        1.01 GB reserved,       5.50 MB ( <1%) committed 

Chunk freelists:
   Non-Class:  37.00 KB
       Class:  1.00 KB
        Both:  38.00 KB

CodeHeap 'non-profiled nmethods': size=120032Kb used=235Kb max_used=235Kb free=119796Kb
 bounds [0x00007f8d0441e000, 0x00007f8d0468e000, 0x00007f8d0b956000]
CodeHeap 'profiled nmethods': size=120032Kb used=1123Kb max_used=1123Kb free=118908Kb
 bounds [0x00007f8cfcee6000, 0x00007f8cfd156000, 0x00007f8d0441e000]
CodeHeap 'non-nmethods': size=5696Kb used=1182Kb max_used=1208Kb free=4513Kb
 bounds [0x00007f8cfc956000, 0x00007f8cfcbc6000, 0x00007f8cfcee6000]
 total_blobs=1291 nmethods=638 adapters=455
 compilation: enabled
              stopped_count=0, restarted_count=0
 full_count=0

Compilation events (10 events):
Event: 1.138 Thread 0x00007f8d1411a800 nmethod 634 0x00007f8cfcffd810 code [0x00007f8cfcffd9e0, 0x00007f8cfcffdcd8]
Event: 1.138 Thread 0x00007f8d1411a800  636       3       java.lang.String::lastIndexOf (12 bytes)
Event: 1.139 Thread 0x00007f8d1411a800 nmethod 636 0x00007f8cfcffde10 code [0x00007f8cfcffe000, 0x00007f8cfcffe458]
Event: 1.139 Thread 0x00007f8d1411a800  637       3       java.nio.ByteBuffer::position (8 bytes)
Event: 1.139 Thread 0x00007f8d1411a800 nmethod 637 0x00007f8cfcffe610 code [0x00007f8cfcffe7c0, 0x00007f8cfcffe988]
Event: 1.139 Thread 0x00007f8d1411a800  635       3       java.lang.String::startsWith (7 bytes)
Event: 1.139 Thread 0x00007f8d1411a800 nmethod 635 0x00007f8cfcffea10 code [0x00007f8cfcffebc0, 0x00007f8cfcffed68]
Event: 1.139 Thread 0x00007f8d1411a800  638       1       java.net.URL::getProtocol (5 bytes)
Event: 1.139 Thread 0x00007f8d1411a800 nmethod 638 0x00007f8d04456d10 code [0x00007f8d04456ec0, 0x00007f8d04456ff0]
Event: 1.146 Thread 0x00007f8d14118800 nmethod 618 0x00007f8d04457090 code [0x00007f8d04457240, 0x00007f8d04458938]

GC Heap History (2 events):
Event: 1.140 GC heap before
{Heap before GC invocations=0 (full 0):
 garbage-first heap   total 129024K, used 23160K [0x0000000085000000, 0x0000000100000000)
  region size 1024K, 14 young (14336K), 0 survivors (0K)
 Metaspace       used 5229K, capacity 5594K, committed 5632K, reserved 1056768K
  class space    used 582K, capacity 767K, committed 768K, reserved 1048576K
}
Event: 1.146 GC heap after
{Heap after GC invocations=1 (full 0):
 garbage-first heap   total 129024K, used 10215K [0x0000000085000000, 0x0000000100000000)
  region size 1024K, 2 young (2048K), 2 survivors (2048K)
 Metaspace       used 5229K, capacity 5594K, committed 5632K, reserved 1056768K
  class space    used 582K, capacity 767K, committed 768K, reserved 1048576K
}

Deoptimization events (10 events):
Event: 1.134 Thread 0x00007f8d14464000 DEOPT PACKING pc=0x00007f8cfcfcba54 sp=0x00007f8cb9332660
Event: 1.134 Thread 0x00007f8d14464000 DEOPT UNPACKING pc=0x00007f8cfc97e83a sp=0x00007f8cb9331af0 mode 0
Event: 1.134 Thread 0x00007f8d14464000 DEOPT PACKING pc=0x00007f8cfcfcba54 sp=0x00007f8cb9332660
Event: 1.134 Thread 0x00007f8d14464000 DEOPT UNPACKING pc=0x00007f8cfc97e83a sp=0x00007f8cb9331af0 mode 0
Event: 1.134 Thread 0x00007f8d14464000 DEOPT PACKING pc=0x00007f8cfcfcba54 sp=0x00007f8cb9332660
Event: 1.134 Thread 0x00007f8d14464000 DEOPT UNPACKING pc=0x00007f8cfc97e83a sp=0x00007f8cb9331af0 mode 0
Event: 1.135 Thread 0x00007f8d14464000 Uncommon trap: trap_request=0xffffff4d fr.pc=0x00007f8d04453750 relative=0x0000000000000ff0
Event: 1.135 Thread 0x00007f8d14464000 Uncommon trap: reason=unstable_if action=reinterpret pc=0x00007f8d04453750 method=sun.awt.image.PNGImageDecoder.produceImage()V @ 867 c2
Event: 1.135 Thread 0x00007f8d14464000 DEOPT PACKING pc=0x00007f8d04453750 sp=0x00007f8cb93326e0
Event: 1.135 Thread 0x00007f8d14464000 DEOPT UNPACKING pc=0x00007f8cfc97ea25 sp=0x00007f8cb9332650 mode 2

Classes redefined (0 events):
No events

Internal exceptions (10 events):
Event: 0.176 Thread 0x00007f8d14011800 Exception <a 'java/lang/NoSuchMethodError'{0x000000008c8c48e8}: 'java.lang.Object java.lang.invoke.DirectMethodHandle$Holder.invokeSpecial(java.lang.Object, java.lang.Object, int, java.lang.Object, java.lang.Object, java.lang.Object)'> (0x000000008c8c48e8
Event: 0.179 Thread 0x00007f8d14011800 Exception <a 'java/lang/NoSuchMethodError'{0x000000008c8dc408}: 'java.lang.Object java.lang.invoke.DirectMethodHandle$Holder.invokeStatic(java.lang.Object, int, java.lang.Object)'> (0x000000008c8dc408) thrown at [/build/openjdk-lts-ZT5jEu/openjdk-lts-11.0
Event: 0.952 Thread 0x00007f8d14011800 Exception <a 'java/lang/NoSuchMethodError'{0x000000008c7756b0}: 'java.lang.Object java.lang.invoke.DirectMethodHandle$Holder.invokeStatic(java.lang.Object, java.lang.Object, java.lang.Object, java.lang.Object, java.lang.Object, java.lang.Object, java.lang
Event: 0.954 Thread 0x00007f8d14011800 Exception <a 'java/lang/NoSuchMethodError'{0x000000008c78f610}: 'java.lang.Object java.lang.invoke.DirectMethodHandle$Holder.invokeStatic(java.lang.Object, java.lang.Object, java.lang.Object, java.lang.Object, java.lang.Object, java.lang.Object, java.lang
Event: 0.956 Thread 0x00007f8d14011800 Exception <a 'java/lang/NoSuchMethodError'{0x000000008c79b9d8}: 'void java.lang.invoke.DirectMethodHandle$Holder.invokeSpecial(java.lang.Object, java.lang.Object)'> (0x000000008c79b9d8) thrown at [/build/openjdk-lts-ZT5jEu/openjdk-lts-11.0.4+11/src/hotspo
Event: 0.999 Thread 0x00007f8d14011800 Exception <a 'java/lang/NoSuchMethodError'{0x000000008c6c1b98}: 'java.lang.Object java.lang.invoke.Invokers$Holder.linkToTargetMethod(java.lang.Object, int, java.lang.Object)'> (0x000000008c6c1b98) thrown at [/build/openjdk-lts-ZT5jEu/openjdk-lts-11.0.4+1
Event: 1.014 Thread 0x00007f8d14011800 Exception <a 'java/lang/ClassNotFoundException'{0x000000008c52cdb8}: com/sun/swing/internal/plaf/metal/resources/spi/metalProvider> (0x000000008c52cdb8) thrown at [/build/openjdk-lts-ZT5jEu/openjdk-lts-11.0.4+11/src/hotspot/share/classfile/systemDictionar
Event: 1.015 Thread 0x00007f8d14011800 Exception <a 'java/lang/ClassNotFoundException'{0x000000008c530cc0}: com/sun/swing/internal/plaf/basic/resources/spi/basicProvider> (0x000000008c530cc0) thrown at [/build/openjdk-lts-ZT5jEu/openjdk-lts-11.0.4+11/src/hotspot/share/classfile/systemDictionar
Event: 1.146 Thread 0x00007f8d1446c000 Exception <a 'java/lang/NoSuchMethodError'{0x000000008cb001f8}: get> (0x000000008cb001f8) thrown at [/build/openjdk-lts-ZT5jEu/openjdk-lts-11.0.4+11/src/hotspot/share/prims/jni.cpp, line 1333]
Event: 1.146 Thread 0x00007f8d1446c000 Exception <a 'java/lang/NoSuchMethodError'{0x000000008cb004f8}: size> (0x000000008cb004f8) thrown at [/build/openjdk-lts-ZT5jEu/openjdk-lts-11.0.4+11/src/hotspot/share/prims/jni.cpp, line 1333]

Events (10 events):
Event: 1.138 loading class AIGroup done
Event: 1.139 loading class CRobot$1
Event: 1.139 loading class CRobot$1 done
Event: 1.140 Thread 0x00007f8d1446c000 Thread added: 0x00007f8d1446c000
Event: 1.140 loading class AI_Robot$1
Event: 1.140 loading class AI_Robot$1 done
Event: 1.140 Executing VM operation: G1CollectForAllocation
Event: 1.146 Executing VM operation: G1CollectForAllocation done
Event: 1.146 Executing VM operation: RevokeBias
Event: 1.146 Executing VM operation: RevokeBias done


Dynamic libraries:
85000000-8cc00000 rw-p 00000000 00:00 0 
8cc00000-ffe00000 ---p 00000000 00:00 0 
ffe00000-ffe34000 rw-p 01116000 08:02 23990720                           /usr/lib/jvm/java-11-openjdk-amd64/lib/server/classes.jsa
ffe34000-fff00000 rw-p 00000000 00:00 0 
fff00000-fff6a000 rw-p 010ac000 08:02 23990720                           /usr/lib/jvm/java-11-openjdk-amd64/lib/server/classes.jsa
fff6a000-100000000 rw-p 00000000 00:00 0 
800000000-800002000 rwxp 00001000 08:02 23990720                         /usr/lib/jvm/java-11-openjdk-amd64/lib/server/classes.jsa
800002000-8003bd000 rw-p 00003000 08:02 23990720                         /usr/lib/jvm/java-11-openjdk-amd64/lib/server/classes.jsa
8003bd000-800a98000 r--p 003be000 08:02 23990720                         /usr/lib/jvm/java-11-openjdk-amd64/lib/server/classes.jsa
800a98000-800a99000 rw-p 00a99000 08:02 23990720                         /usr/lib/jvm/java-11-openjdk-amd64/lib/server/classes.jsa
800a99000-8010ab000 r--p 00a9a000 08:02 23990720                         /usr/lib/jvm/java-11-openjdk-amd64/lib/server/classes.jsa
840000000-8400c0000 rw-p 00000000 00:00 0 
8400c0000-880000000 ---p 00000000 00:00 0 
5603eb5b7000-5603eb5b8000 r--p 00000000 08:02 23597129                   /usr/lib/jvm/java-11-openjdk-amd64/bin/java
5603eb5b8000-5603eb5b9000 r-xp 00001000 08:02 23597129                   /usr/lib/jvm/java-11-openjdk-amd64/bin/java
5603eb5b9000-5603eb5ba000 r--p 00002000 08:02 23597129                   /usr/lib/jvm/java-11-openjdk-amd64/bin/java
5603eb5ba000-5603eb5bb000 r--p 00002000 08:02 23597129                   /usr/lib/jvm/java-11-openjdk-amd64/bin/java
5603eb5bb000-5603eb5bc000 rw-p 00003000 08:02 23597129                   /usr/lib/jvm/java-11-openjdk-amd64/bin/java
5603ebe1e000-5603ebe3f000 rw-p 00000000 00:00 0                          [heap]
7f8c88000000-7f8c88021000 rw-p 00000000 00:00 0 
7f8c88021000-7f8c8c000000 ---p 00000000 00:00 0 
7f8c8c000000-7f8c8c021000 rw-p 00000000 00:00 0 
7f8c8c021000-7f8c90000000 ---p 00000000 00:00 0 
7f8c90000000-7f8c90021000 rw-p 00000000 00:00 0 
7f8c90021000-7f8c94000000 ---p 00000000 00:00 0 
7f8c94000000-7f8c94021000 rw-p 00000000 00:00 0 
7f8c94021000-7f8c98000000 ---p 00000000 00:00 0 
7f8c98000000-7f8c98030000 rw-p 00000000 00:00 0 
7f8c98030000-7f8c9c000000 ---p 00000000 00:00 0 
7f8c9c000000-7f8c9c148000 rw-p 00000000 00:00 0 
7f8c9c148000-7f8ca0000000 ---p 00000000 00:00 0 
7f8ca0000000-7f8ca0021000 rw-p 00000000 00:00 0 
7f8ca0021000-7f8ca4000000 ---p 00000000 00:00 0 
7f8ca4000000-7f8ca4021000 rw-p 00000000 00:00 0 
7f8ca4021000-7f8ca8000000 ---p 00000000 00:00 0 
7f8ca8000000-7f8ca8021000 rw-p 00000000 00:00 0 
7f8ca8021000-7f8cac000000 ---p 00000000 00:00 0 
7f8cac000000-7f8cac021000 rw-p 00000000 00:00 0 
7f8cac021000-7f8cb0000000 ---p 00000000 00:00 0 
7f8cb0000000-7f8cb0021000 rw-p 00000000 00:00 0 
7f8cb0021000-7f8cb4000000 ---p 00000000 00:00 0 
7f8cb4000000-7f8cb4021000 rw-p 00000000 00:00 0 
7f8cb4021000-7f8cb8000000 ---p 00000000 00:00 0 
7f8cb8d2b000-7f8cb8d2c000 ---p 00000000 00:00 0 
7f8cb8d2c000-7f8cb8e2d000 rw-p 00000000 00:00 0 
7f8cb8e2d000-7f8cb8e2e000 ---p 00000000 00:00 0 
7f8cb8e2e000-7f8cb8f2f000 rw-p 00000000 00:00 0 
7f8cb8f2f000-7f8cb8f30000 ---p 00000000 00:00 0 
7f8cb8f30000-7f8cb9031000 rw-p 00000000 00:00 0 
7f8cb9031000-7f8cb9035000 ---p 00000000 00:00 0 
7f8cb9035000-7f8cb9132000 rw-p 00000000 00:00 0 
7f8cb9132000-7f8cb9136000 ---p 00000000 00:00 0 
7f8cb9136000-7f8cb9233000 rw-p 00000000 00:00 0 
7f8cb9233000-7f8cb9237000 ---p 00000000 00:00 0 
7f8cb9237000-7f8cb9334000 rw-p 00000000 00:00 0 
7f8cb9334000-7f8cb9338000 ---p 00000000 00:00 0 
7f8cb9338000-7f8cb9435000 rw-p 00000000 00:00 0 
7f8cb9435000-7f8cb9439000 ---p 00000000 00:00 0 
7f8cb9439000-7f8cb9536000 rw-p 00000000 00:00 0 
7f8cb9536000-7f8cb953b000 r-xp 00000000 08:02 23600531                   /usr/lib/x86_64-linux-gnu/libXfixes.so.3.1.0
7f8cb953b000-7f8cb973a000 ---p 00005000 08:02 23600531                   /usr/lib/x86_64-linux-gnu/libXfixes.so.3.1.0
7f8cb973a000-7f8cb973b000 r--p 00004000 08:02 23600531                   /usr/lib/x86_64-linux-gnu/libXfixes.so.3.1.0
7f8cb973b000-7f8cb973c000 rw-p 00005000 08:02 23600531                   /usr/lib/x86_64-linux-gnu/libXfixes.so.3.1.0
7f8cb973c000-7f8cb973e000 r--p 00000000 08:02 23600523                   /usr/lib/x86_64-linux-gnu/libXcursor.so.1.0.2
7f8cb973e000-7f8cb9743000 r-xp 00002000 08:02 23600523                   /usr/lib/x86_64-linux-gnu/libXcursor.so.1.0.2
7f8cb9743000-7f8cb9745000 r--p 00007000 08:02 23600523                   /usr/lib/x86_64-linux-gnu/libXcursor.so.1.0.2
7f8cb9745000-7f8cb9746000 r--p 00008000 08:02 23600523                   /usr/lib/x86_64-linux-gnu/libXcursor.so.1.0.2
7f8cb9746000-7f8cb9747000 rw-p 00009000 08:02 23600523                   /usr/lib/x86_64-linux-gnu/libXcursor.so.1.0.2
7f8cb9754000-7f8cb9755000 r--p 00000000 08:02 27001589                   /home/kramer/Downloads/RobotArena-master/RobotAreana/AIBasic/build/libs/mynativelibrary/shared/libmynativelibrary.so
7f8cb9755000-7f8cb9756000 r-xp 00001000 08:02 27001589                   /home/kramer/Downloads/RobotArena-master/RobotAreana/AIBasic/build/libs/mynativelibrary/shared/libmynativelibrary.so
7f8cb9756000-7f8cb9757000 r--p 00002000 08:02 27001589                   /home/kramer/Downloads/RobotArena-master/RobotAreana/AIBasic/build/libs/mynativelibrary/shared/libmynativelibrary.so
7f8cb9757000-7f8cb9758000 r--p 00002000 08:02 27001589                   /home/kramer/Downloads/RobotArena-master/RobotAreana/AIBasic/build/libs/mynativelibrary/shared/libmynativelibrary.so
7f8cb9758000-7f8cb9759000 rw-p 00003000 08:02 27001589                   /home/kramer/Downloads/RobotArena-master/RobotAreana/AIBasic/build/libs/mynativelibrary/shared/libmynativelibrary.so
7f8cb9759000-7f8cb975a000 ---p 00000000 00:00 0 
7f8cb975a000-7f8cb9f5a000 rw-p 00000000 00:00 0 
7f8cb9f5a000-7f8cb9f5b000 ---p 00000000 00:00 0 
7f8cb9f5b000-7f8cba75b000 rw-p 00000000 00:00 0 
7f8cba75b000-7f8cba75c000 ---p 00000000 00:00 0 
7f8cba75c000-7f8cbaf5c000 rw-p 00000000 00:00 0 
7f8cbaf5c000-7f8cbaf82000 r--p 00000000 08:02 25043479                   /usr/share/glib-2.0/schemas/gschemas.compiled
7f8cbaf82000-7f8cbaf84000 r--p 00000000 08:02 23601822                   /usr/lib/x86_64-linux-gnu/libuuid.so.1.3.0
7f8cbaf84000-7f8cbaf88000 r-xp 00002000 08:02 23601822                   /usr/lib/x86_64-linux-gnu/libuuid.so.1.3.0
7f8cbaf88000-7f8cbaf89000 r--p 00006000 08:02 23601822                   /usr/lib/x86_64-linux-gnu/libuuid.so.1.3.0
7f8cbaf89000-7f8cbaf8a000 r--p 00006000 08:02 23601822                   /usr/lib/x86_64-linux-gnu/libuuid.so.1.3.0
7f8cbaf8a000-7f8cbaf8b000 rw-p 00007000 08:02 23601822                   /usr/lib/x86_64-linux-gnu/libuuid.so.1.3.0
7f8cbaf8b000-7f8cbaf95000 r--p 00000000 08:02 23600663                   /usr/lib/x86_64-linux-gnu/libblkid.so.1.1.0
7f8cbaf95000-7f8cbafc9000 r-xp 0000a000 08:02 23600663                   /usr/lib/x86_64-linux-gnu/libblkid.so.1.1.0
7f8cbafc9000-7f8cbafd9000 r--p 0003e000 08:02 23600663                   /usr/lib/x86_64-linux-gnu/libblkid.so.1.1.0
7f8cbafd9000-7f8cbafda000 ---p 0004e000 08:02 23600663                   /usr/lib/x86_64-linux-gnu/libblkid.so.1.1.0
7f8cbafda000-7f8cbafdf000 r--p 0004e000 08:02 23600663                   /usr/lib/x86_64-linux-gnu/libblkid.so.1.1.0
7f8cbafdf000-7f8cbafe0000 rw-p 00053000 08:02 23600663                   /usr/lib/x86_64-linux-gnu/libblkid.so.1.1.0
7f8cbafe0000-7f8cbafe2000 r--p 00000000 08:02 23601506                   /usr/lib/x86_64-linux-gnu/libpcre.so.3.13.3
7f8cbafe2000-7f8cbb034000 r-xp 00002000 08:02 23601506                   /usr/lib/x86_64-linux-gnu/libpcre.so.3.13.3
7f8cbb034000-7f8cbb052000 r--p 00054000 08:02 23601506                   /usr/lib/x86_64-linux-gnu/libpcre.so.3.13.3
7f8cbb052000-7f8cbb053000 r--p 00071000 08:02 23601506                   /usr/lib/x86_64-linux-gnu/libpcre.so.3.13.3
7f8cbb053000-7f8cbb054000 rw-p 00072000 08:02 23601506                   /usr/lib/x86_64-linux-gnu/libpcre.so.3.13.3
7f8cbb054000-7f8cbb058000 r--p 00000000 08:02 23601610                   /usr/lib/x86_64-linux-gnu/libresolv-2.29.so
7f8cbb058000-7f8cbb067000 r-xp 00004000 08:02 23601610                   /usr/lib/x86_64-linux-gnu/libresolv-2.29.so
7f8cbb067000-7f8cbb06a000 r--p 00013000 08:02 23601610                   /usr/lib/x86_64-linux-gnu/libresolv-2.29.so
7f8cbb06a000-7f8cbb06b000 ---p 00016000 08:02 23601610                   /usr/lib/x86_64-linux-gnu/libresolv-2.29.so
7f8cbb06b000-7f8cbb06c000 r--p 00016000 08:02 23601610                   /usr/lib/x86_64-linux-gnu/libresolv-2.29.so
7f8cbb06c000-7f8cbb06d000 rw-p 00017000 08:02 23601610                   /usr/lib/x86_64-linux-gnu/libresolv-2.29.so
7f8cbb06d000-7f8cbb06f000 rw-p 00000000 00:00 0 
7f8cbb06f000-7f8cbb075000 r--p 00000000 08:02 23601661                   /usr/lib/x86_64-linux-gnu/libselinux.so.1
7f8cbb075000-7f8cbb08d000 r-xp 00006000 08:02 23601661                   /usr/lib/x86_64-linux-gnu/libselinux.so.1
7f8cbb08d000-7f8cbb094000 r--p 0001e000 08:02 23601661                   /usr/lib/x86_64-linux-gnu/libselinux.so.1
7f8cbb094000-7f8cbb095000 ---p 00025000 08:02 23601661                   /usr/lib/x86_64-linux-gnu/libselinux.so.1
7f8cbb095000-7f8cbb096000 r--p 00025000 08:02 23601661                   /usr/lib/x86_64-linux-gnu/libselinux.so.1
7f8cbb096000-7f8cbb097000 rw-p 00026000 08:02 23601661                   /usr/lib/x86_64-linux-gnu/libselinux.so.1
7f8cbb097000-7f8cbb099000 rw-p 00000000 00:00 0 
7f8cbb099000-7f8cbb0a4000 r--p 00000000 08:02 23601326                   /usr/lib/x86_64-linux-gnu/libmount.so.1.1.0
7f8cbb0a4000-7f8cbb0df000 r-xp 0000b000 08:02 23601326                   /usr/lib/x86_64-linux-gnu/libmount.so.1.1.0
7f8cbb0df000-7f8cbb0f1000 r--p 00046000 08:02 23601326                   /usr/lib/x86_64-linux-gnu/libmount.so.1.1.0
7f8cbb0f1000-7f8cbb0f4000 r--p 00057000 08:02 23601326                   /usr/lib/x86_64-linux-gnu/libmount.so.1.1.0
7f8cbb0f4000-7f8cbb0f5000 rw-p 0005a000 08:02 23601326                   /usr/lib/x86_64-linux-gnu/libmount.so.1.1.0
7f8cbb0f5000-7f8cbb110000 r--p 00000000 08:02 23593383                   /usr/lib/x86_64-linux-gnu/libglib-2.0.so.0.6000.0
7f8cbb110000-7f8cbb190000 r-xp 0001b000 08:02 23593383                   /usr/lib/x86_64-linux-gnu/libglib-2.0.so.0.6000.0
7f8cbb190000-7f8cbb212000 r--p 0009b000 08:02 23593383                   /usr/lib/x86_64-linux-gnu/libglib-2.0.so.0.6000.0
7f8cbb212000-7f8cbb213000 ---p 0011d000 08:02 23593383                   /usr/lib/x86_64-linux-gnu/libglib-2.0.so.0.6000.0
7f8cbb213000-7f8cbb214000 r--p 0011d000 08:02 23593383                   /usr/lib/x86_64-linux-gnu/libglib-2.0.so.0.6000.0
7f8cbb214000-7f8cbb215000 rw-p 0011e000 08:02 23593383                   /usr/lib/x86_64-linux-gnu/libglib-2.0.so.0.6000.0
7f8cbb215000-7f8cbb216000 rw-p 00000000 00:00 0 
7f8cbb216000-7f8cbb24d000 r--p 00000000 08:02 23593360                   /usr/lib/x86_64-linux-gnu/libgio-2.0.so.0.6000.0
7f8cbb24d000-7f8cbb34e000 r-xp 00037000 08:02 23593360                   /usr/lib/x86_64-linux-gnu/libgio-2.0.so.0.6000.0
7f8cbb34e000-7f8cbb3d4000 r--p 00138000 08:02 23593360                   /usr/lib/x86_64-linux-gnu/libgio-2.0.so.0.6000.0
7f8cbb3d4000-7f8cbb3dc000 r--p 001bd000 08:02 23593360                   /usr/lib/x86_64-linux-gnu/libgio-2.0.so.0.6000.0
7f8cbb3dc000-7f8cbb3dd000 rw-p 001c5000 08:02 23593360                   /usr/lib/x86_64-linux-gnu/libgio-2.0.so.0.6000.0
7f8cbb3dd000-7f8cbb3df000 rw-p 00000000 00:00 0 
7f8cbb3df000-7f8cbb3e9000 r-xp 00000000 08:02 23600547                   /usr/lib/x86_64-linux-gnu/libXrandr.so.2.2.0
7f8cbb3e9000-7f8cbb5e8000 ---p 0000a000 08:02 23600547                   /usr/lib/x86_64-linux-gnu/libXrandr.so.2.2.0
7f8cbb5e8000-7f8cbb5e9000 r--p 00009000 08:02 23600547                   /usr/lib/x86_64-linux-gnu/libXrandr.so.2.2.0
7f8cbb5e9000-7f8cbb5ea000 rw-p 0000a000 08:02 23600547                   /usr/lib/x86_64-linux-gnu/libXrandr.so.2.2.0
7f8cbb5ea000-7f8cbb5f6000 r--p 00000000 08:02 23600949                   /usr/lib/x86_64-linux-gnu/libfreetype.so.6.16.1
7f8cbb5f6000-7f8cbb673000 r-xp 0000c000 08:02 23600949                   /usr/lib/x86_64-linux-gnu/libfreetype.so.6.16.1
7f8cbb673000-7f8cbb69c000 r--p 00089000 08:02 23600949                   /usr/lib/x86_64-linux-gnu/libfreetype.so.6.16.1
7f8cbb69c000-7f8cbb69d000 ---p 000b2000 08:02 23600949                   /usr/lib/x86_64-linux-gnu/libfreetype.so.6.16.1
7f8cbb69d000-7f8cbb6a4000 r--p 000b2000 08:02 23600949                   /usr/lib/x86_64-linux-gnu/libfreetype.so.6.16.1
7f8cbb6a4000-7f8cbb6a5000 rw-p 000b9000 08:02 23600949                   /usr/lib/x86_64-linux-gnu/libfreetype.so.6.16.1
7f8cbb6a5000-7f8cbb6a9000 r--p 00000000 08:02 23990635                   /usr/lib/jvm/java-11-openjdk-amd64/lib/libfontmanager.so
7f8cbb6a9000-7f8cbb79b000 r-xp 00004000 08:02 23990635                   /usr/lib/jvm/java-11-openjdk-amd64/lib/libfontmanager.so
7f8cbb79b000-7f8cbb7db000 r--p 000f6000 08:02 23990635                   /usr/lib/jvm/java-11-openjdk-amd64/lib/libfontmanager.so
7f8cbb7db000-7f8cbb7dc000 r--p 00135000 08:02 23990635                   /usr/lib/jvm/java-11-openjdk-amd64/lib/libfontmanager.so
7f8cbb7dc000-7f8cbb7dd000 rw-p 00136000 08:02 23990635                   /usr/lib/jvm/java-11-openjdk-amd64/lib/libfontmanager.so
7f8cbb7dd000-7f8cbb7e0000 rw-p 00000000 00:00 0 
7f8cbb7e0000-7f8cbb7e5000 r-xp 00000000 08:02 23600527                   /usr/lib/x86_64-linux-gnu/libXdmcp.so.6.0.0
7f8cbb7e5000-7f8cbb9e4000 ---p 00005000 08:02 23600527                   /usr/lib/x86_64-linux-gnu/libXdmcp.so.6.0.0
7f8cbb9e4000-7f8cbb9e5000 r--p 00004000 08:02 23600527                   /usr/lib/x86_64-linux-gnu/libXdmcp.so.6.0.0
7f8cbb9e5000-7f8cbb9e6000 rw-p 00005000 08:02 23600527                   /usr/lib/x86_64-linux-gnu/libXdmcp.so.6.0.0
7f8cbb9e6000-7f8cbb9e8000 r-xp 00000000 08:02 23600516                   /usr/lib/x86_64-linux-gnu/libXau.so.6.0.0
7f8cbb9e8000-7f8cbbbe8000 ---p 00002000 08:02 23600516                   /usr/lib/x86_64-linux-gnu/libXau.so.6.0.0
7f8cbbbe8000-7f8cbbbe9000 r--p 00002000 08:02 23600516                   /usr/lib/x86_64-linux-gnu/libXau.so.6.0.0
7f8cbbbe9000-7f8cbbbea000 rw-p 00003000 08:02 23600516                   /usr/lib/x86_64-linux-gnu/libXau.so.6.0.0
7f8cbbbea000-7f8cbbbf9000 r-xp 00000000 08:02 23600537                   /usr/lib/x86_64-linux-gnu/libXi.so.6.1.0
7f8cbbbf9000-7f8cbbdf8000 ---p 0000f000 08:02 23600537                   /usr/lib/x86_64-linux-gnu/libXi.so.6.1.0
7f8cbbdf8000-7f8cbbdf9000 r--p 0000e000 08:02 23600537                   /usr/lib/x86_64-linux-gnu/libXi.so.6.1.0
7f8cbbdf9000-7f8cbbdfa000 rw-p 0000f000 08:02 23600537                   /usr/lib/x86_64-linux-gnu/libXi.so.6.1.0
7f8cbbdfa000-7f8cbbdff000 r-xp 00000000 08:02 23600555                   /usr/lib/x86_64-linux-gnu/libXtst.so.6.1.0
7f8cbbdff000-7f8cbbffe000 ---p 00005000 08:02 23600555                   /usr/lib/x86_64-linux-gnu/libXtst.so.6.1.0
7f8cbbffe000-7f8cbbfff000 r--p 00004000 08:02 23600555                   /usr/lib/x86_64-linux-gnu/libXtst.so.6.1.0
7f8cbbfff000-7f8cbc000000 rw-p 00005000 08:02 23600555                   /usr/lib/x86_64-linux-gnu/libXtst.so.6.1.0
7f8cbc000000-7f8cbc021000 rw-p 00000000 00:00 0 
7f8cbc021000-7f8cc0000000 ---p 00000000 00:00 0 
7f8cc0000000-7f8cc0021000 rw-p 00000000 00:00 0 
7f8cc0021000-7f8cc4000000 ---p 00000000 00:00 0 
7f8cc4000000-7f8cc4404000 rw-p 00000000 00:00 0 
7f8cc4404000-7f8cc8000000 ---p 00000000 00:00 0 
7f8cc8000000-7f8cc8021000 rw-p 00000000 00:00 0 
7f8cc8021000-7f8ccc000000 ---p 00000000 00:00 0 
7f8ccc000000-7f8ccc021000 rw-p 00000000 00:00 0 
7f8ccc021000-7f8cd0000000 ---p 00000000 00:00 0 
7f8cd0000000-7f8cd0665000 rw-p 00000000 00:00 0 
7f8cd0665000-7f8cd4000000 ---p 00000000 00:00 0 
7f8cd4000000-7f8cd4021000 rw-p 00000000 00:00 0 
7f8cd4021000-7f8cd8000000 ---p 00000000 00:00 0 
7f8cd8000000-7f8cd8021000 rw-p 00000000 00:00 0 
7f8cd8021000-7f8cdc000000 ---p 00000000 00:00 0 
7f8cdc000000-7f8cdc021000 rw-p 00000000 00:00 0 
7f8cdc021000-7f8ce0000000 ---p 00000000 00:00 0 
7f8ce0000000-7f8ce0038000 rw-p 00000000 00:00 0 
7f8ce0038000-7f8ce4000000 ---p 00000000 00:00 0 
7f8ce4000000-7f8ce4021000 rw-p 00000000 00:00 0 
7f8ce4021000-7f8ce8000000 ---p 00000000 00:00 0 
7f8ce8000000-7f8ce8021000 rw-p 00000000 00:00 0 
7f8ce8021000-7f8cec000000 ---p 00000000 00:00 0 
7f8cec002000-7f8cec010000 r--p 00000000 08:02 23593408                   /usr/lib/x86_64-linux-gnu/libgobject-2.0.so.0.6000.0
7f8cec010000-7f8cec042000 r-xp 0000e000 08:02 23593408                   /usr/lib/x86_64-linux-gnu/libgobject-2.0.so.0.6000.0
7f8cec042000-7f8cec05a000 r--p 00040000 08:02 23593408                   /usr/lib/x86_64-linux-gnu/libgobject-2.0.so.0.6000.0
7f8cec05a000-7f8cec05d000 r--p 00057000 08:02 23593408                   /usr/lib/x86_64-linux-gnu/libgobject-2.0.so.0.6000.0
7f8cec05d000-7f8cec05e000 rw-p 0005a000 08:02 23593408                   /usr/lib/x86_64-linux-gnu/libgobject-2.0.so.0.6000.0
7f8cec05e000-7f8cec063000 r--p 00000000 08:02 23601542                   /usr/lib/x86_64-linux-gnu/libpng16.so.16.36.0
7f8cec063000-7f8cec087000 r-xp 00005000 08:02 23601542                   /usr/lib/x86_64-linux-gnu/libpng16.so.16.36.0
7f8cec087000-7f8cec093000 r--p 00029000 08:02 23601542                   /usr/lib/x86_64-linux-gnu/libpng16.so.16.36.0
7f8cec093000-7f8cec094000 r--p 00034000 08:02 23601542                   /usr/lib/x86_64-linux-gnu/libpng16.so.16.36.0
7f8cec094000-7f8cec095000 rw-p 00035000 08:02 23601542                   /usr/lib/x86_64-linux-gnu/libpng16.so.16.36.0
7f8cec095000-7f8cec09e000 r-xp 00000000 08:02 23600549                   /usr/lib/x86_64-linux-gnu/libXrender.so.1.3.0
7f8cec09e000-7f8cec29d000 ---p 00009000 08:02 23600549                   /usr/lib/x86_64-linux-gnu/libXrender.so.1.3.0
7f8cec29d000-7f8cec29e000 r--p 00008000 08:02 23600549                   /usr/lib/x86_64-linux-gnu/libXrender.so.1.3.0
7f8cec29e000-7f8cec29f000 rw-p 00009000 08:02 23600549                   /usr/lib/x86_64-linux-gnu/libXrender.so.1.3.0
7f8cec29f000-7f8cec2b7000 r--p 00000000 08:02 23600512                   /usr/lib/x86_64-linux-gnu/libX11.so.6.3.0
7f8cec2b7000-7f8cec33f000 r-xp 00018000 08:02 23600512                   /usr/lib/x86_64-linux-gnu/libX11.so.6.3.0
7f8cec33f000-7f8cec3d3000 r--p 000a0000 08:02 23600512                   /usr/lib/x86_64-linux-gnu/libX11.so.6.3.0
7f8cec3d3000-7f8cec3d4000 ---p 00134000 08:02 23600512                   /usr/lib/x86_64-linux-gnu/libX11.so.6.3.0
7f8cec3d4000-7f8cec3d5000 r--p 00134000 08:02 23600512                   /usr/lib/x86_64-linux-gnu/libX11.so.6.3.0
7f8cec3d5000-7f8cec3d9000 rw-p 00135000 08:02 23600512                   /usr/lib/x86_64-linux-gnu/libX11.so.6.3.0
7f8cec3d9000-7f8cec3ea000 r-xp 00000000 08:02 23600529                   /usr/lib/x86_64-linux-gnu/libXext.so.6.4.0
7f8cec3ea000-7f8cec5e9000 ---p 00011000 08:02 23600529                   /usr/lib/x86_64-linux-gnu/libXext.so.6.4.0
7f8cec5e9000-7f8cec5ea000 r--p 00010000 08:02 23600529                   /usr/lib/x86_64-linux-gnu/libXext.so.6.4.0
7f8cec5ea000-7f8cec5eb000 rw-p 00011000 08:02 23600529                   /usr/lib/x86_64-linux-gnu/libXext.so.6.4.0
7f8cec5eb000-7f8cec5fb000 r--p 00000000 08:02 23990632                   /usr/lib/jvm/java-11-openjdk-amd64/lib/libawt_xawt.so
7f8cec5fb000-7f8cec638000 r-xp 00010000 08:02 23990632                   /usr/lib/jvm/java-11-openjdk-amd64/lib/libawt_xawt.so
7f8cec638000-7f8cec64a000 r--p 0004d000 08:02 23990632                   /usr/lib/jvm/java-11-openjdk-amd64/lib/libawt_xawt.so
7f8cec64a000-7f8cec64b000 r--p 0005e000 08:02 23990632                   /usr/lib/jvm/java-11-openjdk-amd64/lib/libawt_xawt.so
7f8cec64b000-7f8cec64e000 rw-p 0005f000 08:02 23990632                   /usr/lib/jvm/java-11-openjdk-amd64/lib/libawt_xawt.so
7f8cec64e000-7f8cec650000 rw-p 00000000 00:00 0 
7f8cec650000-7f8cec67c000 r--p 00000000 08:02 23990630                   /usr/lib/jvm/java-11-openjdk-amd64/lib/libawt.so
7f8cec67c000-7f8cec6e3000 r-xp 0002c000 08:02 23990630                   /usr/lib/jvm/java-11-openjdk-amd64/lib/libawt.so
7f8cec6e3000-7f8cec6f0000 r--p 00093000 08:02 23990630                   /usr/lib/jvm/java-11-openjdk-amd64/lib/libawt.so
7f8cec6f0000-7f8cec6f1000 r--p 0009f000 08:02 23990630                   /usr/lib/jvm/java-11-openjdk-amd64/lib/libawt.so
7f8cec6f1000-7f8cec6fc000 rw-p 000a0000 08:02 23990630                   /usr/lib/jvm/java-11-openjdk-amd64/lib/libawt.so
7f8cec6fc000-7f8cec721000 rw-p 00000000 00:00 0 
7f8cec721000-7f8cec725000 ---p 00000000 00:00 0 
7f8cec725000-7f8cec822000 rw-p 00000000 00:00 0 
7f8cec822000-7f8cec823000 ---p 00000000 00:00 0 
7f8cec823000-7f8cec924000 rw-p 00000000 00:00 0 
7f8cec924000-7f8cec928000 ---p 00000000 00:00 0 
7f8cec928000-7f8ceca25000 rw-p 00000000 00:00 0 
7f8ceca25000-7f8ced800000 r--p 00000000 08:02 23600058                   /usr/lib/locale/locale-archive
7f8ced800000-7f8cedcc0000 rw-p 00000000 00:00 0 
7f8cedcc0000-7f8cee000000 ---p 00000000 00:00 0 
7f8cee000000-7f8cf0000000 rw-p 00000000 00:00 0 
7f8cf0000000-7f8cf0021000 rw-p 00000000 00:00 0 
7f8cf0021000-7f8cf4000000 ---p 00000000 00:00 0 
7f8cf4000000-7f8cf4002000 r--p 00000000 08:02 23600923                   /usr/lib/x86_64-linux-gnu/libffi.so.6.0.4
7f8cf4002000-7f8cf4007000 r-xp 00002000 08:02 23600923                   /usr/lib/x86_64-linux-gnu/libffi.so.6.0.4
7f8cf4007000-7f8cf4008000 r--p 00007000 08:02 23600923                   /usr/lib/x86_64-linux-gnu/libffi.so.6.0.4
7f8cf4008000-7f8cf4009000 r--p 00007000 08:02 23600923                   /usr/lib/x86_64-linux-gnu/libffi.so.6.0.4
7f8cf4009000-7f8cf400a000 rw-p 00008000 08:02 23600923                   /usr/lib/x86_64-linux-gnu/libffi.so.6.0.4
7f8cf400a000-7f8cf400e000 r--p 00000000 08:02 23600683                   /usr/lib/x86_64-linux-gnu/libbsd.so.0.9.1
7f8cf400e000-7f8cf401d000 r-xp 00004000 08:02 23600683                   /usr/lib/x86_64-linux-gnu/libbsd.so.0.9.1
7f8cf401d000-7f8cf4020000 r--p 00013000 08:02 23600683                   /usr/lib/x86_64-linux-gnu/libbsd.so.0.9.1
7f8cf4020000-7f8cf4021000 ---p 00016000 08:02 23600683                   /usr/lib/x86_64-linux-gnu/libbsd.so.0.9.1
7f8cf4021000-7f8cf4022000 r--p 00016000 08:02 23600683                   /usr/lib/x86_64-linux-gnu/libbsd.so.0.9.1
7f8cf4022000-7f8cf4023000 rw-p 00017000 08:02 23600683                   /usr/lib/x86_64-linux-gnu/libbsd.so.0.9.1
7f8cf4023000-7f8cf4024000 rw-p 00000000 00:00 0 
7f8cf4024000-7f8cf402f000 r--p 00000000 08:02 23601932                   /usr/lib/x86_64-linux-gnu/libxcb.so.1.1.0
7f8cf402f000-7f8cf4042000 r-xp 0000b000 08:02 23601932                   /usr/lib/x86_64-linux-gnu/libxcb.so.1.1.0
7f8cf4042000-7f8cf404b000 r--p 0001e000 08:02 23601932                   /usr/lib/x86_64-linux-gnu/libxcb.so.1.1.0
7f8cf404b000-7f8cf404c000 r--p 00026000 08:02 23601932                   /usr/lib/x86_64-linux-gnu/libxcb.so.1.1.0
7f8cf404c000-7f8cf404d000 rw-p 00027000 08:02 23601932                   /usr/lib/x86_64-linux-gnu/libxcb.so.1.1.0
7f8cf404d000-7f8cf407e000 rw-p 00000000 00:00 0 
7f8cf407e000-7f8cf4082000 ---p 00000000 00:00 0 
7f8cf4082000-7f8cf417f000 rw-p 00000000 00:00 0 
7f8cf417f000-7f8cf4183000 ---p 00000000 00:00 0 
7f8cf4183000-7f8cf4470000 rw-p 00000000 00:00 0 
7f8cf4470000-7f8cf6138000 ---p 00000000 00:00 0 
7f8cf6138000-7f8cf6330000 rw-p 00000000 00:00 0 
7f8cf6330000-7f8cf7ff8000 ---p 00000000 00:00 0 
7f8cf7ff8000-7f8cf8000000 rw-p 00000000 00:00 0 
7f8cf8000000-7f8cf8021000 rw-p 00000000 00:00 0 
7f8cf8021000-7f8cfc000000 ---p 00000000 00:00 0 
7f8cfc000000-7f8cfc003000 r--p 00000000 08:02 24906119                   /home/kramer/.config/dconf/user
7f8cfc003000-7f8cfc004000 r--p 00000000 08:02 23593407                   /usr/lib/x86_64-linux-gnu/libgmodule-2.0.so.0.6000.0
7f8cfc004000-7f8cfc006000 r-xp 00001000 08:02 23593407                   /usr/lib/x86_64-linux-gnu/libgmodule-2.0.so.0.6000.0
7f8cfc006000-7f8cfc007000 r--p 00003000 08:02 23593407                   /usr/lib/x86_64-linux-gnu/libgmodule-2.0.so.0.6000.0
7f8cfc007000-7f8cfc008000 r--p 00003000 08:02 23593407                   /usr/lib/x86_64-linux-gnu/libgmodule-2.0.so.0.6000.0
7f8cfc008000-7f8cfc009000 rw-p 00004000 08:02 23593407                   /usr/lib/x86_64-linux-gnu/libgmodule-2.0.so.0.6000.0
7f8cfc00a000-7f8cfc00e000 r--p 00000000 08:02 24250591                   /usr/lib/x86_64-linux-gnu/gio/modules/libdconfsettings.so
7f8cfc00e000-7f8cfc015000 r-xp 00004000 08:02 24250591                   /usr/lib/x86_64-linux-gnu/gio/modules/libdconfsettings.so
7f8cfc015000-7f8cfc018000 r--p 0000b000 08:02 24250591                   /usr/lib/x86_64-linux-gnu/gio/modules/libdconfsettings.so
7f8cfc018000-7f8cfc019000 ---p 0000e000 08:02 24250591                   /usr/lib/x86_64-linux-gnu/gio/modules/libdconfsettings.so
7f8cfc019000-7f8cfc01a000 r--p 0000e000 08:02 24250591                   /usr/lib/x86_64-linux-gnu/gio/modules/libdconfsettings.so
7f8cfc01a000-7f8cfc01b000 rw-p 0000f000 08:02 24250591                   /usr/lib/x86_64-linux-gnu/gio/modules/libdconfsettings.so
7f8cfc01b000-7f8cfc01f000 r--p 00000000 08:02 23990653                   /usr/lib/jvm/java-11-openjdk-amd64/lib/libnet.so
7f8cfc01f000-7f8cfc02e000 r-xp 00004000 08:02 23990653                   /usr/lib/jvm/java-11-openjdk-amd64/lib/libnet.so
7f8cfc02e000-7f8cfc032000 r--p 00013000 08:02 23990653                   /usr/lib/jvm/java-11-openjdk-amd64/lib/libnet.so
7f8cfc032000-7f8cfc033000 r--p 00016000 08:02 23990653                   /usr/lib/jvm/java-11-openjdk-amd64/lib/libnet.so
7f8cfc033000-7f8cfc034000 rw-p 00017000 08:02 23990653                   /usr/lib/jvm/java-11-openjdk-amd64/lib/libnet.so
7f8cfc034000-7f8cfc03b000 r--p 00000000 08:02 23990654                   /usr/lib/jvm/java-11-openjdk-amd64/lib/libnio.so
7f8cfc03b000-7f8cfc042000 r-xp 00007000 08:02 23990654                   /usr/lib/jvm/java-11-openjdk-amd64/lib/libnio.so
7f8cfc042000-7f8cfc045000 r--p 0000e000 08:02 23990654                   /usr/lib/jvm/java-11-openjdk-amd64/lib/libnio.so
7f8cfc045000-7f8cfc046000 r--p 00010000 08:02 23990654                   /usr/lib/jvm/java-11-openjdk-amd64/lib/libnio.so
7f8cfc046000-7f8cfc047000 rw-p 00011000 08:02 23990654                   /usr/lib/jvm/java-11-openjdk-amd64/lib/libnio.so
7f8cfc047000-7f8cfc04b000 ---p 00000000 00:00 0 
7f8cfc04b000-7f8cfc148000 rw-p 00000000 00:00 0 
7f8cfc148000-7f8cfc14c000 ---p 00000000 00:00 0 
7f8cfc14c000-7f8cfc249000 rw-p 00000000 00:00 0 
7f8cfc249000-7f8cfc24d000 ---p 00000000 00:00 0 
7f8cfc24d000-7f8cfc34a000 rw-p 00000000 00:00 0 
7f8cfc34a000-7f8cfc34e000 ---p 00000000 00:00 0 
7f8cfc34e000-7f8cfc44b000 rw-p 00000000 00:00 0 
7f8cfc44b000-7f8cfc44c000 ---p 00000000 00:00 0 
7f8cfc44c000-7f8cfc651000 rw-p 00000000 00:00 0 
7f8cfc651000-7f8cfc652000 ---p 00000000 00:00 0 
7f8cfc652000-7f8cfc753000 rw-p 00000000 00:00 0 
7f8cfc753000-7f8cfc754000 ---p 00000000 00:00 0 
7f8cfc754000-7f8cfc956000 rw-p 00000000 00:00 0 
7f8cfc956000-7f8cfcbc6000 rwxp 00000000 00:00 0 
7f8cfcbc6000-7f8cfcee6000 ---p 00000000 00:00 0 
7f8cfcee6000-7f8cfd156000 rwxp 00000000 00:00 0 
7f8cfd156000-7f8d0441e000 ---p 00000000 00:00 0 
7f8d0441e000-7f8d0468e000 rwxp 00000000 00:00 0 
7f8d0468e000-7f8d0b956000 ---p 00000000 00:00 0 
7f8d0b956000-7f8d14000000 r--s 00000000 08:02 23990663                   /usr/lib/jvm/java-11-openjdk-amd64/lib/modules
7f8d14000000-7f8d14470000 rw-p 00000000 00:00 0 
7f8d14470000-7f8d18000000 ---p 00000000 00:00 0 
7f8d18000000-7f8d18001000 r--s 00000000 00:35 35                         /run/user/1000/dconf/user
7f8d18001000-7f8d18002000 r--p 00000000 08:02 25823354                   /usr/share/locale-langpack/en_AU/LC_MESSAGES/glib20.mo
7f8d18002000-7f8d18347000 rw-p 00000000 00:00 0 
7f8d18347000-7f8d18348000 ---p 00000000 00:00 0 
7f8d18348000-7f8d18449000 rw-p 00000000 00:00 0 
7f8d18449000-7f8d1844a000 ---p 00000000 00:00 0 
7f8d1844a000-7f8d185cb000 rw-p 00000000 00:00 0 
7f8d185cb000-7f8d18964000 ---p 00000000 00:00 0 
7f8d18964000-7f8d189a3000 rw-p 00000000 00:00 0 
7f8d189a3000-7f8d18d3c000 ---p 00000000 00:00 0 
7f8d18d3c000-7f8d18d7b000 rw-p 00000000 00:00 0 
7f8d18d7b000-7f8d19114000 ---p 00000000 00:00 0 
7f8d19114000-7f8d19519000 rw-p 00000000 00:00 0 
7f8d19519000-7f8d1951a000 ---p 00000000 00:00 0 
7f8d1951a000-7f8d19620000 rw-p 00000000 00:00 0 
7f8d19620000-7f8d19706000 ---p 00000000 00:00 0 
7f8d19706000-7f8d1970b000 rw-p 00000000 00:00 0 
7f8d1970b000-7f8d197f1000 ---p 00000000 00:00 0 
7f8d197f1000-7f8d197f6000 rw-p 00000000 00:00 0 
7f8d197f6000-7f8d197fd000 ---p 00000000 00:00 0 
7f8d197fd000-7f8d197ff000 r--s 00007000 08:02 24382982                   /usr/share/java/java-atk-wrapper.jar
7f8d197ff000-7f8d19801000 r--p 00000000 08:02 23990645                   /usr/lib/jvm/java-11-openjdk-amd64/lib/libjimage.so
7f8d19801000-7f8d19804000 r-xp 00002000 08:02 23990645                   /usr/lib/jvm/java-11-openjdk-amd64/lib/libjimage.so
7f8d19804000-7f8d19806000 r--p 00005000 08:02 23990645                   /usr/lib/jvm/java-11-openjdk-amd64/lib/libjimage.so
7f8d19806000-7f8d19807000 r--p 00006000 08:02 23990645                   /usr/lib/jvm/java-11-openjdk-amd64/lib/libjimage.so
7f8d19807000-7f8d19808000 rw-p 00007000 08:02 23990645                   /usr/lib/jvm/java-11-openjdk-amd64/lib/libjimage.so
7f8d19808000-7f8d1980b000 r--p 00000000 08:02 23601425                   /usr/lib/x86_64-linux-gnu/libnss_files-2.29.so
7f8d1980b000-7f8d19812000 r-xp 00003000 08:02 23601425                   /usr/lib/x86_64-linux-gnu/libnss_files-2.29.so
7f8d19812000-7f8d19814000 r--p 0000a000 08:02 23601425                   /usr/lib/x86_64-linux-gnu/libnss_files-2.29.so
7f8d19814000-7f8d19815000 r--p 0000b000 08:02 23601425                   /usr/lib/x86_64-linux-gnu/libnss_files-2.29.so
7f8d19815000-7f8d19816000 rw-p 0000c000 08:02 23601425                   /usr/lib/x86_64-linux-gnu/libnss_files-2.29.so
7f8d19816000-7f8d1981c000 rw-p 00000000 00:00 0 
7f8d1981c000-7f8d1981e000 r--p 00000000 08:02 23990662                   /usr/lib/jvm/java-11-openjdk-amd64/lib/libzip.so
7f8d1981e000-7f8d19822000 r-xp 00002000 08:02 23990662                   /usr/lib/jvm/java-11-openjdk-amd64/lib/libzip.so
7f8d19822000-7f8d19824000 r--p 00006000 08:02 23990662                   /usr/lib/jvm/java-11-openjdk-amd64/lib/libzip.so
7f8d19824000-7f8d19825000 r--p 00007000 08:02 23990662                   /usr/lib/jvm/java-11-openjdk-amd64/lib/libzip.so
7f8d19825000-7f8d19826000 rw-p 00008000 08:02 23990662                   /usr/lib/jvm/java-11-openjdk-amd64/lib/libzip.so
7f8d19826000-7f8d1982e000 rw-s 00000000 08:02 2753649                    /tmp/hsperfdata_kramer/12445
7f8d1982e000-7f8d1982f000 ---p 00000000 00:00 0 
7f8d1982f000-7f8d19830000 r--p 00000000 00:00 0 
7f8d19830000-7f8d1983d000 r--p 00000000 08:02 23990641                   /usr/lib/jvm/java-11-openjdk-amd64/lib/libjava.so
7f8d1983d000-7f8d19852000 r-xp 0000d000 08:02 23990641                   /usr/lib/jvm/java-11-openjdk-amd64/lib/libjava.so
7f8d19852000-7f8d19859000 r--p 00022000 08:02 23990641                   /usr/lib/jvm/java-11-openjdk-amd64/lib/libjava.so
7f8d19859000-7f8d1985a000 r--p 00028000 08:02 23990641                   /usr/lib/jvm/java-11-openjdk-amd64/lib/libjava.so
7f8d1985a000-7f8d1985c000 rw-p 00029000 08:02 23990641                   /usr/lib/jvm/java-11-openjdk-amd64/lib/libjava.so
7f8d1985c000-7f8d1985f000 r--p 00000000 08:02 23601631                   /usr/lib/x86_64-linux-gnu/librt-2.29.so
7f8d1985f000-7f8d19863000 r-xp 00003000 08:02 23601631                   /usr/lib/x86_64-linux-gnu/librt-2.29.so
7f8d19863000-7f8d19865000 r--p 00007000 08:02 23601631                   /usr/lib/x86_64-linux-gnu/librt-2.29.so
7f8d19865000-7f8d19866000 r--p 00008000 08:02 23601631                   /usr/lib/x86_64-linux-gnu/librt-2.29.so
7f8d19866000-7f8d19867000 rw-p 00009000 08:02 23601631                   /usr/lib/x86_64-linux-gnu/librt-2.29.so
7f8d19867000-7f8d1986b000 ---p 00000000 00:00 0 
7f8d1986b000-7f8d19968000 rw-p 00000000 00:00 0 
7f8d19968000-7f8d1996b000 r--p 00000000 08:02 23596996                   /usr/lib/x86_64-linux-gnu/libgcc_s.so.1
7f8d1996b000-7f8d1997c000 r-xp 00003000 08:02 23596996                   /usr/lib/x86_64-linux-gnu/libgcc_s.so.1
7f8d1997c000-7f8d19980000 r--p 00014000 08:02 23596996                   /usr/lib/x86_64-linux-gnu/libgcc_s.so.1
7f8d19980000-7f8d19981000 r--p 00017000 08:02 23596996                   /usr/lib/x86_64-linux-gnu/libgcc_s.so.1
7f8d19981000-7f8d19982000 rw-p 00018000 08:02 23596996                   /usr/lib/x86_64-linux-gnu/libgcc_s.so.1
7f8d19982000-7f8d19991000 r--p 00000000 08:02 23601302                   /usr/lib/x86_64-linux-gnu/libm-2.29.so
7f8d19991000-7f8d19a37000 r-xp 0000f000 08:02 23601302                   /usr/lib/x86_64-linux-gnu/libm-2.29.so
7f8d19a37000-7f8d19ace000 r--p 000b5000 08:02 23601302                   /usr/lib/x86_64-linux-gnu/libm-2.29.so
7f8d19ace000-7f8d19acf000 r--p 0014b000 08:02 23601302                   /usr/lib/x86_64-linux-gnu/libm-2.29.so
7f8d19acf000-7f8d19ad0000 rw-p 0014c000 08:02 23601302                   /usr/lib/x86_64-linux-gnu/libm-2.29.so
7f8d19ad0000-7f8d19b65000 r--p 00000000 08:02 23594558                   /usr/lib/x86_64-linux-gnu/libstdc++.so.6.0.26
7f8d19b65000-7f8d19c57000 r-xp 00095000 08:02 23594558                   /usr/lib/x86_64-linux-gnu/libstdc++.so.6.0.26
7f8d19c57000-7f8d19ca0000 r--p 00187000 08:02 23594558                   /usr/lib/x86_64-linux-gnu/libstdc++.so.6.0.26
7f8d19ca0000-7f8d19ca1000 ---p 001d0000 08:02 23594558                   /usr/lib/x86_64-linux-gnu/libstdc++.so.6.0.26
7f8d19ca1000-7f8d19cac000 r--p 001d0000 08:02 23594558                   /usr/lib/x86_64-linux-gnu/libstdc++.so.6.0.26
7f8d19cac000-7f8d19caf000 rw-p 001db000 08:02 23594558                   /usr/lib/x86_64-linux-gnu/libstdc++.so.6.0.26
7f8d19caf000-7f8d19cb2000 rw-p 00000000 00:00 0 
7f8d19cb2000-7f8d19f21000 r--p 00000000 08:02 23990668                   /usr/lib/jvm/java-11-openjdk-amd64/lib/server/libjvm.so
7f8d19f21000-7f8d1aa41000 r-xp 0026f000 08:02 23990668                   /usr/lib/jvm/java-11-openjdk-amd64/lib/server/libjvm.so
7f8d1aa41000-7f8d1ac7a000 r--p 00d8f000 08:02 23990668                   /usr/lib/jvm/java-11-openjdk-amd64/lib/server/libjvm.so
7f8d1ac7a000-7f8d1ac7b000 ---p 00fc8000 08:02 23990668                   /usr/lib/jvm/java-11-openjdk-amd64/lib/server/libjvm.so
7f8d1ac7b000-7f8d1ad38000 r--p 00fc8000 08:02 23990668                   /usr/lib/jvm/java-11-openjdk-amd64/lib/server/libjvm.so
7f8d1ad38000-7f8d1ad71000 rw-p 01085000 08:02 23990668                   /usr/lib/jvm/java-11-openjdk-amd64/lib/server/libjvm.so
7f8d1ad71000-7f8d1adc9000 rw-p 00000000 00:00 0 
7f8d1adc9000-7f8d1add0000 r--p 00000000 08:02 23601565                   /usr/lib/x86_64-linux-gnu/libpthread-2.29.so
7f8d1add0000-7f8d1addf000 r-xp 00007000 08:02 23601565                   /usr/lib/x86_64-linux-gnu/libpthread-2.29.so
7f8d1addf000-7f8d1ade4000 r--p 00016000 08:02 23601565                   /usr/lib/x86_64-linux-gnu/libpthread-2.29.so
7f8d1ade4000-7f8d1ade5000 r--p 0001a000 08:02 23601565                   /usr/lib/x86_64-linux-gnu/libpthread-2.29.so
7f8d1ade5000-7f8d1ade6000 rw-p 0001b000 08:02 23601565                   /usr/lib/x86_64-linux-gnu/libpthread-2.29.so
7f8d1ade6000-7f8d1adea000 rw-p 00000000 00:00 0 
7f8d1adea000-7f8d1adeb000 r--p 00000000 08:02 23600824                   /usr/lib/x86_64-linux-gnu/libdl-2.29.so
7f8d1adeb000-7f8d1aded000 r-xp 00001000 08:02 23600824                   /usr/lib/x86_64-linux-gnu/libdl-2.29.so
7f8d1aded000-7f8d1adee000 r--p 00003000 08:02 23600824                   /usr/lib/x86_64-linux-gnu/libdl-2.29.so
7f8d1adee000-7f8d1adef000 r--p 00003000 08:02 23600824                   /usr/lib/x86_64-linux-gnu/libdl-2.29.so
7f8d1adef000-7f8d1adf0000 rw-p 00004000 08:02 23600824                   /usr/lib/x86_64-linux-gnu/libdl-2.29.so
7f8d1adf0000-7f8d1adf2000 r--p 00000000 08:02 23601962                   /usr/lib/x86_64-linux-gnu/libz.so.1.2.11
7f8d1adf2000-7f8d1ae03000 r-xp 00002000 08:02 23601962                   /usr/lib/x86_64-linux-gnu/libz.so.1.2.11
7f8d1ae03000-7f8d1ae09000 r--p 00013000 08:02 23601962                   /usr/lib/x86_64-linux-gnu/libz.so.1.2.11
7f8d1ae09000-7f8d1ae0a000 ---p 00019000 08:02 23601962                   /usr/lib/x86_64-linux-gnu/libz.so.1.2.11
7f8d1ae0a000-7f8d1ae0b000 r--p 00019000 08:02 23601962                   /usr/lib/x86_64-linux-gnu/libz.so.1.2.11
7f8d1ae0b000-7f8d1ae0c000 rw-p 0001a000 08:02 23601962                   /usr/lib/x86_64-linux-gnu/libz.so.1.2.11
7f8d1ae0c000-7f8d1ae31000 r--p 00000000 08:02 23600687                   /usr/lib/x86_64-linux-gnu/libc-2.29.so
7f8d1ae31000-7f8d1afa4000 r-xp 00025000 08:02 23600687                   /usr/lib/x86_64-linux-gnu/libc-2.29.so
7f8d1afa4000-7f8d1afed000 r--p 00198000 08:02 23600687                   /usr/lib/x86_64-linux-gnu/libc-2.29.so
7f8d1afed000-7f8d1aff0000 r--p 001e0000 08:02 23600687                   /usr/lib/x86_64-linux-gnu/libc-2.29.so
7f8d1aff0000-7f8d1aff3000 rw-p 001e3000 08:02 23600687                   /usr/lib/x86_64-linux-gnu/libc-2.29.so
7f8d1aff3000-7f8d1aff7000 rw-p 00000000 00:00 0 
7f8d1aff7000-7f8d1aff8000 r--p 00000000 08:02 25823436                   /usr/share/locale-langpack/en_AU/LC_MESSAGES/libc.mo
7f8d1aff8000-7f8d1affd000 r--p 00000000 08:02 23990661                   /usr/lib/jvm/java-11-openjdk-amd64/lib/libverify.so
7f8d1affd000-7f8d1b004000 r-xp 00005000 08:02 23990661                   /usr/lib/jvm/java-11-openjdk-amd64/lib/libverify.so
7f8d1b004000-7f8d1b006000 r--p 0000c000 08:02 23990661                   /usr/lib/jvm/java-11-openjdk-amd64/lib/libverify.so
7f8d1b006000-7f8d1b008000 r--p 0000d000 08:02 23990661                   /usr/lib/jvm/java-11-openjdk-amd64/lib/libverify.so
7f8d1b008000-7f8d1b009000 rw-p 0000f000 08:02 23990661                   /usr/lib/jvm/java-11-openjdk-amd64/lib/libverify.so
7f8d1b009000-7f8d1b00c000 r--p 00000000 08:02 23990625                   /usr/lib/jvm/java-11-openjdk-amd64/lib/jli/libjli.so
7f8d1b00c000-7f8d1b016000 r-xp 00003000 08:02 23990625                   /usr/lib/jvm/java-11-openjdk-amd64/lib/jli/libjli.so
7f8d1b016000-7f8d1b019000 r--p 0000d000 08:02 23990625                   /usr/lib/jvm/java-11-openjdk-amd64/lib/jli/libjli.so
7f8d1b019000-7f8d1b01a000 r--p 0000f000 08:02 23990625                   /usr/lib/jvm/java-11-openjdk-amd64/lib/jli/libjli.so
7f8d1b01a000-7f8d1b01b000 rw-p 00010000 08:02 23990625                   /usr/lib/jvm/java-11-openjdk-amd64/lib/jli/libjli.so
7f8d1b01b000-7f8d1b01d000 rw-p 00000000 00:00 0 
7f8d1b01d000-7f8d1b01e000 r--p 00000000 08:02 23600471                   /usr/lib/x86_64-linux-gnu/ld-2.29.so
7f8d1b01e000-7f8d1b03f000 r-xp 00001000 08:02 23600471                   /usr/lib/x86_64-linux-gnu/ld-2.29.so
7f8d1b03f000-7f8d1b047000 r--p 00022000 08:02 23600471                   /usr/lib/x86_64-linux-gnu/ld-2.29.so
7f8d1b047000-7f8d1b048000 r--p 00029000 08:02 23600471                   /usr/lib/x86_64-linux-gnu/ld-2.29.so
7f8d1b048000-7f8d1b049000 rw-p 0002a000 08:02 23600471                   /usr/lib/x86_64-linux-gnu/ld-2.29.so
7f8d1b049000-7f8d1b04a000 rw-p 00000000 00:00 0 
7ffe77998000-7ffe779ba000 rw-p 00000000 00:00 0                          [stack]
7ffe779c8000-7ffe779cb000 r--p 00000000 00:00 0                          [vvar]
7ffe779cb000-7ffe779cc000 r-xp 00000000 00:00 0                          [vdso]
ffffffffff600000-ffffffffff601000 r-xp 00000000 00:00 0                  [vsyscall]


VM Arguments:
jvm_args: -Dfile.encoding=UTF-8 -Duser.country=AU -Duser.language=en -Duser.variant 
java_command: ExampleSwingApp
java_class_path (initial): /home/kramer/Downloads/RobotArena-master/RobotAreana/start/build/classes/java/main:/home/kramer/Downloads/RobotArena-master/RobotAreana/start/build/classes/groovy/main:/home/kramer/Downloads/RobotArena-master/RobotAreana/start/build/resources/main:/home/kramer/Downloads/RobotArena-master/RobotAreana/AIBasic/build/libs/AIBasic.jar:/home/kramer/Downloads/RobotArena-master/RobotAreana/robot/build/libs/robot.jar:/home/kramer/Downloads/RobotArena-master/RobotAreana/main/build/libs/main.jar
Launcher Type: SUN_STANDARD

[Global flags]
     intx CICompilerCount                          = 3                                         {product} {ergonomic}
     uint ConcGCThreads                            = 1                                         {product} {ergonomic}
     uint G1ConcRefinementThreads                  = 4                                         {product} {ergonomic}
   size_t G1HeapRegionSize                         = 1048576                                   {product} {ergonomic}
    uintx GCDrainStackTargetSize                   = 64                                        {product} {ergonomic}
   size_t InitialHeapSize                          = 130023424                                 {product} {ergonomic}
   size_t MarkStackSize                            = 4194304                                   {product} {ergonomic}
   size_t MaxHeapSize                              = 2063597568                                {product} {ergonomic}
   size_t MaxNewSize                               = 1237319680                                {product} {ergonomic}
   size_t MinHeapDeltaBytes                        = 1048576                                   {product} {ergonomic}
    uintx NonNMethodCodeHeapSize                   = 5830092                                {pd product} {ergonomic}
    uintx NonProfiledCodeHeapSize                  = 122914074                              {pd product} {ergonomic}
    uintx ProfiledCodeHeapSize                     = 122914074                              {pd product} {ergonomic}
    uintx ReservedCodeCacheSize                    = 251658240                              {pd product} {ergonomic}
     bool SegmentedCodeCache                       = true                                      {product} {ergonomic}
     bool UseCompressedClassPointers               = true                                 {lp64_product} {ergonomic}
     bool UseCompressedOops                        = true                                 {lp64_product} {ergonomic}
     bool UseG1GC                                  = true                                      {product} {ergonomic}

Logging:
Log output configuration:
 #0: stdout all=warning uptime,level,tags
 #1: stderr all=off uptime,level,tags

Environment Variables:
PATH=/home/kramer/.local/bin:/usr/local/sbin:/usr/local/bin:/usr/sbin:/usr/bin:/sbin:/bin:/usr/games:/usr/local/games:/snap/bin
USERNAME=kramer
LD_LIBRARY_PATH=/home/kramer/Downloads/RobotArena-master/RobotAreana/AIBasic/build/libs/mynativelibrary/shared
SHELL=/bin/bash
DISPLAY=:0

Signal Handlers:
SIGSEGV: [libjvm.so+0xd1cc80], sa_mask[0]=11111111011111111101111111111110, sa_flags=SA_RESTART|SA_SIGINFO
SIGBUS: [libjvm.so+0xd1cc80], sa_mask[0]=11111111011111111101111111111110, sa_flags=SA_RESTART|SA_SIGINFO
SIGFPE: [libjvm.so+0xd1cc80], sa_mask[0]=11111111011111111101111111111110, sa_flags=SA_RESTART|SA_SIGINFO
SIGPIPE: SIG_IGN, sa_mask[0]=00000000000010000000000000000000, sa_flags=SA_RESTART
SIGXFSZ: [libjvm.so+0xb239a0], sa_mask[0]=11111111011111111101111111111110, sa_flags=SA_RESTART|SA_SIGINFO
SIGILL: [libjvm.so+0xd1cc80], sa_mask[0]=11111111011111111101111111111110, sa_flags=SA_RESTART|SA_SIGINFO
SIGUSR2: [libjvm.so+0xb23830], sa_mask[0]=00100000000000000000000000000000, sa_flags=SA_RESTART|SA_SIGINFO
SIGHUP: [libjvm.so+0xb23ce0], sa_mask[0]=11111111011111111101111111111110, sa_flags=SA_RESTART|SA_SIGINFO
SIGINT: [libjvm.so+0xb23ce0], sa_mask[0]=11111111011111111101111111111110, sa_flags=SA_RESTART|SA_SIGINFO
SIGTERM: [libjvm.so+0xb23ce0], sa_mask[0]=11111111011111111101111111111110, sa_flags=SA_RESTART|SA_SIGINFO
SIGQUIT: [libjvm.so+0xb23ce0], sa_mask[0]=11111111011111111101111111111110, sa_flags=SA_RESTART|SA_SIGINFO


---------------  S Y S T E M  ---------------

OS:DISTRIB_ID=Ubuntu
DISTRIB_RELEASE=19.04
DISTRIB_CODENAME=disco
DISTRIB_DESCRIPTION="Ubuntu 19.04"
uname:Linux 5.0.0-32-generic #34-Ubuntu SMP Wed Oct 2 02:06:48 UTC 2019 x86_64
libc:glibc 2.29 NPTL 2.29 
rlimit: STACK 8192k, CORE 0k, NPROC 31283, NOFILE 524288, AS infinity, DATA infinity, FSIZE infinity
load average:0.82 0.87 0.98

/proc/meminfo:
MemTotal:        8057228 kB
MemFree:         1717336 kB
MemAvailable:    3624512 kB
Buffers:          142040 kB
Cached:          1962616 kB
SwapCached:            0 kB
Active:          4593288 kB
Inactive:        1343308 kB
Active(anon):    3760352 kB
Inactive(anon):   119748 kB
Active(file):     832936 kB
Inactive(file):  1223560 kB
Unevictable:        3452 kB
Mlocked:              16 kB
SwapTotal:       2097148 kB
SwapFree:        2097148 kB
Dirty:              1236 kB
Writeback:             0 kB
AnonPages:       3835576 kB
Mapped:           614668 kB
Shmem:            125084 kB
KReclaimable:     141924 kB
Slab:             242576 kB
SReclaimable:     141924 kB
SUnreclaim:       100652 kB
KernelStack:       16576 kB
PageTables:        36440 kB
NFS_Unstable:          0 kB
Bounce:                0 kB
WritebackTmp:          0 kB
CommitLimit:     6125760 kB
Committed_AS:   12105404 kB
VmallocTotal:   34359738367 kB
VmallocUsed:           0 kB
VmallocChunk:          0 kB
Percpu:             2192 kB
HardwareCorrupted:     0 kB
AnonHugePages:         0 kB
ShmemHugePages:        0 kB
ShmemPmdMapped:        0 kB
CmaTotal:              0 kB
CmaFree:               0 kB
HugePages_Total:       0
HugePages_Free:        0
HugePages_Rsvd:        0
HugePages_Surp:        0
Hugepagesize:       2048 kB
Hugetlb:               0 kB
DirectMap4k:      244272 kB
DirectMap2M:     5939200 kB
DirectMap1G:     2097152 kB


/proc/sys/kernel/threads-max (system-wide limit on the number of threads):
62566


/proc/sys/vm/max_map_count (maximum number of memory map areas a process may have):
65530


/proc/sys/kernel/pid_max (system-wide limit on number of process identifiers):
32768



container (cgroup) information:
container_type: cgroupv1
cpu_cpuset_cpus: 0-3
cpu_memory_nodes: 0
active_processor_count: 4
cpu_quota: -1
cpu_period: 100000
cpu_shares: -1
memory_limit_in_bytes: -1
memory_and_swap_limit_in_bytes: -2
memory_soft_limit_in_bytes: -1
memory_usage_in_bytes: 1141694464
memory_max_usage_in_bytes: 1169940480

Steal ticks since vm start: 0
Steal ticks percentage since vm start:  0.000

CPU:total 4 (initial active 4) (4 cores per cpu, 1 threads per core) family 6 model 60 stepping 3, cmov, cx8, fxsr, mmx, sse, sse2, sse3, ssse3, sse4.1, sse4.2, popcnt, avx, avx2, aes, clmul, erms, lzcnt, tsc, tscinvbit, bmi1, bmi2, fma
CPU Model and flags from /proc/cpuinfo:
model name	: Intel(R) Core(TM) i5-4690 CPU @ 3.50GHz
flags		: fpu vme de pse tsc msr pae mce cx8 apic sep mtrr pge mca cmov pat pse36 clflush dts acpi mmx fxsr sse sse2 ss ht tm pbe syscall nx pdpe1gb rdtscp lm constant_tsc arch_perfmon pebs bts rep_good nopl xtopology nonstop_tsc cpuid aperfmperf pni pclmulqdq dtes64 monitor ds_cpl vmx smx est tm2 ssse3 sdbg fma cx16 xtpr pdcm pcid sse4_1 sse4_2 x2apic movbe popcnt tsc_deadline_timer aes xsave avx f16c rdrand lahf_lm abm cpuid_fault invpcid_single pti ssbd ibrs ibpb stibp tpr_shadow vnmi flexpriority ept vpid ept_ad fsgsbase tsc_adjust bmi1 avx2 smep bmi2 erms invpcid xsaveopt dtherm ida arat pln pts md_clear flush_l1d

Memory: 4k page, physical 8057228k(1717336k free), swap 2097148k(2097148k free)

vm_info: OpenJDK 64-Bit Server VM (11.0.4+11-post-Ubuntu-1ubuntu219.04) for linux-amd64 JRE (11.0.4+11-post-Ubuntu-1ubuntu219.04), built on Jul 18 2019 18:21:46 by "buildd" with gcc 8.3.0

END.
