#
# A fatal error has been detected by the Java Runtime Environment:
#
#  SIGSEGV (0xb) at pc=0x00007f90f2e9e62b, pid=10465, tid=10490
#
# JRE version: OpenJDK Runtime Environment (11.0.4+11) (build 11.0.4+11-post-Ubuntu-1ubuntu219.04)
# Java VM: OpenJDK 64-Bit Server VM (11.0.4+11-post-Ubuntu-1ubuntu219.04, mixed mode, sharing, tiered, compressed oops, g1 gc, linux-amd64)
# Problematic frame:
# V  [libjvm.so+0x86462b]
#
# Core dump will be written. Default location: Core dumps may be processed with "/usr/share/apport/apport %p %s %c %d %P" (or dumping to /home/kramer/Downloads/RobotArena-master/RobotAreana/start/core.10465)
#
# If you would like to submit a bug report, please visit:
#   https://bugs.launchpad.net/ubuntu/+source/openjdk-lts
#

---------------  S U M M A R Y ------------

Command Line: -Dfile.encoding=UTF-8 -Duser.country=AU -Duser.language=en -Duser.variant ExampleSwingApp

Host: Intel(R) Core(TM) i5-4690 CPU @ 3.50GHz, 4 cores, 7G, Ubuntu 19.04
Time: Mon Oct 28 14:10:55 2019 AWST elapsed time: 1 seconds (0d 0h 0m 1s)

---------------  T H R E A D  ---------------

Current thread (0x00007f90ec45c000):  JavaThread "Thomas" [_thread_in_vm, id=10490, stack(0x00007f90919a0000,0x00007f9091aa1000)]

Stack: [0x00007f90919a0000,0x00007f9091aa1000],  sp=0x00007f9091a9f680,  free space=1021k
Native frames: (J=compiled Java code, A=aot compiled Java code, j=interpreted, Vv=VM code, C=native code)
V  [libjvm.so+0x86462b]
C  [libmynativelibrary.so+0x1189]  Java_CRobot_startCPP+0x84
j  CRobot.startCPP(LRobotControl;)V+0
j  CRobot$1.run()V+8
j  java.lang.Thread.run()V+11 java.base@11.0.4
v  ~StubRoutines::call_stub
V  [libjvm.so+0x7f40b1]
V  [libjvm.so+0x7f2550]
V  [libjvm.so+0x7f260b]
V  [libjvm.so+0x88e63c]
V  [libjvm.so+0xcc0060]
V  [libjvm.so+0xcc0350]
V  [libjvm.so+0xcbbee4]
V  [libjvm.so+0xb2cbee]

Java frames: (J=compiled Java code, j=interpreted, Vv=VM code)
j  CRobot.startCPP(LRobotControl;)V+0
j  CRobot$1.run()V+8
j  java.lang.Thread.run()V+11 java.base@11.0.4
v  ~StubRoutines::call_stub

siginfo: si_signo: 11 (SIGSEGV), si_code: 1 (SEGV_MAPERR), si_addr: 0x0000000000000000

Register to memory mapping:

RAX=0x00007f9091a9f720 is pointing into the stack for thread: 0x00007f90ec45c000
RBX=0x00007f90ec45c000 is a thread
RCX=0x00007f90f2e9e550: <offset 0x0000000000864550> in /usr/lib/jvm/java-11-openjdk-amd64/lib/server/libjvm.so at 0x00007f90f263a000
RDX=0x00007f90ec459be0 points into unknown readable memory: e8 9e ed 8b 00 00 00 00
RSP=0x00007f9091a9f680 is pointing into the stack for thread: 0x00007f90ec45c000
RBP=0x00007f9091a9f800 is pointing into the stack for thread: 0x00007f90ec45c000
RSI=0x00007f90ec45c000 is a thread
RDI=0x00007f9091a9f6e0 is pointing into the stack for thread: 0x00007f90ec45c000
R8 =0x0 is NULL
R9 =0x00007f9091a9f314 is pointing into the stack for thread: 0x00007f90ec45c000
R10=0x00007f90f3405264: <offset 0x0000000000dcb264> in /usr/lib/jvm/java-11-openjdk-amd64/lib/server/libjvm.so at 0x00007f90f263a000
R11=0x0000000000000535 is an unknown value
R12=0x00007f9091a9f6e0 is pointing into the stack for thread: 0x00007f90ec45c000
R13=0x00007f90ec45c340 points into unknown readable memory: e0 6f 6c f3 90 7f 00 00
R14=0x0 is NULL
R15=0x00007f9091a9f8d0 is pointing into the stack for thread: 0x00007f90ec45c000


Registers:
RAX=0x00007f9091a9f720, RBX=0x00007f90ec45c000, RCX=0x00007f90f2e9e550, RDX=0x00007f90ec459be0
RSP=0x00007f9091a9f680, RBP=0x00007f9091a9f800, RSI=0x00007f90ec45c000, RDI=0x00007f9091a9f6e0
R8 =0x0000000000000000, R9 =0x00007f9091a9f314, R10=0x00007f90f3405264, R11=0x0000000000000535
R12=0x00007f9091a9f6e0, R13=0x00007f90ec45c340, R14=0x0000000000000000, R15=0x00007f9091a9f8d0
RIP=0x00007f90f2e9e62b, EFLAGS=0x0000000000010202, CSGSFS=0x002b000000000033, ERR=0x0000000000000004
  TRAPNO=0x000000000000000e

Top of Stack: (sp=0x00007f9091a9f680)
0x00007f9091a9f680:   0000000000000000 00007f90ec45c000
0x00007f9091a9f690:   00007f90d4005016 00007f90f3419af8
0x00007f9091a9f6a0:   0000000000000535 0000000800000018
0x00007f9091a9f6b0:   00007f9091a9f810 00007f9091a9f720 

Instructions: (pc=0x00007f90f2e9e62b)
0x00007f90f2e9e52b:   89 e0 5b 41 5c 41 5d 41 5e 41 5f 5d c3 0f 1f 84
0x00007f90f2e9e53b:   00 00 00 00 00 48 89 df 31 db e8 66 2d 45 00 e9
0x00007f90f2e9e54b:   ab fe ff ff 90 55 48 89 e5 41 57 49 89 f7 41 56
0x00007f90f2e9e55b:   49 89 d6 41 55 49 89 fd 41 54 53 48 81 ec 58 01
0x00007f90f2e9e56b:   00 00 48 89 8d 38 ff ff ff 4c 89 85 40 ff ff ff
0x00007f90f2e9e57b:   4c 89 8d 48 ff ff ff 84 c0 74 29 0f 29 85 50 ff
0x00007f90f2e9e58b:   ff ff 0f 29 8d 60 ff ff ff 0f 29 95 70 ff ff ff
0x00007f90f2e9e59b:   0f 29 5d 80 0f 29 65 90 0f 29 6d a0 0f 29 75 b0
0x00007f90f2e9e5ab:   0f 29 7d c0 49 8d 9d c0 fc ff ff 8b 83 d0 03 00
0x00007f90f2e9e5bb:   00 2d ab de 00 00 83 f8 01 0f 87 46 01 00 00 48
0x00007f90f2e9e5cb:   89 df 48 89 9d 88 fe ff ff e8 c7 69 ff ff 48 83
0x00007f90f2e9e5db:   7b 08 00 48 89 9d c0 fe ff ff 48 c7 85 c8 fe ff
0x00007f90f2e9e5eb:   ff 00 00 00 00 74 0c 48 8d bd c0 fe ff ff e8 02
0x00007f90f2e9e5fb:   0e 32 00 48 8d 45 10 4c 8d a5 e0 fe ff ff c7 85
0x00007f90f2e9e60b:   a8 fe ff ff 18 00 00 00 48 89 85 b0 fe ff ff 48
0x00007f90f2e9e61b:   8d 85 20 ff ff ff 4c 89 e7 48 89 85 b8 fe ff ff
0x00007f90f2e9e62b:   49 8b 06 c7 85 ac fe ff ff 30 00 00 00 c7 85 90
0x00007f90f2e9e63b:   fe ff ff 0c 00 00 00 48 8b 40 08 0f b7 50 2c 48
0x00007f90f2e9e64b:   8b 40 08 48 8b 74 d0 40 e8 78 53 3a 00 4d 89 e0
0x00007f90f2e9e65b:   49 89 d9 4c 89 f1 48 8d 05 f0 20 77 00 4c 89 fa
0x00007f90f2e9e66b:   4c 89 ef 45 31 e4 48 89 85 e0 fe ff ff f3 0f 6f
0x00007f90f2e9e67b:   85 a8 fe ff ff 48 8d b5 90 fe ff ff 48 8b 85 b8
0x00007f90f2e9e68b:   fe ff ff c7 85 f8 fe ff ff 63 00 00 00 48 c7 85
0x00007f90f2e9e69b:   00 ff ff ff 00 00 00 00 0f 11 85 08 ff ff ff 48
0x00007f90f2e9e6ab:   89 85 18 ff ff ff e8 fa f3 ff ff 48 83 7b 08 00
0x00007f90f2e9e6bb:   75 07 4c 8b a5 98 fe ff ff 48 83 bd c8 fe ff ff
0x00007f90f2e9e6cb:   00 74 0c 48 8d bd c0 fe ff ff e8 76 0d 32 00 48
0x00007f90f2e9e6db:   8b bb f0 00 00 00 e8 1a e3 00 00 48 8d bd 88 fe
0x00007f90f2e9e6eb:   ff ff e8 fe e3 00 00 48 81 c4 58 01 00 00 4c 89
0x00007f90f2e9e6fb:   e0 5b 41 5c 41 5d 41 5e 41 5f 5d c3 66 0f 1f 84
0x00007f90f2e9e70b:   00 00 00 00 00 48 89 df 31 db e8 96 2b 45 00 e9
0x00007f90f2e9e71b:   ab fe ff ff 90 55 48 89 e5 41 57 49 89 f7 41 56 


Stack slot to memory mapping:
stack at sp + 0 slots: 0x0 is NULL
stack at sp + 1 slots: 0x00007f90ec45c000 is a thread
stack at sp + 2 slots: 0x00007f90d4005016: <offset 0x0000000000002016> in /home/kramer/Downloads/RobotArena-master/RobotAreana/AIBasic/build/libs/mynativelibrary/shared/libmynativelibrary.so at 0x00007f90d4003000
stack at sp + 3 slots: 0x00007f90f3419af8: <offset 0x0000000000ddfaf8> in /usr/lib/jvm/java-11-openjdk-amd64/lib/server/libjvm.so at 0x00007f90f263a000
stack at sp + 4 slots: 0x0000000000000535 is an unknown value
stack at sp + 5 slots: 0x0000000800000018 is pointing into metadata
stack at sp + 6 slots: 0x00007f9091a9f810 is pointing into the stack for thread: 0x00007f90ec45c000
stack at sp + 7 slots: 0x00007f9091a9f720 is pointing into the stack for thread: 0x00007f90ec45c000


---------------  P R O C E S S  ---------------

Threads class SMR info:
_java_thread_list=0x00007f90ec460fa0, length=16, elements={
0x00007f90ec011800, 0x00007f90ec107000, 0x00007f90ec109000, 0x00007f90ec10e800,
0x00007f90ec110800, 0x00007f90ec112800, 0x00007f90ec114800, 0x00007f90ec143800,
0x00007f90ec14c000, 0x00007f90ec2f9800, 0x00007f90ec2fb800, 0x00007f90ec458800,
0x00007f909c35e000, 0x00007f90ec45c000, 0x00007f90ec45e800, 0x00007f90ec45f800
}

Java Threads: ( => current thread )
  0x00007f90ec011800 JavaThread "main" [_thread_blocked, id=10466, stack(0x00007f90f21ef000,0x00007f90f22f0000)]
  0x00007f90ec107000 JavaThread "Reference Handler" daemon [_thread_blocked, id=10473, stack(0x00007f90f037e000,0x00007f90f047f000)]
  0x00007f90ec109000 JavaThread "Finalizer" daemon [_thread_blocked, id=10474, stack(0x00007f90f027d000,0x00007f90f037e000)]
  0x00007f90ec10e800 JavaThread "Signal Dispatcher" daemon [_thread_blocked, id=10475, stack(0x00007f90f017c000,0x00007f90f027d000)]
  0x00007f90ec110800 JavaThread "C2 CompilerThread0" daemon [_thread_in_native, id=10476, stack(0x00007f90f007b000,0x00007f90f017c000)]
  0x00007f90ec112800 JavaThread "C1 CompilerThread0" daemon [_thread_blocked, id=10477, stack(0x00007f90d4055000,0x00007f90d4156000)]
  0x00007f90ec114800 JavaThread "Sweeper thread" daemon [_thread_blocked, id=10478, stack(0x00007f90cc17f000,0x00007f90cc280000)]
  0x00007f90ec143800 JavaThread "Service Thread" daemon [_thread_blocked, id=10479, stack(0x00007f90cc07e000,0x00007f90cc17f000)]
  0x00007f90ec14c000 JavaThread "Common-Cleaner" daemon [_thread_blocked, id=10481, stack(0x00007f90c5022000,0x00007f90c5123000)]
  0x00007f90ec2f9800 JavaThread "Java2D Disposer" daemon [_thread_blocked, id=10486, stack(0x00007f9091da4000,0x00007f9091ea5000)]
  0x00007f90ec2fb800 JavaThread "AWT-XAWT" daemon [_thread_in_native, id=10487, stack(0x00007f9091ca3000,0x00007f9091da4000)]
  0x00007f90ec458800 JavaThread "Image Fetcher 0" daemon [_thread_blocked, id=10488, stack(0x00007f9091ba2000,0x00007f9091ca3000)]
  0x00007f909c35e000 JavaThread "C2 CompilerThread1" daemon [_thread_blocked, id=10489, stack(0x00007f9091aa1000,0x00007f9091ba2000)]
=>0x00007f90ec45c000 JavaThread "Thomas" [_thread_in_vm, id=10490, stack(0x00007f90919a0000,0x00007f9091aa1000)]
  0x00007f90ec45e800 JavaThread "Thomas" [_thread_blocked, id=10491, stack(0x00007f909189f000,0x00007f90919a0000)]
  0x00007f90ec45f800 JavaThread "Thomas" [_thread_blocked, id=10492, stack(0x00007f909179e000,0x00007f909189f000)]

Other Threads:
  0x00007f90ec104000 VMThread "VM Thread" [stack: 0x00007f90f0481000,0x00007f90f0581000] [id=10472]
  0x00007f90ec146000 WatcherThread [stack: 0x00007f90c5125000,0x00007f90c5225000] [id=10480]
  0x00007f90ec027000 GCTaskThread "GC Thread#0" [stack: 0x00007f90f1ea3000,0x00007f90f1fa3000] [id=10467]
  0x00007f90ec058000 ConcurrentGCThread "G1 Main Marker" [stack: 0x00007f90f0dd3000,0x00007f90f0ed3000] [id=10468]
  0x00007f90ec05a000 ConcurrentGCThread "G1 Conc#0" [stack: 0x00007f90f0cd1000,0x00007f90f0dd1000] [id=10469]
  0x00007f90ec0d2000 ConcurrentGCThread "G1 Refine#0" [stack: 0x00007f90f07cb000,0x00007f90f08cb000] [id=10470]
  0x00007f90ec0d3800 ConcurrentGCThread "G1 Young RemSet Sampling" [stack: 0x00007f90f06c9000,0x00007f90f07c9000] [id=10471]

Threads with active compile tasks:
C2 CompilerThread0 619 % !   4       sun.awt.image.PNGImageDecoder::produceImage @ 960 (1916 bytes)

VM state:synchronizing (normal execution)

VM Mutex/Monitor currently owned by a thread:  ([mutex/lock_event])
[0x00007f90ec00e360] Threads_lock - owner thread: 0x00007f90ec104000
[0x00007f90ec00eab0] Heap_lock - owner thread: 0x00007f90ec45e800

Heap address: 0x0000000085000000, size: 1968 MB, Compressed Oops mode: 32-bit
Narrow klass base: 0x0000000800000000, Narrow klass shift: 3
Compressed class space size: 1073741824 Address: 0x0000000840000000

Heap:
 garbage-first heap   total 129024K, used 23160K [0x0000000085000000, 0x0000000100000000)
  region size 1024K, 14 young (14336K), 0 survivors (0K)
 Metaspace       used 5296K, capacity 5663K, committed 6016K, reserved 1056768K
  class space    used 590K, capacity 770K, committed 896K, reserved 1048576K
Heap Regions: E=young(eden), S=young(survivor), O=old, HS=humongous(starts), HC=humongous(continues), CS=collection set, F=free, A=archive, TAMS=top-at-mark-start (previous, next)
|   0|0x0000000085000000, 0x0000000085100000, 0x0000000085100000|100%|HS|  |TAMS 0x0000000085000000, 0x0000000085000000| Complete 
|   1|0x0000000085100000, 0x0000000085200000, 0x0000000085200000|100%|HC|  |TAMS 0x0000000085100000, 0x0000000085100000| Complete 
|   2|0x0000000085200000, 0x0000000085300000, 0x0000000085300000|100%|HC|  |TAMS 0x0000000085200000, 0x0000000085200000| Complete 
|   3|0x0000000085300000, 0x0000000085400000, 0x0000000085400000|100%|HC|  |TAMS 0x0000000085300000, 0x0000000085300000| Complete 
|   4|0x0000000085400000, 0x0000000085500000, 0x0000000085500000|100%|HC|  |TAMS 0x0000000085400000, 0x0000000085400000| Complete 
|   5|0x0000000085500000, 0x0000000085600000, 0x0000000085600000|100%|HC|  |TAMS 0x0000000085500000, 0x0000000085500000| Complete 
|   6|0x0000000085600000, 0x0000000085700000, 0x0000000085700000|100%|HC|  |TAMS 0x0000000085600000, 0x0000000085600000| Complete 
|   7|0x0000000085700000, 0x0000000085800000, 0x0000000085800000|100%|HC|  |TAMS 0x0000000085700000, 0x0000000085700000| Complete 
|   8|0x0000000085800000, 0x0000000085800000, 0x0000000085900000|  0%| F|  |TAMS 0x0000000085800000, 0x0000000085800000| Untracked 
|   9|0x0000000085900000, 0x0000000085900000, 0x0000000085a00000|  0%| F|  |TAMS 0x0000000085900000, 0x0000000085900000| Untracked 
|  10|0x0000000085a00000, 0x0000000085a00000, 0x0000000085b00000|  0%| F|  |TAMS 0x0000000085a00000, 0x0000000085a00000| Untracked 
|  11|0x0000000085b00000, 0x0000000085b00000, 0x0000000085c00000|  0%| F|  |TAMS 0x0000000085b00000, 0x0000000085b00000| Untracked 
|  12|0x0000000085c00000, 0x0000000085c00000, 0x0000000085d00000|  0%| F|  |TAMS 0x0000000085c00000, 0x0000000085c00000| Untracked 
|  13|0x0000000085d00000, 0x0000000085d00000, 0x0000000085e00000|  0%| F|  |TAMS 0x0000000085d00000, 0x0000000085d00000| Untracked 
|  14|0x0000000085e00000, 0x0000000085e00000, 0x0000000085f00000|  0%| F|  |TAMS 0x0000000085e00000, 0x0000000085e00000| Untracked 
|  15|0x0000000085f00000, 0x0000000085f00000, 0x0000000086000000|  0%| F|  |TAMS 0x0000000085f00000, 0x0000000085f00000| Untracked 
|  16|0x0000000086000000, 0x0000000086000000, 0x0000000086100000|  0%| F|  |TAMS 0x0000000086000000, 0x0000000086000000| Untracked 
|  17|0x0000000086100000, 0x0000000086100000, 0x0000000086200000|  0%| F|  |TAMS 0x0000000086100000, 0x0000000086100000| Untracked 
|  18|0x0000000086200000, 0x0000000086200000, 0x0000000086300000|  0%| F|  |TAMS 0x0000000086200000, 0x0000000086200000| Untracked 
|  19|0x0000000086300000, 0x0000000086300000, 0x0000000086400000|  0%| F|  |TAMS 0x0000000086300000, 0x0000000086300000| Untracked 
|  20|0x0000000086400000, 0x0000000086400000, 0x0000000086500000|  0%| F|  |TAMS 0x0000000086400000, 0x0000000086400000| Untracked 
|  21|0x0000000086500000, 0x0000000086500000, 0x0000000086600000|  0%| F|  |TAMS 0x0000000086500000, 0x0000000086500000| Untracked 
|  22|0x0000000086600000, 0x0000000086600000, 0x0000000086700000|  0%| F|  |TAMS 0x0000000086600000, 0x0000000086600000| Untracked 
|  23|0x0000000086700000, 0x0000000086700000, 0x0000000086800000|  0%| F|  |TAMS 0x0000000086700000, 0x0000000086700000| Untracked 
|  24|0x0000000086800000, 0x0000000086800000, 0x0000000086900000|  0%| F|  |TAMS 0x0000000086800000, 0x0000000086800000| Untracked 
|  25|0x0000000086900000, 0x0000000086900000, 0x0000000086a00000|  0%| F|  |TAMS 0x0000000086900000, 0x0000000086900000| Untracked 
|  26|0x0000000086a00000, 0x0000000086a00000, 0x0000000086b00000|  0%| F|  |TAMS 0x0000000086a00000, 0x0000000086a00000| Untracked 
|  27|0x0000000086b00000, 0x0000000086b00000, 0x0000000086c00000|  0%| F|  |TAMS 0x0000000086b00000, 0x0000000086b00000| Untracked 
|  28|0x0000000086c00000, 0x0000000086c00000, 0x0000000086d00000|  0%| F|  |TAMS 0x0000000086c00000, 0x0000000086c00000| Untracked 
|  29|0x0000000086d00000, 0x0000000086d00000, 0x0000000086e00000|  0%| F|  |TAMS 0x0000000086d00000, 0x0000000086d00000| Untracked 
|  30|0x0000000086e00000, 0x0000000086e00000, 0x0000000086f00000|  0%| F|  |TAMS 0x0000000086e00000, 0x0000000086e00000| Untracked 
|  31|0x0000000086f00000, 0x0000000086f00000, 0x0000000087000000|  0%| F|  |TAMS 0x0000000086f00000, 0x0000000086f00000| Untracked 
|  32|0x0000000087000000, 0x0000000087000000, 0x0000000087100000|  0%| F|  |TAMS 0x0000000087000000, 0x0000000087000000| Untracked 
|  33|0x0000000087100000, 0x0000000087100000, 0x0000000087200000|  0%| F|  |TAMS 0x0000000087100000, 0x0000000087100000| Untracked 
|  34|0x0000000087200000, 0x0000000087200000, 0x0000000087300000|  0%| F|  |TAMS 0x0000000087200000, 0x0000000087200000| Untracked 
|  35|0x0000000087300000, 0x0000000087300000, 0x0000000087400000|  0%| F|  |TAMS 0x0000000087300000, 0x0000000087300000| Untracked 
|  36|0x0000000087400000, 0x0000000087400000, 0x0000000087500000|  0%| F|  |TAMS 0x0000000087400000, 0x0000000087400000| Untracked 
|  37|0x0000000087500000, 0x0000000087500000, 0x0000000087600000|  0%| F|  |TAMS 0x0000000087500000, 0x0000000087500000| Untracked 
|  38|0x0000000087600000, 0x0000000087600000, 0x0000000087700000|  0%| F|  |TAMS 0x0000000087600000, 0x0000000087600000| Untracked 
|  39|0x0000000087700000, 0x0000000087700000, 0x0000000087800000|  0%| F|  |TAMS 0x0000000087700000, 0x0000000087700000| Untracked 
|  40|0x0000000087800000, 0x0000000087800000, 0x0000000087900000|  0%| F|  |TAMS 0x0000000087800000, 0x0000000087800000| Untracked 
|  41|0x0000000087900000, 0x0000000087900000, 0x0000000087a00000|  0%| F|  |TAMS 0x0000000087900000, 0x0000000087900000| Untracked 
|  42|0x0000000087a00000, 0x0000000087a00000, 0x0000000087b00000|  0%| F|  |TAMS 0x0000000087a00000, 0x0000000087a00000| Untracked 
|  43|0x0000000087b00000, 0x0000000087b00000, 0x0000000087c00000|  0%| F|  |TAMS 0x0000000087b00000, 0x0000000087b00000| Untracked 
|  44|0x0000000087c00000, 0x0000000087c00000, 0x0000000087d00000|  0%| F|  |TAMS 0x0000000087c00000, 0x0000000087c00000| Untracked 
|  45|0x0000000087d00000, 0x0000000087d00000, 0x0000000087e00000|  0%| F|  |TAMS 0x0000000087d00000, 0x0000000087d00000| Untracked 
|  46|0x0000000087e00000, 0x0000000087e00000, 0x0000000087f00000|  0%| F|  |TAMS 0x0000000087e00000, 0x0000000087e00000| Untracked 
|  47|0x0000000087f00000, 0x0000000087f00000, 0x0000000088000000|  0%| F|  |TAMS 0x0000000087f00000, 0x0000000087f00000| Untracked 
|  48|0x0000000088000000, 0x0000000088000000, 0x0000000088100000|  0%| F|  |TAMS 0x0000000088000000, 0x0000000088000000| Untracked 
|  49|0x0000000088100000, 0x0000000088100000, 0x0000000088200000|  0%| F|  |TAMS 0x0000000088100000, 0x0000000088100000| Untracked 
|  50|0x0000000088200000, 0x0000000088200000, 0x0000000088300000|  0%| F|  |TAMS 0x0000000088200000, 0x0000000088200000| Untracked 
|  51|0x0000000088300000, 0x0000000088300000, 0x0000000088400000|  0%| F|  |TAMS 0x0000000088300000, 0x0000000088300000| Untracked 
|  52|0x0000000088400000, 0x0000000088400000, 0x0000000088500000|  0%| F|  |TAMS 0x0000000088400000, 0x0000000088400000| Untracked 
|  53|0x0000000088500000, 0x0000000088500000, 0x0000000088600000|  0%| F|  |TAMS 0x0000000088500000, 0x0000000088500000| Untracked 
|  54|0x0000000088600000, 0x0000000088600000, 0x0000000088700000|  0%| F|  |TAMS 0x0000000088600000, 0x0000000088600000| Untracked 
|  55|0x0000000088700000, 0x0000000088700000, 0x0000000088800000|  0%| F|  |TAMS 0x0000000088700000, 0x0000000088700000| Untracked 
|  56|0x0000000088800000, 0x0000000088800000, 0x0000000088900000|  0%| F|  |TAMS 0x0000000088800000, 0x0000000088800000| Untracked 
|  57|0x0000000088900000, 0x0000000088900000, 0x0000000088a00000|  0%| F|  |TAMS 0x0000000088900000, 0x0000000088900000| Untracked 
|  58|0x0000000088a00000, 0x0000000088a00000, 0x0000000088b00000|  0%| F|  |TAMS 0x0000000088a00000, 0x0000000088a00000| Untracked 
|  59|0x0000000088b00000, 0x0000000088b00000, 0x0000000088c00000|  0%| F|  |TAMS 0x0000000088b00000, 0x0000000088b00000| Untracked 
|  60|0x0000000088c00000, 0x0000000088c00000, 0x0000000088d00000|  0%| F|  |TAMS 0x0000000088c00000, 0x0000000088c00000| Untracked 
|  61|0x0000000088d00000, 0x0000000088d00000, 0x0000000088e00000|  0%| F|  |TAMS 0x0000000088d00000, 0x0000000088d00000| Untracked 
|  62|0x0000000088e00000, 0x0000000088e00000, 0x0000000088f00000|  0%| F|  |TAMS 0x0000000088e00000, 0x0000000088e00000| Untracked 
|  63|0x0000000088f00000, 0x0000000088f00000, 0x0000000089000000|  0%| F|  |TAMS 0x0000000088f00000, 0x0000000088f00000| Untracked 
|  64|0x0000000089000000, 0x0000000089000000, 0x0000000089100000|  0%| F|  |TAMS 0x0000000089000000, 0x0000000089000000| Untracked 
|  65|0x0000000089100000, 0x0000000089100000, 0x0000000089200000|  0%| F|  |TAMS 0x0000000089100000, 0x0000000089100000| Untracked 
|  66|0x0000000089200000, 0x0000000089200000, 0x0000000089300000|  0%| F|  |TAMS 0x0000000089200000, 0x0000000089200000| Untracked 
|  67|0x0000000089300000, 0x0000000089300000, 0x0000000089400000|  0%| F|  |TAMS 0x0000000089300000, 0x0000000089300000| Untracked 
|  68|0x0000000089400000, 0x0000000089400000, 0x0000000089500000|  0%| F|  |TAMS 0x0000000089400000, 0x0000000089400000| Untracked 
|  69|0x0000000089500000, 0x0000000089500000, 0x0000000089600000|  0%| F|  |TAMS 0x0000000089500000, 0x0000000089500000| Untracked 
|  70|0x0000000089600000, 0x0000000089600000, 0x0000000089700000|  0%| F|  |TAMS 0x0000000089600000, 0x0000000089600000| Untracked 
|  71|0x0000000089700000, 0x0000000089700000, 0x0000000089800000|  0%| F|  |TAMS 0x0000000089700000, 0x0000000089700000| Untracked 
|  72|0x0000000089800000, 0x0000000089800000, 0x0000000089900000|  0%| F|  |TAMS 0x0000000089800000, 0x0000000089800000| Untracked 
|  73|0x0000000089900000, 0x0000000089900000, 0x0000000089a00000|  0%| F|  |TAMS 0x0000000089900000, 0x0000000089900000| Untracked 
|  74|0x0000000089a00000, 0x0000000089a00000, 0x0000000089b00000|  0%| F|  |TAMS 0x0000000089a00000, 0x0000000089a00000| Untracked 
|  75|0x0000000089b00000, 0x0000000089b00000, 0x0000000089c00000|  0%| F|  |TAMS 0x0000000089b00000, 0x0000000089b00000| Untracked 
|  76|0x0000000089c00000, 0x0000000089c00000, 0x0000000089d00000|  0%| F|  |TAMS 0x0000000089c00000, 0x0000000089c00000| Untracked 
|  77|0x0000000089d00000, 0x0000000089d00000, 0x0000000089e00000|  0%| F|  |TAMS 0x0000000089d00000, 0x0000000089d00000| Untracked 
|  78|0x0000000089e00000, 0x0000000089e00000, 0x0000000089f00000|  0%| F|  |TAMS 0x0000000089e00000, 0x0000000089e00000| Untracked 
|  79|0x0000000089f00000, 0x0000000089f00000, 0x000000008a000000|  0%| F|  |TAMS 0x0000000089f00000, 0x0000000089f00000| Untracked 
|  80|0x000000008a000000, 0x000000008a000000, 0x000000008a100000|  0%| F|  |TAMS 0x000000008a000000, 0x000000008a000000| Untracked 
|  81|0x000000008a100000, 0x000000008a100000, 0x000000008a200000|  0%| F|  |TAMS 0x000000008a100000, 0x000000008a100000| Untracked 
|  82|0x000000008a200000, 0x000000008a200000, 0x000000008a300000|  0%| F|  |TAMS 0x000000008a200000, 0x000000008a200000| Untracked 
|  83|0x000000008a300000, 0x000000008a300000, 0x000000008a400000|  0%| F|  |TAMS 0x000000008a300000, 0x000000008a300000| Untracked 
|  84|0x000000008a400000, 0x000000008a400000, 0x000000008a500000|  0%| F|  |TAMS 0x000000008a400000, 0x000000008a400000| Untracked 
|  85|0x000000008a500000, 0x000000008a500000, 0x000000008a600000|  0%| F|  |TAMS 0x000000008a500000, 0x000000008a500000| Untracked 
|  86|0x000000008a600000, 0x000000008a600000, 0x000000008a700000|  0%| F|  |TAMS 0x000000008a600000, 0x000000008a600000| Untracked 
|  87|0x000000008a700000, 0x000000008a700000, 0x000000008a800000|  0%| F|  |TAMS 0x000000008a700000, 0x000000008a700000| Untracked 
|  88|0x000000008a800000, 0x000000008a800000, 0x000000008a900000|  0%| F|  |TAMS 0x000000008a800000, 0x000000008a800000| Untracked 
|  89|0x000000008a900000, 0x000000008a900000, 0x000000008aa00000|  0%| F|  |TAMS 0x000000008a900000, 0x000000008a900000| Untracked 
|  90|0x000000008aa00000, 0x000000008aa00000, 0x000000008ab00000|  0%| F|  |TAMS 0x000000008aa00000, 0x000000008aa00000| Untracked 
|  91|0x000000008ab00000, 0x000000008ab00000, 0x000000008ac00000|  0%| F|  |TAMS 0x000000008ab00000, 0x000000008ab00000| Untracked 
|  92|0x000000008ac00000, 0x000000008ac00000, 0x000000008ad00000|  0%| F|  |TAMS 0x000000008ac00000, 0x000000008ac00000| Untracked 
|  93|0x000000008ad00000, 0x000000008ad00000, 0x000000008ae00000|  0%| F|  |TAMS 0x000000008ad00000, 0x000000008ad00000| Untracked 
|  94|0x000000008ae00000, 0x000000008ae00000, 0x000000008af00000|  0%| F|  |TAMS 0x000000008ae00000, 0x000000008ae00000| Untracked 
|  95|0x000000008af00000, 0x000000008af00000, 0x000000008b000000|  0%| F|  |TAMS 0x000000008af00000, 0x000000008af00000| Untracked 
|  96|0x000000008b000000, 0x000000008b000000, 0x000000008b100000|  0%| F|  |TAMS 0x000000008b000000, 0x000000008b000000| Untracked 
|  97|0x000000008b100000, 0x000000008b100000, 0x000000008b200000|  0%| F|  |TAMS 0x000000008b100000, 0x000000008b100000| Untracked 
|  98|0x000000008b200000, 0x000000008b200000, 0x000000008b300000|  0%| F|  |TAMS 0x000000008b200000, 0x000000008b200000| Untracked 
|  99|0x000000008b300000, 0x000000008b300000, 0x000000008b400000|  0%| F|  |TAMS 0x000000008b300000, 0x000000008b300000| Untracked 
| 100|0x000000008b400000, 0x000000008b400000, 0x000000008b500000|  0%| F|  |TAMS 0x000000008b400000, 0x000000008b400000| Untracked 
| 101|0x000000008b500000, 0x000000008b500000, 0x000000008b600000|  0%| F|  |TAMS 0x000000008b500000, 0x000000008b500000| Untracked 
| 102|0x000000008b600000, 0x000000008b600000, 0x000000008b700000|  0%| F|  |TAMS 0x000000008b600000, 0x000000008b600000| Untracked 
| 103|0x000000008b700000, 0x000000008b700000, 0x000000008b800000|  0%| F|  |TAMS 0x000000008b700000, 0x000000008b700000| Untracked 
| 104|0x000000008b800000, 0x000000008b800000, 0x000000008b900000|  0%| F|  |TAMS 0x000000008b800000, 0x000000008b800000| Untracked 
| 105|0x000000008b900000, 0x000000008b900000, 0x000000008ba00000|  0%| F|  |TAMS 0x000000008b900000, 0x000000008b900000| Untracked 
| 106|0x000000008ba00000, 0x000000008ba00000, 0x000000008bb00000|  0%| F|  |TAMS 0x000000008ba00000, 0x000000008ba00000| Untracked 
| 107|0x000000008bb00000, 0x000000008bb00000, 0x000000008bc00000|  0%| F|  |TAMS 0x000000008bb00000, 0x000000008bb00000| Untracked 
| 108|0x000000008bc00000, 0x000000008bc00000, 0x000000008bd00000|  0%| F|  |TAMS 0x000000008bc00000, 0x000000008bc00000| Untracked 
| 109|0x000000008bd00000, 0x000000008bd00000, 0x000000008be00000|  0%| F|  |TAMS 0x000000008bd00000, 0x000000008bd00000| Untracked 
| 110|0x000000008be00000, 0x000000008bf00000, 0x000000008bf00000|100%| E|CS|TAMS 0x000000008be00000, 0x000000008be00000| Complete 
| 111|0x000000008bf00000, 0x000000008c000000, 0x000000008c000000|100%| E|CS|TAMS 0x000000008bf00000, 0x000000008bf00000| Complete 
| 112|0x000000008c000000, 0x000000008c100000, 0x000000008c100000|100%| E|CS|TAMS 0x000000008c000000, 0x000000008c000000| Complete 
| 113|0x000000008c100000, 0x000000008c200000, 0x000000008c200000|100%| E|CS|TAMS 0x000000008c100000, 0x000000008c100000| Complete 
| 114|0x000000008c200000, 0x000000008c300000, 0x000000008c300000|100%| E|CS|TAMS 0x000000008c200000, 0x000000008c200000| Complete 
| 115|0x000000008c300000, 0x000000008c400000, 0x000000008c400000|100%| E|CS|TAMS 0x000000008c300000, 0x000000008c300000| Complete 
| 116|0x000000008c400000, 0x000000008c500000, 0x000000008c500000|100%| E|CS|TAMS 0x000000008c400000, 0x000000008c400000| Complete 
| 117|0x000000008c500000, 0x000000008c600000, 0x000000008c600000|100%| E|CS|TAMS 0x000000008c500000, 0x000000008c500000| Complete 
| 118|0x000000008c600000, 0x000000008c700000, 0x000000008c700000|100%| E|CS|TAMS 0x000000008c600000, 0x000000008c600000| Complete 
| 119|0x000000008c700000, 0x000000008c800000, 0x000000008c800000|100%| E|CS|TAMS 0x000000008c700000, 0x000000008c700000| Complete 
| 120|0x000000008c800000, 0x000000008c900000, 0x000000008c900000|100%| E|CS|TAMS 0x000000008c800000, 0x000000008c800000| Complete 
| 121|0x000000008c900000, 0x000000008ca00000, 0x000000008ca00000|100%| E|CS|TAMS 0x000000008c900000, 0x000000008c900000| Complete 
| 122|0x000000008ca00000, 0x000000008cb00000, 0x000000008cb00000|100%| E|CS|TAMS 0x000000008ca00000, 0x000000008ca00000| Complete 
| 123|0x000000008cb00000, 0x000000008cc00000, 0x000000008cc00000|100%| E|CS|TAMS 0x000000008cb00000, 0x000000008cb00000| Complete 
|1966|0x00000000ffe00000, 0x00000000ffe34000, 0x00000000fff00000| 20%|OA|  |TAMS 0x00000000ffe00000, 0x00000000ffe00000| Untracked 
|1967|0x00000000fff00000, 0x00000000fff6a000, 0x0000000100000000| 41%|CA|  |TAMS 0x00000000fff00000, 0x00000000fff00000| Untracked 

Card table byte_map: [0x00007f90f12ed000,0x00007f90f16c5000] _byte_map_base: 0x00007f90f0ec5000

Marking Bits (Prev, Next): (CMBitMap*) 0x00007f90ec04f5d8, (CMBitMap*) 0x00007f90ec04f610
 Prev Bits: [0x00007f90ce140000, 0x00007f90d0000000)
 Next Bits: [0x00007f90cc280000, 0x00007f90ce140000)

Polling page: 0x00007f90f21b6000

Metaspace:

Usage:
  Non-class:      4.78 MB capacity,     4.60 MB ( 96%) used,   158.26 KB (  3%) free+waste,    28.69 KB ( <1%) overhead. 
      Class:    770.00 KB capacity,   590.07 KB ( 77%) used,   161.74 KB ( 21%) free+waste,    18.19 KB (  2%) overhead. 
       Both:      5.53 MB capacity,     5.17 MB ( 94%) used,   320.00 KB (  6%) free+waste,    46.88 KB ( <1%) overhead. 

Virtual space:
  Non-class space:        8.00 MB reserved,       5.00 MB ( 62%) committed 
      Class space:        1.00 GB reserved,     896.00 KB ( <1%) committed 
             Both:        1.01 GB reserved,       5.88 MB ( <1%) committed 

Chunk freelists:
   Non-Class:  11.00 KB
       Class:  30.00 KB
        Both:  41.00 KB

CodeHeap 'non-profiled nmethods': size=120032Kb used=224Kb max_used=224Kb free=119807Kb
 bounds [0x00007f90dc41e000, 0x00007f90dc68e000, 0x00007f90e3956000]
CodeHeap 'profiled nmethods': size=120032Kb used=1170Kb max_used=1170Kb free=118861Kb
 bounds [0x00007f90d4ee6000, 0x00007f90d5156000, 0x00007f90dc41e000]
CodeHeap 'non-nmethods': size=5696Kb used=1184Kb max_used=1211Kb free=4511Kb
 bounds [0x00007f90d4956000, 0x00007f90d4bc6000, 0x00007f90d4ee6000]
 total_blobs=1315 nmethods=663 adapters=456
 compilation: enabled
              stopped_count=0, restarted_count=0
 full_count=0

Compilation events (10 events):
Event: 1.148 Thread 0x00007f90ec112800 nmethod 660 0x00007f90dc455690 code [0x00007f90dc455840, 0x00007f90dc455970]
Event: 1.149 Thread 0x00007f90ec112800  661       3       java.lang.String::lastIndexOf (29 bytes)
Event: 1.149 Thread 0x00007f90ec112800 nmethod 661 0x00007f90d5009690 code [0x00007f90d5009860, 0x00007f90d5009b58]
Event: 1.150 Thread 0x00007f90ec112800  662       3       java.lang.String::startsWith (7 bytes)
Event: 1.150 Thread 0x00007f90ec112800 nmethod 662 0x00007f90d5009c90 code [0x00007f90d5009e40, 0x00007f90d5009fe8]
Event: 1.150 Thread 0x00007f909c35e000 nmethod 659 0x00007f90dc455a10 code [0x00007f90dc455ba0, 0x00007f90dc455db8]
Event: 1.150 Thread 0x00007f90ec112800  663       3       java.lang.String::lastIndexOf (12 bytes)
Event: 1.150 Thread 0x00007f90ec112800 nmethod 663 0x00007f90d500a090 code [0x00007f90d500a280, 0x00007f90d500a6d8]
Event: 1.150 Thread 0x00007f90ec112800  664       1       java.net.URL::getProtocol (5 bytes)
Event: 1.150 Thread 0x00007f90ec112800 nmethod 664 0x00007f90dc455e90 code [0x00007f90dc456040, 0x00007f90dc456170]

GC Heap History (0 events):
No events

Deoptimization events (10 events):
Event: 1.140 Thread 0x00007f90ec458800 DEOPT PACKING pc=0x00007f90d50073e4 sp=0x00007f9091ca0f90
Event: 1.140 Thread 0x00007f90ec458800 DEOPT UNPACKING pc=0x00007f90d497e83a sp=0x00007f9091ca0450 mode 0
Event: 1.144 Thread 0x00007f90ec458800 DEOPT PACKING pc=0x00007f90d4fe3b0d sp=0x00007f9091ca1460
Event: 1.144 Thread 0x00007f90ec458800 DEOPT UNPACKING pc=0x00007f90d497e83a sp=0x00007f9091ca08f0 mode 0
Event: 1.144 Thread 0x00007f90ec458800 DEOPT PACKING pc=0x00007f90d4fe3b0d sp=0x00007f9091ca1460
Event: 1.144 Thread 0x00007f90ec458800 DEOPT UNPACKING pc=0x00007f90d497e83a sp=0x00007f9091ca08f0 mode 0
Event: 1.144 Thread 0x00007f90ec458800 DEOPT PACKING pc=0x00007f90d4fe3b0d sp=0x00007f9091ca1460
Event: 1.144 Thread 0x00007f90ec458800 DEOPT UNPACKING pc=0x00007f90d497e83a sp=0x00007f9091ca08f0 mode 0
Event: 1.144 Thread 0x00007f90ec458800 DEOPT PACKING pc=0x00007f90d4fe3b0d sp=0x00007f9091ca1460
Event: 1.144 Thread 0x00007f90ec458800 DEOPT UNPACKING pc=0x00007f90d497e83a sp=0x00007f9091ca08f0 mode 0

Classes redefined (0 events):
No events

Internal exceptions (10 events):
Event: 0.211 Thread 0x00007f90ec011800 Exception <a 'java/lang/NoSuchMethodError'{0x000000008c879298}: 'java.lang.Object java.lang.invoke.DirectMethodHandle$Holder.invokeStatic(java.lang.Object, int, java.lang.Object, java.lang.Object, java.lang.Object)'> (0x000000008c879298) thrown at [/build
Event: 0.212 Thread 0x00007f90ec011800 Exception <a 'java/lang/NoSuchMethodError'{0x000000008c87cde0}: 'java.lang.Object java.lang.invoke.DirectMethodHandle$Holder.invokeSpecial(java.lang.Object, java.lang.Object, int, java.lang.Object, java.lang.Object, java.lang.Object)'> (0x000000008c87cde0
Event: 0.215 Thread 0x00007f90ec011800 Exception <a 'java/lang/NoSuchMethodError'{0x000000008c894900}: 'java.lang.Object java.lang.invoke.DirectMethodHandle$Holder.invokeStatic(java.lang.Object, int, java.lang.Object)'> (0x000000008c894900) thrown at [/build/openjdk-lts-ZT5jEu/openjdk-lts-11.0
Event: 0.973 Thread 0x00007f90ec011800 Exception <a 'java/lang/NoSuchMethodError'{0x000000008c72db58}: 'java.lang.Object java.lang.invoke.DirectMethodHandle$Holder.invokeStatic(java.lang.Object, java.lang.Object, java.lang.Object, java.lang.Object, java.lang.Object, java.lang.Object, java.lang
Event: 0.974 Thread 0x00007f90ec011800 Exception <a 'java/lang/NoSuchMethodError'{0x000000008c747ab8}: 'java.lang.Object java.lang.invoke.DirectMethodHandle$Holder.invokeStatic(java.lang.Object, java.lang.Object, java.lang.Object, java.lang.Object, java.lang.Object, java.lang.Object, java.lang
Event: 0.976 Thread 0x00007f90ec011800 Exception <a 'java/lang/NoSuchMethodError'{0x000000008c753e80}: 'void java.lang.invoke.DirectMethodHandle$Holder.invokeSpecial(java.lang.Object, java.lang.Object)'> (0x000000008c753e80) thrown at [/build/openjdk-lts-ZT5jEu/openjdk-lts-11.0.4+11/src/hotspo
Event: 1.021 Thread 0x00007f90ec011800 Exception <a 'java/lang/NoSuchMethodError'{0x000000008c6a2260}: 'java.lang.Object java.lang.invoke.Invokers$Holder.linkToTargetMethod(java.lang.Object, int, java.lang.Object)'> (0x000000008c6a2260) thrown at [/build/openjdk-lts-ZT5jEu/openjdk-lts-11.0.4+1
Event: 1.034 Thread 0x00007f90ec011800 Exception <a 'java/lang/ClassNotFoundException'{0x000000008c6e4be8}: com/sun/swing/internal/plaf/metal/resources/spi/metalProvider> (0x000000008c6e4be8) thrown at [/build/openjdk-lts-ZT5jEu/openjdk-lts-11.0.4+11/src/hotspot/share/classfile/systemDictionar
Event: 1.035 Thread 0x00007f90ec011800 Exception <a 'java/lang/ClassNotFoundException'{0x000000008c6e8af0}: com/sun/swing/internal/plaf/basic/resources/spi/basicProvider> (0x000000008c6e8af0) thrown at [/build/openjdk-lts-ZT5jEu/openjdk-lts-11.0.4+11/src/hotspot/share/classfile/systemDictionar
Event: 1.151 Thread 0x00007f90ec45c000 Exception <a 'java/lang/NoSuchMethodError'{0x000000008bed9ee8}: moveNorth> (0x000000008bed9ee8) thrown at [/build/openjdk-lts-ZT5jEu/openjdk-lts-11.0.4+11/src/hotspot/share/prims/jni.cpp, line 1333]

Events (10 events):
Event: 1.149 loading class java/util/concurrent/ArrayBlockingQueue done
Event: 1.150 loading class AI_Robot
Event: 1.150 loading class AI_Robot done
Event: 1.150 loading class AIGroup
Event: 1.150 loading class AIGroup done
Event: 1.150 loading class CRobot$1
Event: 1.150 loading class CRobot$1 done
Event: 1.151 Thread 0x00007f90ec45c000 Thread added: 0x00007f90ec45c000
Event: 1.151 loading class AI_Robot$1
Event: 1.151 loading class AI_Robot$1 done


Dynamic libraries:
85000000-8cc00000 rw-p 00000000 00:00 0 
8cc00000-ffe00000 ---p 00000000 00:00 0 
ffe00000-ffe34000 rw-p 01116000 08:02 23990720                           /usr/lib/jvm/java-11-openjdk-amd64/lib/server/classes.jsa
ffe34000-fff00000 rw-p 00000000 00:00 0 
fff00000-fff6a000 rw-p 010ac000 08:02 23990720                           /usr/lib/jvm/java-11-openjdk-amd64/lib/server/classes.jsa
fff6a000-100000000 rw-p 00000000 00:00 0 
800000000-800002000 rwxp 00001000 08:02 23990720                         /usr/lib/jvm/java-11-openjdk-amd64/lib/server/classes.jsa
800002000-8003bd000 rw-p 00003000 08:02 23990720                         /usr/lib/jvm/java-11-openjdk-amd64/lib/server/classes.jsa
8003bd000-800a98000 r--p 003be000 08:02 23990720                         /usr/lib/jvm/java-11-openjdk-amd64/lib/server/classes.jsa
800a98000-800a99000 rw-p 00a99000 08:02 23990720                         /usr/lib/jvm/java-11-openjdk-amd64/lib/server/classes.jsa
800a99000-8010ab000 r--p 00a9a000 08:02 23990720                         /usr/lib/jvm/java-11-openjdk-amd64/lib/server/classes.jsa
840000000-8400e0000 rw-p 00000000 00:00 0 
8400e0000-880000000 ---p 00000000 00:00 0 
5605c11be000-5605c11bf000 r--p 00000000 08:02 23597129                   /usr/lib/jvm/java-11-openjdk-amd64/bin/java
5605c11bf000-5605c11c0000 r-xp 00001000 08:02 23597129                   /usr/lib/jvm/java-11-openjdk-amd64/bin/java
5605c11c0000-5605c11c1000 r--p 00002000 08:02 23597129                   /usr/lib/jvm/java-11-openjdk-amd64/bin/java
5605c11c1000-5605c11c2000 r--p 00002000 08:02 23597129                   /usr/lib/jvm/java-11-openjdk-amd64/bin/java
5605c11c2000-5605c11c3000 rw-p 00003000 08:02 23597129                   /usr/lib/jvm/java-11-openjdk-amd64/bin/java
5605c1d0e000-5605c1d2f000 rw-p 00000000 00:00 0                          [heap]
7f9060000000-7f9060021000 rw-p 00000000 00:00 0 
7f9060021000-7f9064000000 ---p 00000000 00:00 0 
7f9068000000-7f9068021000 rw-p 00000000 00:00 0 
7f9068021000-7f906c000000 ---p 00000000 00:00 0 
7f906c000000-7f906c021000 rw-p 00000000 00:00 0 
7f906c021000-7f9070000000 ---p 00000000 00:00 0 
7f9070000000-7f90700d8000 rw-p 00000000 00:00 0 
7f90700d8000-7f9074000000 ---p 00000000 00:00 0 
7f9074000000-7f90743d7000 rw-p 00000000 00:00 0 
7f90743d7000-7f9078000000 ---p 00000000 00:00 0 
7f9078000000-7f9078021000 rw-p 00000000 00:00 0 
7f9078021000-7f907c000000 ---p 00000000 00:00 0 
7f907c000000-7f907c021000 rw-p 00000000 00:00 0 
7f907c021000-7f9080000000 ---p 00000000 00:00 0 
7f9080000000-7f9080021000 rw-p 00000000 00:00 0 
7f9080021000-7f9084000000 ---p 00000000 00:00 0 
7f9084000000-7f9084021000 rw-p 00000000 00:00 0 
7f9084021000-7f9088000000 ---p 00000000 00:00 0 
7f9088000000-7f9088021000 rw-p 00000000 00:00 0 
7f9088021000-7f908c000000 ---p 00000000 00:00 0 
7f908c000000-7f908c021000 rw-p 00000000 00:00 0 
7f908c021000-7f9090000000 ---p 00000000 00:00 0 
7f909179e000-7f90917a2000 ---p 00000000 00:00 0 
7f90917a2000-7f909189f000 rw-p 00000000 00:00 0 
7f909189f000-7f90918a3000 ---p 00000000 00:00 0 
7f90918a3000-7f90919a0000 rw-p 00000000 00:00 0 
7f90919a0000-7f90919a4000 ---p 00000000 00:00 0 
7f90919a4000-7f9091aa1000 rw-p 00000000 00:00 0 
7f9091aa1000-7f9091aa5000 ---p 00000000 00:00 0 
7f9091aa5000-7f9091ba2000 rw-p 00000000 00:00 0 
7f9091ba2000-7f9091ba6000 ---p 00000000 00:00 0 
7f9091ba6000-7f9091ca3000 rw-p 00000000 00:00 0 
7f9091ca3000-7f9091ca7000 ---p 00000000 00:00 0 
7f9091ca7000-7f9091da4000 rw-p 00000000 00:00 0 
7f9091da4000-7f9091da8000 ---p 00000000 00:00 0 
7f9091da8000-7f9091ea5000 rw-p 00000000 00:00 0 
7f9091ea5000-7f9091eaa000 r-xp 00000000 08:02 23600531                   /usr/lib/x86_64-linux-gnu/libXfixes.so.3.1.0
7f9091eaa000-7f90920a9000 ---p 00005000 08:02 23600531                   /usr/lib/x86_64-linux-gnu/libXfixes.so.3.1.0
7f90920a9000-7f90920aa000 r--p 00004000 08:02 23600531                   /usr/lib/x86_64-linux-gnu/libXfixes.so.3.1.0
7f90920aa000-7f90920ab000 rw-p 00005000 08:02 23600531                   /usr/lib/x86_64-linux-gnu/libXfixes.so.3.1.0
7f90920bd000-7f90920be000 ---p 00000000 00:00 0 
7f90920be000-7f90928be000 rw-p 00000000 00:00 0 
7f90928be000-7f90928bf000 ---p 00000000 00:00 0 
7f90928bf000-7f90930bf000 rw-p 00000000 00:00 0 
7f90930bf000-7f90930c0000 ---p 00000000 00:00 0 
7f90930c0000-7f90938c0000 rw-p 00000000 00:00 0 
7f90938c0000-7f90938e6000 r--p 00000000 08:02 25043479                   /usr/share/glib-2.0/schemas/gschemas.compiled
7f90938e6000-7f90938f0000 r--p 00000000 08:02 23600663                   /usr/lib/x86_64-linux-gnu/libblkid.so.1.1.0
7f90938f0000-7f9093924000 r-xp 0000a000 08:02 23600663                   /usr/lib/x86_64-linux-gnu/libblkid.so.1.1.0
7f9093924000-7f9093934000 r--p 0003e000 08:02 23600663                   /usr/lib/x86_64-linux-gnu/libblkid.so.1.1.0
7f9093934000-7f9093935000 ---p 0004e000 08:02 23600663                   /usr/lib/x86_64-linux-gnu/libblkid.so.1.1.0
7f9093935000-7f909393a000 r--p 0004e000 08:02 23600663                   /usr/lib/x86_64-linux-gnu/libblkid.so.1.1.0
7f909393a000-7f909393b000 rw-p 00053000 08:02 23600663                   /usr/lib/x86_64-linux-gnu/libblkid.so.1.1.0
7f909393b000-7f909393d000 r--p 00000000 08:02 23601506                   /usr/lib/x86_64-linux-gnu/libpcre.so.3.13.3
7f909393d000-7f909398f000 r-xp 00002000 08:02 23601506                   /usr/lib/x86_64-linux-gnu/libpcre.so.3.13.3
7f909398f000-7f90939ad000 r--p 00054000 08:02 23601506                   /usr/lib/x86_64-linux-gnu/libpcre.so.3.13.3
7f90939ad000-7f90939ae000 r--p 00071000 08:02 23601506                   /usr/lib/x86_64-linux-gnu/libpcre.so.3.13.3
7f90939ae000-7f90939af000 rw-p 00072000 08:02 23601506                   /usr/lib/x86_64-linux-gnu/libpcre.so.3.13.3
7f90939af000-7f90939b3000 r--p 00000000 08:02 23601610                   /usr/lib/x86_64-linux-gnu/libresolv-2.29.so
7f90939b3000-7f90939c2000 r-xp 00004000 08:02 23601610                   /usr/lib/x86_64-linux-gnu/libresolv-2.29.so
7f90939c2000-7f90939c5000 r--p 00013000 08:02 23601610                   /usr/lib/x86_64-linux-gnu/libresolv-2.29.so
7f90939c5000-7f90939c6000 ---p 00016000 08:02 23601610                   /usr/lib/x86_64-linux-gnu/libresolv-2.29.so
7f90939c6000-7f90939c7000 r--p 00016000 08:02 23601610                   /usr/lib/x86_64-linux-gnu/libresolv-2.29.so
7f90939c7000-7f90939c8000 rw-p 00017000 08:02 23601610                   /usr/lib/x86_64-linux-gnu/libresolv-2.29.so
7f90939c8000-7f90939ca000 rw-p 00000000 00:00 0 
7f90939ca000-7f90939d0000 r--p 00000000 08:02 23601661                   /usr/lib/x86_64-linux-gnu/libselinux.so.1
7f90939d0000-7f90939e8000 r-xp 00006000 08:02 23601661                   /usr/lib/x86_64-linux-gnu/libselinux.so.1
7f90939e8000-7f90939ef000 r--p 0001e000 08:02 23601661                   /usr/lib/x86_64-linux-gnu/libselinux.so.1
7f90939ef000-7f90939f0000 ---p 00025000 08:02 23601661                   /usr/lib/x86_64-linux-gnu/libselinux.so.1
7f90939f0000-7f90939f1000 r--p 00025000 08:02 23601661                   /usr/lib/x86_64-linux-gnu/libselinux.so.1
7f90939f1000-7f90939f2000 rw-p 00026000 08:02 23601661                   /usr/lib/x86_64-linux-gnu/libselinux.so.1
7f90939f2000-7f90939f4000 rw-p 00000000 00:00 0 
7f90939f4000-7f90939ff000 r--p 00000000 08:02 23601326                   /usr/lib/x86_64-linux-gnu/libmount.so.1.1.0
7f90939ff000-7f9093a3a000 r-xp 0000b000 08:02 23601326                   /usr/lib/x86_64-linux-gnu/libmount.so.1.1.0
7f9093a3a000-7f9093a4c000 r--p 00046000 08:02 23601326                   /usr/lib/x86_64-linux-gnu/libmount.so.1.1.0
7f9093a4c000-7f9093a4f000 r--p 00057000 08:02 23601326                   /usr/lib/x86_64-linux-gnu/libmount.so.1.1.0
7f9093a4f000-7f9093a50000 rw-p 0005a000 08:02 23601326                   /usr/lib/x86_64-linux-gnu/libmount.so.1.1.0
7f9093a50000-7f9093a6b000 r--p 00000000 08:02 23593383                   /usr/lib/x86_64-linux-gnu/libglib-2.0.so.0.6000.0
7f9093a6b000-7f9093aeb000 r-xp 0001b000 08:02 23593383                   /usr/lib/x86_64-linux-gnu/libglib-2.0.so.0.6000.0
7f9093aeb000-7f9093b6d000 r--p 0009b000 08:02 23593383                   /usr/lib/x86_64-linux-gnu/libglib-2.0.so.0.6000.0
7f9093b6d000-7f9093b6e000 ---p 0011d000 08:02 23593383                   /usr/lib/x86_64-linux-gnu/libglib-2.0.so.0.6000.0
7f9093b6e000-7f9093b6f000 r--p 0011d000 08:02 23593383                   /usr/lib/x86_64-linux-gnu/libglib-2.0.so.0.6000.0
7f9093b6f000-7f9093b70000 rw-p 0011e000 08:02 23593383                   /usr/lib/x86_64-linux-gnu/libglib-2.0.so.0.6000.0
7f9093b70000-7f9093b71000 rw-p 00000000 00:00 0 
7f9093b71000-7f9093ba8000 r--p 00000000 08:02 23593360                   /usr/lib/x86_64-linux-gnu/libgio-2.0.so.0.6000.0
7f9093ba8000-7f9093ca9000 r-xp 00037000 08:02 23593360                   /usr/lib/x86_64-linux-gnu/libgio-2.0.so.0.6000.0
7f9093ca9000-7f9093d2f000 r--p 00138000 08:02 23593360                   /usr/lib/x86_64-linux-gnu/libgio-2.0.so.0.6000.0
7f9093d2f000-7f9093d37000 r--p 001bd000 08:02 23593360                   /usr/lib/x86_64-linux-gnu/libgio-2.0.so.0.6000.0
7f9093d37000-7f9093d38000 rw-p 001c5000 08:02 23593360                   /usr/lib/x86_64-linux-gnu/libgio-2.0.so.0.6000.0
7f9093d38000-7f9093d3a000 rw-p 00000000 00:00 0 
7f9093d3a000-7f9093d44000 r-xp 00000000 08:02 23600547                   /usr/lib/x86_64-linux-gnu/libXrandr.so.2.2.0
7f9093d44000-7f9093f43000 ---p 0000a000 08:02 23600547                   /usr/lib/x86_64-linux-gnu/libXrandr.so.2.2.0
7f9093f43000-7f9093f44000 r--p 00009000 08:02 23600547                   /usr/lib/x86_64-linux-gnu/libXrandr.so.2.2.0
7f9093f44000-7f9093f45000 rw-p 0000a000 08:02 23600547                   /usr/lib/x86_64-linux-gnu/libXrandr.so.2.2.0
7f9093f45000-7f9093f51000 r--p 00000000 08:02 23600949                   /usr/lib/x86_64-linux-gnu/libfreetype.so.6.16.1
7f9093f51000-7f9093fce000 r-xp 0000c000 08:02 23600949                   /usr/lib/x86_64-linux-gnu/libfreetype.so.6.16.1
7f9093fce000-7f9093ff7000 r--p 00089000 08:02 23600949                   /usr/lib/x86_64-linux-gnu/libfreetype.so.6.16.1
7f9093ff7000-7f9093ff8000 ---p 000b2000 08:02 23600949                   /usr/lib/x86_64-linux-gnu/libfreetype.so.6.16.1
7f9093ff8000-7f9093fff000 r--p 000b2000 08:02 23600949                   /usr/lib/x86_64-linux-gnu/libfreetype.so.6.16.1
7f9093fff000-7f9094000000 rw-p 000b9000 08:02 23600949                   /usr/lib/x86_64-linux-gnu/libfreetype.so.6.16.1
7f9094000000-7f9094021000 rw-p 00000000 00:00 0 
7f9094021000-7f9098000000 ---p 00000000 00:00 0 
7f9098000000-7f9098021000 rw-p 00000000 00:00 0 
7f9098021000-7f909c000000 ---p 00000000 00:00 0 
7f909c000000-7f909c3e5000 rw-p 00000000 00:00 0 
7f909c3e5000-7f90a0000000 ---p 00000000 00:00 0 
7f90a0000000-7f90a0021000 rw-p 00000000 00:00 0 
7f90a0021000-7f90a4000000 ---p 00000000 00:00 0 
7f90a4000000-7f90a4021000 rw-p 00000000 00:00 0 
7f90a4021000-7f90a8000000 ---p 00000000 00:00 0 
7f90a8000000-7f90a86cb000 rw-p 00000000 00:00 0 
7f90a86cb000-7f90ac000000 ---p 00000000 00:00 0 
7f90ac000000-7f90ac021000 rw-p 00000000 00:00 0 
7f90ac021000-7f90b0000000 ---p 00000000 00:00 0 
7f90b0000000-7f90b0021000 rw-p 00000000 00:00 0 
7f90b0021000-7f90b4000000 ---p 00000000 00:00 0 
7f90b4000000-7f90b4021000 rw-p 00000000 00:00 0 
7f90b4021000-7f90b8000000 ---p 00000000 00:00 0 
7f90b8000000-7f90b8021000 rw-p 00000000 00:00 0 
7f90b8021000-7f90bc000000 ---p 00000000 00:00 0 
7f90bc000000-7f90bc021000 rw-p 00000000 00:00 0 
7f90bc021000-7f90c0000000 ---p 00000000 00:00 0 
7f90c0000000-7f90c0021000 rw-p 00000000 00:00 0 
7f90c0021000-7f90c4000000 ---p 00000000 00:00 0 
7f90c400d000-7f90c401b000 r--p 00000000 08:02 23593408                   /usr/lib/x86_64-linux-gnu/libgobject-2.0.so.0.6000.0
7f90c401b000-7f90c404d000 r-xp 0000e000 08:02 23593408                   /usr/lib/x86_64-linux-gnu/libgobject-2.0.so.0.6000.0
7f90c404d000-7f90c4065000 r--p 00040000 08:02 23593408                   /usr/lib/x86_64-linux-gnu/libgobject-2.0.so.0.6000.0
7f90c4065000-7f90c4068000 r--p 00057000 08:02 23593408                   /usr/lib/x86_64-linux-gnu/libgobject-2.0.so.0.6000.0
7f90c4068000-7f90c4069000 rw-p 0005a000 08:02 23593408                   /usr/lib/x86_64-linux-gnu/libgobject-2.0.so.0.6000.0
7f90c4069000-7f90c406e000 r--p 00000000 08:02 23601542                   /usr/lib/x86_64-linux-gnu/libpng16.so.16.36.0
7f90c406e000-7f90c4092000 r-xp 00005000 08:02 23601542                   /usr/lib/x86_64-linux-gnu/libpng16.so.16.36.0
7f90c4092000-7f90c409e000 r--p 00029000 08:02 23601542                   /usr/lib/x86_64-linux-gnu/libpng16.so.16.36.0
7f90c409e000-7f90c409f000 r--p 00034000 08:02 23601542                   /usr/lib/x86_64-linux-gnu/libpng16.so.16.36.0
7f90c409f000-7f90c40a0000 rw-p 00035000 08:02 23601542                   /usr/lib/x86_64-linux-gnu/libpng16.so.16.36.0
7f90c40a0000-7f90c40a4000 r--p 00000000 08:02 23990635                   /usr/lib/jvm/java-11-openjdk-amd64/lib/libfontmanager.so
7f90c40a4000-7f90c4196000 r-xp 00004000 08:02 23990635                   /usr/lib/jvm/java-11-openjdk-amd64/lib/libfontmanager.so
7f90c4196000-7f90c41d6000 r--p 000f6000 08:02 23990635                   /usr/lib/jvm/java-11-openjdk-amd64/lib/libfontmanager.so
7f90c41d6000-7f90c41d7000 r--p 00135000 08:02 23990635                   /usr/lib/jvm/java-11-openjdk-amd64/lib/libfontmanager.so
7f90c41d7000-7f90c41d8000 rw-p 00136000 08:02 23990635                   /usr/lib/jvm/java-11-openjdk-amd64/lib/libfontmanager.so
7f90c41d8000-7f90c41db000 rw-p 00000000 00:00 0 
7f90c41db000-7f90c41e0000 r-xp 00000000 08:02 23600527                   /usr/lib/x86_64-linux-gnu/libXdmcp.so.6.0.0
7f90c41e0000-7f90c43df000 ---p 00005000 08:02 23600527                   /usr/lib/x86_64-linux-gnu/libXdmcp.so.6.0.0
7f90c43df000-7f90c43e0000 r--p 00004000 08:02 23600527                   /usr/lib/x86_64-linux-gnu/libXdmcp.so.6.0.0
7f90c43e0000-7f90c43e1000 rw-p 00005000 08:02 23600527                   /usr/lib/x86_64-linux-gnu/libXdmcp.so.6.0.0
7f90c43e1000-7f90c43e3000 r-xp 00000000 08:02 23600516                   /usr/lib/x86_64-linux-gnu/libXau.so.6.0.0
7f90c43e3000-7f90c45e3000 ---p 00002000 08:02 23600516                   /usr/lib/x86_64-linux-gnu/libXau.so.6.0.0
7f90c45e3000-7f90c45e4000 r--p 00002000 08:02 23600516                   /usr/lib/x86_64-linux-gnu/libXau.so.6.0.0
7f90c45e4000-7f90c45e5000 rw-p 00003000 08:02 23600516                   /usr/lib/x86_64-linux-gnu/libXau.so.6.0.0
7f90c45e5000-7f90c45f4000 r-xp 00000000 08:02 23600537                   /usr/lib/x86_64-linux-gnu/libXi.so.6.1.0
7f90c45f4000-7f90c47f3000 ---p 0000f000 08:02 23600537                   /usr/lib/x86_64-linux-gnu/libXi.so.6.1.0
7f90c47f3000-7f90c47f4000 r--p 0000e000 08:02 23600537                   /usr/lib/x86_64-linux-gnu/libXi.so.6.1.0
7f90c47f4000-7f90c47f5000 rw-p 0000f000 08:02 23600537                   /usr/lib/x86_64-linux-gnu/libXi.so.6.1.0
7f90c47f5000-7f90c47fa000 r-xp 00000000 08:02 23600555                   /usr/lib/x86_64-linux-gnu/libXtst.so.6.1.0
7f90c47fa000-7f90c49f9000 ---p 00005000 08:02 23600555                   /usr/lib/x86_64-linux-gnu/libXtst.so.6.1.0
7f90c49f9000-7f90c49fa000 r--p 00004000 08:02 23600555                   /usr/lib/x86_64-linux-gnu/libXtst.so.6.1.0
7f90c49fa000-7f90c49fb000 rw-p 00005000 08:02 23600555                   /usr/lib/x86_64-linux-gnu/libXtst.so.6.1.0
7f90c49fb000-7f90c4a04000 r-xp 00000000 08:02 23600549                   /usr/lib/x86_64-linux-gnu/libXrender.so.1.3.0
7f90c4a04000-7f90c4c03000 ---p 00009000 08:02 23600549                   /usr/lib/x86_64-linux-gnu/libXrender.so.1.3.0
7f90c4c03000-7f90c4c04000 r--p 00008000 08:02 23600549                   /usr/lib/x86_64-linux-gnu/libXrender.so.1.3.0
7f90c4c04000-7f90c4c05000 rw-p 00009000 08:02 23600549                   /usr/lib/x86_64-linux-gnu/libXrender.so.1.3.0
7f90c4c05000-7f90c4c1d000 r--p 00000000 08:02 23600512                   /usr/lib/x86_64-linux-gnu/libX11.so.6.3.0
7f90c4c1d000-7f90c4ca5000 r-xp 00018000 08:02 23600512                   /usr/lib/x86_64-linux-gnu/libX11.so.6.3.0
7f90c4ca5000-7f90c4d39000 r--p 000a0000 08:02 23600512                   /usr/lib/x86_64-linux-gnu/libX11.so.6.3.0
7f90c4d39000-7f90c4d3a000 ---p 00134000 08:02 23600512                   /usr/lib/x86_64-linux-gnu/libX11.so.6.3.0
7f90c4d3a000-7f90c4d3b000 r--p 00134000 08:02 23600512                   /usr/lib/x86_64-linux-gnu/libX11.so.6.3.0
7f90c4d3b000-7f90c4d3f000 rw-p 00135000 08:02 23600512                   /usr/lib/x86_64-linux-gnu/libX11.so.6.3.0
7f90c4d3f000-7f90c4d50000 r-xp 00000000 08:02 23600529                   /usr/lib/x86_64-linux-gnu/libXext.so.6.4.0
7f90c4d50000-7f90c4f4f000 ---p 00011000 08:02 23600529                   /usr/lib/x86_64-linux-gnu/libXext.so.6.4.0
7f90c4f4f000-7f90c4f50000 r--p 00010000 08:02 23600529                   /usr/lib/x86_64-linux-gnu/libXext.so.6.4.0
7f90c4f50000-7f90c4f51000 rw-p 00011000 08:02 23600529                   /usr/lib/x86_64-linux-gnu/libXext.so.6.4.0
7f90c4f51000-7f90c4f7d000 r--p 00000000 08:02 23990630                   /usr/lib/jvm/java-11-openjdk-amd64/lib/libawt.so
7f90c4f7d000-7f90c4fe4000 r-xp 0002c000 08:02 23990630                   /usr/lib/jvm/java-11-openjdk-amd64/lib/libawt.so
7f90c4fe4000-7f90c4ff1000 r--p 00093000 08:02 23990630                   /usr/lib/jvm/java-11-openjdk-amd64/lib/libawt.so
7f90c4ff1000-7f90c4ff2000 r--p 0009f000 08:02 23990630                   /usr/lib/jvm/java-11-openjdk-amd64/lib/libawt.so
7f90c4ff2000-7f90c4ffd000 rw-p 000a0000 08:02 23990630                   /usr/lib/jvm/java-11-openjdk-amd64/lib/libawt.so
7f90c4ffd000-7f90c5022000 rw-p 00000000 00:00 0 
7f90c5022000-7f90c5026000 ---p 00000000 00:00 0 
7f90c5026000-7f90c5123000 rw-p 00000000 00:00 0 
7f90c5123000-7f90c5124000 ---p 00000000 00:00 0 
7f90c5124000-7f90c5225000 rw-p 00000000 00:00 0 
7f90c5225000-7f90c6000000 r--p 00000000 08:02 23600058                   /usr/lib/locale/locale-archive
7f90c6000000-7f90c8000000 rw-p 00000000 00:00 0 
7f90c8000000-7f90c8021000 rw-p 00000000 00:00 0 
7f90c8021000-7f90cc000000 ---p 00000000 00:00 0 
7f90cc005000-7f90cc007000 r--p 00000000 08:02 23600523                   /usr/lib/x86_64-linux-gnu/libXcursor.so.1.0.2
7f90cc007000-7f90cc00c000 r-xp 00002000 08:02 23600523                   /usr/lib/x86_64-linux-gnu/libXcursor.so.1.0.2
7f90cc00c000-7f90cc00e000 r--p 00007000 08:02 23600523                   /usr/lib/x86_64-linux-gnu/libXcursor.so.1.0.2
7f90cc00e000-7f90cc00f000 r--p 00008000 08:02 23600523                   /usr/lib/x86_64-linux-gnu/libXcursor.so.1.0.2
7f90cc00f000-7f90cc010000 rw-p 00009000 08:02 23600523                   /usr/lib/x86_64-linux-gnu/libXcursor.so.1.0.2
7f90cc010000-7f90cc012000 r--p 00000000 08:02 23601822                   /usr/lib/x86_64-linux-gnu/libuuid.so.1.3.0
7f90cc012000-7f90cc016000 r-xp 00002000 08:02 23601822                   /usr/lib/x86_64-linux-gnu/libuuid.so.1.3.0
7f90cc016000-7f90cc017000 r--p 00006000 08:02 23601822                   /usr/lib/x86_64-linux-gnu/libuuid.so.1.3.0
7f90cc017000-7f90cc018000 r--p 00006000 08:02 23601822                   /usr/lib/x86_64-linux-gnu/libuuid.so.1.3.0
7f90cc018000-7f90cc019000 rw-p 00007000 08:02 23601822                   /usr/lib/x86_64-linux-gnu/libuuid.so.1.3.0
7f90cc019000-7f90cc029000 r--p 00000000 08:02 23990632                   /usr/lib/jvm/java-11-openjdk-amd64/lib/libawt_xawt.so
7f90cc029000-7f90cc066000 r-xp 00010000 08:02 23990632                   /usr/lib/jvm/java-11-openjdk-amd64/lib/libawt_xawt.so
7f90cc066000-7f90cc078000 r--p 0004d000 08:02 23990632                   /usr/lib/jvm/java-11-openjdk-amd64/lib/libawt_xawt.so
7f90cc078000-7f90cc079000 r--p 0005e000 08:02 23990632                   /usr/lib/jvm/java-11-openjdk-amd64/lib/libawt_xawt.so
7f90cc079000-7f90cc07c000 rw-p 0005f000 08:02 23990632                   /usr/lib/jvm/java-11-openjdk-amd64/lib/libawt_xawt.so
7f90cc07c000-7f90cc07e000 rw-p 00000000 00:00 0 
7f90cc07e000-7f90cc082000 ---p 00000000 00:00 0 
7f90cc082000-7f90cc17f000 rw-p 00000000 00:00 0 
7f90cc17f000-7f90cc183000 ---p 00000000 00:00 0 
7f90cc183000-7f90cc470000 rw-p 00000000 00:00 0 
7f90cc470000-7f90ce138000 ---p 00000000 00:00 0 
7f90ce138000-7f90ce330000 rw-p 00000000 00:00 0 
7f90ce330000-7f90cfff8000 ---p 00000000 00:00 0 
7f90cfff8000-7f90d0000000 rw-p 00000000 00:00 0 
7f90d0000000-7f90d0021000 rw-p 00000000 00:00 0 
7f90d0021000-7f90d4000000 ---p 00000000 00:00 0 
7f90d4003000-7f90d4004000 r--p 00000000 08:02 27001596                   /home/kramer/Downloads/RobotArena-master/RobotAreana/AIBasic/build/libs/mynativelibrary/shared/libmynativelibrary.so
7f90d4004000-7f90d4005000 r-xp 00001000 08:02 27001596                   /home/kramer/Downloads/RobotArena-master/RobotAreana/AIBasic/build/libs/mynativelibrary/shared/libmynativelibrary.so
7f90d4005000-7f90d4006000 r--p 00002000 08:02 27001596                   /home/kramer/Downloads/RobotArena-master/RobotAreana/AIBasic/build/libs/mynativelibrary/shared/libmynativelibrary.so
7f90d4006000-7f90d4007000 r--p 00002000 08:02 27001596                   /home/kramer/Downloads/RobotArena-master/RobotAreana/AIBasic/build/libs/mynativelibrary/shared/libmynativelibrary.so
7f90d4007000-7f90d4008000 rw-p 00003000 08:02 27001596                   /home/kramer/Downloads/RobotArena-master/RobotAreana/AIBasic/build/libs/mynativelibrary/shared/libmynativelibrary.so
7f90d4008000-7f90d400a000 r--p 00000000 08:02 23600923                   /usr/lib/x86_64-linux-gnu/libffi.so.6.0.4
7f90d400a000-7f90d400f000 r-xp 00002000 08:02 23600923                   /usr/lib/x86_64-linux-gnu/libffi.so.6.0.4
7f90d400f000-7f90d4010000 r--p 00007000 08:02 23600923                   /usr/lib/x86_64-linux-gnu/libffi.so.6.0.4
7f90d4010000-7f90d4011000 r--p 00007000 08:02 23600923                   /usr/lib/x86_64-linux-gnu/libffi.so.6.0.4
7f90d4011000-7f90d4012000 rw-p 00008000 08:02 23600923                   /usr/lib/x86_64-linux-gnu/libffi.so.6.0.4
7f90d4012000-7f90d4016000 r--p 00000000 08:02 23600683                   /usr/lib/x86_64-linux-gnu/libbsd.so.0.9.1
7f90d4016000-7f90d4025000 r-xp 00004000 08:02 23600683                   /usr/lib/x86_64-linux-gnu/libbsd.so.0.9.1
7f90d4025000-7f90d4028000 r--p 00013000 08:02 23600683                   /usr/lib/x86_64-linux-gnu/libbsd.so.0.9.1
7f90d4028000-7f90d4029000 ---p 00016000 08:02 23600683                   /usr/lib/x86_64-linux-gnu/libbsd.so.0.9.1
7f90d4029000-7f90d402a000 r--p 00016000 08:02 23600683                   /usr/lib/x86_64-linux-gnu/libbsd.so.0.9.1
7f90d402a000-7f90d402b000 rw-p 00017000 08:02 23600683                   /usr/lib/x86_64-linux-gnu/libbsd.so.0.9.1
7f90d402b000-7f90d402c000 rw-p 00000000 00:00 0 
7f90d402c000-7f90d4037000 r--p 00000000 08:02 23601932                   /usr/lib/x86_64-linux-gnu/libxcb.so.1.1.0
7f90d4037000-7f90d404a000 r-xp 0000b000 08:02 23601932                   /usr/lib/x86_64-linux-gnu/libxcb.so.1.1.0
7f90d404a000-7f90d4053000 r--p 0001e000 08:02 23601932                   /usr/lib/x86_64-linux-gnu/libxcb.so.1.1.0
7f90d4053000-7f90d4054000 r--p 00026000 08:02 23601932                   /usr/lib/x86_64-linux-gnu/libxcb.so.1.1.0
7f90d4054000-7f90d4055000 rw-p 00027000 08:02 23601932                   /usr/lib/x86_64-linux-gnu/libxcb.so.1.1.0
7f90d4055000-7f90d4059000 ---p 00000000 00:00 0 
7f90d4059000-7f90d4656000 rw-p 00000000 00:00 0 
7f90d4656000-7f90d4956000 ---p 00000000 00:00 0 
7f90d4956000-7f90d4bc6000 rwxp 00000000 00:00 0 
7f90d4bc6000-7f90d4ee6000 ---p 00000000 00:00 0 
7f90d4ee6000-7f90d5156000 rwxp 00000000 00:00 0 
7f90d5156000-7f90dc41e000 ---p 00000000 00:00 0 
7f90dc41e000-7f90dc68e000 rwxp 00000000 00:00 0 
7f90dc68e000-7f90e3956000 ---p 00000000 00:00 0 
7f90e3956000-7f90ec000000 r--s 00000000 08:02 23990663                   /usr/lib/jvm/java-11-openjdk-amd64/lib/modules
7f90ec000000-7f90ec464000 rw-p 00000000 00:00 0 
7f90ec464000-7f90f0000000 ---p 00000000 00:00 0 
7f90f0002000-7f90f0005000 r--p 00000000 08:02 24906120                   /home/kramer/.config/dconf/user
7f90f0005000-7f90f0006000 r--s 00000000 00:35 34                         /run/user/1000/dconf/user
7f90f0006000-7f90f0007000 r--p 00000000 08:02 23593407                   /usr/lib/x86_64-linux-gnu/libgmodule-2.0.so.0.6000.0
7f90f0007000-7f90f0009000 r-xp 00001000 08:02 23593407                   /usr/lib/x86_64-linux-gnu/libgmodule-2.0.so.0.6000.0
7f90f0009000-7f90f000a000 r--p 00003000 08:02 23593407                   /usr/lib/x86_64-linux-gnu/libgmodule-2.0.so.0.6000.0
7f90f000a000-7f90f000b000 r--p 00003000 08:02 23593407                   /usr/lib/x86_64-linux-gnu/libgmodule-2.0.so.0.6000.0
7f90f000b000-7f90f000c000 rw-p 00004000 08:02 23593407                   /usr/lib/x86_64-linux-gnu/libgmodule-2.0.so.0.6000.0
7f90f000c000-7f90f0010000 r--p 00000000 08:02 24250591                   /usr/lib/x86_64-linux-gnu/gio/modules/libdconfsettings.so
7f90f0010000-7f90f0017000 r-xp 00004000 08:02 24250591                   /usr/lib/x86_64-linux-gnu/gio/modules/libdconfsettings.so
7f90f0017000-7f90f001a000 r--p 0000b000 08:02 24250591                   /usr/lib/x86_64-linux-gnu/gio/modules/libdconfsettings.so
7f90f001a000-7f90f001b000 ---p 0000e000 08:02 24250591                   /usr/lib/x86_64-linux-gnu/gio/modules/libdconfsettings.so
7f90f001b000-7f90f001c000 r--p 0000e000 08:02 24250591                   /usr/lib/x86_64-linux-gnu/gio/modules/libdconfsettings.so
7f90f001c000-7f90f001d000 rw-p 0000f000 08:02 24250591                   /usr/lib/x86_64-linux-gnu/gio/modules/libdconfsettings.so
7f90f001d000-7f90f001e000 r--p 00000000 08:02 25823354                   /usr/share/locale-langpack/en_AU/LC_MESSAGES/glib20.mo
7f90f001e000-7f90f004f000 rw-p 00000000 00:00 0 
7f90f004f000-7f90f0053000 r--p 00000000 08:02 23990653                   /usr/lib/jvm/java-11-openjdk-amd64/lib/libnet.so
7f90f0053000-7f90f0062000 r-xp 00004000 08:02 23990653                   /usr/lib/jvm/java-11-openjdk-amd64/lib/libnet.so
7f90f0062000-7f90f0066000 r--p 00013000 08:02 23990653                   /usr/lib/jvm/java-11-openjdk-amd64/lib/libnet.so
7f90f0066000-7f90f0067000 r--p 00016000 08:02 23990653                   /usr/lib/jvm/java-11-openjdk-amd64/lib/libnet.so
7f90f0067000-7f90f0068000 rw-p 00017000 08:02 23990653                   /usr/lib/jvm/java-11-openjdk-amd64/lib/libnet.so
7f90f0068000-7f90f006f000 r--p 00000000 08:02 23990654                   /usr/lib/jvm/java-11-openjdk-amd64/lib/libnio.so
7f90f006f000-7f90f0076000 r-xp 00007000 08:02 23990654                   /usr/lib/jvm/java-11-openjdk-amd64/lib/libnio.so
7f90f0076000-7f90f0079000 r--p 0000e000 08:02 23990654                   /usr/lib/jvm/java-11-openjdk-amd64/lib/libnio.so
7f90f0079000-7f90f007a000 r--p 00010000 08:02 23990654                   /usr/lib/jvm/java-11-openjdk-amd64/lib/libnio.so
7f90f007a000-7f90f007b000 rw-p 00011000 08:02 23990654                   /usr/lib/jvm/java-11-openjdk-amd64/lib/libnio.so
7f90f007b000-7f90f007f000 ---p 00000000 00:00 0 
7f90f007f000-7f90f017c000 rw-p 00000000 00:00 0 
7f90f017c000-7f90f0180000 ---p 00000000 00:00 0 
7f90f0180000-7f90f027d000 rw-p 00000000 00:00 0 
7f90f027d000-7f90f0281000 ---p 00000000 00:00 0 
7f90f0281000-7f90f037e000 rw-p 00000000 00:00 0 
7f90f037e000-7f90f0382000 ---p 00000000 00:00 0 
7f90f0382000-7f90f047f000 rw-p 00000000 00:00 0 
7f90f047f000-7f90f0480000 ---p 00000000 00:00 0 
7f90f0480000-7f90f06c7000 rw-p 00000000 00:00 0 
7f90f06c7000-7f90f06c8000 ---p 00000000 00:00 0 
7f90f06c8000-7f90f07c9000 rw-p 00000000 00:00 0 
7f90f07c9000-7f90f07ca000 ---p 00000000 00:00 0 
7f90f07ca000-7f90f0ccf000 rw-p 00000000 00:00 0 
7f90f0ccf000-7f90f0cd0000 ---p 00000000 00:00 0 
7f90f0cd0000-7f90f0dd1000 rw-p 00000000 00:00 0 
7f90f0dd1000-7f90f0dd2000 ---p 00000000 00:00 0 
7f90f0dd2000-7f90f0f53000 rw-p 00000000 00:00 0 
7f90f0f53000-7f90f12ec000 ---p 00000000 00:00 0 
7f90f12ec000-7f90f132b000 rw-p 00000000 00:00 0 
7f90f132b000-7f90f16c4000 ---p 00000000 00:00 0 
7f90f16c4000-7f90f1703000 rw-p 00000000 00:00 0 
7f90f1703000-7f90f1a9c000 ---p 00000000 00:00 0 
7f90f1a9c000-7f90f1ea1000 rw-p 00000000 00:00 0 
7f90f1ea1000-7f90f1ea2000 ---p 00000000 00:00 0 
7f90f1ea2000-7f90f1fa8000 rw-p 00000000 00:00 0 
7f90f1fa8000-7f90f208e000 ---p 00000000 00:00 0 
7f90f208e000-7f90f2093000 rw-p 00000000 00:00 0 
7f90f2093000-7f90f2179000 ---p 00000000 00:00 0 
7f90f2179000-7f90f217e000 rw-p 00000000 00:00 0 
7f90f217e000-7f90f2185000 ---p 00000000 00:00 0 
7f90f2185000-7f90f2187000 r--s 00007000 08:02 24382982                   /usr/share/java/java-atk-wrapper.jar
7f90f2187000-7f90f2189000 r--p 00000000 08:02 23990645                   /usr/lib/jvm/java-11-openjdk-amd64/lib/libjimage.so
7f90f2189000-7f90f218c000 r-xp 00002000 08:02 23990645                   /usr/lib/jvm/java-11-openjdk-amd64/lib/libjimage.so
7f90f218c000-7f90f218e000 r--p 00005000 08:02 23990645                   /usr/lib/jvm/java-11-openjdk-amd64/lib/libjimage.so
7f90f218e000-7f90f218f000 r--p 00006000 08:02 23990645                   /usr/lib/jvm/java-11-openjdk-amd64/lib/libjimage.so
7f90f218f000-7f90f2190000 rw-p 00007000 08:02 23990645                   /usr/lib/jvm/java-11-openjdk-amd64/lib/libjimage.so
7f90f2190000-7f90f2193000 r--p 00000000 08:02 23601425                   /usr/lib/x86_64-linux-gnu/libnss_files-2.29.so
7f90f2193000-7f90f219a000 r-xp 00003000 08:02 23601425                   /usr/lib/x86_64-linux-gnu/libnss_files-2.29.so
7f90f219a000-7f90f219c000 r--p 0000a000 08:02 23601425                   /usr/lib/x86_64-linux-gnu/libnss_files-2.29.so
7f90f219c000-7f90f219d000 r--p 0000b000 08:02 23601425                   /usr/lib/x86_64-linux-gnu/libnss_files-2.29.so
7f90f219d000-7f90f219e000 rw-p 0000c000 08:02 23601425                   /usr/lib/x86_64-linux-gnu/libnss_files-2.29.so
7f90f219e000-7f90f21a4000 rw-p 00000000 00:00 0 
7f90f21a4000-7f90f21a6000 r--p 00000000 08:02 23990662                   /usr/lib/jvm/java-11-openjdk-amd64/lib/libzip.so
7f90f21a6000-7f90f21aa000 r-xp 00002000 08:02 23990662                   /usr/lib/jvm/java-11-openjdk-amd64/lib/libzip.so
7f90f21aa000-7f90f21ac000 r--p 00006000 08:02 23990662                   /usr/lib/jvm/java-11-openjdk-amd64/lib/libzip.so
7f90f21ac000-7f90f21ad000 r--p 00007000 08:02 23990662                   /usr/lib/jvm/java-11-openjdk-amd64/lib/libzip.so
7f90f21ad000-7f90f21ae000 rw-p 00008000 08:02 23990662                   /usr/lib/jvm/java-11-openjdk-amd64/lib/libzip.so
7f90f21ae000-7f90f21b6000 rw-s 00000000 08:02 2753609                    /tmp/hsperfdata_kramer/10465
7f90f21b6000-7f90f21b7000 ---p 00000000 00:00 0 
7f90f21b7000-7f90f21b8000 r--p 00000000 00:00 0 
7f90f21b8000-7f90f21c5000 r--p 00000000 08:02 23990641                   /usr/lib/jvm/java-11-openjdk-amd64/lib/libjava.so
7f90f21c5000-7f90f21da000 r-xp 0000d000 08:02 23990641                   /usr/lib/jvm/java-11-openjdk-amd64/lib/libjava.so
7f90f21da000-7f90f21e1000 r--p 00022000 08:02 23990641                   /usr/lib/jvm/java-11-openjdk-amd64/lib/libjava.so
7f90f21e1000-7f90f21e2000 r--p 00028000 08:02 23990641                   /usr/lib/jvm/java-11-openjdk-amd64/lib/libjava.so
7f90f21e2000-7f90f21e4000 rw-p 00029000 08:02 23990641                   /usr/lib/jvm/java-11-openjdk-amd64/lib/libjava.so
7f90f21e4000-7f90f21e7000 r--p 00000000 08:02 23601631                   /usr/lib/x86_64-linux-gnu/librt-2.29.so
7f90f21e7000-7f90f21eb000 r-xp 00003000 08:02 23601631                   /usr/lib/x86_64-linux-gnu/librt-2.29.so
7f90f21eb000-7f90f21ed000 r--p 00007000 08:02 23601631                   /usr/lib/x86_64-linux-gnu/librt-2.29.so
7f90f21ed000-7f90f21ee000 r--p 00008000 08:02 23601631                   /usr/lib/x86_64-linux-gnu/librt-2.29.so
7f90f21ee000-7f90f21ef000 rw-p 00009000 08:02 23601631                   /usr/lib/x86_64-linux-gnu/librt-2.29.so
7f90f21ef000-7f90f21f3000 ---p 00000000 00:00 0 
7f90f21f3000-7f90f22f0000 rw-p 00000000 00:00 0 
7f90f22f0000-7f90f22f3000 r--p 00000000 08:02 23596996                   /usr/lib/x86_64-linux-gnu/libgcc_s.so.1
7f90f22f3000-7f90f2304000 r-xp 00003000 08:02 23596996                   /usr/lib/x86_64-linux-gnu/libgcc_s.so.1
7f90f2304000-7f90f2308000 r--p 00014000 08:02 23596996                   /usr/lib/x86_64-linux-gnu/libgcc_s.so.1
7f90f2308000-7f90f2309000 r--p 00017000 08:02 23596996                   /usr/lib/x86_64-linux-gnu/libgcc_s.so.1
7f90f2309000-7f90f230a000 rw-p 00018000 08:02 23596996                   /usr/lib/x86_64-linux-gnu/libgcc_s.so.1
7f90f230a000-7f90f2319000 r--p 00000000 08:02 23601302                   /usr/lib/x86_64-linux-gnu/libm-2.29.so
7f90f2319000-7f90f23bf000 r-xp 0000f000 08:02 23601302                   /usr/lib/x86_64-linux-gnu/libm-2.29.so
7f90f23bf000-7f90f2456000 r--p 000b5000 08:02 23601302                   /usr/lib/x86_64-linux-gnu/libm-2.29.so
7f90f2456000-7f90f2457000 r--p 0014b000 08:02 23601302                   /usr/lib/x86_64-linux-gnu/libm-2.29.so
7f90f2457000-7f90f2458000 rw-p 0014c000 08:02 23601302                   /usr/lib/x86_64-linux-gnu/libm-2.29.so
7f90f2458000-7f90f24ed000 r--p 00000000 08:02 23594558                   /usr/lib/x86_64-linux-gnu/libstdc++.so.6.0.26
7f90f24ed000-7f90f25df000 r-xp 00095000 08:02 23594558                   /usr/lib/x86_64-linux-gnu/libstdc++.so.6.0.26
7f90f25df000-7f90f2628000 r--p 00187000 08:02 23594558                   /usr/lib/x86_64-linux-gnu/libstdc++.so.6.0.26
7f90f2628000-7f90f2629000 ---p 001d0000 08:02 23594558                   /usr/lib/x86_64-linux-gnu/libstdc++.so.6.0.26
7f90f2629000-7f90f2634000 r--p 001d0000 08:02 23594558                   /usr/lib/x86_64-linux-gnu/libstdc++.so.6.0.26
7f90f2634000-7f90f2637000 rw-p 001db000 08:02 23594558                   /usr/lib/x86_64-linux-gnu/libstdc++.so.6.0.26
7f90f2637000-7f90f263a000 rw-p 00000000 00:00 0 
7f90f263a000-7f90f28a9000 r--p 00000000 08:02 23990668                   /usr/lib/jvm/java-11-openjdk-amd64/lib/server/libjvm.so
7f90f28a9000-7f90f33c9000 r-xp 0026f000 08:02 23990668                   /usr/lib/jvm/java-11-openjdk-amd64/lib/server/libjvm.so
7f90f33c9000-7f90f3602000 r--p 00d8f000 08:02 23990668                   /usr/lib/jvm/java-11-openjdk-amd64/lib/server/libjvm.so
7f90f3602000-7f90f3603000 ---p 00fc8000 08:02 23990668                   /usr/lib/jvm/java-11-openjdk-amd64/lib/server/libjvm.so
7f90f3603000-7f90f36c0000 r--p 00fc8000 08:02 23990668                   /usr/lib/jvm/java-11-openjdk-amd64/lib/server/libjvm.so
7f90f36c0000-7f90f36f9000 rw-p 01085000 08:02 23990668                   /usr/lib/jvm/java-11-openjdk-amd64/lib/server/libjvm.so
7f90f36f9000-7f90f3751000 rw-p 00000000 00:00 0 
7f90f3751000-7f90f3758000 r--p 00000000 08:02 23601565                   /usr/lib/x86_64-linux-gnu/libpthread-2.29.so
7f90f3758000-7f90f3767000 r-xp 00007000 08:02 23601565                   /usr/lib/x86_64-linux-gnu/libpthread-2.29.so
7f90f3767000-7f90f376c000 r--p 00016000 08:02 23601565                   /usr/lib/x86_64-linux-gnu/libpthread-2.29.so
7f90f376c000-7f90f376d000 r--p 0001a000 08:02 23601565                   /usr/lib/x86_64-linux-gnu/libpthread-2.29.so
7f90f376d000-7f90f376e000 rw-p 0001b000 08:02 23601565                   /usr/lib/x86_64-linux-gnu/libpthread-2.29.so
7f90f376e000-7f90f3772000 rw-p 00000000 00:00 0 
7f90f3772000-7f90f3773000 r--p 00000000 08:02 23600824                   /usr/lib/x86_64-linux-gnu/libdl-2.29.so
7f90f3773000-7f90f3775000 r-xp 00001000 08:02 23600824                   /usr/lib/x86_64-linux-gnu/libdl-2.29.so
7f90f3775000-7f90f3776000 r--p 00003000 08:02 23600824                   /usr/lib/x86_64-linux-gnu/libdl-2.29.so
7f90f3776000-7f90f3777000 r--p 00003000 08:02 23600824                   /usr/lib/x86_64-linux-gnu/libdl-2.29.so
7f90f3777000-7f90f3778000 rw-p 00004000 08:02 23600824                   /usr/lib/x86_64-linux-gnu/libdl-2.29.so
7f90f3778000-7f90f377a000 r--p 00000000 08:02 23601962                   /usr/lib/x86_64-linux-gnu/libz.so.1.2.11
7f90f377a000-7f90f378b000 r-xp 00002000 08:02 23601962                   /usr/lib/x86_64-linux-gnu/libz.so.1.2.11
7f90f378b000-7f90f3791000 r--p 00013000 08:02 23601962                   /usr/lib/x86_64-linux-gnu/libz.so.1.2.11
7f90f3791000-7f90f3792000 ---p 00019000 08:02 23601962                   /usr/lib/x86_64-linux-gnu/libz.so.1.2.11
7f90f3792000-7f90f3793000 r--p 00019000 08:02 23601962                   /usr/lib/x86_64-linux-gnu/libz.so.1.2.11
7f90f3793000-7f90f3794000 rw-p 0001a000 08:02 23601962                   /usr/lib/x86_64-linux-gnu/libz.so.1.2.11
7f90f3794000-7f90f37b9000 r--p 00000000 08:02 23600687                   /usr/lib/x86_64-linux-gnu/libc-2.29.so
7f90f37b9000-7f90f392c000 r-xp 00025000 08:02 23600687                   /usr/lib/x86_64-linux-gnu/libc-2.29.so
7f90f392c000-7f90f3975000 r--p 00198000 08:02 23600687                   /usr/lib/x86_64-linux-gnu/libc-2.29.so
7f90f3975000-7f90f3978000 r--p 001e0000 08:02 23600687                   /usr/lib/x86_64-linux-gnu/libc-2.29.so
7f90f3978000-7f90f397b000 rw-p 001e3000 08:02 23600687                   /usr/lib/x86_64-linux-gnu/libc-2.29.so
7f90f397b000-7f90f397f000 rw-p 00000000 00:00 0 
7f90f397f000-7f90f3980000 r--p 00000000 08:02 25823436                   /usr/share/locale-langpack/en_AU/LC_MESSAGES/libc.mo
7f90f3980000-7f90f3985000 r--p 00000000 08:02 23990661                   /usr/lib/jvm/java-11-openjdk-amd64/lib/libverify.so
7f90f3985000-7f90f398c000 r-xp 00005000 08:02 23990661                   /usr/lib/jvm/java-11-openjdk-amd64/lib/libverify.so
7f90f398c000-7f90f398e000 r--p 0000c000 08:02 23990661                   /usr/lib/jvm/java-11-openjdk-amd64/lib/libverify.so
7f90f398e000-7f90f3990000 r--p 0000d000 08:02 23990661                   /usr/lib/jvm/java-11-openjdk-amd64/lib/libverify.so
7f90f3990000-7f90f3991000 rw-p 0000f000 08:02 23990661                   /usr/lib/jvm/java-11-openjdk-amd64/lib/libverify.so
7f90f3991000-7f90f3994000 r--p 00000000 08:02 23990625                   /usr/lib/jvm/java-11-openjdk-amd64/lib/jli/libjli.so
7f90f3994000-7f90f399e000 r-xp 00003000 08:02 23990625                   /usr/lib/jvm/java-11-openjdk-amd64/lib/jli/libjli.so
7f90f399e000-7f90f39a1000 r--p 0000d000 08:02 23990625                   /usr/lib/jvm/java-11-openjdk-amd64/lib/jli/libjli.so
7f90f39a1000-7f90f39a2000 r--p 0000f000 08:02 23990625                   /usr/lib/jvm/java-11-openjdk-amd64/lib/jli/libjli.so
7f90f39a2000-7f90f39a3000 rw-p 00010000 08:02 23990625                   /usr/lib/jvm/java-11-openjdk-amd64/lib/jli/libjli.so
7f90f39a3000-7f90f39a5000 rw-p 00000000 00:00 0 
7f90f39a5000-7f90f39a6000 r--p 00000000 08:02 23600471                   /usr/lib/x86_64-linux-gnu/ld-2.29.so
7f90f39a6000-7f90f39c7000 r-xp 00001000 08:02 23600471                   /usr/lib/x86_64-linux-gnu/ld-2.29.so
7f90f39c7000-7f90f39cf000 r--p 00022000 08:02 23600471                   /usr/lib/x86_64-linux-gnu/ld-2.29.so
7f90f39cf000-7f90f39d0000 r--p 00029000 08:02 23600471                   /usr/lib/x86_64-linux-gnu/ld-2.29.so
7f90f39d0000-7f90f39d1000 rw-p 0002a000 08:02 23600471                   /usr/lib/x86_64-linux-gnu/ld-2.29.so
7f90f39d1000-7f90f39d2000 rw-p 00000000 00:00 0 
7ffca645e000-7ffca6480000 rw-p 00000000 00:00 0                          [stack]
7ffca64a1000-7ffca64a4000 r--p 00000000 00:00 0                          [vvar]
7ffca64a4000-7ffca64a5000 r-xp 00000000 00:00 0                          [vdso]
ffffffffff600000-ffffffffff601000 r-xp 00000000 00:00 0                  [vsyscall]


VM Arguments:
jvm_args: -Dfile.encoding=UTF-8 -Duser.country=AU -Duser.language=en -Duser.variant 
java_command: ExampleSwingApp
java_class_path (initial): /home/kramer/Downloads/RobotArena-master/RobotAreana/start/build/classes/java/main:/home/kramer/Downloads/RobotArena-master/RobotAreana/start/build/classes/groovy/main:/home/kramer/Downloads/RobotArena-master/RobotAreana/start/build/resources/main:/home/kramer/Downloads/RobotArena-master/RobotAreana/AIBasic/build/libs/AIBasic.jar:/home/kramer/Downloads/RobotArena-master/RobotAreana/robot/build/libs/robot.jar:/home/kramer/Downloads/RobotArena-master/RobotAreana/main/build/libs/main.jar
Launcher Type: SUN_STANDARD

[Global flags]
     intx CICompilerCount                          = 3                                         {product} {ergonomic}
     uint ConcGCThreads                            = 1                                         {product} {ergonomic}
     uint G1ConcRefinementThreads                  = 4                                         {product} {ergonomic}
   size_t G1HeapRegionSize                         = 1048576                                   {product} {ergonomic}
    uintx GCDrainStackTargetSize                   = 64                                        {product} {ergonomic}
   size_t InitialHeapSize                          = 130023424                                 {product} {ergonomic}
   size_t MarkStackSize                            = 4194304                                   {product} {ergonomic}
   size_t MaxHeapSize                              = 2063597568                                {product} {ergonomic}
   size_t MaxNewSize                               = 1237319680                                {product} {ergonomic}
   size_t MinHeapDeltaBytes                        = 1048576                                   {product} {ergonomic}
    uintx NonNMethodCodeHeapSize                   = 5830092                                {pd product} {ergonomic}
    uintx NonProfiledCodeHeapSize                  = 122914074                              {pd product} {ergonomic}
    uintx ProfiledCodeHeapSize                     = 122914074                              {pd product} {ergonomic}
    uintx ReservedCodeCacheSize                    = 251658240                              {pd product} {ergonomic}
     bool SegmentedCodeCache                       = true                                      {product} {ergonomic}
     bool UseCompressedClassPointers               = true                                 {lp64_product} {ergonomic}
     bool UseCompressedOops                        = true                                 {lp64_product} {ergonomic}
     bool UseG1GC                                  = true                                      {product} {ergonomic}

Logging:
Log output configuration:
 #0: stdout all=warning uptime,level,tags
 #1: stderr all=off uptime,level,tags

Environment Variables:
PATH=/home/kramer/.local/bin:/usr/local/sbin:/usr/local/bin:/usr/sbin:/usr/bin:/sbin:/bin:/usr/games:/usr/local/games:/snap/bin
USERNAME=kramer
LD_LIBRARY_PATH=/home/kramer/Downloads/RobotArena-master/RobotAreana/AIBasic/build/libs/mynativelibrary/shared
SHELL=/bin/bash
DISPLAY=:0

Signal Handlers:
SIGSEGV: [libjvm.so+0xd1cc80], sa_mask[0]=11111111011111111101111111111110, sa_flags=SA_RESTART|SA_SIGINFO
SIGBUS: [libjvm.so+0xd1cc80], sa_mask[0]=11111111011111111101111111111110, sa_flags=SA_RESTART|SA_SIGINFO
SIGFPE: [libjvm.so+0xd1cc80], sa_mask[0]=11111111011111111101111111111110, sa_flags=SA_RESTART|SA_SIGINFO
SIGPIPE: SIG_IGN, sa_mask[0]=00000000000010000000000000000000, sa_flags=SA_RESTART
SIGXFSZ: [libjvm.so+0xb239a0], sa_mask[0]=11111111011111111101111111111110, sa_flags=SA_RESTART|SA_SIGINFO
SIGILL: [libjvm.so+0xd1cc80], sa_mask[0]=11111111011111111101111111111110, sa_flags=SA_RESTART|SA_SIGINFO
SIGUSR2: [libjvm.so+0xb23830], sa_mask[0]=00100000000000000000000000000000, sa_flags=SA_RESTART|SA_SIGINFO
SIGHUP: [libjvm.so+0xb23ce0], sa_mask[0]=11111111011111111101111111111110, sa_flags=SA_RESTART|SA_SIGINFO
SIGINT: [libjvm.so+0xb23ce0], sa_mask[0]=11111111011111111101111111111110, sa_flags=SA_RESTART|SA_SIGINFO
SIGTERM: [libjvm.so+0xb23ce0], sa_mask[0]=11111111011111111101111111111110, sa_flags=SA_RESTART|SA_SIGINFO
SIGQUIT: [libjvm.so+0xb23ce0], sa_mask[0]=11111111011111111101111111111110, sa_flags=SA_RESTART|SA_SIGINFO


---------------  S Y S T E M  ---------------

OS:DISTRIB_ID=Ubuntu
DISTRIB_RELEASE=19.04
DISTRIB_CODENAME=disco
DISTRIB_DESCRIPTION="Ubuntu 19.04"
uname:Linux 5.0.0-32-generic #34-Ubuntu SMP Wed Oct 2 02:06:48 UTC 2019 x86_64
libc:glibc 2.29 NPTL 2.29 
rlimit: STACK 8192k, CORE 0k, NPROC 31283, NOFILE 524288, AS infinity, DATA infinity, FSIZE infinity
load average:9.84 4.40 2.23

/proc/meminfo:
MemTotal:        8057232 kB
MemFree:         1907768 kB
MemAvailable:    3537960 kB
Buffers:          125184 kB
Cached:          1825804 kB
SwapCached:            0 kB
Active:          4812540 kB
Inactive:         935864 kB
Active(anon):    3802872 kB
Inactive(anon):   164956 kB
Active(file):    1009668 kB
Inactive(file):   770908 kB
Unevictable:        3452 kB
Mlocked:              16 kB
SwapTotal:       2097148 kB
SwapFree:        2097148 kB
Dirty:              6840 kB
Writeback:             0 kB
AnonPages:       3800832 kB
Mapped:           561956 kB
Shmem:            170408 kB
KReclaimable:     139808 kB
Slab:             237972 kB
SReclaimable:     139808 kB
SUnreclaim:        98164 kB
KernelStack:       16840 kB
PageTables:        35040 kB
NFS_Unstable:          0 kB
Bounce:                0 kB
WritebackTmp:          0 kB
CommitLimit:     6125764 kB
Committed_AS:   16865732 kB
VmallocTotal:   34359738367 kB
VmallocUsed:           0 kB
VmallocChunk:          0 kB
Percpu:             2240 kB
HardwareCorrupted:     0 kB
AnonHugePages:         0 kB
ShmemHugePages:        0 kB
ShmemPmdMapped:        0 kB
CmaTotal:              0 kB
CmaFree:               0 kB
HugePages_Total:       0
HugePages_Free:        0
HugePages_Rsvd:        0
HugePages_Surp:        0
Hugepagesize:       2048 kB
Hugetlb:               0 kB
DirectMap4k:      234032 kB
DirectMap2M:     4900864 kB
DirectMap1G:     3145728 kB


/proc/sys/kernel/threads-max (system-wide limit on the number of threads):
62566


/proc/sys/vm/max_map_count (maximum number of memory map areas a process may have):
65530


/proc/sys/kernel/pid_max (system-wide limit on number of process identifiers):
32768



container (cgroup) information:
container_type: cgroupv1
cpu_cpuset_cpus: 0-3
cpu_memory_nodes: 0
active_processor_count: 4
cpu_quota: -1
cpu_period: 100000
cpu_shares: -1
memory_limit_in_bytes: -1
memory_and_swap_limit_in_bytes: -2
memory_soft_limit_in_bytes: -1
memory_usage_in_bytes: 2066800640
memory_max_usage_in_bytes: 2082611200

Steal ticks since vm start: 0
Steal ticks percentage since vm start:  0.000

CPU:total 4 (initial active 4) (4 cores per cpu, 1 threads per core) family 6 model 60 stepping 3, cmov, cx8, fxsr, mmx, sse, sse2, sse3, ssse3, sse4.1, sse4.2, popcnt, avx, avx2, aes, clmul, erms, lzcnt, tsc, tscinvbit, bmi1, bmi2, fma
CPU Model and flags from /proc/cpuinfo:
model name	: Intel(R) Core(TM) i5-4690 CPU @ 3.50GHz
flags		: fpu vme de pse tsc msr pae mce cx8 apic sep mtrr pge mca cmov pat pse36 clflush dts acpi mmx fxsr sse sse2 ss ht tm pbe syscall nx pdpe1gb rdtscp lm constant_tsc arch_perfmon pebs bts rep_good nopl xtopology nonstop_tsc cpuid aperfmperf pni pclmulqdq dtes64 monitor ds_cpl vmx smx est tm2 ssse3 sdbg fma cx16 xtpr pdcm pcid sse4_1 sse4_2 x2apic movbe popcnt tsc_deadline_timer aes xsave avx f16c rdrand lahf_lm abm cpuid_fault invpcid_single pti ssbd ibrs ibpb stibp tpr_shadow vnmi flexpriority ept vpid ept_ad fsgsbase tsc_adjust bmi1 avx2 smep bmi2 erms invpcid xsaveopt dtherm ida arat pln pts md_clear flush_l1d

Memory: 4k page, physical 8057232k(1907768k free), swap 2097148k(2097148k free)

vm_info: OpenJDK 64-Bit Server VM (11.0.4+11-post-Ubuntu-1ubuntu219.04) for linux-amd64 JRE (11.0.4+11-post-Ubuntu-1ubuntu219.04), built on Jul 18 2019 18:21:46 by "buildd" with gcc 8.3.0

END.
