#
# A fatal error has been detected by the Java Runtime Environment:
#
#  SIGSEGV (0xb) at pc=0x00007fe63045062b, pid=5546, tid=5570
#
# JRE version: OpenJDK Runtime Environment (11.0.4+11) (build 11.0.4+11-post-Ubuntu-1ubuntu219.04)
# Java VM: OpenJDK 64-Bit Server VM (11.0.4+11-post-Ubuntu-1ubuntu219.04, mixed mode, sharing, tiered, compressed oops, g1 gc, linux-amd64)
# Problematic frame:
# V  [libjvm.so+0x86462b]
#
# Core dump will be written. Default location: Core dumps may be processed with "/usr/share/apport/apport %p %s %c %d %P" (or dumping to /home/kramer/Downloads/RobotArena-master/RobotAreana/start/core.5546)
#
# If you would like to submit a bug report, please visit:
#   https://bugs.launchpad.net/ubuntu/+source/openjdk-lts
#

---------------  S U M M A R Y ------------

Command Line: -Dfile.encoding=UTF-8 -Duser.country=AU -Duser.language=en -Duser.variant ExampleSwingApp

Host: Intel(R) Core(TM) i5-4690 CPU @ 3.50GHz, 4 cores, 7G, Ubuntu 19.04
Time: Tue Oct 29 12:12:36 2019 AWST elapsed time: 6 seconds (0d 0h 0m 6s)

---------------  T H R E A D  ---------------

Current thread (0x00007fe62830c000):  JavaThread "Thomas" [_thread_in_vm, id=5570, stack(0x00007fe5f8064000,0x00007fe5f8165000)]

Stack: [0x00007fe5f8064000,0x00007fe5f8165000],  sp=0x00007fe5f81635b0,  free space=1021k
Native frames: (J=compiled Java code, A=aot compiled Java code, j=interpreted, Vv=VM code, C=native code)
V  [libjvm.so+0x86462b]
C  [libmynativelibrary.so+0x15d6]  Java_CRobot_startCPP+0x4c1
j  CRobot.startCPP(LRobotControl;)V+0
j  CRobot$1.run()V+8
j  java.lang.Thread.run()V+11 java.base@11.0.4
v  ~StubRoutines::call_stub
V  [libjvm.so+0x7f40b1]
V  [libjvm.so+0x7f2550]
V  [libjvm.so+0x7f260b]
V  [libjvm.so+0x88e63c]
V  [libjvm.so+0xcc0060]
V  [libjvm.so+0xcc0350]
V  [libjvm.so+0xcbbee4]
V  [libjvm.so+0xb2cbee]

Java frames: (J=compiled Java code, j=interpreted, Vv=VM code)
j  CRobot.startCPP(LRobotControl;)V+0
j  CRobot$1.run()V+8
j  java.lang.Thread.run()V+11 java.base@11.0.4
v  ~StubRoutines::call_stub

siginfo: si_signo: 11 (SIGSEGV), si_code: 1 (SEGV_MAPERR), si_addr: 0x0000000000000000

Register to memory mapping:

RAX=0x00007fe5f8163650 is pointing into the stack for thread: 0x00007fe62830c000
RBX=0x00007fe62830c000 is a thread
RCX=0x00007fe630450550: <offset 0x0000000000864550> in /usr/lib/jvm/java-11-openjdk-amd64/lib/server/libjvm.so at 0x00007fe62fbec000
RDX=0x00007fe628309a30 points into unknown readable memory: 60 43 d0 8b 00 00 00 00
RSP=0x00007fe5f81635b0 is pointing into the stack for thread: 0x00007fe62830c000
RBP=0x00007fe5f8163730 is pointing into the stack for thread: 0x00007fe62830c000
RSI=0x00007fe62830c000 is a thread
RDI=0x00007fe5f8163610 is pointing into the stack for thread: 0x00007fe62830c000
R8 ={method} {0x00007fe5fbc03e88} 'getHealth' '()D' in 'RobotInfo'
R9 =0x0000000000000004 is an unknown value
R10=0x00007fe62830c860 points into unknown readable memory: 00 af 10 00 08 00 00 00
R11=0x00007fe6109567bf is at begin+0 in a stub
StubRoutines::call_stub [0x00007fe6109567bf, 0x00007fe6109568ad[ (238 bytes)
R12=0x00007fe5f8163610 is pointing into the stack for thread: 0x00007fe62830c000
R13=0x00007fe62830c340 points into unknown readable memory: e0 8f c7 30 e6 7f 00 00
R14=0x0 is NULL
R15=0x00007fe5f81638d0 is pointing into the stack for thread: 0x00007fe62830c000


Registers:
RAX=0x00007fe5f8163650, RBX=0x00007fe62830c000, RCX=0x00007fe630450550, RDX=0x00007fe628309a30
RSP=0x00007fe5f81635b0, RBP=0x00007fe5f8163730, RSI=0x00007fe62830c000, RDI=0x00007fe5f8163610
R8 =0x00007fe5fbc03e88, R9 =0x0000000000000004, R10=0x00007fe62830c860, R11=0x00007fe6109567bf
R12=0x00007fe5f8163610, R13=0x00007fe62830c340, R14=0x0000000000000000, R15=0x00007fe5f81638d0
RIP=0x00007fe63045062b, EFLAGS=0x0000000000010202, CSGSFS=0x002b000000000033, ERR=0x0000000000000004
  TRAPNO=0x000000000000000e

Top of Stack: (sp=0x00007fe5f81635b0)
0x00007fe5f81635b0:   00007fe62811cf60 00007fe62830c000
0x00007fe5f81635c0:   0000000000000007 c034000000000000
0x00007fe5f81635d0:   0000000000000000 0000003000000018
0x00007fe5f81635e0:   00007fe5f8163740 00007fe5f8163650 

Instructions: (pc=0x00007fe63045062b)
0x00007fe63045052b:   89 e0 5b 41 5c 41 5d 41 5e 41 5f 5d c3 0f 1f 84
0x00007fe63045053b:   00 00 00 00 00 48 89 df 31 db e8 66 2d 45 00 e9
0x00007fe63045054b:   ab fe ff ff 90 55 48 89 e5 41 57 49 89 f7 41 56
0x00007fe63045055b:   49 89 d6 41 55 49 89 fd 41 54 53 48 81 ec 58 01
0x00007fe63045056b:   00 00 48 89 8d 38 ff ff ff 4c 89 85 40 ff ff ff
0x00007fe63045057b:   4c 89 8d 48 ff ff ff 84 c0 74 29 0f 29 85 50 ff
0x00007fe63045058b:   ff ff 0f 29 8d 60 ff ff ff 0f 29 95 70 ff ff ff
0x00007fe63045059b:   0f 29 5d 80 0f 29 65 90 0f 29 6d a0 0f 29 75 b0
0x00007fe6304505ab:   0f 29 7d c0 49 8d 9d c0 fc ff ff 8b 83 d0 03 00
0x00007fe6304505bb:   00 2d ab de 00 00 83 f8 01 0f 87 46 01 00 00 48
0x00007fe6304505cb:   89 df 48 89 9d 88 fe ff ff e8 c7 69 ff ff 48 83
0x00007fe6304505db:   7b 08 00 48 89 9d c0 fe ff ff 48 c7 85 c8 fe ff
0x00007fe6304505eb:   ff 00 00 00 00 74 0c 48 8d bd c0 fe ff ff e8 02
0x00007fe6304505fb:   0e 32 00 48 8d 45 10 4c 8d a5 e0 fe ff ff c7 85
0x00007fe63045060b:   a8 fe ff ff 18 00 00 00 48 89 85 b0 fe ff ff 48
0x00007fe63045061b:   8d 85 20 ff ff ff 4c 89 e7 48 89 85 b8 fe ff ff
0x00007fe63045062b:   49 8b 06 c7 85 ac fe ff ff 30 00 00 00 c7 85 90
0x00007fe63045063b:   fe ff ff 0c 00 00 00 48 8b 40 08 0f b7 50 2c 48
0x00007fe63045064b:   8b 40 08 48 8b 74 d0 40 e8 78 53 3a 00 4d 89 e0
0x00007fe63045065b:   49 89 d9 4c 89 f1 48 8d 05 f0 20 77 00 4c 89 fa
0x00007fe63045066b:   4c 89 ef 45 31 e4 48 89 85 e0 fe ff ff f3 0f 6f
0x00007fe63045067b:   85 a8 fe ff ff 48 8d b5 90 fe ff ff 48 8b 85 b8
0x00007fe63045068b:   fe ff ff c7 85 f8 fe ff ff 63 00 00 00 48 c7 85
0x00007fe63045069b:   00 ff ff ff 00 00 00 00 0f 11 85 08 ff ff ff 48
0x00007fe6304506ab:   89 85 18 ff ff ff e8 fa f3 ff ff 48 83 7b 08 00
0x00007fe6304506bb:   75 07 4c 8b a5 98 fe ff ff 48 83 bd c8 fe ff ff
0x00007fe6304506cb:   00 74 0c 48 8d bd c0 fe ff ff e8 76 0d 32 00 48
0x00007fe6304506db:   8b bb f0 00 00 00 e8 1a e3 00 00 48 8d bd 88 fe
0x00007fe6304506eb:   ff ff e8 fe e3 00 00 48 81 c4 58 01 00 00 4c 89
0x00007fe6304506fb:   e0 5b 41 5c 41 5d 41 5e 41 5f 5d c3 66 0f 1f 84
0x00007fe63045070b:   00 00 00 00 00 48 89 df 31 db e8 96 2b 45 00 e9
0x00007fe63045071b:   ab fe ff ff 90 55 48 89 e5 41 57 49 89 f7 41 56 


Stack slot to memory mapping:
stack at sp + 0 slots: 0x00007fe62811cf60 points into unknown readable memory: 00 00 00 00 00 00 00 00
stack at sp + 1 slots: 0x00007fe62830c000 is a thread
stack at sp + 2 slots: 0x0000000000000007 is an unknown value
stack at sp + 3 slots: 0xc034000000000000 is an unknown value
stack at sp + 4 slots: 0x0 is NULL
stack at sp + 5 slots: 0x0000003000000018 is an unknown value
stack at sp + 6 slots: 0x00007fe5f8163740 is pointing into the stack for thread: 0x00007fe62830c000
stack at sp + 7 slots: 0x00007fe5f8163650 is pointing into the stack for thread: 0x00007fe62830c000


---------------  P R O C E S S  ---------------

Threads class SMR info:
_java_thread_list=0x00007fe5b4029c70, length=17, elements={
0x00007fe628107000, 0x00007fe628109000, 0x00007fe62810e800, 0x00007fe628110800,
0x00007fe628112800, 0x00007fe628114800, 0x00007fe628143800, 0x00007fe62814c000,
0x00007fe6282d9800, 0x00007fe6282db800, 0x00007fe62830c000, 0x00007fe62830e800,
0x00007fe62830f800, 0x00007fe628312000, 0x00007fe628313800, 0x00007fe628011800,
0x00007fe5940b6000
}

Java Threads: ( => current thread )
  0x00007fe628107000 JavaThread "Reference Handler" daemon [_thread_blocked, id=5555, stack(0x00007fe610372000,0x00007fe610473000)]
  0x00007fe628109000 JavaThread "Finalizer" daemon [_thread_blocked, id=5556, stack(0x00007fe610271000,0x00007fe610372000)]
  0x00007fe62810e800 JavaThread "Signal Dispatcher" daemon [_thread_blocked, id=5557, stack(0x00007fe610170000,0x00007fe610271000)]
  0x00007fe628110800 JavaThread "C2 CompilerThread0" daemon [_thread_blocked, id=5558, stack(0x00007fe61006f000,0x00007fe610170000)]
  0x00007fe628112800 JavaThread "C1 CompilerThread0" daemon [_thread_blocked, id=5559, stack(0x00007fe60803f000,0x00007fe608140000)]
  0x00007fe628114800 JavaThread "Sweeper thread" daemon [_thread_blocked, id=5560, stack(0x00007fe5fa924000,0x00007fe5faa25000)]
  0x00007fe628143800 JavaThread "Service Thread" daemon [_thread_blocked, id=5561, stack(0x00007fe5fa823000,0x00007fe5fa924000)]
  0x00007fe62814c000 JavaThread "Common-Cleaner" daemon [_thread_blocked, id=5563, stack(0x00007fe5fa620000,0x00007fe5fa721000)]
  0x00007fe6282d9800 JavaThread "Java2D Disposer" daemon [_thread_blocked, id=5567, stack(0x00007fe5f8367000,0x00007fe5f8468000)]
  0x00007fe6282db800 JavaThread "AWT-XAWT" daemon [_thread_in_native, id=5568, stack(0x00007fe5f8266000,0x00007fe5f8367000)]
=>0x00007fe62830c000 JavaThread "Thomas" [_thread_in_vm, id=5570, stack(0x00007fe5f8064000,0x00007fe5f8165000)]
  0x00007fe62830e800 JavaThread "Thomas" [_thread_blocked, id=5571, stack(0x00007fe5c6efd000,0x00007fe5c6ffe000)]
  0x00007fe62830f800 JavaThread "Thomas" [_thread_blocked, id=5572, stack(0x00007fe5c6dfc000,0x00007fe5c6efd000)]
  0x00007fe628312000 JavaThread "AWT-Shutdown" [_thread_blocked, id=5576, stack(0x00007fe5c69f5000,0x00007fe5c6af6000)]
  0x00007fe628313800 JavaThread "AWT-EventQueue-0" [_thread_in_native, id=5577, stack(0x00007fe5c68f4000,0x00007fe5c69f5000)]
  0x00007fe628011800 JavaThread "DestroyJavaVM" [_thread_blocked, id=5547, stack(0x00007fe62f7a1000,0x00007fe62f8a2000)]
  0x00007fe5940b6000 JavaThread "TimerQueue" daemon [_thread_blocked, id=5579, stack(0x00007fe5c66f2000,0x00007fe5c67f3000)]

Other Threads:
  0x00007fe628104000 VMThread "VM Thread" [stack: 0x00007fe610475000,0x00007fe610575000] [id=5554]
  0x00007fe628146000 WatcherThread [stack: 0x00007fe5fa723000,0x00007fe5fa823000] [id=5562]
  0x00007fe628027000 GCTaskThread "GC Thread#0" [stack: 0x00007fe62f455000,0x00007fe62f555000] [id=5548]
  0x00007fe5f0001000 GCTaskThread "GC Thread#1" [stack: 0x00007fe5c6cfc000,0x00007fe5c6dfc000] [id=5573]
  0x00007fe5f0003000 GCTaskThread "GC Thread#2" [stack: 0x00007fe5c6bfa000,0x00007fe5c6cfa000] [id=5574]
  0x00007fe5f0004800 GCTaskThread "GC Thread#3" [stack: 0x00007fe5c6af8000,0x00007fe5c6bf8000] [id=5575]
  0x00007fe628058000 ConcurrentGCThread "G1 Main Marker" [stack: 0x00007fe62c4c5000,0x00007fe62c5c5000] [id=5549]
  0x00007fe62805a000 ConcurrentGCThread "G1 Conc#0" [stack: 0x00007fe62c3c3000,0x00007fe62c4c3000] [id=5550]
  0x00007fe6280d2000 ConcurrentGCThread "G1 Refine#0" [stack: 0x00007fe610755000,0x00007fe610855000] [id=5551]
  0x00007fe6280d3800 ConcurrentGCThread "G1 Young RemSet Sampling" [stack: 0x00007fe610653000,0x00007fe610753000] [id=5552]

Threads with active compile tasks:

VM state:not at safepoint (normal execution)

VM Mutex/Monitor currently owned by a thread: None

Heap address: 0x0000000085000000, size: 1968 MB, Compressed Oops mode: 32-bit
Narrow klass base: 0x0000000800000000, Narrow klass shift: 3
Compressed class space size: 1073741824 Address: 0x0000000840000000

Heap:
 garbage-first heap   total 129024K, used 18400K [0x0000000085000000, 0x0000000100000000)
  region size 1024K, 11 young (11264K), 2 survivors (2048K)
 Metaspace       used 11041K, capacity 11598K, committed 11904K, reserved 1058816K
  class space    used 1305K, capacity 1555K, committed 1664K, reserved 1048576K
Heap Regions: E=young(eden), S=young(survivor), O=old, HS=humongous(starts), HC=humongous(continues), CS=collection set, F=free, A=archive, TAMS=top-at-mark-start (previous, next)
|   0|0x0000000085000000, 0x0000000085100000, 0x0000000085100000|100%|HS|  |TAMS 0x0000000085000000, 0x0000000085000000| Complete 
|   1|0x0000000085100000, 0x0000000085200000, 0x0000000085200000|100%|HC|  |TAMS 0x0000000085100000, 0x0000000085100000| Complete 
|   2|0x0000000085200000, 0x0000000085300000, 0x0000000085300000|100%|HC|  |TAMS 0x0000000085200000, 0x0000000085200000| Complete 
|   3|0x0000000085300000, 0x0000000085400000, 0x0000000085400000|100%|HC|  |TAMS 0x0000000085300000, 0x0000000085300000| Complete 
|   4|0x0000000085400000, 0x0000000085500000, 0x0000000085500000|100%|HC|  |TAMS 0x0000000085400000, 0x0000000085400000| Complete 
|   5|0x0000000085500000, 0x0000000085600000, 0x0000000085600000|100%|HC|  |TAMS 0x0000000085500000, 0x0000000085500000| Complete 
|   6|0x0000000085600000, 0x0000000085700000, 0x0000000085700000|100%|HC|  |TAMS 0x0000000085600000, 0x0000000085600000| Complete 
|   7|0x0000000085700000, 0x0000000085800000, 0x0000000085800000|100%|HC|  |TAMS 0x0000000085700000, 0x0000000085700000| Complete 
|   8|0x0000000085800000, 0x0000000085800000, 0x0000000085900000|  0%| F|  |TAMS 0x0000000085800000, 0x0000000085800000| Untracked 
|   9|0x0000000085900000, 0x0000000085900000, 0x0000000085a00000|  0%| F|  |TAMS 0x0000000085900000, 0x0000000085900000| Untracked 
|  10|0x0000000085a00000, 0x0000000085a00000, 0x0000000085b00000|  0%| F|  |TAMS 0x0000000085a00000, 0x0000000085a00000| Untracked 
|  11|0x0000000085b00000, 0x0000000085b00000, 0x0000000085c00000|  0%| F|  |TAMS 0x0000000085b00000, 0x0000000085b00000| Untracked 
|  12|0x0000000085c00000, 0x0000000085c00000, 0x0000000085d00000|  0%| F|  |TAMS 0x0000000085c00000, 0x0000000085c00000| Untracked 
|  13|0x0000000085d00000, 0x0000000085d00000, 0x0000000085e00000|  0%| F|  |TAMS 0x0000000085d00000, 0x0000000085d00000| Untracked 
|  14|0x0000000085e00000, 0x0000000085e00000, 0x0000000085f00000|  0%| F|  |TAMS 0x0000000085e00000, 0x0000000085e00000| Untracked 
|  15|0x0000000085f00000, 0x0000000085f00000, 0x0000000086000000|  0%| F|  |TAMS 0x0000000085f00000, 0x0000000085f00000| Untracked 
|  16|0x0000000086000000, 0x0000000086000000, 0x0000000086100000|  0%| F|  |TAMS 0x0000000086000000, 0x0000000086000000| Untracked 
|  17|0x0000000086100000, 0x0000000086100000, 0x0000000086200000|  0%| F|  |TAMS 0x0000000086100000, 0x0000000086100000| Untracked 
|  18|0x0000000086200000, 0x0000000086200000, 0x0000000086300000|  0%| F|  |TAMS 0x0000000086200000, 0x0000000086200000| Untracked 
|  19|0x0000000086300000, 0x0000000086300000, 0x0000000086400000|  0%| F|  |TAMS 0x0000000086300000, 0x0000000086300000| Untracked 
|  20|0x0000000086400000, 0x0000000086400000, 0x0000000086500000|  0%| F|  |TAMS 0x0000000086400000, 0x0000000086400000| Untracked 
|  21|0x0000000086500000, 0x0000000086500000, 0x0000000086600000|  0%| F|  |TAMS 0x0000000086500000, 0x0000000086500000| Untracked 
|  22|0x0000000086600000, 0x0000000086600000, 0x0000000086700000|  0%| F|  |TAMS 0x0000000086600000, 0x0000000086600000| Untracked 
|  23|0x0000000086700000, 0x0000000086700000, 0x0000000086800000|  0%| F|  |TAMS 0x0000000086700000, 0x0000000086700000| Untracked 
|  24|0x0000000086800000, 0x0000000086800000, 0x0000000086900000|  0%| F|  |TAMS 0x0000000086800000, 0x0000000086800000| Untracked 
|  25|0x0000000086900000, 0x0000000086900000, 0x0000000086a00000|  0%| F|  |TAMS 0x0000000086900000, 0x0000000086900000| Untracked 
|  26|0x0000000086a00000, 0x0000000086a00000, 0x0000000086b00000|  0%| F|  |TAMS 0x0000000086a00000, 0x0000000086a00000| Untracked 
|  27|0x0000000086b00000, 0x0000000086b00000, 0x0000000086c00000|  0%| F|  |TAMS 0x0000000086b00000, 0x0000000086b00000| Untracked 
|  28|0x0000000086c00000, 0x0000000086c00000, 0x0000000086d00000|  0%| F|  |TAMS 0x0000000086c00000, 0x0000000086c00000| Untracked 
|  29|0x0000000086d00000, 0x0000000086d00000, 0x0000000086e00000|  0%| F|  |TAMS 0x0000000086d00000, 0x0000000086d00000| Untracked 
|  30|0x0000000086e00000, 0x0000000086e00000, 0x0000000086f00000|  0%| F|  |TAMS 0x0000000086e00000, 0x0000000086e00000| Untracked 
|  31|0x0000000086f00000, 0x0000000086f00000, 0x0000000087000000|  0%| F|  |TAMS 0x0000000086f00000, 0x0000000086f00000| Untracked 
|  32|0x0000000087000000, 0x0000000087000000, 0x0000000087100000|  0%| F|  |TAMS 0x0000000087000000, 0x0000000087000000| Untracked 
|  33|0x0000000087100000, 0x0000000087100000, 0x0000000087200000|  0%| F|  |TAMS 0x0000000087100000, 0x0000000087100000| Untracked 
|  34|0x0000000087200000, 0x0000000087200000, 0x0000000087300000|  0%| F|  |TAMS 0x0000000087200000, 0x0000000087200000| Untracked 
|  35|0x0000000087300000, 0x0000000087300000, 0x0000000087400000|  0%| F|  |TAMS 0x0000000087300000, 0x0000000087300000| Untracked 
|  36|0x0000000087400000, 0x0000000087400000, 0x0000000087500000|  0%| F|  |TAMS 0x0000000087400000, 0x0000000087400000| Untracked 
|  37|0x0000000087500000, 0x0000000087500000, 0x0000000087600000|  0%| F|  |TAMS 0x0000000087500000, 0x0000000087500000| Untracked 
|  38|0x0000000087600000, 0x0000000087600000, 0x0000000087700000|  0%| F|  |TAMS 0x0000000087600000, 0x0000000087600000| Untracked 
|  39|0x0000000087700000, 0x0000000087700000, 0x0000000087800000|  0%| F|  |TAMS 0x0000000087700000, 0x0000000087700000| Untracked 
|  40|0x0000000087800000, 0x0000000087800000, 0x0000000087900000|  0%| F|  |TAMS 0x0000000087800000, 0x0000000087800000| Untracked 
|  41|0x0000000087900000, 0x0000000087900000, 0x0000000087a00000|  0%| F|  |TAMS 0x0000000087900000, 0x0000000087900000| Untracked 
|  42|0x0000000087a00000, 0x0000000087a00000, 0x0000000087b00000|  0%| F|  |TAMS 0x0000000087a00000, 0x0000000087a00000| Untracked 
|  43|0x0000000087b00000, 0x0000000087b00000, 0x0000000087c00000|  0%| F|  |TAMS 0x0000000087b00000, 0x0000000087b00000| Untracked 
|  44|0x0000000087c00000, 0x0000000087c00000, 0x0000000087d00000|  0%| F|  |TAMS 0x0000000087c00000, 0x0000000087c00000| Untracked 
|  45|0x0000000087d00000, 0x0000000087d00000, 0x0000000087e00000|  0%| F|  |TAMS 0x0000000087d00000, 0x0000000087d00000| Untracked 
|  46|0x0000000087e00000, 0x0000000087e00000, 0x0000000087f00000|  0%| F|  |TAMS 0x0000000087e00000, 0x0000000087e00000| Untracked 
|  47|0x0000000087f00000, 0x0000000087f00000, 0x0000000088000000|  0%| F|  |TAMS 0x0000000087f00000, 0x0000000087f00000| Untracked 
|  48|0x0000000088000000, 0x0000000088000000, 0x0000000088100000|  0%| F|  |TAMS 0x0000000088000000, 0x0000000088000000| Untracked 
|  49|0x0000000088100000, 0x0000000088100000, 0x0000000088200000|  0%| F|  |TAMS 0x0000000088100000, 0x0000000088100000| Untracked 
|  50|0x0000000088200000, 0x0000000088200000, 0x0000000088300000|  0%| F|  |TAMS 0x0000000088200000, 0x0000000088200000| Untracked 
|  51|0x0000000088300000, 0x0000000088300000, 0x0000000088400000|  0%| F|  |TAMS 0x0000000088300000, 0x0000000088300000| Untracked 
|  52|0x0000000088400000, 0x0000000088400000, 0x0000000088500000|  0%| F|  |TAMS 0x0000000088400000, 0x0000000088400000| Untracked 
|  53|0x0000000088500000, 0x0000000088500000, 0x0000000088600000|  0%| F|  |TAMS 0x0000000088500000, 0x0000000088500000| Untracked 
|  54|0x0000000088600000, 0x0000000088600000, 0x0000000088700000|  0%| F|  |TAMS 0x0000000088600000, 0x0000000088600000| Untracked 
|  55|0x0000000088700000, 0x0000000088700000, 0x0000000088800000|  0%| F|  |TAMS 0x0000000088700000, 0x0000000088700000| Untracked 
|  56|0x0000000088800000, 0x0000000088800000, 0x0000000088900000|  0%| F|  |TAMS 0x0000000088800000, 0x0000000088800000| Untracked 
|  57|0x0000000088900000, 0x0000000088900000, 0x0000000088a00000|  0%| F|  |TAMS 0x0000000088900000, 0x0000000088900000| Untracked 
|  58|0x0000000088a00000, 0x0000000088a00000, 0x0000000088b00000|  0%| F|  |TAMS 0x0000000088a00000, 0x0000000088a00000| Untracked 
|  59|0x0000000088b00000, 0x0000000088b00000, 0x0000000088c00000|  0%| F|  |TAMS 0x0000000088b00000, 0x0000000088b00000| Untracked 
|  60|0x0000000088c00000, 0x0000000088c00000, 0x0000000088d00000|  0%| F|  |TAMS 0x0000000088c00000, 0x0000000088c00000| Untracked 
|  61|0x0000000088d00000, 0x0000000088d00000, 0x0000000088e00000|  0%| F|  |TAMS 0x0000000088d00000, 0x0000000088d00000| Untracked 
|  62|0x0000000088e00000, 0x0000000088e00000, 0x0000000088f00000|  0%| F|  |TAMS 0x0000000088e00000, 0x0000000088e00000| Untracked 
|  63|0x0000000088f00000, 0x0000000088f00000, 0x0000000089000000|  0%| F|  |TAMS 0x0000000088f00000, 0x0000000088f00000| Untracked 
|  64|0x0000000089000000, 0x0000000089000000, 0x0000000089100000|  0%| F|  |TAMS 0x0000000089000000, 0x0000000089000000| Untracked 
|  65|0x0000000089100000, 0x0000000089100000, 0x0000000089200000|  0%| F|  |TAMS 0x0000000089100000, 0x0000000089100000| Untracked 
|  66|0x0000000089200000, 0x0000000089200000, 0x0000000089300000|  0%| F|  |TAMS 0x0000000089200000, 0x0000000089200000| Untracked 
|  67|0x0000000089300000, 0x0000000089300000, 0x0000000089400000|  0%| F|  |TAMS 0x0000000089300000, 0x0000000089300000| Untracked 
|  68|0x0000000089400000, 0x0000000089400000, 0x0000000089500000|  0%| F|  |TAMS 0x0000000089400000, 0x0000000089400000| Untracked 
|  69|0x0000000089500000, 0x0000000089500000, 0x0000000089600000|  0%| F|  |TAMS 0x0000000089500000, 0x0000000089500000| Untracked 
|  70|0x0000000089600000, 0x0000000089600000, 0x0000000089700000|  0%| F|  |TAMS 0x0000000089600000, 0x0000000089600000| Untracked 
|  71|0x0000000089700000, 0x0000000089700000, 0x0000000089800000|  0%| F|  |TAMS 0x0000000089700000, 0x0000000089700000| Untracked 
|  72|0x0000000089800000, 0x0000000089800000, 0x0000000089900000|  0%| F|  |TAMS 0x0000000089800000, 0x0000000089800000| Untracked 
|  73|0x0000000089900000, 0x0000000089900000, 0x0000000089a00000|  0%| F|  |TAMS 0x0000000089900000, 0x0000000089900000| Untracked 
|  74|0x0000000089a00000, 0x0000000089a00000, 0x0000000089b00000|  0%| F|  |TAMS 0x0000000089a00000, 0x0000000089a00000| Untracked 
|  75|0x0000000089b00000, 0x0000000089b00000, 0x0000000089c00000|  0%| F|  |TAMS 0x0000000089b00000, 0x0000000089b00000| Untracked 
|  76|0x0000000089c00000, 0x0000000089c00000, 0x0000000089d00000|  0%| F|  |TAMS 0x0000000089c00000, 0x0000000089c00000| Untracked 
|  77|0x0000000089d00000, 0x0000000089d00000, 0x0000000089e00000|  0%| F|  |TAMS 0x0000000089d00000, 0x0000000089d00000| Untracked 
|  78|0x0000000089e00000, 0x0000000089e00000, 0x0000000089f00000|  0%| F|  |TAMS 0x0000000089e00000, 0x0000000089e00000| Untracked 
|  79|0x0000000089f00000, 0x0000000089f00000, 0x000000008a000000|  0%| F|  |TAMS 0x0000000089f00000, 0x0000000089f00000| Untracked 
|  80|0x000000008a000000, 0x000000008a000000, 0x000000008a100000|  0%| F|  |TAMS 0x000000008a000000, 0x000000008a000000| Untracked 
|  81|0x000000008a100000, 0x000000008a100000, 0x000000008a200000|  0%| F|  |TAMS 0x000000008a100000, 0x000000008a100000| Untracked 
|  82|0x000000008a200000, 0x000000008a200000, 0x000000008a300000|  0%| F|  |TAMS 0x000000008a200000, 0x000000008a200000| Untracked 
|  83|0x000000008a300000, 0x000000008a300000, 0x000000008a400000|  0%| F|  |TAMS 0x000000008a300000, 0x000000008a300000| Untracked 
|  84|0x000000008a400000, 0x000000008a400000, 0x000000008a500000|  0%| F|  |TAMS 0x000000008a400000, 0x000000008a400000| Untracked 
|  85|0x000000008a500000, 0x000000008a500000, 0x000000008a600000|  0%| F|  |TAMS 0x000000008a500000, 0x000000008a500000| Untracked 
|  86|0x000000008a600000, 0x000000008a600000, 0x000000008a700000|  0%| F|  |TAMS 0x000000008a600000, 0x000000008a600000| Untracked 
|  87|0x000000008a700000, 0x000000008a700000, 0x000000008a800000|  0%| F|  |TAMS 0x000000008a700000, 0x000000008a700000| Untracked 
|  88|0x000000008a800000, 0x000000008a800000, 0x000000008a900000|  0%| F|  |TAMS 0x000000008a800000, 0x000000008a800000| Untracked 
|  89|0x000000008a900000, 0x000000008a900000, 0x000000008aa00000|  0%| F|  |TAMS 0x000000008a900000, 0x000000008a900000| Untracked 
|  90|0x000000008aa00000, 0x000000008aa00000, 0x000000008ab00000|  0%| F|  |TAMS 0x000000008aa00000, 0x000000008aa00000| Untracked 
|  91|0x000000008ab00000, 0x000000008ab00000, 0x000000008ac00000|  0%| F|  |TAMS 0x000000008ab00000, 0x000000008ab00000| Untracked 
|  92|0x000000008ac00000, 0x000000008ac00000, 0x000000008ad00000|  0%| F|  |TAMS 0x000000008ac00000, 0x000000008ac00000| Untracked 
|  93|0x000000008ad00000, 0x000000008ad00000, 0x000000008ae00000|  0%| F|  |TAMS 0x000000008ad00000, 0x000000008ad00000| Untracked 
|  94|0x000000008ae00000, 0x000000008ae00000, 0x000000008af00000|  0%| F|  |TAMS 0x000000008ae00000, 0x000000008ae00000| Untracked 
|  95|0x000000008af00000, 0x000000008af00000, 0x000000008b000000|  0%| F|  |TAMS 0x000000008af00000, 0x000000008af00000| Untracked 
|  96|0x000000008b000000, 0x000000008b000000, 0x000000008b100000|  0%| F|  |TAMS 0x000000008b000000, 0x000000008b000000| Untracked 
|  97|0x000000008b100000, 0x000000008b100000, 0x000000008b200000|  0%| F|  |TAMS 0x000000008b100000, 0x000000008b100000| Untracked 
|  98|0x000000008b200000, 0x000000008b200000, 0x000000008b300000|  0%| F|  |TAMS 0x000000008b200000, 0x000000008b200000| Untracked 
|  99|0x000000008b300000, 0x000000008b300000, 0x000000008b400000|  0%| F|  |TAMS 0x000000008b300000, 0x000000008b300000| Untracked 
| 100|0x000000008b400000, 0x000000008b400000, 0x000000008b500000|  0%| F|  |TAMS 0x000000008b400000, 0x000000008b400000| Untracked 
| 101|0x000000008b500000, 0x000000008b500000, 0x000000008b600000|  0%| F|  |TAMS 0x000000008b500000, 0x000000008b500000| Untracked 
| 102|0x000000008b600000, 0x000000008b600000, 0x000000008b700000|  0%| F|  |TAMS 0x000000008b600000, 0x000000008b600000| Untracked 
| 103|0x000000008b700000, 0x000000008b700000, 0x000000008b800000|  0%| F|  |TAMS 0x000000008b700000, 0x000000008b700000| Untracked 
| 104|0x000000008b800000, 0x000000008b800000, 0x000000008b900000|  0%| F|  |TAMS 0x000000008b800000, 0x000000008b800000| Untracked 
| 105|0x000000008b900000, 0x000000008b900000, 0x000000008ba00000|  0%| F|  |TAMS 0x000000008b900000, 0x000000008b900000| Untracked 
| 106|0x000000008ba00000, 0x000000008ba00000, 0x000000008bb00000|  0%| F|  |TAMS 0x000000008ba00000, 0x000000008ba00000| Untracked 
| 107|0x000000008bb00000, 0x000000008bb00000, 0x000000008bc00000|  0%| F|  |TAMS 0x000000008bb00000, 0x000000008bb00000| Untracked 
| 108|0x000000008bc00000, 0x000000008bc5a300, 0x000000008bd00000| 35%| S|CS|TAMS 0x000000008bc00000, 0x000000008bc00000| Complete 
| 109|0x000000008bd00000, 0x000000008be00000, 0x000000008be00000|100%| S|CS|TAMS 0x000000008bd00000, 0x000000008bd00000| Complete 
| 110|0x000000008be00000, 0x000000008be00000, 0x000000008bf00000|  0%| F|  |TAMS 0x000000008be00000, 0x000000008be00000| Untracked 
| 111|0x000000008bf00000, 0x000000008bf00000, 0x000000008c000000|  0%| F|  |TAMS 0x000000008bf00000, 0x000000008bf00000| Untracked 
| 112|0x000000008c000000, 0x000000008c000000, 0x000000008c100000|  0%| F|  |TAMS 0x000000008c000000, 0x000000008c000000| Untracked 
| 113|0x000000008c100000, 0x000000008c100000, 0x000000008c200000|  0%| F|  |TAMS 0x000000008c100000, 0x000000008c100000| Untracked 
| 114|0x000000008c200000, 0x000000008c200000, 0x000000008c300000|  0%| F|  |TAMS 0x000000008c200000, 0x000000008c200000| Untracked 
| 115|0x000000008c300000, 0x000000008c3dcaa0, 0x000000008c400000| 86%| E|  |TAMS 0x000000008c300000, 0x000000008c300000| Complete 
| 116|0x000000008c400000, 0x000000008c500000, 0x000000008c500000|100%| E|CS|TAMS 0x000000008c400000, 0x000000008c400000| Complete 
| 117|0x000000008c500000, 0x000000008c600000, 0x000000008c600000|100%| E|CS|TAMS 0x000000008c500000, 0x000000008c500000| Complete 
| 118|0x000000008c600000, 0x000000008c700000, 0x000000008c700000|100%| E|CS|TAMS 0x000000008c600000, 0x000000008c600000| Complete 
| 119|0x000000008c700000, 0x000000008c800000, 0x000000008c800000|100%| E|CS|TAMS 0x000000008c700000, 0x000000008c700000| Complete 
| 120|0x000000008c800000, 0x000000008c900000, 0x000000008c900000|100%| E|CS|TAMS 0x000000008c800000, 0x000000008c800000| Complete 
| 121|0x000000008c900000, 0x000000008ca00000, 0x000000008ca00000|100%| E|CS|TAMS 0x000000008c900000, 0x000000008c900000| Complete 
| 122|0x000000008ca00000, 0x000000008cb00000, 0x000000008cb00000|100%| E|CS|TAMS 0x000000008ca00000, 0x000000008ca00000| Complete 
| 123|0x000000008cb00000, 0x000000008cc00000, 0x000000008cc00000|100%| E|CS|TAMS 0x000000008cb00000, 0x000000008cb00000| Complete 
|1966|0x00000000ffe00000, 0x00000000ffe34000, 0x00000000fff00000| 20%|OA|  |TAMS 0x00000000ffe00000, 0x00000000ffe00000| Untracked 
|1967|0x00000000fff00000, 0x00000000fff6a000, 0x0000000100000000| 41%|CA|  |TAMS 0x00000000fff00000, 0x00000000fff00000| Untracked 

Card table byte_map: [0x00007fe62e89f000,0x00007fe62ec77000] _byte_map_base: 0x00007fe62e477000

Marking Bits (Prev, Next): (CMBitMap*) 0x00007fe62804f5d8, (CMBitMap*) 0x00007fe62804f610
 Prev Bits: [0x00007fe62c607000, 0x00007fe62e4c7000)
 Next Bits: [0x00007fe60a140000, 0x00007fe60c000000)

Polling page: 0x00007fe62f768000

Metaspace:

Usage:
  Non-class:      9.81 MB capacity,     9.51 MB ( 97%) used,   252.09 KB (  3%) free+waste,    55.06 KB ( <1%) overhead. 
      Class:      1.52 MB capacity,     1.27 MB ( 84%) used,   219.23 KB ( 14%) free+waste,    30.44 KB (  2%) overhead. 
       Both:     11.33 MB capacity,    10.78 MB ( 95%) used,   471.32 KB (  4%) free+waste,    85.50 KB ( <1%) overhead. 

Virtual space:
  Non-class space:       10.00 MB reserved,      10.00 MB (100%) committed 
      Class space:        1.00 GB reserved,       1.62 MB ( <1%) committed 
             Both:        1.01 GB reserved,      11.62 MB (  1%) committed 

Chunk freelists:
   Non-Class:  61.00 KB
       Class:  13.00 KB
        Both:  74.00 KB

CodeHeap 'non-profiled nmethods': size=120032Kb used=451Kb max_used=451Kb free=119580Kb
 bounds [0x00007fe61841e000, 0x00007fe61868e000, 0x00007fe61f956000]
CodeHeap 'profiled nmethods': size=120032Kb used=1971Kb max_used=1971Kb free=118060Kb
 bounds [0x00007fe610ee6000, 0x00007fe611156000, 0x00007fe61841e000]
CodeHeap 'non-nmethods': size=5696Kb used=1277Kb max_used=1315Kb free=4418Kb
 bounds [0x00007fe610956000, 0x00007fe610bc6000, 0x00007fe610ee6000]
 total_blobs=1960 nmethods=1108 adapters=598
 compilation: enabled
              stopped_count=0, restarted_count=0
 full_count=0

Compilation events (10 events):
Event: 5.189 Thread 0x00007fe628112800 1102       1       sun.awt.image.VolatileSurfaceManager::getPrimarySurfaceData (5 bytes)
Event: 5.189 Thread 0x00007fe628112800 nmethod 1102 0x00007fe61848e290 code [0x00007fe61848e440, 0x00007fe61848e570]
Event: 5.651 Thread 0x00007fe628112800 1103       3       javax.swing.JComponent::getX (5 bytes)
Event: 5.651 Thread 0x00007fe628112800 nmethod 1103 0x00007fe6110d2290 code [0x00007fe6110d2440, 0x00007fe6110d25d0]
Event: 5.651 Thread 0x00007fe628112800 1104       3       javax.swing.JComponent::getY (5 bytes)
Event: 5.652 Thread 0x00007fe628112800 nmethod 1104 0x00007fe6110d2690 code [0x00007fe6110d2840, 0x00007fe6110d29d0]
Event: 5.664 Thread 0x00007fe628110800 1105       4       jdk.internal.misc.Unsafe::getFloat (7 bytes)
Event: 5.665 Thread 0x00007fe628110800 nmethod 1105 0x00007fe61848e610 code [0x00007fe61848e7a0, 0x00007fe61848e818]
Event: 5.673 Thread 0x00007fe628112800 1106       1       sun.java2d.xr.GrowableIntArray::getArray (5 bytes)
Event: 5.673 Thread 0x00007fe628112800 nmethod 1106 0x00007fe61848e890 code [0x00007fe61848ea40, 0x00007fe61848eb70]

GC Heap History (2 events):
Event: 1.148 GC heap before
{Heap before GC invocations=0 (full 0):
 garbage-first heap   total 129024K, used 23160K [0x0000000085000000, 0x0000000100000000)
  region size 1024K, 14 young (14336K), 0 survivors (0K)
 Metaspace       used 5258K, capacity 5596K, committed 5760K, reserved 1056768K
  class space    used 585K, capacity 769K, committed 896K, reserved 1048576K
}
Event: 1.155 GC heap after
{Heap after GC invocations=1 (full 0):
 garbage-first heap   total 129024K, used 10208K [0x0000000085000000, 0x0000000100000000)
  region size 1024K, 2 young (2048K), 2 survivors (2048K)
 Metaspace       used 5258K, capacity 5596K, committed 5760K, reserved 1056768K
  class space    used 585K, capacity 769K, committed 896K, reserved 1048576K
}

Deoptimization events (10 events):
Event: 1.142 Thread 0x00007fe628304000 DEOPT PACKING pc=0x00007fe610fe5354 sp=0x00007fe5f8264660
Event: 1.142 Thread 0x00007fe628304000 DEOPT UNPACKING pc=0x00007fe61097e83a sp=0x00007fe5f8263af0 mode 0
Event: 1.142 Thread 0x00007fe628304000 Uncommon trap: trap_request=0xffffff4d fr.pc=0x00007fe6184576d0 relative=0x0000000000000ff0
Event: 1.142 Thread 0x00007fe628304000 Uncommon trap: reason=unstable_if action=reinterpret pc=0x00007fe6184576d0 method=sun.awt.image.PNGImageDecoder.produceImage()V @ 867 c2
Event: 1.142 Thread 0x00007fe628304000 DEOPT PACKING pc=0x00007fe6184576d0 sp=0x00007fe5f82646e0
Event: 1.142 Thread 0x00007fe628304000 DEOPT UNPACKING pc=0x00007fe61097ea25 sp=0x00007fe5f8264650 mode 2
Event: 1.506 Thread 0x00007fe628313800 Uncommon trap: trap_request=0xffffffc6 fr.pc=0x00007fe61845f8b8 relative=0x00000000000006b8
Event: 1.506 Thread 0x00007fe628313800 Uncommon trap: reason=bimorphic_or_optimized_type_check action=maybe_recompile pc=0x00007fe61845f8b8 method=java.util.concurrent.ConcurrentHashMap.get(Ljava/lang/Object;)Ljava/lang/Object; @ 149 c2
Event: 1.506 Thread 0x00007fe628313800 DEOPT PACKING pc=0x00007fe61845f8b8 sp=0x00007fe5c69ef150
Event: 1.506 Thread 0x00007fe628313800 DEOPT UNPACKING pc=0x00007fe61097ea25 sp=0x00007fe5c69ef0f0 mode 2

Classes redefined (0 events):
No events

Internal exceptions (10 events):
Event: 1.260 Thread 0x00007fe628313800 Exception <a 'java/lang/NoSuchMethodError'{0x000000008c7275c0}: 'java.lang.Object java.lang.invoke.DirectMethodHandle$Holder.invokeSpecial(java.lang.Object, java.lang.Object, int, int, java.lang.Object, java.lang.Object, java.lang.Object, java.lang.Object
Event: 1.260 Thread 0x00007fe628313800 Exception <a 'java/lang/NoSuchMethodError'{0x000000008c72afa0}: 'java.lang.Object java.lang.invoke.DelegatingMethodHandle$Holder.reinvoke_L(java.lang.Object, int, int, java.lang.Object, java.lang.Object, java.lang.Object, java.lang.Object)'> (0x000000008c
Event: 1.280 Thread 0x00007fe628313800 Exception <a 'java/lang/NoSuchMethodError'{0x000000008c63e7c8}: 'java.lang.Object java.lang.invoke.DirectMethodHandle$Holder.invokeStatic(java.lang.Object, java.lang.Object, java.lang.Object, java.lang.Object, java.lang.Object, java.lang.Object, java.lang
Event: 1.281 Thread 0x00007fe628313800 Exception <a 'java/lang/NoSuchMethodError'{0x000000008c64ad40}: 'java.lang.Object java.lang.invoke.DirectMethodHandle$Holder.invokeStatic(java.lang.Object, java.lang.Object, java.lang.Object, java.lang.Object, java.lang.Object, java.lang.Object, java.lang
Event: 1.282 Thread 0x00007fe628313800 Exception <a 'java/lang/NoSuchMethodError'{0x000000008c657698}: 'java.lang.Object java.lang.invoke.DirectMethodHandle$Holder.invokeStatic(java.lang.Object, java.lang.Object, java.lang.Object, java.lang.Object, java.lang.Object, java.lang.Object, java.lang
Event: 1.293 Thread 0x00007fe628313800 Exception <a 'java/lang/NoSuchMethodError'{0x000000008c6b55b0}: 'java.lang.Object java.lang.invoke.DirectMethodHandle$Holder.invokeStatic(java.lang.Object, java.lang.Object, java.lang.Object, java.lang.Object, java.lang.Object, java.lang.Object, java.lang
Event: 1.295 Thread 0x00007fe628313800 Exception <a 'java/lang/NoSuchMethodError'{0x000000008c6d3780}: 'java.lang.Object java.lang.invoke.DirectMethodHandle$Holder.invokeStatic(java.lang.Object, java.lang.Object, java.lang.Object, java.lang.Object, java.lang.Object, java.lang.Object, java.lang
Event: 1.296 Thread 0x00007fe628313800 Exception <a 'java/lang/NoSuchMethodError'{0x000000008c6f2208}: 'java.lang.Object java.lang.invoke.DirectMethodHandle$Holder.invokeStatic(java.lang.Object, java.lang.Object, java.lang.Object, java.lang.Object, java.lang.Object, java.lang.Object, java.lang
Event: 1.298 Thread 0x00007fe628313800 Exception <a 'java/lang/NoSuchMethodError'{0x000000008c5128a8}: 'java.lang.Object java.lang.invoke.DirectMethodHandle$Holder.invokeStatic(java.lang.Object, java.lang.Object, java.lang.Object, java.lang.Object, java.lang.Object, java.lang.Object, java.lang
Event: 1.323 Thread 0x00007fe628313800 Exception <a 'java/lang/NoSuchMethodError'{0x000000008c53bb78}: 'void java.lang.invoke.DirectMethodHandle$Holder.invokeStaticInit(java.lang.Object)'> (0x000000008c53bb78) thrown at [/build/openjdk-lts-ZT5jEu/openjdk-lts-11.0.4+11/src/hotspot/share/interpr

Events (10 events):
Event: 5.682 Executing VM operation: RevokeBias done
Event: 5.932 Executing VM operation: RevokeBias
Event: 5.932 Executing VM operation: RevokeBias done
Event: 5.933 Thread 0x00007fe594190800 Thread exited: 0x00007fe594190800
Event: 5.933 Executing VM operation: RevokeBias
Event: 5.933 Executing VM operation: RevokeBias done
Event: 5.933 Thread 0x00007fe59418f800 Thread exited: 0x00007fe59418f800
Event: 6.143 Executing VM operation: RevokeBias
Event: 6.143 Executing VM operation: RevokeBias done
Event: 6.143 Thread 0x00007fe628304000 Thread exited: 0x00007fe628304000


Dynamic libraries:
85000000-8cc00000 rw-p 00000000 00:00 0 
8cc00000-ffe00000 ---p 00000000 00:00 0 
ffe00000-ffe34000 rw-p 01116000 08:02 23990720                           /usr/lib/jvm/java-11-openjdk-amd64/lib/server/classes.jsa
ffe34000-fff00000 rw-p 00000000 00:00 0 
fff00000-fff6a000 rw-p 010ac000 08:02 23990720                           /usr/lib/jvm/java-11-openjdk-amd64/lib/server/classes.jsa
fff6a000-100000000 rw-p 00000000 00:00 0 
800000000-800002000 rwxp 00001000 08:02 23990720                         /usr/lib/jvm/java-11-openjdk-amd64/lib/server/classes.jsa
800002000-8003bd000 rw-p 00003000 08:02 23990720                         /usr/lib/jvm/java-11-openjdk-amd64/lib/server/classes.jsa
8003bd000-800a98000 r--p 003be000 08:02 23990720                         /usr/lib/jvm/java-11-openjdk-amd64/lib/server/classes.jsa
800a98000-800a99000 rw-p 00a99000 08:02 23990720                         /usr/lib/jvm/java-11-openjdk-amd64/lib/server/classes.jsa
800a99000-8010ab000 r--p 00a9a000 08:02 23990720                         /usr/lib/jvm/java-11-openjdk-amd64/lib/server/classes.jsa
840000000-8401a0000 rw-p 00000000 00:00 0 
8401a0000-880000000 ---p 00000000 00:00 0 
56223c3f0000-56223c3f1000 r--p 00000000 08:02 23597129                   /usr/lib/jvm/java-11-openjdk-amd64/bin/java
56223c3f1000-56223c3f2000 r-xp 00001000 08:02 23597129                   /usr/lib/jvm/java-11-openjdk-amd64/bin/java
56223c3f2000-56223c3f3000 r--p 00002000 08:02 23597129                   /usr/lib/jvm/java-11-openjdk-amd64/bin/java
56223c3f3000-56223c3f4000 r--p 00002000 08:02 23597129                   /usr/lib/jvm/java-11-openjdk-amd64/bin/java
56223c3f4000-56223c3f5000 rw-p 00003000 08:02 23597129                   /usr/lib/jvm/java-11-openjdk-amd64/bin/java
56223cf04000-56223cf25000 rw-p 00000000 00:00 0                          [heap]
7fe588000000-7fe58894d000 rw-p 00000000 00:00 0 
7fe58894d000-7fe58c000000 ---p 00000000 00:00 0 
7fe590000000-7fe590021000 rw-p 00000000 00:00 0 
7fe590021000-7fe594000000 ---p 00000000 00:00 0 
7fe594000000-7fe594195000 rw-p 00000000 00:00 0 
7fe594195000-7fe598000000 ---p 00000000 00:00 0 
7fe598000000-7fe598021000 rw-p 00000000 00:00 0 
7fe598021000-7fe59c000000 ---p 00000000 00:00 0 
7fe59c000000-7fe59c021000 rw-p 00000000 00:00 0 
7fe59c021000-7fe5a0000000 ---p 00000000 00:00 0 
7fe5a0000000-7fe5a0021000 rw-p 00000000 00:00 0 
7fe5a0021000-7fe5a4000000 ---p 00000000 00:00 0 
7fe5a4000000-7fe5a4021000 rw-p 00000000 00:00 0 
7fe5a4021000-7fe5a8000000 ---p 00000000 00:00 0 
7fe5a8000000-7fe5a8021000 rw-p 00000000 00:00 0 
7fe5a8021000-7fe5ac000000 ---p 00000000 00:00 0 
7fe5ac000000-7fe5ac021000 rw-p 00000000 00:00 0 
7fe5ac021000-7fe5b0000000 ---p 00000000 00:00 0 
7fe5b0000000-7fe5b0036000 rw-p 00000000 00:00 0 
7fe5b0036000-7fe5b4000000 ---p 00000000 00:00 0 
7fe5b4000000-7fe5b4034000 rw-p 00000000 00:00 0 
7fe5b4034000-7fe5b8000000 ---p 00000000 00:00 0 
7fe5b8000000-7fe5b8021000 rw-p 00000000 00:00 0 
7fe5b8021000-7fe5bc000000 ---p 00000000 00:00 0 
7fe5bc000000-7fe5bc021000 rw-p 00000000 00:00 0 
7fe5bc021000-7fe5c0000000 ---p 00000000 00:00 0 
7fe5c0000000-7fe5c0021000 rw-p 00000000 00:00 0 
7fe5c0021000-7fe5c4000000 ---p 00000000 00:00 0 
7fe5c5ce8000-7fe5c5cec000 ---p 00000000 00:00 0 
7fe5c5cec000-7fe5c5de9000 rw-p 00000000 00:00 0 
7fe5c5de9000-7fe5c64f2000 rw-s 00000000 00:05 14090288                   /SYSV00000000 (deleted)
7fe5c64f2000-7fe5c66f2000 rw-p 00000000 00:00 0 
7fe5c66f2000-7fe5c66f6000 ---p 00000000 00:00 0 
7fe5c66f6000-7fe5c67f3000 rw-p 00000000 00:00 0 
7fe5c67f3000-7fe5c67f7000 ---p 00000000 00:00 0 
7fe5c67f7000-7fe5c68f4000 rw-p 00000000 00:00 0 
7fe5c68f4000-7fe5c68f8000 ---p 00000000 00:00 0 
7fe5c68f8000-7fe5c69f5000 rw-p 00000000 00:00 0 
7fe5c69f5000-7fe5c69f9000 ---p 00000000 00:00 0 
7fe5c69f9000-7fe5c6af6000 rw-p 00000000 00:00 0 
7fe5c6af6000-7fe5c6af7000 ---p 00000000 00:00 0 
7fe5c6af7000-7fe5c6bf8000 rw-p 00000000 00:00 0 
7fe5c6bf8000-7fe5c6bf9000 ---p 00000000 00:00 0 
7fe5c6bf9000-7fe5c6cfa000 rw-p 00000000 00:00 0 
7fe5c6cfa000-7fe5c6cfb000 ---p 00000000 00:00 0 
7fe5c6cfb000-7fe5c6dfc000 rw-p 00000000 00:00 0 
7fe5c6dfc000-7fe5c6e00000 ---p 00000000 00:00 0 
7fe5c6e00000-7fe5c6efd000 rw-p 00000000 00:00 0 
7fe5c6efd000-7fe5c6f01000 ---p 00000000 00:00 0 
7fe5c6f01000-7fe5c6ffe000 rw-p 00000000 00:00 0 
7fe5c6ffe000-7fe5c6fff000 ---p 00000000 00:00 0 
7fe5c6fff000-7fe5c77ff000 rw-p 00000000 00:00 0 
7fe5c77ff000-7fe5c7800000 ---p 00000000 00:00 0 
7fe5c7800000-7fe5c8000000 rw-p 00000000 00:00 0 
7fe5c8000000-7fe5c8021000 rw-p 00000000 00:00 0 
7fe5c8021000-7fe5cc000000 ---p 00000000 00:00 0 
7fe5cc000000-7fe5cc021000 rw-p 00000000 00:00 0 
7fe5cc021000-7fe5d0000000 ---p 00000000 00:00 0 
7fe5d0000000-7fe5d0021000 rw-p 00000000 00:00 0 
7fe5d0021000-7fe5d4000000 ---p 00000000 00:00 0 
7fe5d4000000-7fe5d4021000 rw-p 00000000 00:00 0 
7fe5d4021000-7fe5d8000000 ---p 00000000 00:00 0 
7fe5d8000000-7fe5d840b000 rw-p 00000000 00:00 0 
7fe5d840b000-7fe5dc000000 ---p 00000000 00:00 0 
7fe5dc000000-7fe5dc021000 rw-p 00000000 00:00 0 
7fe5dc021000-7fe5e0000000 ---p 00000000 00:00 0 
7fe5e0000000-7fe5e0021000 rw-p 00000000 00:00 0 
7fe5e0021000-7fe5e4000000 ---p 00000000 00:00 0 
7fe5e4000000-7fe5e4dda000 rw-p 00000000 00:00 0 
7fe5e4dda000-7fe5e8000000 ---p 00000000 00:00 0 
7fe5e8000000-7fe5e8021000 rw-p 00000000 00:00 0 
7fe5e8021000-7fe5ec000000 ---p 00000000 00:00 0 
7fe5ec000000-7fe5ec021000 rw-p 00000000 00:00 0 
7fe5ec021000-7fe5f0000000 ---p 00000000 00:00 0 
7fe5f0000000-7fe5f0021000 rw-p 00000000 00:00 0 
7fe5f0021000-7fe5f4000000 ---p 00000000 00:00 0 
7fe5f4000000-7fe5f4021000 rw-p 00000000 00:00 0 
7fe5f4021000-7fe5f8000000 ---p 00000000 00:00 0 
7fe5f8064000-7fe5f8068000 ---p 00000000 00:00 0 
7fe5f8068000-7fe5f8165000 rw-p 00000000 00:00 0 
7fe5f8165000-7fe5f8169000 ---p 00000000 00:00 0 
7fe5f8169000-7fe5f8266000 rw-p 00000000 00:00 0 
7fe5f8266000-7fe5f826a000 ---p 00000000 00:00 0 
7fe5f826a000-7fe5f8367000 rw-p 00000000 00:00 0 
7fe5f8367000-7fe5f836b000 ---p 00000000 00:00 0 
7fe5f836b000-7fe5f8468000 rw-p 00000000 00:00 0 
7fe5f8468000-7fe5f846d000 r-xp 00000000 08:02 23600531                   /usr/lib/x86_64-linux-gnu/libXfixes.so.3.1.0
7fe5f846d000-7fe5f866c000 ---p 00005000 08:02 23600531                   /usr/lib/x86_64-linux-gnu/libXfixes.so.3.1.0
7fe5f866c000-7fe5f866d000 r--p 00004000 08:02 23600531                   /usr/lib/x86_64-linux-gnu/libXfixes.so.3.1.0
7fe5f866d000-7fe5f866e000 rw-p 00005000 08:02 23600531                   /usr/lib/x86_64-linux-gnu/libXfixes.so.3.1.0
7fe5f8680000-7fe5f8681000 ---p 00000000 00:00 0 
7fe5f8681000-7fe5f8e81000 rw-p 00000000 00:00 0 
7fe5f8e81000-7fe5f8ea7000 r--p 00000000 08:02 25043479                   /usr/share/glib-2.0/schemas/gschemas.compiled
7fe5f8ea7000-7fe5f8eb1000 r--p 00000000 08:02 23600663                   /usr/lib/x86_64-linux-gnu/libblkid.so.1.1.0
7fe5f8eb1000-7fe5f8ee5000 r-xp 0000a000 08:02 23600663                   /usr/lib/x86_64-linux-gnu/libblkid.so.1.1.0
7fe5f8ee5000-7fe5f8ef5000 r--p 0003e000 08:02 23600663                   /usr/lib/x86_64-linux-gnu/libblkid.so.1.1.0
7fe5f8ef5000-7fe5f8ef6000 ---p 0004e000 08:02 23600663                   /usr/lib/x86_64-linux-gnu/libblkid.so.1.1.0
7fe5f8ef6000-7fe5f8efb000 r--p 0004e000 08:02 23600663                   /usr/lib/x86_64-linux-gnu/libblkid.so.1.1.0
7fe5f8efb000-7fe5f8efc000 rw-p 00053000 08:02 23600663                   /usr/lib/x86_64-linux-gnu/libblkid.so.1.1.0
7fe5f8efc000-7fe5f8efe000 r--p 00000000 08:02 23601506                   /usr/lib/x86_64-linux-gnu/libpcre.so.3.13.3
7fe5f8efe000-7fe5f8f50000 r-xp 00002000 08:02 23601506                   /usr/lib/x86_64-linux-gnu/libpcre.so.3.13.3
7fe5f8f50000-7fe5f8f6e000 r--p 00054000 08:02 23601506                   /usr/lib/x86_64-linux-gnu/libpcre.so.3.13.3
7fe5f8f6e000-7fe5f8f6f000 r--p 00071000 08:02 23601506                   /usr/lib/x86_64-linux-gnu/libpcre.so.3.13.3
7fe5f8f6f000-7fe5f8f70000 rw-p 00072000 08:02 23601506                   /usr/lib/x86_64-linux-gnu/libpcre.so.3.13.3
7fe5f8f70000-7fe5f8f76000 r--p 00000000 08:02 23601661                   /usr/lib/x86_64-linux-gnu/libselinux.so.1
7fe5f8f76000-7fe5f8f8e000 r-xp 00006000 08:02 23601661                   /usr/lib/x86_64-linux-gnu/libselinux.so.1
7fe5f8f8e000-7fe5f8f95000 r--p 0001e000 08:02 23601661                   /usr/lib/x86_64-linux-gnu/libselinux.so.1
7fe5f8f95000-7fe5f8f96000 ---p 00025000 08:02 23601661                   /usr/lib/x86_64-linux-gnu/libselinux.so.1
7fe5f8f96000-7fe5f8f97000 r--p 00025000 08:02 23601661                   /usr/lib/x86_64-linux-gnu/libselinux.so.1
7fe5f8f97000-7fe5f8f98000 rw-p 00026000 08:02 23601661                   /usr/lib/x86_64-linux-gnu/libselinux.so.1
7fe5f8f98000-7fe5f8f9a000 rw-p 00000000 00:00 0 
7fe5f8f9a000-7fe5f8fa5000 r--p 00000000 08:02 23601326                   /usr/lib/x86_64-linux-gnu/libmount.so.1.1.0
7fe5f8fa5000-7fe5f8fe0000 r-xp 0000b000 08:02 23601326                   /usr/lib/x86_64-linux-gnu/libmount.so.1.1.0
7fe5f8fe0000-7fe5f8ff2000 r--p 00046000 08:02 23601326                   /usr/lib/x86_64-linux-gnu/libmount.so.1.1.0
7fe5f8ff2000-7fe5f8ff5000 r--p 00057000 08:02 23601326                   /usr/lib/x86_64-linux-gnu/libmount.so.1.1.0
7fe5f8ff5000-7fe5f8ff6000 rw-p 0005a000 08:02 23601326                   /usr/lib/x86_64-linux-gnu/libmount.so.1.1.0
7fe5f8ff6000-7fe5f9004000 r--p 00000000 08:02 23593408                   /usr/lib/x86_64-linux-gnu/libgobject-2.0.so.0.6000.0
7fe5f9004000-7fe5f9036000 r-xp 0000e000 08:02 23593408                   /usr/lib/x86_64-linux-gnu/libgobject-2.0.so.0.6000.0
7fe5f9036000-7fe5f904e000 r--p 00040000 08:02 23593408                   /usr/lib/x86_64-linux-gnu/libgobject-2.0.so.0.6000.0
7fe5f904e000-7fe5f9051000 r--p 00057000 08:02 23593408                   /usr/lib/x86_64-linux-gnu/libgobject-2.0.so.0.6000.0
7fe5f9051000-7fe5f9052000 rw-p 0005a000 08:02 23593408                   /usr/lib/x86_64-linux-gnu/libgobject-2.0.so.0.6000.0
7fe5f9052000-7fe5f906d000 r--p 00000000 08:02 23593383                   /usr/lib/x86_64-linux-gnu/libglib-2.0.so.0.6000.0
7fe5f906d000-7fe5f90ed000 r-xp 0001b000 08:02 23593383                   /usr/lib/x86_64-linux-gnu/libglib-2.0.so.0.6000.0
7fe5f90ed000-7fe5f916f000 r--p 0009b000 08:02 23593383                   /usr/lib/x86_64-linux-gnu/libglib-2.0.so.0.6000.0
7fe5f916f000-7fe5f9170000 ---p 0011d000 08:02 23593383                   /usr/lib/x86_64-linux-gnu/libglib-2.0.so.0.6000.0
7fe5f9170000-7fe5f9171000 r--p 0011d000 08:02 23593383                   /usr/lib/x86_64-linux-gnu/libglib-2.0.so.0.6000.0
7fe5f9171000-7fe5f9172000 rw-p 0011e000 08:02 23593383                   /usr/lib/x86_64-linux-gnu/libglib-2.0.so.0.6000.0
7fe5f9172000-7fe5f9173000 rw-p 00000000 00:00 0 
7fe5f9173000-7fe5f91aa000 r--p 00000000 08:02 23593360                   /usr/lib/x86_64-linux-gnu/libgio-2.0.so.0.6000.0
7fe5f91aa000-7fe5f92ab000 r-xp 00037000 08:02 23593360                   /usr/lib/x86_64-linux-gnu/libgio-2.0.so.0.6000.0
7fe5f92ab000-7fe5f9331000 r--p 00138000 08:02 23593360                   /usr/lib/x86_64-linux-gnu/libgio-2.0.so.0.6000.0
7fe5f9331000-7fe5f9339000 r--p 001bd000 08:02 23593360                   /usr/lib/x86_64-linux-gnu/libgio-2.0.so.0.6000.0
7fe5f9339000-7fe5f933a000 rw-p 001c5000 08:02 23593360                   /usr/lib/x86_64-linux-gnu/libgio-2.0.so.0.6000.0
7fe5f933a000-7fe5f933c000 rw-p 00000000 00:00 0 
7fe5f933c000-7fe5f9346000 r-xp 00000000 08:02 23600547                   /usr/lib/x86_64-linux-gnu/libXrandr.so.2.2.0
7fe5f9346000-7fe5f9545000 ---p 0000a000 08:02 23600547                   /usr/lib/x86_64-linux-gnu/libXrandr.so.2.2.0
7fe5f9545000-7fe5f9546000 r--p 00009000 08:02 23600547                   /usr/lib/x86_64-linux-gnu/libXrandr.so.2.2.0
7fe5f9546000-7fe5f9547000 rw-p 0000a000 08:02 23600547                   /usr/lib/x86_64-linux-gnu/libXrandr.so.2.2.0
7fe5f9547000-7fe5f954c000 r--p 00000000 08:02 23601542                   /usr/lib/x86_64-linux-gnu/libpng16.so.16.36.0
7fe5f954c000-7fe5f9570000 r-xp 00005000 08:02 23601542                   /usr/lib/x86_64-linux-gnu/libpng16.so.16.36.0
7fe5f9570000-7fe5f957c000 r--p 00029000 08:02 23601542                   /usr/lib/x86_64-linux-gnu/libpng16.so.16.36.0
7fe5f957c000-7fe5f957d000 r--p 00034000 08:02 23601542                   /usr/lib/x86_64-linux-gnu/libpng16.so.16.36.0
7fe5f957d000-7fe5f957e000 rw-p 00035000 08:02 23601542                   /usr/lib/x86_64-linux-gnu/libpng16.so.16.36.0
7fe5f957e000-7fe5f958a000 r--p 00000000 08:02 23600949                   /usr/lib/x86_64-linux-gnu/libfreetype.so.6.16.1
7fe5f958a000-7fe5f9607000 r-xp 0000c000 08:02 23600949                   /usr/lib/x86_64-linux-gnu/libfreetype.so.6.16.1
7fe5f9607000-7fe5f9630000 r--p 00089000 08:02 23600949                   /usr/lib/x86_64-linux-gnu/libfreetype.so.6.16.1
7fe5f9630000-7fe5f9631000 ---p 000b2000 08:02 23600949                   /usr/lib/x86_64-linux-gnu/libfreetype.so.6.16.1
7fe5f9631000-7fe5f9638000 r--p 000b2000 08:02 23600949                   /usr/lib/x86_64-linux-gnu/libfreetype.so.6.16.1
7fe5f9638000-7fe5f9639000 rw-p 000b9000 08:02 23600949                   /usr/lib/x86_64-linux-gnu/libfreetype.so.6.16.1
7fe5f9639000-7fe5f963d000 r--p 00000000 08:02 23990635                   /usr/lib/jvm/java-11-openjdk-amd64/lib/libfontmanager.so
7fe5f963d000-7fe5f972f000 r-xp 00004000 08:02 23990635                   /usr/lib/jvm/java-11-openjdk-amd64/lib/libfontmanager.so
7fe5f972f000-7fe5f976f000 r--p 000f6000 08:02 23990635                   /usr/lib/jvm/java-11-openjdk-amd64/lib/libfontmanager.so
7fe5f976f000-7fe5f9770000 r--p 00135000 08:02 23990635                   /usr/lib/jvm/java-11-openjdk-amd64/lib/libfontmanager.so
7fe5f9770000-7fe5f9771000 rw-p 00136000 08:02 23990635                   /usr/lib/jvm/java-11-openjdk-amd64/lib/libfontmanager.so
7fe5f9771000-7fe5f9774000 rw-p 00000000 00:00 0 
7fe5f9774000-7fe5f9779000 r-xp 00000000 08:02 23600527                   /usr/lib/x86_64-linux-gnu/libXdmcp.so.6.0.0
7fe5f9779000-7fe5f9978000 ---p 00005000 08:02 23600527                   /usr/lib/x86_64-linux-gnu/libXdmcp.so.6.0.0
7fe5f9978000-7fe5f9979000 r--p 00004000 08:02 23600527                   /usr/lib/x86_64-linux-gnu/libXdmcp.so.6.0.0
7fe5f9979000-7fe5f997a000 rw-p 00005000 08:02 23600527                   /usr/lib/x86_64-linux-gnu/libXdmcp.so.6.0.0
7fe5f997a000-7fe5f997c000 r-xp 00000000 08:02 23600516                   /usr/lib/x86_64-linux-gnu/libXau.so.6.0.0
7fe5f997c000-7fe5f9b7c000 ---p 00002000 08:02 23600516                   /usr/lib/x86_64-linux-gnu/libXau.so.6.0.0
7fe5f9b7c000-7fe5f9b7d000 r--p 00002000 08:02 23600516                   /usr/lib/x86_64-linux-gnu/libXau.so.6.0.0
7fe5f9b7d000-7fe5f9b7e000 rw-p 00003000 08:02 23600516                   /usr/lib/x86_64-linux-gnu/libXau.so.6.0.0
7fe5f9b7e000-7fe5f9b8d000 r-xp 00000000 08:02 23600537                   /usr/lib/x86_64-linux-gnu/libXi.so.6.1.0
7fe5f9b8d000-7fe5f9d8c000 ---p 0000f000 08:02 23600537                   /usr/lib/x86_64-linux-gnu/libXi.so.6.1.0
7fe5f9d8c000-7fe5f9d8d000 r--p 0000e000 08:02 23600537                   /usr/lib/x86_64-linux-gnu/libXi.so.6.1.0
7fe5f9d8d000-7fe5f9d8e000 rw-p 0000f000 08:02 23600537                   /usr/lib/x86_64-linux-gnu/libXi.so.6.1.0
7fe5f9d8e000-7fe5f9d93000 r-xp 00000000 08:02 23600555                   /usr/lib/x86_64-linux-gnu/libXtst.so.6.1.0
7fe5f9d93000-7fe5f9f92000 ---p 00005000 08:02 23600555                   /usr/lib/x86_64-linux-gnu/libXtst.so.6.1.0
7fe5f9f92000-7fe5f9f93000 r--p 00004000 08:02 23600555                   /usr/lib/x86_64-linux-gnu/libXtst.so.6.1.0
7fe5f9f93000-7fe5f9f94000 rw-p 00005000 08:02 23600555                   /usr/lib/x86_64-linux-gnu/libXtst.so.6.1.0
7fe5f9f94000-7fe5f9f9d000 r-xp 00000000 08:02 23600549                   /usr/lib/x86_64-linux-gnu/libXrender.so.1.3.0
7fe5f9f9d000-7fe5fa19c000 ---p 00009000 08:02 23600549                   /usr/lib/x86_64-linux-gnu/libXrender.so.1.3.0
7fe5fa19c000-7fe5fa19d000 r--p 00008000 08:02 23600549                   /usr/lib/x86_64-linux-gnu/libXrender.so.1.3.0
7fe5fa19d000-7fe5fa19e000 rw-p 00009000 08:02 23600549                   /usr/lib/x86_64-linux-gnu/libXrender.so.1.3.0
7fe5fa19e000-7fe5fa1b6000 r--p 00000000 08:02 23600512                   /usr/lib/x86_64-linux-gnu/libX11.so.6.3.0
7fe5fa1b6000-7fe5fa23e000 r-xp 00018000 08:02 23600512                   /usr/lib/x86_64-linux-gnu/libX11.so.6.3.0
7fe5fa23e000-7fe5fa2d2000 r--p 000a0000 08:02 23600512                   /usr/lib/x86_64-linux-gnu/libX11.so.6.3.0
7fe5fa2d2000-7fe5fa2d3000 ---p 00134000 08:02 23600512                   /usr/lib/x86_64-linux-gnu/libX11.so.6.3.0
7fe5fa2d3000-7fe5fa2d4000 r--p 00134000 08:02 23600512                   /usr/lib/x86_64-linux-gnu/libX11.so.6.3.0
7fe5fa2d4000-7fe5fa2d8000 rw-p 00135000 08:02 23600512                   /usr/lib/x86_64-linux-gnu/libX11.so.6.3.0
7fe5fa2d8000-7fe5fa2e9000 r-xp 00000000 08:02 23600529                   /usr/lib/x86_64-linux-gnu/libXext.so.6.4.0
7fe5fa2e9000-7fe5fa4e8000 ---p 00011000 08:02 23600529                   /usr/lib/x86_64-linux-gnu/libXext.so.6.4.0
7fe5fa4e8000-7fe5fa4e9000 r--p 00010000 08:02 23600529                   /usr/lib/x86_64-linux-gnu/libXext.so.6.4.0
7fe5fa4e9000-7fe5fa4ea000 rw-p 00011000 08:02 23600529                   /usr/lib/x86_64-linux-gnu/libXext.so.6.4.0
7fe5fa4ea000-7fe5fa4fa000 r--p 00000000 08:02 23990632                   /usr/lib/jvm/java-11-openjdk-amd64/lib/libawt_xawt.so
7fe5fa4fa000-7fe5fa537000 r-xp 00010000 08:02 23990632                   /usr/lib/jvm/java-11-openjdk-amd64/lib/libawt_xawt.so
7fe5fa537000-7fe5fa549000 r--p 0004d000 08:02 23990632                   /usr/lib/jvm/java-11-openjdk-amd64/lib/libawt_xawt.so
7fe5fa549000-7fe5fa54a000 r--p 0005e000 08:02 23990632                   /usr/lib/jvm/java-11-openjdk-amd64/lib/libawt_xawt.so
7fe5fa54a000-7fe5fa54d000 rw-p 0005f000 08:02 23990632                   /usr/lib/jvm/java-11-openjdk-amd64/lib/libawt_xawt.so
7fe5fa54d000-7fe5fa54f000 rw-p 00000000 00:00 0 
7fe5fa54f000-7fe5fa57b000 r--p 00000000 08:02 23990630                   /usr/lib/jvm/java-11-openjdk-amd64/lib/libawt.so
7fe5fa57b000-7fe5fa5e2000 r-xp 0002c000 08:02 23990630                   /usr/lib/jvm/java-11-openjdk-amd64/lib/libawt.so
7fe5fa5e2000-7fe5fa5ef000 r--p 00093000 08:02 23990630                   /usr/lib/jvm/java-11-openjdk-amd64/lib/libawt.so
7fe5fa5ef000-7fe5fa5f0000 r--p 0009f000 08:02 23990630                   /usr/lib/jvm/java-11-openjdk-amd64/lib/libawt.so
7fe5fa5f0000-7fe5fa5fb000 rw-p 000a0000 08:02 23990630                   /usr/lib/jvm/java-11-openjdk-amd64/lib/libawt.so
7fe5fa5fb000-7fe5fa620000 rw-p 00000000 00:00 0 
7fe5fa620000-7fe5fa624000 ---p 00000000 00:00 0 
7fe5fa624000-7fe5fa721000 rw-p 00000000 00:00 0 
7fe5fa721000-7fe5fa722000 ---p 00000000 00:00 0 
7fe5fa722000-7fe5fa823000 rw-p 00000000 00:00 0 
7fe5fa823000-7fe5fa827000 ---p 00000000 00:00 0 
7fe5fa827000-7fe5fa924000 rw-p 00000000 00:00 0 
7fe5fa924000-7fe5fa928000 ---p 00000000 00:00 0 
7fe5fa928000-7fe5faa25000 rw-p 00000000 00:00 0 
7fe5faa25000-7fe5fb800000 r--p 00000000 08:02 23600058                   /usr/lib/locale/locale-archive
7fe5fb800000-7fe5fc000000 rw-p 00000000 00:00 0 
7fe5fc000000-7fe5fc021000 rw-p 00000000 00:00 0 
7fe5fc021000-7fe600000000 ---p 00000000 00:00 0 
7fe600000000-7fe600021000 rw-p 00000000 00:00 0 
7fe600021000-7fe604000000 ---p 00000000 00:00 0 
7fe604000000-7fe604021000 rw-p 00000000 00:00 0 
7fe604021000-7fe608000000 ---p 00000000 00:00 0 
7fe608005000-7fe608006000 r--p 00000000 08:02 27001595                   /home/kramer/Downloads/RobotArena-master/RobotAreana/AIBasic/build/libs/mynativelibrary/shared/libmynativelibrary.so
7fe608006000-7fe608007000 r-xp 00001000 08:02 27001595                   /home/kramer/Downloads/RobotArena-master/RobotAreana/AIBasic/build/libs/mynativelibrary/shared/libmynativelibrary.so
7fe608007000-7fe608008000 r--p 00002000 08:02 27001595                   /home/kramer/Downloads/RobotArena-master/RobotAreana/AIBasic/build/libs/mynativelibrary/shared/libmynativelibrary.so
7fe608008000-7fe608009000 r--p 00002000 08:02 27001595                   /home/kramer/Downloads/RobotArena-master/RobotAreana/AIBasic/build/libs/mynativelibrary/shared/libmynativelibrary.so
7fe608009000-7fe60800a000 rw-p 00003000 08:02 27001595                   /home/kramer/Downloads/RobotArena-master/RobotAreana/AIBasic/build/libs/mynativelibrary/shared/libmynativelibrary.so
7fe60800a000-7fe60800e000 r--p 00000000 08:02 23601610                   /usr/lib/x86_64-linux-gnu/libresolv-2.29.so
7fe60800e000-7fe60801d000 r-xp 00004000 08:02 23601610                   /usr/lib/x86_64-linux-gnu/libresolv-2.29.so
7fe60801d000-7fe608020000 r--p 00013000 08:02 23601610                   /usr/lib/x86_64-linux-gnu/libresolv-2.29.so
7fe608020000-7fe608021000 ---p 00016000 08:02 23601610                   /usr/lib/x86_64-linux-gnu/libresolv-2.29.so
7fe608021000-7fe608022000 r--p 00016000 08:02 23601610                   /usr/lib/x86_64-linux-gnu/libresolv-2.29.so
7fe608022000-7fe608023000 rw-p 00017000 08:02 23601610                   /usr/lib/x86_64-linux-gnu/libresolv-2.29.so
7fe608023000-7fe608025000 rw-p 00000000 00:00 0 
7fe608025000-7fe608029000 r--p 00000000 08:02 23600683                   /usr/lib/x86_64-linux-gnu/libbsd.so.0.9.1
7fe608029000-7fe608038000 r-xp 00004000 08:02 23600683                   /usr/lib/x86_64-linux-gnu/libbsd.so.0.9.1
7fe608038000-7fe60803b000 r--p 00013000 08:02 23600683                   /usr/lib/x86_64-linux-gnu/libbsd.so.0.9.1
7fe60803b000-7fe60803c000 ---p 00016000 08:02 23600683                   /usr/lib/x86_64-linux-gnu/libbsd.so.0.9.1
7fe60803c000-7fe60803d000 r--p 00016000 08:02 23600683                   /usr/lib/x86_64-linux-gnu/libbsd.so.0.9.1
7fe60803d000-7fe60803e000 rw-p 00017000 08:02 23600683                   /usr/lib/x86_64-linux-gnu/libbsd.so.0.9.1
7fe60803e000-7fe60803f000 rw-p 00000000 00:00 0 
7fe60803f000-7fe608043000 ---p 00000000 00:00 0 
7fe608043000-7fe60a330000 rw-p 00000000 00:00 0 
7fe60a330000-7fe60bff8000 ---p 00000000 00:00 0 
7fe60bff8000-7fe60c000000 rw-p 00000000 00:00 0 
7fe60c000000-7fe60c021000 rw-p 00000000 00:00 0 
7fe60c021000-7fe610000000 ---p 00000000 00:00 0 
7fe610001000-7fe610003000 r--p 00000000 08:02 23600523                   /usr/lib/x86_64-linux-gnu/libXcursor.so.1.0.2
7fe610003000-7fe610008000 r-xp 00002000 08:02 23600523                   /usr/lib/x86_64-linux-gnu/libXcursor.so.1.0.2
7fe610008000-7fe61000a000 r--p 00007000 08:02 23600523                   /usr/lib/x86_64-linux-gnu/libXcursor.so.1.0.2
7fe61000a000-7fe61000b000 r--p 00008000 08:02 23600523                   /usr/lib/x86_64-linux-gnu/libXcursor.so.1.0.2
7fe61000b000-7fe61000c000 rw-p 00009000 08:02 23600523                   /usr/lib/x86_64-linux-gnu/libXcursor.so.1.0.2
7fe61000c000-7fe61000e000 r--p 00000000 08:02 23601822                   /usr/lib/x86_64-linux-gnu/libuuid.so.1.3.0
7fe61000e000-7fe610012000 r-xp 00002000 08:02 23601822                   /usr/lib/x86_64-linux-gnu/libuuid.so.1.3.0
7fe610012000-7fe610013000 r--p 00006000 08:02 23601822                   /usr/lib/x86_64-linux-gnu/libuuid.so.1.3.0
7fe610013000-7fe610014000 r--p 00006000 08:02 23601822                   /usr/lib/x86_64-linux-gnu/libuuid.so.1.3.0
7fe610014000-7fe610015000 rw-p 00007000 08:02 23601822                   /usr/lib/x86_64-linux-gnu/libuuid.so.1.3.0
7fe610015000-7fe610020000 r--p 00000000 08:02 23601932                   /usr/lib/x86_64-linux-gnu/libxcb.so.1.1.0
7fe610020000-7fe610033000 r-xp 0000b000 08:02 23601932                   /usr/lib/x86_64-linux-gnu/libxcb.so.1.1.0
7fe610033000-7fe61003c000 r--p 0001e000 08:02 23601932                   /usr/lib/x86_64-linux-gnu/libxcb.so.1.1.0
7fe61003c000-7fe61003d000 r--p 00026000 08:02 23601932                   /usr/lib/x86_64-linux-gnu/libxcb.so.1.1.0
7fe61003d000-7fe61003e000 rw-p 00027000 08:02 23601932                   /usr/lib/x86_64-linux-gnu/libxcb.so.1.1.0
7fe61003e000-7fe61006f000 rw-p 00000000 00:00 0 
7fe61006f000-7fe610073000 ---p 00000000 00:00 0 
7fe610073000-7fe610170000 rw-p 00000000 00:00 0 
7fe610170000-7fe610174000 ---p 00000000 00:00 0 
7fe610174000-7fe610271000 rw-p 00000000 00:00 0 
7fe610271000-7fe610275000 ---p 00000000 00:00 0 
7fe610275000-7fe610372000 rw-p 00000000 00:00 0 
7fe610372000-7fe610376000 ---p 00000000 00:00 0 
7fe610376000-7fe610473000 rw-p 00000000 00:00 0 
7fe610473000-7fe610474000 ---p 00000000 00:00 0 
7fe610474000-7fe610651000 rw-p 00000000 00:00 0 
7fe610651000-7fe610652000 ---p 00000000 00:00 0 
7fe610652000-7fe610753000 rw-p 00000000 00:00 0 
7fe610753000-7fe610754000 ---p 00000000 00:00 0 
7fe610754000-7fe610956000 rw-p 00000000 00:00 0 
7fe610956000-7fe610bc6000 rwxp 00000000 00:00 0 
7fe610bc6000-7fe610ee6000 ---p 00000000 00:00 0 
7fe610ee6000-7fe611156000 rwxp 00000000 00:00 0 
7fe611156000-7fe61841e000 ---p 00000000 00:00 0 
7fe61841e000-7fe61868e000 rwxp 00000000 00:00 0 
7fe61868e000-7fe61f956000 ---p 00000000 00:00 0 
7fe61f956000-7fe628000000 r--s 00000000 08:02 23990663                   /usr/lib/jvm/java-11-openjdk-amd64/lib/modules
7fe628000000-7fe628318000 rw-p 00000000 00:00 0 
7fe628318000-7fe62c000000 ---p 00000000 00:00 0 
7fe62c002000-7fe62c005000 r--p 00000000 08:02 24904754                   /home/kramer/.config/dconf/user
7fe62c005000-7fe62c006000 r--s 00000000 00:35 35                         /run/user/1000/dconf/user
7fe62c006000-7fe62c008000 r--p 00000000 08:02 23600923                   /usr/lib/x86_64-linux-gnu/libffi.so.6.0.4
7fe62c008000-7fe62c00d000 r-xp 00002000 08:02 23600923                   /usr/lib/x86_64-linux-gnu/libffi.so.6.0.4
7fe62c00d000-7fe62c00e000 r--p 00007000 08:02 23600923                   /usr/lib/x86_64-linux-gnu/libffi.so.6.0.4
7fe62c00e000-7fe62c00f000 r--p 00007000 08:02 23600923                   /usr/lib/x86_64-linux-gnu/libffi.so.6.0.4
7fe62c00f000-7fe62c010000 rw-p 00008000 08:02 23600923                   /usr/lib/x86_64-linux-gnu/libffi.so.6.0.4
7fe62c010000-7fe62c011000 r--p 00000000 08:02 23593407                   /usr/lib/x86_64-linux-gnu/libgmodule-2.0.so.0.6000.0
7fe62c011000-7fe62c013000 r-xp 00001000 08:02 23593407                   /usr/lib/x86_64-linux-gnu/libgmodule-2.0.so.0.6000.0
7fe62c013000-7fe62c014000 r--p 00003000 08:02 23593407                   /usr/lib/x86_64-linux-gnu/libgmodule-2.0.so.0.6000.0
7fe62c014000-7fe62c015000 r--p 00003000 08:02 23593407                   /usr/lib/x86_64-linux-gnu/libgmodule-2.0.so.0.6000.0
7fe62c015000-7fe62c016000 rw-p 00004000 08:02 23593407                   /usr/lib/x86_64-linux-gnu/libgmodule-2.0.so.0.6000.0
7fe62c016000-7fe62c01a000 r--p 00000000 08:02 24250591                   /usr/lib/x86_64-linux-gnu/gio/modules/libdconfsettings.so
7fe62c01a000-7fe62c021000 r-xp 00004000 08:02 24250591                   /usr/lib/x86_64-linux-gnu/gio/modules/libdconfsettings.so
7fe62c021000-7fe62c024000 r--p 0000b000 08:02 24250591                   /usr/lib/x86_64-linux-gnu/gio/modules/libdconfsettings.so
7fe62c024000-7fe62c025000 ---p 0000e000 08:02 24250591                   /usr/lib/x86_64-linux-gnu/gio/modules/libdconfsettings.so
7fe62c025000-7fe62c026000 r--p 0000e000 08:02 24250591                   /usr/lib/x86_64-linux-gnu/gio/modules/libdconfsettings.so
7fe62c026000-7fe62c027000 rw-p 0000f000 08:02 24250591                   /usr/lib/x86_64-linux-gnu/gio/modules/libdconfsettings.so
7fe62c027000-7fe62c028000 r--p 00000000 08:02 25823354                   /usr/share/locale-langpack/en_AU/LC_MESSAGES/glib20.mo
7fe62c028000-7fe62c02c000 r--p 00000000 08:02 23990653                   /usr/lib/jvm/java-11-openjdk-amd64/lib/libnet.so
7fe62c02c000-7fe62c03b000 r-xp 00004000 08:02 23990653                   /usr/lib/jvm/java-11-openjdk-amd64/lib/libnet.so
7fe62c03b000-7fe62c03f000 r--p 00013000 08:02 23990653                   /usr/lib/jvm/java-11-openjdk-amd64/lib/libnet.so
7fe62c03f000-7fe62c040000 r--p 00016000 08:02 23990653                   /usr/lib/jvm/java-11-openjdk-amd64/lib/libnet.so
7fe62c040000-7fe62c041000 rw-p 00017000 08:02 23990653                   /usr/lib/jvm/java-11-openjdk-amd64/lib/libnet.so
7fe62c041000-7fe62c048000 r--p 00000000 08:02 23990654                   /usr/lib/jvm/java-11-openjdk-amd64/lib/libnio.so
7fe62c048000-7fe62c04f000 r-xp 00007000 08:02 23990654                   /usr/lib/jvm/java-11-openjdk-amd64/lib/libnio.so
7fe62c04f000-7fe62c052000 r--p 0000e000 08:02 23990654                   /usr/lib/jvm/java-11-openjdk-amd64/lib/libnio.so
7fe62c052000-7fe62c053000 r--p 00010000 08:02 23990654                   /usr/lib/jvm/java-11-openjdk-amd64/lib/libnio.so
7fe62c053000-7fe62c054000 rw-p 00011000 08:02 23990654                   /usr/lib/jvm/java-11-openjdk-amd64/lib/libnio.so
7fe62c054000-7fe62c3c1000 rw-p 00000000 00:00 0 
7fe62c3c1000-7fe62c3c2000 ---p 00000000 00:00 0 
7fe62c3c2000-7fe62c4c3000 rw-p 00000000 00:00 0 
7fe62c4c3000-7fe62c4c4000 ---p 00000000 00:00 0 
7fe62c4c4000-7fe62c7f7000 rw-p 00000000 00:00 0 
7fe62c7f7000-7fe62e4bf000 ---p 00000000 00:00 0 
7fe62e4bf000-7fe62e505000 rw-p 00000000 00:00 0 
7fe62e505000-7fe62e89e000 ---p 00000000 00:00 0 
7fe62e89e000-7fe62e8dd000 rw-p 00000000 00:00 0 
7fe62e8dd000-7fe62ec76000 ---p 00000000 00:00 0 
7fe62ec76000-7fe62ecb5000 rw-p 00000000 00:00 0 
7fe62ecb5000-7fe62f04e000 ---p 00000000 00:00 0 
7fe62f04e000-7fe62f453000 rw-p 00000000 00:00 0 
7fe62f453000-7fe62f454000 ---p 00000000 00:00 0 
7fe62f454000-7fe62f55a000 rw-p 00000000 00:00 0 
7fe62f55a000-7fe62f640000 ---p 00000000 00:00 0 
7fe62f640000-7fe62f645000 rw-p 00000000 00:00 0 
7fe62f645000-7fe62f72b000 ---p 00000000 00:00 0 
7fe62f72b000-7fe62f730000 rw-p 00000000 00:00 0 
7fe62f730000-7fe62f737000 ---p 00000000 00:00 0 
7fe62f737000-7fe62f739000 r--s 00007000 08:02 24382982                   /usr/share/java/java-atk-wrapper.jar
7fe62f739000-7fe62f73b000 r--p 00000000 08:02 23990645                   /usr/lib/jvm/java-11-openjdk-amd64/lib/libjimage.so
7fe62f73b000-7fe62f73e000 r-xp 00002000 08:02 23990645                   /usr/lib/jvm/java-11-openjdk-amd64/lib/libjimage.so
7fe62f73e000-7fe62f740000 r--p 00005000 08:02 23990645                   /usr/lib/jvm/java-11-openjdk-amd64/lib/libjimage.so
7fe62f740000-7fe62f741000 r--p 00006000 08:02 23990645                   /usr/lib/jvm/java-11-openjdk-amd64/lib/libjimage.so
7fe62f741000-7fe62f742000 rw-p 00007000 08:02 23990645                   /usr/lib/jvm/java-11-openjdk-amd64/lib/libjimage.so
7fe62f742000-7fe62f745000 r--p 00000000 08:02 23601425                   /usr/lib/x86_64-linux-gnu/libnss_files-2.29.so
7fe62f745000-7fe62f74c000 r-xp 00003000 08:02 23601425                   /usr/lib/x86_64-linux-gnu/libnss_files-2.29.so
7fe62f74c000-7fe62f74e000 r--p 0000a000 08:02 23601425                   /usr/lib/x86_64-linux-gnu/libnss_files-2.29.so
7fe62f74e000-7fe62f74f000 r--p 0000b000 08:02 23601425                   /usr/lib/x86_64-linux-gnu/libnss_files-2.29.so
7fe62f74f000-7fe62f750000 rw-p 0000c000 08:02 23601425                   /usr/lib/x86_64-linux-gnu/libnss_files-2.29.so
7fe62f750000-7fe62f756000 rw-p 00000000 00:00 0 
7fe62f756000-7fe62f758000 r--p 00000000 08:02 23990662                   /usr/lib/jvm/java-11-openjdk-amd64/lib/libzip.so
7fe62f758000-7fe62f75c000 r-xp 00002000 08:02 23990662                   /usr/lib/jvm/java-11-openjdk-amd64/lib/libzip.so
7fe62f75c000-7fe62f75e000 r--p 00006000 08:02 23990662                   /usr/lib/jvm/java-11-openjdk-amd64/lib/libzip.so
7fe62f75e000-7fe62f75f000 r--p 00007000 08:02 23990662                   /usr/lib/jvm/java-11-openjdk-amd64/lib/libzip.so
7fe62f75f000-7fe62f760000 rw-p 00008000 08:02 23990662                   /usr/lib/jvm/java-11-openjdk-amd64/lib/libzip.so
7fe62f760000-7fe62f768000 rw-s 00000000 08:02 2753649                    /tmp/hsperfdata_kramer/5546
7fe62f768000-7fe62f769000 ---p 00000000 00:00 0 
7fe62f769000-7fe62f76a000 r--p 00000000 00:00 0 
7fe62f76a000-7fe62f777000 r--p 00000000 08:02 23990641                   /usr/lib/jvm/java-11-openjdk-amd64/lib/libjava.so
7fe62f777000-7fe62f78c000 r-xp 0000d000 08:02 23990641                   /usr/lib/jvm/java-11-openjdk-amd64/lib/libjava.so
7fe62f78c000-7fe62f793000 r--p 00022000 08:02 23990641                   /usr/lib/jvm/java-11-openjdk-amd64/lib/libjava.so
7fe62f793000-7fe62f794000 r--p 00028000 08:02 23990641                   /usr/lib/jvm/java-11-openjdk-amd64/lib/libjava.so
7fe62f794000-7fe62f796000 rw-p 00029000 08:02 23990641                   /usr/lib/jvm/java-11-openjdk-amd64/lib/libjava.so
7fe62f796000-7fe62f799000 r--p 00000000 08:02 23601631                   /usr/lib/x86_64-linux-gnu/librt-2.29.so
7fe62f799000-7fe62f79d000 r-xp 00003000 08:02 23601631                   /usr/lib/x86_64-linux-gnu/librt-2.29.so
7fe62f79d000-7fe62f79f000 r--p 00007000 08:02 23601631                   /usr/lib/x86_64-linux-gnu/librt-2.29.so
7fe62f79f000-7fe62f7a0000 r--p 00008000 08:02 23601631                   /usr/lib/x86_64-linux-gnu/librt-2.29.so
7fe62f7a0000-7fe62f7a1000 rw-p 00009000 08:02 23601631                   /usr/lib/x86_64-linux-gnu/librt-2.29.so
7fe62f7a1000-7fe62f7a5000 ---p 00000000 00:00 0 
7fe62f7a5000-7fe62f8a2000 rw-p 00000000 00:00 0 
7fe62f8a2000-7fe62f8a5000 r--p 00000000 08:02 23596996                   /usr/lib/x86_64-linux-gnu/libgcc_s.so.1
7fe62f8a5000-7fe62f8b6000 r-xp 00003000 08:02 23596996                   /usr/lib/x86_64-linux-gnu/libgcc_s.so.1
7fe62f8b6000-7fe62f8ba000 r--p 00014000 08:02 23596996                   /usr/lib/x86_64-linux-gnu/libgcc_s.so.1
7fe62f8ba000-7fe62f8bb000 r--p 00017000 08:02 23596996                   /usr/lib/x86_64-linux-gnu/libgcc_s.so.1
7fe62f8bb000-7fe62f8bc000 rw-p 00018000 08:02 23596996                   /usr/lib/x86_64-linux-gnu/libgcc_s.so.1
7fe62f8bc000-7fe62f8cb000 r--p 00000000 08:02 23601302                   /usr/lib/x86_64-linux-gnu/libm-2.29.so
7fe62f8cb000-7fe62f971000 r-xp 0000f000 08:02 23601302                   /usr/lib/x86_64-linux-gnu/libm-2.29.so
7fe62f971000-7fe62fa08000 r--p 000b5000 08:02 23601302                   /usr/lib/x86_64-linux-gnu/libm-2.29.so
7fe62fa08000-7fe62fa09000 r--p 0014b000 08:02 23601302                   /usr/lib/x86_64-linux-gnu/libm-2.29.so
7fe62fa09000-7fe62fa0a000 rw-p 0014c000 08:02 23601302                   /usr/lib/x86_64-linux-gnu/libm-2.29.so
7fe62fa0a000-7fe62fa9f000 r--p 00000000 08:02 23594558                   /usr/lib/x86_64-linux-gnu/libstdc++.so.6.0.26
7fe62fa9f000-7fe62fb91000 r-xp 00095000 08:02 23594558                   /usr/lib/x86_64-linux-gnu/libstdc++.so.6.0.26
7fe62fb91000-7fe62fbda000 r--p 00187000 08:02 23594558                   /usr/lib/x86_64-linux-gnu/libstdc++.so.6.0.26
7fe62fbda000-7fe62fbdb000 ---p 001d0000 08:02 23594558                   /usr/lib/x86_64-linux-gnu/libstdc++.so.6.0.26
7fe62fbdb000-7fe62fbe6000 r--p 001d0000 08:02 23594558                   /usr/lib/x86_64-linux-gnu/libstdc++.so.6.0.26
7fe62fbe6000-7fe62fbe9000 rw-p 001db000 08:02 23594558                   /usr/lib/x86_64-linux-gnu/libstdc++.so.6.0.26
7fe62fbe9000-7fe62fbec000 rw-p 00000000 00:00 0 
7fe62fbec000-7fe62fe5b000 r--p 00000000 08:02 23990668                   /usr/lib/jvm/java-11-openjdk-amd64/lib/server/libjvm.so
7fe62fe5b000-7fe63097b000 r-xp 0026f000 08:02 23990668                   /usr/lib/jvm/java-11-openjdk-amd64/lib/server/libjvm.so
7fe63097b000-7fe630bb4000 r--p 00d8f000 08:02 23990668                   /usr/lib/jvm/java-11-openjdk-amd64/lib/server/libjvm.so
7fe630bb4000-7fe630bb5000 ---p 00fc8000 08:02 23990668                   /usr/lib/jvm/java-11-openjdk-amd64/lib/server/libjvm.so
7fe630bb5000-7fe630c72000 r--p 00fc8000 08:02 23990668                   /usr/lib/jvm/java-11-openjdk-amd64/lib/server/libjvm.so
7fe630c72000-7fe630cab000 rw-p 01085000 08:02 23990668                   /usr/lib/jvm/java-11-openjdk-amd64/lib/server/libjvm.so
7fe630cab000-7fe630d03000 rw-p 00000000 00:00 0 
7fe630d03000-7fe630d0a000 r--p 00000000 08:02 23601565                   /usr/lib/x86_64-linux-gnu/libpthread-2.29.so
7fe630d0a000-7fe630d19000 r-xp 00007000 08:02 23601565                   /usr/lib/x86_64-linux-gnu/libpthread-2.29.so
7fe630d19000-7fe630d1e000 r--p 00016000 08:02 23601565                   /usr/lib/x86_64-linux-gnu/libpthread-2.29.so
7fe630d1e000-7fe630d1f000 r--p 0001a000 08:02 23601565                   /usr/lib/x86_64-linux-gnu/libpthread-2.29.so
7fe630d1f000-7fe630d20000 rw-p 0001b000 08:02 23601565                   /usr/lib/x86_64-linux-gnu/libpthread-2.29.so
7fe630d20000-7fe630d24000 rw-p 00000000 00:00 0 
7fe630d24000-7fe630d25000 r--p 00000000 08:02 23600824                   /usr/lib/x86_64-linux-gnu/libdl-2.29.so
7fe630d25000-7fe630d27000 r-xp 00001000 08:02 23600824                   /usr/lib/x86_64-linux-gnu/libdl-2.29.so
7fe630d27000-7fe630d28000 r--p 00003000 08:02 23600824                   /usr/lib/x86_64-linux-gnu/libdl-2.29.so
7fe630d28000-7fe630d29000 r--p 00003000 08:02 23600824                   /usr/lib/x86_64-linux-gnu/libdl-2.29.so
7fe630d29000-7fe630d2a000 rw-p 00004000 08:02 23600824                   /usr/lib/x86_64-linux-gnu/libdl-2.29.so
7fe630d2a000-7fe630d2c000 r--p 00000000 08:02 23601962                   /usr/lib/x86_64-linux-gnu/libz.so.1.2.11
7fe630d2c000-7fe630d3d000 r-xp 00002000 08:02 23601962                   /usr/lib/x86_64-linux-gnu/libz.so.1.2.11
7fe630d3d000-7fe630d43000 r--p 00013000 08:02 23601962                   /usr/lib/x86_64-linux-gnu/libz.so.1.2.11
7fe630d43000-7fe630d44000 ---p 00019000 08:02 23601962                   /usr/lib/x86_64-linux-gnu/libz.so.1.2.11
7fe630d44000-7fe630d45000 r--p 00019000 08:02 23601962                   /usr/lib/x86_64-linux-gnu/libz.so.1.2.11
7fe630d45000-7fe630d46000 rw-p 0001a000 08:02 23601962                   /usr/lib/x86_64-linux-gnu/libz.so.1.2.11
7fe630d46000-7fe630d6b000 r--p 00000000 08:02 23600687                   /usr/lib/x86_64-linux-gnu/libc-2.29.so
7fe630d6b000-7fe630ede000 r-xp 00025000 08:02 23600687                   /usr/lib/x86_64-linux-gnu/libc-2.29.so
7fe630ede000-7fe630f27000 r--p 00198000 08:02 23600687                   /usr/lib/x86_64-linux-gnu/libc-2.29.so
7fe630f27000-7fe630f2a000 r--p 001e0000 08:02 23600687                   /usr/lib/x86_64-linux-gnu/libc-2.29.so
7fe630f2a000-7fe630f2d000 rw-p 001e3000 08:02 23600687                   /usr/lib/x86_64-linux-gnu/libc-2.29.so
7fe630f2d000-7fe630f31000 rw-p 00000000 00:00 0 
7fe630f31000-7fe630f32000 r--p 00000000 08:02 25823436                   /usr/share/locale-langpack/en_AU/LC_MESSAGES/libc.mo
7fe630f32000-7fe630f37000 r--p 00000000 08:02 23990661                   /usr/lib/jvm/java-11-openjdk-amd64/lib/libverify.so
7fe630f37000-7fe630f3e000 r-xp 00005000 08:02 23990661                   /usr/lib/jvm/java-11-openjdk-amd64/lib/libverify.so
7fe630f3e000-7fe630f40000 r--p 0000c000 08:02 23990661                   /usr/lib/jvm/java-11-openjdk-amd64/lib/libverify.so
7fe630f40000-7fe630f42000 r--p 0000d000 08:02 23990661                   /usr/lib/jvm/java-11-openjdk-amd64/lib/libverify.so
7fe630f42000-7fe630f43000 rw-p 0000f000 08:02 23990661                   /usr/lib/jvm/java-11-openjdk-amd64/lib/libverify.so
7fe630f43000-7fe630f46000 r--p 00000000 08:02 23990625                   /usr/lib/jvm/java-11-openjdk-amd64/lib/jli/libjli.so
7fe630f46000-7fe630f50000 r-xp 00003000 08:02 23990625                   /usr/lib/jvm/java-11-openjdk-amd64/lib/jli/libjli.so
7fe630f50000-7fe630f53000 r--p 0000d000 08:02 23990625                   /usr/lib/jvm/java-11-openjdk-amd64/lib/jli/libjli.so
7fe630f53000-7fe630f54000 r--p 0000f000 08:02 23990625                   /usr/lib/jvm/java-11-openjdk-amd64/lib/jli/libjli.so
7fe630f54000-7fe630f55000 rw-p 00010000 08:02 23990625                   /usr/lib/jvm/java-11-openjdk-amd64/lib/jli/libjli.so
7fe630f55000-7fe630f57000 rw-p 00000000 00:00 0 
7fe630f57000-7fe630f58000 r--p 00000000 08:02 23600471                   /usr/lib/x86_64-linux-gnu/ld-2.29.so
7fe630f58000-7fe630f79000 r-xp 00001000 08:02 23600471                   /usr/lib/x86_64-linux-gnu/ld-2.29.so
7fe630f79000-7fe630f81000 r--p 00022000 08:02 23600471                   /usr/lib/x86_64-linux-gnu/ld-2.29.so
7fe630f81000-7fe630f82000 r--p 00029000 08:02 23600471                   /usr/lib/x86_64-linux-gnu/ld-2.29.so
7fe630f82000-7fe630f83000 rw-p 0002a000 08:02 23600471                   /usr/lib/x86_64-linux-gnu/ld-2.29.so
7fe630f83000-7fe630f84000 rw-p 00000000 00:00 0 
7ffdee659000-7ffdee67b000 rw-p 00000000 00:00 0                          [stack]
7ffdee7cd000-7ffdee7d0000 r--p 00000000 00:00 0                          [vvar]
7ffdee7d0000-7ffdee7d1000 r-xp 00000000 00:00 0                          [vdso]
ffffffffff600000-ffffffffff601000 r-xp 00000000 00:00 0                  [vsyscall]


VM Arguments:
jvm_args: -Dfile.encoding=UTF-8 -Duser.country=AU -Duser.language=en -Duser.variant 
java_command: ExampleSwingApp
java_class_path (initial): /home/kramer/Downloads/RobotArena-master/RobotAreana/start/build/classes/java/main:/home/kramer/Downloads/RobotArena-master/RobotAreana/start/build/classes/groovy/main:/home/kramer/Downloads/RobotArena-master/RobotAreana/start/build/resources/main:/home/kramer/Downloads/RobotArena-master/RobotAreana/AIBasic/build/libs/AIBasic.jar:/home/kramer/Downloads/RobotArena-master/RobotAreana/robot/build/libs/robot.jar:/home/kramer/Downloads/RobotArena-master/RobotAreana/main/build/libs/main.jar
Launcher Type: SUN_STANDARD

[Global flags]
     intx CICompilerCount                          = 3                                         {product} {ergonomic}
     uint ConcGCThreads                            = 1                                         {product} {ergonomic}
     uint G1ConcRefinementThreads                  = 4                                         {product} {ergonomic}
   size_t G1HeapRegionSize                         = 1048576                                   {product} {ergonomic}
    uintx GCDrainStackTargetSize                   = 64                                        {product} {ergonomic}
   size_t InitialHeapSize                          = 130023424                                 {product} {ergonomic}
   size_t MarkStackSize                            = 4194304                                   {product} {ergonomic}
   size_t MaxHeapSize                              = 2063597568                                {product} {ergonomic}
   size_t MaxNewSize                               = 1237319680                                {product} {ergonomic}
   size_t MinHeapDeltaBytes                        = 1048576                                   {product} {ergonomic}
    uintx NonNMethodCodeHeapSize                   = 5830092                                {pd product} {ergonomic}
    uintx NonProfiledCodeHeapSize                  = 122914074                              {pd product} {ergonomic}
    uintx ProfiledCodeHeapSize                     = 122914074                              {pd product} {ergonomic}
    uintx ReservedCodeCacheSize                    = 251658240                              {pd product} {ergonomic}
     bool SegmentedCodeCache                       = true                                      {product} {ergonomic}
     bool UseCompressedClassPointers               = true                                 {lp64_product} {ergonomic}
     bool UseCompressedOops                        = true                                 {lp64_product} {ergonomic}
     bool UseG1GC                                  = true                                      {product} {ergonomic}

Logging:
Log output configuration:
 #0: stdout all=warning uptime,level,tags
 #1: stderr all=off uptime,level,tags

Environment Variables:
PATH=/home/kramer/.local/bin:/usr/local/sbin:/usr/local/bin:/usr/sbin:/usr/bin:/sbin:/bin:/usr/games:/usr/local/games:/snap/bin
USERNAME=kramer
LD_LIBRARY_PATH=/home/kramer/Downloads/RobotArena-master/RobotAreana/AIBasic/build/libs/mynativelibrary/shared
SHELL=/bin/bash
DISPLAY=:0

Signal Handlers:
SIGSEGV: [libjvm.so+0xd1cc80], sa_mask[0]=11111111011111111101111111111110, sa_flags=SA_RESTART|SA_SIGINFO
SIGBUS: [libjvm.so+0xd1cc80], sa_mask[0]=11111111011111111101111111111110, sa_flags=SA_RESTART|SA_SIGINFO
SIGFPE: [libjvm.so+0xd1cc80], sa_mask[0]=11111111011111111101111111111110, sa_flags=SA_RESTART|SA_SIGINFO
SIGPIPE: SIG_IGN, sa_mask[0]=00000000000010000000000000000000, sa_flags=SA_RESTART
SIGXFSZ: [libjvm.so+0xb239a0], sa_mask[0]=11111111011111111101111111111110, sa_flags=SA_RESTART|SA_SIGINFO
SIGILL: [libjvm.so+0xd1cc80], sa_mask[0]=11111111011111111101111111111110, sa_flags=SA_RESTART|SA_SIGINFO
SIGUSR2: [libjvm.so+0xb23830], sa_mask[0]=00100000000000000000000000000000, sa_flags=SA_RESTART|SA_SIGINFO
SIGHUP: [libjvm.so+0xb23ce0], sa_mask[0]=11111111011111111101111111111110, sa_flags=SA_RESTART|SA_SIGINFO
SIGINT: [libjvm.so+0xb23ce0], sa_mask[0]=11111111011111111101111111111110, sa_flags=SA_RESTART|SA_SIGINFO
SIGTERM: [libjvm.so+0xb23ce0], sa_mask[0]=11111111011111111101111111111110, sa_flags=SA_RESTART|SA_SIGINFO
SIGQUIT: [libjvm.so+0xb23ce0], sa_mask[0]=11111111011111111101111111111110, sa_flags=SA_RESTART|SA_SIGINFO


---------------  S Y S T E M  ---------------

OS:DISTRIB_ID=Ubuntu
DISTRIB_RELEASE=19.04
DISTRIB_CODENAME=disco
DISTRIB_DESCRIPTION="Ubuntu 19.04"
uname:Linux 5.0.0-32-generic #34-Ubuntu SMP Wed Oct 2 02:06:48 UTC 2019 x86_64
libc:glibc 2.29 NPTL 2.29 
rlimit: STACK 8192k, CORE 0k, NPROC 31283, NOFILE 524288, AS infinity, DATA infinity, FSIZE infinity
load average:1.43 1.08 0.89

/proc/meminfo:
MemTotal:        8057228 kB
MemFree:          963328 kB
MemAvailable:    1823320 kB
Buffers:          217012 kB
Cached:           991840 kB
SwapCached:         1800 kB
Active:          5164588 kB
Inactive:        1466260 kB
Active(anon):    4615408 kB
Inactive(anon):  1000660 kB
Active(file):     549180 kB
Inactive(file):   465600 kB
Unevictable:         196 kB
Mlocked:              16 kB
SwapTotal:       2097148 kB
SwapFree:        2075132 kB
Dirty:              1884 kB
Writeback:             0 kB
AnonPages:       5420712 kB
Mapped:           678384 kB
Shmem:            220292 kB
KReclaimable:     135088 kB
Slab:             243904 kB
SReclaimable:     135088 kB
SUnreclaim:       108816 kB
KernelStack:       17600 kB
PageTables:        51944 kB
NFS_Unstable:          0 kB
Bounce:                0 kB
WritebackTmp:          0 kB
CommitLimit:     6125760 kB
Committed_AS:   25233696 kB
VmallocTotal:   34359738367 kB
VmallocUsed:           0 kB
VmallocChunk:          0 kB
Percpu:             2288 kB
HardwareCorrupted:     0 kB
AnonHugePages:         0 kB
ShmemHugePages:        0 kB
ShmemPmdMapped:        0 kB
CmaTotal:              0 kB
CmaFree:               0 kB
HugePages_Total:       0
HugePages_Free:        0
HugePages_Rsvd:        0
HugePages_Surp:        0
Hugepagesize:       2048 kB
Hugetlb:               0 kB
DirectMap4k:      289328 kB
DirectMap2M:     6942720 kB
DirectMap1G:     1048576 kB


/proc/sys/kernel/threads-max (system-wide limit on the number of threads):
62566


/proc/sys/vm/max_map_count (maximum number of memory map areas a process may have):
65530


/proc/sys/kernel/pid_max (system-wide limit on number of process identifiers):
32768



container (cgroup) information:
container_type: cgroupv1
cpu_cpuset_cpus: 0-3
cpu_memory_nodes: 0
active_processor_count: 4
cpu_quota: -1
cpu_period: 100000
cpu_shares: -1
memory_limit_in_bytes: -1
memory_and_swap_limit_in_bytes: -2
memory_soft_limit_in_bytes: -1
memory_usage_in_bytes: 1125888000
memory_max_usage_in_bytes: 1325469696

Steal ticks since vm start: 0
Steal ticks percentage since vm start:  0.000

CPU:total 4 (initial active 4) (4 cores per cpu, 1 threads per core) family 6 model 60 stepping 3, cmov, cx8, fxsr, mmx, sse, sse2, sse3, ssse3, sse4.1, sse4.2, popcnt, avx, avx2, aes, clmul, erms, lzcnt, tsc, tscinvbit, bmi1, bmi2, fma
CPU Model and flags from /proc/cpuinfo:
model name	: Intel(R) Core(TM) i5-4690 CPU @ 3.50GHz
flags		: fpu vme de pse tsc msr pae mce cx8 apic sep mtrr pge mca cmov pat pse36 clflush dts acpi mmx fxsr sse sse2 ss ht tm pbe syscall nx pdpe1gb rdtscp lm constant_tsc arch_perfmon pebs bts rep_good nopl xtopology nonstop_tsc cpuid aperfmperf pni pclmulqdq dtes64 monitor ds_cpl vmx smx est tm2 ssse3 sdbg fma cx16 xtpr pdcm pcid sse4_1 sse4_2 x2apic movbe popcnt tsc_deadline_timer aes xsave avx f16c rdrand lahf_lm abm cpuid_fault invpcid_single pti ssbd ibrs ibpb stibp tpr_shadow vnmi flexpriority ept vpid ept_ad fsgsbase tsc_adjust bmi1 avx2 smep bmi2 erms invpcid xsaveopt dtherm ida arat pln pts md_clear flush_l1d

Memory: 4k page, physical 8057228k(963328k free), swap 2097148k(2075132k free)

vm_info: OpenJDK 64-Bit Server VM (11.0.4+11-post-Ubuntu-1ubuntu219.04) for linux-amd64 JRE (11.0.4+11-post-Ubuntu-1ubuntu219.04), built on Jul 18 2019 18:21:46 by "buildd" with gcc 8.3.0

END.
