#
# A fatal error has been detected by the Java Runtime Environment:
#
#  SIGSEGV (0xb) at pc=0x00007ffb69a4462b, pid=9950, tid=9974
#
# JRE version: OpenJDK Runtime Environment (11.0.4+11) (build 11.0.4+11-post-Ubuntu-1ubuntu219.04)
# Java VM: OpenJDK 64-Bit Server VM (11.0.4+11-post-Ubuntu-1ubuntu219.04, mixed mode, sharing, tiered, compressed oops, g1 gc, linux-amd64)
# Problematic frame:
# V  [libjvm.so+0x86462b]
#
# Core dump will be written. Default location: Core dumps may be processed with "/usr/share/apport/apport %p %s %c %d %P" (or dumping to /home/kramer/Downloads/RobotArena-master/RobotAreana/start/core.9950)
#
# If you would like to submit a bug report, please visit:
#   https://bugs.launchpad.net/ubuntu/+source/openjdk-lts
#

---------------  S U M M A R Y ------------

Command Line: -Dfile.encoding=UTF-8 -Duser.country=AU -Duser.language=en -Duser.variant ExampleSwingApp

Host: Intel(R) Core(TM) i5-4690 CPU @ 3.50GHz, 4 cores, 7G, Ubuntu 19.04
Time: Mon Oct 28 19:29:34 2019 AWST elapsed time: 1 seconds (0d 0h 0m 1s)

---------------  T H R E A D  ---------------

Current thread (0x00007ffb642fd000):  JavaThread "Thomas" [_thread_in_vm, id=9974, stack(0x00007ffb1865f000,0x00007ffb18760000)]

Stack: [0x00007ffb1865f000,0x00007ffb18760000],  sp=0x00007ffb1875e650,  free space=1021k
Native frames: (J=compiled Java code, A=aot compiled Java code, j=interpreted, Vv=VM code, C=native code)
V  [libjvm.so+0x86462b]
C  [libmynativelibrary.so+0x1231]  Java_CRobot_startCPP+0x12c
j  CRobot.startCPP(LRobotControl;)V+0
j  CRobot$1.run()V+8
j  java.lang.Thread.run()V+11 java.base@11.0.4
v  ~StubRoutines::call_stub
V  [libjvm.so+0x7f40b1]
V  [libjvm.so+0x7f2550]
V  [libjvm.so+0x7f260b]
V  [libjvm.so+0x88e63c]
V  [libjvm.so+0xcc0060]
V  [libjvm.so+0xcc0350]
V  [libjvm.so+0xcbbee4]
V  [libjvm.so+0xb2cbee]

Java frames: (J=compiled Java code, j=interpreted, Vv=VM code)
j  CRobot.startCPP(LRobotControl;)V+0
j  CRobot$1.run()V+8
j  java.lang.Thread.run()V+11 java.base@11.0.4
v  ~StubRoutines::call_stub

siginfo: si_signo: 11 (SIGSEGV), si_code: 1 (SEGV_MAPERR), si_addr: 0x0000000000000000

Register to memory mapping:

RAX=0x00007ffb1875e6f0 is pointing into the stack for thread: 0x00007ffb642fd000
RBX=0x00007ffb642fd000 is a thread
RCX=0x00007ffb69a44550: <offset 0x0000000000864550> in /usr/lib/jvm/java-11-openjdk-amd64/lib/server/libjvm.so at 0x00007ffb691e0000
RDX=0x00007ffb642fa680 points into unknown readable memory: d8 a5 ed 8b 00 00 00 00
RSP=0x00007ffb1875e650 is pointing into the stack for thread: 0x00007ffb642fd000
RBP=0x00007ffb1875e7d0 is pointing into the stack for thread: 0x00007ffb642fd000
RSI=0x00007ffb642fd000 is a thread
RDI=0x00007ffb1875e6b0 is pointing into the stack for thread: 0x00007ffb642fd000
R8 =0x0 is NULL
R9 =0x00007ffb1875e2e4 is pointing into the stack for thread: 0x00007ffb642fd000
R10=0x00007ffb69fab264: <offset 0x0000000000dcb264> in /usr/lib/jvm/java-11-openjdk-amd64/lib/server/libjvm.so at 0x00007ffb691e0000
R11=0x0000000000000554 is an unknown value
R12=0x00007ffb1875e6b0 is pointing into the stack for thread: 0x00007ffb642fd000
R13=0x00007ffb642fd340 points into unknown readable memory: e0 cf 26 6a fb 7f 00 00
R14=0x0 is NULL
R15=0x00007ffb1875e8d0 is pointing into the stack for thread: 0x00007ffb642fd000


Registers:
RAX=0x00007ffb1875e6f0, RBX=0x00007ffb642fd000, RCX=0x00007ffb69a44550, RDX=0x00007ffb642fa680
RSP=0x00007ffb1875e650, RBP=0x00007ffb1875e7d0, RSI=0x00007ffb642fd000, RDI=0x00007ffb1875e6b0
R8 =0x0000000000000000, R9 =0x00007ffb1875e2e4, R10=0x00007ffb69fab264, R11=0x0000000000000554
R12=0x00007ffb1875e6b0, R13=0x00007ffb642fd340, R14=0x0000000000000000, R15=0x00007ffb1875e8d0
RIP=0x00007ffb69a4462b, EFLAGS=0x0000000000010202, CSGSFS=0x002b000000000033, ERR=0x0000000000000004
  TRAPNO=0x000000000000000e

Top of Stack: (sp=0x00007ffb1875e650)
0x00007ffb1875e650:   00007ffb640eb170 00007ffb642fd000
0x00007ffb1875e660:   00007ffb18c8303f 00007ffb69fbfaf8
0x00007ffb1875e670:   0000000000000554 0000000800000018
0x00007ffb1875e680:   00007ffb1875e7e0 00007ffb1875e6f0 

Instructions: (pc=0x00007ffb69a4462b)
0x00007ffb69a4452b:   89 e0 5b 41 5c 41 5d 41 5e 41 5f 5d c3 0f 1f 84
0x00007ffb69a4453b:   00 00 00 00 00 48 89 df 31 db e8 66 2d 45 00 e9
0x00007ffb69a4454b:   ab fe ff ff 90 55 48 89 e5 41 57 49 89 f7 41 56
0x00007ffb69a4455b:   49 89 d6 41 55 49 89 fd 41 54 53 48 81 ec 58 01
0x00007ffb69a4456b:   00 00 48 89 8d 38 ff ff ff 4c 89 85 40 ff ff ff
0x00007ffb69a4457b:   4c 89 8d 48 ff ff ff 84 c0 74 29 0f 29 85 50 ff
0x00007ffb69a4458b:   ff ff 0f 29 8d 60 ff ff ff 0f 29 95 70 ff ff ff
0x00007ffb69a4459b:   0f 29 5d 80 0f 29 65 90 0f 29 6d a0 0f 29 75 b0
0x00007ffb69a445ab:   0f 29 7d c0 49 8d 9d c0 fc ff ff 8b 83 d0 03 00
0x00007ffb69a445bb:   00 2d ab de 00 00 83 f8 01 0f 87 46 01 00 00 48
0x00007ffb69a445cb:   89 df 48 89 9d 88 fe ff ff e8 c7 69 ff ff 48 83
0x00007ffb69a445db:   7b 08 00 48 89 9d c0 fe ff ff 48 c7 85 c8 fe ff
0x00007ffb69a445eb:   ff 00 00 00 00 74 0c 48 8d bd c0 fe ff ff e8 02
0x00007ffb69a445fb:   0e 32 00 48 8d 45 10 4c 8d a5 e0 fe ff ff c7 85
0x00007ffb69a4460b:   a8 fe ff ff 18 00 00 00 48 89 85 b0 fe ff ff 48
0x00007ffb69a4461b:   8d 85 20 ff ff ff 4c 89 e7 48 89 85 b8 fe ff ff
0x00007ffb69a4462b:   49 8b 06 c7 85 ac fe ff ff 30 00 00 00 c7 85 90
0x00007ffb69a4463b:   fe ff ff 0c 00 00 00 48 8b 40 08 0f b7 50 2c 48
0x00007ffb69a4464b:   8b 40 08 48 8b 74 d0 40 e8 78 53 3a 00 4d 89 e0
0x00007ffb69a4465b:   49 89 d9 4c 89 f1 48 8d 05 f0 20 77 00 4c 89 fa
0x00007ffb69a4466b:   4c 89 ef 45 31 e4 48 89 85 e0 fe ff ff f3 0f 6f
0x00007ffb69a4467b:   85 a8 fe ff ff 48 8d b5 90 fe ff ff 48 8b 85 b8
0x00007ffb69a4468b:   fe ff ff c7 85 f8 fe ff ff 63 00 00 00 48 c7 85
0x00007ffb69a4469b:   00 ff ff ff 00 00 00 00 0f 11 85 08 ff ff ff 48
0x00007ffb69a446ab:   89 85 18 ff ff ff e8 fa f3 ff ff 48 83 7b 08 00
0x00007ffb69a446bb:   75 07 4c 8b a5 98 fe ff ff 48 83 bd c8 fe ff ff
0x00007ffb69a446cb:   00 74 0c 48 8d bd c0 fe ff ff e8 76 0d 32 00 48
0x00007ffb69a446db:   8b bb f0 00 00 00 e8 1a e3 00 00 48 8d bd 88 fe
0x00007ffb69a446eb:   ff ff e8 fe e3 00 00 48 81 c4 58 01 00 00 4c 89
0x00007ffb69a446fb:   e0 5b 41 5c 41 5d 41 5e 41 5f 5d c3 66 0f 1f 84
0x00007ffb69a4470b:   00 00 00 00 00 48 89 df 31 db e8 96 2b 45 00 e9
0x00007ffb69a4471b:   ab fe ff ff 90 55 48 89 e5 41 57 49 89 f7 41 56 


Stack slot to memory mapping:
stack at sp + 0 slots: 0x00007ffb640eb170 points into unknown readable memory: 00 00 00 00 00 00 00 00
stack at sp + 1 slots: 0x00007ffb642fd000 is a thread
stack at sp + 2 slots: 0x00007ffb18c8303f: <offset 0x000000000000203f> in /home/kramer/Downloads/RobotArena-master/RobotAreana/AIBasic/build/libs/mynativelibrary/shared/libmynativelibrary.so at 0x00007ffb18c81000
stack at sp + 3 slots: 0x00007ffb69fbfaf8: <offset 0x0000000000ddfaf8> in /usr/lib/jvm/java-11-openjdk-amd64/lib/server/libjvm.so at 0x00007ffb691e0000
stack at sp + 4 slots: 0x0000000000000554 is an unknown value
stack at sp + 5 slots: 0x0000000800000018 is pointing into metadata
stack at sp + 6 slots: 0x00007ffb1875e7e0 is pointing into the stack for thread: 0x00007ffb642fd000
stack at sp + 7 slots: 0x00007ffb1875e6f0 is pointing into the stack for thread: 0x00007ffb642fd000


---------------  P R O C E S S  ---------------

Threads class SMR info:
_java_thread_list=0x00007ffb64301c10, length=15, elements={
0x00007ffb64011800, 0x00007ffb64107000, 0x00007ffb64109000, 0x00007ffb6410e800,
0x00007ffb64110800, 0x00007ffb64112800, 0x00007ffb64114800, 0x00007ffb64144000,
0x00007ffb6414c800, 0x00007ffb642cb000, 0x00007ffb642cc800, 0x00007ffb642f5000,
0x00007ffb642fd000, 0x00007ffb642ff000, 0x00007ffb64300800
}

Java Threads: ( => current thread )
  0x00007ffb64011800 JavaThread "main" [_thread_in_Java, id=9951, stack(0x00007ffb68d95000,0x00007ffb68e96000)]
  0x00007ffb64107000 JavaThread "Reference Handler" daemon [_thread_blocked, id=9958, stack(0x00007ffb3d277000,0x00007ffb3d378000)]
  0x00007ffb64109000 JavaThread "Finalizer" daemon [_thread_blocked, id=9959, stack(0x00007ffb3d176000,0x00007ffb3d277000)]
  0x00007ffb6410e800 JavaThread "Signal Dispatcher" daemon [_thread_blocked, id=9961, stack(0x00007ffb3c29a000,0x00007ffb3c39b000)]
  0x00007ffb64110800 JavaThread "C2 CompilerThread0" daemon [_thread_blocked, id=9962, stack(0x00007ffb3c199000,0x00007ffb3c29a000)]
  0x00007ffb64112800 JavaThread "C1 CompilerThread0" daemon [_thread_blocked, id=9963, stack(0x00007ffb3c098000,0x00007ffb3c199000)]
  0x00007ffb64114800 JavaThread "Sweeper thread" daemon [_thread_blocked, id=9964, stack(0x00007ffb1beff000,0x00007ffb1c000000)]
  0x00007ffb64144000 JavaThread "Service Thread" daemon [_thread_blocked, id=9965, stack(0x00007ffb1bdfe000,0x00007ffb1beff000)]
  0x00007ffb6414c800 JavaThread "Common-Cleaner" daemon [_thread_blocked, id=9967, stack(0x00007ffb1bbfb000,0x00007ffb1bcfc000)]
  0x00007ffb642cb000 JavaThread "Java2D Disposer" daemon [_thread_blocked, id=9971, stack(0x00007ffb18962000,0x00007ffb18a63000)]
  0x00007ffb642cc800 JavaThread "AWT-XAWT" daemon [_thread_in_native, id=9972, stack(0x00007ffb18861000,0x00007ffb18962000)]
  0x00007ffb642f5000 JavaThread "Image Fetcher 0" daemon [_thread_blocked, id=9973, stack(0x00007ffb18760000,0x00007ffb18861000)]
=>0x00007ffb642fd000 JavaThread "Thomas" [_thread_in_vm, id=9974, stack(0x00007ffb1865f000,0x00007ffb18760000)]
  0x00007ffb642ff000 JavaThread "Thomas" [_thread_blocked, id=9975, stack(0x00007ffb1855e000,0x00007ffb1865f000)]
  0x00007ffb64300800 JavaThread "Thomas" [_thread_in_vm, id=9976, stack(0x00007ffb1845d000,0x00007ffb1855e000)]

Other Threads:
  0x00007ffb64104000 VMThread "VM Thread" [stack: 0x00007ffb3d37a000,0x00007ffb3d47a000] [id=9957] _threads_hazard_ptr=0x00007ffb64301c10
  0x00007ffb64146800 WatcherThread [stack: 0x00007ffb1bcfe000,0x00007ffb1bdfe000] [id=9966]
  0x00007ffb64027000 GCTaskThread "GC Thread#0" [stack: 0x00007ffb68a49000,0x00007ffb68b49000] [id=9952]
  0x00007ffb64058000 ConcurrentGCThread "G1 Main Marker" [stack: 0x00007ffb68129000,0x00007ffb68229000] [id=9953]
  0x00007ffb6405a000 ConcurrentGCThread "G1 Conc#0" [stack: 0x00007ffb68027000,0x00007ffb68127000] [id=9954]
  0x00007ffb640d2000 ConcurrentGCThread "G1 Refine#0" [stack: 0x00007ffb3ddff000,0x00007ffb3deff000] [id=9955]
  0x00007ffb640d3800 ConcurrentGCThread "G1 Young RemSet Sampling" [stack: 0x00007ffb3dcfd000,0x00007ffb3ddfd000] [id=9956]

Threads with active compile tasks:
C2 CompilerThread0 634       4       sun.awt.image.PNGImageDecoder::filterRow (459 bytes)

VM state:synchronizing (normal execution)

VM Mutex/Monitor currently owned by a thread:  ([mutex/lock_event])
[0x00007ffb6400e2d0] Safepoint_lock - owner thread: 0x00007ffb64104000
[0x00007ffb6400e360] Threads_lock - owner thread: 0x00007ffb64104000
[0x00007ffb6400eab0] Heap_lock - owner thread: 0x00007ffb64300800

Heap address: 0x0000000085000000, size: 1968 MB, Compressed Oops mode: 32-bit
Narrow klass base: 0x0000000800000000, Narrow klass shift: 3
Compressed class space size: 1073741824 Address: 0x0000000840000000

Heap:
 garbage-first heap   total 129024K, used 23160K [0x0000000085000000, 0x0000000100000000)
  region size 1024K, 14 young (14336K), 0 survivors (0K)
 Metaspace       used 5256K, capacity 5596K, committed 6016K, reserved 1056768K
  class space    used 585K, capacity 769K, committed 896K, reserved 1048576K
Heap Regions: E=young(eden), S=young(survivor), O=old, HS=humongous(starts), HC=humongous(continues), CS=collection set, F=free, A=archive, TAMS=top-at-mark-start (previous, next)
|   0|0x0000000085000000, 0x0000000085100000, 0x0000000085100000|100%|HS|  |TAMS 0x0000000085000000, 0x0000000085000000| Complete 
|   1|0x0000000085100000, 0x0000000085200000, 0x0000000085200000|100%|HC|  |TAMS 0x0000000085100000, 0x0000000085100000| Complete 
|   2|0x0000000085200000, 0x0000000085300000, 0x0000000085300000|100%|HC|  |TAMS 0x0000000085200000, 0x0000000085200000| Complete 
|   3|0x0000000085300000, 0x0000000085400000, 0x0000000085400000|100%|HC|  |TAMS 0x0000000085300000, 0x0000000085300000| Complete 
|   4|0x0000000085400000, 0x0000000085500000, 0x0000000085500000|100%|HC|  |TAMS 0x0000000085400000, 0x0000000085400000| Complete 
|   5|0x0000000085500000, 0x0000000085600000, 0x0000000085600000|100%|HC|  |TAMS 0x0000000085500000, 0x0000000085500000| Complete 
|   6|0x0000000085600000, 0x0000000085700000, 0x0000000085700000|100%|HC|  |TAMS 0x0000000085600000, 0x0000000085600000| Complete 
|   7|0x0000000085700000, 0x0000000085800000, 0x0000000085800000|100%|HC|  |TAMS 0x0000000085700000, 0x0000000085700000| Complete 
|   8|0x0000000085800000, 0x0000000085800000, 0x0000000085900000|  0%| F|  |TAMS 0x0000000085800000, 0x0000000085800000| Untracked 
|   9|0x0000000085900000, 0x0000000085900000, 0x0000000085a00000|  0%| F|  |TAMS 0x0000000085900000, 0x0000000085900000| Untracked 
|  10|0x0000000085a00000, 0x0000000085a00000, 0x0000000085b00000|  0%| F|  |TAMS 0x0000000085a00000, 0x0000000085a00000| Untracked 
|  11|0x0000000085b00000, 0x0000000085b00000, 0x0000000085c00000|  0%| F|  |TAMS 0x0000000085b00000, 0x0000000085b00000| Untracked 
|  12|0x0000000085c00000, 0x0000000085c00000, 0x0000000085d00000|  0%| F|  |TAMS 0x0000000085c00000, 0x0000000085c00000| Untracked 
|  13|0x0000000085d00000, 0x0000000085d00000, 0x0000000085e00000|  0%| F|  |TAMS 0x0000000085d00000, 0x0000000085d00000| Untracked 
|  14|0x0000000085e00000, 0x0000000085e00000, 0x0000000085f00000|  0%| F|  |TAMS 0x0000000085e00000, 0x0000000085e00000| Untracked 
|  15|0x0000000085f00000, 0x0000000085f00000, 0x0000000086000000|  0%| F|  |TAMS 0x0000000085f00000, 0x0000000085f00000| Untracked 
|  16|0x0000000086000000, 0x0000000086000000, 0x0000000086100000|  0%| F|  |TAMS 0x0000000086000000, 0x0000000086000000| Untracked 
|  17|0x0000000086100000, 0x0000000086100000, 0x0000000086200000|  0%| F|  |TAMS 0x0000000086100000, 0x0000000086100000| Untracked 
|  18|0x0000000086200000, 0x0000000086200000, 0x0000000086300000|  0%| F|  |TAMS 0x0000000086200000, 0x0000000086200000| Untracked 
|  19|0x0000000086300000, 0x0000000086300000, 0x0000000086400000|  0%| F|  |TAMS 0x0000000086300000, 0x0000000086300000| Untracked 
|  20|0x0000000086400000, 0x0000000086400000, 0x0000000086500000|  0%| F|  |TAMS 0x0000000086400000, 0x0000000086400000| Untracked 
|  21|0x0000000086500000, 0x0000000086500000, 0x0000000086600000|  0%| F|  |TAMS 0x0000000086500000, 0x0000000086500000| Untracked 
|  22|0x0000000086600000, 0x0000000086600000, 0x0000000086700000|  0%| F|  |TAMS 0x0000000086600000, 0x0000000086600000| Untracked 
|  23|0x0000000086700000, 0x0000000086700000, 0x0000000086800000|  0%| F|  |TAMS 0x0000000086700000, 0x0000000086700000| Untracked 
|  24|0x0000000086800000, 0x0000000086800000, 0x0000000086900000|  0%| F|  |TAMS 0x0000000086800000, 0x0000000086800000| Untracked 
|  25|0x0000000086900000, 0x0000000086900000, 0x0000000086a00000|  0%| F|  |TAMS 0x0000000086900000, 0x0000000086900000| Untracked 
|  26|0x0000000086a00000, 0x0000000086a00000, 0x0000000086b00000|  0%| F|  |TAMS 0x0000000086a00000, 0x0000000086a00000| Untracked 
|  27|0x0000000086b00000, 0x0000000086b00000, 0x0000000086c00000|  0%| F|  |TAMS 0x0000000086b00000, 0x0000000086b00000| Untracked 
|  28|0x0000000086c00000, 0x0000000086c00000, 0x0000000086d00000|  0%| F|  |TAMS 0x0000000086c00000, 0x0000000086c00000| Untracked 
|  29|0x0000000086d00000, 0x0000000086d00000, 0x0000000086e00000|  0%| F|  |TAMS 0x0000000086d00000, 0x0000000086d00000| Untracked 
|  30|0x0000000086e00000, 0x0000000086e00000, 0x0000000086f00000|  0%| F|  |TAMS 0x0000000086e00000, 0x0000000086e00000| Untracked 
|  31|0x0000000086f00000, 0x0000000086f00000, 0x0000000087000000|  0%| F|  |TAMS 0x0000000086f00000, 0x0000000086f00000| Untracked 
|  32|0x0000000087000000, 0x0000000087000000, 0x0000000087100000|  0%| F|  |TAMS 0x0000000087000000, 0x0000000087000000| Untracked 
|  33|0x0000000087100000, 0x0000000087100000, 0x0000000087200000|  0%| F|  |TAMS 0x0000000087100000, 0x0000000087100000| Untracked 
|  34|0x0000000087200000, 0x0000000087200000, 0x0000000087300000|  0%| F|  |TAMS 0x0000000087200000, 0x0000000087200000| Untracked 
|  35|0x0000000087300000, 0x0000000087300000, 0x0000000087400000|  0%| F|  |TAMS 0x0000000087300000, 0x0000000087300000| Untracked 
|  36|0x0000000087400000, 0x0000000087400000, 0x0000000087500000|  0%| F|  |TAMS 0x0000000087400000, 0x0000000087400000| Untracked 
|  37|0x0000000087500000, 0x0000000087500000, 0x0000000087600000|  0%| F|  |TAMS 0x0000000087500000, 0x0000000087500000| Untracked 
|  38|0x0000000087600000, 0x0000000087600000, 0x0000000087700000|  0%| F|  |TAMS 0x0000000087600000, 0x0000000087600000| Untracked 
|  39|0x0000000087700000, 0x0000000087700000, 0x0000000087800000|  0%| F|  |TAMS 0x0000000087700000, 0x0000000087700000| Untracked 
|  40|0x0000000087800000, 0x0000000087800000, 0x0000000087900000|  0%| F|  |TAMS 0x0000000087800000, 0x0000000087800000| Untracked 
|  41|0x0000000087900000, 0x0000000087900000, 0x0000000087a00000|  0%| F|  |TAMS 0x0000000087900000, 0x0000000087900000| Untracked 
|  42|0x0000000087a00000, 0x0000000087a00000, 0x0000000087b00000|  0%| F|  |TAMS 0x0000000087a00000, 0x0000000087a00000| Untracked 
|  43|0x0000000087b00000, 0x0000000087b00000, 0x0000000087c00000|  0%| F|  |TAMS 0x0000000087b00000, 0x0000000087b00000| Untracked 
|  44|0x0000000087c00000, 0x0000000087c00000, 0x0000000087d00000|  0%| F|  |TAMS 0x0000000087c00000, 0x0000000087c00000| Untracked 
|  45|0x0000000087d00000, 0x0000000087d00000, 0x0000000087e00000|  0%| F|  |TAMS 0x0000000087d00000, 0x0000000087d00000| Untracked 
|  46|0x0000000087e00000, 0x0000000087e00000, 0x0000000087f00000|  0%| F|  |TAMS 0x0000000087e00000, 0x0000000087e00000| Untracked 
|  47|0x0000000087f00000, 0x0000000087f00000, 0x0000000088000000|  0%| F|  |TAMS 0x0000000087f00000, 0x0000000087f00000| Untracked 
|  48|0x0000000088000000, 0x0000000088000000, 0x0000000088100000|  0%| F|  |TAMS 0x0000000088000000, 0x0000000088000000| Untracked 
|  49|0x0000000088100000, 0x0000000088100000, 0x0000000088200000|  0%| F|  |TAMS 0x0000000088100000, 0x0000000088100000| Untracked 
|  50|0x0000000088200000, 0x0000000088200000, 0x0000000088300000|  0%| F|  |TAMS 0x0000000088200000, 0x0000000088200000| Untracked 
|  51|0x0000000088300000, 0x0000000088300000, 0x0000000088400000|  0%| F|  |TAMS 0x0000000088300000, 0x0000000088300000| Untracked 
|  52|0x0000000088400000, 0x0000000088400000, 0x0000000088500000|  0%| F|  |TAMS 0x0000000088400000, 0x0000000088400000| Untracked 
|  53|0x0000000088500000, 0x0000000088500000, 0x0000000088600000|  0%| F|  |TAMS 0x0000000088500000, 0x0000000088500000| Untracked 
|  54|0x0000000088600000, 0x0000000088600000, 0x0000000088700000|  0%| F|  |TAMS 0x0000000088600000, 0x0000000088600000| Untracked 
|  55|0x0000000088700000, 0x0000000088700000, 0x0000000088800000|  0%| F|  |TAMS 0x0000000088700000, 0x0000000088700000| Untracked 
|  56|0x0000000088800000, 0x0000000088800000, 0x0000000088900000|  0%| F|  |TAMS 0x0000000088800000, 0x0000000088800000| Untracked 
|  57|0x0000000088900000, 0x0000000088900000, 0x0000000088a00000|  0%| F|  |TAMS 0x0000000088900000, 0x0000000088900000| Untracked 
|  58|0x0000000088a00000, 0x0000000088a00000, 0x0000000088b00000|  0%| F|  |TAMS 0x0000000088a00000, 0x0000000088a00000| Untracked 
|  59|0x0000000088b00000, 0x0000000088b00000, 0x0000000088c00000|  0%| F|  |TAMS 0x0000000088b00000, 0x0000000088b00000| Untracked 
|  60|0x0000000088c00000, 0x0000000088c00000, 0x0000000088d00000|  0%| F|  |TAMS 0x0000000088c00000, 0x0000000088c00000| Untracked 
|  61|0x0000000088d00000, 0x0000000088d00000, 0x0000000088e00000|  0%| F|  |TAMS 0x0000000088d00000, 0x0000000088d00000| Untracked 
|  62|0x0000000088e00000, 0x0000000088e00000, 0x0000000088f00000|  0%| F|  |TAMS 0x0000000088e00000, 0x0000000088e00000| Untracked 
|  63|0x0000000088f00000, 0x0000000088f00000, 0x0000000089000000|  0%| F|  |TAMS 0x0000000088f00000, 0x0000000088f00000| Untracked 
|  64|0x0000000089000000, 0x0000000089000000, 0x0000000089100000|  0%| F|  |TAMS 0x0000000089000000, 0x0000000089000000| Untracked 
|  65|0x0000000089100000, 0x0000000089100000, 0x0000000089200000|  0%| F|  |TAMS 0x0000000089100000, 0x0000000089100000| Untracked 
|  66|0x0000000089200000, 0x0000000089200000, 0x0000000089300000|  0%| F|  |TAMS 0x0000000089200000, 0x0000000089200000| Untracked 
|  67|0x0000000089300000, 0x0000000089300000, 0x0000000089400000|  0%| F|  |TAMS 0x0000000089300000, 0x0000000089300000| Untracked 
|  68|0x0000000089400000, 0x0000000089400000, 0x0000000089500000|  0%| F|  |TAMS 0x0000000089400000, 0x0000000089400000| Untracked 
|  69|0x0000000089500000, 0x0000000089500000, 0x0000000089600000|  0%| F|  |TAMS 0x0000000089500000, 0x0000000089500000| Untracked 
|  70|0x0000000089600000, 0x0000000089600000, 0x0000000089700000|  0%| F|  |TAMS 0x0000000089600000, 0x0000000089600000| Untracked 
|  71|0x0000000089700000, 0x0000000089700000, 0x0000000089800000|  0%| F|  |TAMS 0x0000000089700000, 0x0000000089700000| Untracked 
|  72|0x0000000089800000, 0x0000000089800000, 0x0000000089900000|  0%| F|  |TAMS 0x0000000089800000, 0x0000000089800000| Untracked 
|  73|0x0000000089900000, 0x0000000089900000, 0x0000000089a00000|  0%| F|  |TAMS 0x0000000089900000, 0x0000000089900000| Untracked 
|  74|0x0000000089a00000, 0x0000000089a00000, 0x0000000089b00000|  0%| F|  |TAMS 0x0000000089a00000, 0x0000000089a00000| Untracked 
|  75|0x0000000089b00000, 0x0000000089b00000, 0x0000000089c00000|  0%| F|  |TAMS 0x0000000089b00000, 0x0000000089b00000| Untracked 
|  76|0x0000000089c00000, 0x0000000089c00000, 0x0000000089d00000|  0%| F|  |TAMS 0x0000000089c00000, 0x0000000089c00000| Untracked 
|  77|0x0000000089d00000, 0x0000000089d00000, 0x0000000089e00000|  0%| F|  |TAMS 0x0000000089d00000, 0x0000000089d00000| Untracked 
|  78|0x0000000089e00000, 0x0000000089e00000, 0x0000000089f00000|  0%| F|  |TAMS 0x0000000089e00000, 0x0000000089e00000| Untracked 
|  79|0x0000000089f00000, 0x0000000089f00000, 0x000000008a000000|  0%| F|  |TAMS 0x0000000089f00000, 0x0000000089f00000| Untracked 
|  80|0x000000008a000000, 0x000000008a000000, 0x000000008a100000|  0%| F|  |TAMS 0x000000008a000000, 0x000000008a000000| Untracked 
|  81|0x000000008a100000, 0x000000008a100000, 0x000000008a200000|  0%| F|  |TAMS 0x000000008a100000, 0x000000008a100000| Untracked 
|  82|0x000000008a200000, 0x000000008a200000, 0x000000008a300000|  0%| F|  |TAMS 0x000000008a200000, 0x000000008a200000| Untracked 
|  83|0x000000008a300000, 0x000000008a300000, 0x000000008a400000|  0%| F|  |TAMS 0x000000008a300000, 0x000000008a300000| Untracked 
|  84|0x000000008a400000, 0x000000008a400000, 0x000000008a500000|  0%| F|  |TAMS 0x000000008a400000, 0x000000008a400000| Untracked 
|  85|0x000000008a500000, 0x000000008a500000, 0x000000008a600000|  0%| F|  |TAMS 0x000000008a500000, 0x000000008a500000| Untracked 
|  86|0x000000008a600000, 0x000000008a600000, 0x000000008a700000|  0%| F|  |TAMS 0x000000008a600000, 0x000000008a600000| Untracked 
|  87|0x000000008a700000, 0x000000008a700000, 0x000000008a800000|  0%| F|  |TAMS 0x000000008a700000, 0x000000008a700000| Untracked 
|  88|0x000000008a800000, 0x000000008a800000, 0x000000008a900000|  0%| F|  |TAMS 0x000000008a800000, 0x000000008a800000| Untracked 
|  89|0x000000008a900000, 0x000000008a900000, 0x000000008aa00000|  0%| F|  |TAMS 0x000000008a900000, 0x000000008a900000| Untracked 
|  90|0x000000008aa00000, 0x000000008aa00000, 0x000000008ab00000|  0%| F|  |TAMS 0x000000008aa00000, 0x000000008aa00000| Untracked 
|  91|0x000000008ab00000, 0x000000008ab00000, 0x000000008ac00000|  0%| F|  |TAMS 0x000000008ab00000, 0x000000008ab00000| Untracked 
|  92|0x000000008ac00000, 0x000000008ac00000, 0x000000008ad00000|  0%| F|  |TAMS 0x000000008ac00000, 0x000000008ac00000| Untracked 
|  93|0x000000008ad00000, 0x000000008ad00000, 0x000000008ae00000|  0%| F|  |TAMS 0x000000008ad00000, 0x000000008ad00000| Untracked 
|  94|0x000000008ae00000, 0x000000008ae00000, 0x000000008af00000|  0%| F|  |TAMS 0x000000008ae00000, 0x000000008ae00000| Untracked 
|  95|0x000000008af00000, 0x000000008af00000, 0x000000008b000000|  0%| F|  |TAMS 0x000000008af00000, 0x000000008af00000| Untracked 
|  96|0x000000008b000000, 0x000000008b000000, 0x000000008b100000|  0%| F|  |TAMS 0x000000008b000000, 0x000000008b000000| Untracked 
|  97|0x000000008b100000, 0x000000008b100000, 0x000000008b200000|  0%| F|  |TAMS 0x000000008b100000, 0x000000008b100000| Untracked 
|  98|0x000000008b200000, 0x000000008b200000, 0x000000008b300000|  0%| F|  |TAMS 0x000000008b200000, 0x000000008b200000| Untracked 
|  99|0x000000008b300000, 0x000000008b300000, 0x000000008b400000|  0%| F|  |TAMS 0x000000008b300000, 0x000000008b300000| Untracked 
| 100|0x000000008b400000, 0x000000008b400000, 0x000000008b500000|  0%| F|  |TAMS 0x000000008b400000, 0x000000008b400000| Untracked 
| 101|0x000000008b500000, 0x000000008b500000, 0x000000008b600000|  0%| F|  |TAMS 0x000000008b500000, 0x000000008b500000| Untracked 
| 102|0x000000008b600000, 0x000000008b600000, 0x000000008b700000|  0%| F|  |TAMS 0x000000008b600000, 0x000000008b600000| Untracked 
| 103|0x000000008b700000, 0x000000008b700000, 0x000000008b800000|  0%| F|  |TAMS 0x000000008b700000, 0x000000008b700000| Untracked 
| 104|0x000000008b800000, 0x000000008b800000, 0x000000008b900000|  0%| F|  |TAMS 0x000000008b800000, 0x000000008b800000| Untracked 
| 105|0x000000008b900000, 0x000000008b900000, 0x000000008ba00000|  0%| F|  |TAMS 0x000000008b900000, 0x000000008b900000| Untracked 
| 106|0x000000008ba00000, 0x000000008ba00000, 0x000000008bb00000|  0%| F|  |TAMS 0x000000008ba00000, 0x000000008ba00000| Untracked 
| 107|0x000000008bb00000, 0x000000008bb00000, 0x000000008bc00000|  0%| F|  |TAMS 0x000000008bb00000, 0x000000008bb00000| Untracked 
| 108|0x000000008bc00000, 0x000000008bc00000, 0x000000008bd00000|  0%| F|  |TAMS 0x000000008bc00000, 0x000000008bc00000| Untracked 
| 109|0x000000008bd00000, 0x000000008bd00000, 0x000000008be00000|  0%| F|  |TAMS 0x000000008bd00000, 0x000000008bd00000| Untracked 
| 110|0x000000008be00000, 0x000000008bf00000, 0x000000008bf00000|100%| E|CS|TAMS 0x000000008be00000, 0x000000008be00000| Complete 
| 111|0x000000008bf00000, 0x000000008c000000, 0x000000008c000000|100%| E|CS|TAMS 0x000000008bf00000, 0x000000008bf00000| Complete 
| 112|0x000000008c000000, 0x000000008c100000, 0x000000008c100000|100%| E|CS|TAMS 0x000000008c000000, 0x000000008c000000| Complete 
| 113|0x000000008c100000, 0x000000008c200000, 0x000000008c200000|100%| E|CS|TAMS 0x000000008c100000, 0x000000008c100000| Complete 
| 114|0x000000008c200000, 0x000000008c300000, 0x000000008c300000|100%| E|CS|TAMS 0x000000008c200000, 0x000000008c200000| Complete 
| 115|0x000000008c300000, 0x000000008c400000, 0x000000008c400000|100%| E|CS|TAMS 0x000000008c300000, 0x000000008c300000| Complete 
| 116|0x000000008c400000, 0x000000008c500000, 0x000000008c500000|100%| E|CS|TAMS 0x000000008c400000, 0x000000008c400000| Complete 
| 117|0x000000008c500000, 0x000000008c600000, 0x000000008c600000|100%| E|CS|TAMS 0x000000008c500000, 0x000000008c500000| Complete 
| 118|0x000000008c600000, 0x000000008c700000, 0x000000008c700000|100%| E|CS|TAMS 0x000000008c600000, 0x000000008c600000| Complete 
| 119|0x000000008c700000, 0x000000008c800000, 0x000000008c800000|100%| E|CS|TAMS 0x000000008c700000, 0x000000008c700000| Complete 
| 120|0x000000008c800000, 0x000000008c900000, 0x000000008c900000|100%| E|CS|TAMS 0x000000008c800000, 0x000000008c800000| Complete 
| 121|0x000000008c900000, 0x000000008ca00000, 0x000000008ca00000|100%| E|CS|TAMS 0x000000008c900000, 0x000000008c900000| Complete 
| 122|0x000000008ca00000, 0x000000008cb00000, 0x000000008cb00000|100%| E|CS|TAMS 0x000000008ca00000, 0x000000008ca00000| Complete 
| 123|0x000000008cb00000, 0x000000008cc00000, 0x000000008cc00000|100%| E|CS|TAMS 0x000000008cb00000, 0x000000008cb00000| Complete 
|1966|0x00000000ffe00000, 0x00000000ffe34000, 0x00000000fff00000| 20%|OA|  |TAMS 0x00000000ffe00000, 0x00000000ffe00000| Untracked 
|1967|0x00000000fff00000, 0x00000000fff6a000, 0x0000000100000000| 41%|CA|  |TAMS 0x00000000fff00000, 0x00000000fff00000| Untracked 

Card table byte_map: [0x00007ffb4c57e000,0x00007ffb4c956000] _byte_map_base: 0x00007ffb4c156000

Marking Bits (Prev, Next): (CMBitMap*) 0x00007ffb6404f5d8, (CMBitMap*) 0x00007ffb6404f610
 Prev Bits: [0x00007ffb46140000, 0x00007ffb48000000)
 Next Bits: [0x00007ffb44280000, 0x00007ffb46140000)

Polling page: 0x00007ffb68d5c000

Metaspace:

Usage:
  Non-class:      4.71 MB capacity,     4.56 MB ( 97%) used,   127.03 KB (  3%) free+waste,    28.50 KB ( <1%) overhead. 
      Class:    769.00 KB capacity,   585.38 KB ( 76%) used,   165.49 KB ( 22%) free+waste,    18.12 KB (  2%) overhead. 
       Both:      5.46 MB capacity,     5.13 MB ( 94%) used,   292.52 KB (  5%) free+waste,    46.62 KB ( <1%) overhead. 

Virtual space:
  Non-class space:        8.00 MB reserved,       5.00 MB ( 62%) committed 
      Class space:        1.00 GB reserved,     896.00 KB ( <1%) committed 
             Both:        1.01 GB reserved,       5.88 MB ( <1%) committed 

Chunk freelists:
   Non-Class:  57.00 KB
       Class:  31.00 KB
        Both:  88.00 KB

CodeHeap 'non-profiled nmethods': size=120032Kb used=237Kb max_used=237Kb free=119794Kb
 bounds [0x00007ffb5441e000, 0x00007ffb5468e000, 0x00007ffb5b956000]
CodeHeap 'profiled nmethods': size=120032Kb used=1207Kb max_used=1207Kb free=118824Kb
 bounds [0x00007ffb4cee6000, 0x00007ffb4d156000, 0x00007ffb5441e000]
CodeHeap 'non-nmethods': size=5696Kb used=1183Kb max_used=1201Kb free=4512Kb
 bounds [0x00007ffb4c956000, 0x00007ffb4cbc6000, 0x00007ffb4cee6000]
 total_blobs=1320 nmethods=657 adapters=455
 compilation: enabled
              stopped_count=0, restarted_count=0
 full_count=0

Compilation events (10 events):
Event: 1.131 Thread 0x00007ffb64112800  655       1       java.net.URL::getHost (5 bytes)
Event: 1.131 Thread 0x00007ffb64112800 nmethod 655 0x00007ffb54458e10 code [0x00007ffb54458fc0, 0x00007ffb544590f0]
Event: 1.131 Thread 0x00007ffb64112800  656       3       java.lang.String::lastIndexOf (29 bytes)
Event: 1.132 Thread 0x00007ffb64112800 nmethod 656 0x00007ffb4d012d90 code [0x00007ffb4d012f60, 0x00007ffb4d013258]
Event: 1.132 Thread 0x00007ffb64112800  658       3       java.lang.String::lastIndexOf (12 bytes)
Event: 1.132 Thread 0x00007ffb64112800 nmethod 658 0x00007ffb4d013390 code [0x00007ffb4d013580, 0x00007ffb4d0139d8]
Event: 1.132 Thread 0x00007ffb64112800  657       3       java.lang.String::startsWith (7 bytes)
Event: 1.132 Thread 0x00007ffb64112800 nmethod 657 0x00007ffb4d013b90 code [0x00007ffb4d013d40, 0x00007ffb4d013ee8]
Event: 1.132 Thread 0x00007ffb64112800  659       1       java.net.URL::getProtocol (5 bytes)
Event: 1.133 Thread 0x00007ffb64112800 nmethod 659 0x00007ffb54459190 code [0x00007ffb54459340, 0x00007ffb54459470]

GC Heap History (0 events):
No events

Deoptimization events (10 events):
Event: 1.128 Thread 0x00007ffb642f5000 DEOPT PACKING pc=0x00007ffb4cfe2c75 sp=0x00007ffb1885f660
Event: 1.128 Thread 0x00007ffb642f5000 DEOPT UNPACKING pc=0x00007ffb4c97e83a sp=0x00007ffb1885eaf0 mode 0
Event: 1.128 Thread 0x00007ffb642f5000 DEOPT PACKING pc=0x00007ffb4cfe2c75 sp=0x00007ffb1885f660
Event: 1.128 Thread 0x00007ffb642f5000 DEOPT UNPACKING pc=0x00007ffb4c97e83a sp=0x00007ffb1885eaf0 mode 0
Event: 1.128 Thread 0x00007ffb642f5000 DEOPT PACKING pc=0x00007ffb4cfe2c75 sp=0x00007ffb1885f660
Event: 1.128 Thread 0x00007ffb642f5000 DEOPT UNPACKING pc=0x00007ffb4c97e83a sp=0x00007ffb1885eaf0 mode 0
Event: 1.129 Thread 0x00007ffb642f5000 Uncommon trap: trap_request=0xffffff4d fr.pc=0x00007ffb54457550 relative=0x0000000000000ff0
Event: 1.129 Thread 0x00007ffb642f5000 Uncommon trap: reason=unstable_if action=reinterpret pc=0x00007ffb54457550 method=sun.awt.image.PNGImageDecoder.produceImage()V @ 867 c2
Event: 1.129 Thread 0x00007ffb642f5000 DEOPT PACKING pc=0x00007ffb54457550 sp=0x00007ffb1885f6e0
Event: 1.129 Thread 0x00007ffb642f5000 DEOPT UNPACKING pc=0x00007ffb4c97ea25 sp=0x00007ffb1885f650 mode 2

Classes redefined (0 events):
No events

Internal exceptions (10 events):
Event: 0.204 Thread 0x00007ffb64011800 Exception <a 'java/lang/NoSuchMethodError'{0x000000008c8a0ea0}: 'java.lang.Object java.lang.invoke.DirectMethodHandle$Holder.invokeStatic(java.lang.Object, int, java.lang.Object, java.lang.Object, java.lang.Object)'> (0x000000008c8a0ea0) thrown at [/build
Event: 0.205 Thread 0x00007ffb64011800 Exception <a 'java/lang/NoSuchMethodError'{0x000000008c8a49e8}: 'java.lang.Object java.lang.invoke.DirectMethodHandle$Holder.invokeSpecial(java.lang.Object, java.lang.Object, int, java.lang.Object, java.lang.Object, java.lang.Object)'> (0x000000008c8a49e8
Event: 0.208 Thread 0x00007ffb64011800 Exception <a 'java/lang/NoSuchMethodError'{0x000000008c8bc298}: 'java.lang.Object java.lang.invoke.DirectMethodHandle$Holder.invokeStatic(java.lang.Object, int, java.lang.Object)'> (0x000000008c8bc298) thrown at [/build/openjdk-lts-ZT5jEu/openjdk-lts-11.0
Event: 0.965 Thread 0x00007ffb64011800 Exception <a 'java/lang/NoSuchMethodError'{0x000000008c755780}: 'java.lang.Object java.lang.invoke.DirectMethodHandle$Holder.invokeStatic(java.lang.Object, java.lang.Object, java.lang.Object, java.lang.Object, java.lang.Object, java.lang.Object, java.lang
Event: 0.967 Thread 0x00007ffb64011800 Exception <a 'java/lang/NoSuchMethodError'{0x000000008c76f6e0}: 'java.lang.Object java.lang.invoke.DirectMethodHandle$Holder.invokeStatic(java.lang.Object, java.lang.Object, java.lang.Object, java.lang.Object, java.lang.Object, java.lang.Object, java.lang
Event: 0.968 Thread 0x00007ffb64011800 Exception <a 'java/lang/NoSuchMethodError'{0x000000008c77b868}: 'void java.lang.invoke.DirectMethodHandle$Holder.invokeSpecial(java.lang.Object, java.lang.Object)'> (0x000000008c77b868) thrown at [/build/openjdk-lts-ZT5jEu/openjdk-lts-11.0.4+11/src/hotspo
Event: 1.015 Thread 0x00007ffb64011800 Exception <a 'java/lang/NoSuchMethodError'{0x000000008c6c9b00}: 'java.lang.Object java.lang.invoke.Invokers$Holder.linkToTargetMethod(java.lang.Object, int, java.lang.Object)'> (0x000000008c6c9b00) thrown at [/build/openjdk-lts-ZT5jEu/openjdk-lts-11.0.4+1
Event: 1.026 Thread 0x00007ffb64011800 Exception <a 'java/lang/ClassNotFoundException'{0x000000008c50c930}: com/sun/swing/internal/plaf/metal/resources/spi/metalProvider> (0x000000008c50c930) thrown at [/build/openjdk-lts-ZT5jEu/openjdk-lts-11.0.4+11/src/hotspot/share/classfile/systemDictionar
Event: 1.027 Thread 0x00007ffb64011800 Exception <a 'java/lang/ClassNotFoundException'{0x000000008c510838}: com/sun/swing/internal/plaf/basic/resources/spi/basicProvider> (0x000000008c510838) thrown at [/build/openjdk-lts-ZT5jEu/openjdk-lts-11.0.4+11/src/hotspot/share/classfile/systemDictionar
Event: 1.133 Thread 0x00007ffb642fd000 Exception <a 'java/lang/NoSuchMethodError'{0x000000008beda5d8}: getAllRobots> (0x000000008beda5d8) thrown at [/build/openjdk-lts-ZT5jEu/openjdk-lts-11.0.4+11/src/hotspot/share/prims/jni.cpp, line 1364]

Events (10 events):
Event: 1.132 loading class java/util/concurrent/ArrayBlockingQueue done
Event: 1.132 loading class AI_Robot
Event: 1.132 loading class AI_Robot done
Event: 1.132 loading class AIGroup
Event: 1.132 loading class AIGroup done
Event: 1.133 loading class CRobot$1
Event: 1.133 loading class CRobot$1 done
Event: 1.133 Thread 0x00007ffb642fd000 Thread added: 0x00007ffb642fd000
Event: 1.133 loading class AI_Robot$1
Event: 1.133 loading class AI_Robot$1 done


Dynamic libraries:
85000000-8cc00000 rw-p 00000000 00:00 0 
8cc00000-ffe00000 ---p 00000000 00:00 0 
ffe00000-ffe34000 rw-p 01116000 08:02 23990720                           /usr/lib/jvm/java-11-openjdk-amd64/lib/server/classes.jsa
ffe34000-fff00000 rw-p 00000000 00:00 0 
fff00000-fff6a000 rw-p 010ac000 08:02 23990720                           /usr/lib/jvm/java-11-openjdk-amd64/lib/server/classes.jsa
fff6a000-100000000 rw-p 00000000 00:00 0 
800000000-800002000 rwxp 00001000 08:02 23990720                         /usr/lib/jvm/java-11-openjdk-amd64/lib/server/classes.jsa
800002000-8003bd000 rw-p 00003000 08:02 23990720                         /usr/lib/jvm/java-11-openjdk-amd64/lib/server/classes.jsa
8003bd000-800a98000 r--p 003be000 08:02 23990720                         /usr/lib/jvm/java-11-openjdk-amd64/lib/server/classes.jsa
800a98000-800a99000 rw-p 00a99000 08:02 23990720                         /usr/lib/jvm/java-11-openjdk-amd64/lib/server/classes.jsa
800a99000-8010ab000 r--p 00a9a000 08:02 23990720                         /usr/lib/jvm/java-11-openjdk-amd64/lib/server/classes.jsa
840000000-8400e0000 rw-p 00000000 00:00 0 
8400e0000-880000000 ---p 00000000 00:00 0 
5607a6729000-5607a672a000 r--p 00000000 08:02 23597129                   /usr/lib/jvm/java-11-openjdk-amd64/bin/java
5607a672a000-5607a672b000 r-xp 00001000 08:02 23597129                   /usr/lib/jvm/java-11-openjdk-amd64/bin/java
5607a672b000-5607a672c000 r--p 00002000 08:02 23597129                   /usr/lib/jvm/java-11-openjdk-amd64/bin/java
5607a672c000-5607a672d000 r--p 00002000 08:02 23597129                   /usr/lib/jvm/java-11-openjdk-amd64/bin/java
5607a672d000-5607a672e000 rw-p 00003000 08:02 23597129                   /usr/lib/jvm/java-11-openjdk-amd64/bin/java
5607a69f9000-5607a6a1a000 rw-p 00000000 00:00 0                          [heap]
7ffae0000000-7ffae0021000 rw-p 00000000 00:00 0 
7ffae0021000-7ffae4000000 ---p 00000000 00:00 0 
7ffae4000000-7ffae4021000 rw-p 00000000 00:00 0 
7ffae4021000-7ffae8000000 ---p 00000000 00:00 0 
7ffae8000000-7ffae8034000 rw-p 00000000 00:00 0 
7ffae8034000-7ffaec000000 ---p 00000000 00:00 0 
7ffaec000000-7ffaec021000 rw-p 00000000 00:00 0 
7ffaec021000-7ffaf0000000 ---p 00000000 00:00 0 
7ffaf0000000-7ffaf0021000 rw-p 00000000 00:00 0 
7ffaf0021000-7ffaf4000000 ---p 00000000 00:00 0 
7ffaf4000000-7ffaf4021000 rw-p 00000000 00:00 0 
7ffaf4021000-7ffaf8000000 ---p 00000000 00:00 0 
7ffaf8000000-7ffaf8021000 rw-p 00000000 00:00 0 
7ffaf8021000-7ffafc000000 ---p 00000000 00:00 0 
7ffafc000000-7ffafc021000 rw-p 00000000 00:00 0 
7ffafc021000-7ffb00000000 ---p 00000000 00:00 0 
7ffb00000000-7ffb00021000 rw-p 00000000 00:00 0 
7ffb00021000-7ffb04000000 ---p 00000000 00:00 0 
7ffb04000000-7ffb04021000 rw-p 00000000 00:00 0 
7ffb04021000-7ffb08000000 ---p 00000000 00:00 0 
7ffb08000000-7ffb08021000 rw-p 00000000 00:00 0 
7ffb08021000-7ffb0c000000 ---p 00000000 00:00 0 
7ffb0c000000-7ffb0c021000 rw-p 00000000 00:00 0 
7ffb0c021000-7ffb10000000 ---p 00000000 00:00 0 
7ffb10000000-7ffb10021000 rw-p 00000000 00:00 0 
7ffb10021000-7ffb14000000 ---p 00000000 00:00 0 
7ffb14000000-7ffb14225000 rw-p 00000000 00:00 0 
7ffb14225000-7ffb18000000 ---p 00000000 00:00 0 
7ffb1845d000-7ffb18461000 ---p 00000000 00:00 0 
7ffb18461000-7ffb1855e000 rw-p 00000000 00:00 0 
7ffb1855e000-7ffb18562000 ---p 00000000 00:00 0 
7ffb18562000-7ffb1865f000 rw-p 00000000 00:00 0 
7ffb1865f000-7ffb18663000 ---p 00000000 00:00 0 
7ffb18663000-7ffb18760000 rw-p 00000000 00:00 0 
7ffb18760000-7ffb18764000 ---p 00000000 00:00 0 
7ffb18764000-7ffb18861000 rw-p 00000000 00:00 0 
7ffb18861000-7ffb18865000 ---p 00000000 00:00 0 
7ffb18865000-7ffb18962000 rw-p 00000000 00:00 0 
7ffb18962000-7ffb18966000 ---p 00000000 00:00 0 
7ffb18966000-7ffb18a63000 rw-p 00000000 00:00 0 
7ffb18a63000-7ffb18a68000 r-xp 00000000 08:02 23600531                   /usr/lib/x86_64-linux-gnu/libXfixes.so.3.1.0
7ffb18a68000-7ffb18c67000 ---p 00005000 08:02 23600531                   /usr/lib/x86_64-linux-gnu/libXfixes.so.3.1.0
7ffb18c67000-7ffb18c68000 r--p 00004000 08:02 23600531                   /usr/lib/x86_64-linux-gnu/libXfixes.so.3.1.0
7ffb18c68000-7ffb18c69000 rw-p 00005000 08:02 23600531                   /usr/lib/x86_64-linux-gnu/libXfixes.so.3.1.0
7ffb18c69000-7ffb18c6b000 r--p 00000000 08:02 23600523                   /usr/lib/x86_64-linux-gnu/libXcursor.so.1.0.2
7ffb18c6b000-7ffb18c70000 r-xp 00002000 08:02 23600523                   /usr/lib/x86_64-linux-gnu/libXcursor.so.1.0.2
7ffb18c70000-7ffb18c72000 r--p 00007000 08:02 23600523                   /usr/lib/x86_64-linux-gnu/libXcursor.so.1.0.2
7ffb18c72000-7ffb18c73000 r--p 00008000 08:02 23600523                   /usr/lib/x86_64-linux-gnu/libXcursor.so.1.0.2
7ffb18c73000-7ffb18c74000 rw-p 00009000 08:02 23600523                   /usr/lib/x86_64-linux-gnu/libXcursor.so.1.0.2
7ffb18c81000-7ffb18c82000 r--p 00000000 08:02 27001589                   /home/kramer/Downloads/RobotArena-master/RobotAreana/AIBasic/build/libs/mynativelibrary/shared/libmynativelibrary.so
7ffb18c82000-7ffb18c83000 r-xp 00001000 08:02 27001589                   /home/kramer/Downloads/RobotArena-master/RobotAreana/AIBasic/build/libs/mynativelibrary/shared/libmynativelibrary.so
7ffb18c83000-7ffb18c84000 r--p 00002000 08:02 27001589                   /home/kramer/Downloads/RobotArena-master/RobotAreana/AIBasic/build/libs/mynativelibrary/shared/libmynativelibrary.so
7ffb18c84000-7ffb18c85000 r--p 00002000 08:02 27001589                   /home/kramer/Downloads/RobotArena-master/RobotAreana/AIBasic/build/libs/mynativelibrary/shared/libmynativelibrary.so
7ffb18c85000-7ffb18c86000 rw-p 00003000 08:02 27001589                   /home/kramer/Downloads/RobotArena-master/RobotAreana/AIBasic/build/libs/mynativelibrary/shared/libmynativelibrary.so
7ffb18c86000-7ffb18c87000 ---p 00000000 00:00 0 
7ffb18c87000-7ffb19487000 rw-p 00000000 00:00 0 
7ffb19487000-7ffb19488000 ---p 00000000 00:00 0 
7ffb19488000-7ffb19c88000 rw-p 00000000 00:00 0 
7ffb19c88000-7ffb19c89000 ---p 00000000 00:00 0 
7ffb19c89000-7ffb1a489000 rw-p 00000000 00:00 0 
7ffb1a489000-7ffb1a48c000 r--p 00000000 08:02 24906119                   /home/kramer/.config/dconf/user
7ffb1a48c000-7ffb1a4b2000 r--p 00000000 08:02 25043479                   /usr/share/glib-2.0/schemas/gschemas.compiled
7ffb1a4b2000-7ffb1a4bc000 r--p 00000000 08:02 23600663                   /usr/lib/x86_64-linux-gnu/libblkid.so.1.1.0
7ffb1a4bc000-7ffb1a4f0000 r-xp 0000a000 08:02 23600663                   /usr/lib/x86_64-linux-gnu/libblkid.so.1.1.0
7ffb1a4f0000-7ffb1a500000 r--p 0003e000 08:02 23600663                   /usr/lib/x86_64-linux-gnu/libblkid.so.1.1.0
7ffb1a500000-7ffb1a501000 ---p 0004e000 08:02 23600663                   /usr/lib/x86_64-linux-gnu/libblkid.so.1.1.0
7ffb1a501000-7ffb1a506000 r--p 0004e000 08:02 23600663                   /usr/lib/x86_64-linux-gnu/libblkid.so.1.1.0
7ffb1a506000-7ffb1a507000 rw-p 00053000 08:02 23600663                   /usr/lib/x86_64-linux-gnu/libblkid.so.1.1.0
7ffb1a507000-7ffb1a509000 r--p 00000000 08:02 23601506                   /usr/lib/x86_64-linux-gnu/libpcre.so.3.13.3
7ffb1a509000-7ffb1a55b000 r-xp 00002000 08:02 23601506                   /usr/lib/x86_64-linux-gnu/libpcre.so.3.13.3
7ffb1a55b000-7ffb1a579000 r--p 00054000 08:02 23601506                   /usr/lib/x86_64-linux-gnu/libpcre.so.3.13.3
7ffb1a579000-7ffb1a57a000 r--p 00071000 08:02 23601506                   /usr/lib/x86_64-linux-gnu/libpcre.so.3.13.3
7ffb1a57a000-7ffb1a57b000 rw-p 00072000 08:02 23601506                   /usr/lib/x86_64-linux-gnu/libpcre.so.3.13.3
7ffb1a57b000-7ffb1a57f000 r--p 00000000 08:02 23601610                   /usr/lib/x86_64-linux-gnu/libresolv-2.29.so
7ffb1a57f000-7ffb1a58e000 r-xp 00004000 08:02 23601610                   /usr/lib/x86_64-linux-gnu/libresolv-2.29.so
7ffb1a58e000-7ffb1a591000 r--p 00013000 08:02 23601610                   /usr/lib/x86_64-linux-gnu/libresolv-2.29.so
7ffb1a591000-7ffb1a592000 ---p 00016000 08:02 23601610                   /usr/lib/x86_64-linux-gnu/libresolv-2.29.so
7ffb1a592000-7ffb1a593000 r--p 00016000 08:02 23601610                   /usr/lib/x86_64-linux-gnu/libresolv-2.29.so
7ffb1a593000-7ffb1a594000 rw-p 00017000 08:02 23601610                   /usr/lib/x86_64-linux-gnu/libresolv-2.29.so
7ffb1a594000-7ffb1a596000 rw-p 00000000 00:00 0 
7ffb1a596000-7ffb1a59c000 r--p 00000000 08:02 23601661                   /usr/lib/x86_64-linux-gnu/libselinux.so.1
7ffb1a59c000-7ffb1a5b4000 r-xp 00006000 08:02 23601661                   /usr/lib/x86_64-linux-gnu/libselinux.so.1
7ffb1a5b4000-7ffb1a5bb000 r--p 0001e000 08:02 23601661                   /usr/lib/x86_64-linux-gnu/libselinux.so.1
7ffb1a5bb000-7ffb1a5bc000 ---p 00025000 08:02 23601661                   /usr/lib/x86_64-linux-gnu/libselinux.so.1
7ffb1a5bc000-7ffb1a5bd000 r--p 00025000 08:02 23601661                   /usr/lib/x86_64-linux-gnu/libselinux.so.1
7ffb1a5bd000-7ffb1a5be000 rw-p 00026000 08:02 23601661                   /usr/lib/x86_64-linux-gnu/libselinux.so.1
7ffb1a5be000-7ffb1a5c0000 rw-p 00000000 00:00 0 
7ffb1a5c0000-7ffb1a5cb000 r--p 00000000 08:02 23601326                   /usr/lib/x86_64-linux-gnu/libmount.so.1.1.0
7ffb1a5cb000-7ffb1a606000 r-xp 0000b000 08:02 23601326                   /usr/lib/x86_64-linux-gnu/libmount.so.1.1.0
7ffb1a606000-7ffb1a618000 r--p 00046000 08:02 23601326                   /usr/lib/x86_64-linux-gnu/libmount.so.1.1.0
7ffb1a618000-7ffb1a61b000 r--p 00057000 08:02 23601326                   /usr/lib/x86_64-linux-gnu/libmount.so.1.1.0
7ffb1a61b000-7ffb1a61c000 rw-p 0005a000 08:02 23601326                   /usr/lib/x86_64-linux-gnu/libmount.so.1.1.0
7ffb1a61c000-7ffb1a62a000 r--p 00000000 08:02 23593408                   /usr/lib/x86_64-linux-gnu/libgobject-2.0.so.0.6000.0
7ffb1a62a000-7ffb1a65c000 r-xp 0000e000 08:02 23593408                   /usr/lib/x86_64-linux-gnu/libgobject-2.0.so.0.6000.0
7ffb1a65c000-7ffb1a674000 r--p 00040000 08:02 23593408                   /usr/lib/x86_64-linux-gnu/libgobject-2.0.so.0.6000.0
7ffb1a674000-7ffb1a677000 r--p 00057000 08:02 23593408                   /usr/lib/x86_64-linux-gnu/libgobject-2.0.so.0.6000.0
7ffb1a677000-7ffb1a678000 rw-p 0005a000 08:02 23593408                   /usr/lib/x86_64-linux-gnu/libgobject-2.0.so.0.6000.0
7ffb1a678000-7ffb1a693000 r--p 00000000 08:02 23593383                   /usr/lib/x86_64-linux-gnu/libglib-2.0.so.0.6000.0
7ffb1a693000-7ffb1a713000 r-xp 0001b000 08:02 23593383                   /usr/lib/x86_64-linux-gnu/libglib-2.0.so.0.6000.0
7ffb1a713000-7ffb1a795000 r--p 0009b000 08:02 23593383                   /usr/lib/x86_64-linux-gnu/libglib-2.0.so.0.6000.0
7ffb1a795000-7ffb1a796000 ---p 0011d000 08:02 23593383                   /usr/lib/x86_64-linux-gnu/libglib-2.0.so.0.6000.0
7ffb1a796000-7ffb1a797000 r--p 0011d000 08:02 23593383                   /usr/lib/x86_64-linux-gnu/libglib-2.0.so.0.6000.0
7ffb1a797000-7ffb1a798000 rw-p 0011e000 08:02 23593383                   /usr/lib/x86_64-linux-gnu/libglib-2.0.so.0.6000.0
7ffb1a798000-7ffb1a799000 rw-p 00000000 00:00 0 
7ffb1a799000-7ffb1a7d0000 r--p 00000000 08:02 23593360                   /usr/lib/x86_64-linux-gnu/libgio-2.0.so.0.6000.0
7ffb1a7d0000-7ffb1a8d1000 r-xp 00037000 08:02 23593360                   /usr/lib/x86_64-linux-gnu/libgio-2.0.so.0.6000.0
7ffb1a8d1000-7ffb1a957000 r--p 00138000 08:02 23593360                   /usr/lib/x86_64-linux-gnu/libgio-2.0.so.0.6000.0
7ffb1a957000-7ffb1a95f000 r--p 001bd000 08:02 23593360                   /usr/lib/x86_64-linux-gnu/libgio-2.0.so.0.6000.0
7ffb1a95f000-7ffb1a960000 rw-p 001c5000 08:02 23593360                   /usr/lib/x86_64-linux-gnu/libgio-2.0.so.0.6000.0
7ffb1a960000-7ffb1a962000 rw-p 00000000 00:00 0 
7ffb1a962000-7ffb1a96c000 r-xp 00000000 08:02 23600547                   /usr/lib/x86_64-linux-gnu/libXrandr.so.2.2.0
7ffb1a96c000-7ffb1ab6b000 ---p 0000a000 08:02 23600547                   /usr/lib/x86_64-linux-gnu/libXrandr.so.2.2.0
7ffb1ab6b000-7ffb1ab6c000 r--p 00009000 08:02 23600547                   /usr/lib/x86_64-linux-gnu/libXrandr.so.2.2.0
7ffb1ab6c000-7ffb1ab6d000 rw-p 0000a000 08:02 23600547                   /usr/lib/x86_64-linux-gnu/libXrandr.so.2.2.0
7ffb1ab6d000-7ffb1ab72000 r--p 00000000 08:02 23601542                   /usr/lib/x86_64-linux-gnu/libpng16.so.16.36.0
7ffb1ab72000-7ffb1ab96000 r-xp 00005000 08:02 23601542                   /usr/lib/x86_64-linux-gnu/libpng16.so.16.36.0
7ffb1ab96000-7ffb1aba2000 r--p 00029000 08:02 23601542                   /usr/lib/x86_64-linux-gnu/libpng16.so.16.36.0
7ffb1aba2000-7ffb1aba3000 r--p 00034000 08:02 23601542                   /usr/lib/x86_64-linux-gnu/libpng16.so.16.36.0
7ffb1aba3000-7ffb1aba4000 rw-p 00035000 08:02 23601542                   /usr/lib/x86_64-linux-gnu/libpng16.so.16.36.0
7ffb1aba4000-7ffb1abb0000 r--p 00000000 08:02 23600949                   /usr/lib/x86_64-linux-gnu/libfreetype.so.6.16.1
7ffb1abb0000-7ffb1ac2d000 r-xp 0000c000 08:02 23600949                   /usr/lib/x86_64-linux-gnu/libfreetype.so.6.16.1
7ffb1ac2d000-7ffb1ac56000 r--p 00089000 08:02 23600949                   /usr/lib/x86_64-linux-gnu/libfreetype.so.6.16.1
7ffb1ac56000-7ffb1ac57000 ---p 000b2000 08:02 23600949                   /usr/lib/x86_64-linux-gnu/libfreetype.so.6.16.1
7ffb1ac57000-7ffb1ac5e000 r--p 000b2000 08:02 23600949                   /usr/lib/x86_64-linux-gnu/libfreetype.so.6.16.1
7ffb1ac5e000-7ffb1ac5f000 rw-p 000b9000 08:02 23600949                   /usr/lib/x86_64-linux-gnu/libfreetype.so.6.16.1
7ffb1ac5f000-7ffb1ac63000 r--p 00000000 08:02 23990635                   /usr/lib/jvm/java-11-openjdk-amd64/lib/libfontmanager.so
7ffb1ac63000-7ffb1ad55000 r-xp 00004000 08:02 23990635                   /usr/lib/jvm/java-11-openjdk-amd64/lib/libfontmanager.so
7ffb1ad55000-7ffb1ad95000 r--p 000f6000 08:02 23990635                   /usr/lib/jvm/java-11-openjdk-amd64/lib/libfontmanager.so
7ffb1ad95000-7ffb1ad96000 r--p 00135000 08:02 23990635                   /usr/lib/jvm/java-11-openjdk-amd64/lib/libfontmanager.so
7ffb1ad96000-7ffb1ad97000 rw-p 00136000 08:02 23990635                   /usr/lib/jvm/java-11-openjdk-amd64/lib/libfontmanager.so
7ffb1ad97000-7ffb1ad9a000 rw-p 00000000 00:00 0 
7ffb1ad9a000-7ffb1ad9e000 r--p 00000000 08:02 23600683                   /usr/lib/x86_64-linux-gnu/libbsd.so.0.9.1
7ffb1ad9e000-7ffb1adad000 r-xp 00004000 08:02 23600683                   /usr/lib/x86_64-linux-gnu/libbsd.so.0.9.1
7ffb1adad000-7ffb1adb0000 r--p 00013000 08:02 23600683                   /usr/lib/x86_64-linux-gnu/libbsd.so.0.9.1
7ffb1adb0000-7ffb1adb1000 ---p 00016000 08:02 23600683                   /usr/lib/x86_64-linux-gnu/libbsd.so.0.9.1
7ffb1adb1000-7ffb1adb2000 r--p 00016000 08:02 23600683                   /usr/lib/x86_64-linux-gnu/libbsd.so.0.9.1
7ffb1adb2000-7ffb1adb3000 rw-p 00017000 08:02 23600683                   /usr/lib/x86_64-linux-gnu/libbsd.so.0.9.1
7ffb1adb3000-7ffb1adb4000 rw-p 00000000 00:00 0 
7ffb1adb4000-7ffb1adb9000 r-xp 00000000 08:02 23600527                   /usr/lib/x86_64-linux-gnu/libXdmcp.so.6.0.0
7ffb1adb9000-7ffb1afb8000 ---p 00005000 08:02 23600527                   /usr/lib/x86_64-linux-gnu/libXdmcp.so.6.0.0
7ffb1afb8000-7ffb1afb9000 r--p 00004000 08:02 23600527                   /usr/lib/x86_64-linux-gnu/libXdmcp.so.6.0.0
7ffb1afb9000-7ffb1afba000 rw-p 00005000 08:02 23600527                   /usr/lib/x86_64-linux-gnu/libXdmcp.so.6.0.0
7ffb1afba000-7ffb1afbc000 r-xp 00000000 08:02 23600516                   /usr/lib/x86_64-linux-gnu/libXau.so.6.0.0
7ffb1afbc000-7ffb1b1bc000 ---p 00002000 08:02 23600516                   /usr/lib/x86_64-linux-gnu/libXau.so.6.0.0
7ffb1b1bc000-7ffb1b1bd000 r--p 00002000 08:02 23600516                   /usr/lib/x86_64-linux-gnu/libXau.so.6.0.0
7ffb1b1bd000-7ffb1b1be000 rw-p 00003000 08:02 23600516                   /usr/lib/x86_64-linux-gnu/libXau.so.6.0.0
7ffb1b1be000-7ffb1b1cd000 r-xp 00000000 08:02 23600537                   /usr/lib/x86_64-linux-gnu/libXi.so.6.1.0
7ffb1b1cd000-7ffb1b3cc000 ---p 0000f000 08:02 23600537                   /usr/lib/x86_64-linux-gnu/libXi.so.6.1.0
7ffb1b3cc000-7ffb1b3cd000 r--p 0000e000 08:02 23600537                   /usr/lib/x86_64-linux-gnu/libXi.so.6.1.0
7ffb1b3cd000-7ffb1b3ce000 rw-p 0000f000 08:02 23600537                   /usr/lib/x86_64-linux-gnu/libXi.so.6.1.0
7ffb1b3ce000-7ffb1b3d3000 r-xp 00000000 08:02 23600555                   /usr/lib/x86_64-linux-gnu/libXtst.so.6.1.0
7ffb1b3d3000-7ffb1b5d2000 ---p 00005000 08:02 23600555                   /usr/lib/x86_64-linux-gnu/libXtst.so.6.1.0
7ffb1b5d2000-7ffb1b5d3000 r--p 00004000 08:02 23600555                   /usr/lib/x86_64-linux-gnu/libXtst.so.6.1.0
7ffb1b5d3000-7ffb1b5d4000 rw-p 00005000 08:02 23600555                   /usr/lib/x86_64-linux-gnu/libXtst.so.6.1.0
7ffb1b5d4000-7ffb1b5dd000 r-xp 00000000 08:02 23600549                   /usr/lib/x86_64-linux-gnu/libXrender.so.1.3.0
7ffb1b5dd000-7ffb1b7dc000 ---p 00009000 08:02 23600549                   /usr/lib/x86_64-linux-gnu/libXrender.so.1.3.0
7ffb1b7dc000-7ffb1b7dd000 r--p 00008000 08:02 23600549                   /usr/lib/x86_64-linux-gnu/libXrender.so.1.3.0
7ffb1b7dd000-7ffb1b7de000 rw-p 00009000 08:02 23600549                   /usr/lib/x86_64-linux-gnu/libXrender.so.1.3.0
7ffb1b7de000-7ffb1b7f6000 r--p 00000000 08:02 23600512                   /usr/lib/x86_64-linux-gnu/libX11.so.6.3.0
7ffb1b7f6000-7ffb1b87e000 r-xp 00018000 08:02 23600512                   /usr/lib/x86_64-linux-gnu/libX11.so.6.3.0
7ffb1b87e000-7ffb1b912000 r--p 000a0000 08:02 23600512                   /usr/lib/x86_64-linux-gnu/libX11.so.6.3.0
7ffb1b912000-7ffb1b913000 ---p 00134000 08:02 23600512                   /usr/lib/x86_64-linux-gnu/libX11.so.6.3.0
7ffb1b913000-7ffb1b914000 r--p 00134000 08:02 23600512                   /usr/lib/x86_64-linux-gnu/libX11.so.6.3.0
7ffb1b914000-7ffb1b918000 rw-p 00135000 08:02 23600512                   /usr/lib/x86_64-linux-gnu/libX11.so.6.3.0
7ffb1b918000-7ffb1b929000 r-xp 00000000 08:02 23600529                   /usr/lib/x86_64-linux-gnu/libXext.so.6.4.0
7ffb1b929000-7ffb1bb28000 ---p 00011000 08:02 23600529                   /usr/lib/x86_64-linux-gnu/libXext.so.6.4.0
7ffb1bb28000-7ffb1bb29000 r--p 00010000 08:02 23600529                   /usr/lib/x86_64-linux-gnu/libXext.so.6.4.0
7ffb1bb29000-7ffb1bb2a000 rw-p 00011000 08:02 23600529                   /usr/lib/x86_64-linux-gnu/libXext.so.6.4.0
7ffb1bb2a000-7ffb1bb56000 r--p 00000000 08:02 23990630                   /usr/lib/jvm/java-11-openjdk-amd64/lib/libawt.so
7ffb1bb56000-7ffb1bbbd000 r-xp 0002c000 08:02 23990630                   /usr/lib/jvm/java-11-openjdk-amd64/lib/libawt.so
7ffb1bbbd000-7ffb1bbca000 r--p 00093000 08:02 23990630                   /usr/lib/jvm/java-11-openjdk-amd64/lib/libawt.so
7ffb1bbca000-7ffb1bbcb000 r--p 0009f000 08:02 23990630                   /usr/lib/jvm/java-11-openjdk-amd64/lib/libawt.so
7ffb1bbcb000-7ffb1bbd6000 rw-p 000a0000 08:02 23990630                   /usr/lib/jvm/java-11-openjdk-amd64/lib/libawt.so
7ffb1bbd6000-7ffb1bbfb000 rw-p 00000000 00:00 0 
7ffb1bbfb000-7ffb1bbff000 ---p 00000000 00:00 0 
7ffb1bbff000-7ffb1bcfc000 rw-p 00000000 00:00 0 
7ffb1bcfc000-7ffb1bcfd000 ---p 00000000 00:00 0 
7ffb1bcfd000-7ffb1bdfe000 rw-p 00000000 00:00 0 
7ffb1bdfe000-7ffb1be02000 ---p 00000000 00:00 0 
7ffb1be02000-7ffb1beff000 rw-p 00000000 00:00 0 
7ffb1beff000-7ffb1bf03000 ---p 00000000 00:00 0 
7ffb1bf03000-7ffb1c000000 rw-p 00000000 00:00 0 
7ffb1c000000-7ffb1c021000 rw-p 00000000 00:00 0 
7ffb1c021000-7ffb20000000 ---p 00000000 00:00 0 
7ffb20000000-7ffb207f8000 rw-p 00000000 00:00 0 
7ffb207f8000-7ffb24000000 ---p 00000000 00:00 0 
7ffb24000000-7ffb24021000 rw-p 00000000 00:00 0 
7ffb24021000-7ffb28000000 ---p 00000000 00:00 0 
7ffb28000000-7ffb28021000 rw-p 00000000 00:00 0 
7ffb28021000-7ffb2c000000 ---p 00000000 00:00 0 
7ffb2c000000-7ffb2c021000 rw-p 00000000 00:00 0 
7ffb2c021000-7ffb30000000 ---p 00000000 00:00 0 
7ffb30000000-7ffb30021000 rw-p 00000000 00:00 0 
7ffb30021000-7ffb34000000 ---p 00000000 00:00 0 
7ffb34000000-7ffb34021000 rw-p 00000000 00:00 0 
7ffb34021000-7ffb38000000 ---p 00000000 00:00 0 
7ffb38000000-7ffb38021000 rw-p 00000000 00:00 0 
7ffb38021000-7ffb3c000000 ---p 00000000 00:00 0 
7ffb3c000000-7ffb3c002000 r--p 00000000 08:02 23600923                   /usr/lib/x86_64-linux-gnu/libffi.so.6.0.4
7ffb3c002000-7ffb3c007000 r-xp 00002000 08:02 23600923                   /usr/lib/x86_64-linux-gnu/libffi.so.6.0.4
7ffb3c007000-7ffb3c008000 r--p 00007000 08:02 23600923                   /usr/lib/x86_64-linux-gnu/libffi.so.6.0.4
7ffb3c008000-7ffb3c009000 r--p 00007000 08:02 23600923                   /usr/lib/x86_64-linux-gnu/libffi.so.6.0.4
7ffb3c009000-7ffb3c00a000 rw-p 00008000 08:02 23600923                   /usr/lib/x86_64-linux-gnu/libffi.so.6.0.4
7ffb3c00a000-7ffb3c015000 r--p 00000000 08:02 23601932                   /usr/lib/x86_64-linux-gnu/libxcb.so.1.1.0
7ffb3c015000-7ffb3c028000 r-xp 0000b000 08:02 23601932                   /usr/lib/x86_64-linux-gnu/libxcb.so.1.1.0
7ffb3c028000-7ffb3c031000 r--p 0001e000 08:02 23601932                   /usr/lib/x86_64-linux-gnu/libxcb.so.1.1.0
7ffb3c031000-7ffb3c032000 r--p 00026000 08:02 23601932                   /usr/lib/x86_64-linux-gnu/libxcb.so.1.1.0
7ffb3c032000-7ffb3c033000 rw-p 00027000 08:02 23601932                   /usr/lib/x86_64-linux-gnu/libxcb.so.1.1.0
7ffb3c033000-7ffb3c043000 r--p 00000000 08:02 23990632                   /usr/lib/jvm/java-11-openjdk-amd64/lib/libawt_xawt.so
7ffb3c043000-7ffb3c080000 r-xp 00010000 08:02 23990632                   /usr/lib/jvm/java-11-openjdk-amd64/lib/libawt_xawt.so
7ffb3c080000-7ffb3c092000 r--p 0004d000 08:02 23990632                   /usr/lib/jvm/java-11-openjdk-amd64/lib/libawt_xawt.so
7ffb3c092000-7ffb3c093000 r--p 0005e000 08:02 23990632                   /usr/lib/jvm/java-11-openjdk-amd64/lib/libawt_xawt.so
7ffb3c093000-7ffb3c096000 rw-p 0005f000 08:02 23990632                   /usr/lib/jvm/java-11-openjdk-amd64/lib/libawt_xawt.so
7ffb3c096000-7ffb3c098000 rw-p 00000000 00:00 0 
7ffb3c098000-7ffb3c09c000 ---p 00000000 00:00 0 
7ffb3c09c000-7ffb3c199000 rw-p 00000000 00:00 0 
7ffb3c199000-7ffb3c19d000 ---p 00000000 00:00 0 
7ffb3c19d000-7ffb3c29a000 rw-p 00000000 00:00 0 
7ffb3c29a000-7ffb3c29e000 ---p 00000000 00:00 0 
7ffb3c29e000-7ffb3c39b000 rw-p 00000000 00:00 0 
7ffb3c39b000-7ffb3d176000 r--p 00000000 08:02 23600058                   /usr/lib/locale/locale-archive
7ffb3d176000-7ffb3d17a000 ---p 00000000 00:00 0 
7ffb3d17a000-7ffb3d277000 rw-p 00000000 00:00 0 
7ffb3d277000-7ffb3d27b000 ---p 00000000 00:00 0 
7ffb3d27b000-7ffb3d378000 rw-p 00000000 00:00 0 
7ffb3d378000-7ffb3d379000 ---p 00000000 00:00 0 
7ffb3d379000-7ffb3d9fb000 rw-p 00000000 00:00 0 
7ffb3d9fb000-7ffb3dcfb000 ---p 00000000 00:00 0 
7ffb3dcfb000-7ffb3dcfc000 ---p 00000000 00:00 0 
7ffb3dcfc000-7ffb3ddfd000 rw-p 00000000 00:00 0 
7ffb3ddfd000-7ffb3ddfe000 ---p 00000000 00:00 0 
7ffb3ddfe000-7ffb40000000 rw-p 00000000 00:00 0 
7ffb40000000-7ffb40021000 rw-p 00000000 00:00 0 
7ffb40021000-7ffb44000000 ---p 00000000 00:00 0 
7ffb44000000-7ffb44002000 r--p 00000000 08:02 23601822                   /usr/lib/x86_64-linux-gnu/libuuid.so.1.3.0
7ffb44002000-7ffb44006000 r-xp 00002000 08:02 23601822                   /usr/lib/x86_64-linux-gnu/libuuid.so.1.3.0
7ffb44006000-7ffb44007000 r--p 00006000 08:02 23601822                   /usr/lib/x86_64-linux-gnu/libuuid.so.1.3.0
7ffb44007000-7ffb44008000 r--p 00006000 08:02 23601822                   /usr/lib/x86_64-linux-gnu/libuuid.so.1.3.0
7ffb44008000-7ffb44009000 rw-p 00007000 08:02 23601822                   /usr/lib/x86_64-linux-gnu/libuuid.so.1.3.0
7ffb44009000-7ffb4400a000 r--p 00000000 08:02 23593407                   /usr/lib/x86_64-linux-gnu/libgmodule-2.0.so.0.6000.0
7ffb4400a000-7ffb4400c000 r-xp 00001000 08:02 23593407                   /usr/lib/x86_64-linux-gnu/libgmodule-2.0.so.0.6000.0
7ffb4400c000-7ffb4400d000 r--p 00003000 08:02 23593407                   /usr/lib/x86_64-linux-gnu/libgmodule-2.0.so.0.6000.0
7ffb4400d000-7ffb4400e000 r--p 00003000 08:02 23593407                   /usr/lib/x86_64-linux-gnu/libgmodule-2.0.so.0.6000.0
7ffb4400e000-7ffb4400f000 rw-p 00004000 08:02 23593407                   /usr/lib/x86_64-linux-gnu/libgmodule-2.0.so.0.6000.0
7ffb44010000-7ffb44014000 r--p 00000000 08:02 24250591                   /usr/lib/x86_64-linux-gnu/gio/modules/libdconfsettings.so
7ffb44014000-7ffb4401b000 r-xp 00004000 08:02 24250591                   /usr/lib/x86_64-linux-gnu/gio/modules/libdconfsettings.so
7ffb4401b000-7ffb4401e000 r--p 0000b000 08:02 24250591                   /usr/lib/x86_64-linux-gnu/gio/modules/libdconfsettings.so
7ffb4401e000-7ffb4401f000 ---p 0000e000 08:02 24250591                   /usr/lib/x86_64-linux-gnu/gio/modules/libdconfsettings.so
7ffb4401f000-7ffb44020000 r--p 0000e000 08:02 24250591                   /usr/lib/x86_64-linux-gnu/gio/modules/libdconfsettings.so
7ffb44020000-7ffb44021000 rw-p 0000f000 08:02 24250591                   /usr/lib/x86_64-linux-gnu/gio/modules/libdconfsettings.so
7ffb44021000-7ffb44052000 rw-p 00000000 00:00 0 
7ffb44052000-7ffb44056000 r--p 00000000 08:02 23990653                   /usr/lib/jvm/java-11-openjdk-amd64/lib/libnet.so
7ffb44056000-7ffb44065000 r-xp 00004000 08:02 23990653                   /usr/lib/jvm/java-11-openjdk-amd64/lib/libnet.so
7ffb44065000-7ffb44069000 r--p 00013000 08:02 23990653                   /usr/lib/jvm/java-11-openjdk-amd64/lib/libnet.so
7ffb44069000-7ffb4406a000 r--p 00016000 08:02 23990653                   /usr/lib/jvm/java-11-openjdk-amd64/lib/libnet.so
7ffb4406a000-7ffb4406b000 rw-p 00017000 08:02 23990653                   /usr/lib/jvm/java-11-openjdk-amd64/lib/libnet.so
7ffb4406b000-7ffb44072000 r--p 00000000 08:02 23990654                   /usr/lib/jvm/java-11-openjdk-amd64/lib/libnio.so
7ffb44072000-7ffb44079000 r-xp 00007000 08:02 23990654                   /usr/lib/jvm/java-11-openjdk-amd64/lib/libnio.so
7ffb44079000-7ffb4407c000 r--p 0000e000 08:02 23990654                   /usr/lib/jvm/java-11-openjdk-amd64/lib/libnio.so
7ffb4407c000-7ffb4407d000 r--p 00010000 08:02 23990654                   /usr/lib/jvm/java-11-openjdk-amd64/lib/libnio.so
7ffb4407d000-7ffb4407e000 rw-p 00011000 08:02 23990654                   /usr/lib/jvm/java-11-openjdk-amd64/lib/libnio.so
7ffb4407e000-7ffb44470000 rw-p 00000000 00:00 0 
7ffb44470000-7ffb46138000 ---p 00000000 00:00 0 
7ffb46138000-7ffb46330000 rw-p 00000000 00:00 0 
7ffb46330000-7ffb47ff8000 ---p 00000000 00:00 0 
7ffb47ff8000-7ffb48000000 rw-p 00000000 00:00 0 
7ffb48000000-7ffb48021000 rw-p 00000000 00:00 0 
7ffb48021000-7ffb4c000000 ---p 00000000 00:00 0 
7ffb4c001000-7ffb4c1e4000 rw-p 00000000 00:00 0 
7ffb4c1e4000-7ffb4c57d000 ---p 00000000 00:00 0 
7ffb4c57d000-7ffb4c5bc000 rw-p 00000000 00:00 0 
7ffb4c5bc000-7ffb4c955000 ---p 00000000 00:00 0 
7ffb4c955000-7ffb4c956000 rw-p 00000000 00:00 0 
7ffb4c956000-7ffb4cbc6000 rwxp 00000000 00:00 0 
7ffb4cbc6000-7ffb4cee6000 ---p 00000000 00:00 0 
7ffb4cee6000-7ffb4d156000 rwxp 00000000 00:00 0 
7ffb4d156000-7ffb5441e000 ---p 00000000 00:00 0 
7ffb5441e000-7ffb5468e000 rwxp 00000000 00:00 0 
7ffb5468e000-7ffb5b956000 ---p 00000000 00:00 0 
7ffb5b956000-7ffb64000000 r--s 00000000 08:02 23990663                   /usr/lib/jvm/java-11-openjdk-amd64/lib/modules
7ffb64000000-7ffb64304000 rw-p 00000000 00:00 0 
7ffb64304000-7ffb68000000 ---p 00000000 00:00 0 
7ffb68002000-7ffb68003000 r--s 00000000 00:35 35                         /run/user/1000/dconf/user
7ffb68003000-7ffb68004000 r--p 00000000 08:02 25823354                   /usr/share/locale-langpack/en_AU/LC_MESSAGES/glib20.mo
7ffb68004000-7ffb68025000 rw-p 00000000 00:00 0 
7ffb68025000-7ffb68026000 ---p 00000000 00:00 0 
7ffb68026000-7ffb68127000 rw-p 00000000 00:00 0 
7ffb68127000-7ffb68128000 ---p 00000000 00:00 0 
7ffb68128000-7ffb682a9000 rw-p 00000000 00:00 0 
7ffb682a9000-7ffb68642000 ---p 00000000 00:00 0 
7ffb68642000-7ffb68a47000 rw-p 00000000 00:00 0 
7ffb68a47000-7ffb68a48000 ---p 00000000 00:00 0 
7ffb68a48000-7ffb68b4e000 rw-p 00000000 00:00 0 
7ffb68b4e000-7ffb68c34000 ---p 00000000 00:00 0 
7ffb68c34000-7ffb68c39000 rw-p 00000000 00:00 0 
7ffb68c39000-7ffb68d1f000 ---p 00000000 00:00 0 
7ffb68d1f000-7ffb68d24000 rw-p 00000000 00:00 0 
7ffb68d24000-7ffb68d2b000 ---p 00000000 00:00 0 
7ffb68d2b000-7ffb68d2d000 r--s 00007000 08:02 24382982                   /usr/share/java/java-atk-wrapper.jar
7ffb68d2d000-7ffb68d2f000 r--p 00000000 08:02 23990645                   /usr/lib/jvm/java-11-openjdk-amd64/lib/libjimage.so
7ffb68d2f000-7ffb68d32000 r-xp 00002000 08:02 23990645                   /usr/lib/jvm/java-11-openjdk-amd64/lib/libjimage.so
7ffb68d32000-7ffb68d34000 r--p 00005000 08:02 23990645                   /usr/lib/jvm/java-11-openjdk-amd64/lib/libjimage.so
7ffb68d34000-7ffb68d35000 r--p 00006000 08:02 23990645                   /usr/lib/jvm/java-11-openjdk-amd64/lib/libjimage.so
7ffb68d35000-7ffb68d36000 rw-p 00007000 08:02 23990645                   /usr/lib/jvm/java-11-openjdk-amd64/lib/libjimage.so
7ffb68d36000-7ffb68d39000 r--p 00000000 08:02 23601425                   /usr/lib/x86_64-linux-gnu/libnss_files-2.29.so
7ffb68d39000-7ffb68d40000 r-xp 00003000 08:02 23601425                   /usr/lib/x86_64-linux-gnu/libnss_files-2.29.so
7ffb68d40000-7ffb68d42000 r--p 0000a000 08:02 23601425                   /usr/lib/x86_64-linux-gnu/libnss_files-2.29.so
7ffb68d42000-7ffb68d43000 r--p 0000b000 08:02 23601425                   /usr/lib/x86_64-linux-gnu/libnss_files-2.29.so
7ffb68d43000-7ffb68d44000 rw-p 0000c000 08:02 23601425                   /usr/lib/x86_64-linux-gnu/libnss_files-2.29.so
7ffb68d44000-7ffb68d4a000 rw-p 00000000 00:00 0 
7ffb68d4a000-7ffb68d4c000 r--p 00000000 08:02 23990662                   /usr/lib/jvm/java-11-openjdk-amd64/lib/libzip.so
7ffb68d4c000-7ffb68d50000 r-xp 00002000 08:02 23990662                   /usr/lib/jvm/java-11-openjdk-amd64/lib/libzip.so
7ffb68d50000-7ffb68d52000 r--p 00006000 08:02 23990662                   /usr/lib/jvm/java-11-openjdk-amd64/lib/libzip.so
7ffb68d52000-7ffb68d53000 r--p 00007000 08:02 23990662                   /usr/lib/jvm/java-11-openjdk-amd64/lib/libzip.so
7ffb68d53000-7ffb68d54000 rw-p 00008000 08:02 23990662                   /usr/lib/jvm/java-11-openjdk-amd64/lib/libzip.so
7ffb68d54000-7ffb68d5c000 rw-s 00000000 08:02 2753648                    /tmp/hsperfdata_kramer/9950
7ffb68d5c000-7ffb68d5d000 ---p 00000000 00:00 0 
7ffb68d5d000-7ffb68d5e000 r--p 00000000 00:00 0 
7ffb68d5e000-7ffb68d6b000 r--p 00000000 08:02 23990641                   /usr/lib/jvm/java-11-openjdk-amd64/lib/libjava.so
7ffb68d6b000-7ffb68d80000 r-xp 0000d000 08:02 23990641                   /usr/lib/jvm/java-11-openjdk-amd64/lib/libjava.so
7ffb68d80000-7ffb68d87000 r--p 00022000 08:02 23990641                   /usr/lib/jvm/java-11-openjdk-amd64/lib/libjava.so
7ffb68d87000-7ffb68d88000 r--p 00028000 08:02 23990641                   /usr/lib/jvm/java-11-openjdk-amd64/lib/libjava.so
7ffb68d88000-7ffb68d8a000 rw-p 00029000 08:02 23990641                   /usr/lib/jvm/java-11-openjdk-amd64/lib/libjava.so
7ffb68d8a000-7ffb68d8d000 r--p 00000000 08:02 23601631                   /usr/lib/x86_64-linux-gnu/librt-2.29.so
7ffb68d8d000-7ffb68d91000 r-xp 00003000 08:02 23601631                   /usr/lib/x86_64-linux-gnu/librt-2.29.so
7ffb68d91000-7ffb68d93000 r--p 00007000 08:02 23601631                   /usr/lib/x86_64-linux-gnu/librt-2.29.so
7ffb68d93000-7ffb68d94000 r--p 00008000 08:02 23601631                   /usr/lib/x86_64-linux-gnu/librt-2.29.so
7ffb68d94000-7ffb68d95000 rw-p 00009000 08:02 23601631                   /usr/lib/x86_64-linux-gnu/librt-2.29.so
7ffb68d95000-7ffb68d99000 ---p 00000000 00:00 0 
7ffb68d99000-7ffb68e96000 rw-p 00000000 00:00 0 
7ffb68e96000-7ffb68e99000 r--p 00000000 08:02 23596996                   /usr/lib/x86_64-linux-gnu/libgcc_s.so.1
7ffb68e99000-7ffb68eaa000 r-xp 00003000 08:02 23596996                   /usr/lib/x86_64-linux-gnu/libgcc_s.so.1
7ffb68eaa000-7ffb68eae000 r--p 00014000 08:02 23596996                   /usr/lib/x86_64-linux-gnu/libgcc_s.so.1
7ffb68eae000-7ffb68eaf000 r--p 00017000 08:02 23596996                   /usr/lib/x86_64-linux-gnu/libgcc_s.so.1
7ffb68eaf000-7ffb68eb0000 rw-p 00018000 08:02 23596996                   /usr/lib/x86_64-linux-gnu/libgcc_s.so.1
7ffb68eb0000-7ffb68ebf000 r--p 00000000 08:02 23601302                   /usr/lib/x86_64-linux-gnu/libm-2.29.so
7ffb68ebf000-7ffb68f65000 r-xp 0000f000 08:02 23601302                   /usr/lib/x86_64-linux-gnu/libm-2.29.so
7ffb68f65000-7ffb68ffc000 r--p 000b5000 08:02 23601302                   /usr/lib/x86_64-linux-gnu/libm-2.29.so
7ffb68ffc000-7ffb68ffd000 r--p 0014b000 08:02 23601302                   /usr/lib/x86_64-linux-gnu/libm-2.29.so
7ffb68ffd000-7ffb68ffe000 rw-p 0014c000 08:02 23601302                   /usr/lib/x86_64-linux-gnu/libm-2.29.so
7ffb68ffe000-7ffb69093000 r--p 00000000 08:02 23594558                   /usr/lib/x86_64-linux-gnu/libstdc++.so.6.0.26
7ffb69093000-7ffb69185000 r-xp 00095000 08:02 23594558                   /usr/lib/x86_64-linux-gnu/libstdc++.so.6.0.26
7ffb69185000-7ffb691ce000 r--p 00187000 08:02 23594558                   /usr/lib/x86_64-linux-gnu/libstdc++.so.6.0.26
7ffb691ce000-7ffb691cf000 ---p 001d0000 08:02 23594558                   /usr/lib/x86_64-linux-gnu/libstdc++.so.6.0.26
7ffb691cf000-7ffb691da000 r--p 001d0000 08:02 23594558                   /usr/lib/x86_64-linux-gnu/libstdc++.so.6.0.26
7ffb691da000-7ffb691dd000 rw-p 001db000 08:02 23594558                   /usr/lib/x86_64-linux-gnu/libstdc++.so.6.0.26
7ffb691dd000-7ffb691e0000 rw-p 00000000 00:00 0 
7ffb691e0000-7ffb6944f000 r--p 00000000 08:02 23990668                   /usr/lib/jvm/java-11-openjdk-amd64/lib/server/libjvm.so
7ffb6944f000-7ffb69f6f000 r-xp 0026f000 08:02 23990668                   /usr/lib/jvm/java-11-openjdk-amd64/lib/server/libjvm.so
7ffb69f6f000-7ffb6a1a8000 r--p 00d8f000 08:02 23990668                   /usr/lib/jvm/java-11-openjdk-amd64/lib/server/libjvm.so
7ffb6a1a8000-7ffb6a1a9000 ---p 00fc8000 08:02 23990668                   /usr/lib/jvm/java-11-openjdk-amd64/lib/server/libjvm.so
7ffb6a1a9000-7ffb6a266000 r--p 00fc8000 08:02 23990668                   /usr/lib/jvm/java-11-openjdk-amd64/lib/server/libjvm.so
7ffb6a266000-7ffb6a29f000 rw-p 01085000 08:02 23990668                   /usr/lib/jvm/java-11-openjdk-amd64/lib/server/libjvm.so
7ffb6a29f000-7ffb6a2f7000 rw-p 00000000 00:00 0 
7ffb6a2f7000-7ffb6a2fe000 r--p 00000000 08:02 23601565                   /usr/lib/x86_64-linux-gnu/libpthread-2.29.so
7ffb6a2fe000-7ffb6a30d000 r-xp 00007000 08:02 23601565                   /usr/lib/x86_64-linux-gnu/libpthread-2.29.so
7ffb6a30d000-7ffb6a312000 r--p 00016000 08:02 23601565                   /usr/lib/x86_64-linux-gnu/libpthread-2.29.so
7ffb6a312000-7ffb6a313000 r--p 0001a000 08:02 23601565                   /usr/lib/x86_64-linux-gnu/libpthread-2.29.so
7ffb6a313000-7ffb6a314000 rw-p 0001b000 08:02 23601565                   /usr/lib/x86_64-linux-gnu/libpthread-2.29.so
7ffb6a314000-7ffb6a318000 rw-p 00000000 00:00 0 
7ffb6a318000-7ffb6a319000 r--p 00000000 08:02 23600824                   /usr/lib/x86_64-linux-gnu/libdl-2.29.so
7ffb6a319000-7ffb6a31b000 r-xp 00001000 08:02 23600824                   /usr/lib/x86_64-linux-gnu/libdl-2.29.so
7ffb6a31b000-7ffb6a31c000 r--p 00003000 08:02 23600824                   /usr/lib/x86_64-linux-gnu/libdl-2.29.so
7ffb6a31c000-7ffb6a31d000 r--p 00003000 08:02 23600824                   /usr/lib/x86_64-linux-gnu/libdl-2.29.so
7ffb6a31d000-7ffb6a31e000 rw-p 00004000 08:02 23600824                   /usr/lib/x86_64-linux-gnu/libdl-2.29.so
7ffb6a31e000-7ffb6a320000 r--p 00000000 08:02 23601962                   /usr/lib/x86_64-linux-gnu/libz.so.1.2.11
7ffb6a320000-7ffb6a331000 r-xp 00002000 08:02 23601962                   /usr/lib/x86_64-linux-gnu/libz.so.1.2.11
7ffb6a331000-7ffb6a337000 r--p 00013000 08:02 23601962                   /usr/lib/x86_64-linux-gnu/libz.so.1.2.11
7ffb6a337000-7ffb6a338000 ---p 00019000 08:02 23601962                   /usr/lib/x86_64-linux-gnu/libz.so.1.2.11
7ffb6a338000-7ffb6a339000 r--p 00019000 08:02 23601962                   /usr/lib/x86_64-linux-gnu/libz.so.1.2.11
7ffb6a339000-7ffb6a33a000 rw-p 0001a000 08:02 23601962                   /usr/lib/x86_64-linux-gnu/libz.so.1.2.11
7ffb6a33a000-7ffb6a35f000 r--p 00000000 08:02 23600687                   /usr/lib/x86_64-linux-gnu/libc-2.29.so
7ffb6a35f000-7ffb6a4d2000 r-xp 00025000 08:02 23600687                   /usr/lib/x86_64-linux-gnu/libc-2.29.so
7ffb6a4d2000-7ffb6a51b000 r--p 00198000 08:02 23600687                   /usr/lib/x86_64-linux-gnu/libc-2.29.so
7ffb6a51b000-7ffb6a51e000 r--p 001e0000 08:02 23600687                   /usr/lib/x86_64-linux-gnu/libc-2.29.so
7ffb6a51e000-7ffb6a521000 rw-p 001e3000 08:02 23600687                   /usr/lib/x86_64-linux-gnu/libc-2.29.so
7ffb6a521000-7ffb6a525000 rw-p 00000000 00:00 0 
7ffb6a525000-7ffb6a526000 r--p 00000000 08:02 25823436                   /usr/share/locale-langpack/en_AU/LC_MESSAGES/libc.mo
7ffb6a526000-7ffb6a52b000 r--p 00000000 08:02 23990661                   /usr/lib/jvm/java-11-openjdk-amd64/lib/libverify.so
7ffb6a52b000-7ffb6a532000 r-xp 00005000 08:02 23990661                   /usr/lib/jvm/java-11-openjdk-amd64/lib/libverify.so
7ffb6a532000-7ffb6a534000 r--p 0000c000 08:02 23990661                   /usr/lib/jvm/java-11-openjdk-amd64/lib/libverify.so
7ffb6a534000-7ffb6a536000 r--p 0000d000 08:02 23990661                   /usr/lib/jvm/java-11-openjdk-amd64/lib/libverify.so
7ffb6a536000-7ffb6a537000 rw-p 0000f000 08:02 23990661                   /usr/lib/jvm/java-11-openjdk-amd64/lib/libverify.so
7ffb6a537000-7ffb6a53a000 r--p 00000000 08:02 23990625                   /usr/lib/jvm/java-11-openjdk-amd64/lib/jli/libjli.so
7ffb6a53a000-7ffb6a544000 r-xp 00003000 08:02 23990625                   /usr/lib/jvm/java-11-openjdk-amd64/lib/jli/libjli.so
7ffb6a544000-7ffb6a547000 r--p 0000d000 08:02 23990625                   /usr/lib/jvm/java-11-openjdk-amd64/lib/jli/libjli.so
7ffb6a547000-7ffb6a548000 r--p 0000f000 08:02 23990625                   /usr/lib/jvm/java-11-openjdk-amd64/lib/jli/libjli.so
7ffb6a548000-7ffb6a549000 rw-p 00010000 08:02 23990625                   /usr/lib/jvm/java-11-openjdk-amd64/lib/jli/libjli.so
7ffb6a549000-7ffb6a54b000 rw-p 00000000 00:00 0 
7ffb6a54b000-7ffb6a54c000 r--p 00000000 08:02 23600471                   /usr/lib/x86_64-linux-gnu/ld-2.29.so
7ffb6a54c000-7ffb6a56d000 r-xp 00001000 08:02 23600471                   /usr/lib/x86_64-linux-gnu/ld-2.29.so
7ffb6a56d000-7ffb6a575000 r--p 00022000 08:02 23600471                   /usr/lib/x86_64-linux-gnu/ld-2.29.so
7ffb6a575000-7ffb6a576000 r--p 00029000 08:02 23600471                   /usr/lib/x86_64-linux-gnu/ld-2.29.so
7ffb6a576000-7ffb6a577000 rw-p 0002a000 08:02 23600471                   /usr/lib/x86_64-linux-gnu/ld-2.29.so
7ffb6a577000-7ffb6a578000 rw-p 00000000 00:00 0 
7ffd2dfd5000-7ffd2dff7000 rw-p 00000000 00:00 0                          [stack]
7ffd2dff8000-7ffd2dffb000 r--p 00000000 00:00 0                          [vvar]
7ffd2dffb000-7ffd2dffc000 r-xp 00000000 00:00 0                          [vdso]
ffffffffff600000-ffffffffff601000 r-xp 00000000 00:00 0                  [vsyscall]


VM Arguments:
jvm_args: -Dfile.encoding=UTF-8 -Duser.country=AU -Duser.language=en -Duser.variant 
java_command: ExampleSwingApp
java_class_path (initial): /home/kramer/Downloads/RobotArena-master/RobotAreana/start/build/classes/java/main:/home/kramer/Downloads/RobotArena-master/RobotAreana/start/build/classes/groovy/main:/home/kramer/Downloads/RobotArena-master/RobotAreana/start/build/resources/main:/home/kramer/Downloads/RobotArena-master/RobotAreana/AIBasic/build/libs/AIBasic.jar:/home/kramer/Downloads/RobotArena-master/RobotAreana/robot/build/libs/robot.jar:/home/kramer/Downloads/RobotArena-master/RobotAreana/main/build/libs/main.jar
Launcher Type: SUN_STANDARD

[Global flags]
     intx CICompilerCount                          = 3                                         {product} {ergonomic}
     uint ConcGCThreads                            = 1                                         {product} {ergonomic}
     uint G1ConcRefinementThreads                  = 4                                         {product} {ergonomic}
   size_t G1HeapRegionSize                         = 1048576                                   {product} {ergonomic}
    uintx GCDrainStackTargetSize                   = 64                                        {product} {ergonomic}
   size_t InitialHeapSize                          = 130023424                                 {product} {ergonomic}
   size_t MarkStackSize                            = 4194304                                   {product} {ergonomic}
   size_t MaxHeapSize                              = 2063597568                                {product} {ergonomic}
   size_t MaxNewSize                               = 1237319680                                {product} {ergonomic}
   size_t MinHeapDeltaBytes                        = 1048576                                   {product} {ergonomic}
    uintx NonNMethodCodeHeapSize                   = 5830092                                {pd product} {ergonomic}
    uintx NonProfiledCodeHeapSize                  = 122914074                              {pd product} {ergonomic}
    uintx ProfiledCodeHeapSize                     = 122914074                              {pd product} {ergonomic}
    uintx ReservedCodeCacheSize                    = 251658240                              {pd product} {ergonomic}
     bool SegmentedCodeCache                       = true                                      {product} {ergonomic}
     bool UseCompressedClassPointers               = true                                 {lp64_product} {ergonomic}
     bool UseCompressedOops                        = true                                 {lp64_product} {ergonomic}
     bool UseG1GC                                  = true                                      {product} {ergonomic}

Logging:
Log output configuration:
 #0: stdout all=warning uptime,level,tags
 #1: stderr all=off uptime,level,tags

Environment Variables:
PATH=/home/kramer/.local/bin:/usr/local/sbin:/usr/local/bin:/usr/sbin:/usr/bin:/sbin:/bin:/usr/games:/usr/local/games:/snap/bin
USERNAME=kramer
LD_LIBRARY_PATH=/home/kramer/Downloads/RobotArena-master/RobotAreana/AIBasic/build/libs/mynativelibrary/shared
SHELL=/bin/bash
DISPLAY=:0

Signal Handlers:
SIGSEGV: [libjvm.so+0xd1cc80], sa_mask[0]=11111111011111111101111111111110, sa_flags=SA_RESTART|SA_SIGINFO
SIGBUS: [libjvm.so+0xd1cc80], sa_mask[0]=11111111011111111101111111111110, sa_flags=SA_RESTART|SA_SIGINFO
SIGFPE: [libjvm.so+0xd1cc80], sa_mask[0]=11111111011111111101111111111110, sa_flags=SA_RESTART|SA_SIGINFO
SIGPIPE: SIG_IGN, sa_mask[0]=00000000000010000000000000000000, sa_flags=SA_RESTART
SIGXFSZ: [libjvm.so+0xb239a0], sa_mask[0]=11111111011111111101111111111110, sa_flags=SA_RESTART|SA_SIGINFO
SIGILL: [libjvm.so+0xd1cc80], sa_mask[0]=11111111011111111101111111111110, sa_flags=SA_RESTART|SA_SIGINFO
SIGUSR2: [libjvm.so+0xb23830], sa_mask[0]=00100000000000000000000000000000, sa_flags=SA_RESTART|SA_SIGINFO
SIGHUP: [libjvm.so+0xb23ce0], sa_mask[0]=11111111011111111101111111111110, sa_flags=SA_RESTART|SA_SIGINFO
SIGINT: [libjvm.so+0xb23ce0], sa_mask[0]=11111111011111111101111111111110, sa_flags=SA_RESTART|SA_SIGINFO
SIGTERM: [libjvm.so+0xb23ce0], sa_mask[0]=11111111011111111101111111111110, sa_flags=SA_RESTART|SA_SIGINFO
SIGQUIT: [libjvm.so+0xb23ce0], sa_mask[0]=11111111011111111101111111111110, sa_flags=SA_RESTART|SA_SIGINFO


---------------  S Y S T E M  ---------------

OS:DISTRIB_ID=Ubuntu
DISTRIB_RELEASE=19.04
DISTRIB_CODENAME=disco
DISTRIB_DESCRIPTION="Ubuntu 19.04"
uname:Linux 5.0.0-32-generic #34-Ubuntu SMP Wed Oct 2 02:06:48 UTC 2019 x86_64
libc:glibc 2.29 NPTL 2.29 
rlimit: STACK 8192k, CORE 0k, NPROC 31283, NOFILE 524288, AS infinity, DATA infinity, FSIZE infinity
load average:1.44 1.21 1.04

/proc/meminfo:
MemTotal:        8057228 kB
MemFree:         2401024 kB
MemAvailable:    4239596 kB
Buffers:          135892 kB
Cached:          1893088 kB
SwapCached:            0 kB
Active:          3978072 kB
Inactive:        1279188 kB
Active(anon):    3156728 kB
Inactive(anon):   111316 kB
Active(file):     821344 kB
Inactive(file):  1167872 kB
Unevictable:        3452 kB
Mlocked:              16 kB
SwapTotal:       2097148 kB
SwapFree:        2097148 kB
Dirty:              1524 kB
Writeback:             0 kB
AnonPages:       3231752 kB
Mapped:           608232 kB
Shmem:            116652 kB
KReclaimable:     139276 kB
Slab:             239780 kB
SReclaimable:     139276 kB
SUnreclaim:       100504 kB
KernelStack:       16456 kB
PageTables:        34676 kB
NFS_Unstable:          0 kB
Bounce:                0 kB
WritebackTmp:          0 kB
CommitLimit:     6125760 kB
Committed_AS:   11011904 kB
VmallocTotal:   34359738367 kB
VmallocUsed:           0 kB
VmallocChunk:          0 kB
Percpu:             2192 kB
HardwareCorrupted:     0 kB
AnonHugePages:         0 kB
ShmemHugePages:        0 kB
ShmemPmdMapped:        0 kB
CmaTotal:              0 kB
CmaFree:               0 kB
HugePages_Total:       0
HugePages_Free:        0
HugePages_Rsvd:        0
HugePages_Surp:        0
Hugepagesize:       2048 kB
Hugetlb:               0 kB
DirectMap4k:      244272 kB
DirectMap2M:     5939200 kB
DirectMap1G:     2097152 kB


/proc/sys/kernel/threads-max (system-wide limit on the number of threads):
62566


/proc/sys/vm/max_map_count (maximum number of memory map areas a process may have):
65530


/proc/sys/kernel/pid_max (system-wide limit on number of process identifiers):
32768



container (cgroup) information:
container_type: cgroupv1
cpu_cpuset_cpus: 0-3
cpu_memory_nodes: 0
active_processor_count: 4
cpu_quota: -1
cpu_period: 100000
cpu_shares: -1
memory_limit_in_bytes: -1
memory_and_swap_limit_in_bytes: -2
memory_soft_limit_in_bytes: -1
memory_usage_in_bytes: 1063550976
memory_max_usage_in_bytes: 1080561664

Steal ticks since vm start: 0
Steal ticks percentage since vm start:  0.000

CPU:total 4 (initial active 4) (4 cores per cpu, 1 threads per core) family 6 model 60 stepping 3, cmov, cx8, fxsr, mmx, sse, sse2, sse3, ssse3, sse4.1, sse4.2, popcnt, avx, avx2, aes, clmul, erms, lzcnt, tsc, tscinvbit, bmi1, bmi2, fma
CPU Model and flags from /proc/cpuinfo:
model name	: Intel(R) Core(TM) i5-4690 CPU @ 3.50GHz
flags		: fpu vme de pse tsc msr pae mce cx8 apic sep mtrr pge mca cmov pat pse36 clflush dts acpi mmx fxsr sse sse2 ss ht tm pbe syscall nx pdpe1gb rdtscp lm constant_tsc arch_perfmon pebs bts rep_good nopl xtopology nonstop_tsc cpuid aperfmperf pni pclmulqdq dtes64 monitor ds_cpl vmx smx est tm2 ssse3 sdbg fma cx16 xtpr pdcm pcid sse4_1 sse4_2 x2apic movbe popcnt tsc_deadline_timer aes xsave avx f16c rdrand lahf_lm abm cpuid_fault invpcid_single pti ssbd ibrs ibpb stibp tpr_shadow vnmi flexpriority ept vpid ept_ad fsgsbase tsc_adjust bmi1 avx2 smep bmi2 erms invpcid xsaveopt dtherm ida arat pln pts md_clear flush_l1d

Memory: 4k page, physical 8057228k(2400772k free), swap 2097148k(2097148k free)

vm_info: OpenJDK 64-Bit Server VM (11.0.4+11-post-Ubuntu-1ubuntu219.04) for linux-amd64 JRE (11.0.4+11-post-Ubuntu-1ubuntu219.04), built on Jul 18 2019 18:21:46 by "buildd" with gcc 8.3.0

END.
