#
# A fatal error has been detected by the Java Runtime Environment:
#
#  SIGSEGV (0xb) at pc=0x00007f8bd3e1d62b, pid=9536, tid=9563
#
# JRE version: OpenJDK Runtime Environment (11.0.4+11) (build 11.0.4+11-post-Ubuntu-1ubuntu219.04)
# Java VM: OpenJDK 64-Bit Server VM (11.0.4+11-post-Ubuntu-1ubuntu219.04, mixed mode, sharing, tiered, compressed oops, g1 gc, linux-amd64)
# Problematic frame:
# V  [libjvm.so+0x86462b]
#
# Core dump will be written. Default location: Core dumps may be processed with "/usr/share/apport/apport %p %s %c %d %P" (or dumping to /home/kramer/Downloads/RobotArena-master/RobotAreana/start/core.9536)
#
# If you would like to submit a bug report, please visit:
#   https://bugs.launchpad.net/ubuntu/+source/openjdk-lts
#

---------------  S U M M A R Y ------------

Command Line: -Dfile.encoding=UTF-8 -Duser.country=AU -Duser.language=en -Duser.variant ExampleSwingApp

Host: Intel(R) Core(TM) i5-4690 CPU @ 3.50GHz, 4 cores, 7G, Ubuntu 19.04
Time: Mon Oct 28 19:27:31 2019 AWST elapsed time: 1 seconds (0d 0h 0m 1s)

---------------  T H R E A D  ---------------

Current thread (0x00007f8bcc42c800):  JavaThread "Thomas" [_thread_in_vm, id=9563, stack(0x00007f8ba4132000,0x00007f8ba4233000)]

Stack: [0x00007f8ba4132000,0x00007f8ba4233000],  sp=0x00007f8ba4231650,  free space=1021k
Native frames: (J=compiled Java code, A=aot compiled Java code, j=interpreted, Vv=VM code, C=native code)
V  [libjvm.so+0x86462b]
C  [libmynativelibrary.so+0x1231]  Java_CRobot_startCPP+0x12c
j  CRobot.startCPP(LRobotControl;)V+0
j  CRobot$1.run()V+8
j  java.lang.Thread.run()V+11 java.base@11.0.4
v  ~StubRoutines::call_stub
V  [libjvm.so+0x7f40b1]
V  [libjvm.so+0x7f2550]
V  [libjvm.so+0x7f260b]
V  [libjvm.so+0x88e63c]
V  [libjvm.so+0xcc0060]
V  [libjvm.so+0xcc0350]
V  [libjvm.so+0xcbbee4]
V  [libjvm.so+0xb2cbee]

Java frames: (J=compiled Java code, j=interpreted, Vv=VM code)
j  CRobot.startCPP(LRobotControl;)V+0
j  CRobot$1.run()V+8
j  java.lang.Thread.run()V+11 java.base@11.0.4
v  ~StubRoutines::call_stub

siginfo: si_signo: 11 (SIGSEGV), si_code: 1 (SEGV_MAPERR), si_addr: 0x0000000000000000

Register to memory mapping:

RAX=0x00007f8ba42316f0 is pointing into the stack for thread: 0x00007f8bcc42c800
RBX=0x00007f8bcc42c800 is a thread
RCX=0x00007f8bd3e1d550: <offset 0x0000000000864550> in /usr/lib/jvm/java-11-openjdk-amd64/lib/server/libjvm.so at 0x00007f8bd35b9000
RDX=0x00007f8bcc42a020 points into unknown readable memory: d8 a5 ed 8b 00 00 00 00
RSP=0x00007f8ba4231650 is pointing into the stack for thread: 0x00007f8bcc42c800
RBP=0x00007f8ba42317d0 is pointing into the stack for thread: 0x00007f8bcc42c800
RSI=0x00007f8bcc42c800 is a thread
RDI=0x00007f8ba42316b0 is pointing into the stack for thread: 0x00007f8bcc42c800
R8 =0x0 is NULL
R9 =0x00007f8ba42312e4 is pointing into the stack for thread: 0x00007f8bcc42c800
R10=0x00007f8bd4384264: <offset 0x0000000000dcb264> in /usr/lib/jvm/java-11-openjdk-amd64/lib/server/libjvm.so at 0x00007f8bd35b9000
R11=0x0000000000000535 is an unknown value
R12=0x00007f8ba42316b0 is pointing into the stack for thread: 0x00007f8bcc42c800
R13=0x00007f8bcc42cb40 points into unknown readable memory: e0 5f 64 d4 8b 7f 00 00
R14=0x0 is NULL
R15=0x00007f8ba42318d0 is pointing into the stack for thread: 0x00007f8bcc42c800


Registers:
RAX=0x00007f8ba42316f0, RBX=0x00007f8bcc42c800, RCX=0x00007f8bd3e1d550, RDX=0x00007f8bcc42a020
RSP=0x00007f8ba4231650, RBP=0x00007f8ba42317d0, RSI=0x00007f8bcc42c800, RDI=0x00007f8ba42316b0
R8 =0x0000000000000000, R9 =0x00007f8ba42312e4, R10=0x00007f8bd4384264, R11=0x0000000000000535
R12=0x00007f8ba42316b0, R13=0x00007f8bcc42cb40, R14=0x0000000000000000, R15=0x00007f8ba42318d0
RIP=0x00007f8bd3e1d62b, EFLAGS=0x0000000000010202, CSGSFS=0x002b000000000033, ERR=0x0000000000000004
  TRAPNO=0x000000000000000e

Top of Stack: (sp=0x00007f8ba4231650)
0x00007f8ba4231650:   00007f8bcc11d4d0 00007f8bcc42c800
0x00007f8ba4231660:   00007f8bac01803f 00007f8bd4398af8
0x00007f8ba4231670:   0000000000000535 0000000800000018
0x00007f8ba4231680:   00007f8ba42317e0 00007f8ba42316f0 

Instructions: (pc=0x00007f8bd3e1d62b)
0x00007f8bd3e1d52b:   89 e0 5b 41 5c 41 5d 41 5e 41 5f 5d c3 0f 1f 84
0x00007f8bd3e1d53b:   00 00 00 00 00 48 89 df 31 db e8 66 2d 45 00 e9
0x00007f8bd3e1d54b:   ab fe ff ff 90 55 48 89 e5 41 57 49 89 f7 41 56
0x00007f8bd3e1d55b:   49 89 d6 41 55 49 89 fd 41 54 53 48 81 ec 58 01
0x00007f8bd3e1d56b:   00 00 48 89 8d 38 ff ff ff 4c 89 85 40 ff ff ff
0x00007f8bd3e1d57b:   4c 89 8d 48 ff ff ff 84 c0 74 29 0f 29 85 50 ff
0x00007f8bd3e1d58b:   ff ff 0f 29 8d 60 ff ff ff 0f 29 95 70 ff ff ff
0x00007f8bd3e1d59b:   0f 29 5d 80 0f 29 65 90 0f 29 6d a0 0f 29 75 b0
0x00007f8bd3e1d5ab:   0f 29 7d c0 49 8d 9d c0 fc ff ff 8b 83 d0 03 00
0x00007f8bd3e1d5bb:   00 2d ab de 00 00 83 f8 01 0f 87 46 01 00 00 48
0x00007f8bd3e1d5cb:   89 df 48 89 9d 88 fe ff ff e8 c7 69 ff ff 48 83
0x00007f8bd3e1d5db:   7b 08 00 48 89 9d c0 fe ff ff 48 c7 85 c8 fe ff
0x00007f8bd3e1d5eb:   ff 00 00 00 00 74 0c 48 8d bd c0 fe ff ff e8 02
0x00007f8bd3e1d5fb:   0e 32 00 48 8d 45 10 4c 8d a5 e0 fe ff ff c7 85
0x00007f8bd3e1d60b:   a8 fe ff ff 18 00 00 00 48 89 85 b0 fe ff ff 48
0x00007f8bd3e1d61b:   8d 85 20 ff ff ff 4c 89 e7 48 89 85 b8 fe ff ff
0x00007f8bd3e1d62b:   49 8b 06 c7 85 ac fe ff ff 30 00 00 00 c7 85 90
0x00007f8bd3e1d63b:   fe ff ff 0c 00 00 00 48 8b 40 08 0f b7 50 2c 48
0x00007f8bd3e1d64b:   8b 40 08 48 8b 74 d0 40 e8 78 53 3a 00 4d 89 e0
0x00007f8bd3e1d65b:   49 89 d9 4c 89 f1 48 8d 05 f0 20 77 00 4c 89 fa
0x00007f8bd3e1d66b:   4c 89 ef 45 31 e4 48 89 85 e0 fe ff ff f3 0f 6f
0x00007f8bd3e1d67b:   85 a8 fe ff ff 48 8d b5 90 fe ff ff 48 8b 85 b8
0x00007f8bd3e1d68b:   fe ff ff c7 85 f8 fe ff ff 63 00 00 00 48 c7 85
0x00007f8bd3e1d69b:   00 ff ff ff 00 00 00 00 0f 11 85 08 ff ff ff 48
0x00007f8bd3e1d6ab:   89 85 18 ff ff ff e8 fa f3 ff ff 48 83 7b 08 00
0x00007f8bd3e1d6bb:   75 07 4c 8b a5 98 fe ff ff 48 83 bd c8 fe ff ff
0x00007f8bd3e1d6cb:   00 74 0c 48 8d bd c0 fe ff ff e8 76 0d 32 00 48
0x00007f8bd3e1d6db:   8b bb f0 00 00 00 e8 1a e3 00 00 48 8d bd 88 fe
0x00007f8bd3e1d6eb:   ff ff e8 fe e3 00 00 48 81 c4 58 01 00 00 4c 89
0x00007f8bd3e1d6fb:   e0 5b 41 5c 41 5d 41 5e 41 5f 5d c3 66 0f 1f 84
0x00007f8bd3e1d70b:   00 00 00 00 00 48 89 df 31 db e8 96 2b 45 00 e9
0x00007f8bd3e1d71b:   ab fe ff ff 90 55 48 89 e5 41 57 49 89 f7 41 56 


Stack slot to memory mapping:
stack at sp + 0 slots: 0x00007f8bcc11d4d0 points into unknown readable memory: 00 00 00 00 00 00 00 00
stack at sp + 1 slots: 0x00007f8bcc42c800 is a thread
stack at sp + 2 slots: 0x00007f8bac01803f: <offset 0x000000000000203f> in /home/kramer/Downloads/RobotArena-master/RobotAreana/AIBasic/build/libs/mynativelibrary/shared/libmynativelibrary.so at 0x00007f8bac016000
stack at sp + 3 slots: 0x00007f8bd4398af8: <offset 0x0000000000ddfaf8> in /usr/lib/jvm/java-11-openjdk-amd64/lib/server/libjvm.so at 0x00007f8bd35b9000
stack at sp + 4 slots: 0x0000000000000535 is an unknown value
stack at sp + 5 slots: 0x0000000800000018 is pointing into metadata
stack at sp + 6 slots: 0x00007f8ba42317e0 is pointing into the stack for thread: 0x00007f8bcc42c800
stack at sp + 7 slots: 0x00007f8ba42316f0 is pointing into the stack for thread: 0x00007f8bcc42c800


---------------  P R O C E S S  ---------------

Threads class SMR info:
_java_thread_list=0x00007f8bcc431370, length=16, elements={
0x00007f8bcc011800, 0x00007f8bcc107000, 0x00007f8bcc109000, 0x00007f8bcc10e800,
0x00007f8bcc110800, 0x00007f8bcc112800, 0x00007f8bcc114800, 0x00007f8bcc144000,
0x00007f8bcc14c000, 0x00007f8bcc2ea800, 0x00007f8bcc2ec000, 0x00007f8b7c251000,
0x00007f8bcc424800, 0x00007f8bcc42c800, 0x00007f8bcc42e800, 0x00007f8bcc430000
}

Java Threads: ( => current thread )
  0x00007f8bcc011800 JavaThread "main" [_thread_blocked, id=9537, stack(0x00007f8bd316e000,0x00007f8bd326f000)]
  0x00007f8bcc107000 JavaThread "Reference Handler" daemon [_thread_blocked, id=9544, stack(0x00007f8bd0afd000,0x00007f8bd0bfe000)]
  0x00007f8bcc109000 JavaThread "Finalizer" daemon [_thread_blocked, id=9545, stack(0x00007f8bd09fc000,0x00007f8bd0afd000)]
  0x00007f8bcc10e800 JavaThread "Signal Dispatcher" daemon [_thread_blocked, id=9546, stack(0x00007f8bd08fb000,0x00007f8bd09fc000)]
  0x00007f8bcc110800 JavaThread "C2 CompilerThread0" daemon [_thread_blocked, id=9547, stack(0x00007f8bd07fa000,0x00007f8bd08fb000)]
  0x00007f8bcc112800 JavaThread "C1 CompilerThread0" daemon [_thread_blocked, id=9548, stack(0x00007f8bd06f9000,0x00007f8bd07fa000)]
  0x00007f8bcc114800 JavaThread "Sweeper thread" daemon [_thread_blocked, id=9549, stack(0x00007f8bd05f8000,0x00007f8bd06f9000)]
  0x00007f8bcc144000 JavaThread "Service Thread" daemon [_thread_blocked, id=9551, stack(0x00007f8bd04f7000,0x00007f8bd05f8000)]
  0x00007f8bcc14c000 JavaThread "Common-Cleaner" daemon [_thread_blocked, id=9553, stack(0x00007f8bd02f4000,0x00007f8bd03f5000)]
  0x00007f8bcc2ea800 JavaThread "Java2D Disposer" daemon [_thread_blocked, id=9559, stack(0x00007f8ba4f1e000,0x00007f8ba501f000)]
  0x00007f8bcc2ec000 JavaThread "AWT-XAWT" daemon [_thread_in_native, id=9560, stack(0x00007f8ba4435000,0x00007f8ba4536000)]
  0x00007f8b7c251000 JavaThread "C2 CompilerThread1" daemon [_thread_blocked, id=9561, stack(0x00007f8ba4334000,0x00007f8ba4435000)]
  0x00007f8bcc424800 JavaThread "Image Fetcher 0" daemon [_thread_blocked, id=9562, stack(0x00007f8ba4233000,0x00007f8ba4334000)]
=>0x00007f8bcc42c800 JavaThread "Thomas" [_thread_in_vm, id=9563, stack(0x00007f8ba4132000,0x00007f8ba4233000)]
  0x00007f8bcc42e800 JavaThread "Thomas" [_thread_blocked, id=9564, stack(0x00007f8ba4031000,0x00007f8ba4132000)]
  0x00007f8bcc430000 JavaThread "Thomas" [_thread_blocked, id=9565, stack(0x00007f8b6a6fc000,0x00007f8b6a7fd000)]

Other Threads:
  0x00007f8bcc104000 VMThread "VM Thread" [stack: 0x00007f8bd0c00000,0x00007f8bd0d00000] [id=9543]
  0x00007f8bcc146000 WatcherThread [stack: 0x00007f8bd03f7000,0x00007f8bd04f7000] [id=9552]
  0x00007f8bcc027000 GCTaskThread "GC Thread#0" [stack: 0x00007f8bd2e22000,0x00007f8bd2f22000] [id=9538]
  0x00007f8bcc058000 ConcurrentGCThread "G1 Main Marker" [stack: 0x00007f8bd1d52000,0x00007f8bd1e52000] [id=9539]
  0x00007f8bcc05a000 ConcurrentGCThread "G1 Conc#0" [stack: 0x00007f8bd1c50000,0x00007f8bd1d50000] [id=9540]
  0x00007f8bcc0d2000 ConcurrentGCThread "G1 Refine#0" [stack: 0x00007f8bd174a000,0x00007f8bd184a000] [id=9541]
  0x00007f8bcc0d3800 ConcurrentGCThread "G1 Young RemSet Sampling" [stack: 0x00007f8bd1648000,0x00007f8bd1748000] [id=9542]

Threads with active compile tasks:
C2 CompilerThread0 641 %     4       sun.awt.image.PNGImageDecoder::filterRow @ 47 (459 bytes)

VM state:synchronizing (normal execution)

VM Mutex/Monitor currently owned by a thread:  ([mutex/lock_event])
[0x00007f8bcc00e360] Threads_lock - owner thread: 0x00007f8bcc104000
[0x00007f8bcc00eab0] Heap_lock - owner thread: 0x00007f8bcc42e800

Heap address: 0x0000000085000000, size: 1968 MB, Compressed Oops mode: 32-bit
Narrow klass base: 0x0000000800000000, Narrow klass shift: 3
Compressed class space size: 1073741824 Address: 0x0000000840000000

Heap:
 garbage-first heap   total 129024K, used 23160K [0x0000000085000000, 0x0000000100000000)
  region size 1024K, 14 young (14336K), 0 survivors (0K)
 Metaspace       used 5266K, capacity 5661K, committed 5888K, reserved 1056768K
  class space    used 586K, capacity 768K, committed 768K, reserved 1048576K
Heap Regions: E=young(eden), S=young(survivor), O=old, HS=humongous(starts), HC=humongous(continues), CS=collection set, F=free, A=archive, TAMS=top-at-mark-start (previous, next)
|   0|0x0000000085000000, 0x0000000085100000, 0x0000000085100000|100%|HS|  |TAMS 0x0000000085000000, 0x0000000085000000| Complete 
|   1|0x0000000085100000, 0x0000000085200000, 0x0000000085200000|100%|HC|  |TAMS 0x0000000085100000, 0x0000000085100000| Complete 
|   2|0x0000000085200000, 0x0000000085300000, 0x0000000085300000|100%|HC|  |TAMS 0x0000000085200000, 0x0000000085200000| Complete 
|   3|0x0000000085300000, 0x0000000085400000, 0x0000000085400000|100%|HC|  |TAMS 0x0000000085300000, 0x0000000085300000| Complete 
|   4|0x0000000085400000, 0x0000000085500000, 0x0000000085500000|100%|HC|  |TAMS 0x0000000085400000, 0x0000000085400000| Complete 
|   5|0x0000000085500000, 0x0000000085600000, 0x0000000085600000|100%|HC|  |TAMS 0x0000000085500000, 0x0000000085500000| Complete 
|   6|0x0000000085600000, 0x0000000085700000, 0x0000000085700000|100%|HC|  |TAMS 0x0000000085600000, 0x0000000085600000| Complete 
|   7|0x0000000085700000, 0x0000000085800000, 0x0000000085800000|100%|HC|  |TAMS 0x0000000085700000, 0x0000000085700000| Complete 
|   8|0x0000000085800000, 0x0000000085800000, 0x0000000085900000|  0%| F|  |TAMS 0x0000000085800000, 0x0000000085800000| Untracked 
|   9|0x0000000085900000, 0x0000000085900000, 0x0000000085a00000|  0%| F|  |TAMS 0x0000000085900000, 0x0000000085900000| Untracked 
|  10|0x0000000085a00000, 0x0000000085a00000, 0x0000000085b00000|  0%| F|  |TAMS 0x0000000085a00000, 0x0000000085a00000| Untracked 
|  11|0x0000000085b00000, 0x0000000085b00000, 0x0000000085c00000|  0%| F|  |TAMS 0x0000000085b00000, 0x0000000085b00000| Untracked 
|  12|0x0000000085c00000, 0x0000000085c00000, 0x0000000085d00000|  0%| F|  |TAMS 0x0000000085c00000, 0x0000000085c00000| Untracked 
|  13|0x0000000085d00000, 0x0000000085d00000, 0x0000000085e00000|  0%| F|  |TAMS 0x0000000085d00000, 0x0000000085d00000| Untracked 
|  14|0x0000000085e00000, 0x0000000085e00000, 0x0000000085f00000|  0%| F|  |TAMS 0x0000000085e00000, 0x0000000085e00000| Untracked 
|  15|0x0000000085f00000, 0x0000000085f00000, 0x0000000086000000|  0%| F|  |TAMS 0x0000000085f00000, 0x0000000085f00000| Untracked 
|  16|0x0000000086000000, 0x0000000086000000, 0x0000000086100000|  0%| F|  |TAMS 0x0000000086000000, 0x0000000086000000| Untracked 
|  17|0x0000000086100000, 0x0000000086100000, 0x0000000086200000|  0%| F|  |TAMS 0x0000000086100000, 0x0000000086100000| Untracked 
|  18|0x0000000086200000, 0x0000000086200000, 0x0000000086300000|  0%| F|  |TAMS 0x0000000086200000, 0x0000000086200000| Untracked 
|  19|0x0000000086300000, 0x0000000086300000, 0x0000000086400000|  0%| F|  |TAMS 0x0000000086300000, 0x0000000086300000| Untracked 
|  20|0x0000000086400000, 0x0000000086400000, 0x0000000086500000|  0%| F|  |TAMS 0x0000000086400000, 0x0000000086400000| Untracked 
|  21|0x0000000086500000, 0x0000000086500000, 0x0000000086600000|  0%| F|  |TAMS 0x0000000086500000, 0x0000000086500000| Untracked 
|  22|0x0000000086600000, 0x0000000086600000, 0x0000000086700000|  0%| F|  |TAMS 0x0000000086600000, 0x0000000086600000| Untracked 
|  23|0x0000000086700000, 0x0000000086700000, 0x0000000086800000|  0%| F|  |TAMS 0x0000000086700000, 0x0000000086700000| Untracked 
|  24|0x0000000086800000, 0x0000000086800000, 0x0000000086900000|  0%| F|  |TAMS 0x0000000086800000, 0x0000000086800000| Untracked 
|  25|0x0000000086900000, 0x0000000086900000, 0x0000000086a00000|  0%| F|  |TAMS 0x0000000086900000, 0x0000000086900000| Untracked 
|  26|0x0000000086a00000, 0x0000000086a00000, 0x0000000086b00000|  0%| F|  |TAMS 0x0000000086a00000, 0x0000000086a00000| Untracked 
|  27|0x0000000086b00000, 0x0000000086b00000, 0x0000000086c00000|  0%| F|  |TAMS 0x0000000086b00000, 0x0000000086b00000| Untracked 
|  28|0x0000000086c00000, 0x0000000086c00000, 0x0000000086d00000|  0%| F|  |TAMS 0x0000000086c00000, 0x0000000086c00000| Untracked 
|  29|0x0000000086d00000, 0x0000000086d00000, 0x0000000086e00000|  0%| F|  |TAMS 0x0000000086d00000, 0x0000000086d00000| Untracked 
|  30|0x0000000086e00000, 0x0000000086e00000, 0x0000000086f00000|  0%| F|  |TAMS 0x0000000086e00000, 0x0000000086e00000| Untracked 
|  31|0x0000000086f00000, 0x0000000086f00000, 0x0000000087000000|  0%| F|  |TAMS 0x0000000086f00000, 0x0000000086f00000| Untracked 
|  32|0x0000000087000000, 0x0000000087000000, 0x0000000087100000|  0%| F|  |TAMS 0x0000000087000000, 0x0000000087000000| Untracked 
|  33|0x0000000087100000, 0x0000000087100000, 0x0000000087200000|  0%| F|  |TAMS 0x0000000087100000, 0x0000000087100000| Untracked 
|  34|0x0000000087200000, 0x0000000087200000, 0x0000000087300000|  0%| F|  |TAMS 0x0000000087200000, 0x0000000087200000| Untracked 
|  35|0x0000000087300000, 0x0000000087300000, 0x0000000087400000|  0%| F|  |TAMS 0x0000000087300000, 0x0000000087300000| Untracked 
|  36|0x0000000087400000, 0x0000000087400000, 0x0000000087500000|  0%| F|  |TAMS 0x0000000087400000, 0x0000000087400000| Untracked 
|  37|0x0000000087500000, 0x0000000087500000, 0x0000000087600000|  0%| F|  |TAMS 0x0000000087500000, 0x0000000087500000| Untracked 
|  38|0x0000000087600000, 0x0000000087600000, 0x0000000087700000|  0%| F|  |TAMS 0x0000000087600000, 0x0000000087600000| Untracked 
|  39|0x0000000087700000, 0x0000000087700000, 0x0000000087800000|  0%| F|  |TAMS 0x0000000087700000, 0x0000000087700000| Untracked 
|  40|0x0000000087800000, 0x0000000087800000, 0x0000000087900000|  0%| F|  |TAMS 0x0000000087800000, 0x0000000087800000| Untracked 
|  41|0x0000000087900000, 0x0000000087900000, 0x0000000087a00000|  0%| F|  |TAMS 0x0000000087900000, 0x0000000087900000| Untracked 
|  42|0x0000000087a00000, 0x0000000087a00000, 0x0000000087b00000|  0%| F|  |TAMS 0x0000000087a00000, 0x0000000087a00000| Untracked 
|  43|0x0000000087b00000, 0x0000000087b00000, 0x0000000087c00000|  0%| F|  |TAMS 0x0000000087b00000, 0x0000000087b00000| Untracked 
|  44|0x0000000087c00000, 0x0000000087c00000, 0x0000000087d00000|  0%| F|  |TAMS 0x0000000087c00000, 0x0000000087c00000| Untracked 
|  45|0x0000000087d00000, 0x0000000087d00000, 0x0000000087e00000|  0%| F|  |TAMS 0x0000000087d00000, 0x0000000087d00000| Untracked 
|  46|0x0000000087e00000, 0x0000000087e00000, 0x0000000087f00000|  0%| F|  |TAMS 0x0000000087e00000, 0x0000000087e00000| Untracked 
|  47|0x0000000087f00000, 0x0000000087f00000, 0x0000000088000000|  0%| F|  |TAMS 0x0000000087f00000, 0x0000000087f00000| Untracked 
|  48|0x0000000088000000, 0x0000000088000000, 0x0000000088100000|  0%| F|  |TAMS 0x0000000088000000, 0x0000000088000000| Untracked 
|  49|0x0000000088100000, 0x0000000088100000, 0x0000000088200000|  0%| F|  |TAMS 0x0000000088100000, 0x0000000088100000| Untracked 
|  50|0x0000000088200000, 0x0000000088200000, 0x0000000088300000|  0%| F|  |TAMS 0x0000000088200000, 0x0000000088200000| Untracked 
|  51|0x0000000088300000, 0x0000000088300000, 0x0000000088400000|  0%| F|  |TAMS 0x0000000088300000, 0x0000000088300000| Untracked 
|  52|0x0000000088400000, 0x0000000088400000, 0x0000000088500000|  0%| F|  |TAMS 0x0000000088400000, 0x0000000088400000| Untracked 
|  53|0x0000000088500000, 0x0000000088500000, 0x0000000088600000|  0%| F|  |TAMS 0x0000000088500000, 0x0000000088500000| Untracked 
|  54|0x0000000088600000, 0x0000000088600000, 0x0000000088700000|  0%| F|  |TAMS 0x0000000088600000, 0x0000000088600000| Untracked 
|  55|0x0000000088700000, 0x0000000088700000, 0x0000000088800000|  0%| F|  |TAMS 0x0000000088700000, 0x0000000088700000| Untracked 
|  56|0x0000000088800000, 0x0000000088800000, 0x0000000088900000|  0%| F|  |TAMS 0x0000000088800000, 0x0000000088800000| Untracked 
|  57|0x0000000088900000, 0x0000000088900000, 0x0000000088a00000|  0%| F|  |TAMS 0x0000000088900000, 0x0000000088900000| Untracked 
|  58|0x0000000088a00000, 0x0000000088a00000, 0x0000000088b00000|  0%| F|  |TAMS 0x0000000088a00000, 0x0000000088a00000| Untracked 
|  59|0x0000000088b00000, 0x0000000088b00000, 0x0000000088c00000|  0%| F|  |TAMS 0x0000000088b00000, 0x0000000088b00000| Untracked 
|  60|0x0000000088c00000, 0x0000000088c00000, 0x0000000088d00000|  0%| F|  |TAMS 0x0000000088c00000, 0x0000000088c00000| Untracked 
|  61|0x0000000088d00000, 0x0000000088d00000, 0x0000000088e00000|  0%| F|  |TAMS 0x0000000088d00000, 0x0000000088d00000| Untracked 
|  62|0x0000000088e00000, 0x0000000088e00000, 0x0000000088f00000|  0%| F|  |TAMS 0x0000000088e00000, 0x0000000088e00000| Untracked 
|  63|0x0000000088f00000, 0x0000000088f00000, 0x0000000089000000|  0%| F|  |TAMS 0x0000000088f00000, 0x0000000088f00000| Untracked 
|  64|0x0000000089000000, 0x0000000089000000, 0x0000000089100000|  0%| F|  |TAMS 0x0000000089000000, 0x0000000089000000| Untracked 
|  65|0x0000000089100000, 0x0000000089100000, 0x0000000089200000|  0%| F|  |TAMS 0x0000000089100000, 0x0000000089100000| Untracked 
|  66|0x0000000089200000, 0x0000000089200000, 0x0000000089300000|  0%| F|  |TAMS 0x0000000089200000, 0x0000000089200000| Untracked 
|  67|0x0000000089300000, 0x0000000089300000, 0x0000000089400000|  0%| F|  |TAMS 0x0000000089300000, 0x0000000089300000| Untracked 
|  68|0x0000000089400000, 0x0000000089400000, 0x0000000089500000|  0%| F|  |TAMS 0x0000000089400000, 0x0000000089400000| Untracked 
|  69|0x0000000089500000, 0x0000000089500000, 0x0000000089600000|  0%| F|  |TAMS 0x0000000089500000, 0x0000000089500000| Untracked 
|  70|0x0000000089600000, 0x0000000089600000, 0x0000000089700000|  0%| F|  |TAMS 0x0000000089600000, 0x0000000089600000| Untracked 
|  71|0x0000000089700000, 0x0000000089700000, 0x0000000089800000|  0%| F|  |TAMS 0x0000000089700000, 0x0000000089700000| Untracked 
|  72|0x0000000089800000, 0x0000000089800000, 0x0000000089900000|  0%| F|  |TAMS 0x0000000089800000, 0x0000000089800000| Untracked 
|  73|0x0000000089900000, 0x0000000089900000, 0x0000000089a00000|  0%| F|  |TAMS 0x0000000089900000, 0x0000000089900000| Untracked 
|  74|0x0000000089a00000, 0x0000000089a00000, 0x0000000089b00000|  0%| F|  |TAMS 0x0000000089a00000, 0x0000000089a00000| Untracked 
|  75|0x0000000089b00000, 0x0000000089b00000, 0x0000000089c00000|  0%| F|  |TAMS 0x0000000089b00000, 0x0000000089b00000| Untracked 
|  76|0x0000000089c00000, 0x0000000089c00000, 0x0000000089d00000|  0%| F|  |TAMS 0x0000000089c00000, 0x0000000089c00000| Untracked 
|  77|0x0000000089d00000, 0x0000000089d00000, 0x0000000089e00000|  0%| F|  |TAMS 0x0000000089d00000, 0x0000000089d00000| Untracked 
|  78|0x0000000089e00000, 0x0000000089e00000, 0x0000000089f00000|  0%| F|  |TAMS 0x0000000089e00000, 0x0000000089e00000| Untracked 
|  79|0x0000000089f00000, 0x0000000089f00000, 0x000000008a000000|  0%| F|  |TAMS 0x0000000089f00000, 0x0000000089f00000| Untracked 
|  80|0x000000008a000000, 0x000000008a000000, 0x000000008a100000|  0%| F|  |TAMS 0x000000008a000000, 0x000000008a000000| Untracked 
|  81|0x000000008a100000, 0x000000008a100000, 0x000000008a200000|  0%| F|  |TAMS 0x000000008a100000, 0x000000008a100000| Untracked 
|  82|0x000000008a200000, 0x000000008a200000, 0x000000008a300000|  0%| F|  |TAMS 0x000000008a200000, 0x000000008a200000| Untracked 
|  83|0x000000008a300000, 0x000000008a300000, 0x000000008a400000|  0%| F|  |TAMS 0x000000008a300000, 0x000000008a300000| Untracked 
|  84|0x000000008a400000, 0x000000008a400000, 0x000000008a500000|  0%| F|  |TAMS 0x000000008a400000, 0x000000008a400000| Untracked 
|  85|0x000000008a500000, 0x000000008a500000, 0x000000008a600000|  0%| F|  |TAMS 0x000000008a500000, 0x000000008a500000| Untracked 
|  86|0x000000008a600000, 0x000000008a600000, 0x000000008a700000|  0%| F|  |TAMS 0x000000008a600000, 0x000000008a600000| Untracked 
|  87|0x000000008a700000, 0x000000008a700000, 0x000000008a800000|  0%| F|  |TAMS 0x000000008a700000, 0x000000008a700000| Untracked 
|  88|0x000000008a800000, 0x000000008a800000, 0x000000008a900000|  0%| F|  |TAMS 0x000000008a800000, 0x000000008a800000| Untracked 
|  89|0x000000008a900000, 0x000000008a900000, 0x000000008aa00000|  0%| F|  |TAMS 0x000000008a900000, 0x000000008a900000| Untracked 
|  90|0x000000008aa00000, 0x000000008aa00000, 0x000000008ab00000|  0%| F|  |TAMS 0x000000008aa00000, 0x000000008aa00000| Untracked 
|  91|0x000000008ab00000, 0x000000008ab00000, 0x000000008ac00000|  0%| F|  |TAMS 0x000000008ab00000, 0x000000008ab00000| Untracked 
|  92|0x000000008ac00000, 0x000000008ac00000, 0x000000008ad00000|  0%| F|  |TAMS 0x000000008ac00000, 0x000000008ac00000| Untracked 
|  93|0x000000008ad00000, 0x000000008ad00000, 0x000000008ae00000|  0%| F|  |TAMS 0x000000008ad00000, 0x000000008ad00000| Untracked 
|  94|0x000000008ae00000, 0x000000008ae00000, 0x000000008af00000|  0%| F|  |TAMS 0x000000008ae00000, 0x000000008ae00000| Untracked 
|  95|0x000000008af00000, 0x000000008af00000, 0x000000008b000000|  0%| F|  |TAMS 0x000000008af00000, 0x000000008af00000| Untracked 
|  96|0x000000008b000000, 0x000000008b000000, 0x000000008b100000|  0%| F|  |TAMS 0x000000008b000000, 0x000000008b000000| Untracked 
|  97|0x000000008b100000, 0x000000008b100000, 0x000000008b200000|  0%| F|  |TAMS 0x000000008b100000, 0x000000008b100000| Untracked 
|  98|0x000000008b200000, 0x000000008b200000, 0x000000008b300000|  0%| F|  |TAMS 0x000000008b200000, 0x000000008b200000| Untracked 
|  99|0x000000008b300000, 0x000000008b300000, 0x000000008b400000|  0%| F|  |TAMS 0x000000008b300000, 0x000000008b300000| Untracked 
| 100|0x000000008b400000, 0x000000008b400000, 0x000000008b500000|  0%| F|  |TAMS 0x000000008b400000, 0x000000008b400000| Untracked 
| 101|0x000000008b500000, 0x000000008b500000, 0x000000008b600000|  0%| F|  |TAMS 0x000000008b500000, 0x000000008b500000| Untracked 
| 102|0x000000008b600000, 0x000000008b600000, 0x000000008b700000|  0%| F|  |TAMS 0x000000008b600000, 0x000000008b600000| Untracked 
| 103|0x000000008b700000, 0x000000008b700000, 0x000000008b800000|  0%| F|  |TAMS 0x000000008b700000, 0x000000008b700000| Untracked 
| 104|0x000000008b800000, 0x000000008b800000, 0x000000008b900000|  0%| F|  |TAMS 0x000000008b800000, 0x000000008b800000| Untracked 
| 105|0x000000008b900000, 0x000000008b900000, 0x000000008ba00000|  0%| F|  |TAMS 0x000000008b900000, 0x000000008b900000| Untracked 
| 106|0x000000008ba00000, 0x000000008ba00000, 0x000000008bb00000|  0%| F|  |TAMS 0x000000008ba00000, 0x000000008ba00000| Untracked 
| 107|0x000000008bb00000, 0x000000008bb00000, 0x000000008bc00000|  0%| F|  |TAMS 0x000000008bb00000, 0x000000008bb00000| Untracked 
| 108|0x000000008bc00000, 0x000000008bc00000, 0x000000008bd00000|  0%| F|  |TAMS 0x000000008bc00000, 0x000000008bc00000| Untracked 
| 109|0x000000008bd00000, 0x000000008bd00000, 0x000000008be00000|  0%| F|  |TAMS 0x000000008bd00000, 0x000000008bd00000| Untracked 
| 110|0x000000008be00000, 0x000000008bf00000, 0x000000008bf00000|100%| E|CS|TAMS 0x000000008be00000, 0x000000008be00000| Complete 
| 111|0x000000008bf00000, 0x000000008c000000, 0x000000008c000000|100%| E|CS|TAMS 0x000000008bf00000, 0x000000008bf00000| Complete 
| 112|0x000000008c000000, 0x000000008c100000, 0x000000008c100000|100%| E|CS|TAMS 0x000000008c000000, 0x000000008c000000| Complete 
| 113|0x000000008c100000, 0x000000008c200000, 0x000000008c200000|100%| E|CS|TAMS 0x000000008c100000, 0x000000008c100000| Complete 
| 114|0x000000008c200000, 0x000000008c300000, 0x000000008c300000|100%| E|CS|TAMS 0x000000008c200000, 0x000000008c200000| Complete 
| 115|0x000000008c300000, 0x000000008c400000, 0x000000008c400000|100%| E|CS|TAMS 0x000000008c300000, 0x000000008c300000| Complete 
| 116|0x000000008c400000, 0x000000008c500000, 0x000000008c500000|100%| E|CS|TAMS 0x000000008c400000, 0x000000008c400000| Complete 
| 117|0x000000008c500000, 0x000000008c600000, 0x000000008c600000|100%| E|CS|TAMS 0x000000008c500000, 0x000000008c500000| Complete 
| 118|0x000000008c600000, 0x000000008c700000, 0x000000008c700000|100%| E|CS|TAMS 0x000000008c600000, 0x000000008c600000| Complete 
| 119|0x000000008c700000, 0x000000008c800000, 0x000000008c800000|100%| E|CS|TAMS 0x000000008c700000, 0x000000008c700000| Complete 
| 120|0x000000008c800000, 0x000000008c900000, 0x000000008c900000|100%| E|CS|TAMS 0x000000008c800000, 0x000000008c800000| Complete 
| 121|0x000000008c900000, 0x000000008ca00000, 0x000000008ca00000|100%| E|CS|TAMS 0x000000008c900000, 0x000000008c900000| Complete 
| 122|0x000000008ca00000, 0x000000008cb00000, 0x000000008cb00000|100%| E|CS|TAMS 0x000000008ca00000, 0x000000008ca00000| Complete 
| 123|0x000000008cb00000, 0x000000008cc00000, 0x000000008cc00000|100%| E|CS|TAMS 0x000000008cb00000, 0x000000008cb00000| Complete 
|1966|0x00000000ffe00000, 0x00000000ffe34000, 0x00000000fff00000| 20%|OA|  |TAMS 0x00000000ffe00000, 0x00000000ffe00000| Untracked 
|1967|0x00000000fff00000, 0x00000000fff6a000, 0x0000000100000000| 41%|CA|  |TAMS 0x00000000fff00000, 0x00000000fff00000| Untracked 

Card table byte_map: [0x00007f8bd226c000,0x00007f8bd2644000] _byte_map_base: 0x00007f8bd1e44000

Marking Bits (Prev, Next): (CMBitMap*) 0x00007f8bcc04f5d8, (CMBitMap*) 0x00007f8bcc04f610
 Prev Bits: [0x00007f8bae140000, 0x00007f8bb0000000)
 Next Bits: [0x00007f8bac280000, 0x00007f8bae140000)

Polling page: 0x00007f8bd3135000

Metaspace:

Usage:
  Non-class:      4.78 MB capacity,     4.57 MB ( 96%) used,   183.73 KB (  4%) free+waste,    28.69 KB ( <1%) overhead. 
      Class:    768.00 KB capacity,   586.21 KB ( 76%) used,   163.66 KB ( 21%) free+waste,    18.12 KB (  2%) overhead. 
       Both:      5.53 MB capacity,     5.14 MB ( 93%) used,   347.40 KB (  6%) free+waste,    46.81 KB ( <1%) overhead. 

Virtual space:
  Non-class space:        8.00 MB reserved,       5.00 MB ( 62%) committed 
      Class space:        1.00 GB reserved,     768.00 KB ( <1%) committed 
             Both:        1.01 GB reserved,       5.75 MB ( <1%) committed 

Chunk freelists:
   Non-Class:  19.00 KB
       Class:  0 bytes
        Both:  19.00 KB

CodeHeap 'non-profiled nmethods': size=120032Kb used=238Kb max_used=238Kb free=119793Kb
 bounds [0x00007f8bbc41e000, 0x00007f8bbc68e000, 0x00007f8bc3956000]
CodeHeap 'profiled nmethods': size=120032Kb used=1139Kb max_used=1139Kb free=118893Kb
 bounds [0x00007f8bb4ee6000, 0x00007f8bb5156000, 0x00007f8bbc41e000]
CodeHeap 'non-nmethods': size=5696Kb used=1184Kb max_used=1210Kb free=4511Kb
 bounds [0x00007f8bb4956000, 0x00007f8bb4bc6000, 0x00007f8bb4ee6000]
 total_blobs=1305 nmethods=647 adapters=456
 compilation: enabled
              stopped_count=0, restarted_count=0
 full_count=0

Compilation events (10 events):
Event: 1.122 Thread 0x00007f8bcc112800  644       1       java.net.URL::getHost (5 bytes)
Event: 1.122 Thread 0x00007f8bcc112800 nmethod 644 0x00007f8bbc459390 code [0x00007f8bbc459540, 0x00007f8bbc459670]
Event: 1.122 Thread 0x00007f8bcc112800  645       3       java.lang.String::lastIndexOf (29 bytes)
Event: 1.123 Thread 0x00007f8bcc112800 nmethod 645 0x00007f8bb5001a10 code [0x00007f8bb5001be0, 0x00007f8bb5001ed8]
Event: 1.123 Thread 0x00007f8bcc112800  647       3       java.lang.String::lastIndexOf (12 bytes)
Event: 1.123 Thread 0x00007f8bcc112800 nmethod 647 0x00007f8bb5002010 code [0x00007f8bb5002200, 0x00007f8bb5002658]
Event: 1.123 Thread 0x00007f8bcc112800  646       3       java.lang.String::startsWith (7 bytes)
Event: 1.123 Thread 0x00007f8bcc112800 nmethod 646 0x00007f8bb5002810 code [0x00007f8bb50029c0, 0x00007f8bb5002b68]
Event: 1.124 Thread 0x00007f8bcc112800  648       1       java.net.URL::getProtocol (5 bytes)
Event: 1.124 Thread 0x00007f8bcc112800 nmethod 648 0x00007f8bbc459710 code [0x00007f8bbc4598c0, 0x00007f8bbc4599f0]

GC Heap History (0 events):
No events

Deoptimization events (10 events):
Event: 1.114 Thread 0x00007f8bcc424800 DEOPT PACKING pc=0x00007f8bb4fccd0d sp=0x00007f8ba4332660
Event: 1.114 Thread 0x00007f8bcc424800 DEOPT UNPACKING pc=0x00007f8bb497e83a sp=0x00007f8ba4331af0 mode 0
Event: 1.117 Thread 0x00007f8bcc424800 Uncommon trap: trap_request=0xffffff4d fr.pc=0x00007f8bbc457e28 relative=0x0000000000001348
Event: 1.117 Thread 0x00007f8bcc424800 Uncommon trap: reason=unstable_if action=reinterpret pc=0x00007f8bbc457e28 method=sun.awt.image.PNGImageDecoder.filterRow([B[BIII)V @ 384 c2
Event: 1.117 Thread 0x00007f8bcc424800 DEOPT PACKING pc=0x00007f8bbc457e28 sp=0x00007f8ba4332680
Event: 1.117 Thread 0x00007f8bcc424800 DEOPT UNPACKING pc=0x00007f8bb497ea25 sp=0x00007f8ba43325d8 mode 2
Event: 1.119 Thread 0x00007f8bcc424800 Uncommon trap: trap_request=0xffffff4d fr.pc=0x00007f8bbc454650 relative=0x0000000000000ff0
Event: 1.119 Thread 0x00007f8bcc424800 Uncommon trap: reason=unstable_if action=reinterpret pc=0x00007f8bbc454650 method=sun.awt.image.PNGImageDecoder.produceImage()V @ 867 c2
Event: 1.119 Thread 0x00007f8bcc424800 DEOPT PACKING pc=0x00007f8bbc454650 sp=0x00007f8ba43326e0
Event: 1.120 Thread 0x00007f8bcc424800 DEOPT UNPACKING pc=0x00007f8bb497ea25 sp=0x00007f8ba4332650 mode 2

Classes redefined (0 events):
No events

Internal exceptions (10 events):
Event: 0.185 Thread 0x00007f8bcc011800 Exception <a 'java/lang/NoSuchMethodError'{0x000000008c8c0da0}: 'java.lang.Object java.lang.invoke.DirectMethodHandle$Holder.invokeStatic(java.lang.Object, int, java.lang.Object, java.lang.Object, java.lang.Object)'> (0x000000008c8c0da0) thrown at [/build
Event: 0.186 Thread 0x00007f8bcc011800 Exception <a 'java/lang/NoSuchMethodError'{0x000000008c8c48e8}: 'java.lang.Object java.lang.invoke.DirectMethodHandle$Holder.invokeSpecial(java.lang.Object, java.lang.Object, int, java.lang.Object, java.lang.Object, java.lang.Object)'> (0x000000008c8c48e8
Event: 0.188 Thread 0x00007f8bcc011800 Exception <a 'java/lang/NoSuchMethodError'{0x000000008c8dc408}: 'java.lang.Object java.lang.invoke.DirectMethodHandle$Holder.invokeStatic(java.lang.Object, int, java.lang.Object)'> (0x000000008c8dc408) thrown at [/build/openjdk-lts-ZT5jEu/openjdk-lts-11.0
Event: 0.949 Thread 0x00007f8bcc011800 Exception <a 'java/lang/NoSuchMethodError'{0x000000008c7756b0}: 'java.lang.Object java.lang.invoke.DirectMethodHandle$Holder.invokeStatic(java.lang.Object, java.lang.Object, java.lang.Object, java.lang.Object, java.lang.Object, java.lang.Object, java.lang
Event: 0.951 Thread 0x00007f8bcc011800 Exception <a 'java/lang/NoSuchMethodError'{0x000000008c78f610}: 'java.lang.Object java.lang.invoke.DirectMethodHandle$Holder.invokeStatic(java.lang.Object, java.lang.Object, java.lang.Object, java.lang.Object, java.lang.Object, java.lang.Object, java.lang
Event: 0.952 Thread 0x00007f8bcc011800 Exception <a 'java/lang/NoSuchMethodError'{0x000000008c79b9d8}: 'void java.lang.invoke.DirectMethodHandle$Holder.invokeSpecial(java.lang.Object, java.lang.Object)'> (0x000000008c79b9d8) thrown at [/build/openjdk-lts-ZT5jEu/openjdk-lts-11.0.4+11/src/hotspo
Event: 0.997 Thread 0x00007f8bcc011800 Exception <a 'java/lang/NoSuchMethodError'{0x000000008c509b98}: 'java.lang.Object java.lang.invoke.Invokers$Holder.linkToTargetMethod(java.lang.Object, int, java.lang.Object)'> (0x000000008c509b98) thrown at [/build/openjdk-lts-ZT5jEu/openjdk-lts-11.0.4+1
Event: 1.011 Thread 0x00007f8bcc011800 Exception <a 'java/lang/ClassNotFoundException'{0x000000008c54c548}: com/sun/swing/internal/plaf/metal/resources/spi/metalProvider> (0x000000008c54c548) thrown at [/build/openjdk-lts-ZT5jEu/openjdk-lts-11.0.4+11/src/hotspot/share/classfile/systemDictionar
Event: 1.012 Thread 0x00007f8bcc011800 Exception <a 'java/lang/ClassNotFoundException'{0x000000008c550450}: com/sun/swing/internal/plaf/basic/resources/spi/basicProvider> (0x000000008c550450) thrown at [/build/openjdk-lts-ZT5jEu/openjdk-lts-11.0.4+11/src/hotspot/share/classfile/systemDictionar
Event: 1.124 Thread 0x00007f8bcc42c800 Exception <a 'java/lang/NoSuchMethodError'{0x000000008beda5d8}: getAllRobots> (0x000000008beda5d8) thrown at [/build/openjdk-lts-ZT5jEu/openjdk-lts-11.0.4+11/src/hotspot/share/prims/jni.cpp, line 1333]

Events (10 events):
Event: 1.123 loading class java/util/concurrent/ArrayBlockingQueue done
Event: 1.123 loading class AI_Robot
Event: 1.123 loading class AI_Robot done
Event: 1.123 loading class AIGroup
Event: 1.123 loading class AIGroup done
Event: 1.124 loading class CRobot$1
Event: 1.124 loading class CRobot$1 done
Event: 1.124 Thread 0x00007f8bcc42c800 Thread added: 0x00007f8bcc42c800
Event: 1.124 loading class AI_Robot$1
Event: 1.124 loading class AI_Robot$1 done


Dynamic libraries:
85000000-8cc00000 rw-p 00000000 00:00 0 
8cc00000-ffe00000 ---p 00000000 00:00 0 
ffe00000-ffe34000 rw-p 01116000 08:02 23990720                           /usr/lib/jvm/java-11-openjdk-amd64/lib/server/classes.jsa
ffe34000-fff00000 rw-p 00000000 00:00 0 
fff00000-fff6a000 rw-p 010ac000 08:02 23990720                           /usr/lib/jvm/java-11-openjdk-amd64/lib/server/classes.jsa
fff6a000-100000000 rw-p 00000000 00:00 0 
800000000-800002000 rwxp 00001000 08:02 23990720                         /usr/lib/jvm/java-11-openjdk-amd64/lib/server/classes.jsa
800002000-8003bd000 rw-p 00003000 08:02 23990720                         /usr/lib/jvm/java-11-openjdk-amd64/lib/server/classes.jsa
8003bd000-800a98000 r--p 003be000 08:02 23990720                         /usr/lib/jvm/java-11-openjdk-amd64/lib/server/classes.jsa
800a98000-800a99000 rw-p 00a99000 08:02 23990720                         /usr/lib/jvm/java-11-openjdk-amd64/lib/server/classes.jsa
800a99000-8010ab000 r--p 00a9a000 08:02 23990720                         /usr/lib/jvm/java-11-openjdk-amd64/lib/server/classes.jsa
840000000-8400c0000 rw-p 00000000 00:00 0 
8400c0000-880000000 ---p 00000000 00:00 0 
55d01bb6b000-55d01bb6c000 r--p 00000000 08:02 23597129                   /usr/lib/jvm/java-11-openjdk-amd64/bin/java
55d01bb6c000-55d01bb6d000 r-xp 00001000 08:02 23597129                   /usr/lib/jvm/java-11-openjdk-amd64/bin/java
55d01bb6d000-55d01bb6e000 r--p 00002000 08:02 23597129                   /usr/lib/jvm/java-11-openjdk-amd64/bin/java
55d01bb6e000-55d01bb6f000 r--p 00002000 08:02 23597129                   /usr/lib/jvm/java-11-openjdk-amd64/bin/java
55d01bb6f000-55d01bb70000 rw-p 00003000 08:02 23597129                   /usr/lib/jvm/java-11-openjdk-amd64/bin/java
55d01d3bd000-55d01d3de000 rw-p 00000000 00:00 0                          [heap]
7f8b44000000-7f8b44021000 rw-p 00000000 00:00 0 
7f8b44021000-7f8b48000000 ---p 00000000 00:00 0 
7f8b48000000-7f8b48021000 rw-p 00000000 00:00 0 
7f8b48021000-7f8b4c000000 ---p 00000000 00:00 0 
7f8b4c000000-7f8b4c080000 rw-p 00000000 00:00 0 
7f8b4c080000-7f8b50000000 ---p 00000000 00:00 0 
7f8b50000000-7f8b50021000 rw-p 00000000 00:00 0 
7f8b50021000-7f8b54000000 ---p 00000000 00:00 0 
7f8b54000000-7f8b54024000 rw-p 00000000 00:00 0 
7f8b54024000-7f8b58000000 ---p 00000000 00:00 0 
7f8b58000000-7f8b584cc000 rw-p 00000000 00:00 0 
7f8b584cc000-7f8b5c000000 ---p 00000000 00:00 0 
7f8b5c000000-7f8b5c021000 rw-p 00000000 00:00 0 
7f8b5c021000-7f8b60000000 ---p 00000000 00:00 0 
7f8b60000000-7f8b60021000 rw-p 00000000 00:00 0 
7f8b60021000-7f8b64000000 ---p 00000000 00:00 0 
7f8b64000000-7f8b64021000 rw-p 00000000 00:00 0 
7f8b64021000-7f8b68000000 ---p 00000000 00:00 0 
7f8b6a6fc000-7f8b6a700000 ---p 00000000 00:00 0 
7f8b6a700000-7f8b6a7fd000 rw-p 00000000 00:00 0 
7f8b6a7fd000-7f8b6a7fe000 ---p 00000000 00:00 0 
7f8b6a7fe000-7f8b6affe000 rw-p 00000000 00:00 0 
7f8b6affe000-7f8b6afff000 ---p 00000000 00:00 0 
7f8b6afff000-7f8b6b7ff000 rw-p 00000000 00:00 0 
7f8b6b7ff000-7f8b6b800000 ---p 00000000 00:00 0 
7f8b6b800000-7f8b6c000000 rw-p 00000000 00:00 0 
7f8b6c000000-7f8b6c021000 rw-p 00000000 00:00 0 
7f8b6c021000-7f8b70000000 ---p 00000000 00:00 0 
7f8b70000000-7f8b70030000 rw-p 00000000 00:00 0 
7f8b70030000-7f8b74000000 ---p 00000000 00:00 0 
7f8b74000000-7f8b74021000 rw-p 00000000 00:00 0 
7f8b74021000-7f8b78000000 ---p 00000000 00:00 0 
7f8b78000000-7f8b78021000 rw-p 00000000 00:00 0 
7f8b78021000-7f8b7c000000 ---p 00000000 00:00 0 
7f8b7c000000-7f8b7c3cd000 rw-p 00000000 00:00 0 
7f8b7c3cd000-7f8b80000000 ---p 00000000 00:00 0 
7f8b80000000-7f8b80021000 rw-p 00000000 00:00 0 
7f8b80021000-7f8b84000000 ---p 00000000 00:00 0 
7f8b84000000-7f8b84021000 rw-p 00000000 00:00 0 
7f8b84021000-7f8b88000000 ---p 00000000 00:00 0 
7f8b88000000-7f8b885bf000 rw-p 00000000 00:00 0 
7f8b885bf000-7f8b8c000000 ---p 00000000 00:00 0 
7f8b8c000000-7f8b8c021000 rw-p 00000000 00:00 0 
7f8b8c021000-7f8b90000000 ---p 00000000 00:00 0 
7f8b90000000-7f8b90021000 rw-p 00000000 00:00 0 
7f8b90021000-7f8b94000000 ---p 00000000 00:00 0 
7f8b94000000-7f8b94021000 rw-p 00000000 00:00 0 
7f8b94021000-7f8b98000000 ---p 00000000 00:00 0 
7f8b98000000-7f8b98021000 rw-p 00000000 00:00 0 
7f8b98021000-7f8b9c000000 ---p 00000000 00:00 0 
7f8b9c000000-7f8b9c021000 rw-p 00000000 00:00 0 
7f8b9c021000-7f8ba0000000 ---p 00000000 00:00 0 
7f8ba0000000-7f8ba0021000 rw-p 00000000 00:00 0 
7f8ba0021000-7f8ba4000000 ---p 00000000 00:00 0 
7f8ba4031000-7f8ba4035000 ---p 00000000 00:00 0 
7f8ba4035000-7f8ba4132000 rw-p 00000000 00:00 0 
7f8ba4132000-7f8ba4136000 ---p 00000000 00:00 0 
7f8ba4136000-7f8ba4233000 rw-p 00000000 00:00 0 
7f8ba4233000-7f8ba4237000 ---p 00000000 00:00 0 
7f8ba4237000-7f8ba4334000 rw-p 00000000 00:00 0 
7f8ba4334000-7f8ba4338000 ---p 00000000 00:00 0 
7f8ba4338000-7f8ba4435000 rw-p 00000000 00:00 0 
7f8ba4435000-7f8ba4439000 ---p 00000000 00:00 0 
7f8ba4439000-7f8ba4536000 rw-p 00000000 00:00 0 
7f8ba4536000-7f8ba453b000 r-xp 00000000 08:02 23600531                   /usr/lib/x86_64-linux-gnu/libXfixes.so.3.1.0
7f8ba453b000-7f8ba473a000 ---p 00005000 08:02 23600531                   /usr/lib/x86_64-linux-gnu/libXfixes.so.3.1.0
7f8ba473a000-7f8ba473b000 r--p 00004000 08:02 23600531                   /usr/lib/x86_64-linux-gnu/libXfixes.so.3.1.0
7f8ba473b000-7f8ba473c000 rw-p 00005000 08:02 23600531                   /usr/lib/x86_64-linux-gnu/libXfixes.so.3.1.0
7f8ba473c000-7f8ba473e000 r--p 00000000 08:02 23600523                   /usr/lib/x86_64-linux-gnu/libXcursor.so.1.0.2
7f8ba473e000-7f8ba4743000 r-xp 00002000 08:02 23600523                   /usr/lib/x86_64-linux-gnu/libXcursor.so.1.0.2
7f8ba4743000-7f8ba4745000 r--p 00007000 08:02 23600523                   /usr/lib/x86_64-linux-gnu/libXcursor.so.1.0.2
7f8ba4745000-7f8ba4746000 r--p 00008000 08:02 23600523                   /usr/lib/x86_64-linux-gnu/libXcursor.so.1.0.2
7f8ba4746000-7f8ba4747000 rw-p 00009000 08:02 23600523                   /usr/lib/x86_64-linux-gnu/libXcursor.so.1.0.2
7f8ba4747000-7f8ba476d000 r--p 00000000 08:02 25043479                   /usr/share/glib-2.0/schemas/gschemas.compiled
7f8ba476d000-7f8ba4777000 r--p 00000000 08:02 23600663                   /usr/lib/x86_64-linux-gnu/libblkid.so.1.1.0
7f8ba4777000-7f8ba47ab000 r-xp 0000a000 08:02 23600663                   /usr/lib/x86_64-linux-gnu/libblkid.so.1.1.0
7f8ba47ab000-7f8ba47bb000 r--p 0003e000 08:02 23600663                   /usr/lib/x86_64-linux-gnu/libblkid.so.1.1.0
7f8ba47bb000-7f8ba47bc000 ---p 0004e000 08:02 23600663                   /usr/lib/x86_64-linux-gnu/libblkid.so.1.1.0
7f8ba47bc000-7f8ba47c1000 r--p 0004e000 08:02 23600663                   /usr/lib/x86_64-linux-gnu/libblkid.so.1.1.0
7f8ba47c1000-7f8ba47c2000 rw-p 00053000 08:02 23600663                   /usr/lib/x86_64-linux-gnu/libblkid.so.1.1.0
7f8ba47c2000-7f8ba47c4000 r--p 00000000 08:02 23601506                   /usr/lib/x86_64-linux-gnu/libpcre.so.3.13.3
7f8ba47c4000-7f8ba4816000 r-xp 00002000 08:02 23601506                   /usr/lib/x86_64-linux-gnu/libpcre.so.3.13.3
7f8ba4816000-7f8ba4834000 r--p 00054000 08:02 23601506                   /usr/lib/x86_64-linux-gnu/libpcre.so.3.13.3
7f8ba4834000-7f8ba4835000 r--p 00071000 08:02 23601506                   /usr/lib/x86_64-linux-gnu/libpcre.so.3.13.3
7f8ba4835000-7f8ba4836000 rw-p 00072000 08:02 23601506                   /usr/lib/x86_64-linux-gnu/libpcre.so.3.13.3
7f8ba4836000-7f8ba4841000 r--p 00000000 08:02 23601326                   /usr/lib/x86_64-linux-gnu/libmount.so.1.1.0
7f8ba4841000-7f8ba487c000 r-xp 0000b000 08:02 23601326                   /usr/lib/x86_64-linux-gnu/libmount.so.1.1.0
7f8ba487c000-7f8ba488e000 r--p 00046000 08:02 23601326                   /usr/lib/x86_64-linux-gnu/libmount.so.1.1.0
7f8ba488e000-7f8ba4891000 r--p 00057000 08:02 23601326                   /usr/lib/x86_64-linux-gnu/libmount.so.1.1.0
7f8ba4891000-7f8ba4892000 rw-p 0005a000 08:02 23601326                   /usr/lib/x86_64-linux-gnu/libmount.so.1.1.0
7f8ba4892000-7f8ba48a0000 r--p 00000000 08:02 23593408                   /usr/lib/x86_64-linux-gnu/libgobject-2.0.so.0.6000.0
7f8ba48a0000-7f8ba48d2000 r-xp 0000e000 08:02 23593408                   /usr/lib/x86_64-linux-gnu/libgobject-2.0.so.0.6000.0
7f8ba48d2000-7f8ba48ea000 r--p 00040000 08:02 23593408                   /usr/lib/x86_64-linux-gnu/libgobject-2.0.so.0.6000.0
7f8ba48ea000-7f8ba48ed000 r--p 00057000 08:02 23593408                   /usr/lib/x86_64-linux-gnu/libgobject-2.0.so.0.6000.0
7f8ba48ed000-7f8ba48ee000 rw-p 0005a000 08:02 23593408                   /usr/lib/x86_64-linux-gnu/libgobject-2.0.so.0.6000.0
7f8ba48ee000-7f8ba4909000 r--p 00000000 08:02 23593383                   /usr/lib/x86_64-linux-gnu/libglib-2.0.so.0.6000.0
7f8ba4909000-7f8ba4989000 r-xp 0001b000 08:02 23593383                   /usr/lib/x86_64-linux-gnu/libglib-2.0.so.0.6000.0
7f8ba4989000-7f8ba4a0b000 r--p 0009b000 08:02 23593383                   /usr/lib/x86_64-linux-gnu/libglib-2.0.so.0.6000.0
7f8ba4a0b000-7f8ba4a0c000 ---p 0011d000 08:02 23593383                   /usr/lib/x86_64-linux-gnu/libglib-2.0.so.0.6000.0
7f8ba4a0c000-7f8ba4a0d000 r--p 0011d000 08:02 23593383                   /usr/lib/x86_64-linux-gnu/libglib-2.0.so.0.6000.0
7f8ba4a0d000-7f8ba4a0e000 rw-p 0011e000 08:02 23593383                   /usr/lib/x86_64-linux-gnu/libglib-2.0.so.0.6000.0
7f8ba4a0e000-7f8ba4a0f000 rw-p 00000000 00:00 0 
7f8ba4a0f000-7f8ba4a46000 r--p 00000000 08:02 23593360                   /usr/lib/x86_64-linux-gnu/libgio-2.0.so.0.6000.0
7f8ba4a46000-7f8ba4b47000 r-xp 00037000 08:02 23593360                   /usr/lib/x86_64-linux-gnu/libgio-2.0.so.0.6000.0
7f8ba4b47000-7f8ba4bcd000 r--p 00138000 08:02 23593360                   /usr/lib/x86_64-linux-gnu/libgio-2.0.so.0.6000.0
7f8ba4bcd000-7f8ba4bd5000 r--p 001bd000 08:02 23593360                   /usr/lib/x86_64-linux-gnu/libgio-2.0.so.0.6000.0
7f8ba4bd5000-7f8ba4bd6000 rw-p 001c5000 08:02 23593360                   /usr/lib/x86_64-linux-gnu/libgio-2.0.so.0.6000.0
7f8ba4bd6000-7f8ba4bd8000 rw-p 00000000 00:00 0 
7f8ba4bd8000-7f8ba4be2000 r-xp 00000000 08:02 23600547                   /usr/lib/x86_64-linux-gnu/libXrandr.so.2.2.0
7f8ba4be2000-7f8ba4de1000 ---p 0000a000 08:02 23600547                   /usr/lib/x86_64-linux-gnu/libXrandr.so.2.2.0
7f8ba4de1000-7f8ba4de2000 r--p 00009000 08:02 23600547                   /usr/lib/x86_64-linux-gnu/libXrandr.so.2.2.0
7f8ba4de2000-7f8ba4de3000 rw-p 0000a000 08:02 23600547                   /usr/lib/x86_64-linux-gnu/libXrandr.so.2.2.0
7f8ba4de3000-7f8ba4de7000 r--p 00000000 08:02 23990635                   /usr/lib/jvm/java-11-openjdk-amd64/lib/libfontmanager.so
7f8ba4de7000-7f8ba4ed9000 r-xp 00004000 08:02 23990635                   /usr/lib/jvm/java-11-openjdk-amd64/lib/libfontmanager.so
7f8ba4ed9000-7f8ba4f19000 r--p 000f6000 08:02 23990635                   /usr/lib/jvm/java-11-openjdk-amd64/lib/libfontmanager.so
7f8ba4f19000-7f8ba4f1a000 r--p 00135000 08:02 23990635                   /usr/lib/jvm/java-11-openjdk-amd64/lib/libfontmanager.so
7f8ba4f1a000-7f8ba4f1b000 rw-p 00136000 08:02 23990635                   /usr/lib/jvm/java-11-openjdk-amd64/lib/libfontmanager.so
7f8ba4f1b000-7f8ba4f1e000 rw-p 00000000 00:00 0 
7f8ba4f1e000-7f8ba4f22000 ---p 00000000 00:00 0 
7f8ba4f22000-7f8ba501f000 rw-p 00000000 00:00 0 
7f8ba501f000-7f8ba5024000 r-xp 00000000 08:02 23600527                   /usr/lib/x86_64-linux-gnu/libXdmcp.so.6.0.0
7f8ba5024000-7f8ba5223000 ---p 00005000 08:02 23600527                   /usr/lib/x86_64-linux-gnu/libXdmcp.so.6.0.0
7f8ba5223000-7f8ba5224000 r--p 00004000 08:02 23600527                   /usr/lib/x86_64-linux-gnu/libXdmcp.so.6.0.0
7f8ba5224000-7f8ba5225000 rw-p 00005000 08:02 23600527                   /usr/lib/x86_64-linux-gnu/libXdmcp.so.6.0.0
7f8ba5225000-7f8ba6000000 r--p 00000000 08:02 23600058                   /usr/lib/locale/locale-archive
7f8ba6000000-7f8ba8000000 rw-p 00000000 00:00 0 
7f8ba8000000-7f8ba8021000 rw-p 00000000 00:00 0 
7f8ba8021000-7f8bac000000 ---p 00000000 00:00 0 
7f8bac016000-7f8bac017000 r--p 00000000 08:02 27001589                   /home/kramer/Downloads/RobotArena-master/RobotAreana/AIBasic/build/libs/mynativelibrary/shared/libmynativelibrary.so
7f8bac017000-7f8bac018000 r-xp 00001000 08:02 27001589                   /home/kramer/Downloads/RobotArena-master/RobotAreana/AIBasic/build/libs/mynativelibrary/shared/libmynativelibrary.so
7f8bac018000-7f8bac019000 r--p 00002000 08:02 27001589                   /home/kramer/Downloads/RobotArena-master/RobotAreana/AIBasic/build/libs/mynativelibrary/shared/libmynativelibrary.so
7f8bac019000-7f8bac01a000 r--p 00002000 08:02 27001589                   /home/kramer/Downloads/RobotArena-master/RobotAreana/AIBasic/build/libs/mynativelibrary/shared/libmynativelibrary.so
7f8bac01a000-7f8bac01b000 rw-p 00003000 08:02 27001589                   /home/kramer/Downloads/RobotArena-master/RobotAreana/AIBasic/build/libs/mynativelibrary/shared/libmynativelibrary.so
7f8bac01b000-7f8bac021000 r--p 00000000 08:02 23601661                   /usr/lib/x86_64-linux-gnu/libselinux.so.1
7f8bac021000-7f8bac039000 r-xp 00006000 08:02 23601661                   /usr/lib/x86_64-linux-gnu/libselinux.so.1
7f8bac039000-7f8bac040000 r--p 0001e000 08:02 23601661                   /usr/lib/x86_64-linux-gnu/libselinux.so.1
7f8bac040000-7f8bac041000 ---p 00025000 08:02 23601661                   /usr/lib/x86_64-linux-gnu/libselinux.so.1
7f8bac041000-7f8bac042000 r--p 00025000 08:02 23601661                   /usr/lib/x86_64-linux-gnu/libselinux.so.1
7f8bac042000-7f8bac043000 rw-p 00026000 08:02 23601661                   /usr/lib/x86_64-linux-gnu/libselinux.so.1
7f8bac043000-7f8bac045000 rw-p 00000000 00:00 0 
7f8bac045000-7f8bac04a000 r--p 00000000 08:02 23601542                   /usr/lib/x86_64-linux-gnu/libpng16.so.16.36.0
7f8bac04a000-7f8bac06e000 r-xp 00005000 08:02 23601542                   /usr/lib/x86_64-linux-gnu/libpng16.so.16.36.0
7f8bac06e000-7f8bac07a000 r--p 00029000 08:02 23601542                   /usr/lib/x86_64-linux-gnu/libpng16.so.16.36.0
7f8bac07a000-7f8bac07b000 r--p 00034000 08:02 23601542                   /usr/lib/x86_64-linux-gnu/libpng16.so.16.36.0
7f8bac07b000-7f8bac07c000 rw-p 00035000 08:02 23601542                   /usr/lib/x86_64-linux-gnu/libpng16.so.16.36.0
7f8bac07c000-7f8bac07e000 r-xp 00000000 08:02 23600516                   /usr/lib/x86_64-linux-gnu/libXau.so.6.0.0
7f8bac07e000-7f8bac27e000 ---p 00002000 08:02 23600516                   /usr/lib/x86_64-linux-gnu/libXau.so.6.0.0
7f8bac27e000-7f8bac27f000 r--p 00002000 08:02 23600516                   /usr/lib/x86_64-linux-gnu/libXau.so.6.0.0
7f8bac27f000-7f8bac280000 rw-p 00003000 08:02 23600516                   /usr/lib/x86_64-linux-gnu/libXau.so.6.0.0
7f8bac280000-7f8bac470000 rw-p 00000000 00:00 0 
7f8bac470000-7f8bae138000 ---p 00000000 00:00 0 
7f8bae138000-7f8bae330000 rw-p 00000000 00:00 0 
7f8bae330000-7f8bafff8000 ---p 00000000 00:00 0 
7f8bafff8000-7f8bb0000000 rw-p 00000000 00:00 0 
7f8bb0000000-7f8bb0021000 rw-p 00000000 00:00 0 
7f8bb0021000-7f8bb4000000 ---p 00000000 00:00 0 
7f8bb4002000-7f8bb4004000 r--p 00000000 08:02 23601822                   /usr/lib/x86_64-linux-gnu/libuuid.so.1.3.0
7f8bb4004000-7f8bb4008000 r-xp 00002000 08:02 23601822                   /usr/lib/x86_64-linux-gnu/libuuid.so.1.3.0
7f8bb4008000-7f8bb4009000 r--p 00006000 08:02 23601822                   /usr/lib/x86_64-linux-gnu/libuuid.so.1.3.0
7f8bb4009000-7f8bb400a000 r--p 00006000 08:02 23601822                   /usr/lib/x86_64-linux-gnu/libuuid.so.1.3.0
7f8bb400a000-7f8bb400b000 rw-p 00007000 08:02 23601822                   /usr/lib/x86_64-linux-gnu/libuuid.so.1.3.0
7f8bb400b000-7f8bb400f000 r--p 00000000 08:02 23601610                   /usr/lib/x86_64-linux-gnu/libresolv-2.29.so
7f8bb400f000-7f8bb401e000 r-xp 00004000 08:02 23601610                   /usr/lib/x86_64-linux-gnu/libresolv-2.29.so
7f8bb401e000-7f8bb4021000 r--p 00013000 08:02 23601610                   /usr/lib/x86_64-linux-gnu/libresolv-2.29.so
7f8bb4021000-7f8bb4022000 ---p 00016000 08:02 23601610                   /usr/lib/x86_64-linux-gnu/libresolv-2.29.so
7f8bb4022000-7f8bb4023000 r--p 00016000 08:02 23601610                   /usr/lib/x86_64-linux-gnu/libresolv-2.29.so
7f8bb4023000-7f8bb4024000 rw-p 00017000 08:02 23601610                   /usr/lib/x86_64-linux-gnu/libresolv-2.29.so
7f8bb4024000-7f8bb4026000 rw-p 00000000 00:00 0 
7f8bb4026000-7f8bb4032000 r--p 00000000 08:02 23600949                   /usr/lib/x86_64-linux-gnu/libfreetype.so.6.16.1
7f8bb4032000-7f8bb40af000 r-xp 0000c000 08:02 23600949                   /usr/lib/x86_64-linux-gnu/libfreetype.so.6.16.1
7f8bb40af000-7f8bb40d8000 r--p 00089000 08:02 23600949                   /usr/lib/x86_64-linux-gnu/libfreetype.so.6.16.1
7f8bb40d8000-7f8bb40d9000 ---p 000b2000 08:02 23600949                   /usr/lib/x86_64-linux-gnu/libfreetype.so.6.16.1
7f8bb40d9000-7f8bb40e0000 r--p 000b2000 08:02 23600949                   /usr/lib/x86_64-linux-gnu/libfreetype.so.6.16.1
7f8bb40e0000-7f8bb40e1000 rw-p 000b9000 08:02 23600949                   /usr/lib/x86_64-linux-gnu/libfreetype.so.6.16.1
7f8bb40e1000-7f8bb40e5000 r--p 00000000 08:02 23600683                   /usr/lib/x86_64-linux-gnu/libbsd.so.0.9.1
7f8bb40e5000-7f8bb40f4000 r-xp 00004000 08:02 23600683                   /usr/lib/x86_64-linux-gnu/libbsd.so.0.9.1
7f8bb40f4000-7f8bb40f7000 r--p 00013000 08:02 23600683                   /usr/lib/x86_64-linux-gnu/libbsd.so.0.9.1
7f8bb40f7000-7f8bb40f8000 ---p 00016000 08:02 23600683                   /usr/lib/x86_64-linux-gnu/libbsd.so.0.9.1
7f8bb40f8000-7f8bb40f9000 r--p 00016000 08:02 23600683                   /usr/lib/x86_64-linux-gnu/libbsd.so.0.9.1
7f8bb40f9000-7f8bb40fa000 rw-p 00017000 08:02 23600683                   /usr/lib/x86_64-linux-gnu/libbsd.so.0.9.1
7f8bb40fa000-7f8bb40fb000 rw-p 00000000 00:00 0 
7f8bb40fb000-7f8bb4106000 r--p 00000000 08:02 23601932                   /usr/lib/x86_64-linux-gnu/libxcb.so.1.1.0
7f8bb4106000-7f8bb4119000 r-xp 0000b000 08:02 23601932                   /usr/lib/x86_64-linux-gnu/libxcb.so.1.1.0
7f8bb4119000-7f8bb4122000 r--p 0001e000 08:02 23601932                   /usr/lib/x86_64-linux-gnu/libxcb.so.1.1.0
7f8bb4122000-7f8bb4123000 r--p 00026000 08:02 23601932                   /usr/lib/x86_64-linux-gnu/libxcb.so.1.1.0
7f8bb4123000-7f8bb4124000 rw-p 00027000 08:02 23601932                   /usr/lib/x86_64-linux-gnu/libxcb.so.1.1.0
7f8bb4124000-7f8bb4133000 r-xp 00000000 08:02 23600537                   /usr/lib/x86_64-linux-gnu/libXi.so.6.1.0
7f8bb4133000-7f8bb4332000 ---p 0000f000 08:02 23600537                   /usr/lib/x86_64-linux-gnu/libXi.so.6.1.0
7f8bb4332000-7f8bb4333000 r--p 0000e000 08:02 23600537                   /usr/lib/x86_64-linux-gnu/libXi.so.6.1.0
7f8bb4333000-7f8bb4334000 rw-p 0000f000 08:02 23600537                   /usr/lib/x86_64-linux-gnu/libXi.so.6.1.0
7f8bb4334000-7f8bb4339000 r-xp 00000000 08:02 23600555                   /usr/lib/x86_64-linux-gnu/libXtst.so.6.1.0
7f8bb4339000-7f8bb4538000 ---p 00005000 08:02 23600555                   /usr/lib/x86_64-linux-gnu/libXtst.so.6.1.0
7f8bb4538000-7f8bb4539000 r--p 00004000 08:02 23600555                   /usr/lib/x86_64-linux-gnu/libXtst.so.6.1.0
7f8bb4539000-7f8bb453a000 rw-p 00005000 08:02 23600555                   /usr/lib/x86_64-linux-gnu/libXtst.so.6.1.0
7f8bb453a000-7f8bb4543000 r-xp 00000000 08:02 23600549                   /usr/lib/x86_64-linux-gnu/libXrender.so.1.3.0
7f8bb4543000-7f8bb4742000 ---p 00009000 08:02 23600549                   /usr/lib/x86_64-linux-gnu/libXrender.so.1.3.0
7f8bb4742000-7f8bb4743000 r--p 00008000 08:02 23600549                   /usr/lib/x86_64-linux-gnu/libXrender.so.1.3.0
7f8bb4743000-7f8bb4744000 rw-p 00009000 08:02 23600549                   /usr/lib/x86_64-linux-gnu/libXrender.so.1.3.0
7f8bb4744000-7f8bb4755000 r-xp 00000000 08:02 23600529                   /usr/lib/x86_64-linux-gnu/libXext.so.6.4.0
7f8bb4755000-7f8bb4954000 ---p 00011000 08:02 23600529                   /usr/lib/x86_64-linux-gnu/libXext.so.6.4.0
7f8bb4954000-7f8bb4955000 r--p 00010000 08:02 23600529                   /usr/lib/x86_64-linux-gnu/libXext.so.6.4.0
7f8bb4955000-7f8bb4956000 rw-p 00011000 08:02 23600529                   /usr/lib/x86_64-linux-gnu/libXext.so.6.4.0
7f8bb4956000-7f8bb4bc6000 rwxp 00000000 00:00 0 
7f8bb4bc6000-7f8bb4ee6000 ---p 00000000 00:00 0 
7f8bb4ee6000-7f8bb5156000 rwxp 00000000 00:00 0 
7f8bb5156000-7f8bbc41e000 ---p 00000000 00:00 0 
7f8bbc41e000-7f8bbc68e000 rwxp 00000000 00:00 0 
7f8bbc68e000-7f8bc3956000 ---p 00000000 00:00 0 
7f8bc3956000-7f8bcc000000 r--s 00000000 08:02 23990663                   /usr/lib/jvm/java-11-openjdk-amd64/lib/modules
7f8bcc000000-7f8bcc434000 rw-p 00000000 00:00 0 
7f8bcc434000-7f8bd0000000 ---p 00000000 00:00 0 
7f8bd0001000-7f8bd0004000 r--p 00000000 08:02 24906119                   /home/kramer/.config/dconf/user
7f8bd0004000-7f8bd0005000 r--s 00000000 00:35 35                         /run/user/1000/dconf/user
7f8bd0005000-7f8bd0007000 r--p 00000000 08:02 23600923                   /usr/lib/x86_64-linux-gnu/libffi.so.6.0.4
7f8bd0007000-7f8bd000c000 r-xp 00002000 08:02 23600923                   /usr/lib/x86_64-linux-gnu/libffi.so.6.0.4
7f8bd000c000-7f8bd000d000 r--p 00007000 08:02 23600923                   /usr/lib/x86_64-linux-gnu/libffi.so.6.0.4
7f8bd000d000-7f8bd000e000 r--p 00007000 08:02 23600923                   /usr/lib/x86_64-linux-gnu/libffi.so.6.0.4
7f8bd000e000-7f8bd000f000 rw-p 00008000 08:02 23600923                   /usr/lib/x86_64-linux-gnu/libffi.so.6.0.4
7f8bd000f000-7f8bd0010000 r--p 00000000 08:02 23593407                   /usr/lib/x86_64-linux-gnu/libgmodule-2.0.so.0.6000.0
7f8bd0010000-7f8bd0012000 r-xp 00001000 08:02 23593407                   /usr/lib/x86_64-linux-gnu/libgmodule-2.0.so.0.6000.0
7f8bd0012000-7f8bd0013000 r--p 00003000 08:02 23593407                   /usr/lib/x86_64-linux-gnu/libgmodule-2.0.so.0.6000.0
7f8bd0013000-7f8bd0014000 r--p 00003000 08:02 23593407                   /usr/lib/x86_64-linux-gnu/libgmodule-2.0.so.0.6000.0
7f8bd0014000-7f8bd0015000 rw-p 00004000 08:02 23593407                   /usr/lib/x86_64-linux-gnu/libgmodule-2.0.so.0.6000.0
7f8bd0015000-7f8bd002d000 r--p 00000000 08:02 23600512                   /usr/lib/x86_64-linux-gnu/libX11.so.6.3.0
7f8bd002d000-7f8bd00b5000 r-xp 00018000 08:02 23600512                   /usr/lib/x86_64-linux-gnu/libX11.so.6.3.0
7f8bd00b5000-7f8bd0149000 r--p 000a0000 08:02 23600512                   /usr/lib/x86_64-linux-gnu/libX11.so.6.3.0
7f8bd0149000-7f8bd014a000 ---p 00134000 08:02 23600512                   /usr/lib/x86_64-linux-gnu/libX11.so.6.3.0
7f8bd014a000-7f8bd014b000 r--p 00134000 08:02 23600512                   /usr/lib/x86_64-linux-gnu/libX11.so.6.3.0
7f8bd014b000-7f8bd014f000 rw-p 00135000 08:02 23600512                   /usr/lib/x86_64-linux-gnu/libX11.so.6.3.0
7f8bd014f000-7f8bd0153000 r--p 00000000 08:02 24250591                   /usr/lib/x86_64-linux-gnu/gio/modules/libdconfsettings.so
7f8bd0153000-7f8bd015a000 r-xp 00004000 08:02 24250591                   /usr/lib/x86_64-linux-gnu/gio/modules/libdconfsettings.so
7f8bd015a000-7f8bd015d000 r--p 0000b000 08:02 24250591                   /usr/lib/x86_64-linux-gnu/gio/modules/libdconfsettings.so
7f8bd015d000-7f8bd015e000 ---p 0000e000 08:02 24250591                   /usr/lib/x86_64-linux-gnu/gio/modules/libdconfsettings.so
7f8bd015e000-7f8bd015f000 r--p 0000e000 08:02 24250591                   /usr/lib/x86_64-linux-gnu/gio/modules/libdconfsettings.so
7f8bd015f000-7f8bd0160000 rw-p 0000f000 08:02 24250591                   /usr/lib/x86_64-linux-gnu/gio/modules/libdconfsettings.so
7f8bd0160000-7f8bd0161000 r--p 00000000 08:02 25823354                   /usr/share/locale-langpack/en_AU/LC_MESSAGES/glib20.mo
7f8bd0161000-7f8bd0171000 r--p 00000000 08:02 23990632                   /usr/lib/jvm/java-11-openjdk-amd64/lib/libawt_xawt.so
7f8bd0171000-7f8bd01ae000 r-xp 00010000 08:02 23990632                   /usr/lib/jvm/java-11-openjdk-amd64/lib/libawt_xawt.so
7f8bd01ae000-7f8bd01c0000 r--p 0004d000 08:02 23990632                   /usr/lib/jvm/java-11-openjdk-amd64/lib/libawt_xawt.so
7f8bd01c0000-7f8bd01c1000 r--p 0005e000 08:02 23990632                   /usr/lib/jvm/java-11-openjdk-amd64/lib/libawt_xawt.so
7f8bd01c1000-7f8bd01c4000 rw-p 0005f000 08:02 23990632                   /usr/lib/jvm/java-11-openjdk-amd64/lib/libawt_xawt.so
7f8bd01c4000-7f8bd01c6000 rw-p 00000000 00:00 0 
7f8bd01c6000-7f8bd01f2000 r--p 00000000 08:02 23990630                   /usr/lib/jvm/java-11-openjdk-amd64/lib/libawt.so
7f8bd01f2000-7f8bd0259000 r-xp 0002c000 08:02 23990630                   /usr/lib/jvm/java-11-openjdk-amd64/lib/libawt.so
7f8bd0259000-7f8bd0266000 r--p 00093000 08:02 23990630                   /usr/lib/jvm/java-11-openjdk-amd64/lib/libawt.so
7f8bd0266000-7f8bd0267000 r--p 0009f000 08:02 23990630                   /usr/lib/jvm/java-11-openjdk-amd64/lib/libawt.so
7f8bd0267000-7f8bd0272000 rw-p 000a0000 08:02 23990630                   /usr/lib/jvm/java-11-openjdk-amd64/lib/libawt.so
7f8bd0272000-7f8bd02c8000 rw-p 00000000 00:00 0 
7f8bd02c8000-7f8bd02cc000 r--p 00000000 08:02 23990653                   /usr/lib/jvm/java-11-openjdk-amd64/lib/libnet.so
7f8bd02cc000-7f8bd02db000 r-xp 00004000 08:02 23990653                   /usr/lib/jvm/java-11-openjdk-amd64/lib/libnet.so
7f8bd02db000-7f8bd02df000 r--p 00013000 08:02 23990653                   /usr/lib/jvm/java-11-openjdk-amd64/lib/libnet.so
7f8bd02df000-7f8bd02e0000 r--p 00016000 08:02 23990653                   /usr/lib/jvm/java-11-openjdk-amd64/lib/libnet.so
7f8bd02e0000-7f8bd02e1000 rw-p 00017000 08:02 23990653                   /usr/lib/jvm/java-11-openjdk-amd64/lib/libnet.so
7f8bd02e1000-7f8bd02e8000 r--p 00000000 08:02 23990654                   /usr/lib/jvm/java-11-openjdk-amd64/lib/libnio.so
7f8bd02e8000-7f8bd02ef000 r-xp 00007000 08:02 23990654                   /usr/lib/jvm/java-11-openjdk-amd64/lib/libnio.so
7f8bd02ef000-7f8bd02f2000 r--p 0000e000 08:02 23990654                   /usr/lib/jvm/java-11-openjdk-amd64/lib/libnio.so
7f8bd02f2000-7f8bd02f3000 r--p 00010000 08:02 23990654                   /usr/lib/jvm/java-11-openjdk-amd64/lib/libnio.so
7f8bd02f3000-7f8bd02f4000 rw-p 00011000 08:02 23990654                   /usr/lib/jvm/java-11-openjdk-amd64/lib/libnio.so
7f8bd02f4000-7f8bd02f8000 ---p 00000000 00:00 0 
7f8bd02f8000-7f8bd03f5000 rw-p 00000000 00:00 0 
7f8bd03f5000-7f8bd03f6000 ---p 00000000 00:00 0 
7f8bd03f6000-7f8bd04f7000 rw-p 00000000 00:00 0 
7f8bd04f7000-7f8bd04fb000 ---p 00000000 00:00 0 
7f8bd04fb000-7f8bd05f8000 rw-p 00000000 00:00 0 
7f8bd05f8000-7f8bd05fc000 ---p 00000000 00:00 0 
7f8bd05fc000-7f8bd06f9000 rw-p 00000000 00:00 0 
7f8bd06f9000-7f8bd06fd000 ---p 00000000 00:00 0 
7f8bd06fd000-7f8bd07fa000 rw-p 00000000 00:00 0 
7f8bd07fa000-7f8bd07fe000 ---p 00000000 00:00 0 
7f8bd07fe000-7f8bd08fb000 rw-p 00000000 00:00 0 
7f8bd08fb000-7f8bd08ff000 ---p 00000000 00:00 0 
7f8bd08ff000-7f8bd09fc000 rw-p 00000000 00:00 0 
7f8bd09fc000-7f8bd0a00000 ---p 00000000 00:00 0 
7f8bd0a00000-7f8bd0afd000 rw-p 00000000 00:00 0 
7f8bd0afd000-7f8bd0b01000 ---p 00000000 00:00 0 
7f8bd0b01000-7f8bd0bfe000 rw-p 00000000 00:00 0 
7f8bd0bfe000-7f8bd0bff000 ---p 00000000 00:00 0 
7f8bd0bff000-7f8bd1304000 rw-p 00000000 00:00 0 
7f8bd1304000-7f8bd1604000 ---p 00000000 00:00 0 
7f8bd1604000-7f8bd1646000 rw-p 00000000 00:00 0 
7f8bd1646000-7f8bd1647000 ---p 00000000 00:00 0 
7f8bd1647000-7f8bd1748000 rw-p 00000000 00:00 0 
7f8bd1748000-7f8bd1749000 ---p 00000000 00:00 0 
7f8bd1749000-7f8bd1c4e000 rw-p 00000000 00:00 0 
7f8bd1c4e000-7f8bd1c4f000 ---p 00000000 00:00 0 
7f8bd1c4f000-7f8bd1d50000 rw-p 00000000 00:00 0 
7f8bd1d50000-7f8bd1d51000 ---p 00000000 00:00 0 
7f8bd1d51000-7f8bd1ed2000 rw-p 00000000 00:00 0 
7f8bd1ed2000-7f8bd226b000 ---p 00000000 00:00 0 
7f8bd226b000-7f8bd22aa000 rw-p 00000000 00:00 0 
7f8bd22aa000-7f8bd2643000 ---p 00000000 00:00 0 
7f8bd2643000-7f8bd2682000 rw-p 00000000 00:00 0 
7f8bd2682000-7f8bd2a1b000 ---p 00000000 00:00 0 
7f8bd2a1b000-7f8bd2e20000 rw-p 00000000 00:00 0 
7f8bd2e20000-7f8bd2e21000 ---p 00000000 00:00 0 
7f8bd2e21000-7f8bd2f27000 rw-p 00000000 00:00 0 
7f8bd2f27000-7f8bd300d000 ---p 00000000 00:00 0 
7f8bd300d000-7f8bd3012000 rw-p 00000000 00:00 0 
7f8bd3012000-7f8bd30f8000 ---p 00000000 00:00 0 
7f8bd30f8000-7f8bd30fd000 rw-p 00000000 00:00 0 
7f8bd30fd000-7f8bd3104000 ---p 00000000 00:00 0 
7f8bd3104000-7f8bd3106000 r--s 00007000 08:02 24382982                   /usr/share/java/java-atk-wrapper.jar
7f8bd3106000-7f8bd3108000 r--p 00000000 08:02 23990645                   /usr/lib/jvm/java-11-openjdk-amd64/lib/libjimage.so
7f8bd3108000-7f8bd310b000 r-xp 00002000 08:02 23990645                   /usr/lib/jvm/java-11-openjdk-amd64/lib/libjimage.so
7f8bd310b000-7f8bd310d000 r--p 00005000 08:02 23990645                   /usr/lib/jvm/java-11-openjdk-amd64/lib/libjimage.so
7f8bd310d000-7f8bd310e000 r--p 00006000 08:02 23990645                   /usr/lib/jvm/java-11-openjdk-amd64/lib/libjimage.so
7f8bd310e000-7f8bd310f000 rw-p 00007000 08:02 23990645                   /usr/lib/jvm/java-11-openjdk-amd64/lib/libjimage.so
7f8bd310f000-7f8bd3112000 r--p 00000000 08:02 23601425                   /usr/lib/x86_64-linux-gnu/libnss_files-2.29.so
7f8bd3112000-7f8bd3119000 r-xp 00003000 08:02 23601425                   /usr/lib/x86_64-linux-gnu/libnss_files-2.29.so
7f8bd3119000-7f8bd311b000 r--p 0000a000 08:02 23601425                   /usr/lib/x86_64-linux-gnu/libnss_files-2.29.so
7f8bd311b000-7f8bd311c000 r--p 0000b000 08:02 23601425                   /usr/lib/x86_64-linux-gnu/libnss_files-2.29.so
7f8bd311c000-7f8bd311d000 rw-p 0000c000 08:02 23601425                   /usr/lib/x86_64-linux-gnu/libnss_files-2.29.so
7f8bd311d000-7f8bd3123000 rw-p 00000000 00:00 0 
7f8bd3123000-7f8bd3125000 r--p 00000000 08:02 23990662                   /usr/lib/jvm/java-11-openjdk-amd64/lib/libzip.so
7f8bd3125000-7f8bd3129000 r-xp 00002000 08:02 23990662                   /usr/lib/jvm/java-11-openjdk-amd64/lib/libzip.so
7f8bd3129000-7f8bd312b000 r--p 00006000 08:02 23990662                   /usr/lib/jvm/java-11-openjdk-amd64/lib/libzip.so
7f8bd312b000-7f8bd312c000 r--p 00007000 08:02 23990662                   /usr/lib/jvm/java-11-openjdk-amd64/lib/libzip.so
7f8bd312c000-7f8bd312d000 rw-p 00008000 08:02 23990662                   /usr/lib/jvm/java-11-openjdk-amd64/lib/libzip.so
7f8bd312d000-7f8bd3135000 rw-s 00000000 08:02 2753648                    /tmp/hsperfdata_kramer/9536
7f8bd3135000-7f8bd3136000 ---p 00000000 00:00 0 
7f8bd3136000-7f8bd3137000 r--p 00000000 00:00 0 
7f8bd3137000-7f8bd3144000 r--p 00000000 08:02 23990641                   /usr/lib/jvm/java-11-openjdk-amd64/lib/libjava.so
7f8bd3144000-7f8bd3159000 r-xp 0000d000 08:02 23990641                   /usr/lib/jvm/java-11-openjdk-amd64/lib/libjava.so
7f8bd3159000-7f8bd3160000 r--p 00022000 08:02 23990641                   /usr/lib/jvm/java-11-openjdk-amd64/lib/libjava.so
7f8bd3160000-7f8bd3161000 r--p 00028000 08:02 23990641                   /usr/lib/jvm/java-11-openjdk-amd64/lib/libjava.so
7f8bd3161000-7f8bd3163000 rw-p 00029000 08:02 23990641                   /usr/lib/jvm/java-11-openjdk-amd64/lib/libjava.so
7f8bd3163000-7f8bd3166000 r--p 00000000 08:02 23601631                   /usr/lib/x86_64-linux-gnu/librt-2.29.so
7f8bd3166000-7f8bd316a000 r-xp 00003000 08:02 23601631                   /usr/lib/x86_64-linux-gnu/librt-2.29.so
7f8bd316a000-7f8bd316c000 r--p 00007000 08:02 23601631                   /usr/lib/x86_64-linux-gnu/librt-2.29.so
7f8bd316c000-7f8bd316d000 r--p 00008000 08:02 23601631                   /usr/lib/x86_64-linux-gnu/librt-2.29.so
7f8bd316d000-7f8bd316e000 rw-p 00009000 08:02 23601631                   /usr/lib/x86_64-linux-gnu/librt-2.29.so
7f8bd316e000-7f8bd3172000 ---p 00000000 00:00 0 
7f8bd3172000-7f8bd326f000 rw-p 00000000 00:00 0 
7f8bd326f000-7f8bd3272000 r--p 00000000 08:02 23596996                   /usr/lib/x86_64-linux-gnu/libgcc_s.so.1
7f8bd3272000-7f8bd3283000 r-xp 00003000 08:02 23596996                   /usr/lib/x86_64-linux-gnu/libgcc_s.so.1
7f8bd3283000-7f8bd3287000 r--p 00014000 08:02 23596996                   /usr/lib/x86_64-linux-gnu/libgcc_s.so.1
7f8bd3287000-7f8bd3288000 r--p 00017000 08:02 23596996                   /usr/lib/x86_64-linux-gnu/libgcc_s.so.1
7f8bd3288000-7f8bd3289000 rw-p 00018000 08:02 23596996                   /usr/lib/x86_64-linux-gnu/libgcc_s.so.1
7f8bd3289000-7f8bd3298000 r--p 00000000 08:02 23601302                   /usr/lib/x86_64-linux-gnu/libm-2.29.so
7f8bd3298000-7f8bd333e000 r-xp 0000f000 08:02 23601302                   /usr/lib/x86_64-linux-gnu/libm-2.29.so
7f8bd333e000-7f8bd33d5000 r--p 000b5000 08:02 23601302                   /usr/lib/x86_64-linux-gnu/libm-2.29.so
7f8bd33d5000-7f8bd33d6000 r--p 0014b000 08:02 23601302                   /usr/lib/x86_64-linux-gnu/libm-2.29.so
7f8bd33d6000-7f8bd33d7000 rw-p 0014c000 08:02 23601302                   /usr/lib/x86_64-linux-gnu/libm-2.29.so
7f8bd33d7000-7f8bd346c000 r--p 00000000 08:02 23594558                   /usr/lib/x86_64-linux-gnu/libstdc++.so.6.0.26
7f8bd346c000-7f8bd355e000 r-xp 00095000 08:02 23594558                   /usr/lib/x86_64-linux-gnu/libstdc++.so.6.0.26
7f8bd355e000-7f8bd35a7000 r--p 00187000 08:02 23594558                   /usr/lib/x86_64-linux-gnu/libstdc++.so.6.0.26
7f8bd35a7000-7f8bd35a8000 ---p 001d0000 08:02 23594558                   /usr/lib/x86_64-linux-gnu/libstdc++.so.6.0.26
7f8bd35a8000-7f8bd35b3000 r--p 001d0000 08:02 23594558                   /usr/lib/x86_64-linux-gnu/libstdc++.so.6.0.26
7f8bd35b3000-7f8bd35b6000 rw-p 001db000 08:02 23594558                   /usr/lib/x86_64-linux-gnu/libstdc++.so.6.0.26
7f8bd35b6000-7f8bd35b9000 rw-p 00000000 00:00 0 
7f8bd35b9000-7f8bd3828000 r--p 00000000 08:02 23990668                   /usr/lib/jvm/java-11-openjdk-amd64/lib/server/libjvm.so
7f8bd3828000-7f8bd4348000 r-xp 0026f000 08:02 23990668                   /usr/lib/jvm/java-11-openjdk-amd64/lib/server/libjvm.so
7f8bd4348000-7f8bd4581000 r--p 00d8f000 08:02 23990668                   /usr/lib/jvm/java-11-openjdk-amd64/lib/server/libjvm.so
7f8bd4581000-7f8bd4582000 ---p 00fc8000 08:02 23990668                   /usr/lib/jvm/java-11-openjdk-amd64/lib/server/libjvm.so
7f8bd4582000-7f8bd463f000 r--p 00fc8000 08:02 23990668                   /usr/lib/jvm/java-11-openjdk-amd64/lib/server/libjvm.so
7f8bd463f000-7f8bd4678000 rw-p 01085000 08:02 23990668                   /usr/lib/jvm/java-11-openjdk-amd64/lib/server/libjvm.so
7f8bd4678000-7f8bd46d0000 rw-p 00000000 00:00 0 
7f8bd46d0000-7f8bd46d7000 r--p 00000000 08:02 23601565                   /usr/lib/x86_64-linux-gnu/libpthread-2.29.so
7f8bd46d7000-7f8bd46e6000 r-xp 00007000 08:02 23601565                   /usr/lib/x86_64-linux-gnu/libpthread-2.29.so
7f8bd46e6000-7f8bd46eb000 r--p 00016000 08:02 23601565                   /usr/lib/x86_64-linux-gnu/libpthread-2.29.so
7f8bd46eb000-7f8bd46ec000 r--p 0001a000 08:02 23601565                   /usr/lib/x86_64-linux-gnu/libpthread-2.29.so
7f8bd46ec000-7f8bd46ed000 rw-p 0001b000 08:02 23601565                   /usr/lib/x86_64-linux-gnu/libpthread-2.29.so
7f8bd46ed000-7f8bd46f1000 rw-p 00000000 00:00 0 
7f8bd46f1000-7f8bd46f2000 r--p 00000000 08:02 23600824                   /usr/lib/x86_64-linux-gnu/libdl-2.29.so
7f8bd46f2000-7f8bd46f4000 r-xp 00001000 08:02 23600824                   /usr/lib/x86_64-linux-gnu/libdl-2.29.so
7f8bd46f4000-7f8bd46f5000 r--p 00003000 08:02 23600824                   /usr/lib/x86_64-linux-gnu/libdl-2.29.so
7f8bd46f5000-7f8bd46f6000 r--p 00003000 08:02 23600824                   /usr/lib/x86_64-linux-gnu/libdl-2.29.so
7f8bd46f6000-7f8bd46f7000 rw-p 00004000 08:02 23600824                   /usr/lib/x86_64-linux-gnu/libdl-2.29.so
7f8bd46f7000-7f8bd46f9000 r--p 00000000 08:02 23601962                   /usr/lib/x86_64-linux-gnu/libz.so.1.2.11
7f8bd46f9000-7f8bd470a000 r-xp 00002000 08:02 23601962                   /usr/lib/x86_64-linux-gnu/libz.so.1.2.11
7f8bd470a000-7f8bd4710000 r--p 00013000 08:02 23601962                   /usr/lib/x86_64-linux-gnu/libz.so.1.2.11
7f8bd4710000-7f8bd4711000 ---p 00019000 08:02 23601962                   /usr/lib/x86_64-linux-gnu/libz.so.1.2.11
7f8bd4711000-7f8bd4712000 r--p 00019000 08:02 23601962                   /usr/lib/x86_64-linux-gnu/libz.so.1.2.11
7f8bd4712000-7f8bd4713000 rw-p 0001a000 08:02 23601962                   /usr/lib/x86_64-linux-gnu/libz.so.1.2.11
7f8bd4713000-7f8bd4738000 r--p 00000000 08:02 23600687                   /usr/lib/x86_64-linux-gnu/libc-2.29.so
7f8bd4738000-7f8bd48ab000 r-xp 00025000 08:02 23600687                   /usr/lib/x86_64-linux-gnu/libc-2.29.so
7f8bd48ab000-7f8bd48f4000 r--p 00198000 08:02 23600687                   /usr/lib/x86_64-linux-gnu/libc-2.29.so
7f8bd48f4000-7f8bd48f7000 r--p 001e0000 08:02 23600687                   /usr/lib/x86_64-linux-gnu/libc-2.29.so
7f8bd48f7000-7f8bd48fa000 rw-p 001e3000 08:02 23600687                   /usr/lib/x86_64-linux-gnu/libc-2.29.so
7f8bd48fa000-7f8bd48fe000 rw-p 00000000 00:00 0 
7f8bd48fe000-7f8bd48ff000 r--p 00000000 08:02 25823436                   /usr/share/locale-langpack/en_AU/LC_MESSAGES/libc.mo
7f8bd48ff000-7f8bd4904000 r--p 00000000 08:02 23990661                   /usr/lib/jvm/java-11-openjdk-amd64/lib/libverify.so
7f8bd4904000-7f8bd490b000 r-xp 00005000 08:02 23990661                   /usr/lib/jvm/java-11-openjdk-amd64/lib/libverify.so
7f8bd490b000-7f8bd490d000 r--p 0000c000 08:02 23990661                   /usr/lib/jvm/java-11-openjdk-amd64/lib/libverify.so
7f8bd490d000-7f8bd490f000 r--p 0000d000 08:02 23990661                   /usr/lib/jvm/java-11-openjdk-amd64/lib/libverify.so
7f8bd490f000-7f8bd4910000 rw-p 0000f000 08:02 23990661                   /usr/lib/jvm/java-11-openjdk-amd64/lib/libverify.so
7f8bd4910000-7f8bd4913000 r--p 00000000 08:02 23990625                   /usr/lib/jvm/java-11-openjdk-amd64/lib/jli/libjli.so
7f8bd4913000-7f8bd491d000 r-xp 00003000 08:02 23990625                   /usr/lib/jvm/java-11-openjdk-amd64/lib/jli/libjli.so
7f8bd491d000-7f8bd4920000 r--p 0000d000 08:02 23990625                   /usr/lib/jvm/java-11-openjdk-amd64/lib/jli/libjli.so
7f8bd4920000-7f8bd4921000 r--p 0000f000 08:02 23990625                   /usr/lib/jvm/java-11-openjdk-amd64/lib/jli/libjli.so
7f8bd4921000-7f8bd4922000 rw-p 00010000 08:02 23990625                   /usr/lib/jvm/java-11-openjdk-amd64/lib/jli/libjli.so
7f8bd4922000-7f8bd4924000 rw-p 00000000 00:00 0 
7f8bd4924000-7f8bd4925000 r--p 00000000 08:02 23600471                   /usr/lib/x86_64-linux-gnu/ld-2.29.so
7f8bd4925000-7f8bd4946000 r-xp 00001000 08:02 23600471                   /usr/lib/x86_64-linux-gnu/ld-2.29.so
7f8bd4946000-7f8bd494e000 r--p 00022000 08:02 23600471                   /usr/lib/x86_64-linux-gnu/ld-2.29.so
7f8bd494e000-7f8bd494f000 r--p 00029000 08:02 23600471                   /usr/lib/x86_64-linux-gnu/ld-2.29.so
7f8bd494f000-7f8bd4950000 rw-p 0002a000 08:02 23600471                   /usr/lib/x86_64-linux-gnu/ld-2.29.so
7f8bd4950000-7f8bd4951000 rw-p 00000000 00:00 0 
7ffd047e5000-7ffd04807000 rw-p 00000000 00:00 0                          [stack]
7ffd04823000-7ffd04826000 r--p 00000000 00:00 0                          [vvar]
7ffd04826000-7ffd04827000 r-xp 00000000 00:00 0                          [vdso]
ffffffffff600000-ffffffffff601000 r-xp 00000000 00:00 0                  [vsyscall]


VM Arguments:
jvm_args: -Dfile.encoding=UTF-8 -Duser.country=AU -Duser.language=en -Duser.variant 
java_command: ExampleSwingApp
java_class_path (initial): /home/kramer/Downloads/RobotArena-master/RobotAreana/start/build/classes/java/main:/home/kramer/Downloads/RobotArena-master/RobotAreana/start/build/classes/groovy/main:/home/kramer/Downloads/RobotArena-master/RobotAreana/start/build/resources/main:/home/kramer/Downloads/RobotArena-master/RobotAreana/AIBasic/build/libs/AIBasic.jar:/home/kramer/Downloads/RobotArena-master/RobotAreana/robot/build/libs/robot.jar:/home/kramer/Downloads/RobotArena-master/RobotAreana/main/build/libs/main.jar
Launcher Type: SUN_STANDARD

[Global flags]
     intx CICompilerCount                          = 3                                         {product} {ergonomic}
     uint ConcGCThreads                            = 1                                         {product} {ergonomic}
     uint G1ConcRefinementThreads                  = 4                                         {product} {ergonomic}
   size_t G1HeapRegionSize                         = 1048576                                   {product} {ergonomic}
    uintx GCDrainStackTargetSize                   = 64                                        {product} {ergonomic}
   size_t InitialHeapSize                          = 130023424                                 {product} {ergonomic}
   size_t MarkStackSize                            = 4194304                                   {product} {ergonomic}
   size_t MaxHeapSize                              = 2063597568                                {product} {ergonomic}
   size_t MaxNewSize                               = 1237319680                                {product} {ergonomic}
   size_t MinHeapDeltaBytes                        = 1048576                                   {product} {ergonomic}
    uintx NonNMethodCodeHeapSize                   = 5830092                                {pd product} {ergonomic}
    uintx NonProfiledCodeHeapSize                  = 122914074                              {pd product} {ergonomic}
    uintx ProfiledCodeHeapSize                     = 122914074                              {pd product} {ergonomic}
    uintx ReservedCodeCacheSize                    = 251658240                              {pd product} {ergonomic}
     bool SegmentedCodeCache                       = true                                      {product} {ergonomic}
     bool UseCompressedClassPointers               = true                                 {lp64_product} {ergonomic}
     bool UseCompressedOops                        = true                                 {lp64_product} {ergonomic}
     bool UseG1GC                                  = true                                      {product} {ergonomic}

Logging:
Log output configuration:
 #0: stdout all=warning uptime,level,tags
 #1: stderr all=off uptime,level,tags

Environment Variables:
PATH=/home/kramer/.local/bin:/usr/local/sbin:/usr/local/bin:/usr/sbin:/usr/bin:/sbin:/bin:/usr/games:/usr/local/games:/snap/bin
USERNAME=kramer
LD_LIBRARY_PATH=/home/kramer/Downloads/RobotArena-master/RobotAreana/AIBasic/build/libs/mynativelibrary/shared
SHELL=/bin/bash
DISPLAY=:0

Signal Handlers:
SIGSEGV: [libjvm.so+0xd1cc80], sa_mask[0]=11111111011111111101111111111110, sa_flags=SA_RESTART|SA_SIGINFO
SIGBUS: [libjvm.so+0xd1cc80], sa_mask[0]=11111111011111111101111111111110, sa_flags=SA_RESTART|SA_SIGINFO
SIGFPE: [libjvm.so+0xd1cc80], sa_mask[0]=11111111011111111101111111111110, sa_flags=SA_RESTART|SA_SIGINFO
SIGPIPE: SIG_IGN, sa_mask[0]=00000000000010000000000000000000, sa_flags=SA_RESTART
SIGXFSZ: [libjvm.so+0xb239a0], sa_mask[0]=11111111011111111101111111111110, sa_flags=SA_RESTART|SA_SIGINFO
SIGILL: [libjvm.so+0xd1cc80], sa_mask[0]=11111111011111111101111111111110, sa_flags=SA_RESTART|SA_SIGINFO
SIGUSR2: [libjvm.so+0xb23830], sa_mask[0]=00100000000000000000000000000000, sa_flags=SA_RESTART|SA_SIGINFO
SIGHUP: [libjvm.so+0xb23ce0], sa_mask[0]=11111111011111111101111111111110, sa_flags=SA_RESTART|SA_SIGINFO
SIGINT: [libjvm.so+0xb23ce0], sa_mask[0]=11111111011111111101111111111110, sa_flags=SA_RESTART|SA_SIGINFO
SIGTERM: [libjvm.so+0xb23ce0], sa_mask[0]=11111111011111111101111111111110, sa_flags=SA_RESTART|SA_SIGINFO
SIGQUIT: [libjvm.so+0xb23ce0], sa_mask[0]=11111111011111111101111111111110, sa_flags=SA_RESTART|SA_SIGINFO


---------------  S Y S T E M  ---------------

OS:DISTRIB_ID=Ubuntu
DISTRIB_RELEASE=19.04
DISTRIB_CODENAME=disco
DISTRIB_DESCRIPTION="Ubuntu 19.04"
uname:Linux 5.0.0-32-generic #34-Ubuntu SMP Wed Oct 2 02:06:48 UTC 2019 x86_64
libc:glibc 2.29 NPTL 2.29 
rlimit: STACK 8192k, CORE 0k, NPROC 31283, NOFILE 524288, AS infinity, DATA infinity, FSIZE infinity
load average:1.20 1.12 1.00

/proc/meminfo:
MemTotal:        8057228 kB
MemFree:         2406112 kB
MemAvailable:    4241732 kB
Buffers:          135468 kB
Cached:          1898472 kB
SwapCached:            0 kB
Active:          3968244 kB
Inactive:        1283968 kB
Active(anon):    3147712 kB
Inactive(anon):   118200 kB
Active(file):     820532 kB
Inactive(file):  1165768 kB
Unevictable:        3452 kB
Mlocked:              16 kB
SwapTotal:       2097148 kB
SwapFree:        2097148 kB
Dirty:              2196 kB
Writeback:             0 kB
AnonPages:       3221860 kB
Mapped:           614920 kB
Shmem:            123536 kB
KReclaimable:     139204 kB
Slab:             239692 kB
SReclaimable:     139204 kB
SUnreclaim:       100488 kB
KernelStack:       16560 kB
PageTables:        34600 kB
NFS_Unstable:          0 kB
Bounce:                0 kB
WritebackTmp:          0 kB
CommitLimit:     6125760 kB
Committed_AS:   10857148 kB
VmallocTotal:   34359738367 kB
VmallocUsed:           0 kB
VmallocChunk:          0 kB
Percpu:             2192 kB
HardwareCorrupted:     0 kB
AnonHugePages:         0 kB
ShmemHugePages:        0 kB
ShmemPmdMapped:        0 kB
CmaTotal:              0 kB
CmaFree:               0 kB
HugePages_Total:       0
HugePages_Free:        0
HugePages_Rsvd:        0
HugePages_Surp:        0
Hugepagesize:       2048 kB
Hugetlb:               0 kB
DirectMap4k:      244272 kB
DirectMap2M:     5939200 kB
DirectMap1G:     2097152 kB


/proc/sys/kernel/threads-max (system-wide limit on the number of threads):
62566


/proc/sys/vm/max_map_count (maximum number of memory map areas a process may have):
65530


/proc/sys/kernel/pid_max (system-wide limit on number of process identifiers):
32768



container (cgroup) information:
container_type: cgroupv1
cpu_cpuset_cpus: 0-3
cpu_memory_nodes: 0
active_processor_count: 4
cpu_quota: -1
cpu_period: 100000
cpu_shares: -1
memory_limit_in_bytes: -1
memory_and_swap_limit_in_bytes: -2
memory_soft_limit_in_bytes: -1
memory_usage_in_bytes: 1078607872
memory_max_usage_in_bytes: 1080561664

Steal ticks since vm start: 0
Steal ticks percentage since vm start:  0.000

CPU:total 4 (initial active 4) (4 cores per cpu, 1 threads per core) family 6 model 60 stepping 3, cmov, cx8, fxsr, mmx, sse, sse2, sse3, ssse3, sse4.1, sse4.2, popcnt, avx, avx2, aes, clmul, erms, lzcnt, tsc, tscinvbit, bmi1, bmi2, fma
CPU Model and flags from /proc/cpuinfo:
model name	: Intel(R) Core(TM) i5-4690 CPU @ 3.50GHz
flags		: fpu vme de pse tsc msr pae mce cx8 apic sep mtrr pge mca cmov pat pse36 clflush dts acpi mmx fxsr sse sse2 ss ht tm pbe syscall nx pdpe1gb rdtscp lm constant_tsc arch_perfmon pebs bts rep_good nopl xtopology nonstop_tsc cpuid aperfmperf pni pclmulqdq dtes64 monitor ds_cpl vmx smx est tm2 ssse3 sdbg fma cx16 xtpr pdcm pcid sse4_1 sse4_2 x2apic movbe popcnt tsc_deadline_timer aes xsave avx f16c rdrand lahf_lm abm cpuid_fault invpcid_single pti ssbd ibrs ibpb stibp tpr_shadow vnmi flexpriority ept vpid ept_ad fsgsbase tsc_adjust bmi1 avx2 smep bmi2 erms invpcid xsaveopt dtherm ida arat pln pts md_clear flush_l1d

Memory: 4k page, physical 8057228k(2406112k free), swap 2097148k(2097148k free)

vm_info: OpenJDK 64-Bit Server VM (11.0.4+11-post-Ubuntu-1ubuntu219.04) for linux-amd64 JRE (11.0.4+11-post-Ubuntu-1ubuntu219.04), built on Jul 18 2019 18:21:46 by "buildd" with gcc 8.3.0

END.
