#
# A fatal error has been detected by the Java Runtime Environment:
#
#  SIGSEGV (0xb) at pc=0x00007f2b2f29b62b, pid=9354, tid=9379
#
# JRE version: OpenJDK Runtime Environment (11.0.4+11) (build 11.0.4+11-post-Ubuntu-1ubuntu219.04)
# Java VM: OpenJDK 64-Bit Server VM (11.0.4+11-post-Ubuntu-1ubuntu219.04, mixed mode, sharing, tiered, compressed oops, g1 gc, linux-amd64)
# Problematic frame:
# V  [libjvm.so+0x86462b]
#
# Core dump will be written. Default location: Core dumps may be processed with "/usr/share/apport/apport %p %s %c %d %P" (or dumping to /home/kramer/Downloads/RobotArena-master/RobotAreana/start/core.9354)
#
# If you would like to submit a bug report, please visit:
#   https://bugs.launchpad.net/ubuntu/+source/openjdk-lts
#

---------------  S U M M A R Y ------------

Command Line: -Dfile.encoding=UTF-8 -Duser.country=AU -Duser.language=en -Duser.variant ExampleSwingApp

Host: Intel(R) Core(TM) i5-4690 CPU @ 3.50GHz, 4 cores, 7G, Ubuntu 19.04
Time: Mon Oct 28 19:27:20 2019 AWST elapsed time: 1 seconds (0d 0h 0m 1s)

---------------  T H R E A D  ---------------

Current thread (0x00007f2b284bd000):  JavaThread "Thomas" [_thread_in_vm, id=9379, stack(0x00007f2acdd45000,0x00007f2acde46000)]

Stack: [0x00007f2acdd45000,0x00007f2acde46000],  sp=0x00007f2acde44650,  free space=1021k
Native frames: (J=compiled Java code, A=aot compiled Java code, j=interpreted, Vv=VM code, C=native code)
V  [libjvm.so+0x86462b]
C  [libmynativelibrary.so+0x1231]  Java_CRobot_startCPP+0x12c
j  CRobot.startCPP(LRobotControl;)V+0
j  CRobot$1.run()V+8
j  java.lang.Thread.run()V+11 java.base@11.0.4
v  ~StubRoutines::call_stub
V  [libjvm.so+0x7f40b1]
V  [libjvm.so+0x7f2550]
V  [libjvm.so+0x7f260b]
V  [libjvm.so+0x88e63c]
V  [libjvm.so+0xcc0060]
V  [libjvm.so+0xcc0350]
V  [libjvm.so+0xcbbee4]
V  [libjvm.so+0xb2cbee]

Java frames: (J=compiled Java code, j=interpreted, Vv=VM code)
j  CRobot.startCPP(LRobotControl;)V+0
j  CRobot$1.run()V+8
j  java.lang.Thread.run()V+11 java.base@11.0.4
v  ~StubRoutines::call_stub

siginfo: si_signo: 11 (SIGSEGV), si_code: 1 (SEGV_MAPERR), si_addr: 0x0000000000000000

Register to memory mapping:

RAX=0x00007f2acde446f0 is pointing into the stack for thread: 0x00007f2b284bd000
RBX=0x00007f2b284bd000 is a thread
RCX=0x00007f2b2f29b550: <offset 0x0000000000864550> in /usr/lib/jvm/java-11-openjdk-amd64/lib/server/libjvm.so at 0x00007f2b2ea37000
RDX=0x00007f2b284bad00 points into unknown readable memory: d8 a5 ed 8b 00 00 00 00
RSP=0x00007f2acde44650 is pointing into the stack for thread: 0x00007f2b284bd000
RBP=0x00007f2acde447d0 is pointing into the stack for thread: 0x00007f2b284bd000
RSI=0x00007f2b284bd000 is a thread
RDI=0x00007f2acde446b0 is pointing into the stack for thread: 0x00007f2b284bd000
R8 =0x0 is NULL
R9 =0x00007f2acde442e4 is pointing into the stack for thread: 0x00007f2b284bd000
R10=0x00007f2b2f802264: <offset 0x0000000000dcb264> in /usr/lib/jvm/java-11-openjdk-amd64/lib/server/libjvm.so at 0x00007f2b2ea37000
R11=0x0000000000000535 is an unknown value
R12=0x00007f2acde446b0 is pointing into the stack for thread: 0x00007f2b284bd000
R13=0x00007f2b284bd340 points into unknown readable memory: e0 3f ac 2f 2b 7f 00 00
R14=0x0 is NULL
R15=0x00007f2acde448d0 is pointing into the stack for thread: 0x00007f2b284bd000


Registers:
RAX=0x00007f2acde446f0, RBX=0x00007f2b284bd000, RCX=0x00007f2b2f29b550, RDX=0x00007f2b284bad00
RSP=0x00007f2acde44650, RBP=0x00007f2acde447d0, RSI=0x00007f2b284bd000, RDI=0x00007f2acde446b0
R8 =0x0000000000000000, R9 =0x00007f2acde442e4, R10=0x00007f2b2f802264, R11=0x0000000000000535
R12=0x00007f2acde446b0, R13=0x00007f2b284bd340, R14=0x0000000000000000, R15=0x00007f2acde448d0
RIP=0x00007f2b2f29b62b, EFLAGS=0x0000000000010202, CSGSFS=0x002b000000000033, ERR=0x0000000000000004
  TRAPNO=0x000000000000000e

Top of Stack: (sp=0x00007f2acde44650)
0x00007f2acde44650:   00007f2b2811b0b0 00007f2b284bd000
0x00007f2acde44660:   00007f2b08003042 00007f2b2f816af8
0x00007f2acde44670:   0000000000000535 0000000800000018
0x00007f2acde44680:   00007f2acde447e0 00007f2acde446f0 

Instructions: (pc=0x00007f2b2f29b62b)
0x00007f2b2f29b52b:   89 e0 5b 41 5c 41 5d 41 5e 41 5f 5d c3 0f 1f 84
0x00007f2b2f29b53b:   00 00 00 00 00 48 89 df 31 db e8 66 2d 45 00 e9
0x00007f2b2f29b54b:   ab fe ff ff 90 55 48 89 e5 41 57 49 89 f7 41 56
0x00007f2b2f29b55b:   49 89 d6 41 55 49 89 fd 41 54 53 48 81 ec 58 01
0x00007f2b2f29b56b:   00 00 48 89 8d 38 ff ff ff 4c 89 85 40 ff ff ff
0x00007f2b2f29b57b:   4c 89 8d 48 ff ff ff 84 c0 74 29 0f 29 85 50 ff
0x00007f2b2f29b58b:   ff ff 0f 29 8d 60 ff ff ff 0f 29 95 70 ff ff ff
0x00007f2b2f29b59b:   0f 29 5d 80 0f 29 65 90 0f 29 6d a0 0f 29 75 b0
0x00007f2b2f29b5ab:   0f 29 7d c0 49 8d 9d c0 fc ff ff 8b 83 d0 03 00
0x00007f2b2f29b5bb:   00 2d ab de 00 00 83 f8 01 0f 87 46 01 00 00 48
0x00007f2b2f29b5cb:   89 df 48 89 9d 88 fe ff ff e8 c7 69 ff ff 48 83
0x00007f2b2f29b5db:   7b 08 00 48 89 9d c0 fe ff ff 48 c7 85 c8 fe ff
0x00007f2b2f29b5eb:   ff 00 00 00 00 74 0c 48 8d bd c0 fe ff ff e8 02
0x00007f2b2f29b5fb:   0e 32 00 48 8d 45 10 4c 8d a5 e0 fe ff ff c7 85
0x00007f2b2f29b60b:   a8 fe ff ff 18 00 00 00 48 89 85 b0 fe ff ff 48
0x00007f2b2f29b61b:   8d 85 20 ff ff ff 4c 89 e7 48 89 85 b8 fe ff ff
0x00007f2b2f29b62b:   49 8b 06 c7 85 ac fe ff ff 30 00 00 00 c7 85 90
0x00007f2b2f29b63b:   fe ff ff 0c 00 00 00 48 8b 40 08 0f b7 50 2c 48
0x00007f2b2f29b64b:   8b 40 08 48 8b 74 d0 40 e8 78 53 3a 00 4d 89 e0
0x00007f2b2f29b65b:   49 89 d9 4c 89 f1 48 8d 05 f0 20 77 00 4c 89 fa
0x00007f2b2f29b66b:   4c 89 ef 45 31 e4 48 89 85 e0 fe ff ff f3 0f 6f
0x00007f2b2f29b67b:   85 a8 fe ff ff 48 8d b5 90 fe ff ff 48 8b 85 b8
0x00007f2b2f29b68b:   fe ff ff c7 85 f8 fe ff ff 63 00 00 00 48 c7 85
0x00007f2b2f29b69b:   00 ff ff ff 00 00 00 00 0f 11 85 08 ff ff ff 48
0x00007f2b2f29b6ab:   89 85 18 ff ff ff e8 fa f3 ff ff 48 83 7b 08 00
0x00007f2b2f29b6bb:   75 07 4c 8b a5 98 fe ff ff 48 83 bd c8 fe ff ff
0x00007f2b2f29b6cb:   00 74 0c 48 8d bd c0 fe ff ff e8 76 0d 32 00 48
0x00007f2b2f29b6db:   8b bb f0 00 00 00 e8 1a e3 00 00 48 8d bd 88 fe
0x00007f2b2f29b6eb:   ff ff e8 fe e3 00 00 48 81 c4 58 01 00 00 4c 89
0x00007f2b2f29b6fb:   e0 5b 41 5c 41 5d 41 5e 41 5f 5d c3 66 0f 1f 84
0x00007f2b2f29b70b:   00 00 00 00 00 48 89 df 31 db e8 96 2b 45 00 e9
0x00007f2b2f29b71b:   ab fe ff ff 90 55 48 89 e5 41 57 49 89 f7 41 56 


Stack slot to memory mapping:
stack at sp + 0 slots: 0x00007f2b2811b0b0 points into unknown readable memory: 00 00 00 00 00 00 00 00
stack at sp + 1 slots: 0x00007f2b284bd000 is a thread
stack at sp + 2 slots: 0x00007f2b08003042: <offset 0x0000000000002042> in /home/kramer/Downloads/RobotArena-master/RobotAreana/AIBasic/build/libs/mynativelibrary/shared/libmynativelibrary.so at 0x00007f2b08001000
stack at sp + 3 slots: 0x00007f2b2f816af8: <offset 0x0000000000ddfaf8> in /usr/lib/jvm/java-11-openjdk-amd64/lib/server/libjvm.so at 0x00007f2b2ea37000
stack at sp + 4 slots: 0x0000000000000535 is an unknown value
stack at sp + 5 slots: 0x0000000800000018 is pointing into metadata
stack at sp + 6 slots: 0x00007f2acde447e0 is pointing into the stack for thread: 0x00007f2b284bd000
stack at sp + 7 slots: 0x00007f2acde446f0 is pointing into the stack for thread: 0x00007f2b284bd000


---------------  P R O C E S S  ---------------

Threads class SMR info:
_java_thread_list=0x00007f2b284c2050, length=16, elements={
0x00007f2b28011800, 0x00007f2b28107000, 0x00007f2b28109000, 0x00007f2b2810e800,
0x00007f2b28110800, 0x00007f2b28112800, 0x00007f2b28114800, 0x00007f2b28153800,
0x00007f2b2815c000, 0x00007f2b282f2800, 0x00007f2b282f4800, 0x00007f2ad8369800,
0x00007f2b284b5800, 0x00007f2b284bd000, 0x00007f2b284bf800, 0x00007f2b284c0800
}

Java Threads: ( => current thread )
  0x00007f2b28011800 JavaThread "main" [_thread_blocked, id=9355, stack(0x00007f2b2e5ec000,0x00007f2b2e6ed000)]
  0x00007f2b28107000 JavaThread "Reference Handler" daemon [_thread_blocked, id=9363, stack(0x00007f2b10855000,0x00007f2b10956000)]
  0x00007f2b28109000 JavaThread "Finalizer" daemon [_thread_blocked, id=9364, stack(0x00007f2b10754000,0x00007f2b10855000)]
  0x00007f2b2810e800 JavaThread "Signal Dispatcher" daemon [_thread_blocked, id=9365, stack(0x00007f2b10653000,0x00007f2b10754000)]
  0x00007f2b28110800 JavaThread "C2 CompilerThread0" daemon [_thread_blocked, id=9366, stack(0x00007f2b10552000,0x00007f2b10653000)]
  0x00007f2b28112800 JavaThread "C1 CompilerThread0" daemon [_thread_blocked, id=9367, stack(0x00007f2b10451000,0x00007f2b10552000)]
  0x00007f2b28114800 JavaThread "Sweeper thread" daemon [_thread_blocked, id=9368, stack(0x00007f2b10350000,0x00007f2b10451000)]
  0x00007f2b28153800 JavaThread "Service Thread" daemon [_thread_blocked, id=9369, stack(0x00007f2b1024f000,0x00007f2b10350000)]
  0x00007f2b2815c000 JavaThread "Common-Cleaner" daemon [_thread_blocked, id=9371, stack(0x00007f2b1004c000,0x00007f2b1014d000)]
  0x00007f2b282f2800 JavaThread "Java2D Disposer" daemon [_thread_blocked, id=9375, stack(0x00007f2ace149000,0x00007f2ace24a000)]
  0x00007f2b282f4800 JavaThread "AWT-XAWT" daemon [_thread_in_native, id=9376, stack(0x00007f2ace048000,0x00007f2ace149000)]
  0x00007f2ad8369800 JavaThread "C2 CompilerThread1" daemon [_thread_blocked, id=9377, stack(0x00007f2acdf47000,0x00007f2ace048000)]
  0x00007f2b284b5800 JavaThread "Image Fetcher 0" daemon [_thread_blocked, id=9378, stack(0x00007f2acde46000,0x00007f2acdf47000)]
=>0x00007f2b284bd000 JavaThread "Thomas" [_thread_in_vm, id=9379, stack(0x00007f2acdd45000,0x00007f2acde46000)]
  0x00007f2b284bf800 JavaThread "Thomas" [_thread_blocked, id=9380, stack(0x00007f2acdc44000,0x00007f2acdd45000)]
  0x00007f2b284c0800 JavaThread "Thomas" [_thread_blocked, id=9381, stack(0x00007f2acdb43000,0x00007f2acdc44000)]

Other Threads:
  0x00007f2b28104000 VMThread "VM Thread" [stack: 0x00007f2b2c07e000,0x00007f2b2c17e000] [id=9362]
  0x00007f2b28156000 WatcherThread [stack: 0x00007f2b1014f000,0x00007f2b1024f000] [id=9370]
  0x00007f2b28027000 GCTaskThread "GC Thread#0" [stack: 0x00007f2b2e2a0000,0x00007f2b2e3a0000] [id=9356]
  0x00007f2b28058000 ConcurrentGCThread "G1 Main Marker" [stack: 0x00007f2b2d1d0000,0x00007f2b2d2d0000] [id=9357]
  0x00007f2b2805a000 ConcurrentGCThread "G1 Conc#0" [stack: 0x00007f2b2d0ce000,0x00007f2b2d1ce000] [id=9358]
  0x00007f2b280d2000 ConcurrentGCThread "G1 Refine#0" [stack: 0x00007f2b2cbc8000,0x00007f2b2ccc8000] [id=9359]
  0x00007f2b280d3800 ConcurrentGCThread "G1 Young RemSet Sampling" [stack: 0x00007f2b2cac6000,0x00007f2b2cbc6000] [id=9360]

Threads with active compile tasks:

VM state:synchronizing (normal execution)

VM Mutex/Monitor currently owned by a thread:  ([mutex/lock_event])
[0x00007f2b2800e360] Threads_lock - owner thread: 0x00007f2b28104000
[0x00007f2b2800eab0] Heap_lock - owner thread: 0x00007f2b284bf800

Heap address: 0x0000000085000000, size: 1968 MB, Compressed Oops mode: 32-bit
Narrow klass base: 0x0000000800000000, Narrow klass shift: 3
Compressed class space size: 1073741824 Address: 0x0000000840000000

Heap:
 garbage-first heap   total 129024K, used 23160K [0x0000000085000000, 0x0000000100000000)
  region size 1024K, 14 young (14336K), 0 survivors (0K)
 Metaspace       used 5254K, capacity 5594K, committed 5632K, reserved 1056768K
  class space    used 583K, capacity 767K, committed 768K, reserved 1048576K
Heap Regions: E=young(eden), S=young(survivor), O=old, HS=humongous(starts), HC=humongous(continues), CS=collection set, F=free, A=archive, TAMS=top-at-mark-start (previous, next)
|   0|0x0000000085000000, 0x0000000085100000, 0x0000000085100000|100%|HS|  |TAMS 0x0000000085000000, 0x0000000085000000| Complete 
|   1|0x0000000085100000, 0x0000000085200000, 0x0000000085200000|100%|HC|  |TAMS 0x0000000085100000, 0x0000000085100000| Complete 
|   2|0x0000000085200000, 0x0000000085300000, 0x0000000085300000|100%|HC|  |TAMS 0x0000000085200000, 0x0000000085200000| Complete 
|   3|0x0000000085300000, 0x0000000085400000, 0x0000000085400000|100%|HC|  |TAMS 0x0000000085300000, 0x0000000085300000| Complete 
|   4|0x0000000085400000, 0x0000000085500000, 0x0000000085500000|100%|HC|  |TAMS 0x0000000085400000, 0x0000000085400000| Complete 
|   5|0x0000000085500000, 0x0000000085600000, 0x0000000085600000|100%|HC|  |TAMS 0x0000000085500000, 0x0000000085500000| Complete 
|   6|0x0000000085600000, 0x0000000085700000, 0x0000000085700000|100%|HC|  |TAMS 0x0000000085600000, 0x0000000085600000| Complete 
|   7|0x0000000085700000, 0x0000000085800000, 0x0000000085800000|100%|HC|  |TAMS 0x0000000085700000, 0x0000000085700000| Complete 
|   8|0x0000000085800000, 0x0000000085800000, 0x0000000085900000|  0%| F|  |TAMS 0x0000000085800000, 0x0000000085800000| Untracked 
|   9|0x0000000085900000, 0x0000000085900000, 0x0000000085a00000|  0%| F|  |TAMS 0x0000000085900000, 0x0000000085900000| Untracked 
|  10|0x0000000085a00000, 0x0000000085a00000, 0x0000000085b00000|  0%| F|  |TAMS 0x0000000085a00000, 0x0000000085a00000| Untracked 
|  11|0x0000000085b00000, 0x0000000085b00000, 0x0000000085c00000|  0%| F|  |TAMS 0x0000000085b00000, 0x0000000085b00000| Untracked 
|  12|0x0000000085c00000, 0x0000000085c00000, 0x0000000085d00000|  0%| F|  |TAMS 0x0000000085c00000, 0x0000000085c00000| Untracked 
|  13|0x0000000085d00000, 0x0000000085d00000, 0x0000000085e00000|  0%| F|  |TAMS 0x0000000085d00000, 0x0000000085d00000| Untracked 
|  14|0x0000000085e00000, 0x0000000085e00000, 0x0000000085f00000|  0%| F|  |TAMS 0x0000000085e00000, 0x0000000085e00000| Untracked 
|  15|0x0000000085f00000, 0x0000000085f00000, 0x0000000086000000|  0%| F|  |TAMS 0x0000000085f00000, 0x0000000085f00000| Untracked 
|  16|0x0000000086000000, 0x0000000086000000, 0x0000000086100000|  0%| F|  |TAMS 0x0000000086000000, 0x0000000086000000| Untracked 
|  17|0x0000000086100000, 0x0000000086100000, 0x0000000086200000|  0%| F|  |TAMS 0x0000000086100000, 0x0000000086100000| Untracked 
|  18|0x0000000086200000, 0x0000000086200000, 0x0000000086300000|  0%| F|  |TAMS 0x0000000086200000, 0x0000000086200000| Untracked 
|  19|0x0000000086300000, 0x0000000086300000, 0x0000000086400000|  0%| F|  |TAMS 0x0000000086300000, 0x0000000086300000| Untracked 
|  20|0x0000000086400000, 0x0000000086400000, 0x0000000086500000|  0%| F|  |TAMS 0x0000000086400000, 0x0000000086400000| Untracked 
|  21|0x0000000086500000, 0x0000000086500000, 0x0000000086600000|  0%| F|  |TAMS 0x0000000086500000, 0x0000000086500000| Untracked 
|  22|0x0000000086600000, 0x0000000086600000, 0x0000000086700000|  0%| F|  |TAMS 0x0000000086600000, 0x0000000086600000| Untracked 
|  23|0x0000000086700000, 0x0000000086700000, 0x0000000086800000|  0%| F|  |TAMS 0x0000000086700000, 0x0000000086700000| Untracked 
|  24|0x0000000086800000, 0x0000000086800000, 0x0000000086900000|  0%| F|  |TAMS 0x0000000086800000, 0x0000000086800000| Untracked 
|  25|0x0000000086900000, 0x0000000086900000, 0x0000000086a00000|  0%| F|  |TAMS 0x0000000086900000, 0x0000000086900000| Untracked 
|  26|0x0000000086a00000, 0x0000000086a00000, 0x0000000086b00000|  0%| F|  |TAMS 0x0000000086a00000, 0x0000000086a00000| Untracked 
|  27|0x0000000086b00000, 0x0000000086b00000, 0x0000000086c00000|  0%| F|  |TAMS 0x0000000086b00000, 0x0000000086b00000| Untracked 
|  28|0x0000000086c00000, 0x0000000086c00000, 0x0000000086d00000|  0%| F|  |TAMS 0x0000000086c00000, 0x0000000086c00000| Untracked 
|  29|0x0000000086d00000, 0x0000000086d00000, 0x0000000086e00000|  0%| F|  |TAMS 0x0000000086d00000, 0x0000000086d00000| Untracked 
|  30|0x0000000086e00000, 0x0000000086e00000, 0x0000000086f00000|  0%| F|  |TAMS 0x0000000086e00000, 0x0000000086e00000| Untracked 
|  31|0x0000000086f00000, 0x0000000086f00000, 0x0000000087000000|  0%| F|  |TAMS 0x0000000086f00000, 0x0000000086f00000| Untracked 
|  32|0x0000000087000000, 0x0000000087000000, 0x0000000087100000|  0%| F|  |TAMS 0x0000000087000000, 0x0000000087000000| Untracked 
|  33|0x0000000087100000, 0x0000000087100000, 0x0000000087200000|  0%| F|  |TAMS 0x0000000087100000, 0x0000000087100000| Untracked 
|  34|0x0000000087200000, 0x0000000087200000, 0x0000000087300000|  0%| F|  |TAMS 0x0000000087200000, 0x0000000087200000| Untracked 
|  35|0x0000000087300000, 0x0000000087300000, 0x0000000087400000|  0%| F|  |TAMS 0x0000000087300000, 0x0000000087300000| Untracked 
|  36|0x0000000087400000, 0x0000000087400000, 0x0000000087500000|  0%| F|  |TAMS 0x0000000087400000, 0x0000000087400000| Untracked 
|  37|0x0000000087500000, 0x0000000087500000, 0x0000000087600000|  0%| F|  |TAMS 0x0000000087500000, 0x0000000087500000| Untracked 
|  38|0x0000000087600000, 0x0000000087600000, 0x0000000087700000|  0%| F|  |TAMS 0x0000000087600000, 0x0000000087600000| Untracked 
|  39|0x0000000087700000, 0x0000000087700000, 0x0000000087800000|  0%| F|  |TAMS 0x0000000087700000, 0x0000000087700000| Untracked 
|  40|0x0000000087800000, 0x0000000087800000, 0x0000000087900000|  0%| F|  |TAMS 0x0000000087800000, 0x0000000087800000| Untracked 
|  41|0x0000000087900000, 0x0000000087900000, 0x0000000087a00000|  0%| F|  |TAMS 0x0000000087900000, 0x0000000087900000| Untracked 
|  42|0x0000000087a00000, 0x0000000087a00000, 0x0000000087b00000|  0%| F|  |TAMS 0x0000000087a00000, 0x0000000087a00000| Untracked 
|  43|0x0000000087b00000, 0x0000000087b00000, 0x0000000087c00000|  0%| F|  |TAMS 0x0000000087b00000, 0x0000000087b00000| Untracked 
|  44|0x0000000087c00000, 0x0000000087c00000, 0x0000000087d00000|  0%| F|  |TAMS 0x0000000087c00000, 0x0000000087c00000| Untracked 
|  45|0x0000000087d00000, 0x0000000087d00000, 0x0000000087e00000|  0%| F|  |TAMS 0x0000000087d00000, 0x0000000087d00000| Untracked 
|  46|0x0000000087e00000, 0x0000000087e00000, 0x0000000087f00000|  0%| F|  |TAMS 0x0000000087e00000, 0x0000000087e00000| Untracked 
|  47|0x0000000087f00000, 0x0000000087f00000, 0x0000000088000000|  0%| F|  |TAMS 0x0000000087f00000, 0x0000000087f00000| Untracked 
|  48|0x0000000088000000, 0x0000000088000000, 0x0000000088100000|  0%| F|  |TAMS 0x0000000088000000, 0x0000000088000000| Untracked 
|  49|0x0000000088100000, 0x0000000088100000, 0x0000000088200000|  0%| F|  |TAMS 0x0000000088100000, 0x0000000088100000| Untracked 
|  50|0x0000000088200000, 0x0000000088200000, 0x0000000088300000|  0%| F|  |TAMS 0x0000000088200000, 0x0000000088200000| Untracked 
|  51|0x0000000088300000, 0x0000000088300000, 0x0000000088400000|  0%| F|  |TAMS 0x0000000088300000, 0x0000000088300000| Untracked 
|  52|0x0000000088400000, 0x0000000088400000, 0x0000000088500000|  0%| F|  |TAMS 0x0000000088400000, 0x0000000088400000| Untracked 
|  53|0x0000000088500000, 0x0000000088500000, 0x0000000088600000|  0%| F|  |TAMS 0x0000000088500000, 0x0000000088500000| Untracked 
|  54|0x0000000088600000, 0x0000000088600000, 0x0000000088700000|  0%| F|  |TAMS 0x0000000088600000, 0x0000000088600000| Untracked 
|  55|0x0000000088700000, 0x0000000088700000, 0x0000000088800000|  0%| F|  |TAMS 0x0000000088700000, 0x0000000088700000| Untracked 
|  56|0x0000000088800000, 0x0000000088800000, 0x0000000088900000|  0%| F|  |TAMS 0x0000000088800000, 0x0000000088800000| Untracked 
|  57|0x0000000088900000, 0x0000000088900000, 0x0000000088a00000|  0%| F|  |TAMS 0x0000000088900000, 0x0000000088900000| Untracked 
|  58|0x0000000088a00000, 0x0000000088a00000, 0x0000000088b00000|  0%| F|  |TAMS 0x0000000088a00000, 0x0000000088a00000| Untracked 
|  59|0x0000000088b00000, 0x0000000088b00000, 0x0000000088c00000|  0%| F|  |TAMS 0x0000000088b00000, 0x0000000088b00000| Untracked 
|  60|0x0000000088c00000, 0x0000000088c00000, 0x0000000088d00000|  0%| F|  |TAMS 0x0000000088c00000, 0x0000000088c00000| Untracked 
|  61|0x0000000088d00000, 0x0000000088d00000, 0x0000000088e00000|  0%| F|  |TAMS 0x0000000088d00000, 0x0000000088d00000| Untracked 
|  62|0x0000000088e00000, 0x0000000088e00000, 0x0000000088f00000|  0%| F|  |TAMS 0x0000000088e00000, 0x0000000088e00000| Untracked 
|  63|0x0000000088f00000, 0x0000000088f00000, 0x0000000089000000|  0%| F|  |TAMS 0x0000000088f00000, 0x0000000088f00000| Untracked 
|  64|0x0000000089000000, 0x0000000089000000, 0x0000000089100000|  0%| F|  |TAMS 0x0000000089000000, 0x0000000089000000| Untracked 
|  65|0x0000000089100000, 0x0000000089100000, 0x0000000089200000|  0%| F|  |TAMS 0x0000000089100000, 0x0000000089100000| Untracked 
|  66|0x0000000089200000, 0x0000000089200000, 0x0000000089300000|  0%| F|  |TAMS 0x0000000089200000, 0x0000000089200000| Untracked 
|  67|0x0000000089300000, 0x0000000089300000, 0x0000000089400000|  0%| F|  |TAMS 0x0000000089300000, 0x0000000089300000| Untracked 
|  68|0x0000000089400000, 0x0000000089400000, 0x0000000089500000|  0%| F|  |TAMS 0x0000000089400000, 0x0000000089400000| Untracked 
|  69|0x0000000089500000, 0x0000000089500000, 0x0000000089600000|  0%| F|  |TAMS 0x0000000089500000, 0x0000000089500000| Untracked 
|  70|0x0000000089600000, 0x0000000089600000, 0x0000000089700000|  0%| F|  |TAMS 0x0000000089600000, 0x0000000089600000| Untracked 
|  71|0x0000000089700000, 0x0000000089700000, 0x0000000089800000|  0%| F|  |TAMS 0x0000000089700000, 0x0000000089700000| Untracked 
|  72|0x0000000089800000, 0x0000000089800000, 0x0000000089900000|  0%| F|  |TAMS 0x0000000089800000, 0x0000000089800000| Untracked 
|  73|0x0000000089900000, 0x0000000089900000, 0x0000000089a00000|  0%| F|  |TAMS 0x0000000089900000, 0x0000000089900000| Untracked 
|  74|0x0000000089a00000, 0x0000000089a00000, 0x0000000089b00000|  0%| F|  |TAMS 0x0000000089a00000, 0x0000000089a00000| Untracked 
|  75|0x0000000089b00000, 0x0000000089b00000, 0x0000000089c00000|  0%| F|  |TAMS 0x0000000089b00000, 0x0000000089b00000| Untracked 
|  76|0x0000000089c00000, 0x0000000089c00000, 0x0000000089d00000|  0%| F|  |TAMS 0x0000000089c00000, 0x0000000089c00000| Untracked 
|  77|0x0000000089d00000, 0x0000000089d00000, 0x0000000089e00000|  0%| F|  |TAMS 0x0000000089d00000, 0x0000000089d00000| Untracked 
|  78|0x0000000089e00000, 0x0000000089e00000, 0x0000000089f00000|  0%| F|  |TAMS 0x0000000089e00000, 0x0000000089e00000| Untracked 
|  79|0x0000000089f00000, 0x0000000089f00000, 0x000000008a000000|  0%| F|  |TAMS 0x0000000089f00000, 0x0000000089f00000| Untracked 
|  80|0x000000008a000000, 0x000000008a000000, 0x000000008a100000|  0%| F|  |TAMS 0x000000008a000000, 0x000000008a000000| Untracked 
|  81|0x000000008a100000, 0x000000008a100000, 0x000000008a200000|  0%| F|  |TAMS 0x000000008a100000, 0x000000008a100000| Untracked 
|  82|0x000000008a200000, 0x000000008a200000, 0x000000008a300000|  0%| F|  |TAMS 0x000000008a200000, 0x000000008a200000| Untracked 
|  83|0x000000008a300000, 0x000000008a300000, 0x000000008a400000|  0%| F|  |TAMS 0x000000008a300000, 0x000000008a300000| Untracked 
|  84|0x000000008a400000, 0x000000008a400000, 0x000000008a500000|  0%| F|  |TAMS 0x000000008a400000, 0x000000008a400000| Untracked 
|  85|0x000000008a500000, 0x000000008a500000, 0x000000008a600000|  0%| F|  |TAMS 0x000000008a500000, 0x000000008a500000| Untracked 
|  86|0x000000008a600000, 0x000000008a600000, 0x000000008a700000|  0%| F|  |TAMS 0x000000008a600000, 0x000000008a600000| Untracked 
|  87|0x000000008a700000, 0x000000008a700000, 0x000000008a800000|  0%| F|  |TAMS 0x000000008a700000, 0x000000008a700000| Untracked 
|  88|0x000000008a800000, 0x000000008a800000, 0x000000008a900000|  0%| F|  |TAMS 0x000000008a800000, 0x000000008a800000| Untracked 
|  89|0x000000008a900000, 0x000000008a900000, 0x000000008aa00000|  0%| F|  |TAMS 0x000000008a900000, 0x000000008a900000| Untracked 
|  90|0x000000008aa00000, 0x000000008aa00000, 0x000000008ab00000|  0%| F|  |TAMS 0x000000008aa00000, 0x000000008aa00000| Untracked 
|  91|0x000000008ab00000, 0x000000008ab00000, 0x000000008ac00000|  0%| F|  |TAMS 0x000000008ab00000, 0x000000008ab00000| Untracked 
|  92|0x000000008ac00000, 0x000000008ac00000, 0x000000008ad00000|  0%| F|  |TAMS 0x000000008ac00000, 0x000000008ac00000| Untracked 
|  93|0x000000008ad00000, 0x000000008ad00000, 0x000000008ae00000|  0%| F|  |TAMS 0x000000008ad00000, 0x000000008ad00000| Untracked 
|  94|0x000000008ae00000, 0x000000008ae00000, 0x000000008af00000|  0%| F|  |TAMS 0x000000008ae00000, 0x000000008ae00000| Untracked 
|  95|0x000000008af00000, 0x000000008af00000, 0x000000008b000000|  0%| F|  |TAMS 0x000000008af00000, 0x000000008af00000| Untracked 
|  96|0x000000008b000000, 0x000000008b000000, 0x000000008b100000|  0%| F|  |TAMS 0x000000008b000000, 0x000000008b000000| Untracked 
|  97|0x000000008b100000, 0x000000008b100000, 0x000000008b200000|  0%| F|  |TAMS 0x000000008b100000, 0x000000008b100000| Untracked 
|  98|0x000000008b200000, 0x000000008b200000, 0x000000008b300000|  0%| F|  |TAMS 0x000000008b200000, 0x000000008b200000| Untracked 
|  99|0x000000008b300000, 0x000000008b300000, 0x000000008b400000|  0%| F|  |TAMS 0x000000008b300000, 0x000000008b300000| Untracked 
| 100|0x000000008b400000, 0x000000008b400000, 0x000000008b500000|  0%| F|  |TAMS 0x000000008b400000, 0x000000008b400000| Untracked 
| 101|0x000000008b500000, 0x000000008b500000, 0x000000008b600000|  0%| F|  |TAMS 0x000000008b500000, 0x000000008b500000| Untracked 
| 102|0x000000008b600000, 0x000000008b600000, 0x000000008b700000|  0%| F|  |TAMS 0x000000008b600000, 0x000000008b600000| Untracked 
| 103|0x000000008b700000, 0x000000008b700000, 0x000000008b800000|  0%| F|  |TAMS 0x000000008b700000, 0x000000008b700000| Untracked 
| 104|0x000000008b800000, 0x000000008b800000, 0x000000008b900000|  0%| F|  |TAMS 0x000000008b800000, 0x000000008b800000| Untracked 
| 105|0x000000008b900000, 0x000000008b900000, 0x000000008ba00000|  0%| F|  |TAMS 0x000000008b900000, 0x000000008b900000| Untracked 
| 106|0x000000008ba00000, 0x000000008ba00000, 0x000000008bb00000|  0%| F|  |TAMS 0x000000008ba00000, 0x000000008ba00000| Untracked 
| 107|0x000000008bb00000, 0x000000008bb00000, 0x000000008bc00000|  0%| F|  |TAMS 0x000000008bb00000, 0x000000008bb00000| Untracked 
| 108|0x000000008bc00000, 0x000000008bc00000, 0x000000008bd00000|  0%| F|  |TAMS 0x000000008bc00000, 0x000000008bc00000| Untracked 
| 109|0x000000008bd00000, 0x000000008bd00000, 0x000000008be00000|  0%| F|  |TAMS 0x000000008bd00000, 0x000000008bd00000| Untracked 
| 110|0x000000008be00000, 0x000000008bf00000, 0x000000008bf00000|100%| E|CS|TAMS 0x000000008be00000, 0x000000008be00000| Complete 
| 111|0x000000008bf00000, 0x000000008c000000, 0x000000008c000000|100%| E|CS|TAMS 0x000000008bf00000, 0x000000008bf00000| Complete 
| 112|0x000000008c000000, 0x000000008c100000, 0x000000008c100000|100%| E|CS|TAMS 0x000000008c000000, 0x000000008c000000| Complete 
| 113|0x000000008c100000, 0x000000008c200000, 0x000000008c200000|100%| E|CS|TAMS 0x000000008c100000, 0x000000008c100000| Complete 
| 114|0x000000008c200000, 0x000000008c300000, 0x000000008c300000|100%| E|CS|TAMS 0x000000008c200000, 0x000000008c200000| Complete 
| 115|0x000000008c300000, 0x000000008c400000, 0x000000008c400000|100%| E|CS|TAMS 0x000000008c300000, 0x000000008c300000| Complete 
| 116|0x000000008c400000, 0x000000008c500000, 0x000000008c500000|100%| E|CS|TAMS 0x000000008c400000, 0x000000008c400000| Complete 
| 117|0x000000008c500000, 0x000000008c600000, 0x000000008c600000|100%| E|CS|TAMS 0x000000008c500000, 0x000000008c500000| Complete 
| 118|0x000000008c600000, 0x000000008c700000, 0x000000008c700000|100%| E|CS|TAMS 0x000000008c600000, 0x000000008c600000| Complete 
| 119|0x000000008c700000, 0x000000008c800000, 0x000000008c800000|100%| E|CS|TAMS 0x000000008c700000, 0x000000008c700000| Complete 
| 120|0x000000008c800000, 0x000000008c900000, 0x000000008c900000|100%| E|CS|TAMS 0x000000008c800000, 0x000000008c800000| Complete 
| 121|0x000000008c900000, 0x000000008ca00000, 0x000000008ca00000|100%| E|CS|TAMS 0x000000008c900000, 0x000000008c900000| Complete 
| 122|0x000000008ca00000, 0x000000008cb00000, 0x000000008cb00000|100%| E|CS|TAMS 0x000000008ca00000, 0x000000008ca00000| Complete 
| 123|0x000000008cb00000, 0x000000008cc00000, 0x000000008cc00000|100%| E|CS|TAMS 0x000000008cb00000, 0x000000008cb00000| Complete 
|1966|0x00000000ffe00000, 0x00000000ffe34000, 0x00000000fff00000| 20%|OA|  |TAMS 0x00000000ffe00000, 0x00000000ffe00000| Untracked 
|1967|0x00000000fff00000, 0x00000000fff6a000, 0x0000000100000000| 41%|CA|  |TAMS 0x00000000fff00000, 0x00000000fff00000| Untracked 

Card table byte_map: [0x00007f2b2d6ea000,0x00007f2b2dac2000] _byte_map_base: 0x00007f2b2d2c2000

Marking Bits (Prev, Next): (CMBitMap*) 0x00007f2b2804f5d8, (CMBitMap*) 0x00007f2b2804f610
 Prev Bits: [0x00007f2b0a140000, 0x00007f2b0c000000)
 Next Bits: [0x00007f2b08280000, 0x00007f2b0a140000)

Polling page: 0x00007f2b2e5b3000

Metaspace:

Usage:
  Non-class:      4.71 MB capacity,     4.56 MB ( 97%) used,   127.02 KB (  3%) free+waste,    28.50 KB ( <1%) overhead. 
      Class:    767.00 KB capacity,   583.45 KB ( 76%) used,   165.49 KB ( 22%) free+waste,    18.06 KB (  2%) overhead. 
       Both:      5.46 MB capacity,     5.13 MB ( 94%) used,   292.51 KB (  5%) free+waste,    46.56 KB ( <1%) overhead. 

Virtual space:
  Non-class space:        8.00 MB reserved,       4.75 MB ( 59%) committed 
      Class space:        1.00 GB reserved,     768.00 KB ( <1%) committed 
             Both:        1.01 GB reserved,       5.50 MB ( <1%) committed 

Chunk freelists:
   Non-Class:  29.00 KB
       Class:  1.00 KB
        Both:  30.00 KB

CodeHeap 'non-profiled nmethods': size=120032Kb used=234Kb max_used=234Kb free=119797Kb
 bounds [0x00007f2b1841e000, 0x00007f2b1868e000, 0x00007f2b1f956000]
CodeHeap 'profiled nmethods': size=120032Kb used=1145Kb max_used=1145Kb free=118886Kb
 bounds [0x00007f2b10ee6000, 0x00007f2b11156000, 0x00007f2b1841e000]
CodeHeap 'non-nmethods': size=5696Kb used=1183Kb max_used=1224Kb free=4512Kb
 bounds [0x00007f2b10956000, 0x00007f2b10bc6000, 0x00007f2b10ee6000]
 total_blobs=1296 nmethods=641 adapters=455
 compilation: enabled
              stopped_count=0, restarted_count=0
 full_count=0

Compilation events (10 events):
Event: 1.150 Thread 0x00007f2b28112800  637       1       java.net.URL::getHost (5 bytes)
Event: 1.150 Thread 0x00007f2b28112800 nmethod 637 0x00007f2b18458410 code [0x00007f2b184585c0, 0x00007f2b184586f0]
Event: 1.151 Thread 0x00007f2b28112800  638       3       java.lang.String::lastIndexOf (29 bytes)
Event: 1.151 Thread 0x00007f2b28112800 nmethod 638 0x00007f2b11003390 code [0x00007f2b11003560, 0x00007f2b11003858]
Event: 1.152 Thread 0x00007f2b28112800  640       3       java.lang.String::lastIndexOf (12 bytes)
Event: 1.152 Thread 0x00007f2b28112800 nmethod 640 0x00007f2b11003990 code [0x00007f2b11003b80, 0x00007f2b11003fd8]
Event: 1.152 Thread 0x00007f2b28112800  639       3       java.lang.String::startsWith (7 bytes)
Event: 1.152 Thread 0x00007f2b28112800 nmethod 639 0x00007f2b11004190 code [0x00007f2b11004340, 0x00007f2b110044e8]
Event: 1.152 Thread 0x00007f2b28112800  641       1       java.net.URL::getProtocol (5 bytes)
Event: 1.152 Thread 0x00007f2b28112800 nmethod 641 0x00007f2b18458790 code [0x00007f2b18458940, 0x00007f2b18458a70]

GC Heap History (0 events):
No events

Deoptimization events (10 events):
Event: 1.143 Thread 0x00007f2b284b5800 DEOPT PACKING pc=0x00007f2b10fd2e75 sp=0x00007f2acdf45660
Event: 1.143 Thread 0x00007f2b284b5800 DEOPT UNPACKING pc=0x00007f2b1097e83a sp=0x00007f2acdf44af0 mode 0
Event: 1.143 Thread 0x00007f2b284b5800 DEOPT PACKING pc=0x00007f2b10fd2e75 sp=0x00007f2acdf45660
Event: 1.143 Thread 0x00007f2b284b5800 DEOPT UNPACKING pc=0x00007f2b1097e83a sp=0x00007f2acdf44af0 mode 0
Event: 1.143 Thread 0x00007f2b284b5800 DEOPT PACKING pc=0x00007f2b10fd2e75 sp=0x00007f2acdf45660
Event: 1.143 Thread 0x00007f2b284b5800 DEOPT UNPACKING pc=0x00007f2b1097e83a sp=0x00007f2acdf44af0 mode 0
Event: 1.148 Thread 0x00007f2b284b5800 Uncommon trap: trap_request=0xffffff4d fr.pc=0x00007f2b1845441c relative=0x000000000000103c
Event: 1.148 Thread 0x00007f2b284b5800 Uncommon trap: reason=unstable_if action=reinterpret pc=0x00007f2b1845441c method=sun.awt.image.PNGImageDecoder.produceImage()V @ 867 c2
Event: 1.148 Thread 0x00007f2b284b5800 DEOPT PACKING pc=0x00007f2b1845441c sp=0x00007f2acdf456e0
Event: 1.148 Thread 0x00007f2b284b5800 DEOPT UNPACKING pc=0x00007f2b1097ea25 sp=0x00007f2acdf45650 mode 2

Classes redefined (0 events):
No events

Internal exceptions (10 events):
Event: 0.200 Thread 0x00007f2b28011800 Exception <a 'java/lang/NoSuchMethodError'{0x000000008c8c0da0}: 'java.lang.Object java.lang.invoke.DirectMethodHandle$Holder.invokeStatic(java.lang.Object, int, java.lang.Object, java.lang.Object, java.lang.Object)'> (0x000000008c8c0da0) thrown at [/build
Event: 0.201 Thread 0x00007f2b28011800 Exception <a 'java/lang/NoSuchMethodError'{0x000000008c8c48e8}: 'java.lang.Object java.lang.invoke.DirectMethodHandle$Holder.invokeSpecial(java.lang.Object, java.lang.Object, int, java.lang.Object, java.lang.Object, java.lang.Object)'> (0x000000008c8c48e8
Event: 0.204 Thread 0x00007f2b28011800 Exception <a 'java/lang/NoSuchMethodError'{0x000000008c8dc408}: 'java.lang.Object java.lang.invoke.DirectMethodHandle$Holder.invokeStatic(java.lang.Object, int, java.lang.Object)'> (0x000000008c8dc408) thrown at [/build/openjdk-lts-ZT5jEu/openjdk-lts-11.0
Event: 0.968 Thread 0x00007f2b28011800 Exception <a 'java/lang/NoSuchMethodError'{0x000000008c7756b0}: 'java.lang.Object java.lang.invoke.DirectMethodHandle$Holder.invokeStatic(java.lang.Object, java.lang.Object, java.lang.Object, java.lang.Object, java.lang.Object, java.lang.Object, java.lang
Event: 0.970 Thread 0x00007f2b28011800 Exception <a 'java/lang/NoSuchMethodError'{0x000000008c78f610}: 'java.lang.Object java.lang.invoke.DirectMethodHandle$Holder.invokeStatic(java.lang.Object, java.lang.Object, java.lang.Object, java.lang.Object, java.lang.Object, java.lang.Object, java.lang
Event: 0.971 Thread 0x00007f2b28011800 Exception <a 'java/lang/NoSuchMethodError'{0x000000008c79b9d8}: 'void java.lang.invoke.DirectMethodHandle$Holder.invokeSpecial(java.lang.Object, java.lang.Object)'> (0x000000008c79b9d8) thrown at [/build/openjdk-lts-ZT5jEu/openjdk-lts-11.0.4+11/src/hotspo
Event: 1.021 Thread 0x00007f2b28011800 Exception <a 'java/lang/NoSuchMethodError'{0x000000008c509b48}: 'java.lang.Object java.lang.invoke.Invokers$Holder.linkToTargetMethod(java.lang.Object, int, java.lang.Object)'> (0x000000008c509b48) thrown at [/build/openjdk-lts-ZT5jEu/openjdk-lts-11.0.4+1
Event: 1.036 Thread 0x00007f2b28011800 Exception <a 'java/lang/ClassNotFoundException'{0x000000008c54c4d0}: com/sun/swing/internal/plaf/metal/resources/spi/metalProvider> (0x000000008c54c4d0) thrown at [/build/openjdk-lts-ZT5jEu/openjdk-lts-11.0.4+11/src/hotspot/share/classfile/systemDictionar
Event: 1.037 Thread 0x00007f2b28011800 Exception <a 'java/lang/ClassNotFoundException'{0x000000008c5503d8}: com/sun/swing/internal/plaf/basic/resources/spi/basicProvider> (0x000000008c5503d8) thrown at [/build/openjdk-lts-ZT5jEu/openjdk-lts-11.0.4+11/src/hotspot/share/classfile/systemDictionar
Event: 1.153 Thread 0x00007f2b284bd000 Exception <a 'java/lang/NoSuchMethodError'{0x000000008beda5d8}: getAllRobots> (0x000000008beda5d8) thrown at [/build/openjdk-lts-ZT5jEu/openjdk-lts-11.0.4+11/src/hotspot/share/prims/jni.cpp, line 1333]

Events (10 events):
Event: 1.151 loading class java/util/concurrent/ArrayBlockingQueue done
Event: 1.151 loading class AI_Robot
Event: 1.151 loading class AI_Robot done
Event: 1.152 loading class AIGroup
Event: 1.152 loading class AIGroup done
Event: 1.152 loading class CRobot$1
Event: 1.152 loading class CRobot$1 done
Event: 1.153 Thread 0x00007f2b284bd000 Thread added: 0x00007f2b284bd000
Event: 1.153 loading class AI_Robot$1
Event: 1.153 loading class AI_Robot$1 done


Dynamic libraries:
85000000-8cc00000 rw-p 00000000 00:00 0 
8cc00000-ffe00000 ---p 00000000 00:00 0 
ffe00000-ffe34000 rw-p 01116000 08:02 23990720                           /usr/lib/jvm/java-11-openjdk-amd64/lib/server/classes.jsa
ffe34000-fff00000 rw-p 00000000 00:00 0 
fff00000-fff6a000 rw-p 010ac000 08:02 23990720                           /usr/lib/jvm/java-11-openjdk-amd64/lib/server/classes.jsa
fff6a000-100000000 rw-p 00000000 00:00 0 
800000000-800002000 rwxp 00001000 08:02 23990720                         /usr/lib/jvm/java-11-openjdk-amd64/lib/server/classes.jsa
800002000-8003bd000 rw-p 00003000 08:02 23990720                         /usr/lib/jvm/java-11-openjdk-amd64/lib/server/classes.jsa
8003bd000-800a98000 r--p 003be000 08:02 23990720                         /usr/lib/jvm/java-11-openjdk-amd64/lib/server/classes.jsa
800a98000-800a99000 rw-p 00a99000 08:02 23990720                         /usr/lib/jvm/java-11-openjdk-amd64/lib/server/classes.jsa
800a99000-8010ab000 r--p 00a9a000 08:02 23990720                         /usr/lib/jvm/java-11-openjdk-amd64/lib/server/classes.jsa
840000000-8400c0000 rw-p 00000000 00:00 0 
8400c0000-880000000 ---p 00000000 00:00 0 
555b01e06000-555b01e07000 r--p 00000000 08:02 23597129                   /usr/lib/jvm/java-11-openjdk-amd64/bin/java
555b01e07000-555b01e08000 r-xp 00001000 08:02 23597129                   /usr/lib/jvm/java-11-openjdk-amd64/bin/java
555b01e08000-555b01e09000 r--p 00002000 08:02 23597129                   /usr/lib/jvm/java-11-openjdk-amd64/bin/java
555b01e09000-555b01e0a000 r--p 00002000 08:02 23597129                   /usr/lib/jvm/java-11-openjdk-amd64/bin/java
555b01e0a000-555b01e0b000 rw-p 00003000 08:02 23597129                   /usr/lib/jvm/java-11-openjdk-amd64/bin/java
555b0323c000-555b0325d000 rw-p 00000000 00:00 0                          [heap]
7f2a9c000000-7f2a9c021000 rw-p 00000000 00:00 0 
7f2a9c021000-7f2aa0000000 ---p 00000000 00:00 0 
7f2aa4000000-7f2aa4021000 rw-p 00000000 00:00 0 
7f2aa4021000-7f2aa8000000 ---p 00000000 00:00 0 
7f2aa8000000-7f2aa8021000 rw-p 00000000 00:00 0 
7f2aa8021000-7f2aac000000 ---p 00000000 00:00 0 
7f2aac000000-7f2aac280000 rw-p 00000000 00:00 0 
7f2aac280000-7f2ab0000000 ---p 00000000 00:00 0 
7f2ab0000000-7f2ab0047000 rw-p 00000000 00:00 0 
7f2ab0047000-7f2ab4000000 ---p 00000000 00:00 0 
7f2ab4000000-7f2ab4021000 rw-p 00000000 00:00 0 
7f2ab4021000-7f2ab8000000 ---p 00000000 00:00 0 
7f2ab8000000-7f2ab8021000 rw-p 00000000 00:00 0 
7f2ab8021000-7f2abc000000 ---p 00000000 00:00 0 
7f2abc000000-7f2abc021000 rw-p 00000000 00:00 0 
7f2abc021000-7f2ac0000000 ---p 00000000 00:00 0 
7f2ac0000000-7f2ac0021000 rw-p 00000000 00:00 0 
7f2ac0021000-7f2ac4000000 ---p 00000000 00:00 0 
7f2ac4000000-7f2ac4021000 rw-p 00000000 00:00 0 
7f2ac4021000-7f2ac8000000 ---p 00000000 00:00 0 
7f2ac8000000-7f2ac8021000 rw-p 00000000 00:00 0 
7f2ac8021000-7f2acc000000 ---p 00000000 00:00 0 
7f2acdb43000-7f2acdb47000 ---p 00000000 00:00 0 
7f2acdb47000-7f2acdc44000 rw-p 00000000 00:00 0 
7f2acdc44000-7f2acdc48000 ---p 00000000 00:00 0 
7f2acdc48000-7f2acdd45000 rw-p 00000000 00:00 0 
7f2acdd45000-7f2acdd49000 ---p 00000000 00:00 0 
7f2acdd49000-7f2acde46000 rw-p 00000000 00:00 0 
7f2acde46000-7f2acde4a000 ---p 00000000 00:00 0 
7f2acde4a000-7f2acdf47000 rw-p 00000000 00:00 0 
7f2acdf47000-7f2acdf4b000 ---p 00000000 00:00 0 
7f2acdf4b000-7f2ace048000 rw-p 00000000 00:00 0 
7f2ace048000-7f2ace04c000 ---p 00000000 00:00 0 
7f2ace04c000-7f2ace149000 rw-p 00000000 00:00 0 
7f2ace149000-7f2ace14d000 ---p 00000000 00:00 0 
7f2ace14d000-7f2ace24a000 rw-p 00000000 00:00 0 
7f2ace2ab000-7f2ace2b0000 r-xp 00000000 08:02 23600531                   /usr/lib/x86_64-linux-gnu/libXfixes.so.3.1.0
7f2ace2b0000-7f2ace4af000 ---p 00005000 08:02 23600531                   /usr/lib/x86_64-linux-gnu/libXfixes.so.3.1.0
7f2ace4af000-7f2ace4b0000 r--p 00004000 08:02 23600531                   /usr/lib/x86_64-linux-gnu/libXfixes.so.3.1.0
7f2ace4b0000-7f2ace4b1000 rw-p 00005000 08:02 23600531                   /usr/lib/x86_64-linux-gnu/libXfixes.so.3.1.0
7f2ace4b1000-7f2ace4b3000 r--p 00000000 08:02 23600523                   /usr/lib/x86_64-linux-gnu/libXcursor.so.1.0.2
7f2ace4b3000-7f2ace4b8000 r-xp 00002000 08:02 23600523                   /usr/lib/x86_64-linux-gnu/libXcursor.so.1.0.2
7f2ace4b8000-7f2ace4ba000 r--p 00007000 08:02 23600523                   /usr/lib/x86_64-linux-gnu/libXcursor.so.1.0.2
7f2ace4ba000-7f2ace4bb000 r--p 00008000 08:02 23600523                   /usr/lib/x86_64-linux-gnu/libXcursor.so.1.0.2
7f2ace4bb000-7f2ace4bc000 rw-p 00009000 08:02 23600523                   /usr/lib/x86_64-linux-gnu/libXcursor.so.1.0.2
7f2ace4ce000-7f2ace4cf000 ---p 00000000 00:00 0 
7f2ace4cf000-7f2aceccf000 rw-p 00000000 00:00 0 
7f2aceccf000-7f2acecd0000 ---p 00000000 00:00 0 
7f2acecd0000-7f2acf4d0000 rw-p 00000000 00:00 0 
7f2acf4d0000-7f2acf4d1000 ---p 00000000 00:00 0 
7f2acf4d1000-7f2acfcd1000 rw-p 00000000 00:00 0 
7f2acfcd1000-7f2acfcf7000 r--p 00000000 08:02 25043479                   /usr/share/glib-2.0/schemas/gschemas.compiled
7f2acfcf7000-7f2acfd01000 r--p 00000000 08:02 23600663                   /usr/lib/x86_64-linux-gnu/libblkid.so.1.1.0
7f2acfd01000-7f2acfd35000 r-xp 0000a000 08:02 23600663                   /usr/lib/x86_64-linux-gnu/libblkid.so.1.1.0
7f2acfd35000-7f2acfd45000 r--p 0003e000 08:02 23600663                   /usr/lib/x86_64-linux-gnu/libblkid.so.1.1.0
7f2acfd45000-7f2acfd46000 ---p 0004e000 08:02 23600663                   /usr/lib/x86_64-linux-gnu/libblkid.so.1.1.0
7f2acfd46000-7f2acfd4b000 r--p 0004e000 08:02 23600663                   /usr/lib/x86_64-linux-gnu/libblkid.so.1.1.0
7f2acfd4b000-7f2acfd4c000 rw-p 00053000 08:02 23600663                   /usr/lib/x86_64-linux-gnu/libblkid.so.1.1.0
7f2acfd4c000-7f2acfd4e000 r--p 00000000 08:02 23601506                   /usr/lib/x86_64-linux-gnu/libpcre.so.3.13.3
7f2acfd4e000-7f2acfda0000 r-xp 00002000 08:02 23601506                   /usr/lib/x86_64-linux-gnu/libpcre.so.3.13.3
7f2acfda0000-7f2acfdbe000 r--p 00054000 08:02 23601506                   /usr/lib/x86_64-linux-gnu/libpcre.so.3.13.3
7f2acfdbe000-7f2acfdbf000 r--p 00071000 08:02 23601506                   /usr/lib/x86_64-linux-gnu/libpcre.so.3.13.3
7f2acfdbf000-7f2acfdc0000 rw-p 00072000 08:02 23601506                   /usr/lib/x86_64-linux-gnu/libpcre.so.3.13.3
7f2acfdc0000-7f2acfdc4000 r--p 00000000 08:02 23601610                   /usr/lib/x86_64-linux-gnu/libresolv-2.29.so
7f2acfdc4000-7f2acfdd3000 r-xp 00004000 08:02 23601610                   /usr/lib/x86_64-linux-gnu/libresolv-2.29.so
7f2acfdd3000-7f2acfdd6000 r--p 00013000 08:02 23601610                   /usr/lib/x86_64-linux-gnu/libresolv-2.29.so
7f2acfdd6000-7f2acfdd7000 ---p 00016000 08:02 23601610                   /usr/lib/x86_64-linux-gnu/libresolv-2.29.so
7f2acfdd7000-7f2acfdd8000 r--p 00016000 08:02 23601610                   /usr/lib/x86_64-linux-gnu/libresolv-2.29.so
7f2acfdd8000-7f2acfdd9000 rw-p 00017000 08:02 23601610                   /usr/lib/x86_64-linux-gnu/libresolv-2.29.so
7f2acfdd9000-7f2acfddb000 rw-p 00000000 00:00 0 
7f2acfddb000-7f2acfde6000 r--p 00000000 08:02 23601326                   /usr/lib/x86_64-linux-gnu/libmount.so.1.1.0
7f2acfde6000-7f2acfe21000 r-xp 0000b000 08:02 23601326                   /usr/lib/x86_64-linux-gnu/libmount.so.1.1.0
7f2acfe21000-7f2acfe33000 r--p 00046000 08:02 23601326                   /usr/lib/x86_64-linux-gnu/libmount.so.1.1.0
7f2acfe33000-7f2acfe36000 r--p 00057000 08:02 23601326                   /usr/lib/x86_64-linux-gnu/libmount.so.1.1.0
7f2acfe36000-7f2acfe37000 rw-p 0005a000 08:02 23601326                   /usr/lib/x86_64-linux-gnu/libmount.so.1.1.0
7f2acfe37000-7f2acfe6e000 r--p 00000000 08:02 23593360                   /usr/lib/x86_64-linux-gnu/libgio-2.0.so.0.6000.0
7f2acfe6e000-7f2acff6f000 r-xp 00037000 08:02 23593360                   /usr/lib/x86_64-linux-gnu/libgio-2.0.so.0.6000.0
7f2acff6f000-7f2acfff5000 r--p 00138000 08:02 23593360                   /usr/lib/x86_64-linux-gnu/libgio-2.0.so.0.6000.0
7f2acfff5000-7f2acfffd000 r--p 001bd000 08:02 23593360                   /usr/lib/x86_64-linux-gnu/libgio-2.0.so.0.6000.0
7f2acfffd000-7f2acfffe000 rw-p 001c5000 08:02 23593360                   /usr/lib/x86_64-linux-gnu/libgio-2.0.so.0.6000.0
7f2acfffe000-7f2ad0000000 rw-p 00000000 00:00 0 
7f2ad0000000-7f2ad0021000 rw-p 00000000 00:00 0 
7f2ad0021000-7f2ad4000000 ---p 00000000 00:00 0 
7f2ad4000000-7f2ad4021000 rw-p 00000000 00:00 0 
7f2ad4021000-7f2ad8000000 ---p 00000000 00:00 0 
7f2ad8000000-7f2ad8374000 rw-p 00000000 00:00 0 
7f2ad8374000-7f2adc000000 ---p 00000000 00:00 0 
7f2adc000000-7f2adc021000 rw-p 00000000 00:00 0 
7f2adc021000-7f2ae0000000 ---p 00000000 00:00 0 
7f2ae0000000-7f2ae0021000 rw-p 00000000 00:00 0 
7f2ae0021000-7f2ae4000000 ---p 00000000 00:00 0 
7f2ae4000000-7f2ae465e000 rw-p 00000000 00:00 0 
7f2ae465e000-7f2ae8000000 ---p 00000000 00:00 0 
7f2ae8000000-7f2ae8021000 rw-p 00000000 00:00 0 
7f2ae8021000-7f2aec000000 ---p 00000000 00:00 0 
7f2aec000000-7f2aec021000 rw-p 00000000 00:00 0 
7f2aec021000-7f2af0000000 ---p 00000000 00:00 0 
7f2af0000000-7f2af0021000 rw-p 00000000 00:00 0 
7f2af0021000-7f2af4000000 ---p 00000000 00:00 0 
7f2af4000000-7f2af4021000 rw-p 00000000 00:00 0 
7f2af4021000-7f2af8000000 ---p 00000000 00:00 0 
7f2af8000000-7f2af8021000 rw-p 00000000 00:00 0 
7f2af8021000-7f2afc000000 ---p 00000000 00:00 0 
7f2afc000000-7f2afc021000 rw-p 00000000 00:00 0 
7f2afc021000-7f2b00000000 ---p 00000000 00:00 0 
7f2b0000a000-7f2b00010000 r--p 00000000 08:02 23601661                   /usr/lib/x86_64-linux-gnu/libselinux.so.1
7f2b00010000-7f2b00028000 r-xp 00006000 08:02 23601661                   /usr/lib/x86_64-linux-gnu/libselinux.so.1
7f2b00028000-7f2b0002f000 r--p 0001e000 08:02 23601661                   /usr/lib/x86_64-linux-gnu/libselinux.so.1
7f2b0002f000-7f2b00030000 ---p 00025000 08:02 23601661                   /usr/lib/x86_64-linux-gnu/libselinux.so.1
7f2b00030000-7f2b00031000 r--p 00025000 08:02 23601661                   /usr/lib/x86_64-linux-gnu/libselinux.so.1
7f2b00031000-7f2b00032000 rw-p 00026000 08:02 23601661                   /usr/lib/x86_64-linux-gnu/libselinux.so.1
7f2b00032000-7f2b00034000 rw-p 00000000 00:00 0 
7f2b00034000-7f2b00042000 r--p 00000000 08:02 23593408                   /usr/lib/x86_64-linux-gnu/libgobject-2.0.so.0.6000.0
7f2b00042000-7f2b00074000 r-xp 0000e000 08:02 23593408                   /usr/lib/x86_64-linux-gnu/libgobject-2.0.so.0.6000.0
7f2b00074000-7f2b0008c000 r--p 00040000 08:02 23593408                   /usr/lib/x86_64-linux-gnu/libgobject-2.0.so.0.6000.0
7f2b0008c000-7f2b0008f000 r--p 00057000 08:02 23593408                   /usr/lib/x86_64-linux-gnu/libgobject-2.0.so.0.6000.0
7f2b0008f000-7f2b00090000 rw-p 0005a000 08:02 23593408                   /usr/lib/x86_64-linux-gnu/libgobject-2.0.so.0.6000.0
7f2b00090000-7f2b000ab000 r--p 00000000 08:02 23593383                   /usr/lib/x86_64-linux-gnu/libglib-2.0.so.0.6000.0
7f2b000ab000-7f2b0012b000 r-xp 0001b000 08:02 23593383                   /usr/lib/x86_64-linux-gnu/libglib-2.0.so.0.6000.0
7f2b0012b000-7f2b001ad000 r--p 0009b000 08:02 23593383                   /usr/lib/x86_64-linux-gnu/libglib-2.0.so.0.6000.0
7f2b001ad000-7f2b001ae000 ---p 0011d000 08:02 23593383                   /usr/lib/x86_64-linux-gnu/libglib-2.0.so.0.6000.0
7f2b001ae000-7f2b001af000 r--p 0011d000 08:02 23593383                   /usr/lib/x86_64-linux-gnu/libglib-2.0.so.0.6000.0
7f2b001af000-7f2b001b0000 rw-p 0011e000 08:02 23593383                   /usr/lib/x86_64-linux-gnu/libglib-2.0.so.0.6000.0
7f2b001b0000-7f2b001b1000 rw-p 00000000 00:00 0 
7f2b001b1000-7f2b001bb000 r-xp 00000000 08:02 23600547                   /usr/lib/x86_64-linux-gnu/libXrandr.so.2.2.0
7f2b001bb000-7f2b003ba000 ---p 0000a000 08:02 23600547                   /usr/lib/x86_64-linux-gnu/libXrandr.so.2.2.0
7f2b003ba000-7f2b003bb000 r--p 00009000 08:02 23600547                   /usr/lib/x86_64-linux-gnu/libXrandr.so.2.2.0
7f2b003bb000-7f2b003bc000 rw-p 0000a000 08:02 23600547                   /usr/lib/x86_64-linux-gnu/libXrandr.so.2.2.0
7f2b003bc000-7f2b003c1000 r--p 00000000 08:02 23601542                   /usr/lib/x86_64-linux-gnu/libpng16.so.16.36.0
7f2b003c1000-7f2b003e5000 r-xp 00005000 08:02 23601542                   /usr/lib/x86_64-linux-gnu/libpng16.so.16.36.0
7f2b003e5000-7f2b003f1000 r--p 00029000 08:02 23601542                   /usr/lib/x86_64-linux-gnu/libpng16.so.16.36.0
7f2b003f1000-7f2b003f2000 r--p 00034000 08:02 23601542                   /usr/lib/x86_64-linux-gnu/libpng16.so.16.36.0
7f2b003f2000-7f2b003f3000 rw-p 00035000 08:02 23601542                   /usr/lib/x86_64-linux-gnu/libpng16.so.16.36.0
7f2b003f3000-7f2b003ff000 r--p 00000000 08:02 23600949                   /usr/lib/x86_64-linux-gnu/libfreetype.so.6.16.1
7f2b003ff000-7f2b0047c000 r-xp 0000c000 08:02 23600949                   /usr/lib/x86_64-linux-gnu/libfreetype.so.6.16.1
7f2b0047c000-7f2b004a5000 r--p 00089000 08:02 23600949                   /usr/lib/x86_64-linux-gnu/libfreetype.so.6.16.1
7f2b004a5000-7f2b004a6000 ---p 000b2000 08:02 23600949                   /usr/lib/x86_64-linux-gnu/libfreetype.so.6.16.1
7f2b004a6000-7f2b004ad000 r--p 000b2000 08:02 23600949                   /usr/lib/x86_64-linux-gnu/libfreetype.so.6.16.1
7f2b004ad000-7f2b004ae000 rw-p 000b9000 08:02 23600949                   /usr/lib/x86_64-linux-gnu/libfreetype.so.6.16.1
7f2b004ae000-7f2b004b2000 r--p 00000000 08:02 23990635                   /usr/lib/jvm/java-11-openjdk-amd64/lib/libfontmanager.so
7f2b004b2000-7f2b005a4000 r-xp 00004000 08:02 23990635                   /usr/lib/jvm/java-11-openjdk-amd64/lib/libfontmanager.so
7f2b005a4000-7f2b005e4000 r--p 000f6000 08:02 23990635                   /usr/lib/jvm/java-11-openjdk-amd64/lib/libfontmanager.so
7f2b005e4000-7f2b005e5000 r--p 00135000 08:02 23990635                   /usr/lib/jvm/java-11-openjdk-amd64/lib/libfontmanager.so
7f2b005e5000-7f2b005e6000 rw-p 00136000 08:02 23990635                   /usr/lib/jvm/java-11-openjdk-amd64/lib/libfontmanager.so
7f2b005e6000-7f2b005e9000 rw-p 00000000 00:00 0 
7f2b005e9000-7f2b005ee000 r-xp 00000000 08:02 23600527                   /usr/lib/x86_64-linux-gnu/libXdmcp.so.6.0.0
7f2b005ee000-7f2b007ed000 ---p 00005000 08:02 23600527                   /usr/lib/x86_64-linux-gnu/libXdmcp.so.6.0.0
7f2b007ed000-7f2b007ee000 r--p 00004000 08:02 23600527                   /usr/lib/x86_64-linux-gnu/libXdmcp.so.6.0.0
7f2b007ee000-7f2b007ef000 rw-p 00005000 08:02 23600527                   /usr/lib/x86_64-linux-gnu/libXdmcp.so.6.0.0
7f2b007ef000-7f2b007f1000 r-xp 00000000 08:02 23600516                   /usr/lib/x86_64-linux-gnu/libXau.so.6.0.0
7f2b007f1000-7f2b009f1000 ---p 00002000 08:02 23600516                   /usr/lib/x86_64-linux-gnu/libXau.so.6.0.0
7f2b009f1000-7f2b009f2000 r--p 00002000 08:02 23600516                   /usr/lib/x86_64-linux-gnu/libXau.so.6.0.0
7f2b009f2000-7f2b009f3000 rw-p 00003000 08:02 23600516                   /usr/lib/x86_64-linux-gnu/libXau.so.6.0.0
7f2b009f3000-7f2b00a02000 r-xp 00000000 08:02 23600537                   /usr/lib/x86_64-linux-gnu/libXi.so.6.1.0
7f2b00a02000-7f2b00c01000 ---p 0000f000 08:02 23600537                   /usr/lib/x86_64-linux-gnu/libXi.so.6.1.0
7f2b00c01000-7f2b00c02000 r--p 0000e000 08:02 23600537                   /usr/lib/x86_64-linux-gnu/libXi.so.6.1.0
7f2b00c02000-7f2b00c03000 rw-p 0000f000 08:02 23600537                   /usr/lib/x86_64-linux-gnu/libXi.so.6.1.0
7f2b00c03000-7f2b00c08000 r-xp 00000000 08:02 23600555                   /usr/lib/x86_64-linux-gnu/libXtst.so.6.1.0
7f2b00c08000-7f2b00e07000 ---p 00005000 08:02 23600555                   /usr/lib/x86_64-linux-gnu/libXtst.so.6.1.0
7f2b00e07000-7f2b00e08000 r--p 00004000 08:02 23600555                   /usr/lib/x86_64-linux-gnu/libXtst.so.6.1.0
7f2b00e08000-7f2b00e09000 rw-p 00005000 08:02 23600555                   /usr/lib/x86_64-linux-gnu/libXtst.so.6.1.0
7f2b00e09000-7f2b00e12000 r-xp 00000000 08:02 23600549                   /usr/lib/x86_64-linux-gnu/libXrender.so.1.3.0
7f2b00e12000-7f2b01011000 ---p 00009000 08:02 23600549                   /usr/lib/x86_64-linux-gnu/libXrender.so.1.3.0
7f2b01011000-7f2b01012000 r--p 00008000 08:02 23600549                   /usr/lib/x86_64-linux-gnu/libXrender.so.1.3.0
7f2b01012000-7f2b01013000 rw-p 00009000 08:02 23600549                   /usr/lib/x86_64-linux-gnu/libXrender.so.1.3.0
7f2b01013000-7f2b01024000 r-xp 00000000 08:02 23600529                   /usr/lib/x86_64-linux-gnu/libXext.so.6.4.0
7f2b01024000-7f2b01223000 ---p 00011000 08:02 23600529                   /usr/lib/x86_64-linux-gnu/libXext.so.6.4.0
7f2b01223000-7f2b01224000 r--p 00010000 08:02 23600529                   /usr/lib/x86_64-linux-gnu/libXext.so.6.4.0
7f2b01224000-7f2b01225000 rw-p 00011000 08:02 23600529                   /usr/lib/x86_64-linux-gnu/libXext.so.6.4.0
7f2b01225000-7f2b02000000 r--p 00000000 08:02 23600058                   /usr/lib/locale/locale-archive
7f2b02000000-7f2b04000000 rw-p 00000000 00:00 0 
7f2b04000000-7f2b04021000 rw-p 00000000 00:00 0 
7f2b04021000-7f2b08000000 ---p 00000000 00:00 0 
7f2b08001000-7f2b08002000 r--p 00000000 08:02 27001589                   /home/kramer/Downloads/RobotArena-master/RobotAreana/AIBasic/build/libs/mynativelibrary/shared/libmynativelibrary.so
7f2b08002000-7f2b08003000 r-xp 00001000 08:02 27001589                   /home/kramer/Downloads/RobotArena-master/RobotAreana/AIBasic/build/libs/mynativelibrary/shared/libmynativelibrary.so
7f2b08003000-7f2b08004000 r--p 00002000 08:02 27001589                   /home/kramer/Downloads/RobotArena-master/RobotAreana/AIBasic/build/libs/mynativelibrary/shared/libmynativelibrary.so
7f2b08004000-7f2b08005000 r--p 00002000 08:02 27001589                   /home/kramer/Downloads/RobotArena-master/RobotAreana/AIBasic/build/libs/mynativelibrary/shared/libmynativelibrary.so
7f2b08005000-7f2b08006000 rw-p 00003000 08:02 27001589                   /home/kramer/Downloads/RobotArena-master/RobotAreana/AIBasic/build/libs/mynativelibrary/shared/libmynativelibrary.so
7f2b08006000-7f2b08008000 r--p 00000000 08:02 23600923                   /usr/lib/x86_64-linux-gnu/libffi.so.6.0.4
7f2b08008000-7f2b0800d000 r-xp 00002000 08:02 23600923                   /usr/lib/x86_64-linux-gnu/libffi.so.6.0.4
7f2b0800d000-7f2b0800e000 r--p 00007000 08:02 23600923                   /usr/lib/x86_64-linux-gnu/libffi.so.6.0.4
7f2b0800e000-7f2b0800f000 r--p 00007000 08:02 23600923                   /usr/lib/x86_64-linux-gnu/libffi.so.6.0.4
7f2b0800f000-7f2b08010000 rw-p 00008000 08:02 23600923                   /usr/lib/x86_64-linux-gnu/libffi.so.6.0.4
7f2b08010000-7f2b08028000 r--p 00000000 08:02 23600512                   /usr/lib/x86_64-linux-gnu/libX11.so.6.3.0
7f2b08028000-7f2b080b0000 r-xp 00018000 08:02 23600512                   /usr/lib/x86_64-linux-gnu/libX11.so.6.3.0
7f2b080b0000-7f2b08144000 r--p 000a0000 08:02 23600512                   /usr/lib/x86_64-linux-gnu/libX11.so.6.3.0
7f2b08144000-7f2b08145000 ---p 00134000 08:02 23600512                   /usr/lib/x86_64-linux-gnu/libX11.so.6.3.0
7f2b08145000-7f2b08146000 r--p 00134000 08:02 23600512                   /usr/lib/x86_64-linux-gnu/libX11.so.6.3.0
7f2b08146000-7f2b0814a000 rw-p 00135000 08:02 23600512                   /usr/lib/x86_64-linux-gnu/libX11.so.6.3.0
7f2b0814a000-7f2b0815a000 r--p 00000000 08:02 23990632                   /usr/lib/jvm/java-11-openjdk-amd64/lib/libawt_xawt.so
7f2b0815a000-7f2b08197000 r-xp 00010000 08:02 23990632                   /usr/lib/jvm/java-11-openjdk-amd64/lib/libawt_xawt.so
7f2b08197000-7f2b081a9000 r--p 0004d000 08:02 23990632                   /usr/lib/jvm/java-11-openjdk-amd64/lib/libawt_xawt.so
7f2b081a9000-7f2b081aa000 r--p 0005e000 08:02 23990632                   /usr/lib/jvm/java-11-openjdk-amd64/lib/libawt_xawt.so
7f2b081aa000-7f2b081ad000 rw-p 0005f000 08:02 23990632                   /usr/lib/jvm/java-11-openjdk-amd64/lib/libawt_xawt.so
7f2b081ad000-7f2b081af000 rw-p 00000000 00:00 0 
7f2b081af000-7f2b081db000 r--p 00000000 08:02 23990630                   /usr/lib/jvm/java-11-openjdk-amd64/lib/libawt.so
7f2b081db000-7f2b08242000 r-xp 0002c000 08:02 23990630                   /usr/lib/jvm/java-11-openjdk-amd64/lib/libawt.so
7f2b08242000-7f2b0824f000 r--p 00093000 08:02 23990630                   /usr/lib/jvm/java-11-openjdk-amd64/lib/libawt.so
7f2b0824f000-7f2b08250000 r--p 0009f000 08:02 23990630                   /usr/lib/jvm/java-11-openjdk-amd64/lib/libawt.so
7f2b08250000-7f2b0825b000 rw-p 000a0000 08:02 23990630                   /usr/lib/jvm/java-11-openjdk-amd64/lib/libawt.so
7f2b0825b000-7f2b08470000 rw-p 00000000 00:00 0 
7f2b08470000-7f2b0a138000 ---p 00000000 00:00 0 
7f2b0a138000-7f2b0a330000 rw-p 00000000 00:00 0 
7f2b0a330000-7f2b0bff8000 ---p 00000000 00:00 0 
7f2b0bff8000-7f2b0c000000 rw-p 00000000 00:00 0 
7f2b0c000000-7f2b0c021000 rw-p 00000000 00:00 0 
7f2b0c021000-7f2b10000000 ---p 00000000 00:00 0 
7f2b10000000-7f2b10002000 r--p 00000000 08:02 23601822                   /usr/lib/x86_64-linux-gnu/libuuid.so.1.3.0
7f2b10002000-7f2b10006000 r-xp 00002000 08:02 23601822                   /usr/lib/x86_64-linux-gnu/libuuid.so.1.3.0
7f2b10006000-7f2b10007000 r--p 00006000 08:02 23601822                   /usr/lib/x86_64-linux-gnu/libuuid.so.1.3.0
7f2b10007000-7f2b10008000 r--p 00006000 08:02 23601822                   /usr/lib/x86_64-linux-gnu/libuuid.so.1.3.0
7f2b10008000-7f2b10009000 rw-p 00007000 08:02 23601822                   /usr/lib/x86_64-linux-gnu/libuuid.so.1.3.0
7f2b10009000-7f2b1000d000 r--p 00000000 08:02 23600683                   /usr/lib/x86_64-linux-gnu/libbsd.so.0.9.1
7f2b1000d000-7f2b1001c000 r-xp 00004000 08:02 23600683                   /usr/lib/x86_64-linux-gnu/libbsd.so.0.9.1
7f2b1001c000-7f2b1001f000 r--p 00013000 08:02 23600683                   /usr/lib/x86_64-linux-gnu/libbsd.so.0.9.1
7f2b1001f000-7f2b10020000 ---p 00016000 08:02 23600683                   /usr/lib/x86_64-linux-gnu/libbsd.so.0.9.1
7f2b10020000-7f2b10021000 r--p 00016000 08:02 23600683                   /usr/lib/x86_64-linux-gnu/libbsd.so.0.9.1
7f2b10021000-7f2b10022000 rw-p 00017000 08:02 23600683                   /usr/lib/x86_64-linux-gnu/libbsd.so.0.9.1
7f2b10022000-7f2b10023000 rw-p 00000000 00:00 0 
7f2b10023000-7f2b1002e000 r--p 00000000 08:02 23601932                   /usr/lib/x86_64-linux-gnu/libxcb.so.1.1.0
7f2b1002e000-7f2b10041000 r-xp 0000b000 08:02 23601932                   /usr/lib/x86_64-linux-gnu/libxcb.so.1.1.0
7f2b10041000-7f2b1004a000 r--p 0001e000 08:02 23601932                   /usr/lib/x86_64-linux-gnu/libxcb.so.1.1.0
7f2b1004a000-7f2b1004b000 r--p 00026000 08:02 23601932                   /usr/lib/x86_64-linux-gnu/libxcb.so.1.1.0
7f2b1004b000-7f2b1004c000 rw-p 00027000 08:02 23601932                   /usr/lib/x86_64-linux-gnu/libxcb.so.1.1.0
7f2b1004c000-7f2b10050000 ---p 00000000 00:00 0 
7f2b10050000-7f2b1014d000 rw-p 00000000 00:00 0 
7f2b1014d000-7f2b1014e000 ---p 00000000 00:00 0 
7f2b1014e000-7f2b1024f000 rw-p 00000000 00:00 0 
7f2b1024f000-7f2b10253000 ---p 00000000 00:00 0 
7f2b10253000-7f2b10350000 rw-p 00000000 00:00 0 
7f2b10350000-7f2b10354000 ---p 00000000 00:00 0 
7f2b10354000-7f2b10451000 rw-p 00000000 00:00 0 
7f2b10451000-7f2b10455000 ---p 00000000 00:00 0 
7f2b10455000-7f2b10552000 rw-p 00000000 00:00 0 
7f2b10552000-7f2b10556000 ---p 00000000 00:00 0 
7f2b10556000-7f2b10653000 rw-p 00000000 00:00 0 
7f2b10653000-7f2b10657000 ---p 00000000 00:00 0 
7f2b10657000-7f2b10754000 rw-p 00000000 00:00 0 
7f2b10754000-7f2b10758000 ---p 00000000 00:00 0 
7f2b10758000-7f2b10855000 rw-p 00000000 00:00 0 
7f2b10855000-7f2b10859000 ---p 00000000 00:00 0 
7f2b10859000-7f2b10956000 rw-p 00000000 00:00 0 
7f2b10956000-7f2b10bc6000 rwxp 00000000 00:00 0 
7f2b10bc6000-7f2b10ee6000 ---p 00000000 00:00 0 
7f2b10ee6000-7f2b11156000 rwxp 00000000 00:00 0 
7f2b11156000-7f2b1841e000 ---p 00000000 00:00 0 
7f2b1841e000-7f2b1868e000 rwxp 00000000 00:00 0 
7f2b1868e000-7f2b1f956000 ---p 00000000 00:00 0 
7f2b1f956000-7f2b28000000 r--s 00000000 08:02 23990663                   /usr/lib/jvm/java-11-openjdk-amd64/lib/modules
7f2b28000000-7f2b284c5000 rw-p 00000000 00:00 0 
7f2b284c5000-7f2b2c000000 ---p 00000000 00:00 0 
7f2b2c003000-7f2b2c006000 r--p 00000000 08:02 24906119                   /home/kramer/.config/dconf/user
7f2b2c006000-7f2b2c007000 r--s 00000000 00:35 35                         /run/user/1000/dconf/user
7f2b2c007000-7f2b2c008000 r--p 00000000 08:02 23593407                   /usr/lib/x86_64-linux-gnu/libgmodule-2.0.so.0.6000.0
7f2b2c008000-7f2b2c00a000 r-xp 00001000 08:02 23593407                   /usr/lib/x86_64-linux-gnu/libgmodule-2.0.so.0.6000.0
7f2b2c00a000-7f2b2c00b000 r--p 00003000 08:02 23593407                   /usr/lib/x86_64-linux-gnu/libgmodule-2.0.so.0.6000.0
7f2b2c00b000-7f2b2c00c000 r--p 00003000 08:02 23593407                   /usr/lib/x86_64-linux-gnu/libgmodule-2.0.so.0.6000.0
7f2b2c00c000-7f2b2c00d000 rw-p 00004000 08:02 23593407                   /usr/lib/x86_64-linux-gnu/libgmodule-2.0.so.0.6000.0
7f2b2c00d000-7f2b2c011000 r--p 00000000 08:02 24250591                   /usr/lib/x86_64-linux-gnu/gio/modules/libdconfsettings.so
7f2b2c011000-7f2b2c018000 r-xp 00004000 08:02 24250591                   /usr/lib/x86_64-linux-gnu/gio/modules/libdconfsettings.so
7f2b2c018000-7f2b2c01b000 r--p 0000b000 08:02 24250591                   /usr/lib/x86_64-linux-gnu/gio/modules/libdconfsettings.so
7f2b2c01b000-7f2b2c01c000 ---p 0000e000 08:02 24250591                   /usr/lib/x86_64-linux-gnu/gio/modules/libdconfsettings.so
7f2b2c01c000-7f2b2c01d000 r--p 0000e000 08:02 24250591                   /usr/lib/x86_64-linux-gnu/gio/modules/libdconfsettings.so
7f2b2c01d000-7f2b2c01e000 rw-p 0000f000 08:02 24250591                   /usr/lib/x86_64-linux-gnu/gio/modules/libdconfsettings.so
7f2b2c01e000-7f2b2c01f000 r--p 00000000 08:02 25823354                   /usr/share/locale-langpack/en_AU/LC_MESSAGES/glib20.mo
7f2b2c01f000-7f2b2c050000 rw-p 00000000 00:00 0 
7f2b2c050000-7f2b2c054000 r--p 00000000 08:02 23990653                   /usr/lib/jvm/java-11-openjdk-amd64/lib/libnet.so
7f2b2c054000-7f2b2c063000 r-xp 00004000 08:02 23990653                   /usr/lib/jvm/java-11-openjdk-amd64/lib/libnet.so
7f2b2c063000-7f2b2c067000 r--p 00013000 08:02 23990653                   /usr/lib/jvm/java-11-openjdk-amd64/lib/libnet.so
7f2b2c067000-7f2b2c068000 r--p 00016000 08:02 23990653                   /usr/lib/jvm/java-11-openjdk-amd64/lib/libnet.so
7f2b2c068000-7f2b2c069000 rw-p 00017000 08:02 23990653                   /usr/lib/jvm/java-11-openjdk-amd64/lib/libnet.so
7f2b2c069000-7f2b2c070000 r--p 00000000 08:02 23990654                   /usr/lib/jvm/java-11-openjdk-amd64/lib/libnio.so
7f2b2c070000-7f2b2c077000 r-xp 00007000 08:02 23990654                   /usr/lib/jvm/java-11-openjdk-amd64/lib/libnio.so
7f2b2c077000-7f2b2c07a000 r--p 0000e000 08:02 23990654                   /usr/lib/jvm/java-11-openjdk-amd64/lib/libnio.so
7f2b2c07a000-7f2b2c07b000 r--p 00010000 08:02 23990654                   /usr/lib/jvm/java-11-openjdk-amd64/lib/libnio.so
7f2b2c07b000-7f2b2c07c000 rw-p 00011000 08:02 23990654                   /usr/lib/jvm/java-11-openjdk-amd64/lib/libnio.so
7f2b2c07c000-7f2b2c07d000 ---p 00000000 00:00 0 
7f2b2c07d000-7f2b2c742000 rw-p 00000000 00:00 0 
7f2b2c742000-7f2b2ca82000 ---p 00000000 00:00 0 
7f2b2ca82000-7f2b2cac4000 rw-p 00000000 00:00 0 
7f2b2cac4000-7f2b2cac5000 ---p 00000000 00:00 0 
7f2b2cac5000-7f2b2cbc6000 rw-p 00000000 00:00 0 
7f2b2cbc6000-7f2b2cbc7000 ---p 00000000 00:00 0 
7f2b2cbc7000-7f2b2d0cc000 rw-p 00000000 00:00 0 
7f2b2d0cc000-7f2b2d0cd000 ---p 00000000 00:00 0 
7f2b2d0cd000-7f2b2d1ce000 rw-p 00000000 00:00 0 
7f2b2d1ce000-7f2b2d1cf000 ---p 00000000 00:00 0 
7f2b2d1cf000-7f2b2d350000 rw-p 00000000 00:00 0 
7f2b2d350000-7f2b2d6e9000 ---p 00000000 00:00 0 
7f2b2d6e9000-7f2b2d728000 rw-p 00000000 00:00 0 
7f2b2d728000-7f2b2dac1000 ---p 00000000 00:00 0 
7f2b2dac1000-7f2b2db00000 rw-p 00000000 00:00 0 
7f2b2db00000-7f2b2de99000 ---p 00000000 00:00 0 
7f2b2de99000-7f2b2e29e000 rw-p 00000000 00:00 0 
7f2b2e29e000-7f2b2e29f000 ---p 00000000 00:00 0 
7f2b2e29f000-7f2b2e3a5000 rw-p 00000000 00:00 0 
7f2b2e3a5000-7f2b2e48b000 ---p 00000000 00:00 0 
7f2b2e48b000-7f2b2e490000 rw-p 00000000 00:00 0 
7f2b2e490000-7f2b2e576000 ---p 00000000 00:00 0 
7f2b2e576000-7f2b2e57b000 rw-p 00000000 00:00 0 
7f2b2e57b000-7f2b2e582000 ---p 00000000 00:00 0 
7f2b2e582000-7f2b2e584000 r--s 00007000 08:02 24382982                   /usr/share/java/java-atk-wrapper.jar
7f2b2e584000-7f2b2e586000 r--p 00000000 08:02 23990645                   /usr/lib/jvm/java-11-openjdk-amd64/lib/libjimage.so
7f2b2e586000-7f2b2e589000 r-xp 00002000 08:02 23990645                   /usr/lib/jvm/java-11-openjdk-amd64/lib/libjimage.so
7f2b2e589000-7f2b2e58b000 r--p 00005000 08:02 23990645                   /usr/lib/jvm/java-11-openjdk-amd64/lib/libjimage.so
7f2b2e58b000-7f2b2e58c000 r--p 00006000 08:02 23990645                   /usr/lib/jvm/java-11-openjdk-amd64/lib/libjimage.so
7f2b2e58c000-7f2b2e58d000 rw-p 00007000 08:02 23990645                   /usr/lib/jvm/java-11-openjdk-amd64/lib/libjimage.so
7f2b2e58d000-7f2b2e590000 r--p 00000000 08:02 23601425                   /usr/lib/x86_64-linux-gnu/libnss_files-2.29.so
7f2b2e590000-7f2b2e597000 r-xp 00003000 08:02 23601425                   /usr/lib/x86_64-linux-gnu/libnss_files-2.29.so
7f2b2e597000-7f2b2e599000 r--p 0000a000 08:02 23601425                   /usr/lib/x86_64-linux-gnu/libnss_files-2.29.so
7f2b2e599000-7f2b2e59a000 r--p 0000b000 08:02 23601425                   /usr/lib/x86_64-linux-gnu/libnss_files-2.29.so
7f2b2e59a000-7f2b2e59b000 rw-p 0000c000 08:02 23601425                   /usr/lib/x86_64-linux-gnu/libnss_files-2.29.so
7f2b2e59b000-7f2b2e5a1000 rw-p 00000000 00:00 0 
7f2b2e5a1000-7f2b2e5a3000 r--p 00000000 08:02 23990662                   /usr/lib/jvm/java-11-openjdk-amd64/lib/libzip.so
7f2b2e5a3000-7f2b2e5a7000 r-xp 00002000 08:02 23990662                   /usr/lib/jvm/java-11-openjdk-amd64/lib/libzip.so
7f2b2e5a7000-7f2b2e5a9000 r--p 00006000 08:02 23990662                   /usr/lib/jvm/java-11-openjdk-amd64/lib/libzip.so
7f2b2e5a9000-7f2b2e5aa000 r--p 00007000 08:02 23990662                   /usr/lib/jvm/java-11-openjdk-amd64/lib/libzip.so
7f2b2e5aa000-7f2b2e5ab000 rw-p 00008000 08:02 23990662                   /usr/lib/jvm/java-11-openjdk-amd64/lib/libzip.so
7f2b2e5ab000-7f2b2e5b3000 rw-s 00000000 08:02 2753648                    /tmp/hsperfdata_kramer/9354
7f2b2e5b3000-7f2b2e5b4000 ---p 00000000 00:00 0 
7f2b2e5b4000-7f2b2e5b5000 r--p 00000000 00:00 0 
7f2b2e5b5000-7f2b2e5c2000 r--p 00000000 08:02 23990641                   /usr/lib/jvm/java-11-openjdk-amd64/lib/libjava.so
7f2b2e5c2000-7f2b2e5d7000 r-xp 0000d000 08:02 23990641                   /usr/lib/jvm/java-11-openjdk-amd64/lib/libjava.so
7f2b2e5d7000-7f2b2e5de000 r--p 00022000 08:02 23990641                   /usr/lib/jvm/java-11-openjdk-amd64/lib/libjava.so
7f2b2e5de000-7f2b2e5df000 r--p 00028000 08:02 23990641                   /usr/lib/jvm/java-11-openjdk-amd64/lib/libjava.so
7f2b2e5df000-7f2b2e5e1000 rw-p 00029000 08:02 23990641                   /usr/lib/jvm/java-11-openjdk-amd64/lib/libjava.so
7f2b2e5e1000-7f2b2e5e4000 r--p 00000000 08:02 23601631                   /usr/lib/x86_64-linux-gnu/librt-2.29.so
7f2b2e5e4000-7f2b2e5e8000 r-xp 00003000 08:02 23601631                   /usr/lib/x86_64-linux-gnu/librt-2.29.so
7f2b2e5e8000-7f2b2e5ea000 r--p 00007000 08:02 23601631                   /usr/lib/x86_64-linux-gnu/librt-2.29.so
7f2b2e5ea000-7f2b2e5eb000 r--p 00008000 08:02 23601631                   /usr/lib/x86_64-linux-gnu/librt-2.29.so
7f2b2e5eb000-7f2b2e5ec000 rw-p 00009000 08:02 23601631                   /usr/lib/x86_64-linux-gnu/librt-2.29.so
7f2b2e5ec000-7f2b2e5f0000 ---p 00000000 00:00 0 
7f2b2e5f0000-7f2b2e6ed000 rw-p 00000000 00:00 0 
7f2b2e6ed000-7f2b2e6f0000 r--p 00000000 08:02 23596996                   /usr/lib/x86_64-linux-gnu/libgcc_s.so.1
7f2b2e6f0000-7f2b2e701000 r-xp 00003000 08:02 23596996                   /usr/lib/x86_64-linux-gnu/libgcc_s.so.1
7f2b2e701000-7f2b2e705000 r--p 00014000 08:02 23596996                   /usr/lib/x86_64-linux-gnu/libgcc_s.so.1
7f2b2e705000-7f2b2e706000 r--p 00017000 08:02 23596996                   /usr/lib/x86_64-linux-gnu/libgcc_s.so.1
7f2b2e706000-7f2b2e707000 rw-p 00018000 08:02 23596996                   /usr/lib/x86_64-linux-gnu/libgcc_s.so.1
7f2b2e707000-7f2b2e716000 r--p 00000000 08:02 23601302                   /usr/lib/x86_64-linux-gnu/libm-2.29.so
7f2b2e716000-7f2b2e7bc000 r-xp 0000f000 08:02 23601302                   /usr/lib/x86_64-linux-gnu/libm-2.29.so
7f2b2e7bc000-7f2b2e853000 r--p 000b5000 08:02 23601302                   /usr/lib/x86_64-linux-gnu/libm-2.29.so
7f2b2e853000-7f2b2e854000 r--p 0014b000 08:02 23601302                   /usr/lib/x86_64-linux-gnu/libm-2.29.so
7f2b2e854000-7f2b2e855000 rw-p 0014c000 08:02 23601302                   /usr/lib/x86_64-linux-gnu/libm-2.29.so
7f2b2e855000-7f2b2e8ea000 r--p 00000000 08:02 23594558                   /usr/lib/x86_64-linux-gnu/libstdc++.so.6.0.26
7f2b2e8ea000-7f2b2e9dc000 r-xp 00095000 08:02 23594558                   /usr/lib/x86_64-linux-gnu/libstdc++.so.6.0.26
7f2b2e9dc000-7f2b2ea25000 r--p 00187000 08:02 23594558                   /usr/lib/x86_64-linux-gnu/libstdc++.so.6.0.26
7f2b2ea25000-7f2b2ea26000 ---p 001d0000 08:02 23594558                   /usr/lib/x86_64-linux-gnu/libstdc++.so.6.0.26
7f2b2ea26000-7f2b2ea31000 r--p 001d0000 08:02 23594558                   /usr/lib/x86_64-linux-gnu/libstdc++.so.6.0.26
7f2b2ea31000-7f2b2ea34000 rw-p 001db000 08:02 23594558                   /usr/lib/x86_64-linux-gnu/libstdc++.so.6.0.26
7f2b2ea34000-7f2b2ea37000 rw-p 00000000 00:00 0 
7f2b2ea37000-7f2b2eca6000 r--p 00000000 08:02 23990668                   /usr/lib/jvm/java-11-openjdk-amd64/lib/server/libjvm.so
7f2b2eca6000-7f2b2f7c6000 r-xp 0026f000 08:02 23990668                   /usr/lib/jvm/java-11-openjdk-amd64/lib/server/libjvm.so
7f2b2f7c6000-7f2b2f9ff000 r--p 00d8f000 08:02 23990668                   /usr/lib/jvm/java-11-openjdk-amd64/lib/server/libjvm.so
7f2b2f9ff000-7f2b2fa00000 ---p 00fc8000 08:02 23990668                   /usr/lib/jvm/java-11-openjdk-amd64/lib/server/libjvm.so
7f2b2fa00000-7f2b2fabd000 r--p 00fc8000 08:02 23990668                   /usr/lib/jvm/java-11-openjdk-amd64/lib/server/libjvm.so
7f2b2fabd000-7f2b2faf6000 rw-p 01085000 08:02 23990668                   /usr/lib/jvm/java-11-openjdk-amd64/lib/server/libjvm.so
7f2b2faf6000-7f2b2fb4e000 rw-p 00000000 00:00 0 
7f2b2fb4e000-7f2b2fb55000 r--p 00000000 08:02 23601565                   /usr/lib/x86_64-linux-gnu/libpthread-2.29.so
7f2b2fb55000-7f2b2fb64000 r-xp 00007000 08:02 23601565                   /usr/lib/x86_64-linux-gnu/libpthread-2.29.so
7f2b2fb64000-7f2b2fb69000 r--p 00016000 08:02 23601565                   /usr/lib/x86_64-linux-gnu/libpthread-2.29.so
7f2b2fb69000-7f2b2fb6a000 r--p 0001a000 08:02 23601565                   /usr/lib/x86_64-linux-gnu/libpthread-2.29.so
7f2b2fb6a000-7f2b2fb6b000 rw-p 0001b000 08:02 23601565                   /usr/lib/x86_64-linux-gnu/libpthread-2.29.so
7f2b2fb6b000-7f2b2fb6f000 rw-p 00000000 00:00 0 
7f2b2fb6f000-7f2b2fb70000 r--p 00000000 08:02 23600824                   /usr/lib/x86_64-linux-gnu/libdl-2.29.so
7f2b2fb70000-7f2b2fb72000 r-xp 00001000 08:02 23600824                   /usr/lib/x86_64-linux-gnu/libdl-2.29.so
7f2b2fb72000-7f2b2fb73000 r--p 00003000 08:02 23600824                   /usr/lib/x86_64-linux-gnu/libdl-2.29.so
7f2b2fb73000-7f2b2fb74000 r--p 00003000 08:02 23600824                   /usr/lib/x86_64-linux-gnu/libdl-2.29.so
7f2b2fb74000-7f2b2fb75000 rw-p 00004000 08:02 23600824                   /usr/lib/x86_64-linux-gnu/libdl-2.29.so
7f2b2fb75000-7f2b2fb77000 r--p 00000000 08:02 23601962                   /usr/lib/x86_64-linux-gnu/libz.so.1.2.11
7f2b2fb77000-7f2b2fb88000 r-xp 00002000 08:02 23601962                   /usr/lib/x86_64-linux-gnu/libz.so.1.2.11
7f2b2fb88000-7f2b2fb8e000 r--p 00013000 08:02 23601962                   /usr/lib/x86_64-linux-gnu/libz.so.1.2.11
7f2b2fb8e000-7f2b2fb8f000 ---p 00019000 08:02 23601962                   /usr/lib/x86_64-linux-gnu/libz.so.1.2.11
7f2b2fb8f000-7f2b2fb90000 r--p 00019000 08:02 23601962                   /usr/lib/x86_64-linux-gnu/libz.so.1.2.11
7f2b2fb90000-7f2b2fb91000 rw-p 0001a000 08:02 23601962                   /usr/lib/x86_64-linux-gnu/libz.so.1.2.11
7f2b2fb91000-7f2b2fbb6000 r--p 00000000 08:02 23600687                   /usr/lib/x86_64-linux-gnu/libc-2.29.so
7f2b2fbb6000-7f2b2fd29000 r-xp 00025000 08:02 23600687                   /usr/lib/x86_64-linux-gnu/libc-2.29.so
7f2b2fd29000-7f2b2fd72000 r--p 00198000 08:02 23600687                   /usr/lib/x86_64-linux-gnu/libc-2.29.so
7f2b2fd72000-7f2b2fd75000 r--p 001e0000 08:02 23600687                   /usr/lib/x86_64-linux-gnu/libc-2.29.so
7f2b2fd75000-7f2b2fd78000 rw-p 001e3000 08:02 23600687                   /usr/lib/x86_64-linux-gnu/libc-2.29.so
7f2b2fd78000-7f2b2fd7c000 rw-p 00000000 00:00 0 
7f2b2fd7c000-7f2b2fd7d000 r--p 00000000 08:02 25823436                   /usr/share/locale-langpack/en_AU/LC_MESSAGES/libc.mo
7f2b2fd7d000-7f2b2fd82000 r--p 00000000 08:02 23990661                   /usr/lib/jvm/java-11-openjdk-amd64/lib/libverify.so
7f2b2fd82000-7f2b2fd89000 r-xp 00005000 08:02 23990661                   /usr/lib/jvm/java-11-openjdk-amd64/lib/libverify.so
7f2b2fd89000-7f2b2fd8b000 r--p 0000c000 08:02 23990661                   /usr/lib/jvm/java-11-openjdk-amd64/lib/libverify.so
7f2b2fd8b000-7f2b2fd8d000 r--p 0000d000 08:02 23990661                   /usr/lib/jvm/java-11-openjdk-amd64/lib/libverify.so
7f2b2fd8d000-7f2b2fd8e000 rw-p 0000f000 08:02 23990661                   /usr/lib/jvm/java-11-openjdk-amd64/lib/libverify.so
7f2b2fd8e000-7f2b2fd91000 r--p 00000000 08:02 23990625                   /usr/lib/jvm/java-11-openjdk-amd64/lib/jli/libjli.so
7f2b2fd91000-7f2b2fd9b000 r-xp 00003000 08:02 23990625                   /usr/lib/jvm/java-11-openjdk-amd64/lib/jli/libjli.so
7f2b2fd9b000-7f2b2fd9e000 r--p 0000d000 08:02 23990625                   /usr/lib/jvm/java-11-openjdk-amd64/lib/jli/libjli.so
7f2b2fd9e000-7f2b2fd9f000 r--p 0000f000 08:02 23990625                   /usr/lib/jvm/java-11-openjdk-amd64/lib/jli/libjli.so
7f2b2fd9f000-7f2b2fda0000 rw-p 00010000 08:02 23990625                   /usr/lib/jvm/java-11-openjdk-amd64/lib/jli/libjli.so
7f2b2fda0000-7f2b2fda2000 rw-p 00000000 00:00 0 
7f2b2fda2000-7f2b2fda3000 r--p 00000000 08:02 23600471                   /usr/lib/x86_64-linux-gnu/ld-2.29.so
7f2b2fda3000-7f2b2fdc4000 r-xp 00001000 08:02 23600471                   /usr/lib/x86_64-linux-gnu/ld-2.29.so
7f2b2fdc4000-7f2b2fdcc000 r--p 00022000 08:02 23600471                   /usr/lib/x86_64-linux-gnu/ld-2.29.so
7f2b2fdcc000-7f2b2fdcd000 r--p 00029000 08:02 23600471                   /usr/lib/x86_64-linux-gnu/ld-2.29.so
7f2b2fdcd000-7f2b2fdce000 rw-p 0002a000 08:02 23600471                   /usr/lib/x86_64-linux-gnu/ld-2.29.so
7f2b2fdce000-7f2b2fdcf000 rw-p 00000000 00:00 0 
7ffdfdaf8000-7ffdfdb1a000 rw-p 00000000 00:00 0                          [stack]
7ffdfdb61000-7ffdfdb64000 r--p 00000000 00:00 0                          [vvar]
7ffdfdb64000-7ffdfdb65000 r-xp 00000000 00:00 0                          [vdso]
ffffffffff600000-ffffffffff601000 r-xp 00000000 00:00 0                  [vsyscall]


VM Arguments:
jvm_args: -Dfile.encoding=UTF-8 -Duser.country=AU -Duser.language=en -Duser.variant 
java_command: ExampleSwingApp
java_class_path (initial): /home/kramer/Downloads/RobotArena-master/RobotAreana/start/build/classes/java/main:/home/kramer/Downloads/RobotArena-master/RobotAreana/start/build/classes/groovy/main:/home/kramer/Downloads/RobotArena-master/RobotAreana/start/build/resources/main:/home/kramer/Downloads/RobotArena-master/RobotAreana/AIBasic/build/libs/AIBasic.jar:/home/kramer/Downloads/RobotArena-master/RobotAreana/robot/build/libs/robot.jar:/home/kramer/Downloads/RobotArena-master/RobotAreana/main/build/libs/main.jar
Launcher Type: SUN_STANDARD

[Global flags]
     intx CICompilerCount                          = 3                                         {product} {ergonomic}
     uint ConcGCThreads                            = 1                                         {product} {ergonomic}
     uint G1ConcRefinementThreads                  = 4                                         {product} {ergonomic}
   size_t G1HeapRegionSize                         = 1048576                                   {product} {ergonomic}
    uintx GCDrainStackTargetSize                   = 64                                        {product} {ergonomic}
   size_t InitialHeapSize                          = 130023424                                 {product} {ergonomic}
   size_t MarkStackSize                            = 4194304                                   {product} {ergonomic}
   size_t MaxHeapSize                              = 2063597568                                {product} {ergonomic}
   size_t MaxNewSize                               = 1237319680                                {product} {ergonomic}
   size_t MinHeapDeltaBytes                        = 1048576                                   {product} {ergonomic}
    uintx NonNMethodCodeHeapSize                   = 5830092                                {pd product} {ergonomic}
    uintx NonProfiledCodeHeapSize                  = 122914074                              {pd product} {ergonomic}
    uintx ProfiledCodeHeapSize                     = 122914074                              {pd product} {ergonomic}
    uintx ReservedCodeCacheSize                    = 251658240                              {pd product} {ergonomic}
     bool SegmentedCodeCache                       = true                                      {product} {ergonomic}
     bool UseCompressedClassPointers               = true                                 {lp64_product} {ergonomic}
     bool UseCompressedOops                        = true                                 {lp64_product} {ergonomic}
     bool UseG1GC                                  = true                                      {product} {ergonomic}

Logging:
Log output configuration:
 #0: stdout all=warning uptime,level,tags
 #1: stderr all=off uptime,level,tags

Environment Variables:
PATH=/home/kramer/.local/bin:/usr/local/sbin:/usr/local/bin:/usr/sbin:/usr/bin:/sbin:/bin:/usr/games:/usr/local/games:/snap/bin
USERNAME=kramer
LD_LIBRARY_PATH=/home/kramer/Downloads/RobotArena-master/RobotAreana/AIBasic/build/libs/mynativelibrary/shared
SHELL=/bin/bash
DISPLAY=:0

Signal Handlers:
SIGSEGV: [libjvm.so+0xd1cc80], sa_mask[0]=11111111011111111101111111111110, sa_flags=SA_RESTART|SA_SIGINFO
SIGBUS: [libjvm.so+0xd1cc80], sa_mask[0]=11111111011111111101111111111110, sa_flags=SA_RESTART|SA_SIGINFO
SIGFPE: [libjvm.so+0xd1cc80], sa_mask[0]=11111111011111111101111111111110, sa_flags=SA_RESTART|SA_SIGINFO
SIGPIPE: SIG_IGN, sa_mask[0]=00000000000010000000000000000000, sa_flags=SA_RESTART
SIGXFSZ: [libjvm.so+0xb239a0], sa_mask[0]=11111111011111111101111111111110, sa_flags=SA_RESTART|SA_SIGINFO
SIGILL: [libjvm.so+0xd1cc80], sa_mask[0]=11111111011111111101111111111110, sa_flags=SA_RESTART|SA_SIGINFO
SIGUSR2: [libjvm.so+0xb23830], sa_mask[0]=00100000000000000000000000000000, sa_flags=SA_RESTART|SA_SIGINFO
SIGHUP: [libjvm.so+0xb23ce0], sa_mask[0]=11111111011111111101111111111110, sa_flags=SA_RESTART|SA_SIGINFO
SIGINT: [libjvm.so+0xb23ce0], sa_mask[0]=11111111011111111101111111111110, sa_flags=SA_RESTART|SA_SIGINFO
SIGTERM: [libjvm.so+0xb23ce0], sa_mask[0]=11111111011111111101111111111110, sa_flags=SA_RESTART|SA_SIGINFO
SIGQUIT: [libjvm.so+0xb23ce0], sa_mask[0]=11111111011111111101111111111110, sa_flags=SA_RESTART|SA_SIGINFO


---------------  S Y S T E M  ---------------

OS:DISTRIB_ID=Ubuntu
DISTRIB_RELEASE=19.04
DISTRIB_CODENAME=disco
DISTRIB_DESCRIPTION="Ubuntu 19.04"
uname:Linux 5.0.0-32-generic #34-Ubuntu SMP Wed Oct 2 02:06:48 UTC 2019 x86_64
libc:glibc 2.29 NPTL 2.29 
rlimit: STACK 8192k, CORE 0k, NPROC 31283, NOFILE 524288, AS infinity, DATA infinity, FSIZE infinity
load average:1.42 1.15 1.01

/proc/meminfo:
MemTotal:        8057228 kB
MemFree:         2414068 kB
MemAvailable:    4249236 kB
Buffers:          135444 kB
Cached:          1898328 kB
SwapCached:            0 kB
Active:          3961080 kB
Inactive:        1283984 kB
Active(anon):    3140740 kB
Inactive(anon):   118344 kB
Active(file):     820340 kB
Inactive(file):  1165640 kB
Unevictable:        3452 kB
Mlocked:              16 kB
SwapTotal:       2097148 kB
SwapFree:        2097148 kB
Dirty:              1692 kB
Writeback:             0 kB
AnonPages:       3214764 kB
Mapped:           615004 kB
Shmem:            123680 kB
KReclaimable:     138940 kB
Slab:             239432 kB
SReclaimable:     138940 kB
SUnreclaim:       100492 kB
KernelStack:       16528 kB
PageTables:        34564 kB
NFS_Unstable:          0 kB
Bounce:                0 kB
WritebackTmp:          0 kB
CommitLimit:     6125760 kB
Committed_AS:   10789000 kB
VmallocTotal:   34359738367 kB
VmallocUsed:           0 kB
VmallocChunk:          0 kB
Percpu:             2192 kB
HardwareCorrupted:     0 kB
AnonHugePages:         0 kB
ShmemHugePages:        0 kB
ShmemPmdMapped:        0 kB
CmaTotal:              0 kB
CmaFree:               0 kB
HugePages_Total:       0
HugePages_Free:        0
HugePages_Rsvd:        0
HugePages_Surp:        0
Hugepagesize:       2048 kB
Hugetlb:               0 kB
DirectMap4k:      244272 kB
DirectMap2M:     5939200 kB
DirectMap1G:     2097152 kB


/proc/sys/kernel/threads-max (system-wide limit on the number of threads):
62566


/proc/sys/vm/max_map_count (maximum number of memory map areas a process may have):
65530


/proc/sys/kernel/pid_max (system-wide limit on number of process identifiers):
32768



container (cgroup) information:
container_type: cgroupv1
cpu_cpuset_cpus: 0-3
cpu_memory_nodes: 0
active_processor_count: 4
cpu_quota: -1
cpu_period: 100000
cpu_shares: -1
memory_limit_in_bytes: -1
memory_and_swap_limit_in_bytes: -2
memory_soft_limit_in_bytes: -1
memory_usage_in_bytes: 1070731264
memory_max_usage_in_bytes: 1070854144

Steal ticks since vm start: 0
Steal ticks percentage since vm start:  0.000

CPU:total 4 (initial active 4) (4 cores per cpu, 1 threads per core) family 6 model 60 stepping 3, cmov, cx8, fxsr, mmx, sse, sse2, sse3, ssse3, sse4.1, sse4.2, popcnt, avx, avx2, aes, clmul, erms, lzcnt, tsc, tscinvbit, bmi1, bmi2, fma
CPU Model and flags from /proc/cpuinfo:
model name	: Intel(R) Core(TM) i5-4690 CPU @ 3.50GHz
flags		: fpu vme de pse tsc msr pae mce cx8 apic sep mtrr pge mca cmov pat pse36 clflush dts acpi mmx fxsr sse sse2 ss ht tm pbe syscall nx pdpe1gb rdtscp lm constant_tsc arch_perfmon pebs bts rep_good nopl xtopology nonstop_tsc cpuid aperfmperf pni pclmulqdq dtes64 monitor ds_cpl vmx smx est tm2 ssse3 sdbg fma cx16 xtpr pdcm pcid sse4_1 sse4_2 x2apic movbe popcnt tsc_deadline_timer aes xsave avx f16c rdrand lahf_lm abm cpuid_fault invpcid_single pti ssbd ibrs ibpb stibp tpr_shadow vnmi flexpriority ept vpid ept_ad fsgsbase tsc_adjust bmi1 avx2 smep bmi2 erms invpcid xsaveopt dtherm ida arat pln pts md_clear flush_l1d

Memory: 4k page, physical 8057228k(2414068k free), swap 2097148k(2097148k free)

vm_info: OpenJDK 64-Bit Server VM (11.0.4+11-post-Ubuntu-1ubuntu219.04) for linux-amd64 JRE (11.0.4+11-post-Ubuntu-1ubuntu219.04), built on Jul 18 2019 18:21:46 by "buildd" with gcc 8.3.0

END.
