#
# A fatal error has been detected by the Java Runtime Environment:
#
#  SIGSEGV (0xb) at pc=0x00007f8b7a1ee62b, pid=9464, tid=9487
#
# JRE version: OpenJDK Runtime Environment (11.0.4+11) (build 11.0.4+11-post-Ubuntu-1ubuntu219.04)
# Java VM: OpenJDK 64-Bit Server VM (11.0.4+11-post-Ubuntu-1ubuntu219.04, mixed mode, sharing, tiered, compressed oops, g1 gc, linux-amd64)
# Problematic frame:
# V  [libjvm.so+0x86462b]
#
# Core dump will be written. Default location: Core dumps may be processed with "/usr/share/apport/apport %p %s %c %d %P" (or dumping to /home/kramer/Downloads/RobotArena-master/RobotAreana/start/core.9464)
#
# If you would like to submit a bug report, please visit:
#   https://bugs.launchpad.net/ubuntu/+source/openjdk-lts
#

---------------  S U M M A R Y ------------

Command Line: -Dfile.encoding=UTF-8 -Duser.country=AU -Duser.language=en -Duser.variant ExampleSwingApp

Host: Intel(R) Core(TM) i5-4690 CPU @ 3.50GHz, 4 cores, 7G, Ubuntu 19.04
Time: Mon Oct 28 14:07:26 2019 AWST elapsed time: 1 seconds (0d 0h 0m 1s)

---------------  T H R E A D  ---------------

Current thread (0x00007f8b74334800):  JavaThread "Thomas" [_thread_in_vm, id=9487, stack(0x00007f8b18df7000,0x00007f8b18ef8000)]

Stack: [0x00007f8b18df7000,0x00007f8b18ef8000],  sp=0x00007f8b18ef6680,  free space=1021k
Native frames: (J=compiled Java code, A=aot compiled Java code, j=interpreted, Vv=VM code, C=native code)
V  [libjvm.so+0x86462b]
C  [libmynativelibrary.so+0x1195]  Java_CRobot_startCPP+0x90
j  CRobot.startCPP(LRobotControl;)V+0
j  CRobot$1.run()V+8
j  java.lang.Thread.run()V+11 java.base@11.0.4
v  ~StubRoutines::call_stub
V  [libjvm.so+0x7f40b1]
V  [libjvm.so+0x7f2550]
V  [libjvm.so+0x7f260b]
V  [libjvm.so+0x88e63c]
V  [libjvm.so+0xcc0060]
V  [libjvm.so+0xcc0350]
V  [libjvm.so+0xcbbee4]
V  [libjvm.so+0xb2cbee]

Java frames: (J=compiled Java code, j=interpreted, Vv=VM code)
j  CRobot.startCPP(LRobotControl;)V+0
j  CRobot$1.run()V+8
j  java.lang.Thread.run()V+11 java.base@11.0.4
v  ~StubRoutines::call_stub

siginfo: si_signo: 11 (SIGSEGV), si_code: 1 (SEGV_MAPERR), si_addr: 0x0000000000000000

Register to memory mapping:

RAX=0x00007f8b18ef6720 is pointing into the stack for thread: 0x00007f8b74334800
RBX=0x00007f8b74334800 is a thread
RCX=0x00007f8b7a1ee550: <offset 0x0000000000864550> in /usr/lib/jvm/java-11-openjdk-amd64/lib/server/libjvm.so at 0x00007f8b7998a000
RDX=0x00007f8b74331f30 points into unknown readable memory: d8 a5 ed 8b 00 00 00 00
RSP=0x00007f8b18ef6680 is pointing into the stack for thread: 0x00007f8b74334800
RBP=0x00007f8b18ef6800 is pointing into the stack for thread: 0x00007f8b74334800
RSI=0x00007f8b74334800 is a thread
RDI=0x00007f8b18ef66e0 is pointing into the stack for thread: 0x00007f8b74334800
R8 =0x0 is NULL
R9 =0x0000000000000063 is an unknown value
R10=0x00007f8afc000080 points into unknown readable memory: 70 85 00 fc 8a 7f 00 00
R11=0x00007f8afc000080 points into unknown readable memory: 70 85 00 fc 8a 7f 00 00
R12=0x00007f8b18ef66e0 is pointing into the stack for thread: 0x00007f8b74334800
R13=0x00007f8b74334b40 points into unknown readable memory: e0 6f a1 7a 8b 7f 00 00
R14=0x0 is NULL
R15=0x00007f8b18ef68d0 is pointing into the stack for thread: 0x00007f8b74334800


Registers:
RAX=0x00007f8b18ef6720, RBX=0x00007f8b74334800, RCX=0x00007f8b7a1ee550, RDX=0x00007f8b74331f30
RSP=0x00007f8b18ef6680, RBP=0x00007f8b18ef6800, RSI=0x00007f8b74334800, RDI=0x00007f8b18ef66e0
R8 =0x0000000000000000, R9 =0x0000000000000063, R10=0x00007f8afc000080, R11=0x00007f8afc000080
R12=0x00007f8b18ef66e0, R13=0x00007f8b74334b40, R14=0x0000000000000000, R15=0x00007f8b18ef68d0
RIP=0x00007f8b7a1ee62b, EFLAGS=0x0000000000010202, CSGSFS=0x002b000000000033, ERR=0x0000000000000004
  TRAPNO=0x000000000000000e

Top of Stack: (sp=0x00007f8b18ef6680)
0x00007f8b18ef6680:   0000000000000001 00007f8b74334800
0x00007f8b18ef6690:   00000000000003e8 0000000000000000
0x00007f8b18ef66a0:   0000000000000000 0000000000000018
0x00007f8b18ef66b0:   00007f8b18ef6810 00007f8b18ef6720 

Instructions: (pc=0x00007f8b7a1ee62b)
0x00007f8b7a1ee52b:   89 e0 5b 41 5c 41 5d 41 5e 41 5f 5d c3 0f 1f 84
0x00007f8b7a1ee53b:   00 00 00 00 00 48 89 df 31 db e8 66 2d 45 00 e9
0x00007f8b7a1ee54b:   ab fe ff ff 90 55 48 89 e5 41 57 49 89 f7 41 56
0x00007f8b7a1ee55b:   49 89 d6 41 55 49 89 fd 41 54 53 48 81 ec 58 01
0x00007f8b7a1ee56b:   00 00 48 89 8d 38 ff ff ff 4c 89 85 40 ff ff ff
0x00007f8b7a1ee57b:   4c 89 8d 48 ff ff ff 84 c0 74 29 0f 29 85 50 ff
0x00007f8b7a1ee58b:   ff ff 0f 29 8d 60 ff ff ff 0f 29 95 70 ff ff ff
0x00007f8b7a1ee59b:   0f 29 5d 80 0f 29 65 90 0f 29 6d a0 0f 29 75 b0
0x00007f8b7a1ee5ab:   0f 29 7d c0 49 8d 9d c0 fc ff ff 8b 83 d0 03 00
0x00007f8b7a1ee5bb:   00 2d ab de 00 00 83 f8 01 0f 87 46 01 00 00 48
0x00007f8b7a1ee5cb:   89 df 48 89 9d 88 fe ff ff e8 c7 69 ff ff 48 83
0x00007f8b7a1ee5db:   7b 08 00 48 89 9d c0 fe ff ff 48 c7 85 c8 fe ff
0x00007f8b7a1ee5eb:   ff 00 00 00 00 74 0c 48 8d bd c0 fe ff ff e8 02
0x00007f8b7a1ee5fb:   0e 32 00 48 8d 45 10 4c 8d a5 e0 fe ff ff c7 85
0x00007f8b7a1ee60b:   a8 fe ff ff 18 00 00 00 48 89 85 b0 fe ff ff 48
0x00007f8b7a1ee61b:   8d 85 20 ff ff ff 4c 89 e7 48 89 85 b8 fe ff ff
0x00007f8b7a1ee62b:   49 8b 06 c7 85 ac fe ff ff 30 00 00 00 c7 85 90
0x00007f8b7a1ee63b:   fe ff ff 0c 00 00 00 48 8b 40 08 0f b7 50 2c 48
0x00007f8b7a1ee64b:   8b 40 08 48 8b 74 d0 40 e8 78 53 3a 00 4d 89 e0
0x00007f8b7a1ee65b:   49 89 d9 4c 89 f1 48 8d 05 f0 20 77 00 4c 89 fa
0x00007f8b7a1ee66b:   4c 89 ef 45 31 e4 48 89 85 e0 fe ff ff f3 0f 6f
0x00007f8b7a1ee67b:   85 a8 fe ff ff 48 8d b5 90 fe ff ff 48 8b 85 b8
0x00007f8b7a1ee68b:   fe ff ff c7 85 f8 fe ff ff 63 00 00 00 48 c7 85
0x00007f8b7a1ee69b:   00 ff ff ff 00 00 00 00 0f 11 85 08 ff ff ff 48
0x00007f8b7a1ee6ab:   89 85 18 ff ff ff e8 fa f3 ff ff 48 83 7b 08 00
0x00007f8b7a1ee6bb:   75 07 4c 8b a5 98 fe ff ff 48 83 bd c8 fe ff ff
0x00007f8b7a1ee6cb:   00 74 0c 48 8d bd c0 fe ff ff e8 76 0d 32 00 48
0x00007f8b7a1ee6db:   8b bb f0 00 00 00 e8 1a e3 00 00 48 8d bd 88 fe
0x00007f8b7a1ee6eb:   ff ff e8 fe e3 00 00 48 81 c4 58 01 00 00 4c 89
0x00007f8b7a1ee6fb:   e0 5b 41 5c 41 5d 41 5e 41 5f 5d c3 66 0f 1f 84
0x00007f8b7a1ee70b:   00 00 00 00 00 48 89 df 31 db e8 96 2b 45 00 e9
0x00007f8b7a1ee71b:   ab fe ff ff 90 55 48 89 e5 41 57 49 89 f7 41 56 


Stack slot to memory mapping:
stack at sp + 0 slots: 0x0000000000000001 is an unknown value
stack at sp + 1 slots: 0x00007f8b74334800 is a thread
stack at sp + 2 slots: 0x00000000000003e8 is an unknown value
stack at sp + 3 slots: 0x0 is NULL
stack at sp + 4 slots: 0x0 is NULL
stack at sp + 5 slots: 0x0000000000000018 is an unknown value
stack at sp + 6 slots: 0x00007f8b18ef6810 is pointing into the stack for thread: 0x00007f8b74334800
stack at sp + 7 slots: 0x00007f8b18ef6720 is pointing into the stack for thread: 0x00007f8b74334800


---------------  P R O C E S S  ---------------

Threads class SMR info:
_java_thread_list=0x00007f8b743393a0, length=15, elements={
0x00007f8b74011800, 0x00007f8b74107000, 0x00007f8b74109000, 0x00007f8b7410e800,
0x00007f8b74110800, 0x00007f8b74112800, 0x00007f8b74114800, 0x00007f8b74143800,
0x00007f8b7414c000, 0x00007f8b74302000, 0x00007f8b74304000, 0x00007f8b7432c800,
0x00007f8b74334800, 0x00007f8b74336800, 0x00007f8b74338000
}

Java Threads: ( => current thread )
  0x00007f8b74011800 JavaThread "main" [_thread_in_Java, id=9465, stack(0x00007f8b7953f000,0x00007f8b79640000)]
  0x00007f8b74107000 JavaThread "Reference Handler" daemon [_thread_blocked, id=9472, stack(0x00007f8b5c005000,0x00007f8b5c106000)]
  0x00007f8b74109000 JavaThread "Finalizer" daemon [_thread_blocked, id=9473, stack(0x00007f8b5417f000,0x00007f8b54280000)]
  0x00007f8b7410e800 JavaThread "Signal Dispatcher" daemon [_thread_blocked, id=9474, stack(0x00007f8b5407e000,0x00007f8b5417f000)]
  0x00007f8b74110800 JavaThread "C2 CompilerThread0" daemon [_thread_blocked, id=9475, stack(0x00007f8b4c924000,0x00007f8b4ca25000)]
  0x00007f8b74112800 JavaThread "C1 CompilerThread0" daemon [_thread_blocked, id=9476, stack(0x00007f8b4c823000,0x00007f8b4c924000)]
  0x00007f8b74114800 JavaThread "Sweeper thread" daemon [_thread_blocked, id=9477, stack(0x00007f8b4c722000,0x00007f8b4c823000)]
  0x00007f8b74143800 JavaThread "Service Thread" daemon [_thread_blocked, id=9478, stack(0x00007f8b4c621000,0x00007f8b4c722000)]
  0x00007f8b7414c000 JavaThread "Common-Cleaner" daemon [_thread_blocked, id=9480, stack(0x00007f8b4c41e000,0x00007f8b4c51f000)]
  0x00007f8b74302000 JavaThread "Java2D Disposer" daemon [_thread_blocked, id=9484, stack(0x00007f8b190fa000,0x00007f8b191fb000)]
  0x00007f8b74304000 JavaThread "AWT-XAWT" daemon [_thread_in_native, id=9485, stack(0x00007f8b18ff9000,0x00007f8b190fa000)]
  0x00007f8b7432c800 JavaThread "Image Fetcher 0" daemon [_thread_blocked, id=9486, stack(0x00007f8b18ef8000,0x00007f8b18ff9000)]
=>0x00007f8b74334800 JavaThread "Thomas" [_thread_in_vm, id=9487, stack(0x00007f8b18df7000,0x00007f8b18ef8000)]
  0x00007f8b74336800 JavaThread "Thomas" [_thread_in_vm, id=9488, stack(0x00007f8b18cf6000,0x00007f8b18df7000)]
  0x00007f8b74338000 JavaThread "Thomas" [_thread_blocked, id=9489, stack(0x00007f8b18bf5000,0x00007f8b18cf6000)]

Other Threads:
  0x00007f8b74104000 VMThread "VM Thread" [stack: 0x00007f8b5c108000,0x00007f8b5c208000] [id=9471] _threads_hazard_ptr=0x00007f8b743393a0
  0x00007f8b74146000 WatcherThread [stack: 0x00007f8b4c521000,0x00007f8b4c621000] [id=9479]
  0x00007f8b74027000 GCTaskThread "GC Thread#0" [stack: 0x00007f8b791f3000,0x00007f8b792f3000] [id=9466]
  0x00007f8b74058000 ConcurrentGCThread "G1 Main Marker" [stack: 0x00007f8b78123000,0x00007f8b78223000] [id=9467]
  0x00007f8b7405a000 ConcurrentGCThread "G1 Conc#0" [stack: 0x00007f8b78021000,0x00007f8b78121000] [id=9468]
  0x00007f8b740d2000 ConcurrentGCThread "G1 Refine#0" [stack: 0x00007f8b5c452000,0x00007f8b5c552000] [id=9469]
  0x00007f8b740d3800 ConcurrentGCThread "G1 Young RemSet Sampling" [stack: 0x00007f8b5c350000,0x00007f8b5c450000] [id=9470]

Threads with active compile tasks:
C2 CompilerThread0 650       4       sun.awt.image.PNGImageDecoder::filterRow (459 bytes)

VM state:synchronizing (normal execution)

VM Mutex/Monitor currently owned by a thread:  ([mutex/lock_event])
[0x00007f8b7400e2d0] Safepoint_lock - owner thread: 0x00007f8b74104000
[0x00007f8b7400e360] Threads_lock - owner thread: 0x00007f8b74104000
[0x00007f8b7400eab0] Heap_lock - owner thread: 0x00007f8b74336800

Heap address: 0x0000000085000000, size: 1968 MB, Compressed Oops mode: 32-bit
Narrow klass base: 0x0000000800000000, Narrow klass shift: 3
Compressed class space size: 1073741824 Address: 0x0000000840000000

Heap:
 garbage-first heap   total 129024K, used 23160K [0x0000000085000000, 0x0000000100000000)
  region size 1024K, 14 young (14336K), 0 survivors (0K)
 Metaspace       used 5281K, capacity 5660K, committed 6016K, reserved 1056768K
  class space    used 585K, capacity 769K, committed 896K, reserved 1048576K
Heap Regions: E=young(eden), S=young(survivor), O=old, HS=humongous(starts), HC=humongous(continues), CS=collection set, F=free, A=archive, TAMS=top-at-mark-start (previous, next)
|   0|0x0000000085000000, 0x0000000085100000, 0x0000000085100000|100%|HS|  |TAMS 0x0000000085000000, 0x0000000085000000| Complete 
|   1|0x0000000085100000, 0x0000000085200000, 0x0000000085200000|100%|HC|  |TAMS 0x0000000085100000, 0x0000000085100000| Complete 
|   2|0x0000000085200000, 0x0000000085300000, 0x0000000085300000|100%|HC|  |TAMS 0x0000000085200000, 0x0000000085200000| Complete 
|   3|0x0000000085300000, 0x0000000085400000, 0x0000000085400000|100%|HC|  |TAMS 0x0000000085300000, 0x0000000085300000| Complete 
|   4|0x0000000085400000, 0x0000000085500000, 0x0000000085500000|100%|HC|  |TAMS 0x0000000085400000, 0x0000000085400000| Complete 
|   5|0x0000000085500000, 0x0000000085600000, 0x0000000085600000|100%|HC|  |TAMS 0x0000000085500000, 0x0000000085500000| Complete 
|   6|0x0000000085600000, 0x0000000085700000, 0x0000000085700000|100%|HC|  |TAMS 0x0000000085600000, 0x0000000085600000| Complete 
|   7|0x0000000085700000, 0x0000000085800000, 0x0000000085800000|100%|HC|  |TAMS 0x0000000085700000, 0x0000000085700000| Complete 
|   8|0x0000000085800000, 0x0000000085800000, 0x0000000085900000|  0%| F|  |TAMS 0x0000000085800000, 0x0000000085800000| Untracked 
|   9|0x0000000085900000, 0x0000000085900000, 0x0000000085a00000|  0%| F|  |TAMS 0x0000000085900000, 0x0000000085900000| Untracked 
|  10|0x0000000085a00000, 0x0000000085a00000, 0x0000000085b00000|  0%| F|  |TAMS 0x0000000085a00000, 0x0000000085a00000| Untracked 
|  11|0x0000000085b00000, 0x0000000085b00000, 0x0000000085c00000|  0%| F|  |TAMS 0x0000000085b00000, 0x0000000085b00000| Untracked 
|  12|0x0000000085c00000, 0x0000000085c00000, 0x0000000085d00000|  0%| F|  |TAMS 0x0000000085c00000, 0x0000000085c00000| Untracked 
|  13|0x0000000085d00000, 0x0000000085d00000, 0x0000000085e00000|  0%| F|  |TAMS 0x0000000085d00000, 0x0000000085d00000| Untracked 
|  14|0x0000000085e00000, 0x0000000085e00000, 0x0000000085f00000|  0%| F|  |TAMS 0x0000000085e00000, 0x0000000085e00000| Untracked 
|  15|0x0000000085f00000, 0x0000000085f00000, 0x0000000086000000|  0%| F|  |TAMS 0x0000000085f00000, 0x0000000085f00000| Untracked 
|  16|0x0000000086000000, 0x0000000086000000, 0x0000000086100000|  0%| F|  |TAMS 0x0000000086000000, 0x0000000086000000| Untracked 
|  17|0x0000000086100000, 0x0000000086100000, 0x0000000086200000|  0%| F|  |TAMS 0x0000000086100000, 0x0000000086100000| Untracked 
|  18|0x0000000086200000, 0x0000000086200000, 0x0000000086300000|  0%| F|  |TAMS 0x0000000086200000, 0x0000000086200000| Untracked 
|  19|0x0000000086300000, 0x0000000086300000, 0x0000000086400000|  0%| F|  |TAMS 0x0000000086300000, 0x0000000086300000| Untracked 
|  20|0x0000000086400000, 0x0000000086400000, 0x0000000086500000|  0%| F|  |TAMS 0x0000000086400000, 0x0000000086400000| Untracked 
|  21|0x0000000086500000, 0x0000000086500000, 0x0000000086600000|  0%| F|  |TAMS 0x0000000086500000, 0x0000000086500000| Untracked 
|  22|0x0000000086600000, 0x0000000086600000, 0x0000000086700000|  0%| F|  |TAMS 0x0000000086600000, 0x0000000086600000| Untracked 
|  23|0x0000000086700000, 0x0000000086700000, 0x0000000086800000|  0%| F|  |TAMS 0x0000000086700000, 0x0000000086700000| Untracked 
|  24|0x0000000086800000, 0x0000000086800000, 0x0000000086900000|  0%| F|  |TAMS 0x0000000086800000, 0x0000000086800000| Untracked 
|  25|0x0000000086900000, 0x0000000086900000, 0x0000000086a00000|  0%| F|  |TAMS 0x0000000086900000, 0x0000000086900000| Untracked 
|  26|0x0000000086a00000, 0x0000000086a00000, 0x0000000086b00000|  0%| F|  |TAMS 0x0000000086a00000, 0x0000000086a00000| Untracked 
|  27|0x0000000086b00000, 0x0000000086b00000, 0x0000000086c00000|  0%| F|  |TAMS 0x0000000086b00000, 0x0000000086b00000| Untracked 
|  28|0x0000000086c00000, 0x0000000086c00000, 0x0000000086d00000|  0%| F|  |TAMS 0x0000000086c00000, 0x0000000086c00000| Untracked 
|  29|0x0000000086d00000, 0x0000000086d00000, 0x0000000086e00000|  0%| F|  |TAMS 0x0000000086d00000, 0x0000000086d00000| Untracked 
|  30|0x0000000086e00000, 0x0000000086e00000, 0x0000000086f00000|  0%| F|  |TAMS 0x0000000086e00000, 0x0000000086e00000| Untracked 
|  31|0x0000000086f00000, 0x0000000086f00000, 0x0000000087000000|  0%| F|  |TAMS 0x0000000086f00000, 0x0000000086f00000| Untracked 
|  32|0x0000000087000000, 0x0000000087000000, 0x0000000087100000|  0%| F|  |TAMS 0x0000000087000000, 0x0000000087000000| Untracked 
|  33|0x0000000087100000, 0x0000000087100000, 0x0000000087200000|  0%| F|  |TAMS 0x0000000087100000, 0x0000000087100000| Untracked 
|  34|0x0000000087200000, 0x0000000087200000, 0x0000000087300000|  0%| F|  |TAMS 0x0000000087200000, 0x0000000087200000| Untracked 
|  35|0x0000000087300000, 0x0000000087300000, 0x0000000087400000|  0%| F|  |TAMS 0x0000000087300000, 0x0000000087300000| Untracked 
|  36|0x0000000087400000, 0x0000000087400000, 0x0000000087500000|  0%| F|  |TAMS 0x0000000087400000, 0x0000000087400000| Untracked 
|  37|0x0000000087500000, 0x0000000087500000, 0x0000000087600000|  0%| F|  |TAMS 0x0000000087500000, 0x0000000087500000| Untracked 
|  38|0x0000000087600000, 0x0000000087600000, 0x0000000087700000|  0%| F|  |TAMS 0x0000000087600000, 0x0000000087600000| Untracked 
|  39|0x0000000087700000, 0x0000000087700000, 0x0000000087800000|  0%| F|  |TAMS 0x0000000087700000, 0x0000000087700000| Untracked 
|  40|0x0000000087800000, 0x0000000087800000, 0x0000000087900000|  0%| F|  |TAMS 0x0000000087800000, 0x0000000087800000| Untracked 
|  41|0x0000000087900000, 0x0000000087900000, 0x0000000087a00000|  0%| F|  |TAMS 0x0000000087900000, 0x0000000087900000| Untracked 
|  42|0x0000000087a00000, 0x0000000087a00000, 0x0000000087b00000|  0%| F|  |TAMS 0x0000000087a00000, 0x0000000087a00000| Untracked 
|  43|0x0000000087b00000, 0x0000000087b00000, 0x0000000087c00000|  0%| F|  |TAMS 0x0000000087b00000, 0x0000000087b00000| Untracked 
|  44|0x0000000087c00000, 0x0000000087c00000, 0x0000000087d00000|  0%| F|  |TAMS 0x0000000087c00000, 0x0000000087c00000| Untracked 
|  45|0x0000000087d00000, 0x0000000087d00000, 0x0000000087e00000|  0%| F|  |TAMS 0x0000000087d00000, 0x0000000087d00000| Untracked 
|  46|0x0000000087e00000, 0x0000000087e00000, 0x0000000087f00000|  0%| F|  |TAMS 0x0000000087e00000, 0x0000000087e00000| Untracked 
|  47|0x0000000087f00000, 0x0000000087f00000, 0x0000000088000000|  0%| F|  |TAMS 0x0000000087f00000, 0x0000000087f00000| Untracked 
|  48|0x0000000088000000, 0x0000000088000000, 0x0000000088100000|  0%| F|  |TAMS 0x0000000088000000, 0x0000000088000000| Untracked 
|  49|0x0000000088100000, 0x0000000088100000, 0x0000000088200000|  0%| F|  |TAMS 0x0000000088100000, 0x0000000088100000| Untracked 
|  50|0x0000000088200000, 0x0000000088200000, 0x0000000088300000|  0%| F|  |TAMS 0x0000000088200000, 0x0000000088200000| Untracked 
|  51|0x0000000088300000, 0x0000000088300000, 0x0000000088400000|  0%| F|  |TAMS 0x0000000088300000, 0x0000000088300000| Untracked 
|  52|0x0000000088400000, 0x0000000088400000, 0x0000000088500000|  0%| F|  |TAMS 0x0000000088400000, 0x0000000088400000| Untracked 
|  53|0x0000000088500000, 0x0000000088500000, 0x0000000088600000|  0%| F|  |TAMS 0x0000000088500000, 0x0000000088500000| Untracked 
|  54|0x0000000088600000, 0x0000000088600000, 0x0000000088700000|  0%| F|  |TAMS 0x0000000088600000, 0x0000000088600000| Untracked 
|  55|0x0000000088700000, 0x0000000088700000, 0x0000000088800000|  0%| F|  |TAMS 0x0000000088700000, 0x0000000088700000| Untracked 
|  56|0x0000000088800000, 0x0000000088800000, 0x0000000088900000|  0%| F|  |TAMS 0x0000000088800000, 0x0000000088800000| Untracked 
|  57|0x0000000088900000, 0x0000000088900000, 0x0000000088a00000|  0%| F|  |TAMS 0x0000000088900000, 0x0000000088900000| Untracked 
|  58|0x0000000088a00000, 0x0000000088a00000, 0x0000000088b00000|  0%| F|  |TAMS 0x0000000088a00000, 0x0000000088a00000| Untracked 
|  59|0x0000000088b00000, 0x0000000088b00000, 0x0000000088c00000|  0%| F|  |TAMS 0x0000000088b00000, 0x0000000088b00000| Untracked 
|  60|0x0000000088c00000, 0x0000000088c00000, 0x0000000088d00000|  0%| F|  |TAMS 0x0000000088c00000, 0x0000000088c00000| Untracked 
|  61|0x0000000088d00000, 0x0000000088d00000, 0x0000000088e00000|  0%| F|  |TAMS 0x0000000088d00000, 0x0000000088d00000| Untracked 
|  62|0x0000000088e00000, 0x0000000088e00000, 0x0000000088f00000|  0%| F|  |TAMS 0x0000000088e00000, 0x0000000088e00000| Untracked 
|  63|0x0000000088f00000, 0x0000000088f00000, 0x0000000089000000|  0%| F|  |TAMS 0x0000000088f00000, 0x0000000088f00000| Untracked 
|  64|0x0000000089000000, 0x0000000089000000, 0x0000000089100000|  0%| F|  |TAMS 0x0000000089000000, 0x0000000089000000| Untracked 
|  65|0x0000000089100000, 0x0000000089100000, 0x0000000089200000|  0%| F|  |TAMS 0x0000000089100000, 0x0000000089100000| Untracked 
|  66|0x0000000089200000, 0x0000000089200000, 0x0000000089300000|  0%| F|  |TAMS 0x0000000089200000, 0x0000000089200000| Untracked 
|  67|0x0000000089300000, 0x0000000089300000, 0x0000000089400000|  0%| F|  |TAMS 0x0000000089300000, 0x0000000089300000| Untracked 
|  68|0x0000000089400000, 0x0000000089400000, 0x0000000089500000|  0%| F|  |TAMS 0x0000000089400000, 0x0000000089400000| Untracked 
|  69|0x0000000089500000, 0x0000000089500000, 0x0000000089600000|  0%| F|  |TAMS 0x0000000089500000, 0x0000000089500000| Untracked 
|  70|0x0000000089600000, 0x0000000089600000, 0x0000000089700000|  0%| F|  |TAMS 0x0000000089600000, 0x0000000089600000| Untracked 
|  71|0x0000000089700000, 0x0000000089700000, 0x0000000089800000|  0%| F|  |TAMS 0x0000000089700000, 0x0000000089700000| Untracked 
|  72|0x0000000089800000, 0x0000000089800000, 0x0000000089900000|  0%| F|  |TAMS 0x0000000089800000, 0x0000000089800000| Untracked 
|  73|0x0000000089900000, 0x0000000089900000, 0x0000000089a00000|  0%| F|  |TAMS 0x0000000089900000, 0x0000000089900000| Untracked 
|  74|0x0000000089a00000, 0x0000000089a00000, 0x0000000089b00000|  0%| F|  |TAMS 0x0000000089a00000, 0x0000000089a00000| Untracked 
|  75|0x0000000089b00000, 0x0000000089b00000, 0x0000000089c00000|  0%| F|  |TAMS 0x0000000089b00000, 0x0000000089b00000| Untracked 
|  76|0x0000000089c00000, 0x0000000089c00000, 0x0000000089d00000|  0%| F|  |TAMS 0x0000000089c00000, 0x0000000089c00000| Untracked 
|  77|0x0000000089d00000, 0x0000000089d00000, 0x0000000089e00000|  0%| F|  |TAMS 0x0000000089d00000, 0x0000000089d00000| Untracked 
|  78|0x0000000089e00000, 0x0000000089e00000, 0x0000000089f00000|  0%| F|  |TAMS 0x0000000089e00000, 0x0000000089e00000| Untracked 
|  79|0x0000000089f00000, 0x0000000089f00000, 0x000000008a000000|  0%| F|  |TAMS 0x0000000089f00000, 0x0000000089f00000| Untracked 
|  80|0x000000008a000000, 0x000000008a000000, 0x000000008a100000|  0%| F|  |TAMS 0x000000008a000000, 0x000000008a000000| Untracked 
|  81|0x000000008a100000, 0x000000008a100000, 0x000000008a200000|  0%| F|  |TAMS 0x000000008a100000, 0x000000008a100000| Untracked 
|  82|0x000000008a200000, 0x000000008a200000, 0x000000008a300000|  0%| F|  |TAMS 0x000000008a200000, 0x000000008a200000| Untracked 
|  83|0x000000008a300000, 0x000000008a300000, 0x000000008a400000|  0%| F|  |TAMS 0x000000008a300000, 0x000000008a300000| Untracked 
|  84|0x000000008a400000, 0x000000008a400000, 0x000000008a500000|  0%| F|  |TAMS 0x000000008a400000, 0x000000008a400000| Untracked 
|  85|0x000000008a500000, 0x000000008a500000, 0x000000008a600000|  0%| F|  |TAMS 0x000000008a500000, 0x000000008a500000| Untracked 
|  86|0x000000008a600000, 0x000000008a600000, 0x000000008a700000|  0%| F|  |TAMS 0x000000008a600000, 0x000000008a600000| Untracked 
|  87|0x000000008a700000, 0x000000008a700000, 0x000000008a800000|  0%| F|  |TAMS 0x000000008a700000, 0x000000008a700000| Untracked 
|  88|0x000000008a800000, 0x000000008a800000, 0x000000008a900000|  0%| F|  |TAMS 0x000000008a800000, 0x000000008a800000| Untracked 
|  89|0x000000008a900000, 0x000000008a900000, 0x000000008aa00000|  0%| F|  |TAMS 0x000000008a900000, 0x000000008a900000| Untracked 
|  90|0x000000008aa00000, 0x000000008aa00000, 0x000000008ab00000|  0%| F|  |TAMS 0x000000008aa00000, 0x000000008aa00000| Untracked 
|  91|0x000000008ab00000, 0x000000008ab00000, 0x000000008ac00000|  0%| F|  |TAMS 0x000000008ab00000, 0x000000008ab00000| Untracked 
|  92|0x000000008ac00000, 0x000000008ac00000, 0x000000008ad00000|  0%| F|  |TAMS 0x000000008ac00000, 0x000000008ac00000| Untracked 
|  93|0x000000008ad00000, 0x000000008ad00000, 0x000000008ae00000|  0%| F|  |TAMS 0x000000008ad00000, 0x000000008ad00000| Untracked 
|  94|0x000000008ae00000, 0x000000008ae00000, 0x000000008af00000|  0%| F|  |TAMS 0x000000008ae00000, 0x000000008ae00000| Untracked 
|  95|0x000000008af00000, 0x000000008af00000, 0x000000008b000000|  0%| F|  |TAMS 0x000000008af00000, 0x000000008af00000| Untracked 
|  96|0x000000008b000000, 0x000000008b000000, 0x000000008b100000|  0%| F|  |TAMS 0x000000008b000000, 0x000000008b000000| Untracked 
|  97|0x000000008b100000, 0x000000008b100000, 0x000000008b200000|  0%| F|  |TAMS 0x000000008b100000, 0x000000008b100000| Untracked 
|  98|0x000000008b200000, 0x000000008b200000, 0x000000008b300000|  0%| F|  |TAMS 0x000000008b200000, 0x000000008b200000| Untracked 
|  99|0x000000008b300000, 0x000000008b300000, 0x000000008b400000|  0%| F|  |TAMS 0x000000008b300000, 0x000000008b300000| Untracked 
| 100|0x000000008b400000, 0x000000008b400000, 0x000000008b500000|  0%| F|  |TAMS 0x000000008b400000, 0x000000008b400000| Untracked 
| 101|0x000000008b500000, 0x000000008b500000, 0x000000008b600000|  0%| F|  |TAMS 0x000000008b500000, 0x000000008b500000| Untracked 
| 102|0x000000008b600000, 0x000000008b600000, 0x000000008b700000|  0%| F|  |TAMS 0x000000008b600000, 0x000000008b600000| Untracked 
| 103|0x000000008b700000, 0x000000008b700000, 0x000000008b800000|  0%| F|  |TAMS 0x000000008b700000, 0x000000008b700000| Untracked 
| 104|0x000000008b800000, 0x000000008b800000, 0x000000008b900000|  0%| F|  |TAMS 0x000000008b800000, 0x000000008b800000| Untracked 
| 105|0x000000008b900000, 0x000000008b900000, 0x000000008ba00000|  0%| F|  |TAMS 0x000000008b900000, 0x000000008b900000| Untracked 
| 106|0x000000008ba00000, 0x000000008ba00000, 0x000000008bb00000|  0%| F|  |TAMS 0x000000008ba00000, 0x000000008ba00000| Untracked 
| 107|0x000000008bb00000, 0x000000008bb00000, 0x000000008bc00000|  0%| F|  |TAMS 0x000000008bb00000, 0x000000008bb00000| Untracked 
| 108|0x000000008bc00000, 0x000000008bc00000, 0x000000008bd00000|  0%| F|  |TAMS 0x000000008bc00000, 0x000000008bc00000| Untracked 
| 109|0x000000008bd00000, 0x000000008bd00000, 0x000000008be00000|  0%| F|  |TAMS 0x000000008bd00000, 0x000000008bd00000| Untracked 
| 110|0x000000008be00000, 0x000000008bf00000, 0x000000008bf00000|100%| E|CS|TAMS 0x000000008be00000, 0x000000008be00000| Complete 
| 111|0x000000008bf00000, 0x000000008c000000, 0x000000008c000000|100%| E|CS|TAMS 0x000000008bf00000, 0x000000008bf00000| Complete 
| 112|0x000000008c000000, 0x000000008c100000, 0x000000008c100000|100%| E|CS|TAMS 0x000000008c000000, 0x000000008c000000| Complete 
| 113|0x000000008c100000, 0x000000008c200000, 0x000000008c200000|100%| E|CS|TAMS 0x000000008c100000, 0x000000008c100000| Complete 
| 114|0x000000008c200000, 0x000000008c300000, 0x000000008c300000|100%| E|CS|TAMS 0x000000008c200000, 0x000000008c200000| Complete 
| 115|0x000000008c300000, 0x000000008c400000, 0x000000008c400000|100%| E|CS|TAMS 0x000000008c300000, 0x000000008c300000| Complete 
| 116|0x000000008c400000, 0x000000008c500000, 0x000000008c500000|100%| E|CS|TAMS 0x000000008c400000, 0x000000008c400000| Complete 
| 117|0x000000008c500000, 0x000000008c600000, 0x000000008c600000|100%| E|CS|TAMS 0x000000008c500000, 0x000000008c500000| Complete 
| 118|0x000000008c600000, 0x000000008c700000, 0x000000008c700000|100%| E|CS|TAMS 0x000000008c600000, 0x000000008c600000| Complete 
| 119|0x000000008c700000, 0x000000008c800000, 0x000000008c800000|100%| E|CS|TAMS 0x000000008c700000, 0x000000008c700000| Complete 
| 120|0x000000008c800000, 0x000000008c900000, 0x000000008c900000|100%| E|CS|TAMS 0x000000008c800000, 0x000000008c800000| Complete 
| 121|0x000000008c900000, 0x000000008ca00000, 0x000000008ca00000|100%| E|CS|TAMS 0x000000008c900000, 0x000000008c900000| Complete 
| 122|0x000000008ca00000, 0x000000008cb00000, 0x000000008cb00000|100%| E|CS|TAMS 0x000000008ca00000, 0x000000008ca00000| Complete 
| 123|0x000000008cb00000, 0x000000008cc00000, 0x000000008cc00000|100%| E|CS|TAMS 0x000000008cb00000, 0x000000008cb00000| Complete 
|1966|0x00000000ffe00000, 0x00000000ffe34000, 0x00000000fff00000| 20%|OA|  |TAMS 0x00000000ffe00000, 0x00000000ffe00000| Untracked 
|1967|0x00000000fff00000, 0x00000000fff6a000, 0x0000000100000000| 41%|CA|  |TAMS 0x00000000fff00000, 0x00000000fff00000| Untracked 

Card table byte_map: [0x00007f8b7863d000,0x00007f8b78a15000] _byte_map_base: 0x00007f8b78215000

Marking Bits (Prev, Next): (CMBitMap*) 0x00007f8b7404f5d8, (CMBitMap*) 0x00007f8b7404f610
 Prev Bits: [0x00007f8b56140000, 0x00007f8b58000000)
 Next Bits: [0x00007f8b54280000, 0x00007f8b56140000)

Polling page: 0x00007f8b79506000

Metaspace:

Usage:
  Non-class:      4.78 MB capacity,     4.59 MB ( 96%) used,   166.77 KB (  3%) free+waste,    28.56 KB ( <1%) overhead. 
      Class:    769.00 KB capacity,   585.38 KB ( 76%) used,   165.49 KB ( 22%) free+waste,    18.12 KB (  2%) overhead. 
       Both:      5.53 MB capacity,     5.16 MB ( 93%) used,   332.27 KB (  6%) free+waste,    46.69 KB ( <1%) overhead. 

Virtual space:
  Non-class space:        8.00 MB reserved,       5.00 MB ( 62%) committed 
      Class space:        1.00 GB reserved,     896.00 KB ( <1%) committed 
             Both:        1.01 GB reserved,       5.88 MB ( <1%) committed 

Chunk freelists:
   Non-Class:  37.00 KB
       Class:  31.00 KB
        Both:  68.00 KB

CodeHeap 'non-profiled nmethods': size=120032Kb used=222Kb max_used=222Kb free=119809Kb
 bounds [0x00007f8b6441e000, 0x00007f8b6468e000, 0x00007f8b6b956000]
CodeHeap 'profiled nmethods': size=120032Kb used=1211Kb max_used=1211Kb free=118820Kb
 bounds [0x00007f8b5cee6000, 0x00007f8b5d156000, 0x00007f8b6441e000]
CodeHeap 'non-nmethods': size=5696Kb used=1183Kb max_used=1197Kb free=4512Kb
 bounds [0x00007f8b5c956000, 0x00007f8b5cbc6000, 0x00007f8b5cee6000]
 total_blobs=1310 nmethods=659 adapters=455
 compilation: enabled
              stopped_count=0, restarted_count=0
 full_count=0

Compilation events (10 events):
Event: 1.123 Thread 0x00007f8b74112800  658       1       java.net.URL::getHost (5 bytes)
Event: 1.123 Thread 0x00007f8b74112800 nmethod 658 0x00007f8b64455390 code [0x00007f8b64455540, 0x00007f8b64455670]
Event: 1.123 Thread 0x00007f8b74112800  659       3       java.lang.String::lastIndexOf (29 bytes)
Event: 1.124 Thread 0x00007f8b74112800 nmethod 659 0x00007f8b5d013c90 code [0x00007f8b5d013e60, 0x00007f8b5d014158]
Event: 1.124 Thread 0x00007f8b74112800  661       3       java.lang.String::lastIndexOf (12 bytes)
Event: 1.124 Thread 0x00007f8b74112800 nmethod 661 0x00007f8b5d014290 code [0x00007f8b5d014480, 0x00007f8b5d0148d8]
Event: 1.124 Thread 0x00007f8b74112800  660       3       java.lang.String::startsWith (7 bytes)
Event: 1.124 Thread 0x00007f8b74112800 nmethod 660 0x00007f8b5d014a90 code [0x00007f8b5d014c40, 0x00007f8b5d014de8]
Event: 1.124 Thread 0x00007f8b74112800  662       1       java.net.URL::getProtocol (5 bytes)
Event: 1.125 Thread 0x00007f8b74112800 nmethod 662 0x00007f8b64455710 code [0x00007f8b644558c0, 0x00007f8b644559f0]

GC Heap History (0 events):
No events

Deoptimization events (10 events):
Event: 1.120 Thread 0x00007f8b7432c800 DEOPT PACKING pc=0x00007f8b5cfedb75 sp=0x00007f8b18ff76a0
Event: 1.120 Thread 0x00007f8b7432c800 DEOPT UNPACKING pc=0x00007f8b5c97e83a sp=0x00007f8b18ff6b30 mode 0
Event: 1.120 Thread 0x00007f8b7432c800 DEOPT PACKING pc=0x00007f8b5cfedb75 sp=0x00007f8b18ff76a0
Event: 1.120 Thread 0x00007f8b7432c800 DEOPT UNPACKING pc=0x00007f8b5c97e83a sp=0x00007f8b18ff6b30 mode 0
Event: 1.120 Thread 0x00007f8b7432c800 DEOPT PACKING pc=0x00007f8b5cfedb75 sp=0x00007f8b18ff76a0
Event: 1.120 Thread 0x00007f8b7432c800 DEOPT UNPACKING pc=0x00007f8b5c97e83a sp=0x00007f8b18ff6b30 mode 0
Event: 1.121 Thread 0x00007f8b7432c800 Uncommon trap: trap_request=0xffffff4d fr.pc=0x00007f8b64453b6c relative=0x000000000000082c
Event: 1.121 Thread 0x00007f8b7432c800 Uncommon trap: reason=unstable_if action=reinterpret pc=0x00007f8b64453b6c method=sun.awt.image.PNGImageDecoder.produceImage()V @ 867 c2
Event: 1.121 Thread 0x00007f8b7432c800 DEOPT PACKING pc=0x00007f8b64453b6c sp=0x00007f8b18ff7720
Event: 1.121 Thread 0x00007f8b7432c800 DEOPT UNPACKING pc=0x00007f8b5c97ea25 sp=0x00007f8b18ff7650 mode 2

Classes redefined (0 events):
No events

Internal exceptions (10 events):
Event: 0.203 Thread 0x00007f8b74011800 Exception <a 'java/lang/NoSuchMethodError'{0x000000008c8bfd80}: 'java.lang.Object java.lang.invoke.DirectMethodHandle$Holder.invokeStatic(java.lang.Object, int, java.lang.Object, java.lang.Object, java.lang.Object)'> (0x000000008c8bfd80) thrown at [/build
Event: 0.204 Thread 0x00007f8b74011800 Exception <a 'java/lang/NoSuchMethodError'{0x000000008c8c38c8}: 'java.lang.Object java.lang.invoke.DirectMethodHandle$Holder.invokeSpecial(java.lang.Object, java.lang.Object, int, java.lang.Object, java.lang.Object, java.lang.Object)'> (0x000000008c8c38c8
Event: 0.208 Thread 0x00007f8b74011800 Exception <a 'java/lang/NoSuchMethodError'{0x000000008c8db560}: 'java.lang.Object java.lang.invoke.DirectMethodHandle$Holder.invokeStatic(java.lang.Object, int, java.lang.Object)'> (0x000000008c8db560) thrown at [/build/openjdk-lts-ZT5jEu/openjdk-lts-11.0
Event: 0.968 Thread 0x00007f8b74011800 Exception <a 'java/lang/NoSuchMethodError'{0x000000008c7747c8}: 'java.lang.Object java.lang.invoke.DirectMethodHandle$Holder.invokeStatic(java.lang.Object, java.lang.Object, java.lang.Object, java.lang.Object, java.lang.Object, java.lang.Object, java.lang
Event: 0.970 Thread 0x00007f8b74011800 Exception <a 'java/lang/NoSuchMethodError'{0x000000008c78e728}: 'java.lang.Object java.lang.invoke.DirectMethodHandle$Holder.invokeStatic(java.lang.Object, java.lang.Object, java.lang.Object, java.lang.Object, java.lang.Object, java.lang.Object, java.lang
Event: 0.972 Thread 0x00007f8b74011800 Exception <a 'java/lang/NoSuchMethodError'{0x000000008c79ab00}: 'void java.lang.invoke.DirectMethodHandle$Holder.invokeSpecial(java.lang.Object, java.lang.Object)'> (0x000000008c79ab00) thrown at [/build/openjdk-lts-ZT5jEu/openjdk-lts-11.0.4+11/src/hotspo
Event: 1.012 Thread 0x00007f8b74011800 Exception <a 'java/lang/NoSuchMethodError'{0x000000008c6c0e58}: 'java.lang.Object java.lang.invoke.Invokers$Holder.linkToTargetMethod(java.lang.Object, int, java.lang.Object)'> (0x000000008c6c0e58) thrown at [/build/openjdk-lts-ZT5jEu/openjdk-lts-11.0.4+1
Event: 1.024 Thread 0x00007f8b74011800 Exception <a 'java/lang/ClassNotFoundException'{0x000000008c503ca0}: com/sun/swing/internal/plaf/metal/resources/spi/metalProvider> (0x000000008c503ca0) thrown at [/build/openjdk-lts-ZT5jEu/openjdk-lts-11.0.4+11/src/hotspot/share/classfile/systemDictionar
Event: 1.025 Thread 0x00007f8b74011800 Exception <a 'java/lang/ClassNotFoundException'{0x000000008c507ba8}: com/sun/swing/internal/plaf/basic/resources/spi/basicProvider> (0x000000008c507ba8) thrown at [/build/openjdk-lts-ZT5jEu/openjdk-lts-11.0.4+11/src/hotspot/share/classfile/systemDictionar
Event: 1.125 Thread 0x00007f8b74334800 Exception <a 'java/lang/NoSuchMethodError'{0x000000008beda5d8}: moveNorth> (0x000000008beda5d8) thrown at [/build/openjdk-lts-ZT5jEu/openjdk-lts-11.0.4+11/src/hotspot/share/prims/jni.cpp, line 1364]

Events (10 events):
Event: 1.124 loading class java/util/concurrent/ArrayBlockingQueue done
Event: 1.124 loading class AI_Robot
Event: 1.124 loading class AI_Robot done
Event: 1.124 loading class AIGroup
Event: 1.124 loading class AIGroup done
Event: 1.125 loading class CRobot$1
Event: 1.125 loading class CRobot$1 done
Event: 1.125 Thread 0x00007f8b74334800 Thread added: 0x00007f8b74334800
Event: 1.125 loading class AI_Robot$1
Event: 1.125 loading class AI_Robot$1 done


Dynamic libraries:
85000000-8cc00000 rw-p 00000000 00:00 0 
8cc00000-ffe00000 ---p 00000000 00:00 0 
ffe00000-ffe34000 rw-p 01116000 08:02 23990720                           /usr/lib/jvm/java-11-openjdk-amd64/lib/server/classes.jsa
ffe34000-fff00000 rw-p 00000000 00:00 0 
fff00000-fff6a000 rw-p 010ac000 08:02 23990720                           /usr/lib/jvm/java-11-openjdk-amd64/lib/server/classes.jsa
fff6a000-100000000 rw-p 00000000 00:00 0 
800000000-800002000 rwxp 00001000 08:02 23990720                         /usr/lib/jvm/java-11-openjdk-amd64/lib/server/classes.jsa
800002000-8003bd000 rw-p 00003000 08:02 23990720                         /usr/lib/jvm/java-11-openjdk-amd64/lib/server/classes.jsa
8003bd000-800a98000 r--p 003be000 08:02 23990720                         /usr/lib/jvm/java-11-openjdk-amd64/lib/server/classes.jsa
800a98000-800a99000 rw-p 00a99000 08:02 23990720                         /usr/lib/jvm/java-11-openjdk-amd64/lib/server/classes.jsa
800a99000-8010ab000 r--p 00a9a000 08:02 23990720                         /usr/lib/jvm/java-11-openjdk-amd64/lib/server/classes.jsa
840000000-8400e0000 rw-p 00000000 00:00 0 
8400e0000-880000000 ---p 00000000 00:00 0 
561e6922a000-561e6922b000 r--p 00000000 08:02 23597129                   /usr/lib/jvm/java-11-openjdk-amd64/bin/java
561e6922b000-561e6922c000 r-xp 00001000 08:02 23597129                   /usr/lib/jvm/java-11-openjdk-amd64/bin/java
561e6922c000-561e6922d000 r--p 00002000 08:02 23597129                   /usr/lib/jvm/java-11-openjdk-amd64/bin/java
561e6922d000-561e6922e000 r--p 00002000 08:02 23597129                   /usr/lib/jvm/java-11-openjdk-amd64/bin/java
561e6922e000-561e6922f000 rw-p 00003000 08:02 23597129                   /usr/lib/jvm/java-11-openjdk-amd64/bin/java
561e6a99a000-561e6a9bb000 rw-p 00000000 00:00 0                          [heap]
7f8af0000000-7f8af0021000 rw-p 00000000 00:00 0 
7f8af0021000-7f8af4000000 ---p 00000000 00:00 0 
7f8af4000000-7f8af4021000 rw-p 00000000 00:00 0 
7f8af4021000-7f8af8000000 ---p 00000000 00:00 0 
7f8af8000000-7f8af8037000 rw-p 00000000 00:00 0 
7f8af8037000-7f8afc000000 ---p 00000000 00:00 0 
7f8afc000000-7f8afc021000 rw-p 00000000 00:00 0 
7f8afc021000-7f8b00000000 ---p 00000000 00:00 0 
7f8b00000000-7f8b00021000 rw-p 00000000 00:00 0 
7f8b00021000-7f8b04000000 ---p 00000000 00:00 0 
7f8b04000000-7f8b04021000 rw-p 00000000 00:00 0 
7f8b04021000-7f8b08000000 ---p 00000000 00:00 0 
7f8b08000000-7f8b08021000 rw-p 00000000 00:00 0 
7f8b08021000-7f8b0c000000 ---p 00000000 00:00 0 
7f8b0c000000-7f8b0c021000 rw-p 00000000 00:00 0 
7f8b0c021000-7f8b10000000 ---p 00000000 00:00 0 
7f8b10000000-7f8b10021000 rw-p 00000000 00:00 0 
7f8b10021000-7f8b14000000 ---p 00000000 00:00 0 
7f8b14000000-7f8b14021000 rw-p 00000000 00:00 0 
7f8b14021000-7f8b18000000 ---p 00000000 00:00 0 
7f8b18bf5000-7f8b18bf9000 ---p 00000000 00:00 0 
7f8b18bf9000-7f8b18cf6000 rw-p 00000000 00:00 0 
7f8b18cf6000-7f8b18cfa000 ---p 00000000 00:00 0 
7f8b18cfa000-7f8b18df7000 rw-p 00000000 00:00 0 
7f8b18df7000-7f8b18dfb000 ---p 00000000 00:00 0 
7f8b18dfb000-7f8b18ef8000 rw-p 00000000 00:00 0 
7f8b18ef8000-7f8b18efc000 ---p 00000000 00:00 0 
7f8b18efc000-7f8b18ff9000 rw-p 00000000 00:00 0 
7f8b18ff9000-7f8b18ffd000 ---p 00000000 00:00 0 
7f8b18ffd000-7f8b190fa000 rw-p 00000000 00:00 0 
7f8b190fa000-7f8b190fe000 ---p 00000000 00:00 0 
7f8b190fe000-7f8b191fb000 rw-p 00000000 00:00 0 
7f8b191fb000-7f8b19200000 r-xp 00000000 08:02 23600531                   /usr/lib/x86_64-linux-gnu/libXfixes.so.3.1.0
7f8b19200000-7f8b193ff000 ---p 00005000 08:02 23600531                   /usr/lib/x86_64-linux-gnu/libXfixes.so.3.1.0
7f8b193ff000-7f8b19400000 r--p 00004000 08:02 23600531                   /usr/lib/x86_64-linux-gnu/libXfixes.so.3.1.0
7f8b19400000-7f8b19401000 rw-p 00005000 08:02 23600531                   /usr/lib/x86_64-linux-gnu/libXfixes.so.3.1.0
7f8b19401000-7f8b19403000 r--p 00000000 08:02 23600523                   /usr/lib/x86_64-linux-gnu/libXcursor.so.1.0.2
7f8b19403000-7f8b19408000 r-xp 00002000 08:02 23600523                   /usr/lib/x86_64-linux-gnu/libXcursor.so.1.0.2
7f8b19408000-7f8b1940a000 r--p 00007000 08:02 23600523                   /usr/lib/x86_64-linux-gnu/libXcursor.so.1.0.2
7f8b1940a000-7f8b1940b000 r--p 00008000 08:02 23600523                   /usr/lib/x86_64-linux-gnu/libXcursor.so.1.0.2
7f8b1940b000-7f8b1940c000 rw-p 00009000 08:02 23600523                   /usr/lib/x86_64-linux-gnu/libXcursor.so.1.0.2
7f8b1941e000-7f8b1941f000 ---p 00000000 00:00 0 
7f8b1941f000-7f8b19c1f000 rw-p 00000000 00:00 0 
7f8b19c1f000-7f8b19c20000 ---p 00000000 00:00 0 
7f8b19c20000-7f8b1a420000 rw-p 00000000 00:00 0 
7f8b1a420000-7f8b1a421000 ---p 00000000 00:00 0 
7f8b1a421000-7f8b1ac21000 rw-p 00000000 00:00 0 
7f8b1ac21000-7f8b1ac47000 r--p 00000000 08:02 25043479                   /usr/share/glib-2.0/schemas/gschemas.compiled
7f8b1ac47000-7f8b1ac51000 r--p 00000000 08:02 23600663                   /usr/lib/x86_64-linux-gnu/libblkid.so.1.1.0
7f8b1ac51000-7f8b1ac85000 r-xp 0000a000 08:02 23600663                   /usr/lib/x86_64-linux-gnu/libblkid.so.1.1.0
7f8b1ac85000-7f8b1ac95000 r--p 0003e000 08:02 23600663                   /usr/lib/x86_64-linux-gnu/libblkid.so.1.1.0
7f8b1ac95000-7f8b1ac96000 ---p 0004e000 08:02 23600663                   /usr/lib/x86_64-linux-gnu/libblkid.so.1.1.0
7f8b1ac96000-7f8b1ac9b000 r--p 0004e000 08:02 23600663                   /usr/lib/x86_64-linux-gnu/libblkid.so.1.1.0
7f8b1ac9b000-7f8b1ac9c000 rw-p 00053000 08:02 23600663                   /usr/lib/x86_64-linux-gnu/libblkid.so.1.1.0
7f8b1ac9c000-7f8b1ac9e000 r--p 00000000 08:02 23601506                   /usr/lib/x86_64-linux-gnu/libpcre.so.3.13.3
7f8b1ac9e000-7f8b1acf0000 r-xp 00002000 08:02 23601506                   /usr/lib/x86_64-linux-gnu/libpcre.so.3.13.3
7f8b1acf0000-7f8b1ad0e000 r--p 00054000 08:02 23601506                   /usr/lib/x86_64-linux-gnu/libpcre.so.3.13.3
7f8b1ad0e000-7f8b1ad0f000 r--p 00071000 08:02 23601506                   /usr/lib/x86_64-linux-gnu/libpcre.so.3.13.3
7f8b1ad0f000-7f8b1ad10000 rw-p 00072000 08:02 23601506                   /usr/lib/x86_64-linux-gnu/libpcre.so.3.13.3
7f8b1ad10000-7f8b1ad14000 r--p 00000000 08:02 23601610                   /usr/lib/x86_64-linux-gnu/libresolv-2.29.so
7f8b1ad14000-7f8b1ad23000 r-xp 00004000 08:02 23601610                   /usr/lib/x86_64-linux-gnu/libresolv-2.29.so
7f8b1ad23000-7f8b1ad26000 r--p 00013000 08:02 23601610                   /usr/lib/x86_64-linux-gnu/libresolv-2.29.so
7f8b1ad26000-7f8b1ad27000 ---p 00016000 08:02 23601610                   /usr/lib/x86_64-linux-gnu/libresolv-2.29.so
7f8b1ad27000-7f8b1ad28000 r--p 00016000 08:02 23601610                   /usr/lib/x86_64-linux-gnu/libresolv-2.29.so
7f8b1ad28000-7f8b1ad29000 rw-p 00017000 08:02 23601610                   /usr/lib/x86_64-linux-gnu/libresolv-2.29.so
7f8b1ad29000-7f8b1ad2b000 rw-p 00000000 00:00 0 
7f8b1ad2b000-7f8b1ad31000 r--p 00000000 08:02 23601661                   /usr/lib/x86_64-linux-gnu/libselinux.so.1
7f8b1ad31000-7f8b1ad49000 r-xp 00006000 08:02 23601661                   /usr/lib/x86_64-linux-gnu/libselinux.so.1
7f8b1ad49000-7f8b1ad50000 r--p 0001e000 08:02 23601661                   /usr/lib/x86_64-linux-gnu/libselinux.so.1
7f8b1ad50000-7f8b1ad51000 ---p 00025000 08:02 23601661                   /usr/lib/x86_64-linux-gnu/libselinux.so.1
7f8b1ad51000-7f8b1ad52000 r--p 00025000 08:02 23601661                   /usr/lib/x86_64-linux-gnu/libselinux.so.1
7f8b1ad52000-7f8b1ad53000 rw-p 00026000 08:02 23601661                   /usr/lib/x86_64-linux-gnu/libselinux.so.1
7f8b1ad53000-7f8b1ad55000 rw-p 00000000 00:00 0 
7f8b1ad55000-7f8b1ad60000 r--p 00000000 08:02 23601326                   /usr/lib/x86_64-linux-gnu/libmount.so.1.1.0
7f8b1ad60000-7f8b1ad9b000 r-xp 0000b000 08:02 23601326                   /usr/lib/x86_64-linux-gnu/libmount.so.1.1.0
7f8b1ad9b000-7f8b1adad000 r--p 00046000 08:02 23601326                   /usr/lib/x86_64-linux-gnu/libmount.so.1.1.0
7f8b1adad000-7f8b1adb0000 r--p 00057000 08:02 23601326                   /usr/lib/x86_64-linux-gnu/libmount.so.1.1.0
7f8b1adb0000-7f8b1adb1000 rw-p 0005a000 08:02 23601326                   /usr/lib/x86_64-linux-gnu/libmount.so.1.1.0
7f8b1adb1000-7f8b1adcc000 r--p 00000000 08:02 23593383                   /usr/lib/x86_64-linux-gnu/libglib-2.0.so.0.6000.0
7f8b1adcc000-7f8b1ae4c000 r-xp 0001b000 08:02 23593383                   /usr/lib/x86_64-linux-gnu/libglib-2.0.so.0.6000.0
7f8b1ae4c000-7f8b1aece000 r--p 0009b000 08:02 23593383                   /usr/lib/x86_64-linux-gnu/libglib-2.0.so.0.6000.0
7f8b1aece000-7f8b1aecf000 ---p 0011d000 08:02 23593383                   /usr/lib/x86_64-linux-gnu/libglib-2.0.so.0.6000.0
7f8b1aecf000-7f8b1aed0000 r--p 0011d000 08:02 23593383                   /usr/lib/x86_64-linux-gnu/libglib-2.0.so.0.6000.0
7f8b1aed0000-7f8b1aed1000 rw-p 0011e000 08:02 23593383                   /usr/lib/x86_64-linux-gnu/libglib-2.0.so.0.6000.0
7f8b1aed1000-7f8b1aed2000 rw-p 00000000 00:00 0 
7f8b1aed2000-7f8b1af09000 r--p 00000000 08:02 23593360                   /usr/lib/x86_64-linux-gnu/libgio-2.0.so.0.6000.0
7f8b1af09000-7f8b1b00a000 r-xp 00037000 08:02 23593360                   /usr/lib/x86_64-linux-gnu/libgio-2.0.so.0.6000.0
7f8b1b00a000-7f8b1b090000 r--p 00138000 08:02 23593360                   /usr/lib/x86_64-linux-gnu/libgio-2.0.so.0.6000.0
7f8b1b090000-7f8b1b098000 r--p 001bd000 08:02 23593360                   /usr/lib/x86_64-linux-gnu/libgio-2.0.so.0.6000.0
7f8b1b098000-7f8b1b099000 rw-p 001c5000 08:02 23593360                   /usr/lib/x86_64-linux-gnu/libgio-2.0.so.0.6000.0
7f8b1b099000-7f8b1b09b000 rw-p 00000000 00:00 0 
7f8b1b09b000-7f8b1b0a5000 r-xp 00000000 08:02 23600547                   /usr/lib/x86_64-linux-gnu/libXrandr.so.2.2.0
7f8b1b0a5000-7f8b1b2a4000 ---p 0000a000 08:02 23600547                   /usr/lib/x86_64-linux-gnu/libXrandr.so.2.2.0
7f8b1b2a4000-7f8b1b2a5000 r--p 00009000 08:02 23600547                   /usr/lib/x86_64-linux-gnu/libXrandr.so.2.2.0
7f8b1b2a5000-7f8b1b2a6000 rw-p 0000a000 08:02 23600547                   /usr/lib/x86_64-linux-gnu/libXrandr.so.2.2.0
7f8b1b2a6000-7f8b1b2b2000 r--p 00000000 08:02 23600949                   /usr/lib/x86_64-linux-gnu/libfreetype.so.6.16.1
7f8b1b2b2000-7f8b1b32f000 r-xp 0000c000 08:02 23600949                   /usr/lib/x86_64-linux-gnu/libfreetype.so.6.16.1
7f8b1b32f000-7f8b1b358000 r--p 00089000 08:02 23600949                   /usr/lib/x86_64-linux-gnu/libfreetype.so.6.16.1
7f8b1b358000-7f8b1b359000 ---p 000b2000 08:02 23600949                   /usr/lib/x86_64-linux-gnu/libfreetype.so.6.16.1
7f8b1b359000-7f8b1b360000 r--p 000b2000 08:02 23600949                   /usr/lib/x86_64-linux-gnu/libfreetype.so.6.16.1
7f8b1b360000-7f8b1b361000 rw-p 000b9000 08:02 23600949                   /usr/lib/x86_64-linux-gnu/libfreetype.so.6.16.1
7f8b1b361000-7f8b1b365000 r--p 00000000 08:02 23990635                   /usr/lib/jvm/java-11-openjdk-amd64/lib/libfontmanager.so
7f8b1b365000-7f8b1b457000 r-xp 00004000 08:02 23990635                   /usr/lib/jvm/java-11-openjdk-amd64/lib/libfontmanager.so
7f8b1b457000-7f8b1b497000 r--p 000f6000 08:02 23990635                   /usr/lib/jvm/java-11-openjdk-amd64/lib/libfontmanager.so
7f8b1b497000-7f8b1b498000 r--p 00135000 08:02 23990635                   /usr/lib/jvm/java-11-openjdk-amd64/lib/libfontmanager.so
7f8b1b498000-7f8b1b499000 rw-p 00136000 08:02 23990635                   /usr/lib/jvm/java-11-openjdk-amd64/lib/libfontmanager.so
7f8b1b499000-7f8b1b49c000 rw-p 00000000 00:00 0 
7f8b1b49c000-7f8b1b4a1000 r-xp 00000000 08:02 23600527                   /usr/lib/x86_64-linux-gnu/libXdmcp.so.6.0.0
7f8b1b4a1000-7f8b1b6a0000 ---p 00005000 08:02 23600527                   /usr/lib/x86_64-linux-gnu/libXdmcp.so.6.0.0
7f8b1b6a0000-7f8b1b6a1000 r--p 00004000 08:02 23600527                   /usr/lib/x86_64-linux-gnu/libXdmcp.so.6.0.0
7f8b1b6a1000-7f8b1b6a2000 rw-p 00005000 08:02 23600527                   /usr/lib/x86_64-linux-gnu/libXdmcp.so.6.0.0
7f8b1b6a2000-7f8b1b6a4000 r-xp 00000000 08:02 23600516                   /usr/lib/x86_64-linux-gnu/libXau.so.6.0.0
7f8b1b6a4000-7f8b1b8a4000 ---p 00002000 08:02 23600516                   /usr/lib/x86_64-linux-gnu/libXau.so.6.0.0
7f8b1b8a4000-7f8b1b8a5000 r--p 00002000 08:02 23600516                   /usr/lib/x86_64-linux-gnu/libXau.so.6.0.0
7f8b1b8a5000-7f8b1b8a6000 rw-p 00003000 08:02 23600516                   /usr/lib/x86_64-linux-gnu/libXau.so.6.0.0
7f8b1b8a6000-7f8b1b8b5000 r-xp 00000000 08:02 23600537                   /usr/lib/x86_64-linux-gnu/libXi.so.6.1.0
7f8b1b8b5000-7f8b1bab4000 ---p 0000f000 08:02 23600537                   /usr/lib/x86_64-linux-gnu/libXi.so.6.1.0
7f8b1bab4000-7f8b1bab5000 r--p 0000e000 08:02 23600537                   /usr/lib/x86_64-linux-gnu/libXi.so.6.1.0
7f8b1bab5000-7f8b1bab6000 rw-p 0000f000 08:02 23600537                   /usr/lib/x86_64-linux-gnu/libXi.so.6.1.0
7f8b1bab6000-7f8b1babb000 r-xp 00000000 08:02 23600555                   /usr/lib/x86_64-linux-gnu/libXtst.so.6.1.0
7f8b1babb000-7f8b1bcba000 ---p 00005000 08:02 23600555                   /usr/lib/x86_64-linux-gnu/libXtst.so.6.1.0
7f8b1bcba000-7f8b1bcbb000 r--p 00004000 08:02 23600555                   /usr/lib/x86_64-linux-gnu/libXtst.so.6.1.0
7f8b1bcbb000-7f8b1bcbc000 rw-p 00005000 08:02 23600555                   /usr/lib/x86_64-linux-gnu/libXtst.so.6.1.0
7f8b1bcbc000-7f8b1bcc5000 r-xp 00000000 08:02 23600549                   /usr/lib/x86_64-linux-gnu/libXrender.so.1.3.0
7f8b1bcc5000-7f8b1bec4000 ---p 00009000 08:02 23600549                   /usr/lib/x86_64-linux-gnu/libXrender.so.1.3.0
7f8b1bec4000-7f8b1bec5000 r--p 00008000 08:02 23600549                   /usr/lib/x86_64-linux-gnu/libXrender.so.1.3.0
7f8b1bec5000-7f8b1bec6000 rw-p 00009000 08:02 23600549                   /usr/lib/x86_64-linux-gnu/libXrender.so.1.3.0
7f8b1bec6000-7f8b1bede000 r--p 00000000 08:02 23600512                   /usr/lib/x86_64-linux-gnu/libX11.so.6.3.0
7f8b1bede000-7f8b1bf66000 r-xp 00018000 08:02 23600512                   /usr/lib/x86_64-linux-gnu/libX11.so.6.3.0
7f8b1bf66000-7f8b1bffa000 r--p 000a0000 08:02 23600512                   /usr/lib/x86_64-linux-gnu/libX11.so.6.3.0
7f8b1bffa000-7f8b1bffb000 ---p 00134000 08:02 23600512                   /usr/lib/x86_64-linux-gnu/libX11.so.6.3.0
7f8b1bffb000-7f8b1bffc000 r--p 00134000 08:02 23600512                   /usr/lib/x86_64-linux-gnu/libX11.so.6.3.0
7f8b1bffc000-7f8b1c000000 rw-p 00135000 08:02 23600512                   /usr/lib/x86_64-linux-gnu/libX11.so.6.3.0
7f8b1c000000-7f8b1c021000 rw-p 00000000 00:00 0 
7f8b1c021000-7f8b20000000 ---p 00000000 00:00 0 
7f8b20000000-7f8b20021000 rw-p 00000000 00:00 0 
7f8b20021000-7f8b24000000 ---p 00000000 00:00 0 
7f8b24000000-7f8b2426c000 rw-p 00000000 00:00 0 
7f8b2426c000-7f8b28000000 ---p 00000000 00:00 0 
7f8b28000000-7f8b28021000 rw-p 00000000 00:00 0 
7f8b28021000-7f8b2c000000 ---p 00000000 00:00 0 
7f8b2c000000-7f8b2c021000 rw-p 00000000 00:00 0 
7f8b2c021000-7f8b30000000 ---p 00000000 00:00 0 
7f8b30000000-7f8b3077d000 rw-p 00000000 00:00 0 
7f8b3077d000-7f8b34000000 ---p 00000000 00:00 0 
7f8b34000000-7f8b34021000 rw-p 00000000 00:00 0 
7f8b34021000-7f8b38000000 ---p 00000000 00:00 0 
7f8b38000000-7f8b38021000 rw-p 00000000 00:00 0 
7f8b38021000-7f8b3c000000 ---p 00000000 00:00 0 
7f8b3c000000-7f8b3c021000 rw-p 00000000 00:00 0 
7f8b3c021000-7f8b40000000 ---p 00000000 00:00 0 
7f8b40000000-7f8b40021000 rw-p 00000000 00:00 0 
7f8b40021000-7f8b44000000 ---p 00000000 00:00 0 
7f8b44000000-7f8b44021000 rw-p 00000000 00:00 0 
7f8b44021000-7f8b48000000 ---p 00000000 00:00 0 
7f8b48000000-7f8b48021000 rw-p 00000000 00:00 0 
7f8b48021000-7f8b4c000000 ---p 00000000 00:00 0 
7f8b4c007000-7f8b4c009000 r--p 00000000 08:02 23601822                   /usr/lib/x86_64-linux-gnu/libuuid.so.1.3.0
7f8b4c009000-7f8b4c00d000 r-xp 00002000 08:02 23601822                   /usr/lib/x86_64-linux-gnu/libuuid.so.1.3.0
7f8b4c00d000-7f8b4c00e000 r--p 00006000 08:02 23601822                   /usr/lib/x86_64-linux-gnu/libuuid.so.1.3.0
7f8b4c00e000-7f8b4c00f000 r--p 00006000 08:02 23601822                   /usr/lib/x86_64-linux-gnu/libuuid.so.1.3.0
7f8b4c00f000-7f8b4c010000 rw-p 00007000 08:02 23601822                   /usr/lib/x86_64-linux-gnu/libuuid.so.1.3.0
7f8b4c010000-7f8b4c012000 r--p 00000000 08:02 23600923                   /usr/lib/x86_64-linux-gnu/libffi.so.6.0.4
7f8b4c012000-7f8b4c017000 r-xp 00002000 08:02 23600923                   /usr/lib/x86_64-linux-gnu/libffi.so.6.0.4
7f8b4c017000-7f8b4c018000 r--p 00007000 08:02 23600923                   /usr/lib/x86_64-linux-gnu/libffi.so.6.0.4
7f8b4c018000-7f8b4c019000 r--p 00007000 08:02 23600923                   /usr/lib/x86_64-linux-gnu/libffi.so.6.0.4
7f8b4c019000-7f8b4c01a000 rw-p 00008000 08:02 23600923                   /usr/lib/x86_64-linux-gnu/libffi.so.6.0.4
7f8b4c01a000-7f8b4c028000 r--p 00000000 08:02 23593408                   /usr/lib/x86_64-linux-gnu/libgobject-2.0.so.0.6000.0
7f8b4c028000-7f8b4c05a000 r-xp 0000e000 08:02 23593408                   /usr/lib/x86_64-linux-gnu/libgobject-2.0.so.0.6000.0
7f8b4c05a000-7f8b4c072000 r--p 00040000 08:02 23593408                   /usr/lib/x86_64-linux-gnu/libgobject-2.0.so.0.6000.0
7f8b4c072000-7f8b4c075000 r--p 00057000 08:02 23593408                   /usr/lib/x86_64-linux-gnu/libgobject-2.0.so.0.6000.0
7f8b4c075000-7f8b4c076000 rw-p 0005a000 08:02 23593408                   /usr/lib/x86_64-linux-gnu/libgobject-2.0.so.0.6000.0
7f8b4c076000-7f8b4c07b000 r--p 00000000 08:02 23601542                   /usr/lib/x86_64-linux-gnu/libpng16.so.16.36.0
7f8b4c07b000-7f8b4c09f000 r-xp 00005000 08:02 23601542                   /usr/lib/x86_64-linux-gnu/libpng16.so.16.36.0
7f8b4c09f000-7f8b4c0ab000 r--p 00029000 08:02 23601542                   /usr/lib/x86_64-linux-gnu/libpng16.so.16.36.0
7f8b4c0ab000-7f8b4c0ac000 r--p 00034000 08:02 23601542                   /usr/lib/x86_64-linux-gnu/libpng16.so.16.36.0
7f8b4c0ac000-7f8b4c0ad000 rw-p 00035000 08:02 23601542                   /usr/lib/x86_64-linux-gnu/libpng16.so.16.36.0
7f8b4c0ad000-7f8b4c0b8000 r--p 00000000 08:02 23601932                   /usr/lib/x86_64-linux-gnu/libxcb.so.1.1.0
7f8b4c0b8000-7f8b4c0cb000 r-xp 0000b000 08:02 23601932                   /usr/lib/x86_64-linux-gnu/libxcb.so.1.1.0
7f8b4c0cb000-7f8b4c0d4000 r--p 0001e000 08:02 23601932                   /usr/lib/x86_64-linux-gnu/libxcb.so.1.1.0
7f8b4c0d4000-7f8b4c0d5000 r--p 00026000 08:02 23601932                   /usr/lib/x86_64-linux-gnu/libxcb.so.1.1.0
7f8b4c0d5000-7f8b4c0d6000 rw-p 00027000 08:02 23601932                   /usr/lib/x86_64-linux-gnu/libxcb.so.1.1.0
7f8b4c0d6000-7f8b4c0e7000 r-xp 00000000 08:02 23600529                   /usr/lib/x86_64-linux-gnu/libXext.so.6.4.0
7f8b4c0e7000-7f8b4c2e6000 ---p 00011000 08:02 23600529                   /usr/lib/x86_64-linux-gnu/libXext.so.6.4.0
7f8b4c2e6000-7f8b4c2e7000 r--p 00010000 08:02 23600529                   /usr/lib/x86_64-linux-gnu/libXext.so.6.4.0
7f8b4c2e7000-7f8b4c2e8000 rw-p 00011000 08:02 23600529                   /usr/lib/x86_64-linux-gnu/libXext.so.6.4.0
7f8b4c2e8000-7f8b4c2f8000 r--p 00000000 08:02 23990632                   /usr/lib/jvm/java-11-openjdk-amd64/lib/libawt_xawt.so
7f8b4c2f8000-7f8b4c335000 r-xp 00010000 08:02 23990632                   /usr/lib/jvm/java-11-openjdk-amd64/lib/libawt_xawt.so
7f8b4c335000-7f8b4c347000 r--p 0004d000 08:02 23990632                   /usr/lib/jvm/java-11-openjdk-amd64/lib/libawt_xawt.so
7f8b4c347000-7f8b4c348000 r--p 0005e000 08:02 23990632                   /usr/lib/jvm/java-11-openjdk-amd64/lib/libawt_xawt.so
7f8b4c348000-7f8b4c34b000 rw-p 0005f000 08:02 23990632                   /usr/lib/jvm/java-11-openjdk-amd64/lib/libawt_xawt.so
7f8b4c34b000-7f8b4c34d000 rw-p 00000000 00:00 0 
7f8b4c34d000-7f8b4c379000 r--p 00000000 08:02 23990630                   /usr/lib/jvm/java-11-openjdk-amd64/lib/libawt.so
7f8b4c379000-7f8b4c3e0000 r-xp 0002c000 08:02 23990630                   /usr/lib/jvm/java-11-openjdk-amd64/lib/libawt.so
7f8b4c3e0000-7f8b4c3ed000 r--p 00093000 08:02 23990630                   /usr/lib/jvm/java-11-openjdk-amd64/lib/libawt.so
7f8b4c3ed000-7f8b4c3ee000 r--p 0009f000 08:02 23990630                   /usr/lib/jvm/java-11-openjdk-amd64/lib/libawt.so
7f8b4c3ee000-7f8b4c3f9000 rw-p 000a0000 08:02 23990630                   /usr/lib/jvm/java-11-openjdk-amd64/lib/libawt.so
7f8b4c3f9000-7f8b4c41e000 rw-p 00000000 00:00 0 
7f8b4c41e000-7f8b4c422000 ---p 00000000 00:00 0 
7f8b4c422000-7f8b4c51f000 rw-p 00000000 00:00 0 
7f8b4c51f000-7f8b4c520000 ---p 00000000 00:00 0 
7f8b4c520000-7f8b4c621000 rw-p 00000000 00:00 0 
7f8b4c621000-7f8b4c625000 ---p 00000000 00:00 0 
7f8b4c625000-7f8b4c722000 rw-p 00000000 00:00 0 
7f8b4c722000-7f8b4c726000 ---p 00000000 00:00 0 
7f8b4c726000-7f8b4c823000 rw-p 00000000 00:00 0 
7f8b4c823000-7f8b4c827000 ---p 00000000 00:00 0 
7f8b4c827000-7f8b4c924000 rw-p 00000000 00:00 0 
7f8b4c924000-7f8b4c928000 ---p 00000000 00:00 0 
7f8b4c928000-7f8b4ca25000 rw-p 00000000 00:00 0 
7f8b4ca25000-7f8b4d800000 r--p 00000000 08:02 23600058                   /usr/lib/locale/locale-archive
7f8b4d800000-7f8b4dd00000 rw-p 00000000 00:00 0 
7f8b4dd00000-7f8b4e000000 ---p 00000000 00:00 0 
7f8b4e000000-7f8b50000000 rw-p 00000000 00:00 0 
7f8b50000000-7f8b50021000 rw-p 00000000 00:00 0 
7f8b50021000-7f8b54000000 ---p 00000000 00:00 0 
7f8b54008000-7f8b5400c000 r--p 00000000 08:02 23600683                   /usr/lib/x86_64-linux-gnu/libbsd.so.0.9.1
7f8b5400c000-7f8b5401b000 r-xp 00004000 08:02 23600683                   /usr/lib/x86_64-linux-gnu/libbsd.so.0.9.1
7f8b5401b000-7f8b5401e000 r--p 00013000 08:02 23600683                   /usr/lib/x86_64-linux-gnu/libbsd.so.0.9.1
7f8b5401e000-7f8b5401f000 ---p 00016000 08:02 23600683                   /usr/lib/x86_64-linux-gnu/libbsd.so.0.9.1
7f8b5401f000-7f8b54020000 r--p 00016000 08:02 23600683                   /usr/lib/x86_64-linux-gnu/libbsd.so.0.9.1
7f8b54020000-7f8b54021000 rw-p 00017000 08:02 23600683                   /usr/lib/x86_64-linux-gnu/libbsd.so.0.9.1
7f8b54021000-7f8b54022000 rw-p 00000000 00:00 0 
7f8b54023000-7f8b54027000 r--p 00000000 08:02 24250591                   /usr/lib/x86_64-linux-gnu/gio/modules/libdconfsettings.so
7f8b54027000-7f8b5402e000 r-xp 00004000 08:02 24250591                   /usr/lib/x86_64-linux-gnu/gio/modules/libdconfsettings.so
7f8b5402e000-7f8b54031000 r--p 0000b000 08:02 24250591                   /usr/lib/x86_64-linux-gnu/gio/modules/libdconfsettings.so
7f8b54031000-7f8b54032000 ---p 0000e000 08:02 24250591                   /usr/lib/x86_64-linux-gnu/gio/modules/libdconfsettings.so
7f8b54032000-7f8b54033000 r--p 0000e000 08:02 24250591                   /usr/lib/x86_64-linux-gnu/gio/modules/libdconfsettings.so
7f8b54033000-7f8b54034000 rw-p 0000f000 08:02 24250591                   /usr/lib/x86_64-linux-gnu/gio/modules/libdconfsettings.so
7f8b54034000-7f8b54065000 rw-p 00000000 00:00 0 
7f8b54065000-7f8b54069000 r--p 00000000 08:02 23990653                   /usr/lib/jvm/java-11-openjdk-amd64/lib/libnet.so
7f8b54069000-7f8b54078000 r-xp 00004000 08:02 23990653                   /usr/lib/jvm/java-11-openjdk-amd64/lib/libnet.so
7f8b54078000-7f8b5407c000 r--p 00013000 08:02 23990653                   /usr/lib/jvm/java-11-openjdk-amd64/lib/libnet.so
7f8b5407c000-7f8b5407d000 r--p 00016000 08:02 23990653                   /usr/lib/jvm/java-11-openjdk-amd64/lib/libnet.so
7f8b5407d000-7f8b5407e000 rw-p 00017000 08:02 23990653                   /usr/lib/jvm/java-11-openjdk-amd64/lib/libnet.so
7f8b5407e000-7f8b54082000 ---p 00000000 00:00 0 
7f8b54082000-7f8b5417f000 rw-p 00000000 00:00 0 
7f8b5417f000-7f8b54183000 ---p 00000000 00:00 0 
7f8b54183000-7f8b54470000 rw-p 00000000 00:00 0 
7f8b54470000-7f8b56138000 ---p 00000000 00:00 0 
7f8b56138000-7f8b56330000 rw-p 00000000 00:00 0 
7f8b56330000-7f8b57ff8000 ---p 00000000 00:00 0 
7f8b57ff8000-7f8b58000000 rw-p 00000000 00:00 0 
7f8b58000000-7f8b58021000 rw-p 00000000 00:00 0 
7f8b58021000-7f8b5c000000 ---p 00000000 00:00 0 
7f8b5c000000-7f8b5c001000 r--p 00000000 08:02 27001598                   /home/kramer/Downloads/RobotArena-master/RobotAreana/AIBasic/build/libs/mynativelibrary/shared/libmynativelibrary.so
7f8b5c001000-7f8b5c002000 r-xp 00001000 08:02 27001598                   /home/kramer/Downloads/RobotArena-master/RobotAreana/AIBasic/build/libs/mynativelibrary/shared/libmynativelibrary.so
7f8b5c002000-7f8b5c003000 r--p 00002000 08:02 27001598                   /home/kramer/Downloads/RobotArena-master/RobotAreana/AIBasic/build/libs/mynativelibrary/shared/libmynativelibrary.so
7f8b5c003000-7f8b5c004000 r--p 00002000 08:02 27001598                   /home/kramer/Downloads/RobotArena-master/RobotAreana/AIBasic/build/libs/mynativelibrary/shared/libmynativelibrary.so
7f8b5c004000-7f8b5c005000 rw-p 00003000 08:02 27001598                   /home/kramer/Downloads/RobotArena-master/RobotAreana/AIBasic/build/libs/mynativelibrary/shared/libmynativelibrary.so
7f8b5c005000-7f8b5c009000 ---p 00000000 00:00 0 
7f8b5c009000-7f8b5c106000 rw-p 00000000 00:00 0 
7f8b5c106000-7f8b5c107000 ---p 00000000 00:00 0 
7f8b5c107000-7f8b5c34e000 rw-p 00000000 00:00 0 
7f8b5c34e000-7f8b5c34f000 ---p 00000000 00:00 0 
7f8b5c34f000-7f8b5c450000 rw-p 00000000 00:00 0 
7f8b5c450000-7f8b5c451000 ---p 00000000 00:00 0 
7f8b5c451000-7f8b5c956000 rw-p 00000000 00:00 0 
7f8b5c956000-7f8b5cbc6000 rwxp 00000000 00:00 0 
7f8b5cbc6000-7f8b5cee6000 ---p 00000000 00:00 0 
7f8b5cee6000-7f8b5d156000 rwxp 00000000 00:00 0 
7f8b5d156000-7f8b6441e000 ---p 00000000 00:00 0 
7f8b6441e000-7f8b6468e000 rwxp 00000000 00:00 0 
7f8b6468e000-7f8b6b956000 ---p 00000000 00:00 0 
7f8b6b956000-7f8b74000000 r--s 00000000 08:02 23990663                   /usr/lib/jvm/java-11-openjdk-amd64/lib/modules
7f8b74000000-7f8b7433c000 rw-p 00000000 00:00 0 
7f8b7433c000-7f8b78000000 ---p 00000000 00:00 0 
7f8b78001000-7f8b78004000 r--p 00000000 08:02 24906137                   /home/kramer/.config/dconf/user
7f8b78004000-7f8b78005000 r--s 00000000 00:35 54                         /run/user/1000/dconf/user
7f8b78005000-7f8b78006000 r--p 00000000 08:02 25823354                   /usr/share/locale-langpack/en_AU/LC_MESSAGES/glib20.mo
7f8b78006000-7f8b78007000 r--p 00000000 08:02 23593407                   /usr/lib/x86_64-linux-gnu/libgmodule-2.0.so.0.6000.0
7f8b78007000-7f8b78009000 r-xp 00001000 08:02 23593407                   /usr/lib/x86_64-linux-gnu/libgmodule-2.0.so.0.6000.0
7f8b78009000-7f8b7800a000 r--p 00003000 08:02 23593407                   /usr/lib/x86_64-linux-gnu/libgmodule-2.0.so.0.6000.0
7f8b7800a000-7f8b7800b000 r--p 00003000 08:02 23593407                   /usr/lib/x86_64-linux-gnu/libgmodule-2.0.so.0.6000.0
7f8b7800b000-7f8b7800c000 rw-p 00004000 08:02 23593407                   /usr/lib/x86_64-linux-gnu/libgmodule-2.0.so.0.6000.0
7f8b7800c000-7f8b78013000 r--p 00000000 08:02 23990654                   /usr/lib/jvm/java-11-openjdk-amd64/lib/libnio.so
7f8b78013000-7f8b7801a000 r-xp 00007000 08:02 23990654                   /usr/lib/jvm/java-11-openjdk-amd64/lib/libnio.so
7f8b7801a000-7f8b7801d000 r--p 0000e000 08:02 23990654                   /usr/lib/jvm/java-11-openjdk-amd64/lib/libnio.so
7f8b7801d000-7f8b7801e000 r--p 00010000 08:02 23990654                   /usr/lib/jvm/java-11-openjdk-amd64/lib/libnio.so
7f8b7801e000-7f8b7801f000 rw-p 00011000 08:02 23990654                   /usr/lib/jvm/java-11-openjdk-amd64/lib/libnio.so
7f8b7801f000-7f8b78020000 ---p 00000000 00:00 0 
7f8b78020000-7f8b78121000 rw-p 00000000 00:00 0 
7f8b78121000-7f8b78122000 ---p 00000000 00:00 0 
7f8b78122000-7f8b782a3000 rw-p 00000000 00:00 0 
7f8b782a3000-7f8b7863c000 ---p 00000000 00:00 0 
7f8b7863c000-7f8b7867b000 rw-p 00000000 00:00 0 
7f8b7867b000-7f8b78a14000 ---p 00000000 00:00 0 
7f8b78a14000-7f8b78a53000 rw-p 00000000 00:00 0 
7f8b78a53000-7f8b78dec000 ---p 00000000 00:00 0 
7f8b78dec000-7f8b791f1000 rw-p 00000000 00:00 0 
7f8b791f1000-7f8b791f2000 ---p 00000000 00:00 0 
7f8b791f2000-7f8b792f8000 rw-p 00000000 00:00 0 
7f8b792f8000-7f8b793de000 ---p 00000000 00:00 0 
7f8b793de000-7f8b793e3000 rw-p 00000000 00:00 0 
7f8b793e3000-7f8b794c9000 ---p 00000000 00:00 0 
7f8b794c9000-7f8b794ce000 rw-p 00000000 00:00 0 
7f8b794ce000-7f8b794d5000 ---p 00000000 00:00 0 
7f8b794d5000-7f8b794d7000 r--s 00007000 08:02 24382982                   /usr/share/java/java-atk-wrapper.jar
7f8b794d7000-7f8b794d9000 r--p 00000000 08:02 23990645                   /usr/lib/jvm/java-11-openjdk-amd64/lib/libjimage.so
7f8b794d9000-7f8b794dc000 r-xp 00002000 08:02 23990645                   /usr/lib/jvm/java-11-openjdk-amd64/lib/libjimage.so
7f8b794dc000-7f8b794de000 r--p 00005000 08:02 23990645                   /usr/lib/jvm/java-11-openjdk-amd64/lib/libjimage.so
7f8b794de000-7f8b794df000 r--p 00006000 08:02 23990645                   /usr/lib/jvm/java-11-openjdk-amd64/lib/libjimage.so
7f8b794df000-7f8b794e0000 rw-p 00007000 08:02 23990645                   /usr/lib/jvm/java-11-openjdk-amd64/lib/libjimage.so
7f8b794e0000-7f8b794e3000 r--p 00000000 08:02 23601425                   /usr/lib/x86_64-linux-gnu/libnss_files-2.29.so
7f8b794e3000-7f8b794ea000 r-xp 00003000 08:02 23601425                   /usr/lib/x86_64-linux-gnu/libnss_files-2.29.so
7f8b794ea000-7f8b794ec000 r--p 0000a000 08:02 23601425                   /usr/lib/x86_64-linux-gnu/libnss_files-2.29.so
7f8b794ec000-7f8b794ed000 r--p 0000b000 08:02 23601425                   /usr/lib/x86_64-linux-gnu/libnss_files-2.29.so
7f8b794ed000-7f8b794ee000 rw-p 0000c000 08:02 23601425                   /usr/lib/x86_64-linux-gnu/libnss_files-2.29.so
7f8b794ee000-7f8b794f4000 rw-p 00000000 00:00 0 
7f8b794f4000-7f8b794f6000 r--p 00000000 08:02 23990662                   /usr/lib/jvm/java-11-openjdk-amd64/lib/libzip.so
7f8b794f6000-7f8b794fa000 r-xp 00002000 08:02 23990662                   /usr/lib/jvm/java-11-openjdk-amd64/lib/libzip.so
7f8b794fa000-7f8b794fc000 r--p 00006000 08:02 23990662                   /usr/lib/jvm/java-11-openjdk-amd64/lib/libzip.so
7f8b794fc000-7f8b794fd000 r--p 00007000 08:02 23990662                   /usr/lib/jvm/java-11-openjdk-amd64/lib/libzip.so
7f8b794fd000-7f8b794fe000 rw-p 00008000 08:02 23990662                   /usr/lib/jvm/java-11-openjdk-amd64/lib/libzip.so
7f8b794fe000-7f8b79506000 rw-s 00000000 08:02 2753603                    /tmp/hsperfdata_kramer/9464
7f8b79506000-7f8b79507000 ---p 00000000 00:00 0 
7f8b79507000-7f8b79508000 r--p 00000000 00:00 0 
7f8b79508000-7f8b79515000 r--p 00000000 08:02 23990641                   /usr/lib/jvm/java-11-openjdk-amd64/lib/libjava.so
7f8b79515000-7f8b7952a000 r-xp 0000d000 08:02 23990641                   /usr/lib/jvm/java-11-openjdk-amd64/lib/libjava.so
7f8b7952a000-7f8b79531000 r--p 00022000 08:02 23990641                   /usr/lib/jvm/java-11-openjdk-amd64/lib/libjava.so
7f8b79531000-7f8b79532000 r--p 00028000 08:02 23990641                   /usr/lib/jvm/java-11-openjdk-amd64/lib/libjava.so
7f8b79532000-7f8b79534000 rw-p 00029000 08:02 23990641                   /usr/lib/jvm/java-11-openjdk-amd64/lib/libjava.so
7f8b79534000-7f8b79537000 r--p 00000000 08:02 23601631                   /usr/lib/x86_64-linux-gnu/librt-2.29.so
7f8b79537000-7f8b7953b000 r-xp 00003000 08:02 23601631                   /usr/lib/x86_64-linux-gnu/librt-2.29.so
7f8b7953b000-7f8b7953d000 r--p 00007000 08:02 23601631                   /usr/lib/x86_64-linux-gnu/librt-2.29.so
7f8b7953d000-7f8b7953e000 r--p 00008000 08:02 23601631                   /usr/lib/x86_64-linux-gnu/librt-2.29.so
7f8b7953e000-7f8b7953f000 rw-p 00009000 08:02 23601631                   /usr/lib/x86_64-linux-gnu/librt-2.29.so
7f8b7953f000-7f8b79543000 ---p 00000000 00:00 0 
7f8b79543000-7f8b79640000 rw-p 00000000 00:00 0 
7f8b79640000-7f8b79643000 r--p 00000000 08:02 23596996                   /usr/lib/x86_64-linux-gnu/libgcc_s.so.1
7f8b79643000-7f8b79654000 r-xp 00003000 08:02 23596996                   /usr/lib/x86_64-linux-gnu/libgcc_s.so.1
7f8b79654000-7f8b79658000 r--p 00014000 08:02 23596996                   /usr/lib/x86_64-linux-gnu/libgcc_s.so.1
7f8b79658000-7f8b79659000 r--p 00017000 08:02 23596996                   /usr/lib/x86_64-linux-gnu/libgcc_s.so.1
7f8b79659000-7f8b7965a000 rw-p 00018000 08:02 23596996                   /usr/lib/x86_64-linux-gnu/libgcc_s.so.1
7f8b7965a000-7f8b79669000 r--p 00000000 08:02 23601302                   /usr/lib/x86_64-linux-gnu/libm-2.29.so
7f8b79669000-7f8b7970f000 r-xp 0000f000 08:02 23601302                   /usr/lib/x86_64-linux-gnu/libm-2.29.so
7f8b7970f000-7f8b797a6000 r--p 000b5000 08:02 23601302                   /usr/lib/x86_64-linux-gnu/libm-2.29.so
7f8b797a6000-7f8b797a7000 r--p 0014b000 08:02 23601302                   /usr/lib/x86_64-linux-gnu/libm-2.29.so
7f8b797a7000-7f8b797a8000 rw-p 0014c000 08:02 23601302                   /usr/lib/x86_64-linux-gnu/libm-2.29.so
7f8b797a8000-7f8b7983d000 r--p 00000000 08:02 23594558                   /usr/lib/x86_64-linux-gnu/libstdc++.so.6.0.26
7f8b7983d000-7f8b7992f000 r-xp 00095000 08:02 23594558                   /usr/lib/x86_64-linux-gnu/libstdc++.so.6.0.26
7f8b7992f000-7f8b79978000 r--p 00187000 08:02 23594558                   /usr/lib/x86_64-linux-gnu/libstdc++.so.6.0.26
7f8b79978000-7f8b79979000 ---p 001d0000 08:02 23594558                   /usr/lib/x86_64-linux-gnu/libstdc++.so.6.0.26
7f8b79979000-7f8b79984000 r--p 001d0000 08:02 23594558                   /usr/lib/x86_64-linux-gnu/libstdc++.so.6.0.26
7f8b79984000-7f8b79987000 rw-p 001db000 08:02 23594558                   /usr/lib/x86_64-linux-gnu/libstdc++.so.6.0.26
7f8b79987000-7f8b7998a000 rw-p 00000000 00:00 0 
7f8b7998a000-7f8b79bf9000 r--p 00000000 08:02 23990668                   /usr/lib/jvm/java-11-openjdk-amd64/lib/server/libjvm.so
7f8b79bf9000-7f8b7a719000 r-xp 0026f000 08:02 23990668                   /usr/lib/jvm/java-11-openjdk-amd64/lib/server/libjvm.so
7f8b7a719000-7f8b7a952000 r--p 00d8f000 08:02 23990668                   /usr/lib/jvm/java-11-openjdk-amd64/lib/server/libjvm.so
7f8b7a952000-7f8b7a953000 ---p 00fc8000 08:02 23990668                   /usr/lib/jvm/java-11-openjdk-amd64/lib/server/libjvm.so
7f8b7a953000-7f8b7aa10000 r--p 00fc8000 08:02 23990668                   /usr/lib/jvm/java-11-openjdk-amd64/lib/server/libjvm.so
7f8b7aa10000-7f8b7aa49000 rw-p 01085000 08:02 23990668                   /usr/lib/jvm/java-11-openjdk-amd64/lib/server/libjvm.so
7f8b7aa49000-7f8b7aaa1000 rw-p 00000000 00:00 0 
7f8b7aaa1000-7f8b7aaa8000 r--p 00000000 08:02 23601565                   /usr/lib/x86_64-linux-gnu/libpthread-2.29.so
7f8b7aaa8000-7f8b7aab7000 r-xp 00007000 08:02 23601565                   /usr/lib/x86_64-linux-gnu/libpthread-2.29.so
7f8b7aab7000-7f8b7aabc000 r--p 00016000 08:02 23601565                   /usr/lib/x86_64-linux-gnu/libpthread-2.29.so
7f8b7aabc000-7f8b7aabd000 r--p 0001a000 08:02 23601565                   /usr/lib/x86_64-linux-gnu/libpthread-2.29.so
7f8b7aabd000-7f8b7aabe000 rw-p 0001b000 08:02 23601565                   /usr/lib/x86_64-linux-gnu/libpthread-2.29.so
7f8b7aabe000-7f8b7aac2000 rw-p 00000000 00:00 0 
7f8b7aac2000-7f8b7aac3000 r--p 00000000 08:02 23600824                   /usr/lib/x86_64-linux-gnu/libdl-2.29.so
7f8b7aac3000-7f8b7aac5000 r-xp 00001000 08:02 23600824                   /usr/lib/x86_64-linux-gnu/libdl-2.29.so
7f8b7aac5000-7f8b7aac6000 r--p 00003000 08:02 23600824                   /usr/lib/x86_64-linux-gnu/libdl-2.29.so
7f8b7aac6000-7f8b7aac7000 r--p 00003000 08:02 23600824                   /usr/lib/x86_64-linux-gnu/libdl-2.29.so
7f8b7aac7000-7f8b7aac8000 rw-p 00004000 08:02 23600824                   /usr/lib/x86_64-linux-gnu/libdl-2.29.so
7f8b7aac8000-7f8b7aaca000 r--p 00000000 08:02 23601962                   /usr/lib/x86_64-linux-gnu/libz.so.1.2.11
7f8b7aaca000-7f8b7aadb000 r-xp 00002000 08:02 23601962                   /usr/lib/x86_64-linux-gnu/libz.so.1.2.11
7f8b7aadb000-7f8b7aae1000 r--p 00013000 08:02 23601962                   /usr/lib/x86_64-linux-gnu/libz.so.1.2.11
7f8b7aae1000-7f8b7aae2000 ---p 00019000 08:02 23601962                   /usr/lib/x86_64-linux-gnu/libz.so.1.2.11
7f8b7aae2000-7f8b7aae3000 r--p 00019000 08:02 23601962                   /usr/lib/x86_64-linux-gnu/libz.so.1.2.11
7f8b7aae3000-7f8b7aae4000 rw-p 0001a000 08:02 23601962                   /usr/lib/x86_64-linux-gnu/libz.so.1.2.11
7f8b7aae4000-7f8b7ab09000 r--p 00000000 08:02 23600687                   /usr/lib/x86_64-linux-gnu/libc-2.29.so
7f8b7ab09000-7f8b7ac7c000 r-xp 00025000 08:02 23600687                   /usr/lib/x86_64-linux-gnu/libc-2.29.so
7f8b7ac7c000-7f8b7acc5000 r--p 00198000 08:02 23600687                   /usr/lib/x86_64-linux-gnu/libc-2.29.so
7f8b7acc5000-7f8b7acc8000 r--p 001e0000 08:02 23600687                   /usr/lib/x86_64-linux-gnu/libc-2.29.so
7f8b7acc8000-7f8b7accb000 rw-p 001e3000 08:02 23600687                   /usr/lib/x86_64-linux-gnu/libc-2.29.so
7f8b7accb000-7f8b7accf000 rw-p 00000000 00:00 0 
7f8b7accf000-7f8b7acd0000 r--p 00000000 08:02 25823436                   /usr/share/locale-langpack/en_AU/LC_MESSAGES/libc.mo
7f8b7acd0000-7f8b7acd5000 r--p 00000000 08:02 23990661                   /usr/lib/jvm/java-11-openjdk-amd64/lib/libverify.so
7f8b7acd5000-7f8b7acdc000 r-xp 00005000 08:02 23990661                   /usr/lib/jvm/java-11-openjdk-amd64/lib/libverify.so
7f8b7acdc000-7f8b7acde000 r--p 0000c000 08:02 23990661                   /usr/lib/jvm/java-11-openjdk-amd64/lib/libverify.so
7f8b7acde000-7f8b7ace0000 r--p 0000d000 08:02 23990661                   /usr/lib/jvm/java-11-openjdk-amd64/lib/libverify.so
7f8b7ace0000-7f8b7ace1000 rw-p 0000f000 08:02 23990661                   /usr/lib/jvm/java-11-openjdk-amd64/lib/libverify.so
7f8b7ace1000-7f8b7ace4000 r--p 00000000 08:02 23990625                   /usr/lib/jvm/java-11-openjdk-amd64/lib/jli/libjli.so
7f8b7ace4000-7f8b7acee000 r-xp 00003000 08:02 23990625                   /usr/lib/jvm/java-11-openjdk-amd64/lib/jli/libjli.so
7f8b7acee000-7f8b7acf1000 r--p 0000d000 08:02 23990625                   /usr/lib/jvm/java-11-openjdk-amd64/lib/jli/libjli.so
7f8b7acf1000-7f8b7acf2000 r--p 0000f000 08:02 23990625                   /usr/lib/jvm/java-11-openjdk-amd64/lib/jli/libjli.so
7f8b7acf2000-7f8b7acf3000 rw-p 00010000 08:02 23990625                   /usr/lib/jvm/java-11-openjdk-amd64/lib/jli/libjli.so
7f8b7acf3000-7f8b7acf5000 rw-p 00000000 00:00 0 
7f8b7acf5000-7f8b7acf6000 r--p 00000000 08:02 23600471                   /usr/lib/x86_64-linux-gnu/ld-2.29.so
7f8b7acf6000-7f8b7ad17000 r-xp 00001000 08:02 23600471                   /usr/lib/x86_64-linux-gnu/ld-2.29.so
7f8b7ad17000-7f8b7ad1f000 r--p 00022000 08:02 23600471                   /usr/lib/x86_64-linux-gnu/ld-2.29.so
7f8b7ad1f000-7f8b7ad20000 r--p 00029000 08:02 23600471                   /usr/lib/x86_64-linux-gnu/ld-2.29.so
7f8b7ad20000-7f8b7ad21000 rw-p 0002a000 08:02 23600471                   /usr/lib/x86_64-linux-gnu/ld-2.29.so
7f8b7ad21000-7f8b7ad22000 rw-p 00000000 00:00 0 
7ffc60cd7000-7ffc60cf9000 rw-p 00000000 00:00 0                          [stack]
7ffc60db1000-7ffc60db4000 r--p 00000000 00:00 0                          [vvar]
7ffc60db4000-7ffc60db5000 r-xp 00000000 00:00 0                          [vdso]
ffffffffff600000-ffffffffff601000 r-xp 00000000 00:00 0                  [vsyscall]


VM Arguments:
jvm_args: -Dfile.encoding=UTF-8 -Duser.country=AU -Duser.language=en -Duser.variant 
java_command: ExampleSwingApp
java_class_path (initial): /home/kramer/Downloads/RobotArena-master/RobotAreana/start/build/classes/java/main:/home/kramer/Downloads/RobotArena-master/RobotAreana/start/build/classes/groovy/main:/home/kramer/Downloads/RobotArena-master/RobotAreana/start/build/resources/main:/home/kramer/Downloads/RobotArena-master/RobotAreana/AIBasic/build/libs/AIBasic.jar:/home/kramer/Downloads/RobotArena-master/RobotAreana/robot/build/libs/robot.jar:/home/kramer/Downloads/RobotArena-master/RobotAreana/main/build/libs/main.jar
Launcher Type: SUN_STANDARD

[Global flags]
     intx CICompilerCount                          = 3                                         {product} {ergonomic}
     uint ConcGCThreads                            = 1                                         {product} {ergonomic}
     uint G1ConcRefinementThreads                  = 4                                         {product} {ergonomic}
   size_t G1HeapRegionSize                         = 1048576                                   {product} {ergonomic}
    uintx GCDrainStackTargetSize                   = 64                                        {product} {ergonomic}
   size_t InitialHeapSize                          = 130023424                                 {product} {ergonomic}
   size_t MarkStackSize                            = 4194304                                   {product} {ergonomic}
   size_t MaxHeapSize                              = 2063597568                                {product} {ergonomic}
   size_t MaxNewSize                               = 1237319680                                {product} {ergonomic}
   size_t MinHeapDeltaBytes                        = 1048576                                   {product} {ergonomic}
    uintx NonNMethodCodeHeapSize                   = 5830092                                {pd product} {ergonomic}
    uintx NonProfiledCodeHeapSize                  = 122914074                              {pd product} {ergonomic}
    uintx ProfiledCodeHeapSize                     = 122914074                              {pd product} {ergonomic}
    uintx ReservedCodeCacheSize                    = 251658240                              {pd product} {ergonomic}
     bool SegmentedCodeCache                       = true                                      {product} {ergonomic}
     bool UseCompressedClassPointers               = true                                 {lp64_product} {ergonomic}
     bool UseCompressedOops                        = true                                 {lp64_product} {ergonomic}
     bool UseG1GC                                  = true                                      {product} {ergonomic}

Logging:
Log output configuration:
 #0: stdout all=warning uptime,level,tags
 #1: stderr all=off uptime,level,tags

Environment Variables:
PATH=/home/kramer/.local/bin:/usr/local/sbin:/usr/local/bin:/usr/sbin:/usr/bin:/sbin:/bin:/usr/games:/usr/local/games:/snap/bin
USERNAME=kramer
LD_LIBRARY_PATH=/home/kramer/Downloads/RobotArena-master/RobotAreana/AIBasic/build/libs/mynativelibrary/shared
SHELL=/bin/bash
DISPLAY=:0

Signal Handlers:
SIGSEGV: [libjvm.so+0xd1cc80], sa_mask[0]=11111111011111111101111111111110, sa_flags=SA_RESTART|SA_SIGINFO
SIGBUS: [libjvm.so+0xd1cc80], sa_mask[0]=11111111011111111101111111111110, sa_flags=SA_RESTART|SA_SIGINFO
SIGFPE: [libjvm.so+0xd1cc80], sa_mask[0]=11111111011111111101111111111110, sa_flags=SA_RESTART|SA_SIGINFO
SIGPIPE: SIG_IGN, sa_mask[0]=00000000000010000000000000000000, sa_flags=SA_RESTART
SIGXFSZ: [libjvm.so+0xb239a0], sa_mask[0]=11111111011111111101111111111110, sa_flags=SA_RESTART|SA_SIGINFO
SIGILL: [libjvm.so+0xd1cc80], sa_mask[0]=11111111011111111101111111111110, sa_flags=SA_RESTART|SA_SIGINFO
SIGUSR2: [libjvm.so+0xb23830], sa_mask[0]=00100000000000000000000000000000, sa_flags=SA_RESTART|SA_SIGINFO
SIGHUP: [libjvm.so+0xb23ce0], sa_mask[0]=11111111011111111101111111111110, sa_flags=SA_RESTART|SA_SIGINFO
SIGINT: [libjvm.so+0xb23ce0], sa_mask[0]=11111111011111111101111111111110, sa_flags=SA_RESTART|SA_SIGINFO
SIGTERM: [libjvm.so+0xb23ce0], sa_mask[0]=11111111011111111101111111111110, sa_flags=SA_RESTART|SA_SIGINFO
SIGQUIT: [libjvm.so+0xb23ce0], sa_mask[0]=11111111011111111101111111111110, sa_flags=SA_RESTART|SA_SIGINFO


---------------  S Y S T E M  ---------------

OS:DISTRIB_ID=Ubuntu
DISTRIB_RELEASE=19.04
DISTRIB_CODENAME=disco
DISTRIB_DESCRIPTION="Ubuntu 19.04"
uname:Linux 5.0.0-32-generic #34-Ubuntu SMP Wed Oct 2 02:06:48 UTC 2019 x86_64
libc:glibc 2.29 NPTL 2.29 
rlimit: STACK 8192k, CORE 0k, NPROC 31283, NOFILE 524288, AS infinity, DATA infinity, FSIZE infinity
load average:0.87 0.76 0.78

/proc/meminfo:
MemTotal:        8057232 kB
MemFree:         2811392 kB
MemAvailable:    4201856 kB
Buffers:          123976 kB
Cached:          1542824 kB
SwapCached:            0 kB
Active:          4040316 kB
Inactive:         809724 kB
Active(anon):    3188696 kB
Inactive(anon):   118676 kB
Active(file):     851620 kB
Inactive(file):   691048 kB
Unevictable:        3452 kB
Mlocked:              16 kB
SwapTotal:       2097148 kB
SwapFree:        2097148 kB
Dirty:              4272 kB
Writeback:             0 kB
AnonPages:       3186836 kB
Mapped:           513200 kB
Shmem:            124124 kB
KReclaimable:     136164 kB
Slab:             232968 kB
SReclaimable:     136164 kB
SUnreclaim:        96804 kB
KernelStack:       15448 kB
PageTables:        31404 kB
NFS_Unstable:          0 kB
Bounce:                0 kB
WritebackTmp:          0 kB
CommitLimit:     6125764 kB
Committed_AS:   14017300 kB
VmallocTotal:   34359738367 kB
VmallocUsed:           0 kB
VmallocChunk:          0 kB
Percpu:             2240 kB
HardwareCorrupted:     0 kB
AnonHugePages:         0 kB
ShmemHugePages:        0 kB
ShmemPmdMapped:        0 kB
CmaTotal:              0 kB
CmaFree:               0 kB
HugePages_Total:       0
HugePages_Free:        0
HugePages_Rsvd:        0
HugePages_Surp:        0
Hugepagesize:       2048 kB
Hugetlb:               0 kB
DirectMap4k:      225840 kB
DirectMap2M:     4909056 kB
DirectMap1G:     3145728 kB


/proc/sys/kernel/threads-max (system-wide limit on the number of threads):
62566


/proc/sys/vm/max_map_count (maximum number of memory map areas a process may have):
65530


/proc/sys/kernel/pid_max (system-wide limit on number of process identifiers):
32768



container (cgroup) information:
container_type: cgroupv1
cpu_cpuset_cpus: 0-3
cpu_memory_nodes: 0
active_processor_count: 4
cpu_quota: -1
cpu_period: 100000
cpu_shares: -1
memory_limit_in_bytes: -1
memory_and_swap_limit_in_bytes: -2
memory_soft_limit_in_bytes: -1
memory_usage_in_bytes: 1397784576
memory_max_usage_in_bytes: 1445580800

Steal ticks since vm start: 0
Steal ticks percentage since vm start:  0.000

CPU:total 4 (initial active 4) (4 cores per cpu, 1 threads per core) family 6 model 60 stepping 3, cmov, cx8, fxsr, mmx, sse, sse2, sse3, ssse3, sse4.1, sse4.2, popcnt, avx, avx2, aes, clmul, erms, lzcnt, tsc, tscinvbit, bmi1, bmi2, fma
CPU Model and flags from /proc/cpuinfo:
model name	: Intel(R) Core(TM) i5-4690 CPU @ 3.50GHz
flags		: fpu vme de pse tsc msr pae mce cx8 apic sep mtrr pge mca cmov pat pse36 clflush dts acpi mmx fxsr sse sse2 ss ht tm pbe syscall nx pdpe1gb rdtscp lm constant_tsc arch_perfmon pebs bts rep_good nopl xtopology nonstop_tsc cpuid aperfmperf pni pclmulqdq dtes64 monitor ds_cpl vmx smx est tm2 ssse3 sdbg fma cx16 xtpr pdcm pcid sse4_1 sse4_2 x2apic movbe popcnt tsc_deadline_timer aes xsave avx f16c rdrand lahf_lm abm cpuid_fault invpcid_single pti ssbd ibrs ibpb stibp tpr_shadow vnmi flexpriority ept vpid ept_ad fsgsbase tsc_adjust bmi1 avx2 smep bmi2 erms invpcid xsaveopt dtherm ida arat pln pts md_clear flush_l1d

Memory: 4k page, physical 8057232k(2811392k free), swap 2097148k(2097148k free)

vm_info: OpenJDK 64-Bit Server VM (11.0.4+11-post-Ubuntu-1ubuntu219.04) for linux-amd64 JRE (11.0.4+11-post-Ubuntu-1ubuntu219.04), built on Jul 18 2019 18:21:46 by "buildd" with gcc 8.3.0

END.
