#
# A fatal error has been detected by the Java Runtime Environment:
#
#  SIGSEGV (0xb) at pc=0x00007f5d31cd2ab5, pid=13569, tid=13594
#
# JRE version: OpenJDK Runtime Environment (11.0.4+11) (build 11.0.4+11-post-Ubuntu-1ubuntu219.04)
# Java VM: OpenJDK 64-Bit Server VM (11.0.4+11-post-Ubuntu-1ubuntu219.04, mixed mode, sharing, tiered, compressed oops, g1 gc, linux-amd64)
# Problematic frame:
# V  [libjvm.so+0x866ab5]
#
# Core dump will be written. Default location: Core dumps may be processed with "/usr/share/apport/apport %p %s %c %d %P" (or dumping to /home/kramer/Downloads/RobotArena-master/RobotAreana/start/core.13569)
#
# If you would like to submit a bug report, please visit:
#   https://bugs.launchpad.net/ubuntu/+source/openjdk-lts
#

---------------  S U M M A R Y ------------

Command Line: -Dfile.encoding=UTF-8 -Duser.country=AU -Duser.language=en -Duser.variant ExampleSwingApp

Host: Intel(R) Core(TM) i5-4690 CPU @ 3.50GHz, 4 cores, 7G, Ubuntu 19.04
Time: Mon Oct 28 19:59:22 2019 AWST elapsed time: 1 seconds (0d 0h 0m 1s)

---------------  T H R E A D  ---------------

Current thread (0x00007f5d2c494800):  JavaThread "Thomas" [_thread_in_vm, id=13594, stack(0x00007f5cd88df000,0x00007f5cd89e0000)]

Stack: [0x00007f5cd88df000,0x00007f5cd89e0000],  sp=0x00007f5cd89de6f0,  free space=1021k
Native frames: (J=compiled Java code, A=aot compiled Java code, j=interpreted, Vv=VM code, C=native code)
V  [libjvm.so+0x866ab5]
V  [libjvm.so+0x866e6e]
C  [libmynativelibrary.so+0x1285]  Java_CRobot_startCPP+0x180
j  CRobot.startCPP(LRobotControl;)V+0
j  CRobot$1.run()V+8
j  java.lang.Thread.run()V+11 java.base@11.0.4
v  ~StubRoutines::call_stub
V  [libjvm.so+0x7f40b1]
V  [libjvm.so+0x7f2550]
V  [libjvm.so+0x7f260b]
V  [libjvm.so+0x88e63c]
V  [libjvm.so+0xcc0060]
V  [libjvm.so+0xcc0350]
V  [libjvm.so+0xcbbee4]
V  [libjvm.so+0xb2cbee]

Java frames: (J=compiled Java code, j=interpreted, Vv=VM code)
j  CRobot.startCPP(LRobotControl;)V+0
j  CRobot$1.run()V+8
j  java.lang.Thread.run()V+11 java.base@11.0.4
v  ~StubRoutines::call_stub

siginfo: si_signo: 11 (SIGSEGV), si_code: 128 (SI_KERNEL), si_addr: 0x0000000000000000

Register to memory mapping:

RAX=0x8beda7380003588c is an unknown value
RBX=0x00000008004bc768 is pointing into metadata
RCX=0x0000000000009b68 is an unknown value
RDX=0x0000000800a4c414 is pointing into metadata
RSP=0x00007f5cd89de6f0 is pointing into the stack for thread: 0x00007f5d2c494800
RBP=0x00007f5cd89de750 is pointing into the stack for thread: 0x00007f5d2c494800
RSI=0x00007f5d2c494800 is a thread
RDI=0x000000008beda6c8 points into unknown readable memory: 05 00 00 00 00 00 00 00
R8 =0x00000008004bc768 is pointing into metadata
R9 =0x8beda7380003588c is an unknown value
R10=0x0000000800a4c41c is pointing into metadata
R11=0x0000000800000000 is pointing into metadata
R12=0x00000008004c0908 is pointing into metadata
R13=0x00007f5d0c005067: <offset 0x0000000000002067> in /home/kramer/Downloads/RobotArena-master/RobotAreana/AIBasic/build/libs/mynativelibrary/shared/libmynativelibrary.so at 0x00007f5d0c003000
R14=0x00007f5d2c494800 is a thread
R15=0x00007f5ca8000cd8 points into unknown readable memory: c8 a6 ed 8b 00 00 00 00


Registers:
RAX=0x8beda7380003588c, RBX=0x00000008004bc768, RCX=0x0000000000009b68, RDX=0x0000000800a4c414
RSP=0x00007f5cd89de6f0, RBP=0x00007f5cd89de750, RSI=0x00007f5d2c494800, RDI=0x000000008beda6c8
R8 =0x00000008004bc768, R9 =0x8beda7380003588c, R10=0x0000000800a4c41c, R11=0x0000000800000000
R12=0x00000008004c0908, R13=0x00007f5d0c005067, R14=0x00007f5d2c494800, R15=0x00007f5ca8000cd8
RIP=0x00007f5d31cd2ab5, EFLAGS=0x0000000000010246, CSGSFS=0x002b000000000033, ERR=0x0000000000000000
  TRAPNO=0x000000000000000d

Top of Stack: (sp=0x00007f5cd89de6f0)
0x00007f5cd89de6f0:   00007f5d05b11a00 00007f5cd89de770
0x00007f5cd89de700:   00007f5c00000000 00007f5cd89de710
0x00007f5cd89de710:   00007f5d00009b68 00007f5d2c494800
0x00007f5cd89de720:   00007f5cd89de750 00007f5d2c494800 

Instructions: (pc=0x00007f5d31cd2ab5)
0x00007f5d31cd29b5:   00 00 00 48 89 45 a0 4c 89 7d c8 e8 eb d0 ff ff
0x00007f5d31cd29c5:   48 83 7d 88 00 74 09 48 8d 7d 80 e8 7b ea 31 00
0x00007f5d31cd29d5:   48 8b bb f0 00 00 00 e8 1f c0 00 00 48 8d bd 68
0x00007f5d31cd29e5:   ff ff ff e8 03 c1 00 00 48 81 c4 88 00 00 00 5b
0x00007f5d31cd29f5:   41 5c 41 5d 41 5e 41 5f 5d c3 90 48 89 df 31 db
0x00007f5d31cd2a05:   e8 a6 08 45 00 e9 1c ff ff ff 90 55 48 89 e5 41
0x00007f5d31cd2a15:   57 49 89 ff 41 56 4d 89 c6 41 55 49 89 f5 41 54
0x00007f5d31cd2a25:   49 89 f4 53 48 89 d3 48 83 ec 38 89 4d b0 48 85
0x00007f5d31cd2a35:   f6 0f 84 6c 02 00 00 4c 89 e7 e8 dc 89 a0 ff 48
0x00007f5d31cd2a45:   8d 4d c0 4c 89 e7 48 89 ca 89 c6 48 89 4d b8 e8
0x00007f5d31cd2a55:   a7 56 41 00 48 89 df 49 89 c4 e8 bc 89 a0 ff 48
0x00007f5d31cd2a65:   8b 55 b8 48 89 df 89 c6 e8 8e 56 41 00 48 89 c3
0x00007f5d31cd2a75:   48 85 c0 0f 84 b2 01 00 00 4d 85 e4 0f 84 a9 01
0x00007f5d31cd2a85:   00 00 4c 89 ff e8 d1 c1 00 00 48 89 c7 e8 f9 0e
0x00007f5d31cd2a95:   f9 ff 84 c0 0f 85 01 01 00 00 4c 89 ff e8 b9 c1
0x00007f5d31cd2aa5:   00 00 48 89 c7 e8 c1 0b f9 ff 4c 89 f6 49 89 c1
0x00007f5d31cd2ab5:   48 8b 00 4c 89 cf 4c 89 4d a8 ff 90 b0 00 00 00
0x00007f5d31cd2ac5:   4d 8b 7e 08 4d 85 ff 0f 85 f3 00 00 00 48 8d 05
0x00007f5d31cd2ad5:   67 64 8a 00 4c 8b 4d a8 4c 3b a0 b0 0a 00 00 0f
0x00007f5d31cd2ae5:   84 7e 01 00 00 4c 3b a0 b8 0a 00 00 0f 84 71 01
0x00007f5d31cd2af5:   00 00 49 8b 01 45 31 c0 31 c9 48 89 da 4c 89 cf
0x00007f5d31cd2b05:   4c 89 e6 ff 90 c0 00 00 00 4c 8b 4d a8 48 85 c0
0x00007f5d31cd2b15:   48 89 c2 0f 84 da 00 00 00 8b 42 20 c1 e8 03 83
0x00007f5d31cd2b25:   e0 01 3a 45 b0 0f 85 d8 00 00 00 48 8b 42 08 48
0x00007f5d31cd2b35:   89 55 b0 48 8b 40 08 4c 8b 68 18 48 89 55 c0 66
0x00007f5d31cd2b45:   48 8d 3d 74 f4 81 00 66 66 48 e8 ac 89 a0 ff 48
0x00007f5d31cd2b55:   8b 55 b0 48 8b 00 48 89 45 c8 4c 8b b0 80 02 00
0x00007f5d31cd2b65:   00 49 63 36 41 3b 76 04 0f 84 6d 01 00 00 8d 46
0x00007f5d31cd2b75:   01 4c 89 ef 41 89 06 49 8b 46 18 4c 8b 75 b8 48
0x00007f5d31cd2b85:   89 14 f0 4c 89 f6 e8 d0 63 f6 ff 4c 89 f7 49 89
0x00007f5d31cd2b95:   c7 e8 f5 98 f2 ff eb 2b 0f 1f 00 48 8d 05 99 63
0x00007f5d31cd2ba5:   8a 00 4d 89 e8 ba 3b 05 00 00 4c 89 f7 48 8d 35 


Stack slot to memory mapping:
stack at sp + 0 slots: {method} {0x00007f5d05b11a00} 'getAllRobots' '()Ljava/util/List;' in 'RobotControl'
stack at sp + 1 slots: 0x00007f5cd89de770 is pointing into the stack for thread: 0x00007f5d2c494800
stack at sp + 2 slots: 0x00007f5c00000000 is an unknown value
stack at sp + 3 slots: 0x00007f5cd89de710 is pointing into the stack for thread: 0x00007f5d2c494800
stack at sp + 4 slots: 0x00007f5d00009b68 points into unknown readable memory: 00 00 00 00 00 00 00 00
stack at sp + 5 slots: 0x00007f5d2c494800 is a thread
stack at sp + 6 slots: 0x00007f5cd89de750 is pointing into the stack for thread: 0x00007f5d2c494800
stack at sp + 7 slots: 0x00007f5d2c494800 is a thread


---------------  P R O C E S S  ---------------

Threads class SMR info:
_java_thread_list=0x00007f5d2c499290, length=16, elements={
0x00007f5d2c011800, 0x00007f5d2c107000, 0x00007f5d2c109000, 0x00007f5d2c10e800,
0x00007f5d2c110800, 0x00007f5d2c112800, 0x00007f5d2c114800, 0x00007f5d2c143800,
0x00007f5d2c14c000, 0x00007f5d2c2ca000, 0x00007f5d2c344000, 0x00007f5cdc333800,
0x00007f5d2c48c800, 0x00007f5d2c494800, 0x00007f5d2c496800, 0x00007f5d2c497800
}

Java Threads: ( => current thread )
  0x00007f5d2c011800 JavaThread "main" [_thread_in_Java, id=13570, stack(0x00007f5d31021000,0x00007f5d31122000)]
  0x00007f5d2c107000 JavaThread "Reference Handler" daemon [_thread_blocked, id=13577, stack(0x00007f5d0547a000,0x00007f5d0557b000)]
  0x00007f5d2c109000 JavaThread "Finalizer" daemon [_thread_blocked, id=13578, stack(0x00007f5d05379000,0x00007f5d0547a000)]
  0x00007f5d2c10e800 JavaThread "Signal Dispatcher" daemon [_thread_blocked, id=13579, stack(0x00007f5d0449d000,0x00007f5d0459e000)]
  0x00007f5d2c110800 JavaThread "C2 CompilerThread0" daemon [_thread_blocked, id=13580, stack(0x00007f5d0439c000,0x00007f5d0449d000)]
  0x00007f5d2c112800 JavaThread "C1 CompilerThread0" daemon [_thread_blocked, id=13581, stack(0x00007f5d0429b000,0x00007f5d0439c000)]
  0x00007f5d2c114800 JavaThread "Sweeper thread" daemon [_thread_blocked, id=13582, stack(0x00007f5d0419a000,0x00007f5d0429b000)]
  0x00007f5d2c143800 JavaThread "Service Thread" daemon [_thread_blocked, id=13584, stack(0x00007f5d04099000,0x00007f5d0419a000)]
  0x00007f5d2c14c000 JavaThread "Common-Cleaner" daemon [_thread_blocked, id=13586, stack(0x00007f5cdbdfd000,0x00007f5cdbefe000)]
  0x00007f5d2c2ca000 JavaThread "Java2D Disposer" daemon [_thread_blocked, id=13590, stack(0x00007f5cd8be2000,0x00007f5cd8ce3000)]
  0x00007f5d2c344000 JavaThread "AWT-XAWT" daemon [_thread_in_native, id=13591, stack(0x00007f5cd8ae1000,0x00007f5cd8be2000)]
  0x00007f5cdc333800 JavaThread "C2 CompilerThread1" daemon [_thread_blocked, id=13592, stack(0x00007f5cd87d4000,0x00007f5cd88d5000)]
  0x00007f5d2c48c800 JavaThread "Image Fetcher 0" daemon [_thread_blocked, id=13593, stack(0x00007f5cd89e0000,0x00007f5cd8ae1000)]
=>0x00007f5d2c494800 JavaThread "Thomas" [_thread_in_vm, id=13594, stack(0x00007f5cd88df000,0x00007f5cd89e0000)]
  0x00007f5d2c496800 JavaThread "Thomas" [_thread_blocked, id=13595, stack(0x00007f5cd86d3000,0x00007f5cd87d4000)]
  0x00007f5d2c497800 JavaThread "Thomas" [_thread_blocked, id=13596, stack(0x00007f5cd85d2000,0x00007f5cd86d3000)]

Other Threads:
  0x00007f5d2c104000 VMThread "VM Thread" [stack: 0x00007f5d0557d000,0x00007f5d0567d000] [id=13576] _threads_hazard_ptr=0x00007f5d2c499290
  0x00007f5d2c146000 WatcherThread [stack: 0x00007f5cdbf00000,0x00007f5cdc000000] [id=13585]
  0x00007f5d2c027000 GCTaskThread "GC Thread#0" [stack: 0x00007f5d30cd5000,0x00007f5d30dd5000] [id=13571]
  0x00007f5d2c058000 ConcurrentGCThread "G1 Main Marker" [stack: 0x00007f5d1447e000,0x00007f5d1457e000] [id=13572]
  0x00007f5d2c05a000 ConcurrentGCThread "G1 Conc#0" [stack: 0x00007f5d1437c000,0x00007f5d1447c000] [id=13573]
  0x00007f5d2c0d2000 ConcurrentGCThread "G1 Refine#0" [stack: 0x00007f5d0c07f000,0x00007f5d0c17f000] [id=13574]
  0x00007f5d2c0d3800 ConcurrentGCThread "G1 Young RemSet Sampling" [stack: 0x00007f5d05f00000,0x00007f5d06000000] [id=13575]

Threads with active compile tasks:

VM state:synchronizing (normal execution)

VM Mutex/Monitor currently owned by a thread:  ([mutex/lock_event])
[0x00007f5d2c00e2d0] Safepoint_lock - owner thread: 0x00007f5d2c104000
[0x00007f5d2c00e360] Threads_lock - owner thread: 0x00007f5d2c104000
[0x00007f5d2c00eab0] Heap_lock - owner thread: 0x00007f5d2c496800

Heap address: 0x0000000085000000, size: 1968 MB, Compressed Oops mode: 32-bit
Narrow klass base: 0x0000000800000000, Narrow klass shift: 3
Compressed class space size: 1073741824 Address: 0x0000000840000000

Heap:
 garbage-first heap   total 129024K, used 23160K [0x0000000085000000, 0x0000000100000000)
  region size 1024K, 14 young (14336K), 0 survivors (0K)
 Metaspace       used 5255K, capacity 5596K, committed 6016K, reserved 1056768K
  class space    used 585K, capacity 769K, committed 896K, reserved 1048576K
Heap Regions: E=young(eden), S=young(survivor), O=old, HS=humongous(starts), HC=humongous(continues), CS=collection set, F=free, A=archive, TAMS=top-at-mark-start (previous, next)
|   0|0x0000000085000000, 0x0000000085100000, 0x0000000085100000|100%|HS|  |TAMS 0x0000000085000000, 0x0000000085000000| Complete 
|   1|0x0000000085100000, 0x0000000085200000, 0x0000000085200000|100%|HC|  |TAMS 0x0000000085100000, 0x0000000085100000| Complete 
|   2|0x0000000085200000, 0x0000000085300000, 0x0000000085300000|100%|HC|  |TAMS 0x0000000085200000, 0x0000000085200000| Complete 
|   3|0x0000000085300000, 0x0000000085400000, 0x0000000085400000|100%|HC|  |TAMS 0x0000000085300000, 0x0000000085300000| Complete 
|   4|0x0000000085400000, 0x0000000085500000, 0x0000000085500000|100%|HC|  |TAMS 0x0000000085400000, 0x0000000085400000| Complete 
|   5|0x0000000085500000, 0x0000000085600000, 0x0000000085600000|100%|HC|  |TAMS 0x0000000085500000, 0x0000000085500000| Complete 
|   6|0x0000000085600000, 0x0000000085700000, 0x0000000085700000|100%|HC|  |TAMS 0x0000000085600000, 0x0000000085600000| Complete 
|   7|0x0000000085700000, 0x0000000085800000, 0x0000000085800000|100%|HC|  |TAMS 0x0000000085700000, 0x0000000085700000| Complete 
|   8|0x0000000085800000, 0x0000000085800000, 0x0000000085900000|  0%| F|  |TAMS 0x0000000085800000, 0x0000000085800000| Untracked 
|   9|0x0000000085900000, 0x0000000085900000, 0x0000000085a00000|  0%| F|  |TAMS 0x0000000085900000, 0x0000000085900000| Untracked 
|  10|0x0000000085a00000, 0x0000000085a00000, 0x0000000085b00000|  0%| F|  |TAMS 0x0000000085a00000, 0x0000000085a00000| Untracked 
|  11|0x0000000085b00000, 0x0000000085b00000, 0x0000000085c00000|  0%| F|  |TAMS 0x0000000085b00000, 0x0000000085b00000| Untracked 
|  12|0x0000000085c00000, 0x0000000085c00000, 0x0000000085d00000|  0%| F|  |TAMS 0x0000000085c00000, 0x0000000085c00000| Untracked 
|  13|0x0000000085d00000, 0x0000000085d00000, 0x0000000085e00000|  0%| F|  |TAMS 0x0000000085d00000, 0x0000000085d00000| Untracked 
|  14|0x0000000085e00000, 0x0000000085e00000, 0x0000000085f00000|  0%| F|  |TAMS 0x0000000085e00000, 0x0000000085e00000| Untracked 
|  15|0x0000000085f00000, 0x0000000085f00000, 0x0000000086000000|  0%| F|  |TAMS 0x0000000085f00000, 0x0000000085f00000| Untracked 
|  16|0x0000000086000000, 0x0000000086000000, 0x0000000086100000|  0%| F|  |TAMS 0x0000000086000000, 0x0000000086000000| Untracked 
|  17|0x0000000086100000, 0x0000000086100000, 0x0000000086200000|  0%| F|  |TAMS 0x0000000086100000, 0x0000000086100000| Untracked 
|  18|0x0000000086200000, 0x0000000086200000, 0x0000000086300000|  0%| F|  |TAMS 0x0000000086200000, 0x0000000086200000| Untracked 
|  19|0x0000000086300000, 0x0000000086300000, 0x0000000086400000|  0%| F|  |TAMS 0x0000000086300000, 0x0000000086300000| Untracked 
|  20|0x0000000086400000, 0x0000000086400000, 0x0000000086500000|  0%| F|  |TAMS 0x0000000086400000, 0x0000000086400000| Untracked 
|  21|0x0000000086500000, 0x0000000086500000, 0x0000000086600000|  0%| F|  |TAMS 0x0000000086500000, 0x0000000086500000| Untracked 
|  22|0x0000000086600000, 0x0000000086600000, 0x0000000086700000|  0%| F|  |TAMS 0x0000000086600000, 0x0000000086600000| Untracked 
|  23|0x0000000086700000, 0x0000000086700000, 0x0000000086800000|  0%| F|  |TAMS 0x0000000086700000, 0x0000000086700000| Untracked 
|  24|0x0000000086800000, 0x0000000086800000, 0x0000000086900000|  0%| F|  |TAMS 0x0000000086800000, 0x0000000086800000| Untracked 
|  25|0x0000000086900000, 0x0000000086900000, 0x0000000086a00000|  0%| F|  |TAMS 0x0000000086900000, 0x0000000086900000| Untracked 
|  26|0x0000000086a00000, 0x0000000086a00000, 0x0000000086b00000|  0%| F|  |TAMS 0x0000000086a00000, 0x0000000086a00000| Untracked 
|  27|0x0000000086b00000, 0x0000000086b00000, 0x0000000086c00000|  0%| F|  |TAMS 0x0000000086b00000, 0x0000000086b00000| Untracked 
|  28|0x0000000086c00000, 0x0000000086c00000, 0x0000000086d00000|  0%| F|  |TAMS 0x0000000086c00000, 0x0000000086c00000| Untracked 
|  29|0x0000000086d00000, 0x0000000086d00000, 0x0000000086e00000|  0%| F|  |TAMS 0x0000000086d00000, 0x0000000086d00000| Untracked 
|  30|0x0000000086e00000, 0x0000000086e00000, 0x0000000086f00000|  0%| F|  |TAMS 0x0000000086e00000, 0x0000000086e00000| Untracked 
|  31|0x0000000086f00000, 0x0000000086f00000, 0x0000000087000000|  0%| F|  |TAMS 0x0000000086f00000, 0x0000000086f00000| Untracked 
|  32|0x0000000087000000, 0x0000000087000000, 0x0000000087100000|  0%| F|  |TAMS 0x0000000087000000, 0x0000000087000000| Untracked 
|  33|0x0000000087100000, 0x0000000087100000, 0x0000000087200000|  0%| F|  |TAMS 0x0000000087100000, 0x0000000087100000| Untracked 
|  34|0x0000000087200000, 0x0000000087200000, 0x0000000087300000|  0%| F|  |TAMS 0x0000000087200000, 0x0000000087200000| Untracked 
|  35|0x0000000087300000, 0x0000000087300000, 0x0000000087400000|  0%| F|  |TAMS 0x0000000087300000, 0x0000000087300000| Untracked 
|  36|0x0000000087400000, 0x0000000087400000, 0x0000000087500000|  0%| F|  |TAMS 0x0000000087400000, 0x0000000087400000| Untracked 
|  37|0x0000000087500000, 0x0000000087500000, 0x0000000087600000|  0%| F|  |TAMS 0x0000000087500000, 0x0000000087500000| Untracked 
|  38|0x0000000087600000, 0x0000000087600000, 0x0000000087700000|  0%| F|  |TAMS 0x0000000087600000, 0x0000000087600000| Untracked 
|  39|0x0000000087700000, 0x0000000087700000, 0x0000000087800000|  0%| F|  |TAMS 0x0000000087700000, 0x0000000087700000| Untracked 
|  40|0x0000000087800000, 0x0000000087800000, 0x0000000087900000|  0%| F|  |TAMS 0x0000000087800000, 0x0000000087800000| Untracked 
|  41|0x0000000087900000, 0x0000000087900000, 0x0000000087a00000|  0%| F|  |TAMS 0x0000000087900000, 0x0000000087900000| Untracked 
|  42|0x0000000087a00000, 0x0000000087a00000, 0x0000000087b00000|  0%| F|  |TAMS 0x0000000087a00000, 0x0000000087a00000| Untracked 
|  43|0x0000000087b00000, 0x0000000087b00000, 0x0000000087c00000|  0%| F|  |TAMS 0x0000000087b00000, 0x0000000087b00000| Untracked 
|  44|0x0000000087c00000, 0x0000000087c00000, 0x0000000087d00000|  0%| F|  |TAMS 0x0000000087c00000, 0x0000000087c00000| Untracked 
|  45|0x0000000087d00000, 0x0000000087d00000, 0x0000000087e00000|  0%| F|  |TAMS 0x0000000087d00000, 0x0000000087d00000| Untracked 
|  46|0x0000000087e00000, 0x0000000087e00000, 0x0000000087f00000|  0%| F|  |TAMS 0x0000000087e00000, 0x0000000087e00000| Untracked 
|  47|0x0000000087f00000, 0x0000000087f00000, 0x0000000088000000|  0%| F|  |TAMS 0x0000000087f00000, 0x0000000087f00000| Untracked 
|  48|0x0000000088000000, 0x0000000088000000, 0x0000000088100000|  0%| F|  |TAMS 0x0000000088000000, 0x0000000088000000| Untracked 
|  49|0x0000000088100000, 0x0000000088100000, 0x0000000088200000|  0%| F|  |TAMS 0x0000000088100000, 0x0000000088100000| Untracked 
|  50|0x0000000088200000, 0x0000000088200000, 0x0000000088300000|  0%| F|  |TAMS 0x0000000088200000, 0x0000000088200000| Untracked 
|  51|0x0000000088300000, 0x0000000088300000, 0x0000000088400000|  0%| F|  |TAMS 0x0000000088300000, 0x0000000088300000| Untracked 
|  52|0x0000000088400000, 0x0000000088400000, 0x0000000088500000|  0%| F|  |TAMS 0x0000000088400000, 0x0000000088400000| Untracked 
|  53|0x0000000088500000, 0x0000000088500000, 0x0000000088600000|  0%| F|  |TAMS 0x0000000088500000, 0x0000000088500000| Untracked 
|  54|0x0000000088600000, 0x0000000088600000, 0x0000000088700000|  0%| F|  |TAMS 0x0000000088600000, 0x0000000088600000| Untracked 
|  55|0x0000000088700000, 0x0000000088700000, 0x0000000088800000|  0%| F|  |TAMS 0x0000000088700000, 0x0000000088700000| Untracked 
|  56|0x0000000088800000, 0x0000000088800000, 0x0000000088900000|  0%| F|  |TAMS 0x0000000088800000, 0x0000000088800000| Untracked 
|  57|0x0000000088900000, 0x0000000088900000, 0x0000000088a00000|  0%| F|  |TAMS 0x0000000088900000, 0x0000000088900000| Untracked 
|  58|0x0000000088a00000, 0x0000000088a00000, 0x0000000088b00000|  0%| F|  |TAMS 0x0000000088a00000, 0x0000000088a00000| Untracked 
|  59|0x0000000088b00000, 0x0000000088b00000, 0x0000000088c00000|  0%| F|  |TAMS 0x0000000088b00000, 0x0000000088b00000| Untracked 
|  60|0x0000000088c00000, 0x0000000088c00000, 0x0000000088d00000|  0%| F|  |TAMS 0x0000000088c00000, 0x0000000088c00000| Untracked 
|  61|0x0000000088d00000, 0x0000000088d00000, 0x0000000088e00000|  0%| F|  |TAMS 0x0000000088d00000, 0x0000000088d00000| Untracked 
|  62|0x0000000088e00000, 0x0000000088e00000, 0x0000000088f00000|  0%| F|  |TAMS 0x0000000088e00000, 0x0000000088e00000| Untracked 
|  63|0x0000000088f00000, 0x0000000088f00000, 0x0000000089000000|  0%| F|  |TAMS 0x0000000088f00000, 0x0000000088f00000| Untracked 
|  64|0x0000000089000000, 0x0000000089000000, 0x0000000089100000|  0%| F|  |TAMS 0x0000000089000000, 0x0000000089000000| Untracked 
|  65|0x0000000089100000, 0x0000000089100000, 0x0000000089200000|  0%| F|  |TAMS 0x0000000089100000, 0x0000000089100000| Untracked 
|  66|0x0000000089200000, 0x0000000089200000, 0x0000000089300000|  0%| F|  |TAMS 0x0000000089200000, 0x0000000089200000| Untracked 
|  67|0x0000000089300000, 0x0000000089300000, 0x0000000089400000|  0%| F|  |TAMS 0x0000000089300000, 0x0000000089300000| Untracked 
|  68|0x0000000089400000, 0x0000000089400000, 0x0000000089500000|  0%| F|  |TAMS 0x0000000089400000, 0x0000000089400000| Untracked 
|  69|0x0000000089500000, 0x0000000089500000, 0x0000000089600000|  0%| F|  |TAMS 0x0000000089500000, 0x0000000089500000| Untracked 
|  70|0x0000000089600000, 0x0000000089600000, 0x0000000089700000|  0%| F|  |TAMS 0x0000000089600000, 0x0000000089600000| Untracked 
|  71|0x0000000089700000, 0x0000000089700000, 0x0000000089800000|  0%| F|  |TAMS 0x0000000089700000, 0x0000000089700000| Untracked 
|  72|0x0000000089800000, 0x0000000089800000, 0x0000000089900000|  0%| F|  |TAMS 0x0000000089800000, 0x0000000089800000| Untracked 
|  73|0x0000000089900000, 0x0000000089900000, 0x0000000089a00000|  0%| F|  |TAMS 0x0000000089900000, 0x0000000089900000| Untracked 
|  74|0x0000000089a00000, 0x0000000089a00000, 0x0000000089b00000|  0%| F|  |TAMS 0x0000000089a00000, 0x0000000089a00000| Untracked 
|  75|0x0000000089b00000, 0x0000000089b00000, 0x0000000089c00000|  0%| F|  |TAMS 0x0000000089b00000, 0x0000000089b00000| Untracked 
|  76|0x0000000089c00000, 0x0000000089c00000, 0x0000000089d00000|  0%| F|  |TAMS 0x0000000089c00000, 0x0000000089c00000| Untracked 
|  77|0x0000000089d00000, 0x0000000089d00000, 0x0000000089e00000|  0%| F|  |TAMS 0x0000000089d00000, 0x0000000089d00000| Untracked 
|  78|0x0000000089e00000, 0x0000000089e00000, 0x0000000089f00000|  0%| F|  |TAMS 0x0000000089e00000, 0x0000000089e00000| Untracked 
|  79|0x0000000089f00000, 0x0000000089f00000, 0x000000008a000000|  0%| F|  |TAMS 0x0000000089f00000, 0x0000000089f00000| Untracked 
|  80|0x000000008a000000, 0x000000008a000000, 0x000000008a100000|  0%| F|  |TAMS 0x000000008a000000, 0x000000008a000000| Untracked 
|  81|0x000000008a100000, 0x000000008a100000, 0x000000008a200000|  0%| F|  |TAMS 0x000000008a100000, 0x000000008a100000| Untracked 
|  82|0x000000008a200000, 0x000000008a200000, 0x000000008a300000|  0%| F|  |TAMS 0x000000008a200000, 0x000000008a200000| Untracked 
|  83|0x000000008a300000, 0x000000008a300000, 0x000000008a400000|  0%| F|  |TAMS 0x000000008a300000, 0x000000008a300000| Untracked 
|  84|0x000000008a400000, 0x000000008a400000, 0x000000008a500000|  0%| F|  |TAMS 0x000000008a400000, 0x000000008a400000| Untracked 
|  85|0x000000008a500000, 0x000000008a500000, 0x000000008a600000|  0%| F|  |TAMS 0x000000008a500000, 0x000000008a500000| Untracked 
|  86|0x000000008a600000, 0x000000008a600000, 0x000000008a700000|  0%| F|  |TAMS 0x000000008a600000, 0x000000008a600000| Untracked 
|  87|0x000000008a700000, 0x000000008a700000, 0x000000008a800000|  0%| F|  |TAMS 0x000000008a700000, 0x000000008a700000| Untracked 
|  88|0x000000008a800000, 0x000000008a800000, 0x000000008a900000|  0%| F|  |TAMS 0x000000008a800000, 0x000000008a800000| Untracked 
|  89|0x000000008a900000, 0x000000008a900000, 0x000000008aa00000|  0%| F|  |TAMS 0x000000008a900000, 0x000000008a900000| Untracked 
|  90|0x000000008aa00000, 0x000000008aa00000, 0x000000008ab00000|  0%| F|  |TAMS 0x000000008aa00000, 0x000000008aa00000| Untracked 
|  91|0x000000008ab00000, 0x000000008ab00000, 0x000000008ac00000|  0%| F|  |TAMS 0x000000008ab00000, 0x000000008ab00000| Untracked 
|  92|0x000000008ac00000, 0x000000008ac00000, 0x000000008ad00000|  0%| F|  |TAMS 0x000000008ac00000, 0x000000008ac00000| Untracked 
|  93|0x000000008ad00000, 0x000000008ad00000, 0x000000008ae00000|  0%| F|  |TAMS 0x000000008ad00000, 0x000000008ad00000| Untracked 
|  94|0x000000008ae00000, 0x000000008ae00000, 0x000000008af00000|  0%| F|  |TAMS 0x000000008ae00000, 0x000000008ae00000| Untracked 
|  95|0x000000008af00000, 0x000000008af00000, 0x000000008b000000|  0%| F|  |TAMS 0x000000008af00000, 0x000000008af00000| Untracked 
|  96|0x000000008b000000, 0x000000008b000000, 0x000000008b100000|  0%| F|  |TAMS 0x000000008b000000, 0x000000008b000000| Untracked 
|  97|0x000000008b100000, 0x000000008b100000, 0x000000008b200000|  0%| F|  |TAMS 0x000000008b100000, 0x000000008b100000| Untracked 
|  98|0x000000008b200000, 0x000000008b200000, 0x000000008b300000|  0%| F|  |TAMS 0x000000008b200000, 0x000000008b200000| Untracked 
|  99|0x000000008b300000, 0x000000008b300000, 0x000000008b400000|  0%| F|  |TAMS 0x000000008b300000, 0x000000008b300000| Untracked 
| 100|0x000000008b400000, 0x000000008b400000, 0x000000008b500000|  0%| F|  |TAMS 0x000000008b400000, 0x000000008b400000| Untracked 
| 101|0x000000008b500000, 0x000000008b500000, 0x000000008b600000|  0%| F|  |TAMS 0x000000008b500000, 0x000000008b500000| Untracked 
| 102|0x000000008b600000, 0x000000008b600000, 0x000000008b700000|  0%| F|  |TAMS 0x000000008b600000, 0x000000008b600000| Untracked 
| 103|0x000000008b700000, 0x000000008b700000, 0x000000008b800000|  0%| F|  |TAMS 0x000000008b700000, 0x000000008b700000| Untracked 
| 104|0x000000008b800000, 0x000000008b800000, 0x000000008b900000|  0%| F|  |TAMS 0x000000008b800000, 0x000000008b800000| Untracked 
| 105|0x000000008b900000, 0x000000008b900000, 0x000000008ba00000|  0%| F|  |TAMS 0x000000008b900000, 0x000000008b900000| Untracked 
| 106|0x000000008ba00000, 0x000000008ba00000, 0x000000008bb00000|  0%| F|  |TAMS 0x000000008ba00000, 0x000000008ba00000| Untracked 
| 107|0x000000008bb00000, 0x000000008bb00000, 0x000000008bc00000|  0%| F|  |TAMS 0x000000008bb00000, 0x000000008bb00000| Untracked 
| 108|0x000000008bc00000, 0x000000008bc00000, 0x000000008bd00000|  0%| F|  |TAMS 0x000000008bc00000, 0x000000008bc00000| Untracked 
| 109|0x000000008bd00000, 0x000000008bd00000, 0x000000008be00000|  0%| F|  |TAMS 0x000000008bd00000, 0x000000008bd00000| Untracked 
| 110|0x000000008be00000, 0x000000008bf00000, 0x000000008bf00000|100%| E|CS|TAMS 0x000000008be00000, 0x000000008be00000| Complete 
| 111|0x000000008bf00000, 0x000000008c000000, 0x000000008c000000|100%| E|CS|TAMS 0x000000008bf00000, 0x000000008bf00000| Complete 
| 112|0x000000008c000000, 0x000000008c100000, 0x000000008c100000|100%| E|CS|TAMS 0x000000008c000000, 0x000000008c000000| Complete 
| 113|0x000000008c100000, 0x000000008c200000, 0x000000008c200000|100%| E|CS|TAMS 0x000000008c100000, 0x000000008c100000| Complete 
| 114|0x000000008c200000, 0x000000008c300000, 0x000000008c300000|100%| E|CS|TAMS 0x000000008c200000, 0x000000008c200000| Complete 
| 115|0x000000008c300000, 0x000000008c400000, 0x000000008c400000|100%| E|CS|TAMS 0x000000008c300000, 0x000000008c300000| Complete 
| 116|0x000000008c400000, 0x000000008c500000, 0x000000008c500000|100%| E|CS|TAMS 0x000000008c400000, 0x000000008c400000| Complete 
| 117|0x000000008c500000, 0x000000008c600000, 0x000000008c600000|100%| E|CS|TAMS 0x000000008c500000, 0x000000008c500000| Complete 
| 118|0x000000008c600000, 0x000000008c700000, 0x000000008c700000|100%| E|CS|TAMS 0x000000008c600000, 0x000000008c600000| Complete 
| 119|0x000000008c700000, 0x000000008c800000, 0x000000008c800000|100%| E|CS|TAMS 0x000000008c700000, 0x000000008c700000| Complete 
| 120|0x000000008c800000, 0x000000008c900000, 0x000000008c900000|100%| E|CS|TAMS 0x000000008c800000, 0x000000008c800000| Complete 
| 121|0x000000008c900000, 0x000000008ca00000, 0x000000008ca00000|100%| E|CS|TAMS 0x000000008c900000, 0x000000008c900000| Complete 
| 122|0x000000008ca00000, 0x000000008cb00000, 0x000000008cb00000|100%| E|CS|TAMS 0x000000008ca00000, 0x000000008ca00000| Complete 
| 123|0x000000008cb00000, 0x000000008cc00000, 0x000000008cc00000|100%| E|CS|TAMS 0x000000008cb00000, 0x000000008cb00000| Complete 
|1966|0x00000000ffe00000, 0x00000000ffe34000, 0x00000000fff00000| 20%|OA|  |TAMS 0x00000000ffe00000, 0x00000000ffe00000| Untracked 
|1967|0x00000000fff00000, 0x00000000fff6a000, 0x0000000100000000| 41%|CA|  |TAMS 0x00000000fff00000, 0x00000000fff00000| Untracked 

Card table byte_map: [0x00007f5d3011f000,0x00007f5d304f7000] _byte_map_base: 0x00007f5d2fcf7000

Marking Bits (Prev, Next): (CMBitMap*) 0x00007f5d2c04f5d8, (CMBitMap*) 0x00007f5d2c04f610
 Prev Bits: [0x00007f5d0e140000, 0x00007f5d10000000)
 Next Bits: [0x00007f5d0c280000, 0x00007f5d0e140000)

Polling page: 0x00007f5d30fe8000

Metaspace:

Usage:
  Non-class:      4.71 MB capacity,     4.56 MB ( 97%) used,   128.20 KB (  3%) free+waste,    28.50 KB ( <1%) overhead. 
      Class:    769.00 KB capacity,   585.38 KB ( 76%) used,   165.49 KB ( 22%) free+waste,    18.12 KB (  2%) overhead. 
       Both:      5.46 MB capacity,     5.13 MB ( 94%) used,   293.70 KB (  5%) free+waste,    46.62 KB ( <1%) overhead. 

Virtual space:
  Non-class space:        8.00 MB reserved,       5.00 MB ( 62%) committed 
      Class space:        1.00 GB reserved,     896.00 KB ( <1%) committed 
             Both:        1.01 GB reserved,       5.88 MB ( <1%) committed 

Chunk freelists:
   Non-Class:  45.00 KB
       Class:  31.00 KB
        Both:  76.00 KB

CodeHeap 'non-profiled nmethods': size=120032Kb used=237Kb max_used=237Kb free=119794Kb
 bounds [0x00007f5d1c41e000, 0x00007f5d1c68e000, 0x00007f5d23956000]
CodeHeap 'profiled nmethods': size=120032Kb used=1134Kb max_used=1134Kb free=118897Kb
 bounds [0x00007f5d14ee6000, 0x00007f5d15156000, 0x00007f5d1c41e000]
CodeHeap 'non-nmethods': size=5696Kb used=1183Kb max_used=1209Kb free=4512Kb
 bounds [0x00007f5d14956000, 0x00007f5d14bc6000, 0x00007f5d14ee6000]
 total_blobs=1301 nmethods=648 adapters=455
 compilation: enabled
              stopped_count=0, restarted_count=0
 full_count=0

Compilation events (10 events):
Event: 1.114 Thread 0x00007f5d2c112800  644       1       java.net.URL::getHost (5 bytes)
Event: 1.114 Thread 0x00007f5d2c112800 nmethod 644 0x00007f5d1c458d90 code [0x00007f5d1c458f40, 0x00007f5d1c459070]
Event: 1.115 Thread 0x00007f5d2c112800  645       3       java.lang.String::lastIndexOf (29 bytes)
Event: 1.115 Thread 0x00007f5d2c112800 nmethod 645 0x00007f5d15000790 code [0x00007f5d15000960, 0x00007f5d15000c58]
Event: 1.116 Thread 0x00007f5d2c112800  646       3       java.lang.String::lastIndexOf (12 bytes)
Event: 1.116 Thread 0x00007f5d2c112800 nmethod 646 0x00007f5d15000d90 code [0x00007f5d15000f80, 0x00007f5d150013d8]
Event: 1.116 Thread 0x00007f5d2c112800  647       3       java.lang.String::startsWith (7 bytes)
Event: 1.116 Thread 0x00007f5d2c112800 nmethod 647 0x00007f5d15001590 code [0x00007f5d15001740, 0x00007f5d150018e8]
Event: 1.116 Thread 0x00007f5d2c112800  648       1       java.net.URL::getProtocol (5 bytes)
Event: 1.116 Thread 0x00007f5d2c112800 nmethod 648 0x00007f5d1c459110 code [0x00007f5d1c4592c0, 0x00007f5d1c4593f0]

GC Heap History (0 events):
No events

Deoptimization events (10 events):
Event: 1.111 Thread 0x00007f5d2c48c800 DEOPT PACKING pc=0x00007f5d14fd9b0d sp=0x00007f5cd8adf660
Event: 1.111 Thread 0x00007f5d2c48c800 DEOPT UNPACKING pc=0x00007f5d1497e83a sp=0x00007f5cd8adeaf0 mode 0
Event: 1.111 Thread 0x00007f5d2c48c800 DEOPT PACKING pc=0x00007f5d14fd9b0d sp=0x00007f5cd8adf660
Event: 1.111 Thread 0x00007f5d2c48c800 DEOPT UNPACKING pc=0x00007f5d1497e83a sp=0x00007f5cd8adeaf0 mode 0
Event: 1.111 Thread 0x00007f5d2c48c800 DEOPT PACKING pc=0x00007f5d14fd9b0d sp=0x00007f5cd8adf660
Event: 1.111 Thread 0x00007f5d2c48c800 DEOPT UNPACKING pc=0x00007f5d1497e83a sp=0x00007f5cd8adeaf0 mode 0
Event: 1.112 Thread 0x00007f5d2c48c800 Uncommon trap: trap_request=0xffffff4d fr.pc=0x00007f5d1c4534d0 relative=0x0000000000000ff0
Event: 1.112 Thread 0x00007f5d2c48c800 Uncommon trap: reason=unstable_if action=reinterpret pc=0x00007f5d1c4534d0 method=sun.awt.image.PNGImageDecoder.produceImage()V @ 867 c2
Event: 1.112 Thread 0x00007f5d2c48c800 DEOPT PACKING pc=0x00007f5d1c4534d0 sp=0x00007f5cd8adf6e0
Event: 1.112 Thread 0x00007f5d2c48c800 DEOPT UNPACKING pc=0x00007f5d1497ea25 sp=0x00007f5cd8adf650 mode 2

Classes redefined (0 events):
No events

Internal exceptions (10 events):
Event: 0.184 Thread 0x00007f5d2c011800 Exception <a 'java/lang/NoSuchMethodError'{0x000000008c8c0da0}: 'java.lang.Object java.lang.invoke.DirectMethodHandle$Holder.invokeStatic(java.lang.Object, int, java.lang.Object, java.lang.Object, java.lang.Object)'> (0x000000008c8c0da0) thrown at [/build
Event: 0.185 Thread 0x00007f5d2c011800 Exception <a 'java/lang/NoSuchMethodError'{0x000000008c8c48e8}: 'java.lang.Object java.lang.invoke.DirectMethodHandle$Holder.invokeSpecial(java.lang.Object, java.lang.Object, int, java.lang.Object, java.lang.Object, java.lang.Object)'> (0x000000008c8c48e8
Event: 0.187 Thread 0x00007f5d2c011800 Exception <a 'java/lang/NoSuchMethodError'{0x000000008c8dc408}: 'java.lang.Object java.lang.invoke.DirectMethodHandle$Holder.invokeStatic(java.lang.Object, int, java.lang.Object)'> (0x000000008c8dc408) thrown at [/build/openjdk-lts-ZT5jEu/openjdk-lts-11.0
Event: 0.945 Thread 0x00007f5d2c011800 Exception <a 'java/lang/NoSuchMethodError'{0x000000008c7756b0}: 'java.lang.Object java.lang.invoke.DirectMethodHandle$Holder.invokeStatic(java.lang.Object, java.lang.Object, java.lang.Object, java.lang.Object, java.lang.Object, java.lang.Object, java.lang
Event: 0.947 Thread 0x00007f5d2c011800 Exception <a 'java/lang/NoSuchMethodError'{0x000000008c78f610}: 'java.lang.Object java.lang.invoke.DirectMethodHandle$Holder.invokeStatic(java.lang.Object, java.lang.Object, java.lang.Object, java.lang.Object, java.lang.Object, java.lang.Object, java.lang
Event: 0.948 Thread 0x00007f5d2c011800 Exception <a 'java/lang/NoSuchMethodError'{0x000000008c79b9d8}: 'void java.lang.invoke.DirectMethodHandle$Holder.invokeSpecial(java.lang.Object, java.lang.Object)'> (0x000000008c79b9d8) thrown at [/build/openjdk-lts-ZT5jEu/openjdk-lts-11.0.4+11/src/hotspo
Event: 0.988 Thread 0x00007f5d2c011800 Exception <a 'java/lang/NoSuchMethodError'{0x000000008c6c1b98}: 'java.lang.Object java.lang.invoke.Invokers$Holder.linkToTargetMethod(java.lang.Object, int, java.lang.Object)'> (0x000000008c6c1b98) thrown at [/build/openjdk-lts-ZT5jEu/openjdk-lts-11.0.4+1
Event: 1.001 Thread 0x00007f5d2c011800 Exception <a 'java/lang/ClassNotFoundException'{0x000000008c5049e8}: com/sun/swing/internal/plaf/metal/resources/spi/metalProvider> (0x000000008c5049e8) thrown at [/build/openjdk-lts-ZT5jEu/openjdk-lts-11.0.4+11/src/hotspot/share/classfile/systemDictionar
Event: 1.003 Thread 0x00007f5d2c011800 Exception <a 'java/lang/ClassNotFoundException'{0x000000008c5088f0}: com/sun/swing/internal/plaf/basic/resources/spi/basicProvider> (0x000000008c5088f0) thrown at [/build/openjdk-lts-ZT5jEu/openjdk-lts-11.0.4+11/src/hotspot/share/classfile/systemDictionar
Event: 1.117 Thread 0x00007f5d2c494800 Exception <a 'java/lang/NoSuchMethodError'{0x000000008beda710}: get> (0x000000008beda710) thrown at [/build/openjdk-lts-ZT5jEu/openjdk-lts-11.0.4+11/src/hotspot/share/prims/jni.cpp, line 1333]

Events (10 events):
Event: 1.116 loading class AI_Robot done
Event: 1.116 loading class AIGroup
Event: 1.116 loading class AIGroup done
Event: 1.116 loading class CRobot$1
Event: 1.116 loading class CRobot$1 done
Event: 1.117 Thread 0x00007f5d2c494800 Thread added: 0x00007f5d2c494800
Event: 1.117 loading class AI_Robot$1
Event: 1.117 loading class AI_Robot$1 done
Event: 1.117 Executing VM operation: RevokeBias
Event: 1.117 Executing VM operation: RevokeBias done


Dynamic libraries:
85000000-8cc00000 rw-p 00000000 00:00 0 
8cc00000-ffe00000 ---p 00000000 00:00 0 
ffe00000-ffe34000 rw-p 01116000 08:02 23990720                           /usr/lib/jvm/java-11-openjdk-amd64/lib/server/classes.jsa
ffe34000-fff00000 rw-p 00000000 00:00 0 
fff00000-fff6a000 rw-p 010ac000 08:02 23990720                           /usr/lib/jvm/java-11-openjdk-amd64/lib/server/classes.jsa
fff6a000-100000000 rw-p 00000000 00:00 0 
800000000-800002000 rwxp 00001000 08:02 23990720                         /usr/lib/jvm/java-11-openjdk-amd64/lib/server/classes.jsa
800002000-8003bd000 rw-p 00003000 08:02 23990720                         /usr/lib/jvm/java-11-openjdk-amd64/lib/server/classes.jsa
8003bd000-800a98000 r--p 003be000 08:02 23990720                         /usr/lib/jvm/java-11-openjdk-amd64/lib/server/classes.jsa
800a98000-800a99000 rw-p 00a99000 08:02 23990720                         /usr/lib/jvm/java-11-openjdk-amd64/lib/server/classes.jsa
800a99000-8010ab000 r--p 00a9a000 08:02 23990720                         /usr/lib/jvm/java-11-openjdk-amd64/lib/server/classes.jsa
840000000-8400e0000 rw-p 00000000 00:00 0 
8400e0000-880000000 ---p 00000000 00:00 0 
55e0bb2d5000-55e0bb2d6000 r--p 00000000 08:02 23597129                   /usr/lib/jvm/java-11-openjdk-amd64/bin/java
55e0bb2d6000-55e0bb2d7000 r-xp 00001000 08:02 23597129                   /usr/lib/jvm/java-11-openjdk-amd64/bin/java
55e0bb2d7000-55e0bb2d8000 r--p 00002000 08:02 23597129                   /usr/lib/jvm/java-11-openjdk-amd64/bin/java
55e0bb2d8000-55e0bb2d9000 r--p 00002000 08:02 23597129                   /usr/lib/jvm/java-11-openjdk-amd64/bin/java
55e0bb2d9000-55e0bb2da000 rw-p 00003000 08:02 23597129                   /usr/lib/jvm/java-11-openjdk-amd64/bin/java
55e0bc230000-55e0bc251000 rw-p 00000000 00:00 0                          [heap]
7f5ca0000000-7f5ca0021000 rw-p 00000000 00:00 0 
7f5ca0021000-7f5ca4000000 ---p 00000000 00:00 0 
7f5ca8000000-7f5ca8021000 rw-p 00000000 00:00 0 
7f5ca8021000-7f5cac000000 ---p 00000000 00:00 0 
7f5cac000000-7f5cac021000 rw-p 00000000 00:00 0 
7f5cac021000-7f5cb0000000 ---p 00000000 00:00 0 
7f5cb0000000-7f5cb0415000 rw-p 00000000 00:00 0 
7f5cb0415000-7f5cb4000000 ---p 00000000 00:00 0 
7f5cb4000000-7f5cb4038000 rw-p 00000000 00:00 0 
7f5cb4038000-7f5cb8000000 ---p 00000000 00:00 0 
7f5cb8000000-7f5cb8021000 rw-p 00000000 00:00 0 
7f5cb8021000-7f5cbc000000 ---p 00000000 00:00 0 
7f5cbc000000-7f5cbc021000 rw-p 00000000 00:00 0 
7f5cbc021000-7f5cc0000000 ---p 00000000 00:00 0 
7f5cc0000000-7f5cc0021000 rw-p 00000000 00:00 0 
7f5cc0021000-7f5cc4000000 ---p 00000000 00:00 0 
7f5cc4000000-7f5cc4021000 rw-p 00000000 00:00 0 
7f5cc4021000-7f5cc8000000 ---p 00000000 00:00 0 
7f5cc8000000-7f5cc8021000 rw-p 00000000 00:00 0 
7f5cc8021000-7f5ccc000000 ---p 00000000 00:00 0 
7f5ccc000000-7f5ccc021000 rw-p 00000000 00:00 0 
7f5ccc021000-7f5cd0000000 ---p 00000000 00:00 0 
7f5cd0000000-7f5cd0021000 rw-p 00000000 00:00 0 
7f5cd0021000-7f5cd4000000 ---p 00000000 00:00 0 
7f5cd4000000-7f5cd4021000 rw-p 00000000 00:00 0 
7f5cd4021000-7f5cd8000000 ---p 00000000 00:00 0 
7f5cd85d2000-7f5cd85d6000 ---p 00000000 00:00 0 
7f5cd85d6000-7f5cd86d3000 rw-p 00000000 00:00 0 
7f5cd86d3000-7f5cd86d7000 ---p 00000000 00:00 0 
7f5cd86d7000-7f5cd87d4000 rw-p 00000000 00:00 0 
7f5cd87d4000-7f5cd87d8000 ---p 00000000 00:00 0 
7f5cd87d8000-7f5cd88d5000 rw-p 00000000 00:00 0 
7f5cd88df000-7f5cd88e3000 ---p 00000000 00:00 0 
7f5cd88e3000-7f5cd89e0000 rw-p 00000000 00:00 0 
7f5cd89e0000-7f5cd89e4000 ---p 00000000 00:00 0 
7f5cd89e4000-7f5cd8ae1000 rw-p 00000000 00:00 0 
7f5cd8ae1000-7f5cd8ae5000 ---p 00000000 00:00 0 
7f5cd8ae5000-7f5cd8be2000 rw-p 00000000 00:00 0 
7f5cd8be2000-7f5cd8be6000 ---p 00000000 00:00 0 
7f5cd8be6000-7f5cd8ce3000 rw-p 00000000 00:00 0 
7f5cd8ce3000-7f5cd8ce8000 r-xp 00000000 08:02 23600531                   /usr/lib/x86_64-linux-gnu/libXfixes.so.3.1.0
7f5cd8ce8000-7f5cd8ee7000 ---p 00005000 08:02 23600531                   /usr/lib/x86_64-linux-gnu/libXfixes.so.3.1.0
7f5cd8ee7000-7f5cd8ee8000 r--p 00004000 08:02 23600531                   /usr/lib/x86_64-linux-gnu/libXfixes.so.3.1.0
7f5cd8ee8000-7f5cd8ee9000 rw-p 00005000 08:02 23600531                   /usr/lib/x86_64-linux-gnu/libXfixes.so.3.1.0
7f5cd8ee9000-7f5cd8eeb000 r--p 00000000 08:02 23600523                   /usr/lib/x86_64-linux-gnu/libXcursor.so.1.0.2
7f5cd8eeb000-7f5cd8ef0000 r-xp 00002000 08:02 23600523                   /usr/lib/x86_64-linux-gnu/libXcursor.so.1.0.2
7f5cd8ef0000-7f5cd8ef2000 r--p 00007000 08:02 23600523                   /usr/lib/x86_64-linux-gnu/libXcursor.so.1.0.2
7f5cd8ef2000-7f5cd8ef3000 r--p 00008000 08:02 23600523                   /usr/lib/x86_64-linux-gnu/libXcursor.so.1.0.2
7f5cd8ef3000-7f5cd8ef4000 rw-p 00009000 08:02 23600523                   /usr/lib/x86_64-linux-gnu/libXcursor.so.1.0.2
7f5cd8f06000-7f5cd8f07000 ---p 00000000 00:00 0 
7f5cd8f07000-7f5cd9707000 rw-p 00000000 00:00 0 
7f5cd9707000-7f5cd9708000 ---p 00000000 00:00 0 
7f5cd9708000-7f5cd9f08000 rw-p 00000000 00:00 0 
7f5cd9f08000-7f5cd9f09000 ---p 00000000 00:00 0 
7f5cd9f09000-7f5cda709000 rw-p 00000000 00:00 0 
7f5cda709000-7f5cda72f000 r--p 00000000 08:02 25043479                   /usr/share/glib-2.0/schemas/gschemas.compiled
7f5cda72f000-7f5cda739000 r--p 00000000 08:02 23600663                   /usr/lib/x86_64-linux-gnu/libblkid.so.1.1.0
7f5cda739000-7f5cda76d000 r-xp 0000a000 08:02 23600663                   /usr/lib/x86_64-linux-gnu/libblkid.so.1.1.0
7f5cda76d000-7f5cda77d000 r--p 0003e000 08:02 23600663                   /usr/lib/x86_64-linux-gnu/libblkid.so.1.1.0
7f5cda77d000-7f5cda77e000 ---p 0004e000 08:02 23600663                   /usr/lib/x86_64-linux-gnu/libblkid.so.1.1.0
7f5cda77e000-7f5cda783000 r--p 0004e000 08:02 23600663                   /usr/lib/x86_64-linux-gnu/libblkid.so.1.1.0
7f5cda783000-7f5cda784000 rw-p 00053000 08:02 23600663                   /usr/lib/x86_64-linux-gnu/libblkid.so.1.1.0
7f5cda784000-7f5cda786000 r--p 00000000 08:02 23601506                   /usr/lib/x86_64-linux-gnu/libpcre.so.3.13.3
7f5cda786000-7f5cda7d8000 r-xp 00002000 08:02 23601506                   /usr/lib/x86_64-linux-gnu/libpcre.so.3.13.3
7f5cda7d8000-7f5cda7f6000 r--p 00054000 08:02 23601506                   /usr/lib/x86_64-linux-gnu/libpcre.so.3.13.3
7f5cda7f6000-7f5cda7f7000 r--p 00071000 08:02 23601506                   /usr/lib/x86_64-linux-gnu/libpcre.so.3.13.3
7f5cda7f7000-7f5cda7f8000 rw-p 00072000 08:02 23601506                   /usr/lib/x86_64-linux-gnu/libpcre.so.3.13.3
7f5cda7f8000-7f5cda7fc000 r--p 00000000 08:02 23601610                   /usr/lib/x86_64-linux-gnu/libresolv-2.29.so
7f5cda7fc000-7f5cda80b000 r-xp 00004000 08:02 23601610                   /usr/lib/x86_64-linux-gnu/libresolv-2.29.so
7f5cda80b000-7f5cda80e000 r--p 00013000 08:02 23601610                   /usr/lib/x86_64-linux-gnu/libresolv-2.29.so
7f5cda80e000-7f5cda80f000 ---p 00016000 08:02 23601610                   /usr/lib/x86_64-linux-gnu/libresolv-2.29.so
7f5cda80f000-7f5cda810000 r--p 00016000 08:02 23601610                   /usr/lib/x86_64-linux-gnu/libresolv-2.29.so
7f5cda810000-7f5cda811000 rw-p 00017000 08:02 23601610                   /usr/lib/x86_64-linux-gnu/libresolv-2.29.so
7f5cda811000-7f5cda813000 rw-p 00000000 00:00 0 
7f5cda813000-7f5cda81e000 r--p 00000000 08:02 23601326                   /usr/lib/x86_64-linux-gnu/libmount.so.1.1.0
7f5cda81e000-7f5cda859000 r-xp 0000b000 08:02 23601326                   /usr/lib/x86_64-linux-gnu/libmount.so.1.1.0
7f5cda859000-7f5cda86b000 r--p 00046000 08:02 23601326                   /usr/lib/x86_64-linux-gnu/libmount.so.1.1.0
7f5cda86b000-7f5cda86e000 r--p 00057000 08:02 23601326                   /usr/lib/x86_64-linux-gnu/libmount.so.1.1.0
7f5cda86e000-7f5cda86f000 rw-p 0005a000 08:02 23601326                   /usr/lib/x86_64-linux-gnu/libmount.so.1.1.0
7f5cda86f000-7f5cda87d000 r--p 00000000 08:02 23593408                   /usr/lib/x86_64-linux-gnu/libgobject-2.0.so.0.6000.0
7f5cda87d000-7f5cda8af000 r-xp 0000e000 08:02 23593408                   /usr/lib/x86_64-linux-gnu/libgobject-2.0.so.0.6000.0
7f5cda8af000-7f5cda8c7000 r--p 00040000 08:02 23593408                   /usr/lib/x86_64-linux-gnu/libgobject-2.0.so.0.6000.0
7f5cda8c7000-7f5cda8ca000 r--p 00057000 08:02 23593408                   /usr/lib/x86_64-linux-gnu/libgobject-2.0.so.0.6000.0
7f5cda8ca000-7f5cda8cb000 rw-p 0005a000 08:02 23593408                   /usr/lib/x86_64-linux-gnu/libgobject-2.0.so.0.6000.0
7f5cda8cb000-7f5cda8e6000 r--p 00000000 08:02 23593383                   /usr/lib/x86_64-linux-gnu/libglib-2.0.so.0.6000.0
7f5cda8e6000-7f5cda966000 r-xp 0001b000 08:02 23593383                   /usr/lib/x86_64-linux-gnu/libglib-2.0.so.0.6000.0
7f5cda966000-7f5cda9e8000 r--p 0009b000 08:02 23593383                   /usr/lib/x86_64-linux-gnu/libglib-2.0.so.0.6000.0
7f5cda9e8000-7f5cda9e9000 ---p 0011d000 08:02 23593383                   /usr/lib/x86_64-linux-gnu/libglib-2.0.so.0.6000.0
7f5cda9e9000-7f5cda9ea000 r--p 0011d000 08:02 23593383                   /usr/lib/x86_64-linux-gnu/libglib-2.0.so.0.6000.0
7f5cda9ea000-7f5cda9eb000 rw-p 0011e000 08:02 23593383                   /usr/lib/x86_64-linux-gnu/libglib-2.0.so.0.6000.0
7f5cda9eb000-7f5cda9ec000 rw-p 00000000 00:00 0 
7f5cda9ec000-7f5cdaa23000 r--p 00000000 08:02 23593360                   /usr/lib/x86_64-linux-gnu/libgio-2.0.so.0.6000.0
7f5cdaa23000-7f5cdab24000 r-xp 00037000 08:02 23593360                   /usr/lib/x86_64-linux-gnu/libgio-2.0.so.0.6000.0
7f5cdab24000-7f5cdabaa000 r--p 00138000 08:02 23593360                   /usr/lib/x86_64-linux-gnu/libgio-2.0.so.0.6000.0
7f5cdabaa000-7f5cdabb2000 r--p 001bd000 08:02 23593360                   /usr/lib/x86_64-linux-gnu/libgio-2.0.so.0.6000.0
7f5cdabb2000-7f5cdabb3000 rw-p 001c5000 08:02 23593360                   /usr/lib/x86_64-linux-gnu/libgio-2.0.so.0.6000.0
7f5cdabb3000-7f5cdabb5000 rw-p 00000000 00:00 0 
7f5cdabb5000-7f5cdabbf000 r-xp 00000000 08:02 23600547                   /usr/lib/x86_64-linux-gnu/libXrandr.so.2.2.0
7f5cdabbf000-7f5cdadbe000 ---p 0000a000 08:02 23600547                   /usr/lib/x86_64-linux-gnu/libXrandr.so.2.2.0
7f5cdadbe000-7f5cdadbf000 r--p 00009000 08:02 23600547                   /usr/lib/x86_64-linux-gnu/libXrandr.so.2.2.0
7f5cdadbf000-7f5cdadc0000 rw-p 0000a000 08:02 23600547                   /usr/lib/x86_64-linux-gnu/libXrandr.so.2.2.0
7f5cdadc0000-7f5cdadcc000 r--p 00000000 08:02 23600949                   /usr/lib/x86_64-linux-gnu/libfreetype.so.6.16.1
7f5cdadcc000-7f5cdae49000 r-xp 0000c000 08:02 23600949                   /usr/lib/x86_64-linux-gnu/libfreetype.so.6.16.1
7f5cdae49000-7f5cdae72000 r--p 00089000 08:02 23600949                   /usr/lib/x86_64-linux-gnu/libfreetype.so.6.16.1
7f5cdae72000-7f5cdae73000 ---p 000b2000 08:02 23600949                   /usr/lib/x86_64-linux-gnu/libfreetype.so.6.16.1
7f5cdae73000-7f5cdae7a000 r--p 000b2000 08:02 23600949                   /usr/lib/x86_64-linux-gnu/libfreetype.so.6.16.1
7f5cdae7a000-7f5cdae7b000 rw-p 000b9000 08:02 23600949                   /usr/lib/x86_64-linux-gnu/libfreetype.so.6.16.1
7f5cdae7b000-7f5cdae7f000 r--p 00000000 08:02 23990635                   /usr/lib/jvm/java-11-openjdk-amd64/lib/libfontmanager.so
7f5cdae7f000-7f5cdaf71000 r-xp 00004000 08:02 23990635                   /usr/lib/jvm/java-11-openjdk-amd64/lib/libfontmanager.so
7f5cdaf71000-7f5cdafb1000 r--p 000f6000 08:02 23990635                   /usr/lib/jvm/java-11-openjdk-amd64/lib/libfontmanager.so
7f5cdafb1000-7f5cdafb2000 r--p 00135000 08:02 23990635                   /usr/lib/jvm/java-11-openjdk-amd64/lib/libfontmanager.so
7f5cdafb2000-7f5cdafb3000 rw-p 00136000 08:02 23990635                   /usr/lib/jvm/java-11-openjdk-amd64/lib/libfontmanager.so
7f5cdafb3000-7f5cdafb6000 rw-p 00000000 00:00 0 
7f5cdafb6000-7f5cdafbb000 r-xp 00000000 08:02 23600527                   /usr/lib/x86_64-linux-gnu/libXdmcp.so.6.0.0
7f5cdafbb000-7f5cdb1ba000 ---p 00005000 08:02 23600527                   /usr/lib/x86_64-linux-gnu/libXdmcp.so.6.0.0
7f5cdb1ba000-7f5cdb1bb000 r--p 00004000 08:02 23600527                   /usr/lib/x86_64-linux-gnu/libXdmcp.so.6.0.0
7f5cdb1bb000-7f5cdb1bc000 rw-p 00005000 08:02 23600527                   /usr/lib/x86_64-linux-gnu/libXdmcp.so.6.0.0
7f5cdb1bc000-7f5cdb1be000 r-xp 00000000 08:02 23600516                   /usr/lib/x86_64-linux-gnu/libXau.so.6.0.0
7f5cdb1be000-7f5cdb3be000 ---p 00002000 08:02 23600516                   /usr/lib/x86_64-linux-gnu/libXau.so.6.0.0
7f5cdb3be000-7f5cdb3bf000 r--p 00002000 08:02 23600516                   /usr/lib/x86_64-linux-gnu/libXau.so.6.0.0
7f5cdb3bf000-7f5cdb3c0000 rw-p 00003000 08:02 23600516                   /usr/lib/x86_64-linux-gnu/libXau.so.6.0.0
7f5cdb3c0000-7f5cdb3cf000 r-xp 00000000 08:02 23600537                   /usr/lib/x86_64-linux-gnu/libXi.so.6.1.0
7f5cdb3cf000-7f5cdb5ce000 ---p 0000f000 08:02 23600537                   /usr/lib/x86_64-linux-gnu/libXi.so.6.1.0
7f5cdb5ce000-7f5cdb5cf000 r--p 0000e000 08:02 23600537                   /usr/lib/x86_64-linux-gnu/libXi.so.6.1.0
7f5cdb5cf000-7f5cdb5d0000 rw-p 0000f000 08:02 23600537                   /usr/lib/x86_64-linux-gnu/libXi.so.6.1.0
7f5cdb5d0000-7f5cdb5d5000 r-xp 00000000 08:02 23600555                   /usr/lib/x86_64-linux-gnu/libXtst.so.6.1.0
7f5cdb5d5000-7f5cdb7d4000 ---p 00005000 08:02 23600555                   /usr/lib/x86_64-linux-gnu/libXtst.so.6.1.0
7f5cdb7d4000-7f5cdb7d5000 r--p 00004000 08:02 23600555                   /usr/lib/x86_64-linux-gnu/libXtst.so.6.1.0
7f5cdb7d5000-7f5cdb7d6000 rw-p 00005000 08:02 23600555                   /usr/lib/x86_64-linux-gnu/libXtst.so.6.1.0
7f5cdb7d6000-7f5cdb7df000 r-xp 00000000 08:02 23600549                   /usr/lib/x86_64-linux-gnu/libXrender.so.1.3.0
7f5cdb7df000-7f5cdb9de000 ---p 00009000 08:02 23600549                   /usr/lib/x86_64-linux-gnu/libXrender.so.1.3.0
7f5cdb9de000-7f5cdb9df000 r--p 00008000 08:02 23600549                   /usr/lib/x86_64-linux-gnu/libXrender.so.1.3.0
7f5cdb9df000-7f5cdb9e0000 rw-p 00009000 08:02 23600549                   /usr/lib/x86_64-linux-gnu/libXrender.so.1.3.0
7f5cdb9e0000-7f5cdb9f8000 r--p 00000000 08:02 23600512                   /usr/lib/x86_64-linux-gnu/libX11.so.6.3.0
7f5cdb9f8000-7f5cdba80000 r-xp 00018000 08:02 23600512                   /usr/lib/x86_64-linux-gnu/libX11.so.6.3.0
7f5cdba80000-7f5cdbb14000 r--p 000a0000 08:02 23600512                   /usr/lib/x86_64-linux-gnu/libX11.so.6.3.0
7f5cdbb14000-7f5cdbb15000 ---p 00134000 08:02 23600512                   /usr/lib/x86_64-linux-gnu/libX11.so.6.3.0
7f5cdbb15000-7f5cdbb16000 r--p 00134000 08:02 23600512                   /usr/lib/x86_64-linux-gnu/libX11.so.6.3.0
7f5cdbb16000-7f5cdbb1a000 rw-p 00135000 08:02 23600512                   /usr/lib/x86_64-linux-gnu/libX11.so.6.3.0
7f5cdbb1a000-7f5cdbb2b000 r-xp 00000000 08:02 23600529                   /usr/lib/x86_64-linux-gnu/libXext.so.6.4.0
7f5cdbb2b000-7f5cdbd2a000 ---p 00011000 08:02 23600529                   /usr/lib/x86_64-linux-gnu/libXext.so.6.4.0
7f5cdbd2a000-7f5cdbd2b000 r--p 00010000 08:02 23600529                   /usr/lib/x86_64-linux-gnu/libXext.so.6.4.0
7f5cdbd2b000-7f5cdbd2c000 rw-p 00011000 08:02 23600529                   /usr/lib/x86_64-linux-gnu/libXext.so.6.4.0
7f5cdbd2c000-7f5cdbd58000 r--p 00000000 08:02 23990630                   /usr/lib/jvm/java-11-openjdk-amd64/lib/libawt.so
7f5cdbd58000-7f5cdbdbf000 r-xp 0002c000 08:02 23990630                   /usr/lib/jvm/java-11-openjdk-amd64/lib/libawt.so
7f5cdbdbf000-7f5cdbdcc000 r--p 00093000 08:02 23990630                   /usr/lib/jvm/java-11-openjdk-amd64/lib/libawt.so
7f5cdbdcc000-7f5cdbdcd000 r--p 0009f000 08:02 23990630                   /usr/lib/jvm/java-11-openjdk-amd64/lib/libawt.so
7f5cdbdcd000-7f5cdbdd8000 rw-p 000a0000 08:02 23990630                   /usr/lib/jvm/java-11-openjdk-amd64/lib/libawt.so
7f5cdbdd8000-7f5cdbdfd000 rw-p 00000000 00:00 0 
7f5cdbdfd000-7f5cdbe01000 ---p 00000000 00:00 0 
7f5cdbe01000-7f5cdbefe000 rw-p 00000000 00:00 0 
7f5cdbefe000-7f5cdbeff000 ---p 00000000 00:00 0 
7f5cdbeff000-7f5cdc000000 rw-p 00000000 00:00 0 
7f5cdc000000-7f5cdc4c5000 rw-p 00000000 00:00 0 
7f5cdc4c5000-7f5ce0000000 ---p 00000000 00:00 0 
7f5ce0000000-7f5ce0021000 rw-p 00000000 00:00 0 
7f5ce0021000-7f5ce4000000 ---p 00000000 00:00 0 
7f5ce4000000-7f5ce4021000 rw-p 00000000 00:00 0 
7f5ce4021000-7f5ce8000000 ---p 00000000 00:00 0 
7f5ce8000000-7f5ce866b000 rw-p 00000000 00:00 0 
7f5ce866b000-7f5cec000000 ---p 00000000 00:00 0 
7f5cec000000-7f5cec021000 rw-p 00000000 00:00 0 
7f5cec021000-7f5cf0000000 ---p 00000000 00:00 0 
7f5cf0000000-7f5cf0021000 rw-p 00000000 00:00 0 
7f5cf0021000-7f5cf4000000 ---p 00000000 00:00 0 
7f5cf4000000-7f5cf4021000 rw-p 00000000 00:00 0 
7f5cf4021000-7f5cf8000000 ---p 00000000 00:00 0 
7f5cf8000000-7f5cf8021000 rw-p 00000000 00:00 0 
7f5cf8021000-7f5cfc000000 ---p 00000000 00:00 0 
7f5cfc000000-7f5cfc021000 rw-p 00000000 00:00 0 
7f5cfc021000-7f5d00000000 ---p 00000000 00:00 0 
7f5d00000000-7f5d00021000 rw-p 00000000 00:00 0 
7f5d00021000-7f5d04000000 ---p 00000000 00:00 0 
7f5d04006000-7f5d04008000 r--p 00000000 08:02 23601822                   /usr/lib/x86_64-linux-gnu/libuuid.so.1.3.0
7f5d04008000-7f5d0400c000 r-xp 00002000 08:02 23601822                   /usr/lib/x86_64-linux-gnu/libuuid.so.1.3.0
7f5d0400c000-7f5d0400d000 r--p 00006000 08:02 23601822                   /usr/lib/x86_64-linux-gnu/libuuid.so.1.3.0
7f5d0400d000-7f5d0400e000 r--p 00006000 08:02 23601822                   /usr/lib/x86_64-linux-gnu/libuuid.so.1.3.0
7f5d0400e000-7f5d0400f000 rw-p 00007000 08:02 23601822                   /usr/lib/x86_64-linux-gnu/libuuid.so.1.3.0
7f5d0400f000-7f5d04015000 r--p 00000000 08:02 23601661                   /usr/lib/x86_64-linux-gnu/libselinux.so.1
7f5d04015000-7f5d0402d000 r-xp 00006000 08:02 23601661                   /usr/lib/x86_64-linux-gnu/libselinux.so.1
7f5d0402d000-7f5d04034000 r--p 0001e000 08:02 23601661                   /usr/lib/x86_64-linux-gnu/libselinux.so.1
7f5d04034000-7f5d04035000 ---p 00025000 08:02 23601661                   /usr/lib/x86_64-linux-gnu/libselinux.so.1
7f5d04035000-7f5d04036000 r--p 00025000 08:02 23601661                   /usr/lib/x86_64-linux-gnu/libselinux.so.1
7f5d04036000-7f5d04037000 rw-p 00026000 08:02 23601661                   /usr/lib/x86_64-linux-gnu/libselinux.so.1
7f5d04037000-7f5d04039000 rw-p 00000000 00:00 0 
7f5d04039000-7f5d0403e000 r--p 00000000 08:02 23601542                   /usr/lib/x86_64-linux-gnu/libpng16.so.16.36.0
7f5d0403e000-7f5d04062000 r-xp 00005000 08:02 23601542                   /usr/lib/x86_64-linux-gnu/libpng16.so.16.36.0
7f5d04062000-7f5d0406e000 r--p 00029000 08:02 23601542                   /usr/lib/x86_64-linux-gnu/libpng16.so.16.36.0
7f5d0406e000-7f5d0406f000 r--p 00034000 08:02 23601542                   /usr/lib/x86_64-linux-gnu/libpng16.so.16.36.0
7f5d0406f000-7f5d04070000 rw-p 00035000 08:02 23601542                   /usr/lib/x86_64-linux-gnu/libpng16.so.16.36.0
7f5d04070000-7f5d0407b000 r--p 00000000 08:02 23601932                   /usr/lib/x86_64-linux-gnu/libxcb.so.1.1.0
7f5d0407b000-7f5d0408e000 r-xp 0000b000 08:02 23601932                   /usr/lib/x86_64-linux-gnu/libxcb.so.1.1.0
7f5d0408e000-7f5d04097000 r--p 0001e000 08:02 23601932                   /usr/lib/x86_64-linux-gnu/libxcb.so.1.1.0
7f5d04097000-7f5d04098000 r--p 00026000 08:02 23601932                   /usr/lib/x86_64-linux-gnu/libxcb.so.1.1.0
7f5d04098000-7f5d04099000 rw-p 00027000 08:02 23601932                   /usr/lib/x86_64-linux-gnu/libxcb.so.1.1.0
7f5d04099000-7f5d0409d000 ---p 00000000 00:00 0 
7f5d0409d000-7f5d0419a000 rw-p 00000000 00:00 0 
7f5d0419a000-7f5d0419e000 ---p 00000000 00:00 0 
7f5d0419e000-7f5d0429b000 rw-p 00000000 00:00 0 
7f5d0429b000-7f5d0429f000 ---p 00000000 00:00 0 
7f5d0429f000-7f5d0439c000 rw-p 00000000 00:00 0 
7f5d0439c000-7f5d043a0000 ---p 00000000 00:00 0 
7f5d043a0000-7f5d0449d000 rw-p 00000000 00:00 0 
7f5d0449d000-7f5d044a1000 ---p 00000000 00:00 0 
7f5d044a1000-7f5d0459e000 rw-p 00000000 00:00 0 
7f5d0459e000-7f5d05379000 r--p 00000000 08:02 23600058                   /usr/lib/locale/locale-archive
7f5d05379000-7f5d0537d000 ---p 00000000 00:00 0 
7f5d0537d000-7f5d0547a000 rw-p 00000000 00:00 0 
7f5d0547a000-7f5d0547e000 ---p 00000000 00:00 0 
7f5d0547e000-7f5d0557b000 rw-p 00000000 00:00 0 
7f5d0557b000-7f5d0557c000 ---p 00000000 00:00 0 
7f5d0557c000-7f5d05bfe000 rw-p 00000000 00:00 0 
7f5d05bfe000-7f5d05efe000 ---p 00000000 00:00 0 
7f5d05efe000-7f5d05eff000 ---p 00000000 00:00 0 
7f5d05eff000-7f5d08000000 rw-p 00000000 00:00 0 
7f5d08000000-7f5d08021000 rw-p 00000000 00:00 0 
7f5d08021000-7f5d0c000000 ---p 00000000 00:00 0 
7f5d0c003000-7f5d0c004000 r--p 00000000 08:02 27001589                   /home/kramer/Downloads/RobotArena-master/RobotAreana/AIBasic/build/libs/mynativelibrary/shared/libmynativelibrary.so
7f5d0c004000-7f5d0c005000 r-xp 00001000 08:02 27001589                   /home/kramer/Downloads/RobotArena-master/RobotAreana/AIBasic/build/libs/mynativelibrary/shared/libmynativelibrary.so
7f5d0c005000-7f5d0c006000 r--p 00002000 08:02 27001589                   /home/kramer/Downloads/RobotArena-master/RobotAreana/AIBasic/build/libs/mynativelibrary/shared/libmynativelibrary.so
7f5d0c006000-7f5d0c007000 r--p 00002000 08:02 27001589                   /home/kramer/Downloads/RobotArena-master/RobotAreana/AIBasic/build/libs/mynativelibrary/shared/libmynativelibrary.so
7f5d0c007000-7f5d0c008000 rw-p 00003000 08:02 27001589                   /home/kramer/Downloads/RobotArena-master/RobotAreana/AIBasic/build/libs/mynativelibrary/shared/libmynativelibrary.so
7f5d0c008000-7f5d0c00a000 r--p 00000000 08:02 23600923                   /usr/lib/x86_64-linux-gnu/libffi.so.6.0.4
7f5d0c00a000-7f5d0c00f000 r-xp 00002000 08:02 23600923                   /usr/lib/x86_64-linux-gnu/libffi.so.6.0.4
7f5d0c00f000-7f5d0c010000 r--p 00007000 08:02 23600923                   /usr/lib/x86_64-linux-gnu/libffi.so.6.0.4
7f5d0c010000-7f5d0c011000 r--p 00007000 08:02 23600923                   /usr/lib/x86_64-linux-gnu/libffi.so.6.0.4
7f5d0c011000-7f5d0c012000 rw-p 00008000 08:02 23600923                   /usr/lib/x86_64-linux-gnu/libffi.so.6.0.4
7f5d0c012000-7f5d0c013000 r--p 00000000 08:02 23593407                   /usr/lib/x86_64-linux-gnu/libgmodule-2.0.so.0.6000.0
7f5d0c013000-7f5d0c015000 r-xp 00001000 08:02 23593407                   /usr/lib/x86_64-linux-gnu/libgmodule-2.0.so.0.6000.0
7f5d0c015000-7f5d0c016000 r--p 00003000 08:02 23593407                   /usr/lib/x86_64-linux-gnu/libgmodule-2.0.so.0.6000.0
7f5d0c016000-7f5d0c017000 r--p 00003000 08:02 23593407                   /usr/lib/x86_64-linux-gnu/libgmodule-2.0.so.0.6000.0
7f5d0c017000-7f5d0c018000 rw-p 00004000 08:02 23593407                   /usr/lib/x86_64-linux-gnu/libgmodule-2.0.so.0.6000.0
7f5d0c018000-7f5d0c028000 r--p 00000000 08:02 23990632                   /usr/lib/jvm/java-11-openjdk-amd64/lib/libawt_xawt.so
7f5d0c028000-7f5d0c065000 r-xp 00010000 08:02 23990632                   /usr/lib/jvm/java-11-openjdk-amd64/lib/libawt_xawt.so
7f5d0c065000-7f5d0c077000 r--p 0004d000 08:02 23990632                   /usr/lib/jvm/java-11-openjdk-amd64/lib/libawt_xawt.so
7f5d0c077000-7f5d0c078000 r--p 0005e000 08:02 23990632                   /usr/lib/jvm/java-11-openjdk-amd64/lib/libawt_xawt.so
7f5d0c078000-7f5d0c07b000 rw-p 0005f000 08:02 23990632                   /usr/lib/jvm/java-11-openjdk-amd64/lib/libawt_xawt.so
7f5d0c07b000-7f5d0c07d000 rw-p 00000000 00:00 0 
7f5d0c07d000-7f5d0c07e000 ---p 00000000 00:00 0 
7f5d0c07e000-7f5d0c470000 rw-p 00000000 00:00 0 
7f5d0c470000-7f5d0e138000 ---p 00000000 00:00 0 
7f5d0e138000-7f5d0e330000 rw-p 00000000 00:00 0 
7f5d0e330000-7f5d0fff8000 ---p 00000000 00:00 0 
7f5d0fff8000-7f5d10000000 rw-p 00000000 00:00 0 
7f5d10000000-7f5d10021000 rw-p 00000000 00:00 0 
7f5d10021000-7f5d14000000 ---p 00000000 00:00 0 
7f5d14001000-7f5d14005000 r--p 00000000 08:02 23600683                   /usr/lib/x86_64-linux-gnu/libbsd.so.0.9.1
7f5d14005000-7f5d14014000 r-xp 00004000 08:02 23600683                   /usr/lib/x86_64-linux-gnu/libbsd.so.0.9.1
7f5d14014000-7f5d14017000 r--p 00013000 08:02 23600683                   /usr/lib/x86_64-linux-gnu/libbsd.so.0.9.1
7f5d14017000-7f5d14018000 ---p 00016000 08:02 23600683                   /usr/lib/x86_64-linux-gnu/libbsd.so.0.9.1
7f5d14018000-7f5d14019000 r--p 00016000 08:02 23600683                   /usr/lib/x86_64-linux-gnu/libbsd.so.0.9.1
7f5d14019000-7f5d1401a000 rw-p 00017000 08:02 23600683                   /usr/lib/x86_64-linux-gnu/libbsd.so.0.9.1
7f5d1401a000-7f5d1401b000 rw-p 00000000 00:00 0 
7f5d1401c000-7f5d14020000 r--p 00000000 08:02 24250591                   /usr/lib/x86_64-linux-gnu/gio/modules/libdconfsettings.so
7f5d14020000-7f5d14027000 r-xp 00004000 08:02 24250591                   /usr/lib/x86_64-linux-gnu/gio/modules/libdconfsettings.so
7f5d14027000-7f5d1402a000 r--p 0000b000 08:02 24250591                   /usr/lib/x86_64-linux-gnu/gio/modules/libdconfsettings.so
7f5d1402a000-7f5d1402b000 ---p 0000e000 08:02 24250591                   /usr/lib/x86_64-linux-gnu/gio/modules/libdconfsettings.so
7f5d1402b000-7f5d1402c000 r--p 0000e000 08:02 24250591                   /usr/lib/x86_64-linux-gnu/gio/modules/libdconfsettings.so
7f5d1402c000-7f5d1402d000 rw-p 0000f000 08:02 24250591                   /usr/lib/x86_64-linux-gnu/gio/modules/libdconfsettings.so
7f5d1402d000-7f5d1405e000 rw-p 00000000 00:00 0 
7f5d1405e000-7f5d14062000 r--p 00000000 08:02 23990653                   /usr/lib/jvm/java-11-openjdk-amd64/lib/libnet.so
7f5d14062000-7f5d14071000 r-xp 00004000 08:02 23990653                   /usr/lib/jvm/java-11-openjdk-amd64/lib/libnet.so
7f5d14071000-7f5d14075000 r--p 00013000 08:02 23990653                   /usr/lib/jvm/java-11-openjdk-amd64/lib/libnet.so
7f5d14075000-7f5d14076000 r--p 00016000 08:02 23990653                   /usr/lib/jvm/java-11-openjdk-amd64/lib/libnet.so
7f5d14076000-7f5d14077000 rw-p 00017000 08:02 23990653                   /usr/lib/jvm/java-11-openjdk-amd64/lib/libnet.so
7f5d14077000-7f5d1437a000 rw-p 00000000 00:00 0 
7f5d1437a000-7f5d1437b000 ---p 00000000 00:00 0 
7f5d1437b000-7f5d1447c000 rw-p 00000000 00:00 0 
7f5d1447c000-7f5d1447d000 ---p 00000000 00:00 0 
7f5d1447d000-7f5d145bc000 rw-p 00000000 00:00 0 
7f5d145bc000-7f5d14955000 ---p 00000000 00:00 0 
7f5d14955000-7f5d14956000 rw-p 00000000 00:00 0 
7f5d14956000-7f5d14bc6000 rwxp 00000000 00:00 0 
7f5d14bc6000-7f5d14ee6000 ---p 00000000 00:00 0 
7f5d14ee6000-7f5d15156000 rwxp 00000000 00:00 0 
7f5d15156000-7f5d1c41e000 ---p 00000000 00:00 0 
7f5d1c41e000-7f5d1c68e000 rwxp 00000000 00:00 0 
7f5d1c68e000-7f5d23956000 ---p 00000000 00:00 0 
7f5d23956000-7f5d2c000000 r--s 00000000 08:02 23990663                   /usr/lib/jvm/java-11-openjdk-amd64/lib/modules
7f5d2c000000-7f5d2c49c000 rw-p 00000000 00:00 0 
7f5d2c49c000-7f5d30000000 ---p 00000000 00:00 0 
7f5d30000000-7f5d30003000 r--p 00000000 08:02 24904754                   /home/kramer/.config/dconf/user
7f5d30003000-7f5d30004000 r--s 00000000 00:35 49                         /run/user/1000/dconf/user
7f5d30004000-7f5d30005000 r--p 00000000 08:02 25823354                   /usr/share/locale-langpack/en_AU/LC_MESSAGES/glib20.mo
7f5d30005000-7f5d3000c000 r--p 00000000 08:02 23990654                   /usr/lib/jvm/java-11-openjdk-amd64/lib/libnio.so
7f5d3000c000-7f5d30013000 r-xp 00007000 08:02 23990654                   /usr/lib/jvm/java-11-openjdk-amd64/lib/libnio.so
7f5d30013000-7f5d30016000 r--p 0000e000 08:02 23990654                   /usr/lib/jvm/java-11-openjdk-amd64/lib/libnio.so
7f5d30016000-7f5d30017000 r--p 00010000 08:02 23990654                   /usr/lib/jvm/java-11-openjdk-amd64/lib/libnio.so
7f5d30017000-7f5d30018000 rw-p 00011000 08:02 23990654                   /usr/lib/jvm/java-11-openjdk-amd64/lib/libnio.so
7f5d30018000-7f5d3015d000 rw-p 00000000 00:00 0 
7f5d3015d000-7f5d304f6000 ---p 00000000 00:00 0 
7f5d304f6000-7f5d30535000 rw-p 00000000 00:00 0 
7f5d30535000-7f5d308ce000 ---p 00000000 00:00 0 
7f5d308ce000-7f5d30cd3000 rw-p 00000000 00:00 0 
7f5d30cd3000-7f5d30cd4000 ---p 00000000 00:00 0 
7f5d30cd4000-7f5d30dda000 rw-p 00000000 00:00 0 
7f5d30dda000-7f5d30ec0000 ---p 00000000 00:00 0 
7f5d30ec0000-7f5d30ec5000 rw-p 00000000 00:00 0 
7f5d30ec5000-7f5d30fab000 ---p 00000000 00:00 0 
7f5d30fab000-7f5d30fb0000 rw-p 00000000 00:00 0 
7f5d30fb0000-7f5d30fb7000 ---p 00000000 00:00 0 
7f5d30fb7000-7f5d30fb9000 r--s 00007000 08:02 24382982                   /usr/share/java/java-atk-wrapper.jar
7f5d30fb9000-7f5d30fbb000 r--p 00000000 08:02 23990645                   /usr/lib/jvm/java-11-openjdk-amd64/lib/libjimage.so
7f5d30fbb000-7f5d30fbe000 r-xp 00002000 08:02 23990645                   /usr/lib/jvm/java-11-openjdk-amd64/lib/libjimage.so
7f5d30fbe000-7f5d30fc0000 r--p 00005000 08:02 23990645                   /usr/lib/jvm/java-11-openjdk-amd64/lib/libjimage.so
7f5d30fc0000-7f5d30fc1000 r--p 00006000 08:02 23990645                   /usr/lib/jvm/java-11-openjdk-amd64/lib/libjimage.so
7f5d30fc1000-7f5d30fc2000 rw-p 00007000 08:02 23990645                   /usr/lib/jvm/java-11-openjdk-amd64/lib/libjimage.so
7f5d30fc2000-7f5d30fc5000 r--p 00000000 08:02 23601425                   /usr/lib/x86_64-linux-gnu/libnss_files-2.29.so
7f5d30fc5000-7f5d30fcc000 r-xp 00003000 08:02 23601425                   /usr/lib/x86_64-linux-gnu/libnss_files-2.29.so
7f5d30fcc000-7f5d30fce000 r--p 0000a000 08:02 23601425                   /usr/lib/x86_64-linux-gnu/libnss_files-2.29.so
7f5d30fce000-7f5d30fcf000 r--p 0000b000 08:02 23601425                   /usr/lib/x86_64-linux-gnu/libnss_files-2.29.so
7f5d30fcf000-7f5d30fd0000 rw-p 0000c000 08:02 23601425                   /usr/lib/x86_64-linux-gnu/libnss_files-2.29.so
7f5d30fd0000-7f5d30fd6000 rw-p 00000000 00:00 0 
7f5d30fd6000-7f5d30fd8000 r--p 00000000 08:02 23990662                   /usr/lib/jvm/java-11-openjdk-amd64/lib/libzip.so
7f5d30fd8000-7f5d30fdc000 r-xp 00002000 08:02 23990662                   /usr/lib/jvm/java-11-openjdk-amd64/lib/libzip.so
7f5d30fdc000-7f5d30fde000 r--p 00006000 08:02 23990662                   /usr/lib/jvm/java-11-openjdk-amd64/lib/libzip.so
7f5d30fde000-7f5d30fdf000 r--p 00007000 08:02 23990662                   /usr/lib/jvm/java-11-openjdk-amd64/lib/libzip.so
7f5d30fdf000-7f5d30fe0000 rw-p 00008000 08:02 23990662                   /usr/lib/jvm/java-11-openjdk-amd64/lib/libzip.so
7f5d30fe0000-7f5d30fe8000 rw-s 00000000 08:02 2753649                    /tmp/hsperfdata_kramer/13569
7f5d30fe8000-7f5d30fe9000 ---p 00000000 00:00 0 
7f5d30fe9000-7f5d30fea000 r--p 00000000 00:00 0 
7f5d30fea000-7f5d30ff7000 r--p 00000000 08:02 23990641                   /usr/lib/jvm/java-11-openjdk-amd64/lib/libjava.so
7f5d30ff7000-7f5d3100c000 r-xp 0000d000 08:02 23990641                   /usr/lib/jvm/java-11-openjdk-amd64/lib/libjava.so
7f5d3100c000-7f5d31013000 r--p 00022000 08:02 23990641                   /usr/lib/jvm/java-11-openjdk-amd64/lib/libjava.so
7f5d31013000-7f5d31014000 r--p 00028000 08:02 23990641                   /usr/lib/jvm/java-11-openjdk-amd64/lib/libjava.so
7f5d31014000-7f5d31016000 rw-p 00029000 08:02 23990641                   /usr/lib/jvm/java-11-openjdk-amd64/lib/libjava.so
7f5d31016000-7f5d31019000 r--p 00000000 08:02 23601631                   /usr/lib/x86_64-linux-gnu/librt-2.29.so
7f5d31019000-7f5d3101d000 r-xp 00003000 08:02 23601631                   /usr/lib/x86_64-linux-gnu/librt-2.29.so
7f5d3101d000-7f5d3101f000 r--p 00007000 08:02 23601631                   /usr/lib/x86_64-linux-gnu/librt-2.29.so
7f5d3101f000-7f5d31020000 r--p 00008000 08:02 23601631                   /usr/lib/x86_64-linux-gnu/librt-2.29.so
7f5d31020000-7f5d31021000 rw-p 00009000 08:02 23601631                   /usr/lib/x86_64-linux-gnu/librt-2.29.so
7f5d31021000-7f5d31025000 ---p 00000000 00:00 0 
7f5d31025000-7f5d31122000 rw-p 00000000 00:00 0 
7f5d31122000-7f5d31125000 r--p 00000000 08:02 23596996                   /usr/lib/x86_64-linux-gnu/libgcc_s.so.1
7f5d31125000-7f5d31136000 r-xp 00003000 08:02 23596996                   /usr/lib/x86_64-linux-gnu/libgcc_s.so.1
7f5d31136000-7f5d3113a000 r--p 00014000 08:02 23596996                   /usr/lib/x86_64-linux-gnu/libgcc_s.so.1
7f5d3113a000-7f5d3113b000 r--p 00017000 08:02 23596996                   /usr/lib/x86_64-linux-gnu/libgcc_s.so.1
7f5d3113b000-7f5d3113c000 rw-p 00018000 08:02 23596996                   /usr/lib/x86_64-linux-gnu/libgcc_s.so.1
7f5d3113c000-7f5d3114b000 r--p 00000000 08:02 23601302                   /usr/lib/x86_64-linux-gnu/libm-2.29.so
7f5d3114b000-7f5d311f1000 r-xp 0000f000 08:02 23601302                   /usr/lib/x86_64-linux-gnu/libm-2.29.so
7f5d311f1000-7f5d31288000 r--p 000b5000 08:02 23601302                   /usr/lib/x86_64-linux-gnu/libm-2.29.so
7f5d31288000-7f5d31289000 r--p 0014b000 08:02 23601302                   /usr/lib/x86_64-linux-gnu/libm-2.29.so
7f5d31289000-7f5d3128a000 rw-p 0014c000 08:02 23601302                   /usr/lib/x86_64-linux-gnu/libm-2.29.so
7f5d3128a000-7f5d3131f000 r--p 00000000 08:02 23594558                   /usr/lib/x86_64-linux-gnu/libstdc++.so.6.0.26
7f5d3131f000-7f5d31411000 r-xp 00095000 08:02 23594558                   /usr/lib/x86_64-linux-gnu/libstdc++.so.6.0.26
7f5d31411000-7f5d3145a000 r--p 00187000 08:02 23594558                   /usr/lib/x86_64-linux-gnu/libstdc++.so.6.0.26
7f5d3145a000-7f5d3145b000 ---p 001d0000 08:02 23594558                   /usr/lib/x86_64-linux-gnu/libstdc++.so.6.0.26
7f5d3145b000-7f5d31466000 r--p 001d0000 08:02 23594558                   /usr/lib/x86_64-linux-gnu/libstdc++.so.6.0.26
7f5d31466000-7f5d31469000 rw-p 001db000 08:02 23594558                   /usr/lib/x86_64-linux-gnu/libstdc++.so.6.0.26
7f5d31469000-7f5d3146c000 rw-p 00000000 00:00 0 
7f5d3146c000-7f5d316db000 r--p 00000000 08:02 23990668                   /usr/lib/jvm/java-11-openjdk-amd64/lib/server/libjvm.so
7f5d316db000-7f5d321fb000 r-xp 0026f000 08:02 23990668                   /usr/lib/jvm/java-11-openjdk-amd64/lib/server/libjvm.so
7f5d321fb000-7f5d32434000 r--p 00d8f000 08:02 23990668                   /usr/lib/jvm/java-11-openjdk-amd64/lib/server/libjvm.so
7f5d32434000-7f5d32435000 ---p 00fc8000 08:02 23990668                   /usr/lib/jvm/java-11-openjdk-amd64/lib/server/libjvm.so
7f5d32435000-7f5d324f2000 r--p 00fc8000 08:02 23990668                   /usr/lib/jvm/java-11-openjdk-amd64/lib/server/libjvm.so
7f5d324f2000-7f5d3252b000 rw-p 01085000 08:02 23990668                   /usr/lib/jvm/java-11-openjdk-amd64/lib/server/libjvm.so
7f5d3252b000-7f5d32583000 rw-p 00000000 00:00 0 
7f5d32583000-7f5d3258a000 r--p 00000000 08:02 23601565                   /usr/lib/x86_64-linux-gnu/libpthread-2.29.so
7f5d3258a000-7f5d32599000 r-xp 00007000 08:02 23601565                   /usr/lib/x86_64-linux-gnu/libpthread-2.29.so
7f5d32599000-7f5d3259e000 r--p 00016000 08:02 23601565                   /usr/lib/x86_64-linux-gnu/libpthread-2.29.so
7f5d3259e000-7f5d3259f000 r--p 0001a000 08:02 23601565                   /usr/lib/x86_64-linux-gnu/libpthread-2.29.so
7f5d3259f000-7f5d325a0000 rw-p 0001b000 08:02 23601565                   /usr/lib/x86_64-linux-gnu/libpthread-2.29.so
7f5d325a0000-7f5d325a4000 rw-p 00000000 00:00 0 
7f5d325a4000-7f5d325a5000 r--p 00000000 08:02 23600824                   /usr/lib/x86_64-linux-gnu/libdl-2.29.so
7f5d325a5000-7f5d325a7000 r-xp 00001000 08:02 23600824                   /usr/lib/x86_64-linux-gnu/libdl-2.29.so
7f5d325a7000-7f5d325a8000 r--p 00003000 08:02 23600824                   /usr/lib/x86_64-linux-gnu/libdl-2.29.so
7f5d325a8000-7f5d325a9000 r--p 00003000 08:02 23600824                   /usr/lib/x86_64-linux-gnu/libdl-2.29.so
7f5d325a9000-7f5d325aa000 rw-p 00004000 08:02 23600824                   /usr/lib/x86_64-linux-gnu/libdl-2.29.so
7f5d325aa000-7f5d325ac000 r--p 00000000 08:02 23601962                   /usr/lib/x86_64-linux-gnu/libz.so.1.2.11
7f5d325ac000-7f5d325bd000 r-xp 00002000 08:02 23601962                   /usr/lib/x86_64-linux-gnu/libz.so.1.2.11
7f5d325bd000-7f5d325c3000 r--p 00013000 08:02 23601962                   /usr/lib/x86_64-linux-gnu/libz.so.1.2.11
7f5d325c3000-7f5d325c4000 ---p 00019000 08:02 23601962                   /usr/lib/x86_64-linux-gnu/libz.so.1.2.11
7f5d325c4000-7f5d325c5000 r--p 00019000 08:02 23601962                   /usr/lib/x86_64-linux-gnu/libz.so.1.2.11
7f5d325c5000-7f5d325c6000 rw-p 0001a000 08:02 23601962                   /usr/lib/x86_64-linux-gnu/libz.so.1.2.11
7f5d325c6000-7f5d325eb000 r--p 00000000 08:02 23600687                   /usr/lib/x86_64-linux-gnu/libc-2.29.so
7f5d325eb000-7f5d3275e000 r-xp 00025000 08:02 23600687                   /usr/lib/x86_64-linux-gnu/libc-2.29.so
7f5d3275e000-7f5d327a7000 r--p 00198000 08:02 23600687                   /usr/lib/x86_64-linux-gnu/libc-2.29.so
7f5d327a7000-7f5d327aa000 r--p 001e0000 08:02 23600687                   /usr/lib/x86_64-linux-gnu/libc-2.29.so
7f5d327aa000-7f5d327ad000 rw-p 001e3000 08:02 23600687                   /usr/lib/x86_64-linux-gnu/libc-2.29.so
7f5d327ad000-7f5d327b1000 rw-p 00000000 00:00 0 
7f5d327b1000-7f5d327b2000 r--p 00000000 08:02 25823436                   /usr/share/locale-langpack/en_AU/LC_MESSAGES/libc.mo
7f5d327b2000-7f5d327b7000 r--p 00000000 08:02 23990661                   /usr/lib/jvm/java-11-openjdk-amd64/lib/libverify.so
7f5d327b7000-7f5d327be000 r-xp 00005000 08:02 23990661                   /usr/lib/jvm/java-11-openjdk-amd64/lib/libverify.so
7f5d327be000-7f5d327c0000 r--p 0000c000 08:02 23990661                   /usr/lib/jvm/java-11-openjdk-amd64/lib/libverify.so
7f5d327c0000-7f5d327c2000 r--p 0000d000 08:02 23990661                   /usr/lib/jvm/java-11-openjdk-amd64/lib/libverify.so
7f5d327c2000-7f5d327c3000 rw-p 0000f000 08:02 23990661                   /usr/lib/jvm/java-11-openjdk-amd64/lib/libverify.so
7f5d327c3000-7f5d327c6000 r--p 00000000 08:02 23990625                   /usr/lib/jvm/java-11-openjdk-amd64/lib/jli/libjli.so
7f5d327c6000-7f5d327d0000 r-xp 00003000 08:02 23990625                   /usr/lib/jvm/java-11-openjdk-amd64/lib/jli/libjli.so
7f5d327d0000-7f5d327d3000 r--p 0000d000 08:02 23990625                   /usr/lib/jvm/java-11-openjdk-amd64/lib/jli/libjli.so
7f5d327d3000-7f5d327d4000 r--p 0000f000 08:02 23990625                   /usr/lib/jvm/java-11-openjdk-amd64/lib/jli/libjli.so
7f5d327d4000-7f5d327d5000 rw-p 00010000 08:02 23990625                   /usr/lib/jvm/java-11-openjdk-amd64/lib/jli/libjli.so
7f5d327d5000-7f5d327d7000 rw-p 00000000 00:00 0 
7f5d327d7000-7f5d327d8000 r--p 00000000 08:02 23600471                   /usr/lib/x86_64-linux-gnu/ld-2.29.so
7f5d327d8000-7f5d327f9000 r-xp 00001000 08:02 23600471                   /usr/lib/x86_64-linux-gnu/ld-2.29.so
7f5d327f9000-7f5d32801000 r--p 00022000 08:02 23600471                   /usr/lib/x86_64-linux-gnu/ld-2.29.so
7f5d32801000-7f5d32802000 r--p 00029000 08:02 23600471                   /usr/lib/x86_64-linux-gnu/ld-2.29.so
7f5d32802000-7f5d32803000 rw-p 0002a000 08:02 23600471                   /usr/lib/x86_64-linux-gnu/ld-2.29.so
7f5d32803000-7f5d32804000 rw-p 00000000 00:00 0 
7fff0cce0000-7fff0cd02000 rw-p 00000000 00:00 0                          [stack]
7fff0cdbf000-7fff0cdc2000 r--p 00000000 00:00 0                          [vvar]
7fff0cdc2000-7fff0cdc3000 r-xp 00000000 00:00 0                          [vdso]
ffffffffff600000-ffffffffff601000 r-xp 00000000 00:00 0                  [vsyscall]


VM Arguments:
jvm_args: -Dfile.encoding=UTF-8 -Duser.country=AU -Duser.language=en -Duser.variant 
java_command: ExampleSwingApp
java_class_path (initial): /home/kramer/Downloads/RobotArena-master/RobotAreana/start/build/classes/java/main:/home/kramer/Downloads/RobotArena-master/RobotAreana/start/build/classes/groovy/main:/home/kramer/Downloads/RobotArena-master/RobotAreana/start/build/resources/main:/home/kramer/Downloads/RobotArena-master/RobotAreana/AIBasic/build/libs/AIBasic.jar:/home/kramer/Downloads/RobotArena-master/RobotAreana/robot/build/libs/robot.jar:/home/kramer/Downloads/RobotArena-master/RobotAreana/main/build/libs/main.jar
Launcher Type: SUN_STANDARD

[Global flags]
     intx CICompilerCount                          = 3                                         {product} {ergonomic}
     uint ConcGCThreads                            = 1                                         {product} {ergonomic}
     uint G1ConcRefinementThreads                  = 4                                         {product} {ergonomic}
   size_t G1HeapRegionSize                         = 1048576                                   {product} {ergonomic}
    uintx GCDrainStackTargetSize                   = 64                                        {product} {ergonomic}
   size_t InitialHeapSize                          = 130023424                                 {product} {ergonomic}
   size_t MarkStackSize                            = 4194304                                   {product} {ergonomic}
   size_t MaxHeapSize                              = 2063597568                                {product} {ergonomic}
   size_t MaxNewSize                               = 1237319680                                {product} {ergonomic}
   size_t MinHeapDeltaBytes                        = 1048576                                   {product} {ergonomic}
    uintx NonNMethodCodeHeapSize                   = 5830092                                {pd product} {ergonomic}
    uintx NonProfiledCodeHeapSize                  = 122914074                              {pd product} {ergonomic}
    uintx ProfiledCodeHeapSize                     = 122914074                              {pd product} {ergonomic}
    uintx ReservedCodeCacheSize                    = 251658240                              {pd product} {ergonomic}
     bool SegmentedCodeCache                       = true                                      {product} {ergonomic}
     bool UseCompressedClassPointers               = true                                 {lp64_product} {ergonomic}
     bool UseCompressedOops                        = true                                 {lp64_product} {ergonomic}
     bool UseG1GC                                  = true                                      {product} {ergonomic}

Logging:
Log output configuration:
 #0: stdout all=warning uptime,level,tags
 #1: stderr all=off uptime,level,tags

Environment Variables:
PATH=/home/kramer/.local/bin:/usr/local/sbin:/usr/local/bin:/usr/sbin:/usr/bin:/sbin:/bin:/usr/games:/usr/local/games:/snap/bin
USERNAME=kramer
LD_LIBRARY_PATH=/home/kramer/Downloads/RobotArena-master/RobotAreana/AIBasic/build/libs/mynativelibrary/shared
SHELL=/bin/bash
DISPLAY=:0

Signal Handlers:
SIGSEGV: [libjvm.so+0xd1cc80], sa_mask[0]=11111111011111111101111111111110, sa_flags=SA_RESTART|SA_SIGINFO
SIGBUS: [libjvm.so+0xd1cc80], sa_mask[0]=11111111011111111101111111111110, sa_flags=SA_RESTART|SA_SIGINFO
SIGFPE: [libjvm.so+0xd1cc80], sa_mask[0]=11111111011111111101111111111110, sa_flags=SA_RESTART|SA_SIGINFO
SIGPIPE: SIG_IGN, sa_mask[0]=00000000000010000000000000000000, sa_flags=SA_RESTART
SIGXFSZ: [libjvm.so+0xb239a0], sa_mask[0]=11111111011111111101111111111110, sa_flags=SA_RESTART|SA_SIGINFO
SIGILL: [libjvm.so+0xd1cc80], sa_mask[0]=11111111011111111101111111111110, sa_flags=SA_RESTART|SA_SIGINFO
SIGUSR2: [libjvm.so+0xb23830], sa_mask[0]=00100000000000000000000000000000, sa_flags=SA_RESTART|SA_SIGINFO
SIGHUP: [libjvm.so+0xb23ce0], sa_mask[0]=11111111011111111101111111111110, sa_flags=SA_RESTART|SA_SIGINFO
SIGINT: [libjvm.so+0xb23ce0], sa_mask[0]=11111111011111111101111111111110, sa_flags=SA_RESTART|SA_SIGINFO
SIGTERM: [libjvm.so+0xb23ce0], sa_mask[0]=11111111011111111101111111111110, sa_flags=SA_RESTART|SA_SIGINFO
SIGQUIT: [libjvm.so+0xb23ce0], sa_mask[0]=11111111011111111101111111111110, sa_flags=SA_RESTART|SA_SIGINFO


---------------  S Y S T E M  ---------------

OS:DISTRIB_ID=Ubuntu
DISTRIB_RELEASE=19.04
DISTRIB_CODENAME=disco
DISTRIB_DESCRIPTION="Ubuntu 19.04"
uname:Linux 5.0.0-32-generic #34-Ubuntu SMP Wed Oct 2 02:06:48 UTC 2019 x86_64
libc:glibc 2.29 NPTL 2.29 
rlimit: STACK 8192k, CORE 0k, NPROC 31283, NOFILE 524288, AS infinity, DATA infinity, FSIZE infinity
load average:0.58 0.84 0.94

/proc/meminfo:
MemTotal:        8057228 kB
MemFree:         1527844 kB
MemAvailable:    3441504 kB
Buffers:          143352 kB
Cached:          2052052 kB
SwapCached:            0 kB
Active:          4689088 kB
Inactive:        1431688 kB
Active(anon):    3853296 kB
Inactive(anon):   204668 kB
Active(file):     835792 kB
Inactive(file):  1227020 kB
Unevictable:        3452 kB
Mlocked:              16 kB
SwapTotal:       2097148 kB
SwapFree:        2097148 kB
Dirty:              1896 kB
Writeback:             0 kB
AnonPages:       3928896 kB
Mapped:           702960 kB
Shmem:            210008 kB
KReclaimable:     142264 kB
Slab:             243032 kB
SReclaimable:     142264 kB
SUnreclaim:       100768 kB
KernelStack:       16856 kB
PageTables:        37244 kB
NFS_Unstable:          0 kB
Bounce:                0 kB
WritebackTmp:          0 kB
CommitLimit:     6125760 kB
Committed_AS:   12794636 kB
VmallocTotal:   34359738367 kB
VmallocUsed:           0 kB
VmallocChunk:          0 kB
Percpu:             2192 kB
HardwareCorrupted:     0 kB
AnonHugePages:         0 kB
ShmemHugePages:        0 kB
ShmemPmdMapped:        0 kB
CmaTotal:              0 kB
CmaFree:               0 kB
HugePages_Total:       0
HugePages_Free:        0
HugePages_Rsvd:        0
HugePages_Surp:        0
Hugepagesize:       2048 kB
Hugetlb:               0 kB
DirectMap4k:      244272 kB
DirectMap2M:     5939200 kB
DirectMap1G:     2097152 kB


/proc/sys/kernel/threads-max (system-wide limit on the number of threads):
62566


/proc/sys/vm/max_map_count (maximum number of memory map areas a process may have):
65530


/proc/sys/kernel/pid_max (system-wide limit on number of process identifiers):
32768



container (cgroup) information:
container_type: cgroupv1
cpu_cpuset_cpus: 0-3
cpu_memory_nodes: 0
active_processor_count: 4
cpu_quota: -1
cpu_period: 100000
cpu_shares: -1
memory_limit_in_bytes: -1
memory_and_swap_limit_in_bytes: -2
memory_soft_limit_in_bytes: -1
memory_usage_in_bytes: 1158438912
memory_max_usage_in_bytes: 1178083328

Steal ticks since vm start: 0
Steal ticks percentage since vm start:  0.000

CPU:total 4 (initial active 4) (4 cores per cpu, 1 threads per core) family 6 model 60 stepping 3, cmov, cx8, fxsr, mmx, sse, sse2, sse3, ssse3, sse4.1, sse4.2, popcnt, avx, avx2, aes, clmul, erms, lzcnt, tsc, tscinvbit, bmi1, bmi2, fma
CPU Model and flags from /proc/cpuinfo:
model name	: Intel(R) Core(TM) i5-4690 CPU @ 3.50GHz
flags		: fpu vme de pse tsc msr pae mce cx8 apic sep mtrr pge mca cmov pat pse36 clflush dts acpi mmx fxsr sse sse2 ss ht tm pbe syscall nx pdpe1gb rdtscp lm constant_tsc arch_perfmon pebs bts rep_good nopl xtopology nonstop_tsc cpuid aperfmperf pni pclmulqdq dtes64 monitor ds_cpl vmx smx est tm2 ssse3 sdbg fma cx16 xtpr pdcm pcid sse4_1 sse4_2 x2apic movbe popcnt tsc_deadline_timer aes xsave avx f16c rdrand lahf_lm abm cpuid_fault invpcid_single pti ssbd ibrs ibpb stibp tpr_shadow vnmi flexpriority ept vpid ept_ad fsgsbase tsc_adjust bmi1 avx2 smep bmi2 erms invpcid xsaveopt dtherm ida arat pln pts md_clear flush_l1d

Memory: 4k page, physical 8057228k(1527844k free), swap 2097148k(2097148k free)

vm_info: OpenJDK 64-Bit Server VM (11.0.4+11-post-Ubuntu-1ubuntu219.04) for linux-amd64 JRE (11.0.4+11-post-Ubuntu-1ubuntu219.04), built on Jul 18 2019 18:21:46 by "buildd" with gcc 8.3.0

END.
