#
# A fatal error has been detected by the Java Runtime Environment:
#
#  SIGSEGV (0xb) at pc=0x00007fbb6463762b, pid=19873, tid=19898
#
# JRE version: OpenJDK Runtime Environment (11.0.4+11) (build 11.0.4+11-post-Ubuntu-1ubuntu219.04)
# Java VM: OpenJDK 64-Bit Server VM (11.0.4+11-post-Ubuntu-1ubuntu219.04, mixed mode, sharing, tiered, compressed oops, g1 gc, linux-amd64)
# Problematic frame:
# V  [libjvm.so+0x86462b]
#
# Core dump will be written. Default location: Core dumps may be processed with "/usr/share/apport/apport %p %s %c %d %P" (or dumping to /home/kramer/Downloads/RobotArena-master/RobotAreana/start/core.19873)
#
# If you would like to submit a bug report, please visit:
#   https://bugs.launchpad.net/ubuntu/+source/openjdk-lts
#

---------------  S U M M A R Y ------------

Command Line: -Dfile.encoding=UTF-8 -Duser.country=AU -Duser.language=en -Duser.variant ExampleSwingApp

Host: Intel(R) Core(TM) i5-4690 CPU @ 3.50GHz, 4 cores, 7G, Ubuntu 19.04
Time: Mon Oct 28 21:26:24 2019 AWST elapsed time: 1 seconds (0d 0h 0m 1s)

---------------  T H R E A D  ---------------

Current thread (0x00007fbb5c30d000):  JavaThread "Thomas" [_thread_in_vm, id=19898, stack(0x00007fbafb0f4000,0x00007fbafb1f5000)]

Stack: [0x00007fbafb0f4000,0x00007fbafb1f5000],  sp=0x00007fbafb1f3610,  free space=1021k
Native frames: (J=compiled Java code, A=aot compiled Java code, j=interpreted, Vv=VM code, C=native code)
V  [libjvm.so+0x86462b]
C  [libmynativelibrary.so+0x13ba]  Java_CRobot_startCPP+0x2b5
j  CRobot.startCPP(LRobotControl;)V+0
j  CRobot$1.run()V+8
j  java.lang.Thread.run()V+11 java.base@11.0.4
v  ~StubRoutines::call_stub
V  [libjvm.so+0x7f40b1]
V  [libjvm.so+0x7f2550]
V  [libjvm.so+0x7f260b]
V  [libjvm.so+0x88e63c]
V  [libjvm.so+0xcc0060]
V  [libjvm.so+0xcc0350]
V  [libjvm.so+0xcbbee4]
V  [libjvm.so+0xb2cbee]

Java frames: (J=compiled Java code, j=interpreted, Vv=VM code)
j  CRobot.startCPP(LRobotControl;)V+0
j  CRobot$1.run()V+8
j  java.lang.Thread.run()V+11 java.base@11.0.4
v  ~StubRoutines::call_stub

siginfo: si_signo: 11 (SIGSEGV), si_code: 1 (SEGV_MAPERR), si_addr: 0x0000000000000000

Register to memory mapping:

RAX=0x00007fbafb1f36b0 is pointing into the stack for thread: 0x00007fbb5c30d000
RBX=0x00007fbb5c30d000 is a thread
RCX=0x00007fbb64637550: <offset 0x0000000000864550> in /usr/lib/jvm/java-11-openjdk-amd64/lib/server/libjvm.so at 0x00007fbb63dd3000
RDX=0x00007fbb5c30a830 points into unknown readable memory: c8 a9 ed 8b 00 00 00 00
RSP=0x00007fbafb1f3610 is pointing into the stack for thread: 0x00007fbb5c30d000
RBP=0x00007fbafb1f3790 is pointing into the stack for thread: 0x00007fbb5c30d000
RSI=0x00007fbb5c30d000 is a thread
RDI=0x00007fbafb1f3670 is pointing into the stack for thread: 0x00007fbb5c30d000
R8 ={method} {0x000000080018db20} 'get' '(I)Ljava/lang/Object;' in 'java/util/Collections$UnmodifiableList'
R9 =0x0000000000000004 is an unknown value
R10=0x00007fbb5c30d6b0 points into unknown readable memory: 00 af 10 00 08 00 00 00
R11=0x00007fbb5c30d6b0 points into unknown readable memory: 00 af 10 00 08 00 00 00
R12=0x00007fbafb1f3670 is pointing into the stack for thread: 0x00007fbb5c30d000
R13=0x00007fbb5c30d340 points into unknown readable memory: e0 ff e5 64 bb 7f 00 00
R14=0x0 is NULL
R15=0x00007fbafb1f38d0 is pointing into the stack for thread: 0x00007fbb5c30d000


Registers:
RAX=0x00007fbafb1f36b0, RBX=0x00007fbb5c30d000, RCX=0x00007fbb64637550, RDX=0x00007fbb5c30a830
RSP=0x00007fbafb1f3610, RBP=0x00007fbafb1f3790, RSI=0x00007fbb5c30d000, RDI=0x00007fbafb1f3670
R8 =0x000000080018db20, R9 =0x0000000000000004, R10=0x00007fbb5c30d6b0, R11=0x00007fbb5c30d6b0
R12=0x00007fbafb1f3670, R13=0x00007fbb5c30d340, R14=0x0000000000000000, R15=0x00007fbafb1f38d0
RIP=0x00007fbb6463762b, EFLAGS=0x0000000000010202, CSGSFS=0x002b000000000033, ERR=0x0000000000000004
  TRAPNO=0x000000000000000e

Top of Stack: (sp=0x00007fbafb1f3610)
0x00007fbafb1f3610:   00007fbb5c0e5290 00007fbb5c30d000
0x00007fbafb1f3620:   00007fba0000000c 00007fbad8000ce8
0x00007fbafb1f3630:   0000000000000000 0000003000000018
0x00007fbafb1f3640:   00007fbafb1f37a0 00007fbafb1f36b0 

Instructions: (pc=0x00007fbb6463762b)
0x00007fbb6463752b:   89 e0 5b 41 5c 41 5d 41 5e 41 5f 5d c3 0f 1f 84
0x00007fbb6463753b:   00 00 00 00 00 48 89 df 31 db e8 66 2d 45 00 e9
0x00007fbb6463754b:   ab fe ff ff 90 55 48 89 e5 41 57 49 89 f7 41 56
0x00007fbb6463755b:   49 89 d6 41 55 49 89 fd 41 54 53 48 81 ec 58 01
0x00007fbb6463756b:   00 00 48 89 8d 38 ff ff ff 4c 89 85 40 ff ff ff
0x00007fbb6463757b:   4c 89 8d 48 ff ff ff 84 c0 74 29 0f 29 85 50 ff
0x00007fbb6463758b:   ff ff 0f 29 8d 60 ff ff ff 0f 29 95 70 ff ff ff
0x00007fbb6463759b:   0f 29 5d 80 0f 29 65 90 0f 29 6d a0 0f 29 75 b0
0x00007fbb646375ab:   0f 29 7d c0 49 8d 9d c0 fc ff ff 8b 83 d0 03 00
0x00007fbb646375bb:   00 2d ab de 00 00 83 f8 01 0f 87 46 01 00 00 48
0x00007fbb646375cb:   89 df 48 89 9d 88 fe ff ff e8 c7 69 ff ff 48 83
0x00007fbb646375db:   7b 08 00 48 89 9d c0 fe ff ff 48 c7 85 c8 fe ff
0x00007fbb646375eb:   ff 00 00 00 00 74 0c 48 8d bd c0 fe ff ff e8 02
0x00007fbb646375fb:   0e 32 00 48 8d 45 10 4c 8d a5 e0 fe ff ff c7 85
0x00007fbb6463760b:   a8 fe ff ff 18 00 00 00 48 89 85 b0 fe ff ff 48
0x00007fbb6463761b:   8d 85 20 ff ff ff 4c 89 e7 48 89 85 b8 fe ff ff
0x00007fbb6463762b:   49 8b 06 c7 85 ac fe ff ff 30 00 00 00 c7 85 90
0x00007fbb6463763b:   fe ff ff 0c 00 00 00 48 8b 40 08 0f b7 50 2c 48
0x00007fbb6463764b:   8b 40 08 48 8b 74 d0 40 e8 78 53 3a 00 4d 89 e0
0x00007fbb6463765b:   49 89 d9 4c 89 f1 48 8d 05 f0 20 77 00 4c 89 fa
0x00007fbb6463766b:   4c 89 ef 45 31 e4 48 89 85 e0 fe ff ff f3 0f 6f
0x00007fbb6463767b:   85 a8 fe ff ff 48 8d b5 90 fe ff ff 48 8b 85 b8
0x00007fbb6463768b:   fe ff ff c7 85 f8 fe ff ff 63 00 00 00 48 c7 85
0x00007fbb6463769b:   00 ff ff ff 00 00 00 00 0f 11 85 08 ff ff ff 48
0x00007fbb646376ab:   89 85 18 ff ff ff e8 fa f3 ff ff 48 83 7b 08 00
0x00007fbb646376bb:   75 07 4c 8b a5 98 fe ff ff 48 83 bd c8 fe ff ff
0x00007fbb646376cb:   00 74 0c 48 8d bd c0 fe ff ff e8 76 0d 32 00 48
0x00007fbb646376db:   8b bb f0 00 00 00 e8 1a e3 00 00 48 8d bd 88 fe
0x00007fbb646376eb:   ff ff e8 fe e3 00 00 48 81 c4 58 01 00 00 4c 89
0x00007fbb646376fb:   e0 5b 41 5c 41 5d 41 5e 41 5f 5d c3 66 0f 1f 84
0x00007fbb6463770b:   00 00 00 00 00 48 89 df 31 db e8 96 2b 45 00 e9
0x00007fbb6463771b:   ab fe ff ff 90 55 48 89 e5 41 57 49 89 f7 41 56 


Stack slot to memory mapping:
stack at sp + 0 slots: 0x00007fbb5c0e5290 points into unknown readable memory: 00 00 00 00 00 00 00 00
stack at sp + 1 slots: 0x00007fbb5c30d000 is a thread
stack at sp + 2 slots: 0x00007fba0000000c is an unknown value
stack at sp + 3 slots: 0x00007fbad8000ce8 points into unknown readable memory: c8 2e bd 8c 00 00 00 00
stack at sp + 4 slots: 0x0 is NULL
stack at sp + 5 slots: 0x0000003000000018 is an unknown value
stack at sp + 6 slots: 0x00007fbafb1f37a0 is pointing into the stack for thread: 0x00007fbb5c30d000
stack at sp + 7 slots: 0x00007fbafb1f36b0 is pointing into the stack for thread: 0x00007fbb5c30d000


---------------  P R O C E S S  ---------------

Threads class SMR info:
_java_thread_list=0x00007fbb5c311c40, length=16, elements={
0x00007fbb5c011800, 0x00007fbb5c107000, 0x00007fbb5c111000, 0x00007fbb5c116800,
0x00007fbb5c118800, 0x00007fbb5c11a800, 0x00007fbb5c11c800, 0x00007fbb5c14c800,
0x00007fbb5c154800, 0x00007fbb5c2da000, 0x00007fbb5c2dc000, 0x00007fbb0c22e000,
0x00007fbb5c305000, 0x00007fbb5c30d000, 0x00007fbb5c30f000, 0x00007fbb5c310800
}

Java Threads: ( => current thread )
  0x00007fbb5c011800 JavaThread "main" [_thread_in_Java, id=19875, stack(0x00007fbb63988000,0x00007fbb63a89000)]
  0x00007fbb5c107000 JavaThread "Reference Handler" daemon [_thread_blocked, id=19882, stack(0x00007fbb2fdfd000,0x00007fbb2fefe000)]
  0x00007fbb5c111000 JavaThread "Finalizer" daemon [_thread_blocked, id=19883, stack(0x00007fbb2fcfc000,0x00007fbb2fdfd000)]
  0x00007fbb5c116800 JavaThread "Signal Dispatcher" daemon [_thread_blocked, id=19884, stack(0x00007fbb2ee20000,0x00007fbb2ef21000)]
  0x00007fbb5c118800 JavaThread "C2 CompilerThread0" daemon [_thread_blocked, id=19885, stack(0x00007fbb2ed1f000,0x00007fbb2ee20000)]
  0x00007fbb5c11a800 JavaThread "C1 CompilerThread0" daemon [_thread_blocked, id=19886, stack(0x00007fbb2ec1e000,0x00007fbb2ed1f000)]
  0x00007fbb5c11c800 JavaThread "Sweeper thread" daemon [_thread_blocked, id=19887, stack(0x00007fbb2eb1d000,0x00007fbb2ec1e000)]
  0x00007fbb5c14c800 JavaThread "Service Thread" daemon [_thread_blocked, id=19888, stack(0x00007fbb2ea1c000,0x00007fbb2eb1d000)]
  0x00007fbb5c154800 JavaThread "Common-Cleaner" daemon [_thread_blocked, id=19890, stack(0x00007fbb2e819000,0x00007fbb2e91a000)]
  0x00007fbb5c2da000 JavaThread "Java2D Disposer" daemon [_thread_blocked, id=19894, stack(0x00007fbafb4f8000,0x00007fbafb5f9000)]
  0x00007fbb5c2dc000 JavaThread "AWT-XAWT" daemon [_thread_in_native, id=19895, stack(0x00007fbafb3f7000,0x00007fbafb4f8000)]
  0x00007fbb0c22e000 JavaThread "C2 CompilerThread1" daemon [_thread_blocked, id=19896, stack(0x00007fbafb2f6000,0x00007fbafb3f7000)]
  0x00007fbb5c305000 JavaThread "Image Fetcher 0" daemon [_thread_blocked, id=19897, stack(0x00007fbafb1f5000,0x00007fbafb2f6000)]
=>0x00007fbb5c30d000 JavaThread "Thomas" [_thread_in_vm, id=19898, stack(0x00007fbafb0f4000,0x00007fbafb1f5000)]
  0x00007fbb5c30f000 JavaThread "Thomas" [_thread_blocked, id=19899, stack(0x00007fbafaff3000,0x00007fbafb0f4000)]
  0x00007fbb5c310800 JavaThread "Thomas" [_thread_blocked, id=19900, stack(0x00007fbafaef2000,0x00007fbafaff3000)]

Other Threads:
  0x00007fbb5c104000 VMThread "VM Thread" [stack: 0x00007fbb2ff00000,0x00007fbb30000000] [id=19881] _threads_hazard_ptr=0x00007fbb5c311c40
  0x00007fbb5c14e800 WatcherThread [stack: 0x00007fbb2e91c000,0x00007fbb2ea1c000] [id=19889]
  0x00007fbb5c027000 GCTaskThread "GC Thread#0" [stack: 0x00007fbb6363c000,0x00007fbb6373c000] [id=19876]
  0x00007fbb5c058000 ConcurrentGCThread "G1 Main Marker" [stack: 0x00007fbb606ac000,0x00007fbb607ac000] [id=19877]
  0x00007fbb5c05a000 ConcurrentGCThread "G1 Conc#0" [stack: 0x00007fbb605aa000,0x00007fbb606aa000] [id=19878]
  0x00007fbb5c0d2000 ConcurrentGCThread "G1 Refine#0" [stack: 0x00007fbb600a4000,0x00007fbb601a4000] [id=19879]
  0x00007fbb5c0d3800 ConcurrentGCThread "G1 Young RemSet Sampling" [stack: 0x00007fbb44856000,0x00007fbb44956000] [id=19880]

Threads with active compile tasks:

VM state:synchronizing (normal execution)

VM Mutex/Monitor currently owned by a thread:  ([mutex/lock_event])
[0x00007fbb5c00e2d0] Safepoint_lock - owner thread: 0x00007fbb5c104000
[0x00007fbb5c00e360] Threads_lock - owner thread: 0x00007fbb5c104000
[0x00007fbb5c00eab0] Heap_lock - owner thread: 0x00007fbb5c30f000

Heap address: 0x0000000085000000, size: 1968 MB, Compressed Oops mode: 32-bit
Narrow klass base: 0x0000000800000000, Narrow klass shift: 3
Compressed class space size: 1073741824 Address: 0x0000000840000000

Heap:
 garbage-first heap   total 129024K, used 23160K [0x0000000085000000, 0x0000000100000000)
  region size 1024K, 14 young (14336K), 0 survivors (0K)
 Metaspace       used 5242K, capacity 5596K, committed 5760K, reserved 1056768K
  class space    used 585K, capacity 769K, committed 896K, reserved 1048576K
Heap Regions: E=young(eden), S=young(survivor), O=old, HS=humongous(starts), HC=humongous(continues), CS=collection set, F=free, A=archive, TAMS=top-at-mark-start (previous, next)
|   0|0x0000000085000000, 0x0000000085100000, 0x0000000085100000|100%|HS|  |TAMS 0x0000000085000000, 0x0000000085000000| Complete 
|   1|0x0000000085100000, 0x0000000085200000, 0x0000000085200000|100%|HC|  |TAMS 0x0000000085100000, 0x0000000085100000| Complete 
|   2|0x0000000085200000, 0x0000000085300000, 0x0000000085300000|100%|HC|  |TAMS 0x0000000085200000, 0x0000000085200000| Complete 
|   3|0x0000000085300000, 0x0000000085400000, 0x0000000085400000|100%|HC|  |TAMS 0x0000000085300000, 0x0000000085300000| Complete 
|   4|0x0000000085400000, 0x0000000085500000, 0x0000000085500000|100%|HC|  |TAMS 0x0000000085400000, 0x0000000085400000| Complete 
|   5|0x0000000085500000, 0x0000000085600000, 0x0000000085600000|100%|HC|  |TAMS 0x0000000085500000, 0x0000000085500000| Complete 
|   6|0x0000000085600000, 0x0000000085700000, 0x0000000085700000|100%|HC|  |TAMS 0x0000000085600000, 0x0000000085600000| Complete 
|   7|0x0000000085700000, 0x0000000085800000, 0x0000000085800000|100%|HC|  |TAMS 0x0000000085700000, 0x0000000085700000| Complete 
|   8|0x0000000085800000, 0x0000000085800000, 0x0000000085900000|  0%| F|  |TAMS 0x0000000085800000, 0x0000000085800000| Untracked 
|   9|0x0000000085900000, 0x0000000085900000, 0x0000000085a00000|  0%| F|  |TAMS 0x0000000085900000, 0x0000000085900000| Untracked 
|  10|0x0000000085a00000, 0x0000000085a00000, 0x0000000085b00000|  0%| F|  |TAMS 0x0000000085a00000, 0x0000000085a00000| Untracked 
|  11|0x0000000085b00000, 0x0000000085b00000, 0x0000000085c00000|  0%| F|  |TAMS 0x0000000085b00000, 0x0000000085b00000| Untracked 
|  12|0x0000000085c00000, 0x0000000085c00000, 0x0000000085d00000|  0%| F|  |TAMS 0x0000000085c00000, 0x0000000085c00000| Untracked 
|  13|0x0000000085d00000, 0x0000000085d00000, 0x0000000085e00000|  0%| F|  |TAMS 0x0000000085d00000, 0x0000000085d00000| Untracked 
|  14|0x0000000085e00000, 0x0000000085e00000, 0x0000000085f00000|  0%| F|  |TAMS 0x0000000085e00000, 0x0000000085e00000| Untracked 
|  15|0x0000000085f00000, 0x0000000085f00000, 0x0000000086000000|  0%| F|  |TAMS 0x0000000085f00000, 0x0000000085f00000| Untracked 
|  16|0x0000000086000000, 0x0000000086000000, 0x0000000086100000|  0%| F|  |TAMS 0x0000000086000000, 0x0000000086000000| Untracked 
|  17|0x0000000086100000, 0x0000000086100000, 0x0000000086200000|  0%| F|  |TAMS 0x0000000086100000, 0x0000000086100000| Untracked 
|  18|0x0000000086200000, 0x0000000086200000, 0x0000000086300000|  0%| F|  |TAMS 0x0000000086200000, 0x0000000086200000| Untracked 
|  19|0x0000000086300000, 0x0000000086300000, 0x0000000086400000|  0%| F|  |TAMS 0x0000000086300000, 0x0000000086300000| Untracked 
|  20|0x0000000086400000, 0x0000000086400000, 0x0000000086500000|  0%| F|  |TAMS 0x0000000086400000, 0x0000000086400000| Untracked 
|  21|0x0000000086500000, 0x0000000086500000, 0x0000000086600000|  0%| F|  |TAMS 0x0000000086500000, 0x0000000086500000| Untracked 
|  22|0x0000000086600000, 0x0000000086600000, 0x0000000086700000|  0%| F|  |TAMS 0x0000000086600000, 0x0000000086600000| Untracked 
|  23|0x0000000086700000, 0x0000000086700000, 0x0000000086800000|  0%| F|  |TAMS 0x0000000086700000, 0x0000000086700000| Untracked 
|  24|0x0000000086800000, 0x0000000086800000, 0x0000000086900000|  0%| F|  |TAMS 0x0000000086800000, 0x0000000086800000| Untracked 
|  25|0x0000000086900000, 0x0000000086900000, 0x0000000086a00000|  0%| F|  |TAMS 0x0000000086900000, 0x0000000086900000| Untracked 
|  26|0x0000000086a00000, 0x0000000086a00000, 0x0000000086b00000|  0%| F|  |TAMS 0x0000000086a00000, 0x0000000086a00000| Untracked 
|  27|0x0000000086b00000, 0x0000000086b00000, 0x0000000086c00000|  0%| F|  |TAMS 0x0000000086b00000, 0x0000000086b00000| Untracked 
|  28|0x0000000086c00000, 0x0000000086c00000, 0x0000000086d00000|  0%| F|  |TAMS 0x0000000086c00000, 0x0000000086c00000| Untracked 
|  29|0x0000000086d00000, 0x0000000086d00000, 0x0000000086e00000|  0%| F|  |TAMS 0x0000000086d00000, 0x0000000086d00000| Untracked 
|  30|0x0000000086e00000, 0x0000000086e00000, 0x0000000086f00000|  0%| F|  |TAMS 0x0000000086e00000, 0x0000000086e00000| Untracked 
|  31|0x0000000086f00000, 0x0000000086f00000, 0x0000000087000000|  0%| F|  |TAMS 0x0000000086f00000, 0x0000000086f00000| Untracked 
|  32|0x0000000087000000, 0x0000000087000000, 0x0000000087100000|  0%| F|  |TAMS 0x0000000087000000, 0x0000000087000000| Untracked 
|  33|0x0000000087100000, 0x0000000087100000, 0x0000000087200000|  0%| F|  |TAMS 0x0000000087100000, 0x0000000087100000| Untracked 
|  34|0x0000000087200000, 0x0000000087200000, 0x0000000087300000|  0%| F|  |TAMS 0x0000000087200000, 0x0000000087200000| Untracked 
|  35|0x0000000087300000, 0x0000000087300000, 0x0000000087400000|  0%| F|  |TAMS 0x0000000087300000, 0x0000000087300000| Untracked 
|  36|0x0000000087400000, 0x0000000087400000, 0x0000000087500000|  0%| F|  |TAMS 0x0000000087400000, 0x0000000087400000| Untracked 
|  37|0x0000000087500000, 0x0000000087500000, 0x0000000087600000|  0%| F|  |TAMS 0x0000000087500000, 0x0000000087500000| Untracked 
|  38|0x0000000087600000, 0x0000000087600000, 0x0000000087700000|  0%| F|  |TAMS 0x0000000087600000, 0x0000000087600000| Untracked 
|  39|0x0000000087700000, 0x0000000087700000, 0x0000000087800000|  0%| F|  |TAMS 0x0000000087700000, 0x0000000087700000| Untracked 
|  40|0x0000000087800000, 0x0000000087800000, 0x0000000087900000|  0%| F|  |TAMS 0x0000000087800000, 0x0000000087800000| Untracked 
|  41|0x0000000087900000, 0x0000000087900000, 0x0000000087a00000|  0%| F|  |TAMS 0x0000000087900000, 0x0000000087900000| Untracked 
|  42|0x0000000087a00000, 0x0000000087a00000, 0x0000000087b00000|  0%| F|  |TAMS 0x0000000087a00000, 0x0000000087a00000| Untracked 
|  43|0x0000000087b00000, 0x0000000087b00000, 0x0000000087c00000|  0%| F|  |TAMS 0x0000000087b00000, 0x0000000087b00000| Untracked 
|  44|0x0000000087c00000, 0x0000000087c00000, 0x0000000087d00000|  0%| F|  |TAMS 0x0000000087c00000, 0x0000000087c00000| Untracked 
|  45|0x0000000087d00000, 0x0000000087d00000, 0x0000000087e00000|  0%| F|  |TAMS 0x0000000087d00000, 0x0000000087d00000| Untracked 
|  46|0x0000000087e00000, 0x0000000087e00000, 0x0000000087f00000|  0%| F|  |TAMS 0x0000000087e00000, 0x0000000087e00000| Untracked 
|  47|0x0000000087f00000, 0x0000000087f00000, 0x0000000088000000|  0%| F|  |TAMS 0x0000000087f00000, 0x0000000087f00000| Untracked 
|  48|0x0000000088000000, 0x0000000088000000, 0x0000000088100000|  0%| F|  |TAMS 0x0000000088000000, 0x0000000088000000| Untracked 
|  49|0x0000000088100000, 0x0000000088100000, 0x0000000088200000|  0%| F|  |TAMS 0x0000000088100000, 0x0000000088100000| Untracked 
|  50|0x0000000088200000, 0x0000000088200000, 0x0000000088300000|  0%| F|  |TAMS 0x0000000088200000, 0x0000000088200000| Untracked 
|  51|0x0000000088300000, 0x0000000088300000, 0x0000000088400000|  0%| F|  |TAMS 0x0000000088300000, 0x0000000088300000| Untracked 
|  52|0x0000000088400000, 0x0000000088400000, 0x0000000088500000|  0%| F|  |TAMS 0x0000000088400000, 0x0000000088400000| Untracked 
|  53|0x0000000088500000, 0x0000000088500000, 0x0000000088600000|  0%| F|  |TAMS 0x0000000088500000, 0x0000000088500000| Untracked 
|  54|0x0000000088600000, 0x0000000088600000, 0x0000000088700000|  0%| F|  |TAMS 0x0000000088600000, 0x0000000088600000| Untracked 
|  55|0x0000000088700000, 0x0000000088700000, 0x0000000088800000|  0%| F|  |TAMS 0x0000000088700000, 0x0000000088700000| Untracked 
|  56|0x0000000088800000, 0x0000000088800000, 0x0000000088900000|  0%| F|  |TAMS 0x0000000088800000, 0x0000000088800000| Untracked 
|  57|0x0000000088900000, 0x0000000088900000, 0x0000000088a00000|  0%| F|  |TAMS 0x0000000088900000, 0x0000000088900000| Untracked 
|  58|0x0000000088a00000, 0x0000000088a00000, 0x0000000088b00000|  0%| F|  |TAMS 0x0000000088a00000, 0x0000000088a00000| Untracked 
|  59|0x0000000088b00000, 0x0000000088b00000, 0x0000000088c00000|  0%| F|  |TAMS 0x0000000088b00000, 0x0000000088b00000| Untracked 
|  60|0x0000000088c00000, 0x0000000088c00000, 0x0000000088d00000|  0%| F|  |TAMS 0x0000000088c00000, 0x0000000088c00000| Untracked 
|  61|0x0000000088d00000, 0x0000000088d00000, 0x0000000088e00000|  0%| F|  |TAMS 0x0000000088d00000, 0x0000000088d00000| Untracked 
|  62|0x0000000088e00000, 0x0000000088e00000, 0x0000000088f00000|  0%| F|  |TAMS 0x0000000088e00000, 0x0000000088e00000| Untracked 
|  63|0x0000000088f00000, 0x0000000088f00000, 0x0000000089000000|  0%| F|  |TAMS 0x0000000088f00000, 0x0000000088f00000| Untracked 
|  64|0x0000000089000000, 0x0000000089000000, 0x0000000089100000|  0%| F|  |TAMS 0x0000000089000000, 0x0000000089000000| Untracked 
|  65|0x0000000089100000, 0x0000000089100000, 0x0000000089200000|  0%| F|  |TAMS 0x0000000089100000, 0x0000000089100000| Untracked 
|  66|0x0000000089200000, 0x0000000089200000, 0x0000000089300000|  0%| F|  |TAMS 0x0000000089200000, 0x0000000089200000| Untracked 
|  67|0x0000000089300000, 0x0000000089300000, 0x0000000089400000|  0%| F|  |TAMS 0x0000000089300000, 0x0000000089300000| Untracked 
|  68|0x0000000089400000, 0x0000000089400000, 0x0000000089500000|  0%| F|  |TAMS 0x0000000089400000, 0x0000000089400000| Untracked 
|  69|0x0000000089500000, 0x0000000089500000, 0x0000000089600000|  0%| F|  |TAMS 0x0000000089500000, 0x0000000089500000| Untracked 
|  70|0x0000000089600000, 0x0000000089600000, 0x0000000089700000|  0%| F|  |TAMS 0x0000000089600000, 0x0000000089600000| Untracked 
|  71|0x0000000089700000, 0x0000000089700000, 0x0000000089800000|  0%| F|  |TAMS 0x0000000089700000, 0x0000000089700000| Untracked 
|  72|0x0000000089800000, 0x0000000089800000, 0x0000000089900000|  0%| F|  |TAMS 0x0000000089800000, 0x0000000089800000| Untracked 
|  73|0x0000000089900000, 0x0000000089900000, 0x0000000089a00000|  0%| F|  |TAMS 0x0000000089900000, 0x0000000089900000| Untracked 
|  74|0x0000000089a00000, 0x0000000089a00000, 0x0000000089b00000|  0%| F|  |TAMS 0x0000000089a00000, 0x0000000089a00000| Untracked 
|  75|0x0000000089b00000, 0x0000000089b00000, 0x0000000089c00000|  0%| F|  |TAMS 0x0000000089b00000, 0x0000000089b00000| Untracked 
|  76|0x0000000089c00000, 0x0000000089c00000, 0x0000000089d00000|  0%| F|  |TAMS 0x0000000089c00000, 0x0000000089c00000| Untracked 
|  77|0x0000000089d00000, 0x0000000089d00000, 0x0000000089e00000|  0%| F|  |TAMS 0x0000000089d00000, 0x0000000089d00000| Untracked 
|  78|0x0000000089e00000, 0x0000000089e00000, 0x0000000089f00000|  0%| F|  |TAMS 0x0000000089e00000, 0x0000000089e00000| Untracked 
|  79|0x0000000089f00000, 0x0000000089f00000, 0x000000008a000000|  0%| F|  |TAMS 0x0000000089f00000, 0x0000000089f00000| Untracked 
|  80|0x000000008a000000, 0x000000008a000000, 0x000000008a100000|  0%| F|  |TAMS 0x000000008a000000, 0x000000008a000000| Untracked 
|  81|0x000000008a100000, 0x000000008a100000, 0x000000008a200000|  0%| F|  |TAMS 0x000000008a100000, 0x000000008a100000| Untracked 
|  82|0x000000008a200000, 0x000000008a200000, 0x000000008a300000|  0%| F|  |TAMS 0x000000008a200000, 0x000000008a200000| Untracked 
|  83|0x000000008a300000, 0x000000008a300000, 0x000000008a400000|  0%| F|  |TAMS 0x000000008a300000, 0x000000008a300000| Untracked 
|  84|0x000000008a400000, 0x000000008a400000, 0x000000008a500000|  0%| F|  |TAMS 0x000000008a400000, 0x000000008a400000| Untracked 
|  85|0x000000008a500000, 0x000000008a500000, 0x000000008a600000|  0%| F|  |TAMS 0x000000008a500000, 0x000000008a500000| Untracked 
|  86|0x000000008a600000, 0x000000008a600000, 0x000000008a700000|  0%| F|  |TAMS 0x000000008a600000, 0x000000008a600000| Untracked 
|  87|0x000000008a700000, 0x000000008a700000, 0x000000008a800000|  0%| F|  |TAMS 0x000000008a700000, 0x000000008a700000| Untracked 
|  88|0x000000008a800000, 0x000000008a800000, 0x000000008a900000|  0%| F|  |TAMS 0x000000008a800000, 0x000000008a800000| Untracked 
|  89|0x000000008a900000, 0x000000008a900000, 0x000000008aa00000|  0%| F|  |TAMS 0x000000008a900000, 0x000000008a900000| Untracked 
|  90|0x000000008aa00000, 0x000000008aa00000, 0x000000008ab00000|  0%| F|  |TAMS 0x000000008aa00000, 0x000000008aa00000| Untracked 
|  91|0x000000008ab00000, 0x000000008ab00000, 0x000000008ac00000|  0%| F|  |TAMS 0x000000008ab00000, 0x000000008ab00000| Untracked 
|  92|0x000000008ac00000, 0x000000008ac00000, 0x000000008ad00000|  0%| F|  |TAMS 0x000000008ac00000, 0x000000008ac00000| Untracked 
|  93|0x000000008ad00000, 0x000000008ad00000, 0x000000008ae00000|  0%| F|  |TAMS 0x000000008ad00000, 0x000000008ad00000| Untracked 
|  94|0x000000008ae00000, 0x000000008ae00000, 0x000000008af00000|  0%| F|  |TAMS 0x000000008ae00000, 0x000000008ae00000| Untracked 
|  95|0x000000008af00000, 0x000000008af00000, 0x000000008b000000|  0%| F|  |TAMS 0x000000008af00000, 0x000000008af00000| Untracked 
|  96|0x000000008b000000, 0x000000008b000000, 0x000000008b100000|  0%| F|  |TAMS 0x000000008b000000, 0x000000008b000000| Untracked 
|  97|0x000000008b100000, 0x000000008b100000, 0x000000008b200000|  0%| F|  |TAMS 0x000000008b100000, 0x000000008b100000| Untracked 
|  98|0x000000008b200000, 0x000000008b200000, 0x000000008b300000|  0%| F|  |TAMS 0x000000008b200000, 0x000000008b200000| Untracked 
|  99|0x000000008b300000, 0x000000008b300000, 0x000000008b400000|  0%| F|  |TAMS 0x000000008b300000, 0x000000008b300000| Untracked 
| 100|0x000000008b400000, 0x000000008b400000, 0x000000008b500000|  0%| F|  |TAMS 0x000000008b400000, 0x000000008b400000| Untracked 
| 101|0x000000008b500000, 0x000000008b500000, 0x000000008b600000|  0%| F|  |TAMS 0x000000008b500000, 0x000000008b500000| Untracked 
| 102|0x000000008b600000, 0x000000008b600000, 0x000000008b700000|  0%| F|  |TAMS 0x000000008b600000, 0x000000008b600000| Untracked 
| 103|0x000000008b700000, 0x000000008b700000, 0x000000008b800000|  0%| F|  |TAMS 0x000000008b700000, 0x000000008b700000| Untracked 
| 104|0x000000008b800000, 0x000000008b800000, 0x000000008b900000|  0%| F|  |TAMS 0x000000008b800000, 0x000000008b800000| Untracked 
| 105|0x000000008b900000, 0x000000008b900000, 0x000000008ba00000|  0%| F|  |TAMS 0x000000008b900000, 0x000000008b900000| Untracked 
| 106|0x000000008ba00000, 0x000000008ba00000, 0x000000008bb00000|  0%| F|  |TAMS 0x000000008ba00000, 0x000000008ba00000| Untracked 
| 107|0x000000008bb00000, 0x000000008bb00000, 0x000000008bc00000|  0%| F|  |TAMS 0x000000008bb00000, 0x000000008bb00000| Untracked 
| 108|0x000000008bc00000, 0x000000008bc00000, 0x000000008bd00000|  0%| F|  |TAMS 0x000000008bc00000, 0x000000008bc00000| Untracked 
| 109|0x000000008bd00000, 0x000000008bd00000, 0x000000008be00000|  0%| F|  |TAMS 0x000000008bd00000, 0x000000008bd00000| Untracked 
| 110|0x000000008be00000, 0x000000008bf00000, 0x000000008bf00000|100%| E|CS|TAMS 0x000000008be00000, 0x000000008be00000| Complete 
| 111|0x000000008bf00000, 0x000000008c000000, 0x000000008c000000|100%| E|CS|TAMS 0x000000008bf00000, 0x000000008bf00000| Complete 
| 112|0x000000008c000000, 0x000000008c100000, 0x000000008c100000|100%| E|CS|TAMS 0x000000008c000000, 0x000000008c000000| Complete 
| 113|0x000000008c100000, 0x000000008c200000, 0x000000008c200000|100%| E|CS|TAMS 0x000000008c100000, 0x000000008c100000| Complete 
| 114|0x000000008c200000, 0x000000008c300000, 0x000000008c300000|100%| E|CS|TAMS 0x000000008c200000, 0x000000008c200000| Complete 
| 115|0x000000008c300000, 0x000000008c400000, 0x000000008c400000|100%| E|CS|TAMS 0x000000008c300000, 0x000000008c300000| Complete 
| 116|0x000000008c400000, 0x000000008c500000, 0x000000008c500000|100%| E|CS|TAMS 0x000000008c400000, 0x000000008c400000| Complete 
| 117|0x000000008c500000, 0x000000008c600000, 0x000000008c600000|100%| E|CS|TAMS 0x000000008c500000, 0x000000008c500000| Complete 
| 118|0x000000008c600000, 0x000000008c700000, 0x000000008c700000|100%| E|CS|TAMS 0x000000008c600000, 0x000000008c600000| Complete 
| 119|0x000000008c700000, 0x000000008c800000, 0x000000008c800000|100%| E|CS|TAMS 0x000000008c700000, 0x000000008c700000| Complete 
| 120|0x000000008c800000, 0x000000008c900000, 0x000000008c900000|100%| E|CS|TAMS 0x000000008c800000, 0x000000008c800000| Complete 
| 121|0x000000008c900000, 0x000000008ca00000, 0x000000008ca00000|100%| E|CS|TAMS 0x000000008c900000, 0x000000008c900000| Complete 
| 122|0x000000008ca00000, 0x000000008cb00000, 0x000000008cb00000|100%| E|CS|TAMS 0x000000008ca00000, 0x000000008ca00000| Complete 
| 123|0x000000008cb00000, 0x000000008cc00000, 0x000000008cc00000|100%| E|CS|TAMS 0x000000008cb00000, 0x000000008cb00000| Complete 
|1966|0x00000000ffe00000, 0x00000000ffe34000, 0x00000000fff00000| 20%|OA|  |TAMS 0x00000000ffe00000, 0x00000000ffe00000| Untracked 
|1967|0x00000000fff00000, 0x00000000fff6a000, 0x0000000100000000| 41%|CA|  |TAMS 0x00000000fff00000, 0x00000000fff00000| Untracked 

Card table byte_map: [0x00007fbb62a86000,0x00007fbb62e5e000] _byte_map_base: 0x00007fbb6265e000

Marking Bits (Prev, Next): (CMBitMap*) 0x00007fbb5c04f5d8, (CMBitMap*) 0x00007fbb5c04f610
 Prev Bits: [0x00007fbb607ee000, 0x00007fbb626ae000)
 Next Bits: [0x00007fbb3e140000, 0x00007fbb40000000)

Polling page: 0x00007fbb6394f000

Metaspace:

Usage:
  Non-class:      4.71 MB capacity,     4.55 MB ( 96%) used,   141.35 KB (  3%) free+waste,    28.50 KB ( <1%) overhead. 
      Class:    769.00 KB capacity,   585.38 KB ( 76%) used,   165.49 KB ( 22%) free+waste,    18.12 KB (  2%) overhead. 
       Both:      5.46 MB capacity,     5.12 MB ( 94%) used,   306.84 KB (  5%) free+waste,    46.62 KB ( <1%) overhead. 

Virtual space:
  Non-class space:        8.00 MB reserved,       4.75 MB ( 59%) committed 
      Class space:        1.00 GB reserved,     896.00 KB ( <1%) committed 
             Both:        1.01 GB reserved,       5.62 MB ( <1%) committed 

Chunk freelists:
   Non-Class:  21.00 KB
       Class:  31.00 KB
        Both:  52.00 KB

CodeHeap 'non-profiled nmethods': size=120032Kb used=244Kb max_used=244Kb free=119787Kb
 bounds [0x00007fbb4c41e000, 0x00007fbb4c68e000, 0x00007fbb53956000]
CodeHeap 'profiled nmethods': size=120032Kb used=1143Kb max_used=1143Kb free=118888Kb
 bounds [0x00007fbb44ee6000, 0x00007fbb45156000, 0x00007fbb4c41e000]
CodeHeap 'non-nmethods': size=5696Kb used=1183Kb max_used=1200Kb free=4512Kb
 bounds [0x00007fbb44956000, 0x00007fbb44bc6000, 0x00007fbb44ee6000]
 total_blobs=1299 nmethods=630 adapters=455
 compilation: enabled
              stopped_count=0, restarted_count=0
 full_count=0

Compilation events (10 events):
Event: 1.226 Thread 0x00007fbb5c11a800  628       3       java.lang.String::startsWith (7 bytes)
Event: 1.227 Thread 0x00007fbb5c11a800 nmethod 628 0x00007fbb45002b90 code [0x00007fbb45002d40, 0x00007fbb45002ee8]
Event: 1.227 Thread 0x00007fbb5c11a800  629       3       java.lang.String::lastIndexOf (12 bytes)
Event: 1.227 Thread 0x00007fbb5c11a800 nmethod 629 0x00007fbb45002f90 code [0x00007fbb45003180, 0x00007fbb450035d8]
Event: 1.227 Thread 0x00007fbb5c11a800  627       3       java.lang.String::lastIndexOf (29 bytes)
Event: 1.227 Thread 0x00007fbb5c11a800 nmethod 627 0x00007fbb45003790 code [0x00007fbb45003960, 0x00007fbb45003c58]
Event: 1.227 Thread 0x00007fbb5c11a800  630       1       java.net.URL::getProtocol (5 bytes)
Event: 1.227 Thread 0x00007fbb5c11a800 nmethod 630 0x00007fbb4c45a990 code [0x00007fbb4c45ab40, 0x00007fbb4c45ac70]
Event: 1.227 Thread 0x00007fbb5c11a800  626       1       java.net.URL::getHost (5 bytes)
Event: 1.227 Thread 0x00007fbb5c11a800 nmethod 626 0x00007fbb4c45ad10 code [0x00007fbb4c45aec0, 0x00007fbb4c45aff0]

GC Heap History (0 events):
No events

Deoptimization events (10 events):
Event: 1.215 Thread 0x00007fbb5c305000 DEOPT PACKING pc=0x00007fbb44fdd3f5 sp=0x00007fbafb2f4690
Event: 1.215 Thread 0x00007fbb5c305000 DEOPT UNPACKING pc=0x00007fbb4497e83a sp=0x00007fbafb2f3b20 mode 0
Event: 1.215 Thread 0x00007fbb5c305000 DEOPT PACKING pc=0x00007fbb44fdd3f5 sp=0x00007fbafb2f4690
Event: 1.215 Thread 0x00007fbb5c305000 DEOPT UNPACKING pc=0x00007fbb4497e83a sp=0x00007fbafb2f3b20 mode 0
Event: 1.218 Thread 0x00007fbb5c305000 DEOPT PACKING pc=0x00007fbb44fdd3f5 sp=0x00007fbafb2f4690
Event: 1.218 Thread 0x00007fbb5c305000 DEOPT UNPACKING pc=0x00007fbb4497e83a sp=0x00007fbafb2f3b20 mode 0
Event: 1.218 Thread 0x00007fbb5c305000 DEOPT PACKING pc=0x00007fbb44fdd3f5 sp=0x00007fbafb2f4690
Event: 1.218 Thread 0x00007fbb5c305000 DEOPT UNPACKING pc=0x00007fbb4497e83a sp=0x00007fbafb2f3b20 mode 0
Event: 1.219 Thread 0x00007fbb5c305000 DEOPT PACKING pc=0x00007fbb45000be4 sp=0x00007fbafb2f41b0
Event: 1.219 Thread 0x00007fbb5c305000 DEOPT UNPACKING pc=0x00007fbb4497e83a sp=0x00007fbafb2f3670 mode 0

Classes redefined (0 events):
No events

Internal exceptions (10 events):
Event: 0.222 Thread 0x00007fbb5c011800 Exception <a 'java/lang/NoSuchMethodError'{0x000000008c8a0ea0}: 'java.lang.Object java.lang.invoke.DirectMethodHandle$Holder.invokeStatic(java.lang.Object, int, java.lang.Object, java.lang.Object, java.lang.Object)'> (0x000000008c8a0ea0) thrown at [/build
Event: 0.223 Thread 0x00007fbb5c011800 Exception <a 'java/lang/NoSuchMethodError'{0x000000008c8a49e8}: 'java.lang.Object java.lang.invoke.DirectMethodHandle$Holder.invokeSpecial(java.lang.Object, java.lang.Object, int, java.lang.Object, java.lang.Object, java.lang.Object)'> (0x000000008c8a49e8
Event: 0.227 Thread 0x00007fbb5c011800 Exception <a 'java/lang/NoSuchMethodError'{0x000000008c8bc298}: 'java.lang.Object java.lang.invoke.DirectMethodHandle$Holder.invokeStatic(java.lang.Object, int, java.lang.Object)'> (0x000000008c8bc298) thrown at [/build/openjdk-lts-ZT5jEu/openjdk-lts-11.0
Event: 1.024 Thread 0x00007fbb5c011800 Exception <a 'java/lang/NoSuchMethodError'{0x000000008c755780}: 'java.lang.Object java.lang.invoke.DirectMethodHandle$Holder.invokeStatic(java.lang.Object, java.lang.Object, java.lang.Object, java.lang.Object, java.lang.Object, java.lang.Object, java.lang
Event: 1.026 Thread 0x00007fbb5c011800 Exception <a 'java/lang/NoSuchMethodError'{0x000000008c76f6e0}: 'java.lang.Object java.lang.invoke.DirectMethodHandle$Holder.invokeStatic(java.lang.Object, java.lang.Object, java.lang.Object, java.lang.Object, java.lang.Object, java.lang.Object, java.lang
Event: 1.028 Thread 0x00007fbb5c011800 Exception <a 'java/lang/NoSuchMethodError'{0x000000008c77b868}: 'void java.lang.invoke.DirectMethodHandle$Holder.invokeSpecial(java.lang.Object, java.lang.Object)'> (0x000000008c77b868) thrown at [/build/openjdk-lts-ZT5jEu/openjdk-lts-11.0.4+11/src/hotspo
Event: 1.091 Thread 0x00007fbb5c011800 Exception <a 'java/lang/NoSuchMethodError'{0x000000008c6c9ae8}: 'java.lang.Object java.lang.invoke.Invokers$Holder.linkToTargetMethod(java.lang.Object, int, java.lang.Object)'> (0x000000008c6c9ae8) thrown at [/build/openjdk-lts-ZT5jEu/openjdk-lts-11.0.4+1
Event: 1.107 Thread 0x00007fbb5c011800 Exception <a 'java/lang/ClassNotFoundException'{0x000000008c50c958}: com/sun/swing/internal/plaf/metal/resources/spi/metalProvider> (0x000000008c50c958) thrown at [/build/openjdk-lts-ZT5jEu/openjdk-lts-11.0.4+11/src/hotspot/share/classfile/systemDictionar
Event: 1.108 Thread 0x00007fbb5c011800 Exception <a 'java/lang/ClassNotFoundException'{0x000000008c510860}: com/sun/swing/internal/plaf/basic/resources/spi/basicProvider> (0x000000008c510860) thrown at [/build/openjdk-lts-ZT5jEu/openjdk-lts-11.0.4+11/src/hotspot/share/classfile/systemDictionar
Event: 1.228 Thread 0x00007fbb5c30d000 Exception <a 'java/lang/NoSuchMethodError'{0x000000008beda5d0}: getRobot> (0x000000008beda5d0) thrown at [/build/openjdk-lts-ZT5jEu/openjdk-lts-11.0.4+11/src/hotspot/share/prims/jni.cpp, line 1364]

Events (10 events):
Event: 1.225 loading class AI_Robot done
Event: 1.226 loading class AIGroup
Event: 1.226 loading class AIGroup done
Event: 1.226 loading class CRobot$1
Event: 1.226 loading class CRobot$1 done
Event: 1.228 Thread 0x00007fbb5c30d000 Thread added: 0x00007fbb5c30d000
Event: 1.228 loading class AI_Robot$1
Event: 1.228 loading class AI_Robot$1 done
Event: 1.228 Executing VM operation: RevokeBias
Event: 1.231 Executing VM operation: RevokeBias done


Dynamic libraries:
85000000-8cc00000 rw-p 00000000 00:00 0 
8cc00000-ffe00000 ---p 00000000 00:00 0 
ffe00000-ffe34000 rw-p 01116000 08:02 23990720                           /usr/lib/jvm/java-11-openjdk-amd64/lib/server/classes.jsa
ffe34000-fff00000 rw-p 00000000 00:00 0 
fff00000-fff6a000 rw-p 010ac000 08:02 23990720                           /usr/lib/jvm/java-11-openjdk-amd64/lib/server/classes.jsa
fff6a000-100000000 rw-p 00000000 00:00 0 
800000000-800002000 rwxp 00001000 08:02 23990720                         /usr/lib/jvm/java-11-openjdk-amd64/lib/server/classes.jsa
800002000-8003bd000 rw-p 00003000 08:02 23990720                         /usr/lib/jvm/java-11-openjdk-amd64/lib/server/classes.jsa
8003bd000-800a98000 r--p 003be000 08:02 23990720                         /usr/lib/jvm/java-11-openjdk-amd64/lib/server/classes.jsa
800a98000-800a99000 rw-p 00a99000 08:02 23990720                         /usr/lib/jvm/java-11-openjdk-amd64/lib/server/classes.jsa
800a99000-8010ab000 r--p 00a9a000 08:02 23990720                         /usr/lib/jvm/java-11-openjdk-amd64/lib/server/classes.jsa
840000000-8400e0000 rw-p 00000000 00:00 0 
8400e0000-880000000 ---p 00000000 00:00 0 
55a8ccdef000-55a8ccdf0000 r--p 00000000 08:02 23597129                   /usr/lib/jvm/java-11-openjdk-amd64/bin/java
55a8ccdf0000-55a8ccdf1000 r-xp 00001000 08:02 23597129                   /usr/lib/jvm/java-11-openjdk-amd64/bin/java
55a8ccdf1000-55a8ccdf2000 r--p 00002000 08:02 23597129                   /usr/lib/jvm/java-11-openjdk-amd64/bin/java
55a8ccdf2000-55a8ccdf3000 r--p 00002000 08:02 23597129                   /usr/lib/jvm/java-11-openjdk-amd64/bin/java
55a8ccdf3000-55a8ccdf4000 rw-p 00003000 08:02 23597129                   /usr/lib/jvm/java-11-openjdk-amd64/bin/java
55a8cde39000-55a8cde5a000 rw-p 00000000 00:00 0                          [heap]
7fbad0000000-7fbad0021000 rw-p 00000000 00:00 0 
7fbad0021000-7fbad4000000 ---p 00000000 00:00 0 
7fbad8000000-7fbad8021000 rw-p 00000000 00:00 0 
7fbad8021000-7fbadc000000 ---p 00000000 00:00 0 
7fbadc000000-7fbadc021000 rw-p 00000000 00:00 0 
7fbadc021000-7fbae0000000 ---p 00000000 00:00 0 
7fbae0000000-7fbae025f000 rw-p 00000000 00:00 0 
7fbae025f000-7fbae4000000 ---p 00000000 00:00 0 
7fbae4000000-7fbae4030000 rw-p 00000000 00:00 0 
7fbae4030000-7fbae8000000 ---p 00000000 00:00 0 
7fbae8000000-7fbae8021000 rw-p 00000000 00:00 0 
7fbae8021000-7fbaec000000 ---p 00000000 00:00 0 
7fbaec000000-7fbaec021000 rw-p 00000000 00:00 0 
7fbaec021000-7fbaf0000000 ---p 00000000 00:00 0 
7fbaf0000000-7fbaf0021000 rw-p 00000000 00:00 0 
7fbaf0021000-7fbaf4000000 ---p 00000000 00:00 0 
7fbaf4000000-7fbaf4021000 rw-p 00000000 00:00 0 
7fbaf4021000-7fbaf8000000 ---p 00000000 00:00 0 
7fbafaef2000-7fbafaef6000 ---p 00000000 00:00 0 
7fbafaef6000-7fbafaff3000 rw-p 00000000 00:00 0 
7fbafaff3000-7fbafaff7000 ---p 00000000 00:00 0 
7fbafaff7000-7fbafb0f4000 rw-p 00000000 00:00 0 
7fbafb0f4000-7fbafb0f8000 ---p 00000000 00:00 0 
7fbafb0f8000-7fbafb1f5000 rw-p 00000000 00:00 0 
7fbafb1f5000-7fbafb1f9000 ---p 00000000 00:00 0 
7fbafb1f9000-7fbafb2f6000 rw-p 00000000 00:00 0 
7fbafb2f6000-7fbafb2fa000 ---p 00000000 00:00 0 
7fbafb2fa000-7fbafb3f7000 rw-p 00000000 00:00 0 
7fbafb3f7000-7fbafb3fb000 ---p 00000000 00:00 0 
7fbafb3fb000-7fbafb4f8000 rw-p 00000000 00:00 0 
7fbafb4f8000-7fbafb4fc000 ---p 00000000 00:00 0 
7fbafb4fc000-7fbafb5f9000 rw-p 00000000 00:00 0 
7fbafb5f9000-7fbafb5fe000 r-xp 00000000 08:02 23600531                   /usr/lib/x86_64-linux-gnu/libXfixes.so.3.1.0
7fbafb5fe000-7fbafb7fd000 ---p 00005000 08:02 23600531                   /usr/lib/x86_64-linux-gnu/libXfixes.so.3.1.0
7fbafb7fd000-7fbafb7fe000 r--p 00004000 08:02 23600531                   /usr/lib/x86_64-linux-gnu/libXfixes.so.3.1.0
7fbafb7fe000-7fbafb7ff000 rw-p 00005000 08:02 23600531                   /usr/lib/x86_64-linux-gnu/libXfixes.so.3.1.0
7fbafb7ff000-7fbafb800000 ---p 00000000 00:00 0 
7fbafb800000-7fbafc000000 rw-p 00000000 00:00 0 
7fbafc000000-7fbafc021000 rw-p 00000000 00:00 0 
7fbafc021000-7fbb00000000 ---p 00000000 00:00 0 
7fbb00000000-7fbb00021000 rw-p 00000000 00:00 0 
7fbb00021000-7fbb04000000 ---p 00000000 00:00 0 
7fbb04000000-7fbb04021000 rw-p 00000000 00:00 0 
7fbb04021000-7fbb08000000 ---p 00000000 00:00 0 
7fbb08000000-7fbb08021000 rw-p 00000000 00:00 0 
7fbb08021000-7fbb0c000000 ---p 00000000 00:00 0 
7fbb0c000000-7fbb0c23c000 rw-p 00000000 00:00 0 
7fbb0c23c000-7fbb10000000 ---p 00000000 00:00 0 
7fbb10000000-7fbb10021000 rw-p 00000000 00:00 0 
7fbb10021000-7fbb14000000 ---p 00000000 00:00 0 
7fbb14000000-7fbb14021000 rw-p 00000000 00:00 0 
7fbb14021000-7fbb18000000 ---p 00000000 00:00 0 
7fbb18000000-7fbb187d3000 rw-p 00000000 00:00 0 
7fbb187d3000-7fbb1c000000 ---p 00000000 00:00 0 
7fbb1c000000-7fbb1c021000 rw-p 00000000 00:00 0 
7fbb1c021000-7fbb20000000 ---p 00000000 00:00 0 
7fbb20000000-7fbb20021000 rw-p 00000000 00:00 0 
7fbb20021000-7fbb24000000 ---p 00000000 00:00 0 
7fbb24000000-7fbb24021000 rw-p 00000000 00:00 0 
7fbb24021000-7fbb28000000 ---p 00000000 00:00 0 
7fbb28000000-7fbb28021000 rw-p 00000000 00:00 0 
7fbb28021000-7fbb2c000000 ---p 00000000 00:00 0 
7fbb2c052000-7fbb2c054000 r--p 00000000 08:02 23600523                   /usr/lib/x86_64-linux-gnu/libXcursor.so.1.0.2
7fbb2c054000-7fbb2c059000 r-xp 00002000 08:02 23600523                   /usr/lib/x86_64-linux-gnu/libXcursor.so.1.0.2
7fbb2c059000-7fbb2c05b000 r--p 00007000 08:02 23600523                   /usr/lib/x86_64-linux-gnu/libXcursor.so.1.0.2
7fbb2c05b000-7fbb2c05c000 r--p 00008000 08:02 23600523                   /usr/lib/x86_64-linux-gnu/libXcursor.so.1.0.2
7fbb2c05c000-7fbb2c05d000 rw-p 00009000 08:02 23600523                   /usr/lib/x86_64-linux-gnu/libXcursor.so.1.0.2
7fbb2c06f000-7fbb2c070000 ---p 00000000 00:00 0 
7fbb2c070000-7fbb2c870000 rw-p 00000000 00:00 0 
7fbb2c870000-7fbb2c871000 ---p 00000000 00:00 0 
7fbb2c871000-7fbb2d071000 rw-p 00000000 00:00 0 
7fbb2d071000-7fbb2d097000 r--p 00000000 08:02 25043479                   /usr/share/glib-2.0/schemas/gschemas.compiled
7fbb2d097000-7fbb2d099000 r--p 00000000 08:02 23601822                   /usr/lib/x86_64-linux-gnu/libuuid.so.1.3.0
7fbb2d099000-7fbb2d09d000 r-xp 00002000 08:02 23601822                   /usr/lib/x86_64-linux-gnu/libuuid.so.1.3.0
7fbb2d09d000-7fbb2d09e000 r--p 00006000 08:02 23601822                   /usr/lib/x86_64-linux-gnu/libuuid.so.1.3.0
7fbb2d09e000-7fbb2d09f000 r--p 00006000 08:02 23601822                   /usr/lib/x86_64-linux-gnu/libuuid.so.1.3.0
7fbb2d09f000-7fbb2d0a0000 rw-p 00007000 08:02 23601822                   /usr/lib/x86_64-linux-gnu/libuuid.so.1.3.0
7fbb2d0a0000-7fbb2d0aa000 r--p 00000000 08:02 23600663                   /usr/lib/x86_64-linux-gnu/libblkid.so.1.1.0
7fbb2d0aa000-7fbb2d0de000 r-xp 0000a000 08:02 23600663                   /usr/lib/x86_64-linux-gnu/libblkid.so.1.1.0
7fbb2d0de000-7fbb2d0ee000 r--p 0003e000 08:02 23600663                   /usr/lib/x86_64-linux-gnu/libblkid.so.1.1.0
7fbb2d0ee000-7fbb2d0ef000 ---p 0004e000 08:02 23600663                   /usr/lib/x86_64-linux-gnu/libblkid.so.1.1.0
7fbb2d0ef000-7fbb2d0f4000 r--p 0004e000 08:02 23600663                   /usr/lib/x86_64-linux-gnu/libblkid.so.1.1.0
7fbb2d0f4000-7fbb2d0f5000 rw-p 00053000 08:02 23600663                   /usr/lib/x86_64-linux-gnu/libblkid.so.1.1.0
7fbb2d0f5000-7fbb2d0f7000 r--p 00000000 08:02 23601506                   /usr/lib/x86_64-linux-gnu/libpcre.so.3.13.3
7fbb2d0f7000-7fbb2d149000 r-xp 00002000 08:02 23601506                   /usr/lib/x86_64-linux-gnu/libpcre.so.3.13.3
7fbb2d149000-7fbb2d167000 r--p 00054000 08:02 23601506                   /usr/lib/x86_64-linux-gnu/libpcre.so.3.13.3
7fbb2d167000-7fbb2d168000 r--p 00071000 08:02 23601506                   /usr/lib/x86_64-linux-gnu/libpcre.so.3.13.3
7fbb2d168000-7fbb2d169000 rw-p 00072000 08:02 23601506                   /usr/lib/x86_64-linux-gnu/libpcre.so.3.13.3
7fbb2d169000-7fbb2d16f000 r--p 00000000 08:02 23601661                   /usr/lib/x86_64-linux-gnu/libselinux.so.1
7fbb2d16f000-7fbb2d187000 r-xp 00006000 08:02 23601661                   /usr/lib/x86_64-linux-gnu/libselinux.so.1
7fbb2d187000-7fbb2d18e000 r--p 0001e000 08:02 23601661                   /usr/lib/x86_64-linux-gnu/libselinux.so.1
7fbb2d18e000-7fbb2d18f000 ---p 00025000 08:02 23601661                   /usr/lib/x86_64-linux-gnu/libselinux.so.1
7fbb2d18f000-7fbb2d190000 r--p 00025000 08:02 23601661                   /usr/lib/x86_64-linux-gnu/libselinux.so.1
7fbb2d190000-7fbb2d191000 rw-p 00026000 08:02 23601661                   /usr/lib/x86_64-linux-gnu/libselinux.so.1
7fbb2d191000-7fbb2d193000 rw-p 00000000 00:00 0 
7fbb2d193000-7fbb2d19e000 r--p 00000000 08:02 23601326                   /usr/lib/x86_64-linux-gnu/libmount.so.1.1.0
7fbb2d19e000-7fbb2d1d9000 r-xp 0000b000 08:02 23601326                   /usr/lib/x86_64-linux-gnu/libmount.so.1.1.0
7fbb2d1d9000-7fbb2d1eb000 r--p 00046000 08:02 23601326                   /usr/lib/x86_64-linux-gnu/libmount.so.1.1.0
7fbb2d1eb000-7fbb2d1ee000 r--p 00057000 08:02 23601326                   /usr/lib/x86_64-linux-gnu/libmount.so.1.1.0
7fbb2d1ee000-7fbb2d1ef000 rw-p 0005a000 08:02 23601326                   /usr/lib/x86_64-linux-gnu/libmount.so.1.1.0
7fbb2d1ef000-7fbb2d1fd000 r--p 00000000 08:02 23593408                   /usr/lib/x86_64-linux-gnu/libgobject-2.0.so.0.6000.0
7fbb2d1fd000-7fbb2d22f000 r-xp 0000e000 08:02 23593408                   /usr/lib/x86_64-linux-gnu/libgobject-2.0.so.0.6000.0
7fbb2d22f000-7fbb2d247000 r--p 00040000 08:02 23593408                   /usr/lib/x86_64-linux-gnu/libgobject-2.0.so.0.6000.0
7fbb2d247000-7fbb2d24a000 r--p 00057000 08:02 23593408                   /usr/lib/x86_64-linux-gnu/libgobject-2.0.so.0.6000.0
7fbb2d24a000-7fbb2d24b000 rw-p 0005a000 08:02 23593408                   /usr/lib/x86_64-linux-gnu/libgobject-2.0.so.0.6000.0
7fbb2d24b000-7fbb2d266000 r--p 00000000 08:02 23593383                   /usr/lib/x86_64-linux-gnu/libglib-2.0.so.0.6000.0
7fbb2d266000-7fbb2d2e6000 r-xp 0001b000 08:02 23593383                   /usr/lib/x86_64-linux-gnu/libglib-2.0.so.0.6000.0
7fbb2d2e6000-7fbb2d368000 r--p 0009b000 08:02 23593383                   /usr/lib/x86_64-linux-gnu/libglib-2.0.so.0.6000.0
7fbb2d368000-7fbb2d369000 ---p 0011d000 08:02 23593383                   /usr/lib/x86_64-linux-gnu/libglib-2.0.so.0.6000.0
7fbb2d369000-7fbb2d36a000 r--p 0011d000 08:02 23593383                   /usr/lib/x86_64-linux-gnu/libglib-2.0.so.0.6000.0
7fbb2d36a000-7fbb2d36b000 rw-p 0011e000 08:02 23593383                   /usr/lib/x86_64-linux-gnu/libglib-2.0.so.0.6000.0
7fbb2d36b000-7fbb2d36c000 rw-p 00000000 00:00 0 
7fbb2d36c000-7fbb2d3a3000 r--p 00000000 08:02 23593360                   /usr/lib/x86_64-linux-gnu/libgio-2.0.so.0.6000.0
7fbb2d3a3000-7fbb2d4a4000 r-xp 00037000 08:02 23593360                   /usr/lib/x86_64-linux-gnu/libgio-2.0.so.0.6000.0
7fbb2d4a4000-7fbb2d52a000 r--p 00138000 08:02 23593360                   /usr/lib/x86_64-linux-gnu/libgio-2.0.so.0.6000.0
7fbb2d52a000-7fbb2d532000 r--p 001bd000 08:02 23593360                   /usr/lib/x86_64-linux-gnu/libgio-2.0.so.0.6000.0
7fbb2d532000-7fbb2d533000 rw-p 001c5000 08:02 23593360                   /usr/lib/x86_64-linux-gnu/libgio-2.0.so.0.6000.0
7fbb2d533000-7fbb2d535000 rw-p 00000000 00:00 0 
7fbb2d535000-7fbb2d53f000 r-xp 00000000 08:02 23600547                   /usr/lib/x86_64-linux-gnu/libXrandr.so.2.2.0
7fbb2d53f000-7fbb2d73e000 ---p 0000a000 08:02 23600547                   /usr/lib/x86_64-linux-gnu/libXrandr.so.2.2.0
7fbb2d73e000-7fbb2d73f000 r--p 00009000 08:02 23600547                   /usr/lib/x86_64-linux-gnu/libXrandr.so.2.2.0
7fbb2d73f000-7fbb2d740000 rw-p 0000a000 08:02 23600547                   /usr/lib/x86_64-linux-gnu/libXrandr.so.2.2.0
7fbb2d740000-7fbb2d745000 r--p 00000000 08:02 23601542                   /usr/lib/x86_64-linux-gnu/libpng16.so.16.36.0
7fbb2d745000-7fbb2d769000 r-xp 00005000 08:02 23601542                   /usr/lib/x86_64-linux-gnu/libpng16.so.16.36.0
7fbb2d769000-7fbb2d775000 r--p 00029000 08:02 23601542                   /usr/lib/x86_64-linux-gnu/libpng16.so.16.36.0
7fbb2d775000-7fbb2d776000 r--p 00034000 08:02 23601542                   /usr/lib/x86_64-linux-gnu/libpng16.so.16.36.0
7fbb2d776000-7fbb2d777000 rw-p 00035000 08:02 23601542                   /usr/lib/x86_64-linux-gnu/libpng16.so.16.36.0
7fbb2d777000-7fbb2d783000 r--p 00000000 08:02 23600949                   /usr/lib/x86_64-linux-gnu/libfreetype.so.6.16.1
7fbb2d783000-7fbb2d800000 r-xp 0000c000 08:02 23600949                   /usr/lib/x86_64-linux-gnu/libfreetype.so.6.16.1
7fbb2d800000-7fbb2d829000 r--p 00089000 08:02 23600949                   /usr/lib/x86_64-linux-gnu/libfreetype.so.6.16.1
7fbb2d829000-7fbb2d82a000 ---p 000b2000 08:02 23600949                   /usr/lib/x86_64-linux-gnu/libfreetype.so.6.16.1
7fbb2d82a000-7fbb2d831000 r--p 000b2000 08:02 23600949                   /usr/lib/x86_64-linux-gnu/libfreetype.so.6.16.1
7fbb2d831000-7fbb2d832000 rw-p 000b9000 08:02 23600949                   /usr/lib/x86_64-linux-gnu/libfreetype.so.6.16.1
7fbb2d832000-7fbb2d836000 r--p 00000000 08:02 23990635                   /usr/lib/jvm/java-11-openjdk-amd64/lib/libfontmanager.so
7fbb2d836000-7fbb2d928000 r-xp 00004000 08:02 23990635                   /usr/lib/jvm/java-11-openjdk-amd64/lib/libfontmanager.so
7fbb2d928000-7fbb2d968000 r--p 000f6000 08:02 23990635                   /usr/lib/jvm/java-11-openjdk-amd64/lib/libfontmanager.so
7fbb2d968000-7fbb2d969000 r--p 00135000 08:02 23990635                   /usr/lib/jvm/java-11-openjdk-amd64/lib/libfontmanager.so
7fbb2d969000-7fbb2d96a000 rw-p 00136000 08:02 23990635                   /usr/lib/jvm/java-11-openjdk-amd64/lib/libfontmanager.so
7fbb2d96a000-7fbb2d96d000 rw-p 00000000 00:00 0 
7fbb2d96d000-7fbb2d972000 r-xp 00000000 08:02 23600527                   /usr/lib/x86_64-linux-gnu/libXdmcp.so.6.0.0
7fbb2d972000-7fbb2db71000 ---p 00005000 08:02 23600527                   /usr/lib/x86_64-linux-gnu/libXdmcp.so.6.0.0
7fbb2db71000-7fbb2db72000 r--p 00004000 08:02 23600527                   /usr/lib/x86_64-linux-gnu/libXdmcp.so.6.0.0
7fbb2db72000-7fbb2db73000 rw-p 00005000 08:02 23600527                   /usr/lib/x86_64-linux-gnu/libXdmcp.so.6.0.0
7fbb2db73000-7fbb2db75000 r-xp 00000000 08:02 23600516                   /usr/lib/x86_64-linux-gnu/libXau.so.6.0.0
7fbb2db75000-7fbb2dd75000 ---p 00002000 08:02 23600516                   /usr/lib/x86_64-linux-gnu/libXau.so.6.0.0
7fbb2dd75000-7fbb2dd76000 r--p 00002000 08:02 23600516                   /usr/lib/x86_64-linux-gnu/libXau.so.6.0.0
7fbb2dd76000-7fbb2dd77000 rw-p 00003000 08:02 23600516                   /usr/lib/x86_64-linux-gnu/libXau.so.6.0.0
7fbb2dd77000-7fbb2dd86000 r-xp 00000000 08:02 23600537                   /usr/lib/x86_64-linux-gnu/libXi.so.6.1.0
7fbb2dd86000-7fbb2df85000 ---p 0000f000 08:02 23600537                   /usr/lib/x86_64-linux-gnu/libXi.so.6.1.0
7fbb2df85000-7fbb2df86000 r--p 0000e000 08:02 23600537                   /usr/lib/x86_64-linux-gnu/libXi.so.6.1.0
7fbb2df86000-7fbb2df87000 rw-p 0000f000 08:02 23600537                   /usr/lib/x86_64-linux-gnu/libXi.so.6.1.0
7fbb2df87000-7fbb2df8c000 r-xp 00000000 08:02 23600555                   /usr/lib/x86_64-linux-gnu/libXtst.so.6.1.0
7fbb2df8c000-7fbb2e18b000 ---p 00005000 08:02 23600555                   /usr/lib/x86_64-linux-gnu/libXtst.so.6.1.0
7fbb2e18b000-7fbb2e18c000 r--p 00004000 08:02 23600555                   /usr/lib/x86_64-linux-gnu/libXtst.so.6.1.0
7fbb2e18c000-7fbb2e18d000 rw-p 00005000 08:02 23600555                   /usr/lib/x86_64-linux-gnu/libXtst.so.6.1.0
7fbb2e18d000-7fbb2e196000 r-xp 00000000 08:02 23600549                   /usr/lib/x86_64-linux-gnu/libXrender.so.1.3.0
7fbb2e196000-7fbb2e395000 ---p 00009000 08:02 23600549                   /usr/lib/x86_64-linux-gnu/libXrender.so.1.3.0
7fbb2e395000-7fbb2e396000 r--p 00008000 08:02 23600549                   /usr/lib/x86_64-linux-gnu/libXrender.so.1.3.0
7fbb2e396000-7fbb2e397000 rw-p 00009000 08:02 23600549                   /usr/lib/x86_64-linux-gnu/libXrender.so.1.3.0
7fbb2e397000-7fbb2e3af000 r--p 00000000 08:02 23600512                   /usr/lib/x86_64-linux-gnu/libX11.so.6.3.0
7fbb2e3af000-7fbb2e437000 r-xp 00018000 08:02 23600512                   /usr/lib/x86_64-linux-gnu/libX11.so.6.3.0
7fbb2e437000-7fbb2e4cb000 r--p 000a0000 08:02 23600512                   /usr/lib/x86_64-linux-gnu/libX11.so.6.3.0
7fbb2e4cb000-7fbb2e4cc000 ---p 00134000 08:02 23600512                   /usr/lib/x86_64-linux-gnu/libX11.so.6.3.0
7fbb2e4cc000-7fbb2e4cd000 r--p 00134000 08:02 23600512                   /usr/lib/x86_64-linux-gnu/libX11.so.6.3.0
7fbb2e4cd000-7fbb2e4d1000 rw-p 00135000 08:02 23600512                   /usr/lib/x86_64-linux-gnu/libX11.so.6.3.0
7fbb2e4d1000-7fbb2e4e2000 r-xp 00000000 08:02 23600529                   /usr/lib/x86_64-linux-gnu/libXext.so.6.4.0
7fbb2e4e2000-7fbb2e6e1000 ---p 00011000 08:02 23600529                   /usr/lib/x86_64-linux-gnu/libXext.so.6.4.0
7fbb2e6e1000-7fbb2e6e2000 r--p 00010000 08:02 23600529                   /usr/lib/x86_64-linux-gnu/libXext.so.6.4.0
7fbb2e6e2000-7fbb2e6e3000 rw-p 00011000 08:02 23600529                   /usr/lib/x86_64-linux-gnu/libXext.so.6.4.0
7fbb2e6e3000-7fbb2e6f3000 r--p 00000000 08:02 23990632                   /usr/lib/jvm/java-11-openjdk-amd64/lib/libawt_xawt.so
7fbb2e6f3000-7fbb2e730000 r-xp 00010000 08:02 23990632                   /usr/lib/jvm/java-11-openjdk-amd64/lib/libawt_xawt.so
7fbb2e730000-7fbb2e742000 r--p 0004d000 08:02 23990632                   /usr/lib/jvm/java-11-openjdk-amd64/lib/libawt_xawt.so
7fbb2e742000-7fbb2e743000 r--p 0005e000 08:02 23990632                   /usr/lib/jvm/java-11-openjdk-amd64/lib/libawt_xawt.so
7fbb2e743000-7fbb2e746000 rw-p 0005f000 08:02 23990632                   /usr/lib/jvm/java-11-openjdk-amd64/lib/libawt_xawt.so
7fbb2e746000-7fbb2e748000 rw-p 00000000 00:00 0 
7fbb2e748000-7fbb2e774000 r--p 00000000 08:02 23990630                   /usr/lib/jvm/java-11-openjdk-amd64/lib/libawt.so
7fbb2e774000-7fbb2e7db000 r-xp 0002c000 08:02 23990630                   /usr/lib/jvm/java-11-openjdk-amd64/lib/libawt.so
7fbb2e7db000-7fbb2e7e8000 r--p 00093000 08:02 23990630                   /usr/lib/jvm/java-11-openjdk-amd64/lib/libawt.so
7fbb2e7e8000-7fbb2e7e9000 r--p 0009f000 08:02 23990630                   /usr/lib/jvm/java-11-openjdk-amd64/lib/libawt.so
7fbb2e7e9000-7fbb2e7f4000 rw-p 000a0000 08:02 23990630                   /usr/lib/jvm/java-11-openjdk-amd64/lib/libawt.so
7fbb2e7f4000-7fbb2e819000 rw-p 00000000 00:00 0 
7fbb2e819000-7fbb2e81d000 ---p 00000000 00:00 0 
7fbb2e81d000-7fbb2e91a000 rw-p 00000000 00:00 0 
7fbb2e91a000-7fbb2e91b000 ---p 00000000 00:00 0 
7fbb2e91b000-7fbb2ea1c000 rw-p 00000000 00:00 0 
7fbb2ea1c000-7fbb2ea20000 ---p 00000000 00:00 0 
7fbb2ea20000-7fbb2eb1d000 rw-p 00000000 00:00 0 
7fbb2eb1d000-7fbb2eb21000 ---p 00000000 00:00 0 
7fbb2eb21000-7fbb2ec1e000 rw-p 00000000 00:00 0 
7fbb2ec1e000-7fbb2ec22000 ---p 00000000 00:00 0 
7fbb2ec22000-7fbb2ed1f000 rw-p 00000000 00:00 0 
7fbb2ed1f000-7fbb2ed23000 ---p 00000000 00:00 0 
7fbb2ed23000-7fbb2ee20000 rw-p 00000000 00:00 0 
7fbb2ee20000-7fbb2ee24000 ---p 00000000 00:00 0 
7fbb2ee24000-7fbb2ef21000 rw-p 00000000 00:00 0 
7fbb2ef21000-7fbb2fcfc000 r--p 00000000 08:02 23600058                   /usr/lib/locale/locale-archive
7fbb2fcfc000-7fbb2fd00000 ---p 00000000 00:00 0 
7fbb2fd00000-7fbb2fdfd000 rw-p 00000000 00:00 0 
7fbb2fdfd000-7fbb2fe01000 ---p 00000000 00:00 0 
7fbb2fe01000-7fbb2fefe000 rw-p 00000000 00:00 0 
7fbb2fefe000-7fbb2feff000 ---p 00000000 00:00 0 
7fbb2feff000-7fbb30000000 rw-p 00000000 00:00 0 
7fbb30000000-7fbb30021000 rw-p 00000000 00:00 0 
7fbb30021000-7fbb34000000 ---p 00000000 00:00 0 
7fbb34000000-7fbb34021000 rw-p 00000000 00:00 0 
7fbb34021000-7fbb38000000 ---p 00000000 00:00 0 
7fbb38000000-7fbb38021000 rw-p 00000000 00:00 0 
7fbb38021000-7fbb3c000000 ---p 00000000 00:00 0 
7fbb3c006000-7fbb3c00a000 r--p 00000000 08:02 23601610                   /usr/lib/x86_64-linux-gnu/libresolv-2.29.so
7fbb3c00a000-7fbb3c019000 r-xp 00004000 08:02 23601610                   /usr/lib/x86_64-linux-gnu/libresolv-2.29.so
7fbb3c019000-7fbb3c01c000 r--p 00013000 08:02 23601610                   /usr/lib/x86_64-linux-gnu/libresolv-2.29.so
7fbb3c01c000-7fbb3c01d000 ---p 00016000 08:02 23601610                   /usr/lib/x86_64-linux-gnu/libresolv-2.29.so
7fbb3c01d000-7fbb3c01e000 r--p 00016000 08:02 23601610                   /usr/lib/x86_64-linux-gnu/libresolv-2.29.so
7fbb3c01e000-7fbb3c01f000 rw-p 00017000 08:02 23601610                   /usr/lib/x86_64-linux-gnu/libresolv-2.29.so
7fbb3c01f000-7fbb3c021000 rw-p 00000000 00:00 0 
7fbb3c021000-7fbb3c025000 r--p 00000000 08:02 23600683                   /usr/lib/x86_64-linux-gnu/libbsd.so.0.9.1
7fbb3c025000-7fbb3c034000 r-xp 00004000 08:02 23600683                   /usr/lib/x86_64-linux-gnu/libbsd.so.0.9.1
7fbb3c034000-7fbb3c037000 r--p 00013000 08:02 23600683                   /usr/lib/x86_64-linux-gnu/libbsd.so.0.9.1
7fbb3c037000-7fbb3c038000 ---p 00016000 08:02 23600683                   /usr/lib/x86_64-linux-gnu/libbsd.so.0.9.1
7fbb3c038000-7fbb3c039000 r--p 00016000 08:02 23600683                   /usr/lib/x86_64-linux-gnu/libbsd.so.0.9.1
7fbb3c039000-7fbb3c03a000 rw-p 00017000 08:02 23600683                   /usr/lib/x86_64-linux-gnu/libbsd.so.0.9.1
7fbb3c03a000-7fbb3c03b000 rw-p 00000000 00:00 0 
7fbb3c03b000-7fbb3c046000 r--p 00000000 08:02 23601932                   /usr/lib/x86_64-linux-gnu/libxcb.so.1.1.0
7fbb3c046000-7fbb3c059000 r-xp 0000b000 08:02 23601932                   /usr/lib/x86_64-linux-gnu/libxcb.so.1.1.0
7fbb3c059000-7fbb3c062000 r--p 0001e000 08:02 23601932                   /usr/lib/x86_64-linux-gnu/libxcb.so.1.1.0
7fbb3c062000-7fbb3c063000 r--p 00026000 08:02 23601932                   /usr/lib/x86_64-linux-gnu/libxcb.so.1.1.0
7fbb3c063000-7fbb3c064000 rw-p 00027000 08:02 23601932                   /usr/lib/x86_64-linux-gnu/libxcb.so.1.1.0
7fbb3c064000-7fbb3e330000 rw-p 00000000 00:00 0 
7fbb3e330000-7fbb3fff8000 ---p 00000000 00:00 0 
7fbb3fff8000-7fbb40000000 rw-p 00000000 00:00 0 
7fbb40000000-7fbb40021000 rw-p 00000000 00:00 0 
7fbb40021000-7fbb44000000 ---p 00000000 00:00 0 
7fbb44002000-7fbb44003000 r--p 00000000 08:02 27001592                   /home/kramer/Downloads/RobotArena-master/RobotAreana/AIBasic/build/libs/mynativelibrary/shared/libmynativelibrary.so
7fbb44003000-7fbb44004000 r-xp 00001000 08:02 27001592                   /home/kramer/Downloads/RobotArena-master/RobotAreana/AIBasic/build/libs/mynativelibrary/shared/libmynativelibrary.so
7fbb44004000-7fbb44005000 r--p 00002000 08:02 27001592                   /home/kramer/Downloads/RobotArena-master/RobotAreana/AIBasic/build/libs/mynativelibrary/shared/libmynativelibrary.so
7fbb44005000-7fbb44006000 r--p 00002000 08:02 27001592                   /home/kramer/Downloads/RobotArena-master/RobotAreana/AIBasic/build/libs/mynativelibrary/shared/libmynativelibrary.so
7fbb44006000-7fbb44007000 rw-p 00003000 08:02 27001592                   /home/kramer/Downloads/RobotArena-master/RobotAreana/AIBasic/build/libs/mynativelibrary/shared/libmynativelibrary.so
7fbb44007000-7fbb44009000 r--p 00000000 08:02 23600923                   /usr/lib/x86_64-linux-gnu/libffi.so.6.0.4
7fbb44009000-7fbb4400e000 r-xp 00002000 08:02 23600923                   /usr/lib/x86_64-linux-gnu/libffi.so.6.0.4
7fbb4400e000-7fbb4400f000 r--p 00007000 08:02 23600923                   /usr/lib/x86_64-linux-gnu/libffi.so.6.0.4
7fbb4400f000-7fbb44010000 r--p 00007000 08:02 23600923                   /usr/lib/x86_64-linux-gnu/libffi.so.6.0.4
7fbb44010000-7fbb44011000 rw-p 00008000 08:02 23600923                   /usr/lib/x86_64-linux-gnu/libffi.so.6.0.4
7fbb44012000-7fbb44016000 r--p 00000000 08:02 24250591                   /usr/lib/x86_64-linux-gnu/gio/modules/libdconfsettings.so
7fbb44016000-7fbb4401d000 r-xp 00004000 08:02 24250591                   /usr/lib/x86_64-linux-gnu/gio/modules/libdconfsettings.so
7fbb4401d000-7fbb44020000 r--p 0000b000 08:02 24250591                   /usr/lib/x86_64-linux-gnu/gio/modules/libdconfsettings.so
7fbb44020000-7fbb44021000 ---p 0000e000 08:02 24250591                   /usr/lib/x86_64-linux-gnu/gio/modules/libdconfsettings.so
7fbb44021000-7fbb44022000 r--p 0000e000 08:02 24250591                   /usr/lib/x86_64-linux-gnu/gio/modules/libdconfsettings.so
7fbb44022000-7fbb44023000 rw-p 0000f000 08:02 24250591                   /usr/lib/x86_64-linux-gnu/gio/modules/libdconfsettings.so
7fbb44023000-7fbb44514000 rw-p 00000000 00:00 0 
7fbb44514000-7fbb44854000 ---p 00000000 00:00 0 
7fbb44854000-7fbb44855000 ---p 00000000 00:00 0 
7fbb44855000-7fbb44956000 rw-p 00000000 00:00 0 
7fbb44956000-7fbb44bc6000 rwxp 00000000 00:00 0 
7fbb44bc6000-7fbb44ee6000 ---p 00000000 00:00 0 
7fbb44ee6000-7fbb45156000 rwxp 00000000 00:00 0 
7fbb45156000-7fbb4c41e000 ---p 00000000 00:00 0 
7fbb4c41e000-7fbb4c68e000 rwxp 00000000 00:00 0 
7fbb4c68e000-7fbb53956000 ---p 00000000 00:00 0 
7fbb53956000-7fbb5c000000 r--s 00000000 08:02 23990663                   /usr/lib/jvm/java-11-openjdk-amd64/lib/modules
7fbb5c000000-7fbb5c314000 rw-p 00000000 00:00 0 
7fbb5c314000-7fbb60000000 ---p 00000000 00:00 0 
7fbb60001000-7fbb60004000 r--p 00000000 08:02 24906143                   /home/kramer/.config/dconf/user
7fbb60004000-7fbb60005000 r--s 00000000 00:35 53                         /run/user/1000/dconf/user
7fbb60005000-7fbb60006000 r--p 00000000 08:02 25823354                   /usr/share/locale-langpack/en_AU/LC_MESSAGES/glib20.mo
7fbb60006000-7fbb60007000 r--p 00000000 08:02 23593407                   /usr/lib/x86_64-linux-gnu/libgmodule-2.0.so.0.6000.0
7fbb60007000-7fbb60009000 r-xp 00001000 08:02 23593407                   /usr/lib/x86_64-linux-gnu/libgmodule-2.0.so.0.6000.0
7fbb60009000-7fbb6000a000 r--p 00003000 08:02 23593407                   /usr/lib/x86_64-linux-gnu/libgmodule-2.0.so.0.6000.0
7fbb6000a000-7fbb6000b000 r--p 00003000 08:02 23593407                   /usr/lib/x86_64-linux-gnu/libgmodule-2.0.so.0.6000.0
7fbb6000b000-7fbb6000c000 rw-p 00004000 08:02 23593407                   /usr/lib/x86_64-linux-gnu/libgmodule-2.0.so.0.6000.0
7fbb6000c000-7fbb60010000 r--p 00000000 08:02 23990653                   /usr/lib/jvm/java-11-openjdk-amd64/lib/libnet.so
7fbb60010000-7fbb6001f000 r-xp 00004000 08:02 23990653                   /usr/lib/jvm/java-11-openjdk-amd64/lib/libnet.so
7fbb6001f000-7fbb60023000 r--p 00013000 08:02 23990653                   /usr/lib/jvm/java-11-openjdk-amd64/lib/libnet.so
7fbb60023000-7fbb60024000 r--p 00016000 08:02 23990653                   /usr/lib/jvm/java-11-openjdk-amd64/lib/libnet.so
7fbb60024000-7fbb60025000 rw-p 00017000 08:02 23990653                   /usr/lib/jvm/java-11-openjdk-amd64/lib/libnet.so
7fbb60025000-7fbb6002c000 r--p 00000000 08:02 23990654                   /usr/lib/jvm/java-11-openjdk-amd64/lib/libnio.so
7fbb6002c000-7fbb60033000 r-xp 00007000 08:02 23990654                   /usr/lib/jvm/java-11-openjdk-amd64/lib/libnio.so
7fbb60033000-7fbb60036000 r--p 0000e000 08:02 23990654                   /usr/lib/jvm/java-11-openjdk-amd64/lib/libnio.so
7fbb60036000-7fbb60037000 r--p 00010000 08:02 23990654                   /usr/lib/jvm/java-11-openjdk-amd64/lib/libnio.so
7fbb60037000-7fbb60038000 rw-p 00011000 08:02 23990654                   /usr/lib/jvm/java-11-openjdk-amd64/lib/libnio.so
7fbb60038000-7fbb600a2000 rw-p 00000000 00:00 0 
7fbb600a2000-7fbb600a3000 ---p 00000000 00:00 0 
7fbb600a3000-7fbb605a8000 rw-p 00000000 00:00 0 
7fbb605a8000-7fbb605a9000 ---p 00000000 00:00 0 
7fbb605a9000-7fbb606aa000 rw-p 00000000 00:00 0 
7fbb606aa000-7fbb606ab000 ---p 00000000 00:00 0 
7fbb606ab000-7fbb609de000 rw-p 00000000 00:00 0 
7fbb609de000-7fbb626a6000 ---p 00000000 00:00 0 
7fbb626a6000-7fbb626ec000 rw-p 00000000 00:00 0 
7fbb626ec000-7fbb62a85000 ---p 00000000 00:00 0 
7fbb62a85000-7fbb62ac4000 rw-p 00000000 00:00 0 
7fbb62ac4000-7fbb62e5d000 ---p 00000000 00:00 0 
7fbb62e5d000-7fbb62e9c000 rw-p 00000000 00:00 0 
7fbb62e9c000-7fbb63235000 ---p 00000000 00:00 0 
7fbb63235000-7fbb6363a000 rw-p 00000000 00:00 0 
7fbb6363a000-7fbb6363b000 ---p 00000000 00:00 0 
7fbb6363b000-7fbb63741000 rw-p 00000000 00:00 0 
7fbb63741000-7fbb63827000 ---p 00000000 00:00 0 
7fbb63827000-7fbb6382c000 rw-p 00000000 00:00 0 
7fbb6382c000-7fbb63912000 ---p 00000000 00:00 0 
7fbb63912000-7fbb63917000 rw-p 00000000 00:00 0 
7fbb63917000-7fbb6391e000 ---p 00000000 00:00 0 
7fbb6391e000-7fbb63920000 r--s 00007000 08:02 24382982                   /usr/share/java/java-atk-wrapper.jar
7fbb63920000-7fbb63922000 r--p 00000000 08:02 23990645                   /usr/lib/jvm/java-11-openjdk-amd64/lib/libjimage.so
7fbb63922000-7fbb63925000 r-xp 00002000 08:02 23990645                   /usr/lib/jvm/java-11-openjdk-amd64/lib/libjimage.so
7fbb63925000-7fbb63927000 r--p 00005000 08:02 23990645                   /usr/lib/jvm/java-11-openjdk-amd64/lib/libjimage.so
7fbb63927000-7fbb63928000 r--p 00006000 08:02 23990645                   /usr/lib/jvm/java-11-openjdk-amd64/lib/libjimage.so
7fbb63928000-7fbb63929000 rw-p 00007000 08:02 23990645                   /usr/lib/jvm/java-11-openjdk-amd64/lib/libjimage.so
7fbb63929000-7fbb6392c000 r--p 00000000 08:02 23601425                   /usr/lib/x86_64-linux-gnu/libnss_files-2.29.so
7fbb6392c000-7fbb63933000 r-xp 00003000 08:02 23601425                   /usr/lib/x86_64-linux-gnu/libnss_files-2.29.so
7fbb63933000-7fbb63935000 r--p 0000a000 08:02 23601425                   /usr/lib/x86_64-linux-gnu/libnss_files-2.29.so
7fbb63935000-7fbb63936000 r--p 0000b000 08:02 23601425                   /usr/lib/x86_64-linux-gnu/libnss_files-2.29.so
7fbb63936000-7fbb63937000 rw-p 0000c000 08:02 23601425                   /usr/lib/x86_64-linux-gnu/libnss_files-2.29.so
7fbb63937000-7fbb6393d000 rw-p 00000000 00:00 0 
7fbb6393d000-7fbb6393f000 r--p 00000000 08:02 23990662                   /usr/lib/jvm/java-11-openjdk-amd64/lib/libzip.so
7fbb6393f000-7fbb63943000 r-xp 00002000 08:02 23990662                   /usr/lib/jvm/java-11-openjdk-amd64/lib/libzip.so
7fbb63943000-7fbb63945000 r--p 00006000 08:02 23990662                   /usr/lib/jvm/java-11-openjdk-amd64/lib/libzip.so
7fbb63945000-7fbb63946000 r--p 00007000 08:02 23990662                   /usr/lib/jvm/java-11-openjdk-amd64/lib/libzip.so
7fbb63946000-7fbb63947000 rw-p 00008000 08:02 23990662                   /usr/lib/jvm/java-11-openjdk-amd64/lib/libzip.so
7fbb63947000-7fbb6394f000 rw-s 00000000 08:02 2752951                    /tmp/hsperfdata_kramer/19873
7fbb6394f000-7fbb63950000 ---p 00000000 00:00 0 
7fbb63950000-7fbb63951000 r--p 00000000 00:00 0 
7fbb63951000-7fbb6395e000 r--p 00000000 08:02 23990641                   /usr/lib/jvm/java-11-openjdk-amd64/lib/libjava.so
7fbb6395e000-7fbb63973000 r-xp 0000d000 08:02 23990641                   /usr/lib/jvm/java-11-openjdk-amd64/lib/libjava.so
7fbb63973000-7fbb6397a000 r--p 00022000 08:02 23990641                   /usr/lib/jvm/java-11-openjdk-amd64/lib/libjava.so
7fbb6397a000-7fbb6397b000 r--p 00028000 08:02 23990641                   /usr/lib/jvm/java-11-openjdk-amd64/lib/libjava.so
7fbb6397b000-7fbb6397d000 rw-p 00029000 08:02 23990641                   /usr/lib/jvm/java-11-openjdk-amd64/lib/libjava.so
7fbb6397d000-7fbb63980000 r--p 00000000 08:02 23601631                   /usr/lib/x86_64-linux-gnu/librt-2.29.so
7fbb63980000-7fbb63984000 r-xp 00003000 08:02 23601631                   /usr/lib/x86_64-linux-gnu/librt-2.29.so
7fbb63984000-7fbb63986000 r--p 00007000 08:02 23601631                   /usr/lib/x86_64-linux-gnu/librt-2.29.so
7fbb63986000-7fbb63987000 r--p 00008000 08:02 23601631                   /usr/lib/x86_64-linux-gnu/librt-2.29.so
7fbb63987000-7fbb63988000 rw-p 00009000 08:02 23601631                   /usr/lib/x86_64-linux-gnu/librt-2.29.so
7fbb63988000-7fbb6398c000 ---p 00000000 00:00 0 
7fbb6398c000-7fbb63a89000 rw-p 00000000 00:00 0 
7fbb63a89000-7fbb63a8c000 r--p 00000000 08:02 23596996                   /usr/lib/x86_64-linux-gnu/libgcc_s.so.1
7fbb63a8c000-7fbb63a9d000 r-xp 00003000 08:02 23596996                   /usr/lib/x86_64-linux-gnu/libgcc_s.so.1
7fbb63a9d000-7fbb63aa1000 r--p 00014000 08:02 23596996                   /usr/lib/x86_64-linux-gnu/libgcc_s.so.1
7fbb63aa1000-7fbb63aa2000 r--p 00017000 08:02 23596996                   /usr/lib/x86_64-linux-gnu/libgcc_s.so.1
7fbb63aa2000-7fbb63aa3000 rw-p 00018000 08:02 23596996                   /usr/lib/x86_64-linux-gnu/libgcc_s.so.1
7fbb63aa3000-7fbb63ab2000 r--p 00000000 08:02 23601302                   /usr/lib/x86_64-linux-gnu/libm-2.29.so
7fbb63ab2000-7fbb63b58000 r-xp 0000f000 08:02 23601302                   /usr/lib/x86_64-linux-gnu/libm-2.29.so
7fbb63b58000-7fbb63bef000 r--p 000b5000 08:02 23601302                   /usr/lib/x86_64-linux-gnu/libm-2.29.so
7fbb63bef000-7fbb63bf0000 r--p 0014b000 08:02 23601302                   /usr/lib/x86_64-linux-gnu/libm-2.29.so
7fbb63bf0000-7fbb63bf1000 rw-p 0014c000 08:02 23601302                   /usr/lib/x86_64-linux-gnu/libm-2.29.so
7fbb63bf1000-7fbb63c86000 r--p 00000000 08:02 23594558                   /usr/lib/x86_64-linux-gnu/libstdc++.so.6.0.26
7fbb63c86000-7fbb63d78000 r-xp 00095000 08:02 23594558                   /usr/lib/x86_64-linux-gnu/libstdc++.so.6.0.26
7fbb63d78000-7fbb63dc1000 r--p 00187000 08:02 23594558                   /usr/lib/x86_64-linux-gnu/libstdc++.so.6.0.26
7fbb63dc1000-7fbb63dc2000 ---p 001d0000 08:02 23594558                   /usr/lib/x86_64-linux-gnu/libstdc++.so.6.0.26
7fbb63dc2000-7fbb63dcd000 r--p 001d0000 08:02 23594558                   /usr/lib/x86_64-linux-gnu/libstdc++.so.6.0.26
7fbb63dcd000-7fbb63dd0000 rw-p 001db000 08:02 23594558                   /usr/lib/x86_64-linux-gnu/libstdc++.so.6.0.26
7fbb63dd0000-7fbb63dd3000 rw-p 00000000 00:00 0 
7fbb63dd3000-7fbb64042000 r--p 00000000 08:02 23990668                   /usr/lib/jvm/java-11-openjdk-amd64/lib/server/libjvm.so
7fbb64042000-7fbb64b62000 r-xp 0026f000 08:02 23990668                   /usr/lib/jvm/java-11-openjdk-amd64/lib/server/libjvm.so
7fbb64b62000-7fbb64d9b000 r--p 00d8f000 08:02 23990668                   /usr/lib/jvm/java-11-openjdk-amd64/lib/server/libjvm.so
7fbb64d9b000-7fbb64d9c000 ---p 00fc8000 08:02 23990668                   /usr/lib/jvm/java-11-openjdk-amd64/lib/server/libjvm.so
7fbb64d9c000-7fbb64e59000 r--p 00fc8000 08:02 23990668                   /usr/lib/jvm/java-11-openjdk-amd64/lib/server/libjvm.so
7fbb64e59000-7fbb64e92000 rw-p 01085000 08:02 23990668                   /usr/lib/jvm/java-11-openjdk-amd64/lib/server/libjvm.so
7fbb64e92000-7fbb64eea000 rw-p 00000000 00:00 0 
7fbb64eea000-7fbb64ef1000 r--p 00000000 08:02 23601565                   /usr/lib/x86_64-linux-gnu/libpthread-2.29.so
7fbb64ef1000-7fbb64f00000 r-xp 00007000 08:02 23601565                   /usr/lib/x86_64-linux-gnu/libpthread-2.29.so
7fbb64f00000-7fbb64f05000 r--p 00016000 08:02 23601565                   /usr/lib/x86_64-linux-gnu/libpthread-2.29.so
7fbb64f05000-7fbb64f06000 r--p 0001a000 08:02 23601565                   /usr/lib/x86_64-linux-gnu/libpthread-2.29.so
7fbb64f06000-7fbb64f07000 rw-p 0001b000 08:02 23601565                   /usr/lib/x86_64-linux-gnu/libpthread-2.29.so
7fbb64f07000-7fbb64f0b000 rw-p 00000000 00:00 0 
7fbb64f0b000-7fbb64f0c000 r--p 00000000 08:02 23600824                   /usr/lib/x86_64-linux-gnu/libdl-2.29.so
7fbb64f0c000-7fbb64f0e000 r-xp 00001000 08:02 23600824                   /usr/lib/x86_64-linux-gnu/libdl-2.29.so
7fbb64f0e000-7fbb64f0f000 r--p 00003000 08:02 23600824                   /usr/lib/x86_64-linux-gnu/libdl-2.29.so
7fbb64f0f000-7fbb64f10000 r--p 00003000 08:02 23600824                   /usr/lib/x86_64-linux-gnu/libdl-2.29.so
7fbb64f10000-7fbb64f11000 rw-p 00004000 08:02 23600824                   /usr/lib/x86_64-linux-gnu/libdl-2.29.so
7fbb64f11000-7fbb64f13000 r--p 00000000 08:02 23601962                   /usr/lib/x86_64-linux-gnu/libz.so.1.2.11
7fbb64f13000-7fbb64f24000 r-xp 00002000 08:02 23601962                   /usr/lib/x86_64-linux-gnu/libz.so.1.2.11
7fbb64f24000-7fbb64f2a000 r--p 00013000 08:02 23601962                   /usr/lib/x86_64-linux-gnu/libz.so.1.2.11
7fbb64f2a000-7fbb64f2b000 ---p 00019000 08:02 23601962                   /usr/lib/x86_64-linux-gnu/libz.so.1.2.11
7fbb64f2b000-7fbb64f2c000 r--p 00019000 08:02 23601962                   /usr/lib/x86_64-linux-gnu/libz.so.1.2.11
7fbb64f2c000-7fbb64f2d000 rw-p 0001a000 08:02 23601962                   /usr/lib/x86_64-linux-gnu/libz.so.1.2.11
7fbb64f2d000-7fbb64f52000 r--p 00000000 08:02 23600687                   /usr/lib/x86_64-linux-gnu/libc-2.29.so
7fbb64f52000-7fbb650c5000 r-xp 00025000 08:02 23600687                   /usr/lib/x86_64-linux-gnu/libc-2.29.so
7fbb650c5000-7fbb6510e000 r--p 00198000 08:02 23600687                   /usr/lib/x86_64-linux-gnu/libc-2.29.so
7fbb6510e000-7fbb65111000 r--p 001e0000 08:02 23600687                   /usr/lib/x86_64-linux-gnu/libc-2.29.so
7fbb65111000-7fbb65114000 rw-p 001e3000 08:02 23600687                   /usr/lib/x86_64-linux-gnu/libc-2.29.so
7fbb65114000-7fbb65118000 rw-p 00000000 00:00 0 
7fbb65118000-7fbb65119000 r--p 00000000 08:02 25823436                   /usr/share/locale-langpack/en_AU/LC_MESSAGES/libc.mo
7fbb65119000-7fbb6511e000 r--p 00000000 08:02 23990661                   /usr/lib/jvm/java-11-openjdk-amd64/lib/libverify.so
7fbb6511e000-7fbb65125000 r-xp 00005000 08:02 23990661                   /usr/lib/jvm/java-11-openjdk-amd64/lib/libverify.so
7fbb65125000-7fbb65127000 r--p 0000c000 08:02 23990661                   /usr/lib/jvm/java-11-openjdk-amd64/lib/libverify.so
7fbb65127000-7fbb65129000 r--p 0000d000 08:02 23990661                   /usr/lib/jvm/java-11-openjdk-amd64/lib/libverify.so
7fbb65129000-7fbb6512a000 rw-p 0000f000 08:02 23990661                   /usr/lib/jvm/java-11-openjdk-amd64/lib/libverify.so
7fbb6512a000-7fbb6512d000 r--p 00000000 08:02 23990625                   /usr/lib/jvm/java-11-openjdk-amd64/lib/jli/libjli.so
7fbb6512d000-7fbb65137000 r-xp 00003000 08:02 23990625                   /usr/lib/jvm/java-11-openjdk-amd64/lib/jli/libjli.so
7fbb65137000-7fbb6513a000 r--p 0000d000 08:02 23990625                   /usr/lib/jvm/java-11-openjdk-amd64/lib/jli/libjli.so
7fbb6513a000-7fbb6513b000 r--p 0000f000 08:02 23990625                   /usr/lib/jvm/java-11-openjdk-amd64/lib/jli/libjli.so
7fbb6513b000-7fbb6513c000 rw-p 00010000 08:02 23990625                   /usr/lib/jvm/java-11-openjdk-amd64/lib/jli/libjli.so
7fbb6513c000-7fbb6513e000 rw-p 00000000 00:00 0 
7fbb6513e000-7fbb6513f000 r--p 00000000 08:02 23600471                   /usr/lib/x86_64-linux-gnu/ld-2.29.so
7fbb6513f000-7fbb65160000 r-xp 00001000 08:02 23600471                   /usr/lib/x86_64-linux-gnu/ld-2.29.so
7fbb65160000-7fbb65168000 r--p 00022000 08:02 23600471                   /usr/lib/x86_64-linux-gnu/ld-2.29.so
7fbb65168000-7fbb65169000 r--p 00029000 08:02 23600471                   /usr/lib/x86_64-linux-gnu/ld-2.29.so
7fbb65169000-7fbb6516a000 rw-p 0002a000 08:02 23600471                   /usr/lib/x86_64-linux-gnu/ld-2.29.so
7fbb6516a000-7fbb6516b000 rw-p 00000000 00:00 0 
7ffdcc2a6000-7ffdcc2c8000 rw-p 00000000 00:00 0                          [stack]
7ffdcc3d5000-7ffdcc3d8000 r--p 00000000 00:00 0                          [vvar]
7ffdcc3d8000-7ffdcc3d9000 r-xp 00000000 00:00 0                          [vdso]
ffffffffff600000-ffffffffff601000 r-xp 00000000 00:00 0                  [vsyscall]


VM Arguments:
jvm_args: -Dfile.encoding=UTF-8 -Duser.country=AU -Duser.language=en -Duser.variant 
java_command: ExampleSwingApp
java_class_path (initial): /home/kramer/Downloads/RobotArena-master/RobotAreana/start/build/classes/java/main:/home/kramer/Downloads/RobotArena-master/RobotAreana/start/build/classes/groovy/main:/home/kramer/Downloads/RobotArena-master/RobotAreana/start/build/resources/main:/home/kramer/Downloads/RobotArena-master/RobotAreana/AIBasic/build/libs/AIBasic.jar:/home/kramer/Downloads/RobotArena-master/RobotAreana/robot/build/libs/robot.jar:/home/kramer/Downloads/RobotArena-master/RobotAreana/main/build/libs/main.jar
Launcher Type: SUN_STANDARD

[Global flags]
     intx CICompilerCount                          = 3                                         {product} {ergonomic}
     uint ConcGCThreads                            = 1                                         {product} {ergonomic}
     uint G1ConcRefinementThreads                  = 4                                         {product} {ergonomic}
   size_t G1HeapRegionSize                         = 1048576                                   {product} {ergonomic}
    uintx GCDrainStackTargetSize                   = 64                                        {product} {ergonomic}
   size_t InitialHeapSize                          = 130023424                                 {product} {ergonomic}
   size_t MarkStackSize                            = 4194304                                   {product} {ergonomic}
   size_t MaxHeapSize                              = 2063597568                                {product} {ergonomic}
   size_t MaxNewSize                               = 1237319680                                {product} {ergonomic}
   size_t MinHeapDeltaBytes                        = 1048576                                   {product} {ergonomic}
    uintx NonNMethodCodeHeapSize                   = 5830092                                {pd product} {ergonomic}
    uintx NonProfiledCodeHeapSize                  = 122914074                              {pd product} {ergonomic}
    uintx ProfiledCodeHeapSize                     = 122914074                              {pd product} {ergonomic}
    uintx ReservedCodeCacheSize                    = 251658240                              {pd product} {ergonomic}
     bool SegmentedCodeCache                       = true                                      {product} {ergonomic}
     bool UseCompressedClassPointers               = true                                 {lp64_product} {ergonomic}
     bool UseCompressedOops                        = true                                 {lp64_product} {ergonomic}
     bool UseG1GC                                  = true                                      {product} {ergonomic}

Logging:
Log output configuration:
 #0: stdout all=warning uptime,level,tags
 #1: stderr all=off uptime,level,tags

Environment Variables:
PATH=/home/kramer/.local/bin:/usr/local/sbin:/usr/local/bin:/usr/sbin:/usr/bin:/sbin:/bin:/usr/games:/usr/local/games:/snap/bin
USERNAME=kramer
LD_LIBRARY_PATH=/home/kramer/Downloads/RobotArena-master/RobotAreana/AIBasic/build/libs/mynativelibrary/shared
SHELL=/bin/bash
DISPLAY=:0

Signal Handlers:
SIGSEGV: [libjvm.so+0xd1cc80], sa_mask[0]=11111111011111111101111111111110, sa_flags=SA_RESTART|SA_SIGINFO
SIGBUS: [libjvm.so+0xd1cc80], sa_mask[0]=11111111011111111101111111111110, sa_flags=SA_RESTART|SA_SIGINFO
SIGFPE: [libjvm.so+0xd1cc80], sa_mask[0]=11111111011111111101111111111110, sa_flags=SA_RESTART|SA_SIGINFO
SIGPIPE: SIG_IGN, sa_mask[0]=00000000000010000000000000000000, sa_flags=SA_RESTART
SIGXFSZ: [libjvm.so+0xb239a0], sa_mask[0]=11111111011111111101111111111110, sa_flags=SA_RESTART|SA_SIGINFO
SIGILL: [libjvm.so+0xd1cc80], sa_mask[0]=11111111011111111101111111111110, sa_flags=SA_RESTART|SA_SIGINFO
SIGUSR2: [libjvm.so+0xb23830], sa_mask[0]=00100000000000000000000000000000, sa_flags=SA_RESTART|SA_SIGINFO
SIGHUP: [libjvm.so+0xb23ce0], sa_mask[0]=11111111011111111101111111111110, sa_flags=SA_RESTART|SA_SIGINFO
SIGINT: [libjvm.so+0xb23ce0], sa_mask[0]=11111111011111111101111111111110, sa_flags=SA_RESTART|SA_SIGINFO
SIGTERM: [libjvm.so+0xb23ce0], sa_mask[0]=11111111011111111101111111111110, sa_flags=SA_RESTART|SA_SIGINFO
SIGQUIT: [libjvm.so+0xb23ce0], sa_mask[0]=11111111011111111101111111111110, sa_flags=SA_RESTART|SA_SIGINFO


---------------  S Y S T E M  ---------------

OS:DISTRIB_ID=Ubuntu
DISTRIB_RELEASE=19.04
DISTRIB_CODENAME=disco
DISTRIB_DESCRIPTION="Ubuntu 19.04"
uname:Linux 5.0.0-32-generic #34-Ubuntu SMP Wed Oct 2 02:06:48 UTC 2019 x86_64
libc:glibc 2.29 NPTL 2.29 
rlimit: STACK 8192k, CORE 0k, NPROC 31283, NOFILE 524288, AS infinity, DATA infinity, FSIZE infinity
load average:2.37 2.52 2.50

/proc/meminfo:
MemTotal:        8057228 kB
MemFree:          916056 kB
MemAvailable:    2967876 kB
Buffers:          174212 kB
Cached:          2148488 kB
SwapCached:            0 kB
Active:          5172844 kB
Inactive:        1505144 kB
Active(anon):    4281268 kB
Inactive(anon):   198668 kB
Active(file):     891576 kB
Inactive(file):  1306476 kB
Unevictable:        3452 kB
Mlocked:              16 kB
SwapTotal:       2097148 kB
SwapFree:        2097148 kB
Dirty:              1156 kB
Writeback:             0 kB
AnonPages:       4358820 kB
Mapped:           708520 kB
Shmem:            204248 kB
KReclaimable:     148104 kB
Slab:             252420 kB
SReclaimable:     148104 kB
SUnreclaim:       104316 kB
KernelStack:       17168 kB
PageTables:        43300 kB
NFS_Unstable:          0 kB
Bounce:                0 kB
WritebackTmp:          0 kB
CommitLimit:     6125760 kB
Committed_AS:   17546144 kB
VmallocTotal:   34359738367 kB
VmallocUsed:           0 kB
VmallocChunk:          0 kB
Percpu:             2240 kB
HardwareCorrupted:     0 kB
AnonHugePages:         0 kB
ShmemHugePages:        0 kB
ShmemPmdMapped:        0 kB
CmaTotal:              0 kB
CmaFree:               0 kB
HugePages_Total:       0
HugePages_Free:        0
HugePages_Rsvd:        0
HugePages_Surp:        0
Hugepagesize:       2048 kB
Hugetlb:               0 kB
DirectMap4k:      274992 kB
DirectMap2M:     6957056 kB
DirectMap1G:     1048576 kB


/proc/sys/kernel/threads-max (system-wide limit on the number of threads):
62566


/proc/sys/vm/max_map_count (maximum number of memory map areas a process may have):
65530


/proc/sys/kernel/pid_max (system-wide limit on number of process identifiers):
32768



container (cgroup) information:
container_type: cgroupv1
cpu_cpuset_cpus: 0-3
cpu_memory_nodes: 0
active_processor_count: 4
cpu_quota: -1
cpu_period: 100000
cpu_shares: -1
memory_limit_in_bytes: -1
memory_and_swap_limit_in_bytes: -2
memory_soft_limit_in_bytes: -1
memory_usage_in_bytes: 1256214528
memory_max_usage_in_bytes: 1295388672

Steal ticks since vm start: 0
Steal ticks percentage since vm start:  0.000

CPU:total 4 (initial active 4) (4 cores per cpu, 1 threads per core) family 6 model 60 stepping 3, cmov, cx8, fxsr, mmx, sse, sse2, sse3, ssse3, sse4.1, sse4.2, popcnt, avx, avx2, aes, clmul, erms, lzcnt, tsc, tscinvbit, bmi1, bmi2, fma
CPU Model and flags from /proc/cpuinfo:
model name	: Intel(R) Core(TM) i5-4690 CPU @ 3.50GHz
flags		: fpu vme de pse tsc msr pae mce cx8 apic sep mtrr pge mca cmov pat pse36 clflush dts acpi mmx fxsr sse sse2 ss ht tm pbe syscall nx pdpe1gb rdtscp lm constant_tsc arch_perfmon pebs bts rep_good nopl xtopology nonstop_tsc cpuid aperfmperf pni pclmulqdq dtes64 monitor ds_cpl vmx smx est tm2 ssse3 sdbg fma cx16 xtpr pdcm pcid sse4_1 sse4_2 x2apic movbe popcnt tsc_deadline_timer aes xsave avx f16c rdrand lahf_lm abm cpuid_fault invpcid_single pti ssbd ibrs ibpb stibp tpr_shadow vnmi flexpriority ept vpid ept_ad fsgsbase tsc_adjust bmi1 avx2 smep bmi2 erms invpcid xsaveopt dtherm ida arat pln pts md_clear flush_l1d

Memory: 4k page, physical 8057228k(916056k free), swap 2097148k(2097148k free)

vm_info: OpenJDK 64-Bit Server VM (11.0.4+11-post-Ubuntu-1ubuntu219.04) for linux-amd64 JRE (11.0.4+11-post-Ubuntu-1ubuntu219.04), built on Jul 18 2019 18:21:46 by "buildd" with gcc 8.3.0

END.
