#
# A fatal error has been detected by the Java Runtime Environment:
#
#  SIGSEGV (0xb) at pc=0x00007ff7cbee262b, pid=10117, tid=10141
#
# JRE version: OpenJDK Runtime Environment (11.0.4+11) (build 11.0.4+11-post-Ubuntu-1ubuntu219.04)
# Java VM: OpenJDK 64-Bit Server VM (11.0.4+11-post-Ubuntu-1ubuntu219.04, mixed mode, sharing, tiered, compressed oops, g1 gc, linux-amd64)
# Problematic frame:
# V  [libjvm.so+0x86462b]
#
# Core dump will be written. Default location: Core dumps may be processed with "/usr/share/apport/apport %p %s %c %d %P" (or dumping to /home/kramer/Downloads/RobotArena-master/RobotAreana/start/core.10117)
#
# If you would like to submit a bug report, please visit:
#   https://bugs.launchpad.net/ubuntu/+source/openjdk-lts
#

---------------  S U M M A R Y ------------

Command Line: -Dfile.encoding=UTF-8 -Duser.country=AU -Duser.language=en -Duser.variant ExampleSwingApp

Host: Intel(R) Core(TM) i5-4690 CPU @ 3.50GHz, 4 cores, 7G, Ubuntu 19.04
Time: Mon Oct 28 14:10:17 2019 AWST elapsed time: 1 seconds (0d 0h 0m 1s)

---------------  T H R E A D  ---------------

Current thread (0x00007ff7c4454000):  JavaThread "Thomas" [_thread_in_vm, id=10141, stack(0x00007ff76a9f4000,0x00007ff76aaf5000)]

Stack: [0x00007ff76a9f4000,0x00007ff76aaf5000],  sp=0x00007ff76aaf3680,  free space=1021k
Native frames: (J=compiled Java code, A=aot compiled Java code, j=interpreted, Vv=VM code, C=native code)
V  [libjvm.so+0x86462b]
C  [libmynativelibrary.so+0x1189]  Java_CRobot_startCPP+0x84
j  CRobot.startCPP(LRobotControl;)V+0
j  CRobot$1.run()V+8
j  java.lang.Thread.run()V+11 java.base@11.0.4
v  ~StubRoutines::call_stub
V  [libjvm.so+0x7f40b1]
V  [libjvm.so+0x7f2550]
V  [libjvm.so+0x7f260b]
V  [libjvm.so+0x88e63c]
V  [libjvm.so+0xcc0060]
V  [libjvm.so+0xcc0350]
V  [libjvm.so+0xcbbee4]
V  [libjvm.so+0xb2cbee]

Java frames: (J=compiled Java code, j=interpreted, Vv=VM code)
j  CRobot.startCPP(LRobotControl;)V+0
j  CRobot$1.run()V+8
j  java.lang.Thread.run()V+11 java.base@11.0.4
v  ~StubRoutines::call_stub

siginfo: si_signo: 11 (SIGSEGV), si_code: 1 (SEGV_MAPERR), si_addr: 0x0000000000000000

Register to memory mapping:

RAX=0x00007ff76aaf3720 is pointing into the stack for thread: 0x00007ff7c4454000
RBX=0x00007ff7c4454000 is a thread
RCX=0x00007ff7cbee2550: <offset 0x0000000000864550> in /usr/lib/jvm/java-11-openjdk-amd64/lib/server/libjvm.so at 0x00007ff7cb67e000
RDX=0x00007ff7c4451d00 points into unknown readable memory: d8 a5 ed 8b 00 00 00 00
RSP=0x00007ff76aaf3680 is pointing into the stack for thread: 0x00007ff7c4454000
RBP=0x00007ff76aaf3800 is pointing into the stack for thread: 0x00007ff7c4454000
RSI=0x00007ff7c4454000 is a thread
RDI=0x00007ff76aaf36e0 is pointing into the stack for thread: 0x00007ff7c4454000
R8 =0x0 is NULL
R9 =0x00007ff76aaf3314 is pointing into the stack for thread: 0x00007ff7c4454000
R10=0x00007ff7cc449264: <offset 0x0000000000dcb264> in /usr/lib/jvm/java-11-openjdk-amd64/lib/server/libjvm.so at 0x00007ff7cb67e000
R11=0x0000000000000535 is an unknown value
R12=0x00007ff76aaf36e0 is pointing into the stack for thread: 0x00007ff7c4454000
R13=0x00007ff7c4454340 points into unknown readable memory: e0 af 70 cc f7 7f 00 00
R14=0x0 is NULL
R15=0x00007ff76aaf38d0 is pointing into the stack for thread: 0x00007ff7c4454000


Registers:
RAX=0x00007ff76aaf3720, RBX=0x00007ff7c4454000, RCX=0x00007ff7cbee2550, RDX=0x00007ff7c4451d00
RSP=0x00007ff76aaf3680, RBP=0x00007ff76aaf3800, RSI=0x00007ff7c4454000, RDI=0x00007ff76aaf36e0
R8 =0x0000000000000000, R9 =0x00007ff76aaf3314, R10=0x00007ff7cc449264, R11=0x0000000000000535
R12=0x00007ff76aaf36e0, R13=0x00007ff7c4454340, R14=0x0000000000000000, R15=0x00007ff76aaf38d0
RIP=0x00007ff7cbee262b, EFLAGS=0x0000000000010202, CSGSFS=0x002b000000000033, ERR=0x0000000000000004
  TRAPNO=0x000000000000000e

Top of Stack: (sp=0x00007ff76aaf3680)
0x00007ff76aaf3680:   0000000000000000 00007ff7c4454000
0x00007ff76aaf3690:   00007ff794121015 00007ff7cc45daf8
0x00007ff76aaf36a0:   0000000000000535 0000000800000018
0x00007ff76aaf36b0:   00007ff76aaf3810 00007ff76aaf3720 

Instructions: (pc=0x00007ff7cbee262b)
0x00007ff7cbee252b:   89 e0 5b 41 5c 41 5d 41 5e 41 5f 5d c3 0f 1f 84
0x00007ff7cbee253b:   00 00 00 00 00 48 89 df 31 db e8 66 2d 45 00 e9
0x00007ff7cbee254b:   ab fe ff ff 90 55 48 89 e5 41 57 49 89 f7 41 56
0x00007ff7cbee255b:   49 89 d6 41 55 49 89 fd 41 54 53 48 81 ec 58 01
0x00007ff7cbee256b:   00 00 48 89 8d 38 ff ff ff 4c 89 85 40 ff ff ff
0x00007ff7cbee257b:   4c 89 8d 48 ff ff ff 84 c0 74 29 0f 29 85 50 ff
0x00007ff7cbee258b:   ff ff 0f 29 8d 60 ff ff ff 0f 29 95 70 ff ff ff
0x00007ff7cbee259b:   0f 29 5d 80 0f 29 65 90 0f 29 6d a0 0f 29 75 b0
0x00007ff7cbee25ab:   0f 29 7d c0 49 8d 9d c0 fc ff ff 8b 83 d0 03 00
0x00007ff7cbee25bb:   00 2d ab de 00 00 83 f8 01 0f 87 46 01 00 00 48
0x00007ff7cbee25cb:   89 df 48 89 9d 88 fe ff ff e8 c7 69 ff ff 48 83
0x00007ff7cbee25db:   7b 08 00 48 89 9d c0 fe ff ff 48 c7 85 c8 fe ff
0x00007ff7cbee25eb:   ff 00 00 00 00 74 0c 48 8d bd c0 fe ff ff e8 02
0x00007ff7cbee25fb:   0e 32 00 48 8d 45 10 4c 8d a5 e0 fe ff ff c7 85
0x00007ff7cbee260b:   a8 fe ff ff 18 00 00 00 48 89 85 b0 fe ff ff 48
0x00007ff7cbee261b:   8d 85 20 ff ff ff 4c 89 e7 48 89 85 b8 fe ff ff
0x00007ff7cbee262b:   49 8b 06 c7 85 ac fe ff ff 30 00 00 00 c7 85 90
0x00007ff7cbee263b:   fe ff ff 0c 00 00 00 48 8b 40 08 0f b7 50 2c 48
0x00007ff7cbee264b:   8b 40 08 48 8b 74 d0 40 e8 78 53 3a 00 4d 89 e0
0x00007ff7cbee265b:   49 89 d9 4c 89 f1 48 8d 05 f0 20 77 00 4c 89 fa
0x00007ff7cbee266b:   4c 89 ef 45 31 e4 48 89 85 e0 fe ff ff f3 0f 6f
0x00007ff7cbee267b:   85 a8 fe ff ff 48 8d b5 90 fe ff ff 48 8b 85 b8
0x00007ff7cbee268b:   fe ff ff c7 85 f8 fe ff ff 63 00 00 00 48 c7 85
0x00007ff7cbee269b:   00 ff ff ff 00 00 00 00 0f 11 85 08 ff ff ff 48
0x00007ff7cbee26ab:   89 85 18 ff ff ff e8 fa f3 ff ff 48 83 7b 08 00
0x00007ff7cbee26bb:   75 07 4c 8b a5 98 fe ff ff 48 83 bd c8 fe ff ff
0x00007ff7cbee26cb:   00 74 0c 48 8d bd c0 fe ff ff e8 76 0d 32 00 48
0x00007ff7cbee26db:   8b bb f0 00 00 00 e8 1a e3 00 00 48 8d bd 88 fe
0x00007ff7cbee26eb:   ff ff e8 fe e3 00 00 48 81 c4 58 01 00 00 4c 89
0x00007ff7cbee26fb:   e0 5b 41 5c 41 5d 41 5e 41 5f 5d c3 66 0f 1f 84
0x00007ff7cbee270b:   00 00 00 00 00 48 89 df 31 db e8 96 2b 45 00 e9
0x00007ff7cbee271b:   ab fe ff ff 90 55 48 89 e5 41 57 49 89 f7 41 56 


Stack slot to memory mapping:
stack at sp + 0 slots: 0x0 is NULL
stack at sp + 1 slots: 0x00007ff7c4454000 is a thread
stack at sp + 2 slots: 0x00007ff794121015: <offset 0x0000000000002015> in /home/kramer/Downloads/RobotArena-master/RobotAreana/AIBasic/build/libs/mynativelibrary/shared/libmynativelibrary.so at 0x00007ff79411f000
stack at sp + 3 slots: 0x00007ff7cc45daf8: <offset 0x0000000000ddfaf8> in /usr/lib/jvm/java-11-openjdk-amd64/lib/server/libjvm.so at 0x00007ff7cb67e000
stack at sp + 4 slots: 0x0000000000000535 is an unknown value
stack at sp + 5 slots: 0x0000000800000018 is pointing into metadata
stack at sp + 6 slots: 0x00007ff76aaf3810 is pointing into the stack for thread: 0x00007ff7c4454000
stack at sp + 7 slots: 0x00007ff76aaf3720 is pointing into the stack for thread: 0x00007ff7c4454000


---------------  P R O C E S S  ---------------

Threads class SMR info:
_java_thread_list=0x00007ff7c44590b0, length=16, elements={
0x00007ff7c4011800, 0x00007ff7c4107000, 0x00007ff7c4109000, 0x00007ff7c410e800,
0x00007ff7c4110800, 0x00007ff7c4112800, 0x00007ff7c4114800, 0x00007ff7c414b800,
0x00007ff7c4154000, 0x00007ff7c42f2000, 0x00007ff7c4334000, 0x00007ff7743e4800,
0x00007ff7c444c800, 0x00007ff7c4454000, 0x00007ff7c4456800, 0x00007ff7c4457800
}

Java Threads: ( => current thread )
  0x00007ff7c4011800 JavaThread "main" [_thread_blocked, id=10118, stack(0x00007ff7cb233000,0x00007ff7cb334000)]
  0x00007ff7c4107000 JavaThread "Reference Handler" daemon [_thread_blocked, id=10125, stack(0x00007ff7976ff000,0x00007ff797800000)]
  0x00007ff7c4109000 JavaThread "Finalizer" daemon [_thread_blocked, id=10126, stack(0x00007ff7975fe000,0x00007ff7976ff000)]
  0x00007ff7c410e800 JavaThread "Signal Dispatcher" daemon [_thread_blocked, id=10127, stack(0x00007ff796722000,0x00007ff796823000)]
  0x00007ff7c4110800 JavaThread "C2 CompilerThread0" daemon [_thread_blocked, id=10128, stack(0x00007ff796621000,0x00007ff796722000)]
  0x00007ff7c4112800 JavaThread "C1 CompilerThread0" daemon [_thread_blocked, id=10129, stack(0x00007ff796520000,0x00007ff796621000)]
  0x00007ff7c4114800 JavaThread "Sweeper thread" daemon [_thread_blocked, id=10130, stack(0x00007ff79641f000,0x00007ff796520000)]
  0x00007ff7c414b800 JavaThread "Service Thread" daemon [_thread_blocked, id=10131, stack(0x00007ff79631e000,0x00007ff79641f000)]
  0x00007ff7c4154000 JavaThread "Common-Cleaner" daemon [_thread_blocked, id=10133, stack(0x00007ff79611b000,0x00007ff79621c000)]
  0x00007ff7c42f2000 JavaThread "Java2D Disposer" daemon [_thread_blocked, id=10137, stack(0x00007ff794006000,0x00007ff794107000)]
  0x00007ff7c4334000 JavaThread "AWT-XAWT" daemon [_thread_in_native, id=10138, stack(0x00007ff76acf7000,0x00007ff76adf8000)]
  0x00007ff7743e4800 JavaThread "C2 CompilerThread1" daemon [_thread_blocked, id=10139, stack(0x00007ff76abf6000,0x00007ff76acf7000)]
  0x00007ff7c444c800 JavaThread "Image Fetcher 0" daemon [_thread_blocked, id=10140, stack(0x00007ff76aaf5000,0x00007ff76abf6000)]
=>0x00007ff7c4454000 JavaThread "Thomas" [_thread_in_vm, id=10141, stack(0x00007ff76a9f4000,0x00007ff76aaf5000)]
  0x00007ff7c4456800 JavaThread "Thomas" [_thread_blocked, id=10142, stack(0x00007ff76a8f3000,0x00007ff76a9f4000)]
  0x00007ff7c4457800 JavaThread "Thomas" [_thread_blocked, id=10143, stack(0x00007ff76a7f2000,0x00007ff76a8f3000)]

Other Threads:
  0x00007ff7c4104000 VMThread "VM Thread" [stack: 0x00007ff7a4040000,0x00007ff7a4140000] [id=10124]
  0x00007ff7c414e000 WatcherThread [stack: 0x00007ff79621e000,0x00007ff79631e000] [id=10132]
  0x00007ff7c4027000 GCTaskThread "GC Thread#0" [stack: 0x00007ff7caee7000,0x00007ff7cafe7000] [id=10119]
  0x00007ff7c4058000 ConcurrentGCThread "G1 Main Marker" [stack: 0x00007ff7ac856000,0x00007ff7ac956000] [id=10120]
  0x00007ff7c405a000 ConcurrentGCThread "G1 Conc#0" [stack: 0x00007ff7ac754000,0x00007ff7ac854000] [id=10121]
  0x00007ff7c40d2000 ConcurrentGCThread "G1 Refine#0" [stack: 0x00007ff7ac24e000,0x00007ff7ac34e000] [id=10122]
  0x00007ff7c40d3800 ConcurrentGCThread "G1 Young RemSet Sampling" [stack: 0x00007ff7ac14c000,0x00007ff7ac24c000] [id=10123]

Threads with active compile tasks:
C2 CompilerThread0 614       4       sun.awt.image.PNGImageDecoder::filterRow (459 bytes)

VM state:synchronizing (normal execution)

VM Mutex/Monitor currently owned by a thread:  ([mutex/lock_event])
[0x00007ff7c400e360] Threads_lock - owner thread: 0x00007ff7c4104000
[0x00007ff7c400eab0] Heap_lock - owner thread: 0x00007ff7c4456800

Heap address: 0x0000000085000000, size: 1968 MB, Compressed Oops mode: 32-bit
Narrow klass base: 0x0000000800000000, Narrow klass shift: 3
Compressed class space size: 1073741824 Address: 0x0000000840000000

Heap:
 garbage-first heap   total 129024K, used 23160K [0x0000000085000000, 0x0000000100000000)
  region size 1024K, 14 young (14336K), 0 survivors (0K)
 Metaspace       used 5269K, capacity 5663K, committed 6016K, reserved 1056768K
  class space    used 585K, capacity 770K, committed 896K, reserved 1048576K
Heap Regions: E=young(eden), S=young(survivor), O=old, HS=humongous(starts), HC=humongous(continues), CS=collection set, F=free, A=archive, TAMS=top-at-mark-start (previous, next)
|   0|0x0000000085000000, 0x0000000085100000, 0x0000000085100000|100%|HS|  |TAMS 0x0000000085000000, 0x0000000085000000| Complete 
|   1|0x0000000085100000, 0x0000000085200000, 0x0000000085200000|100%|HC|  |TAMS 0x0000000085100000, 0x0000000085100000| Complete 
|   2|0x0000000085200000, 0x0000000085300000, 0x0000000085300000|100%|HC|  |TAMS 0x0000000085200000, 0x0000000085200000| Complete 
|   3|0x0000000085300000, 0x0000000085400000, 0x0000000085400000|100%|HC|  |TAMS 0x0000000085300000, 0x0000000085300000| Complete 
|   4|0x0000000085400000, 0x0000000085500000, 0x0000000085500000|100%|HC|  |TAMS 0x0000000085400000, 0x0000000085400000| Complete 
|   5|0x0000000085500000, 0x0000000085600000, 0x0000000085600000|100%|HC|  |TAMS 0x0000000085500000, 0x0000000085500000| Complete 
|   6|0x0000000085600000, 0x0000000085700000, 0x0000000085700000|100%|HC|  |TAMS 0x0000000085600000, 0x0000000085600000| Complete 
|   7|0x0000000085700000, 0x0000000085800000, 0x0000000085800000|100%|HC|  |TAMS 0x0000000085700000, 0x0000000085700000| Complete 
|   8|0x0000000085800000, 0x0000000085800000, 0x0000000085900000|  0%| F|  |TAMS 0x0000000085800000, 0x0000000085800000| Untracked 
|   9|0x0000000085900000, 0x0000000085900000, 0x0000000085a00000|  0%| F|  |TAMS 0x0000000085900000, 0x0000000085900000| Untracked 
|  10|0x0000000085a00000, 0x0000000085a00000, 0x0000000085b00000|  0%| F|  |TAMS 0x0000000085a00000, 0x0000000085a00000| Untracked 
|  11|0x0000000085b00000, 0x0000000085b00000, 0x0000000085c00000|  0%| F|  |TAMS 0x0000000085b00000, 0x0000000085b00000| Untracked 
|  12|0x0000000085c00000, 0x0000000085c00000, 0x0000000085d00000|  0%| F|  |TAMS 0x0000000085c00000, 0x0000000085c00000| Untracked 
|  13|0x0000000085d00000, 0x0000000085d00000, 0x0000000085e00000|  0%| F|  |TAMS 0x0000000085d00000, 0x0000000085d00000| Untracked 
|  14|0x0000000085e00000, 0x0000000085e00000, 0x0000000085f00000|  0%| F|  |TAMS 0x0000000085e00000, 0x0000000085e00000| Untracked 
|  15|0x0000000085f00000, 0x0000000085f00000, 0x0000000086000000|  0%| F|  |TAMS 0x0000000085f00000, 0x0000000085f00000| Untracked 
|  16|0x0000000086000000, 0x0000000086000000, 0x0000000086100000|  0%| F|  |TAMS 0x0000000086000000, 0x0000000086000000| Untracked 
|  17|0x0000000086100000, 0x0000000086100000, 0x0000000086200000|  0%| F|  |TAMS 0x0000000086100000, 0x0000000086100000| Untracked 
|  18|0x0000000086200000, 0x0000000086200000, 0x0000000086300000|  0%| F|  |TAMS 0x0000000086200000, 0x0000000086200000| Untracked 
|  19|0x0000000086300000, 0x0000000086300000, 0x0000000086400000|  0%| F|  |TAMS 0x0000000086300000, 0x0000000086300000| Untracked 
|  20|0x0000000086400000, 0x0000000086400000, 0x0000000086500000|  0%| F|  |TAMS 0x0000000086400000, 0x0000000086400000| Untracked 
|  21|0x0000000086500000, 0x0000000086500000, 0x0000000086600000|  0%| F|  |TAMS 0x0000000086500000, 0x0000000086500000| Untracked 
|  22|0x0000000086600000, 0x0000000086600000, 0x0000000086700000|  0%| F|  |TAMS 0x0000000086600000, 0x0000000086600000| Untracked 
|  23|0x0000000086700000, 0x0000000086700000, 0x0000000086800000|  0%| F|  |TAMS 0x0000000086700000, 0x0000000086700000| Untracked 
|  24|0x0000000086800000, 0x0000000086800000, 0x0000000086900000|  0%| F|  |TAMS 0x0000000086800000, 0x0000000086800000| Untracked 
|  25|0x0000000086900000, 0x0000000086900000, 0x0000000086a00000|  0%| F|  |TAMS 0x0000000086900000, 0x0000000086900000| Untracked 
|  26|0x0000000086a00000, 0x0000000086a00000, 0x0000000086b00000|  0%| F|  |TAMS 0x0000000086a00000, 0x0000000086a00000| Untracked 
|  27|0x0000000086b00000, 0x0000000086b00000, 0x0000000086c00000|  0%| F|  |TAMS 0x0000000086b00000, 0x0000000086b00000| Untracked 
|  28|0x0000000086c00000, 0x0000000086c00000, 0x0000000086d00000|  0%| F|  |TAMS 0x0000000086c00000, 0x0000000086c00000| Untracked 
|  29|0x0000000086d00000, 0x0000000086d00000, 0x0000000086e00000|  0%| F|  |TAMS 0x0000000086d00000, 0x0000000086d00000| Untracked 
|  30|0x0000000086e00000, 0x0000000086e00000, 0x0000000086f00000|  0%| F|  |TAMS 0x0000000086e00000, 0x0000000086e00000| Untracked 
|  31|0x0000000086f00000, 0x0000000086f00000, 0x0000000087000000|  0%| F|  |TAMS 0x0000000086f00000, 0x0000000086f00000| Untracked 
|  32|0x0000000087000000, 0x0000000087000000, 0x0000000087100000|  0%| F|  |TAMS 0x0000000087000000, 0x0000000087000000| Untracked 
|  33|0x0000000087100000, 0x0000000087100000, 0x0000000087200000|  0%| F|  |TAMS 0x0000000087100000, 0x0000000087100000| Untracked 
|  34|0x0000000087200000, 0x0000000087200000, 0x0000000087300000|  0%| F|  |TAMS 0x0000000087200000, 0x0000000087200000| Untracked 
|  35|0x0000000087300000, 0x0000000087300000, 0x0000000087400000|  0%| F|  |TAMS 0x0000000087300000, 0x0000000087300000| Untracked 
|  36|0x0000000087400000, 0x0000000087400000, 0x0000000087500000|  0%| F|  |TAMS 0x0000000087400000, 0x0000000087400000| Untracked 
|  37|0x0000000087500000, 0x0000000087500000, 0x0000000087600000|  0%| F|  |TAMS 0x0000000087500000, 0x0000000087500000| Untracked 
|  38|0x0000000087600000, 0x0000000087600000, 0x0000000087700000|  0%| F|  |TAMS 0x0000000087600000, 0x0000000087600000| Untracked 
|  39|0x0000000087700000, 0x0000000087700000, 0x0000000087800000|  0%| F|  |TAMS 0x0000000087700000, 0x0000000087700000| Untracked 
|  40|0x0000000087800000, 0x0000000087800000, 0x0000000087900000|  0%| F|  |TAMS 0x0000000087800000, 0x0000000087800000| Untracked 
|  41|0x0000000087900000, 0x0000000087900000, 0x0000000087a00000|  0%| F|  |TAMS 0x0000000087900000, 0x0000000087900000| Untracked 
|  42|0x0000000087a00000, 0x0000000087a00000, 0x0000000087b00000|  0%| F|  |TAMS 0x0000000087a00000, 0x0000000087a00000| Untracked 
|  43|0x0000000087b00000, 0x0000000087b00000, 0x0000000087c00000|  0%| F|  |TAMS 0x0000000087b00000, 0x0000000087b00000| Untracked 
|  44|0x0000000087c00000, 0x0000000087c00000, 0x0000000087d00000|  0%| F|  |TAMS 0x0000000087c00000, 0x0000000087c00000| Untracked 
|  45|0x0000000087d00000, 0x0000000087d00000, 0x0000000087e00000|  0%| F|  |TAMS 0x0000000087d00000, 0x0000000087d00000| Untracked 
|  46|0x0000000087e00000, 0x0000000087e00000, 0x0000000087f00000|  0%| F|  |TAMS 0x0000000087e00000, 0x0000000087e00000| Untracked 
|  47|0x0000000087f00000, 0x0000000087f00000, 0x0000000088000000|  0%| F|  |TAMS 0x0000000087f00000, 0x0000000087f00000| Untracked 
|  48|0x0000000088000000, 0x0000000088000000, 0x0000000088100000|  0%| F|  |TAMS 0x0000000088000000, 0x0000000088000000| Untracked 
|  49|0x0000000088100000, 0x0000000088100000, 0x0000000088200000|  0%| F|  |TAMS 0x0000000088100000, 0x0000000088100000| Untracked 
|  50|0x0000000088200000, 0x0000000088200000, 0x0000000088300000|  0%| F|  |TAMS 0x0000000088200000, 0x0000000088200000| Untracked 
|  51|0x0000000088300000, 0x0000000088300000, 0x0000000088400000|  0%| F|  |TAMS 0x0000000088300000, 0x0000000088300000| Untracked 
|  52|0x0000000088400000, 0x0000000088400000, 0x0000000088500000|  0%| F|  |TAMS 0x0000000088400000, 0x0000000088400000| Untracked 
|  53|0x0000000088500000, 0x0000000088500000, 0x0000000088600000|  0%| F|  |TAMS 0x0000000088500000, 0x0000000088500000| Untracked 
|  54|0x0000000088600000, 0x0000000088600000, 0x0000000088700000|  0%| F|  |TAMS 0x0000000088600000, 0x0000000088600000| Untracked 
|  55|0x0000000088700000, 0x0000000088700000, 0x0000000088800000|  0%| F|  |TAMS 0x0000000088700000, 0x0000000088700000| Untracked 
|  56|0x0000000088800000, 0x0000000088800000, 0x0000000088900000|  0%| F|  |TAMS 0x0000000088800000, 0x0000000088800000| Untracked 
|  57|0x0000000088900000, 0x0000000088900000, 0x0000000088a00000|  0%| F|  |TAMS 0x0000000088900000, 0x0000000088900000| Untracked 
|  58|0x0000000088a00000, 0x0000000088a00000, 0x0000000088b00000|  0%| F|  |TAMS 0x0000000088a00000, 0x0000000088a00000| Untracked 
|  59|0x0000000088b00000, 0x0000000088b00000, 0x0000000088c00000|  0%| F|  |TAMS 0x0000000088b00000, 0x0000000088b00000| Untracked 
|  60|0x0000000088c00000, 0x0000000088c00000, 0x0000000088d00000|  0%| F|  |TAMS 0x0000000088c00000, 0x0000000088c00000| Untracked 
|  61|0x0000000088d00000, 0x0000000088d00000, 0x0000000088e00000|  0%| F|  |TAMS 0x0000000088d00000, 0x0000000088d00000| Untracked 
|  62|0x0000000088e00000, 0x0000000088e00000, 0x0000000088f00000|  0%| F|  |TAMS 0x0000000088e00000, 0x0000000088e00000| Untracked 
|  63|0x0000000088f00000, 0x0000000088f00000, 0x0000000089000000|  0%| F|  |TAMS 0x0000000088f00000, 0x0000000088f00000| Untracked 
|  64|0x0000000089000000, 0x0000000089000000, 0x0000000089100000|  0%| F|  |TAMS 0x0000000089000000, 0x0000000089000000| Untracked 
|  65|0x0000000089100000, 0x0000000089100000, 0x0000000089200000|  0%| F|  |TAMS 0x0000000089100000, 0x0000000089100000| Untracked 
|  66|0x0000000089200000, 0x0000000089200000, 0x0000000089300000|  0%| F|  |TAMS 0x0000000089200000, 0x0000000089200000| Untracked 
|  67|0x0000000089300000, 0x0000000089300000, 0x0000000089400000|  0%| F|  |TAMS 0x0000000089300000, 0x0000000089300000| Untracked 
|  68|0x0000000089400000, 0x0000000089400000, 0x0000000089500000|  0%| F|  |TAMS 0x0000000089400000, 0x0000000089400000| Untracked 
|  69|0x0000000089500000, 0x0000000089500000, 0x0000000089600000|  0%| F|  |TAMS 0x0000000089500000, 0x0000000089500000| Untracked 
|  70|0x0000000089600000, 0x0000000089600000, 0x0000000089700000|  0%| F|  |TAMS 0x0000000089600000, 0x0000000089600000| Untracked 
|  71|0x0000000089700000, 0x0000000089700000, 0x0000000089800000|  0%| F|  |TAMS 0x0000000089700000, 0x0000000089700000| Untracked 
|  72|0x0000000089800000, 0x0000000089800000, 0x0000000089900000|  0%| F|  |TAMS 0x0000000089800000, 0x0000000089800000| Untracked 
|  73|0x0000000089900000, 0x0000000089900000, 0x0000000089a00000|  0%| F|  |TAMS 0x0000000089900000, 0x0000000089900000| Untracked 
|  74|0x0000000089a00000, 0x0000000089a00000, 0x0000000089b00000|  0%| F|  |TAMS 0x0000000089a00000, 0x0000000089a00000| Untracked 
|  75|0x0000000089b00000, 0x0000000089b00000, 0x0000000089c00000|  0%| F|  |TAMS 0x0000000089b00000, 0x0000000089b00000| Untracked 
|  76|0x0000000089c00000, 0x0000000089c00000, 0x0000000089d00000|  0%| F|  |TAMS 0x0000000089c00000, 0x0000000089c00000| Untracked 
|  77|0x0000000089d00000, 0x0000000089d00000, 0x0000000089e00000|  0%| F|  |TAMS 0x0000000089d00000, 0x0000000089d00000| Untracked 
|  78|0x0000000089e00000, 0x0000000089e00000, 0x0000000089f00000|  0%| F|  |TAMS 0x0000000089e00000, 0x0000000089e00000| Untracked 
|  79|0x0000000089f00000, 0x0000000089f00000, 0x000000008a000000|  0%| F|  |TAMS 0x0000000089f00000, 0x0000000089f00000| Untracked 
|  80|0x000000008a000000, 0x000000008a000000, 0x000000008a100000|  0%| F|  |TAMS 0x000000008a000000, 0x000000008a000000| Untracked 
|  81|0x000000008a100000, 0x000000008a100000, 0x000000008a200000|  0%| F|  |TAMS 0x000000008a100000, 0x000000008a100000| Untracked 
|  82|0x000000008a200000, 0x000000008a200000, 0x000000008a300000|  0%| F|  |TAMS 0x000000008a200000, 0x000000008a200000| Untracked 
|  83|0x000000008a300000, 0x000000008a300000, 0x000000008a400000|  0%| F|  |TAMS 0x000000008a300000, 0x000000008a300000| Untracked 
|  84|0x000000008a400000, 0x000000008a400000, 0x000000008a500000|  0%| F|  |TAMS 0x000000008a400000, 0x000000008a400000| Untracked 
|  85|0x000000008a500000, 0x000000008a500000, 0x000000008a600000|  0%| F|  |TAMS 0x000000008a500000, 0x000000008a500000| Untracked 
|  86|0x000000008a600000, 0x000000008a600000, 0x000000008a700000|  0%| F|  |TAMS 0x000000008a600000, 0x000000008a600000| Untracked 
|  87|0x000000008a700000, 0x000000008a700000, 0x000000008a800000|  0%| F|  |TAMS 0x000000008a700000, 0x000000008a700000| Untracked 
|  88|0x000000008a800000, 0x000000008a800000, 0x000000008a900000|  0%| F|  |TAMS 0x000000008a800000, 0x000000008a800000| Untracked 
|  89|0x000000008a900000, 0x000000008a900000, 0x000000008aa00000|  0%| F|  |TAMS 0x000000008a900000, 0x000000008a900000| Untracked 
|  90|0x000000008aa00000, 0x000000008aa00000, 0x000000008ab00000|  0%| F|  |TAMS 0x000000008aa00000, 0x000000008aa00000| Untracked 
|  91|0x000000008ab00000, 0x000000008ab00000, 0x000000008ac00000|  0%| F|  |TAMS 0x000000008ab00000, 0x000000008ab00000| Untracked 
|  92|0x000000008ac00000, 0x000000008ac00000, 0x000000008ad00000|  0%| F|  |TAMS 0x000000008ac00000, 0x000000008ac00000| Untracked 
|  93|0x000000008ad00000, 0x000000008ad00000, 0x000000008ae00000|  0%| F|  |TAMS 0x000000008ad00000, 0x000000008ad00000| Untracked 
|  94|0x000000008ae00000, 0x000000008ae00000, 0x000000008af00000|  0%| F|  |TAMS 0x000000008ae00000, 0x000000008ae00000| Untracked 
|  95|0x000000008af00000, 0x000000008af00000, 0x000000008b000000|  0%| F|  |TAMS 0x000000008af00000, 0x000000008af00000| Untracked 
|  96|0x000000008b000000, 0x000000008b000000, 0x000000008b100000|  0%| F|  |TAMS 0x000000008b000000, 0x000000008b000000| Untracked 
|  97|0x000000008b100000, 0x000000008b100000, 0x000000008b200000|  0%| F|  |TAMS 0x000000008b100000, 0x000000008b100000| Untracked 
|  98|0x000000008b200000, 0x000000008b200000, 0x000000008b300000|  0%| F|  |TAMS 0x000000008b200000, 0x000000008b200000| Untracked 
|  99|0x000000008b300000, 0x000000008b300000, 0x000000008b400000|  0%| F|  |TAMS 0x000000008b300000, 0x000000008b300000| Untracked 
| 100|0x000000008b400000, 0x000000008b400000, 0x000000008b500000|  0%| F|  |TAMS 0x000000008b400000, 0x000000008b400000| Untracked 
| 101|0x000000008b500000, 0x000000008b500000, 0x000000008b600000|  0%| F|  |TAMS 0x000000008b500000, 0x000000008b500000| Untracked 
| 102|0x000000008b600000, 0x000000008b600000, 0x000000008b700000|  0%| F|  |TAMS 0x000000008b600000, 0x000000008b600000| Untracked 
| 103|0x000000008b700000, 0x000000008b700000, 0x000000008b800000|  0%| F|  |TAMS 0x000000008b700000, 0x000000008b700000| Untracked 
| 104|0x000000008b800000, 0x000000008b800000, 0x000000008b900000|  0%| F|  |TAMS 0x000000008b800000, 0x000000008b800000| Untracked 
| 105|0x000000008b900000, 0x000000008b900000, 0x000000008ba00000|  0%| F|  |TAMS 0x000000008b900000, 0x000000008b900000| Untracked 
| 106|0x000000008ba00000, 0x000000008ba00000, 0x000000008bb00000|  0%| F|  |TAMS 0x000000008ba00000, 0x000000008ba00000| Untracked 
| 107|0x000000008bb00000, 0x000000008bb00000, 0x000000008bc00000|  0%| F|  |TAMS 0x000000008bb00000, 0x000000008bb00000| Untracked 
| 108|0x000000008bc00000, 0x000000008bc00000, 0x000000008bd00000|  0%| F|  |TAMS 0x000000008bc00000, 0x000000008bc00000| Untracked 
| 109|0x000000008bd00000, 0x000000008bd00000, 0x000000008be00000|  0%| F|  |TAMS 0x000000008bd00000, 0x000000008bd00000| Untracked 
| 110|0x000000008be00000, 0x000000008bf00000, 0x000000008bf00000|100%| E|CS|TAMS 0x000000008be00000, 0x000000008be00000| Complete 
| 111|0x000000008bf00000, 0x000000008c000000, 0x000000008c000000|100%| E|CS|TAMS 0x000000008bf00000, 0x000000008bf00000| Complete 
| 112|0x000000008c000000, 0x000000008c100000, 0x000000008c100000|100%| E|CS|TAMS 0x000000008c000000, 0x000000008c000000| Complete 
| 113|0x000000008c100000, 0x000000008c200000, 0x000000008c200000|100%| E|CS|TAMS 0x000000008c100000, 0x000000008c100000| Complete 
| 114|0x000000008c200000, 0x000000008c300000, 0x000000008c300000|100%| E|CS|TAMS 0x000000008c200000, 0x000000008c200000| Complete 
| 115|0x000000008c300000, 0x000000008c400000, 0x000000008c400000|100%| E|CS|TAMS 0x000000008c300000, 0x000000008c300000| Complete 
| 116|0x000000008c400000, 0x000000008c500000, 0x000000008c500000|100%| E|CS|TAMS 0x000000008c400000, 0x000000008c400000| Complete 
| 117|0x000000008c500000, 0x000000008c600000, 0x000000008c600000|100%| E|CS|TAMS 0x000000008c500000, 0x000000008c500000| Complete 
| 118|0x000000008c600000, 0x000000008c700000, 0x000000008c700000|100%| E|CS|TAMS 0x000000008c600000, 0x000000008c600000| Complete 
| 119|0x000000008c700000, 0x000000008c800000, 0x000000008c800000|100%| E|CS|TAMS 0x000000008c700000, 0x000000008c700000| Complete 
| 120|0x000000008c800000, 0x000000008c900000, 0x000000008c900000|100%| E|CS|TAMS 0x000000008c800000, 0x000000008c800000| Complete 
| 121|0x000000008c900000, 0x000000008ca00000, 0x000000008ca00000|100%| E|CS|TAMS 0x000000008c900000, 0x000000008c900000| Complete 
| 122|0x000000008ca00000, 0x000000008cb00000, 0x000000008cb00000|100%| E|CS|TAMS 0x000000008ca00000, 0x000000008ca00000| Complete 
| 123|0x000000008cb00000, 0x000000008cc00000, 0x000000008cc00000|100%| E|CS|TAMS 0x000000008cb00000, 0x000000008cb00000| Complete 
|1966|0x00000000ffe00000, 0x00000000ffe34000, 0x00000000fff00000| 20%|OA|  |TAMS 0x00000000ffe00000, 0x00000000ffe00000| Untracked 
|1967|0x00000000fff00000, 0x00000000fff6a000, 0x0000000100000000| 41%|CA|  |TAMS 0x00000000fff00000, 0x00000000fff00000| Untracked 

Card table byte_map: [0x00007ff7ca331000,0x00007ff7ca709000] _byte_map_base: 0x00007ff7c9f09000

Marking Bits (Prev, Next): (CMBitMap*) 0x00007ff7c404f5d8, (CMBitMap*) 0x00007ff7c404f610
 Prev Bits: [0x00007ff7c8099000, 0x00007ff7c9f59000)
 Next Bits: [0x00007ff7a6140000, 0x00007ff7a8000000)

Polling page: 0x00007ff7cb1fa000

Metaspace:

Usage:
  Non-class:      4.78 MB capacity,     4.57 MB ( 96%) used,   180.29 KB (  4%) free+waste,    28.69 KB ( <1%) overhead. 
      Class:    770.00 KB capacity,   585.93 KB ( 76%) used,   165.88 KB ( 22%) free+waste,    18.19 KB (  2%) overhead. 
       Both:      5.53 MB capacity,     5.15 MB ( 93%) used,   346.17 KB (  6%) free+waste,    46.88 KB ( <1%) overhead. 

Virtual space:
  Non-class space:        8.00 MB reserved,       5.00 MB ( 62%) committed 
      Class space:        1.00 GB reserved,     896.00 KB ( <1%) committed 
             Both:        1.01 GB reserved,       5.88 MB ( <1%) committed 

Chunk freelists:
   Non-Class:  35.00 KB
       Class:  30.00 KB
        Both:  65.00 KB

CodeHeap 'non-profiled nmethods': size=120032Kb used=220Kb max_used=220Kb free=119811Kb
 bounds [0x00007ff7b441e000, 0x00007ff7b468e000, 0x00007ff7bb956000]
CodeHeap 'profiled nmethods': size=120032Kb used=1203Kb max_used=1203Kb free=118828Kb
 bounds [0x00007ff7acee6000, 0x00007ff7ad156000, 0x00007ff7b441e000]
CodeHeap 'non-nmethods': size=5696Kb used=1190Kb max_used=1211Kb free=4505Kb
 bounds [0x00007ff7ac956000, 0x00007ff7acbc6000, 0x00007ff7acee6000]
 total_blobs=1312 nmethods=660 adapters=455
 compilation: enabled
              stopped_count=0, restarted_count=0
 full_count=0

Compilation events (10 events):
Event: 1.122 Thread 0x00007ff7c4112800  657       1       java.net.URL::getHost (5 bytes)
Event: 1.122 Thread 0x00007ff7c4112800 nmethod 657 0x00007ff7b4454b90 code [0x00007ff7b4454d40, 0x00007ff7b4454e70]
Event: 1.122 Thread 0x00007ff7c4112800  658       3       java.lang.String::lastIndexOf (29 bytes)
Event: 1.123 Thread 0x00007ff7c4112800 nmethod 658 0x00007ff7ad011b10 code [0x00007ff7ad011ce0, 0x00007ff7ad011fd8]
Event: 1.123 Thread 0x00007ff7c4112800  660       3       java.lang.String::lastIndexOf (12 bytes)
Event: 1.123 Thread 0x00007ff7c4112800 nmethod 660 0x00007ff7ad012110 code [0x00007ff7ad012300, 0x00007ff7ad012758]
Event: 1.124 Thread 0x00007ff7c4112800  659       3       java.lang.String::startsWith (7 bytes)
Event: 1.124 Thread 0x00007ff7c4112800 nmethod 659 0x00007ff7ad012910 code [0x00007ff7ad012ac0, 0x00007ff7ad012c68]
Event: 1.124 Thread 0x00007ff7c4112800  661       1       java.net.URL::getProtocol (5 bytes)
Event: 1.124 Thread 0x00007ff7c4112800 nmethod 661 0x00007ff7b4454f10 code [0x00007ff7b44550c0, 0x00007ff7b44551f0]

GC Heap History (0 events):
No events

Deoptimization events (10 events):
Event: 1.118 Thread 0x00007ff7c444c800 DEOPT PACKING pc=0x00007ff7acfe038d sp=0x00007ff76abf4660
Event: 1.118 Thread 0x00007ff7c444c800 DEOPT UNPACKING pc=0x00007ff7ac97e83a sp=0x00007ff76abf3af0 mode 0
Event: 1.118 Thread 0x00007ff7c444c800 DEOPT PACKING pc=0x00007ff7acfe038d sp=0x00007ff76abf4660
Event: 1.118 Thread 0x00007ff7c444c800 DEOPT UNPACKING pc=0x00007ff7ac97e83a sp=0x00007ff76abf3af0 mode 0
Event: 1.119 Thread 0x00007ff7c444c800 DEOPT PACKING pc=0x00007ff7acfe038d sp=0x00007ff76abf4660
Event: 1.119 Thread 0x00007ff7c444c800 DEOPT UNPACKING pc=0x00007ff7ac97e83a sp=0x00007ff76abf3af0 mode 0
Event: 1.120 Thread 0x00007ff7c444c800 Uncommon trap: trap_request=0xffffff4d fr.pc=0x00007ff7b445289c relative=0x000000000000103c
Event: 1.120 Thread 0x00007ff7c444c800 Uncommon trap: reason=unstable_if action=reinterpret pc=0x00007ff7b445289c method=sun.awt.image.PNGImageDecoder.produceImage()V @ 867 c2
Event: 1.120 Thread 0x00007ff7c444c800 DEOPT PACKING pc=0x00007ff7b445289c sp=0x00007ff76abf46e0
Event: 1.120 Thread 0x00007ff7c444c800 DEOPT UNPACKING pc=0x00007ff7ac97ea25 sp=0x00007ff76abf4650 mode 2

Classes redefined (0 events):
No events

Internal exceptions (10 events):
Event: 0.172 Thread 0x00007ff7c4011800 Exception <a 'java/lang/NoSuchMethodError'{0x000000008c8c0da0}: 'java.lang.Object java.lang.invoke.DirectMethodHandle$Holder.invokeStatic(java.lang.Object, int, java.lang.Object, java.lang.Object, java.lang.Object)'> (0x000000008c8c0da0) thrown at [/build
Event: 0.172 Thread 0x00007ff7c4011800 Exception <a 'java/lang/NoSuchMethodError'{0x000000008c8c48e8}: 'java.lang.Object java.lang.invoke.DirectMethodHandle$Holder.invokeSpecial(java.lang.Object, java.lang.Object, int, java.lang.Object, java.lang.Object, java.lang.Object)'> (0x000000008c8c48e8
Event: 0.175 Thread 0x00007ff7c4011800 Exception <a 'java/lang/NoSuchMethodError'{0x000000008c8dc408}: 'java.lang.Object java.lang.invoke.DirectMethodHandle$Holder.invokeStatic(java.lang.Object, int, java.lang.Object)'> (0x000000008c8dc408) thrown at [/build/openjdk-lts-ZT5jEu/openjdk-lts-11.0
Event: 0.944 Thread 0x00007ff7c4011800 Exception <a 'java/lang/NoSuchMethodError'{0x000000008c7756b0}: 'java.lang.Object java.lang.invoke.DirectMethodHandle$Holder.invokeStatic(java.lang.Object, java.lang.Object, java.lang.Object, java.lang.Object, java.lang.Object, java.lang.Object, java.lang
Event: 0.946 Thread 0x00007ff7c4011800 Exception <a 'java/lang/NoSuchMethodError'{0x000000008c78f610}: 'java.lang.Object java.lang.invoke.DirectMethodHandle$Holder.invokeStatic(java.lang.Object, java.lang.Object, java.lang.Object, java.lang.Object, java.lang.Object, java.lang.Object, java.lang
Event: 0.948 Thread 0x00007ff7c4011800 Exception <a 'java/lang/NoSuchMethodError'{0x000000008c79b9d8}: 'void java.lang.invoke.DirectMethodHandle$Holder.invokeSpecial(java.lang.Object, java.lang.Object)'> (0x000000008c79b9d8) thrown at [/build/openjdk-lts-ZT5jEu/openjdk-lts-11.0.4+11/src/hotspo
Event: 1.001 Thread 0x00007ff7c4011800 Exception <a 'java/lang/NoSuchMethodError'{0x000000008c509b48}: 'java.lang.Object java.lang.invoke.Invokers$Holder.linkToTargetMethod(java.lang.Object, int, java.lang.Object)'> (0x000000008c509b48) thrown at [/build/openjdk-lts-ZT5jEu/openjdk-lts-11.0.4+1
Event: 1.019 Thread 0x00007ff7c4011800 Exception <a 'java/lang/ClassNotFoundException'{0x000000008c54c4d0}: com/sun/swing/internal/plaf/metal/resources/spi/metalProvider> (0x000000008c54c4d0) thrown at [/build/openjdk-lts-ZT5jEu/openjdk-lts-11.0.4+11/src/hotspot/share/classfile/systemDictionar
Event: 1.021 Thread 0x00007ff7c4011800 Exception <a 'java/lang/ClassNotFoundException'{0x000000008c5503d8}: com/sun/swing/internal/plaf/basic/resources/spi/basicProvider> (0x000000008c5503d8) thrown at [/build/openjdk-lts-ZT5jEu/openjdk-lts-11.0.4+11/src/hotspot/share/classfile/systemDictionar
Event: 1.125 Thread 0x00007ff7c4454000 Exception <a 'java/lang/NoSuchMethodError'{0x000000008beda5d8}: moveNorth> (0x000000008beda5d8) thrown at [/build/openjdk-lts-ZT5jEu/openjdk-lts-11.0.4+11/src/hotspot/share/prims/jni.cpp, line 1333]

Events (10 events):
Event: 1.123 loading class java/util/concurrent/ArrayBlockingQueue done
Event: 1.123 loading class AI_Robot
Event: 1.123 loading class AI_Robot done
Event: 1.123 loading class AIGroup
Event: 1.123 loading class AIGroup done
Event: 1.124 loading class CRobot$1
Event: 1.124 loading class CRobot$1 done
Event: 1.124 Thread 0x00007ff7c4454000 Thread added: 0x00007ff7c4454000
Event: 1.124 loading class AI_Robot$1
Event: 1.124 loading class AI_Robot$1 done


Dynamic libraries:
85000000-8cc00000 rw-p 00000000 00:00 0 
8cc00000-ffe00000 ---p 00000000 00:00 0 
ffe00000-ffe34000 rw-p 01116000 08:02 23990720                           /usr/lib/jvm/java-11-openjdk-amd64/lib/server/classes.jsa
ffe34000-fff00000 rw-p 00000000 00:00 0 
fff00000-fff6a000 rw-p 010ac000 08:02 23990720                           /usr/lib/jvm/java-11-openjdk-amd64/lib/server/classes.jsa
fff6a000-100000000 rw-p 00000000 00:00 0 
800000000-800002000 rwxp 00001000 08:02 23990720                         /usr/lib/jvm/java-11-openjdk-amd64/lib/server/classes.jsa
800002000-8003bd000 rw-p 00003000 08:02 23990720                         /usr/lib/jvm/java-11-openjdk-amd64/lib/server/classes.jsa
8003bd000-800a98000 r--p 003be000 08:02 23990720                         /usr/lib/jvm/java-11-openjdk-amd64/lib/server/classes.jsa
800a98000-800a99000 rw-p 00a99000 08:02 23990720                         /usr/lib/jvm/java-11-openjdk-amd64/lib/server/classes.jsa
800a99000-8010ab000 r--p 00a9a000 08:02 23990720                         /usr/lib/jvm/java-11-openjdk-amd64/lib/server/classes.jsa
840000000-8400e0000 rw-p 00000000 00:00 0 
8400e0000-880000000 ---p 00000000 00:00 0 
562d3e52b000-562d3e52c000 r--p 00000000 08:02 23597129                   /usr/lib/jvm/java-11-openjdk-amd64/bin/java
562d3e52c000-562d3e52d000 r-xp 00001000 08:02 23597129                   /usr/lib/jvm/java-11-openjdk-amd64/bin/java
562d3e52d000-562d3e52e000 r--p 00002000 08:02 23597129                   /usr/lib/jvm/java-11-openjdk-amd64/bin/java
562d3e52e000-562d3e52f000 r--p 00002000 08:02 23597129                   /usr/lib/jvm/java-11-openjdk-amd64/bin/java
562d3e52f000-562d3e530000 rw-p 00003000 08:02 23597129                   /usr/lib/jvm/java-11-openjdk-amd64/bin/java
562d40393000-562d403b4000 rw-p 00000000 00:00 0                          [heap]
7ff738000000-7ff738021000 rw-p 00000000 00:00 0 
7ff738021000-7ff73c000000 ---p 00000000 00:00 0 
7ff740000000-7ff740021000 rw-p 00000000 00:00 0 
7ff740021000-7ff744000000 ---p 00000000 00:00 0 
7ff744000000-7ff744021000 rw-p 00000000 00:00 0 
7ff744021000-7ff748000000 ---p 00000000 00:00 0 
7ff748000000-7ff74810f000 rw-p 00000000 00:00 0 
7ff74810f000-7ff74c000000 ---p 00000000 00:00 0 
7ff74c000000-7ff74c036000 rw-p 00000000 00:00 0 
7ff74c036000-7ff750000000 ---p 00000000 00:00 0 
7ff750000000-7ff750021000 rw-p 00000000 00:00 0 
7ff750021000-7ff754000000 ---p 00000000 00:00 0 
7ff754000000-7ff754021000 rw-p 00000000 00:00 0 
7ff754021000-7ff758000000 ---p 00000000 00:00 0 
7ff758000000-7ff758021000 rw-p 00000000 00:00 0 
7ff758021000-7ff75c000000 ---p 00000000 00:00 0 
7ff75c000000-7ff75c021000 rw-p 00000000 00:00 0 
7ff75c021000-7ff760000000 ---p 00000000 00:00 0 
7ff760000000-7ff760021000 rw-p 00000000 00:00 0 
7ff760021000-7ff764000000 ---p 00000000 00:00 0 
7ff764000000-7ff764021000 rw-p 00000000 00:00 0 
7ff764021000-7ff768000000 ---p 00000000 00:00 0 
7ff76a7f2000-7ff76a7f6000 ---p 00000000 00:00 0 
7ff76a7f6000-7ff76a8f3000 rw-p 00000000 00:00 0 
7ff76a8f3000-7ff76a8f7000 ---p 00000000 00:00 0 
7ff76a8f7000-7ff76a9f4000 rw-p 00000000 00:00 0 
7ff76a9f4000-7ff76a9f8000 ---p 00000000 00:00 0 
7ff76a9f8000-7ff76aaf5000 rw-p 00000000 00:00 0 
7ff76aaf5000-7ff76aaf9000 ---p 00000000 00:00 0 
7ff76aaf9000-7ff76abf6000 rw-p 00000000 00:00 0 
7ff76abf6000-7ff76abfa000 ---p 00000000 00:00 0 
7ff76abfa000-7ff76acf7000 rw-p 00000000 00:00 0 
7ff76acf7000-7ff76acfb000 ---p 00000000 00:00 0 
7ff76acfb000-7ff76adf8000 rw-p 00000000 00:00 0 
7ff76adf8000-7ff76adfd000 r-xp 00000000 08:02 23600531                   /usr/lib/x86_64-linux-gnu/libXfixes.so.3.1.0
7ff76adfd000-7ff76affc000 ---p 00005000 08:02 23600531                   /usr/lib/x86_64-linux-gnu/libXfixes.so.3.1.0
7ff76affc000-7ff76affd000 r--p 00004000 08:02 23600531                   /usr/lib/x86_64-linux-gnu/libXfixes.so.3.1.0
7ff76affd000-7ff76affe000 rw-p 00005000 08:02 23600531                   /usr/lib/x86_64-linux-gnu/libXfixes.so.3.1.0
7ff76affe000-7ff76afff000 ---p 00000000 00:00 0 
7ff76afff000-7ff76b7ff000 rw-p 00000000 00:00 0 
7ff76b7ff000-7ff76b800000 ---p 00000000 00:00 0 
7ff76b800000-7ff76c000000 rw-p 00000000 00:00 0 
7ff76c000000-7ff76c021000 rw-p 00000000 00:00 0 
7ff76c021000-7ff770000000 ---p 00000000 00:00 0 
7ff770000000-7ff770021000 rw-p 00000000 00:00 0 
7ff770021000-7ff774000000 ---p 00000000 00:00 0 
7ff774000000-7ff7743ef000 rw-p 00000000 00:00 0 
7ff7743ef000-7ff778000000 ---p 00000000 00:00 0 
7ff778000000-7ff778021000 rw-p 00000000 00:00 0 
7ff778021000-7ff77c000000 ---p 00000000 00:00 0 
7ff77c000000-7ff77c021000 rw-p 00000000 00:00 0 
7ff77c021000-7ff780000000 ---p 00000000 00:00 0 
7ff780000000-7ff7805a7000 rw-p 00000000 00:00 0 
7ff7805a7000-7ff784000000 ---p 00000000 00:00 0 
7ff784000000-7ff784021000 rw-p 00000000 00:00 0 
7ff784021000-7ff788000000 ---p 00000000 00:00 0 
7ff788000000-7ff788021000 rw-p 00000000 00:00 0 
7ff788021000-7ff78c000000 ---p 00000000 00:00 0 
7ff78c000000-7ff78c021000 rw-p 00000000 00:00 0 
7ff78c021000-7ff790000000 ---p 00000000 00:00 0 
7ff790000000-7ff790021000 rw-p 00000000 00:00 0 
7ff790021000-7ff794000000 ---p 00000000 00:00 0 
7ff794006000-7ff79400a000 ---p 00000000 00:00 0 
7ff79400a000-7ff794107000 rw-p 00000000 00:00 0 
7ff794107000-7ff794109000 r--p 00000000 08:02 23600523                   /usr/lib/x86_64-linux-gnu/libXcursor.so.1.0.2
7ff794109000-7ff79410e000 r-xp 00002000 08:02 23600523                   /usr/lib/x86_64-linux-gnu/libXcursor.so.1.0.2
7ff79410e000-7ff794110000 r--p 00007000 08:02 23600523                   /usr/lib/x86_64-linux-gnu/libXcursor.so.1.0.2
7ff794110000-7ff794111000 r--p 00008000 08:02 23600523                   /usr/lib/x86_64-linux-gnu/libXcursor.so.1.0.2
7ff794111000-7ff794112000 rw-p 00009000 08:02 23600523                   /usr/lib/x86_64-linux-gnu/libXcursor.so.1.0.2
7ff79411f000-7ff794120000 r--p 00000000 08:02 27001598                   /home/kramer/Downloads/RobotArena-master/RobotAreana/AIBasic/build/libs/mynativelibrary/shared/libmynativelibrary.so
7ff794120000-7ff794121000 r-xp 00001000 08:02 27001598                   /home/kramer/Downloads/RobotArena-master/RobotAreana/AIBasic/build/libs/mynativelibrary/shared/libmynativelibrary.so
7ff794121000-7ff794122000 r--p 00002000 08:02 27001598                   /home/kramer/Downloads/RobotArena-master/RobotAreana/AIBasic/build/libs/mynativelibrary/shared/libmynativelibrary.so
7ff794122000-7ff794123000 r--p 00002000 08:02 27001598                   /home/kramer/Downloads/RobotArena-master/RobotAreana/AIBasic/build/libs/mynativelibrary/shared/libmynativelibrary.so
7ff794123000-7ff794124000 rw-p 00003000 08:02 27001598                   /home/kramer/Downloads/RobotArena-master/RobotAreana/AIBasic/build/libs/mynativelibrary/shared/libmynativelibrary.so
7ff794124000-7ff794125000 ---p 00000000 00:00 0 
7ff794125000-7ff794925000 rw-p 00000000 00:00 0 
7ff794925000-7ff79494b000 r--p 00000000 08:02 25043479                   /usr/share/glib-2.0/schemas/gschemas.compiled
7ff79494b000-7ff79494d000 r--p 00000000 08:02 23601822                   /usr/lib/x86_64-linux-gnu/libuuid.so.1.3.0
7ff79494d000-7ff794951000 r-xp 00002000 08:02 23601822                   /usr/lib/x86_64-linux-gnu/libuuid.so.1.3.0
7ff794951000-7ff794952000 r--p 00006000 08:02 23601822                   /usr/lib/x86_64-linux-gnu/libuuid.so.1.3.0
7ff794952000-7ff794953000 r--p 00006000 08:02 23601822                   /usr/lib/x86_64-linux-gnu/libuuid.so.1.3.0
7ff794953000-7ff794954000 rw-p 00007000 08:02 23601822                   /usr/lib/x86_64-linux-gnu/libuuid.so.1.3.0
7ff794954000-7ff79495e000 r--p 00000000 08:02 23600663                   /usr/lib/x86_64-linux-gnu/libblkid.so.1.1.0
7ff79495e000-7ff794992000 r-xp 0000a000 08:02 23600663                   /usr/lib/x86_64-linux-gnu/libblkid.so.1.1.0
7ff794992000-7ff7949a2000 r--p 0003e000 08:02 23600663                   /usr/lib/x86_64-linux-gnu/libblkid.so.1.1.0
7ff7949a2000-7ff7949a3000 ---p 0004e000 08:02 23600663                   /usr/lib/x86_64-linux-gnu/libblkid.so.1.1.0
7ff7949a3000-7ff7949a8000 r--p 0004e000 08:02 23600663                   /usr/lib/x86_64-linux-gnu/libblkid.so.1.1.0
7ff7949a8000-7ff7949a9000 rw-p 00053000 08:02 23600663                   /usr/lib/x86_64-linux-gnu/libblkid.so.1.1.0
7ff7949a9000-7ff7949ab000 r--p 00000000 08:02 23600923                   /usr/lib/x86_64-linux-gnu/libffi.so.6.0.4
7ff7949ab000-7ff7949b0000 r-xp 00002000 08:02 23600923                   /usr/lib/x86_64-linux-gnu/libffi.so.6.0.4
7ff7949b0000-7ff7949b1000 r--p 00007000 08:02 23600923                   /usr/lib/x86_64-linux-gnu/libffi.so.6.0.4
7ff7949b1000-7ff7949b2000 r--p 00007000 08:02 23600923                   /usr/lib/x86_64-linux-gnu/libffi.so.6.0.4
7ff7949b2000-7ff7949b3000 rw-p 00008000 08:02 23600923                   /usr/lib/x86_64-linux-gnu/libffi.so.6.0.4
7ff7949b3000-7ff7949b5000 r--p 00000000 08:02 23601506                   /usr/lib/x86_64-linux-gnu/libpcre.so.3.13.3
7ff7949b5000-7ff794a07000 r-xp 00002000 08:02 23601506                   /usr/lib/x86_64-linux-gnu/libpcre.so.3.13.3
7ff794a07000-7ff794a25000 r--p 00054000 08:02 23601506                   /usr/lib/x86_64-linux-gnu/libpcre.so.3.13.3
7ff794a25000-7ff794a26000 r--p 00071000 08:02 23601506                   /usr/lib/x86_64-linux-gnu/libpcre.so.3.13.3
7ff794a26000-7ff794a27000 rw-p 00072000 08:02 23601506                   /usr/lib/x86_64-linux-gnu/libpcre.so.3.13.3
7ff794a27000-7ff794a2b000 r--p 00000000 08:02 23601610                   /usr/lib/x86_64-linux-gnu/libresolv-2.29.so
7ff794a2b000-7ff794a3a000 r-xp 00004000 08:02 23601610                   /usr/lib/x86_64-linux-gnu/libresolv-2.29.so
7ff794a3a000-7ff794a3d000 r--p 00013000 08:02 23601610                   /usr/lib/x86_64-linux-gnu/libresolv-2.29.so
7ff794a3d000-7ff794a3e000 ---p 00016000 08:02 23601610                   /usr/lib/x86_64-linux-gnu/libresolv-2.29.so
7ff794a3e000-7ff794a3f000 r--p 00016000 08:02 23601610                   /usr/lib/x86_64-linux-gnu/libresolv-2.29.so
7ff794a3f000-7ff794a40000 rw-p 00017000 08:02 23601610                   /usr/lib/x86_64-linux-gnu/libresolv-2.29.so
7ff794a40000-7ff794a42000 rw-p 00000000 00:00 0 
7ff794a42000-7ff794a48000 r--p 00000000 08:02 23601661                   /usr/lib/x86_64-linux-gnu/libselinux.so.1
7ff794a48000-7ff794a60000 r-xp 00006000 08:02 23601661                   /usr/lib/x86_64-linux-gnu/libselinux.so.1
7ff794a60000-7ff794a67000 r--p 0001e000 08:02 23601661                   /usr/lib/x86_64-linux-gnu/libselinux.so.1
7ff794a67000-7ff794a68000 ---p 00025000 08:02 23601661                   /usr/lib/x86_64-linux-gnu/libselinux.so.1
7ff794a68000-7ff794a69000 r--p 00025000 08:02 23601661                   /usr/lib/x86_64-linux-gnu/libselinux.so.1
7ff794a69000-7ff794a6a000 rw-p 00026000 08:02 23601661                   /usr/lib/x86_64-linux-gnu/libselinux.so.1
7ff794a6a000-7ff794a6c000 rw-p 00000000 00:00 0 
7ff794a6c000-7ff794a77000 r--p 00000000 08:02 23601326                   /usr/lib/x86_64-linux-gnu/libmount.so.1.1.0
7ff794a77000-7ff794ab2000 r-xp 0000b000 08:02 23601326                   /usr/lib/x86_64-linux-gnu/libmount.so.1.1.0
7ff794ab2000-7ff794ac4000 r--p 00046000 08:02 23601326                   /usr/lib/x86_64-linux-gnu/libmount.so.1.1.0
7ff794ac4000-7ff794ac7000 r--p 00057000 08:02 23601326                   /usr/lib/x86_64-linux-gnu/libmount.so.1.1.0
7ff794ac7000-7ff794ac8000 rw-p 0005a000 08:02 23601326                   /usr/lib/x86_64-linux-gnu/libmount.so.1.1.0
7ff794ac8000-7ff794ad6000 r--p 00000000 08:02 23593408                   /usr/lib/x86_64-linux-gnu/libgobject-2.0.so.0.6000.0
7ff794ad6000-7ff794b08000 r-xp 0000e000 08:02 23593408                   /usr/lib/x86_64-linux-gnu/libgobject-2.0.so.0.6000.0
7ff794b08000-7ff794b20000 r--p 00040000 08:02 23593408                   /usr/lib/x86_64-linux-gnu/libgobject-2.0.so.0.6000.0
7ff794b20000-7ff794b23000 r--p 00057000 08:02 23593408                   /usr/lib/x86_64-linux-gnu/libgobject-2.0.so.0.6000.0
7ff794b23000-7ff794b24000 rw-p 0005a000 08:02 23593408                   /usr/lib/x86_64-linux-gnu/libgobject-2.0.so.0.6000.0
7ff794b24000-7ff794b3f000 r--p 00000000 08:02 23593383                   /usr/lib/x86_64-linux-gnu/libglib-2.0.so.0.6000.0
7ff794b3f000-7ff794bbf000 r-xp 0001b000 08:02 23593383                   /usr/lib/x86_64-linux-gnu/libglib-2.0.so.0.6000.0
7ff794bbf000-7ff794c41000 r--p 0009b000 08:02 23593383                   /usr/lib/x86_64-linux-gnu/libglib-2.0.so.0.6000.0
7ff794c41000-7ff794c42000 ---p 0011d000 08:02 23593383                   /usr/lib/x86_64-linux-gnu/libglib-2.0.so.0.6000.0
7ff794c42000-7ff794c43000 r--p 0011d000 08:02 23593383                   /usr/lib/x86_64-linux-gnu/libglib-2.0.so.0.6000.0
7ff794c43000-7ff794c44000 rw-p 0011e000 08:02 23593383                   /usr/lib/x86_64-linux-gnu/libglib-2.0.so.0.6000.0
7ff794c44000-7ff794c45000 rw-p 00000000 00:00 0 
7ff794c45000-7ff794c7c000 r--p 00000000 08:02 23593360                   /usr/lib/x86_64-linux-gnu/libgio-2.0.so.0.6000.0
7ff794c7c000-7ff794d7d000 r-xp 00037000 08:02 23593360                   /usr/lib/x86_64-linux-gnu/libgio-2.0.so.0.6000.0
7ff794d7d000-7ff794e03000 r--p 00138000 08:02 23593360                   /usr/lib/x86_64-linux-gnu/libgio-2.0.so.0.6000.0
7ff794e03000-7ff794e0b000 r--p 001bd000 08:02 23593360                   /usr/lib/x86_64-linux-gnu/libgio-2.0.so.0.6000.0
7ff794e0b000-7ff794e0c000 rw-p 001c5000 08:02 23593360                   /usr/lib/x86_64-linux-gnu/libgio-2.0.so.0.6000.0
7ff794e0c000-7ff794e0e000 rw-p 00000000 00:00 0 
7ff794e0e000-7ff794e18000 r-xp 00000000 08:02 23600547                   /usr/lib/x86_64-linux-gnu/libXrandr.so.2.2.0
7ff794e18000-7ff795017000 ---p 0000a000 08:02 23600547                   /usr/lib/x86_64-linux-gnu/libXrandr.so.2.2.0
7ff795017000-7ff795018000 r--p 00009000 08:02 23600547                   /usr/lib/x86_64-linux-gnu/libXrandr.so.2.2.0
7ff795018000-7ff795019000 rw-p 0000a000 08:02 23600547                   /usr/lib/x86_64-linux-gnu/libXrandr.so.2.2.0
7ff795019000-7ff79501e000 r--p 00000000 08:02 23601542                   /usr/lib/x86_64-linux-gnu/libpng16.so.16.36.0
7ff79501e000-7ff795042000 r-xp 00005000 08:02 23601542                   /usr/lib/x86_64-linux-gnu/libpng16.so.16.36.0
7ff795042000-7ff79504e000 r--p 00029000 08:02 23601542                   /usr/lib/x86_64-linux-gnu/libpng16.so.16.36.0
7ff79504e000-7ff79504f000 r--p 00034000 08:02 23601542                   /usr/lib/x86_64-linux-gnu/libpng16.so.16.36.0
7ff79504f000-7ff795050000 rw-p 00035000 08:02 23601542                   /usr/lib/x86_64-linux-gnu/libpng16.so.16.36.0
7ff795050000-7ff79505c000 r--p 00000000 08:02 23600949                   /usr/lib/x86_64-linux-gnu/libfreetype.so.6.16.1
7ff79505c000-7ff7950d9000 r-xp 0000c000 08:02 23600949                   /usr/lib/x86_64-linux-gnu/libfreetype.so.6.16.1
7ff7950d9000-7ff795102000 r--p 00089000 08:02 23600949                   /usr/lib/x86_64-linux-gnu/libfreetype.so.6.16.1
7ff795102000-7ff795103000 ---p 000b2000 08:02 23600949                   /usr/lib/x86_64-linux-gnu/libfreetype.so.6.16.1
7ff795103000-7ff79510a000 r--p 000b2000 08:02 23600949                   /usr/lib/x86_64-linux-gnu/libfreetype.so.6.16.1
7ff79510a000-7ff79510b000 rw-p 000b9000 08:02 23600949                   /usr/lib/x86_64-linux-gnu/libfreetype.so.6.16.1
7ff79510b000-7ff79510f000 r--p 00000000 08:02 23990635                   /usr/lib/jvm/java-11-openjdk-amd64/lib/libfontmanager.so
7ff79510f000-7ff795201000 r-xp 00004000 08:02 23990635                   /usr/lib/jvm/java-11-openjdk-amd64/lib/libfontmanager.so
7ff795201000-7ff795241000 r--p 000f6000 08:02 23990635                   /usr/lib/jvm/java-11-openjdk-amd64/lib/libfontmanager.so
7ff795241000-7ff795242000 r--p 00135000 08:02 23990635                   /usr/lib/jvm/java-11-openjdk-amd64/lib/libfontmanager.so
7ff795242000-7ff795243000 rw-p 00136000 08:02 23990635                   /usr/lib/jvm/java-11-openjdk-amd64/lib/libfontmanager.so
7ff795243000-7ff795246000 rw-p 00000000 00:00 0 
7ff795246000-7ff79524b000 r-xp 00000000 08:02 23600527                   /usr/lib/x86_64-linux-gnu/libXdmcp.so.6.0.0
7ff79524b000-7ff79544a000 ---p 00005000 08:02 23600527                   /usr/lib/x86_64-linux-gnu/libXdmcp.so.6.0.0
7ff79544a000-7ff79544b000 r--p 00004000 08:02 23600527                   /usr/lib/x86_64-linux-gnu/libXdmcp.so.6.0.0
7ff79544b000-7ff79544c000 rw-p 00005000 08:02 23600527                   /usr/lib/x86_64-linux-gnu/libXdmcp.so.6.0.0
7ff79544c000-7ff79544e000 r-xp 00000000 08:02 23600516                   /usr/lib/x86_64-linux-gnu/libXau.so.6.0.0
7ff79544e000-7ff79564e000 ---p 00002000 08:02 23600516                   /usr/lib/x86_64-linux-gnu/libXau.so.6.0.0
7ff79564e000-7ff79564f000 r--p 00002000 08:02 23600516                   /usr/lib/x86_64-linux-gnu/libXau.so.6.0.0
7ff79564f000-7ff795650000 rw-p 00003000 08:02 23600516                   /usr/lib/x86_64-linux-gnu/libXau.so.6.0.0
7ff795650000-7ff79565b000 r--p 00000000 08:02 23601932                   /usr/lib/x86_64-linux-gnu/libxcb.so.1.1.0
7ff79565b000-7ff79566e000 r-xp 0000b000 08:02 23601932                   /usr/lib/x86_64-linux-gnu/libxcb.so.1.1.0
7ff79566e000-7ff795677000 r--p 0001e000 08:02 23601932                   /usr/lib/x86_64-linux-gnu/libxcb.so.1.1.0
7ff795677000-7ff795678000 r--p 00026000 08:02 23601932                   /usr/lib/x86_64-linux-gnu/libxcb.so.1.1.0
7ff795678000-7ff795679000 rw-p 00027000 08:02 23601932                   /usr/lib/x86_64-linux-gnu/libxcb.so.1.1.0
7ff795679000-7ff795688000 r-xp 00000000 08:02 23600537                   /usr/lib/x86_64-linux-gnu/libXi.so.6.1.0
7ff795688000-7ff795887000 ---p 0000f000 08:02 23600537                   /usr/lib/x86_64-linux-gnu/libXi.so.6.1.0
7ff795887000-7ff795888000 r--p 0000e000 08:02 23600537                   /usr/lib/x86_64-linux-gnu/libXi.so.6.1.0
7ff795888000-7ff795889000 rw-p 0000f000 08:02 23600537                   /usr/lib/x86_64-linux-gnu/libXi.so.6.1.0
7ff795889000-7ff79588e000 r-xp 00000000 08:02 23600555                   /usr/lib/x86_64-linux-gnu/libXtst.so.6.1.0
7ff79588e000-7ff795a8d000 ---p 00005000 08:02 23600555                   /usr/lib/x86_64-linux-gnu/libXtst.so.6.1.0
7ff795a8d000-7ff795a8e000 r--p 00004000 08:02 23600555                   /usr/lib/x86_64-linux-gnu/libXtst.so.6.1.0
7ff795a8e000-7ff795a8f000 rw-p 00005000 08:02 23600555                   /usr/lib/x86_64-linux-gnu/libXtst.so.6.1.0
7ff795a8f000-7ff795a98000 r-xp 00000000 08:02 23600549                   /usr/lib/x86_64-linux-gnu/libXrender.so.1.3.0
7ff795a98000-7ff795c97000 ---p 00009000 08:02 23600549                   /usr/lib/x86_64-linux-gnu/libXrender.so.1.3.0
7ff795c97000-7ff795c98000 r--p 00008000 08:02 23600549                   /usr/lib/x86_64-linux-gnu/libXrender.so.1.3.0
7ff795c98000-7ff795c99000 rw-p 00009000 08:02 23600549                   /usr/lib/x86_64-linux-gnu/libXrender.so.1.3.0
7ff795c99000-7ff795cb1000 r--p 00000000 08:02 23600512                   /usr/lib/x86_64-linux-gnu/libX11.so.6.3.0
7ff795cb1000-7ff795d39000 r-xp 00018000 08:02 23600512                   /usr/lib/x86_64-linux-gnu/libX11.so.6.3.0
7ff795d39000-7ff795dcd000 r--p 000a0000 08:02 23600512                   /usr/lib/x86_64-linux-gnu/libX11.so.6.3.0
7ff795dcd000-7ff795dce000 ---p 00134000 08:02 23600512                   /usr/lib/x86_64-linux-gnu/libX11.so.6.3.0
7ff795dce000-7ff795dcf000 r--p 00134000 08:02 23600512                   /usr/lib/x86_64-linux-gnu/libX11.so.6.3.0
7ff795dcf000-7ff795dd3000 rw-p 00135000 08:02 23600512                   /usr/lib/x86_64-linux-gnu/libX11.so.6.3.0
7ff795dd3000-7ff795de4000 r-xp 00000000 08:02 23600529                   /usr/lib/x86_64-linux-gnu/libXext.so.6.4.0
7ff795de4000-7ff795fe3000 ---p 00011000 08:02 23600529                   /usr/lib/x86_64-linux-gnu/libXext.so.6.4.0
7ff795fe3000-7ff795fe4000 r--p 00010000 08:02 23600529                   /usr/lib/x86_64-linux-gnu/libXext.so.6.4.0
7ff795fe4000-7ff795fe5000 rw-p 00011000 08:02 23600529                   /usr/lib/x86_64-linux-gnu/libXext.so.6.4.0
7ff795fe5000-7ff795ff5000 r--p 00000000 08:02 23990632                   /usr/lib/jvm/java-11-openjdk-amd64/lib/libawt_xawt.so
7ff795ff5000-7ff796032000 r-xp 00010000 08:02 23990632                   /usr/lib/jvm/java-11-openjdk-amd64/lib/libawt_xawt.so
7ff796032000-7ff796044000 r--p 0004d000 08:02 23990632                   /usr/lib/jvm/java-11-openjdk-amd64/lib/libawt_xawt.so
7ff796044000-7ff796045000 r--p 0005e000 08:02 23990632                   /usr/lib/jvm/java-11-openjdk-amd64/lib/libawt_xawt.so
7ff796045000-7ff796048000 rw-p 0005f000 08:02 23990632                   /usr/lib/jvm/java-11-openjdk-amd64/lib/libawt_xawt.so
7ff796048000-7ff79604a000 rw-p 00000000 00:00 0 
7ff79604a000-7ff796076000 r--p 00000000 08:02 23990630                   /usr/lib/jvm/java-11-openjdk-amd64/lib/libawt.so
7ff796076000-7ff7960dd000 r-xp 0002c000 08:02 23990630                   /usr/lib/jvm/java-11-openjdk-amd64/lib/libawt.so
7ff7960dd000-7ff7960ea000 r--p 00093000 08:02 23990630                   /usr/lib/jvm/java-11-openjdk-amd64/lib/libawt.so
7ff7960ea000-7ff7960eb000 r--p 0009f000 08:02 23990630                   /usr/lib/jvm/java-11-openjdk-amd64/lib/libawt.so
7ff7960eb000-7ff7960f6000 rw-p 000a0000 08:02 23990630                   /usr/lib/jvm/java-11-openjdk-amd64/lib/libawt.so
7ff7960f6000-7ff79611b000 rw-p 00000000 00:00 0 
7ff79611b000-7ff79611f000 ---p 00000000 00:00 0 
7ff79611f000-7ff79621c000 rw-p 00000000 00:00 0 
7ff79621c000-7ff79621d000 ---p 00000000 00:00 0 
7ff79621d000-7ff79631e000 rw-p 00000000 00:00 0 
7ff79631e000-7ff796322000 ---p 00000000 00:00 0 
7ff796322000-7ff79641f000 rw-p 00000000 00:00 0 
7ff79641f000-7ff796423000 ---p 00000000 00:00 0 
7ff796423000-7ff796520000 rw-p 00000000 00:00 0 
7ff796520000-7ff796524000 ---p 00000000 00:00 0 
7ff796524000-7ff796621000 rw-p 00000000 00:00 0 
7ff796621000-7ff796625000 ---p 00000000 00:00 0 
7ff796625000-7ff796722000 rw-p 00000000 00:00 0 
7ff796722000-7ff796726000 ---p 00000000 00:00 0 
7ff796726000-7ff796823000 rw-p 00000000 00:00 0 
7ff796823000-7ff7975fe000 r--p 00000000 08:02 23600058                   /usr/lib/locale/locale-archive
7ff7975fe000-7ff797602000 ---p 00000000 00:00 0 
7ff797602000-7ff7976ff000 rw-p 00000000 00:00 0 
7ff7976ff000-7ff797703000 ---p 00000000 00:00 0 
7ff797703000-7ff797d00000 rw-p 00000000 00:00 0 
7ff797d00000-7ff798000000 ---p 00000000 00:00 0 
7ff798000000-7ff798021000 rw-p 00000000 00:00 0 
7ff798021000-7ff79c000000 ---p 00000000 00:00 0 
7ff79c000000-7ff79c021000 rw-p 00000000 00:00 0 
7ff79c021000-7ff7a0000000 ---p 00000000 00:00 0 
7ff7a0000000-7ff7a0021000 rw-p 00000000 00:00 0 
7ff7a0021000-7ff7a4000000 ---p 00000000 00:00 0 
7ff7a4004000-7ff7a4007000 r--p 00000000 08:02 24906120                   /home/kramer/.config/dconf/user
7ff7a4007000-7ff7a4008000 r--p 00000000 08:02 23593407                   /usr/lib/x86_64-linux-gnu/libgmodule-2.0.so.0.6000.0
7ff7a4008000-7ff7a400a000 r-xp 00001000 08:02 23593407                   /usr/lib/x86_64-linux-gnu/libgmodule-2.0.so.0.6000.0
7ff7a400a000-7ff7a400b000 r--p 00003000 08:02 23593407                   /usr/lib/x86_64-linux-gnu/libgmodule-2.0.so.0.6000.0
7ff7a400b000-7ff7a400c000 r--p 00003000 08:02 23593407                   /usr/lib/x86_64-linux-gnu/libgmodule-2.0.so.0.6000.0
7ff7a400c000-7ff7a400d000 rw-p 00004000 08:02 23593407                   /usr/lib/x86_64-linux-gnu/libgmodule-2.0.so.0.6000.0
7ff7a400d000-7ff7a403e000 rw-p 00000000 00:00 0 
7ff7a403e000-7ff7a403f000 ---p 00000000 00:00 0 
7ff7a403f000-7ff7a6330000 rw-p 00000000 00:00 0 
7ff7a6330000-7ff7a7ff8000 ---p 00000000 00:00 0 
7ff7a7ff8000-7ff7a8000000 rw-p 00000000 00:00 0 
7ff7a8000000-7ff7a8021000 rw-p 00000000 00:00 0 
7ff7a8021000-7ff7ac000000 ---p 00000000 00:00 0 
7ff7ac001000-7ff7ac005000 r--p 00000000 08:02 23600683                   /usr/lib/x86_64-linux-gnu/libbsd.so.0.9.1
7ff7ac005000-7ff7ac014000 r-xp 00004000 08:02 23600683                   /usr/lib/x86_64-linux-gnu/libbsd.so.0.9.1
7ff7ac014000-7ff7ac017000 r--p 00013000 08:02 23600683                   /usr/lib/x86_64-linux-gnu/libbsd.so.0.9.1
7ff7ac017000-7ff7ac018000 ---p 00016000 08:02 23600683                   /usr/lib/x86_64-linux-gnu/libbsd.so.0.9.1
7ff7ac018000-7ff7ac019000 r--p 00016000 08:02 23600683                   /usr/lib/x86_64-linux-gnu/libbsd.so.0.9.1
7ff7ac019000-7ff7ac01a000 rw-p 00017000 08:02 23600683                   /usr/lib/x86_64-linux-gnu/libbsd.so.0.9.1
7ff7ac01a000-7ff7ac01b000 rw-p 00000000 00:00 0 
7ff7ac01c000-7ff7ac020000 r--p 00000000 08:02 24250591                   /usr/lib/x86_64-linux-gnu/gio/modules/libdconfsettings.so
7ff7ac020000-7ff7ac027000 r-xp 00004000 08:02 24250591                   /usr/lib/x86_64-linux-gnu/gio/modules/libdconfsettings.so
7ff7ac027000-7ff7ac02a000 r--p 0000b000 08:02 24250591                   /usr/lib/x86_64-linux-gnu/gio/modules/libdconfsettings.so
7ff7ac02a000-7ff7ac02b000 ---p 0000e000 08:02 24250591                   /usr/lib/x86_64-linux-gnu/gio/modules/libdconfsettings.so
7ff7ac02b000-7ff7ac02c000 r--p 0000e000 08:02 24250591                   /usr/lib/x86_64-linux-gnu/gio/modules/libdconfsettings.so
7ff7ac02c000-7ff7ac02d000 rw-p 0000f000 08:02 24250591                   /usr/lib/x86_64-linux-gnu/gio/modules/libdconfsettings.so
7ff7ac02d000-7ff7ac031000 r--p 00000000 08:02 23990653                   /usr/lib/jvm/java-11-openjdk-amd64/lib/libnet.so
7ff7ac031000-7ff7ac040000 r-xp 00004000 08:02 23990653                   /usr/lib/jvm/java-11-openjdk-amd64/lib/libnet.so
7ff7ac040000-7ff7ac044000 r--p 00013000 08:02 23990653                   /usr/lib/jvm/java-11-openjdk-amd64/lib/libnet.so
7ff7ac044000-7ff7ac045000 r--p 00016000 08:02 23990653                   /usr/lib/jvm/java-11-openjdk-amd64/lib/libnet.so
7ff7ac045000-7ff7ac046000 rw-p 00017000 08:02 23990653                   /usr/lib/jvm/java-11-openjdk-amd64/lib/libnet.so
7ff7ac046000-7ff7ac14a000 rw-p 00000000 00:00 0 
7ff7ac14a000-7ff7ac14b000 ---p 00000000 00:00 0 
7ff7ac14b000-7ff7ac24c000 rw-p 00000000 00:00 0 
7ff7ac24c000-7ff7ac24d000 ---p 00000000 00:00 0 
7ff7ac24d000-7ff7ac752000 rw-p 00000000 00:00 0 
7ff7ac752000-7ff7ac753000 ---p 00000000 00:00 0 
7ff7ac753000-7ff7ac854000 rw-p 00000000 00:00 0 
7ff7ac854000-7ff7ac855000 ---p 00000000 00:00 0 
7ff7ac855000-7ff7ac956000 rw-p 00000000 00:00 0 
7ff7ac956000-7ff7acbc6000 rwxp 00000000 00:00 0 
7ff7acbc6000-7ff7acee6000 ---p 00000000 00:00 0 
7ff7acee6000-7ff7ad156000 rwxp 00000000 00:00 0 
7ff7ad156000-7ff7b441e000 ---p 00000000 00:00 0 
7ff7b441e000-7ff7b468e000 rwxp 00000000 00:00 0 
7ff7b468e000-7ff7bb956000 ---p 00000000 00:00 0 
7ff7bb956000-7ff7c4000000 r--s 00000000 08:02 23990663                   /usr/lib/jvm/java-11-openjdk-amd64/lib/modules
7ff7c4000000-7ff7c445c000 rw-p 00000000 00:00 0 
7ff7c445c000-7ff7c8000000 ---p 00000000 00:00 0 
7ff7c8000000-7ff7c8001000 r--s 00000000 00:35 34                         /run/user/1000/dconf/user
7ff7c8001000-7ff7c8002000 r--p 00000000 08:02 25823354                   /usr/share/locale-langpack/en_AU/LC_MESSAGES/glib20.mo
7ff7c8002000-7ff7c8009000 r--p 00000000 08:02 23990654                   /usr/lib/jvm/java-11-openjdk-amd64/lib/libnio.so
7ff7c8009000-7ff7c8010000 r-xp 00007000 08:02 23990654                   /usr/lib/jvm/java-11-openjdk-amd64/lib/libnio.so
7ff7c8010000-7ff7c8013000 r--p 0000e000 08:02 23990654                   /usr/lib/jvm/java-11-openjdk-amd64/lib/libnio.so
7ff7c8013000-7ff7c8014000 r--p 00010000 08:02 23990654                   /usr/lib/jvm/java-11-openjdk-amd64/lib/libnio.so
7ff7c8014000-7ff7c8015000 rw-p 00011000 08:02 23990654                   /usr/lib/jvm/java-11-openjdk-amd64/lib/libnio.so
7ff7c8015000-7ff7c8289000 rw-p 00000000 00:00 0 
7ff7c8289000-7ff7c9f51000 ---p 00000000 00:00 0 
7ff7c9f51000-7ff7c9f97000 rw-p 00000000 00:00 0 
7ff7c9f97000-7ff7ca330000 ---p 00000000 00:00 0 
7ff7ca330000-7ff7ca36f000 rw-p 00000000 00:00 0 
7ff7ca36f000-7ff7ca708000 ---p 00000000 00:00 0 
7ff7ca708000-7ff7ca747000 rw-p 00000000 00:00 0 
7ff7ca747000-7ff7caae0000 ---p 00000000 00:00 0 
7ff7caae0000-7ff7caee5000 rw-p 00000000 00:00 0 
7ff7caee5000-7ff7caee6000 ---p 00000000 00:00 0 
7ff7caee6000-7ff7cafec000 rw-p 00000000 00:00 0 
7ff7cafec000-7ff7cb0d2000 ---p 00000000 00:00 0 
7ff7cb0d2000-7ff7cb0d7000 rw-p 00000000 00:00 0 
7ff7cb0d7000-7ff7cb1bd000 ---p 00000000 00:00 0 
7ff7cb1bd000-7ff7cb1c2000 rw-p 00000000 00:00 0 
7ff7cb1c2000-7ff7cb1c9000 ---p 00000000 00:00 0 
7ff7cb1c9000-7ff7cb1cb000 r--s 00007000 08:02 24382982                   /usr/share/java/java-atk-wrapper.jar
7ff7cb1cb000-7ff7cb1cd000 r--p 00000000 08:02 23990645                   /usr/lib/jvm/java-11-openjdk-amd64/lib/libjimage.so
7ff7cb1cd000-7ff7cb1d0000 r-xp 00002000 08:02 23990645                   /usr/lib/jvm/java-11-openjdk-amd64/lib/libjimage.so
7ff7cb1d0000-7ff7cb1d2000 r--p 00005000 08:02 23990645                   /usr/lib/jvm/java-11-openjdk-amd64/lib/libjimage.so
7ff7cb1d2000-7ff7cb1d3000 r--p 00006000 08:02 23990645                   /usr/lib/jvm/java-11-openjdk-amd64/lib/libjimage.so
7ff7cb1d3000-7ff7cb1d4000 rw-p 00007000 08:02 23990645                   /usr/lib/jvm/java-11-openjdk-amd64/lib/libjimage.so
7ff7cb1d4000-7ff7cb1d7000 r--p 00000000 08:02 23601425                   /usr/lib/x86_64-linux-gnu/libnss_files-2.29.so
7ff7cb1d7000-7ff7cb1de000 r-xp 00003000 08:02 23601425                   /usr/lib/x86_64-linux-gnu/libnss_files-2.29.so
7ff7cb1de000-7ff7cb1e0000 r--p 0000a000 08:02 23601425                   /usr/lib/x86_64-linux-gnu/libnss_files-2.29.so
7ff7cb1e0000-7ff7cb1e1000 r--p 0000b000 08:02 23601425                   /usr/lib/x86_64-linux-gnu/libnss_files-2.29.so
7ff7cb1e1000-7ff7cb1e2000 rw-p 0000c000 08:02 23601425                   /usr/lib/x86_64-linux-gnu/libnss_files-2.29.so
7ff7cb1e2000-7ff7cb1e8000 rw-p 00000000 00:00 0 
7ff7cb1e8000-7ff7cb1ea000 r--p 00000000 08:02 23990662                   /usr/lib/jvm/java-11-openjdk-amd64/lib/libzip.so
7ff7cb1ea000-7ff7cb1ee000 r-xp 00002000 08:02 23990662                   /usr/lib/jvm/java-11-openjdk-amd64/lib/libzip.so
7ff7cb1ee000-7ff7cb1f0000 r--p 00006000 08:02 23990662                   /usr/lib/jvm/java-11-openjdk-amd64/lib/libzip.so
7ff7cb1f0000-7ff7cb1f1000 r--p 00007000 08:02 23990662                   /usr/lib/jvm/java-11-openjdk-amd64/lib/libzip.so
7ff7cb1f1000-7ff7cb1f2000 rw-p 00008000 08:02 23990662                   /usr/lib/jvm/java-11-openjdk-amd64/lib/libzip.so
7ff7cb1f2000-7ff7cb1fa000 rw-s 00000000 08:02 2753608                    /tmp/hsperfdata_kramer/10117
7ff7cb1fa000-7ff7cb1fb000 ---p 00000000 00:00 0 
7ff7cb1fb000-7ff7cb1fc000 r--p 00000000 00:00 0 
7ff7cb1fc000-7ff7cb209000 r--p 00000000 08:02 23990641                   /usr/lib/jvm/java-11-openjdk-amd64/lib/libjava.so
7ff7cb209000-7ff7cb21e000 r-xp 0000d000 08:02 23990641                   /usr/lib/jvm/java-11-openjdk-amd64/lib/libjava.so
7ff7cb21e000-7ff7cb225000 r--p 00022000 08:02 23990641                   /usr/lib/jvm/java-11-openjdk-amd64/lib/libjava.so
7ff7cb225000-7ff7cb226000 r--p 00028000 08:02 23990641                   /usr/lib/jvm/java-11-openjdk-amd64/lib/libjava.so
7ff7cb226000-7ff7cb228000 rw-p 00029000 08:02 23990641                   /usr/lib/jvm/java-11-openjdk-amd64/lib/libjava.so
7ff7cb228000-7ff7cb22b000 r--p 00000000 08:02 23601631                   /usr/lib/x86_64-linux-gnu/librt-2.29.so
7ff7cb22b000-7ff7cb22f000 r-xp 00003000 08:02 23601631                   /usr/lib/x86_64-linux-gnu/librt-2.29.so
7ff7cb22f000-7ff7cb231000 r--p 00007000 08:02 23601631                   /usr/lib/x86_64-linux-gnu/librt-2.29.so
7ff7cb231000-7ff7cb232000 r--p 00008000 08:02 23601631                   /usr/lib/x86_64-linux-gnu/librt-2.29.so
7ff7cb232000-7ff7cb233000 rw-p 00009000 08:02 23601631                   /usr/lib/x86_64-linux-gnu/librt-2.29.so
7ff7cb233000-7ff7cb237000 ---p 00000000 00:00 0 
7ff7cb237000-7ff7cb334000 rw-p 00000000 00:00 0 
7ff7cb334000-7ff7cb337000 r--p 00000000 08:02 23596996                   /usr/lib/x86_64-linux-gnu/libgcc_s.so.1
7ff7cb337000-7ff7cb348000 r-xp 00003000 08:02 23596996                   /usr/lib/x86_64-linux-gnu/libgcc_s.so.1
7ff7cb348000-7ff7cb34c000 r--p 00014000 08:02 23596996                   /usr/lib/x86_64-linux-gnu/libgcc_s.so.1
7ff7cb34c000-7ff7cb34d000 r--p 00017000 08:02 23596996                   /usr/lib/x86_64-linux-gnu/libgcc_s.so.1
7ff7cb34d000-7ff7cb34e000 rw-p 00018000 08:02 23596996                   /usr/lib/x86_64-linux-gnu/libgcc_s.so.1
7ff7cb34e000-7ff7cb35d000 r--p 00000000 08:02 23601302                   /usr/lib/x86_64-linux-gnu/libm-2.29.so
7ff7cb35d000-7ff7cb403000 r-xp 0000f000 08:02 23601302                   /usr/lib/x86_64-linux-gnu/libm-2.29.so
7ff7cb403000-7ff7cb49a000 r--p 000b5000 08:02 23601302                   /usr/lib/x86_64-linux-gnu/libm-2.29.so
7ff7cb49a000-7ff7cb49b000 r--p 0014b000 08:02 23601302                   /usr/lib/x86_64-linux-gnu/libm-2.29.so
7ff7cb49b000-7ff7cb49c000 rw-p 0014c000 08:02 23601302                   /usr/lib/x86_64-linux-gnu/libm-2.29.so
7ff7cb49c000-7ff7cb531000 r--p 00000000 08:02 23594558                   /usr/lib/x86_64-linux-gnu/libstdc++.so.6.0.26
7ff7cb531000-7ff7cb623000 r-xp 00095000 08:02 23594558                   /usr/lib/x86_64-linux-gnu/libstdc++.so.6.0.26
7ff7cb623000-7ff7cb66c000 r--p 00187000 08:02 23594558                   /usr/lib/x86_64-linux-gnu/libstdc++.so.6.0.26
7ff7cb66c000-7ff7cb66d000 ---p 001d0000 08:02 23594558                   /usr/lib/x86_64-linux-gnu/libstdc++.so.6.0.26
7ff7cb66d000-7ff7cb678000 r--p 001d0000 08:02 23594558                   /usr/lib/x86_64-linux-gnu/libstdc++.so.6.0.26
7ff7cb678000-7ff7cb67b000 rw-p 001db000 08:02 23594558                   /usr/lib/x86_64-linux-gnu/libstdc++.so.6.0.26
7ff7cb67b000-7ff7cb67e000 rw-p 00000000 00:00 0 
7ff7cb67e000-7ff7cb8ed000 r--p 00000000 08:02 23990668                   /usr/lib/jvm/java-11-openjdk-amd64/lib/server/libjvm.so
7ff7cb8ed000-7ff7cc40d000 r-xp 0026f000 08:02 23990668                   /usr/lib/jvm/java-11-openjdk-amd64/lib/server/libjvm.so
7ff7cc40d000-7ff7cc646000 r--p 00d8f000 08:02 23990668                   /usr/lib/jvm/java-11-openjdk-amd64/lib/server/libjvm.so
7ff7cc646000-7ff7cc647000 ---p 00fc8000 08:02 23990668                   /usr/lib/jvm/java-11-openjdk-amd64/lib/server/libjvm.so
7ff7cc647000-7ff7cc704000 r--p 00fc8000 08:02 23990668                   /usr/lib/jvm/java-11-openjdk-amd64/lib/server/libjvm.so
7ff7cc704000-7ff7cc73d000 rw-p 01085000 08:02 23990668                   /usr/lib/jvm/java-11-openjdk-amd64/lib/server/libjvm.so
7ff7cc73d000-7ff7cc795000 rw-p 00000000 00:00 0 
7ff7cc795000-7ff7cc79c000 r--p 00000000 08:02 23601565                   /usr/lib/x86_64-linux-gnu/libpthread-2.29.so
7ff7cc79c000-7ff7cc7ab000 r-xp 00007000 08:02 23601565                   /usr/lib/x86_64-linux-gnu/libpthread-2.29.so
7ff7cc7ab000-7ff7cc7b0000 r--p 00016000 08:02 23601565                   /usr/lib/x86_64-linux-gnu/libpthread-2.29.so
7ff7cc7b0000-7ff7cc7b1000 r--p 0001a000 08:02 23601565                   /usr/lib/x86_64-linux-gnu/libpthread-2.29.so
7ff7cc7b1000-7ff7cc7b2000 rw-p 0001b000 08:02 23601565                   /usr/lib/x86_64-linux-gnu/libpthread-2.29.so
7ff7cc7b2000-7ff7cc7b6000 rw-p 00000000 00:00 0 
7ff7cc7b6000-7ff7cc7b7000 r--p 00000000 08:02 23600824                   /usr/lib/x86_64-linux-gnu/libdl-2.29.so
7ff7cc7b7000-7ff7cc7b9000 r-xp 00001000 08:02 23600824                   /usr/lib/x86_64-linux-gnu/libdl-2.29.so
7ff7cc7b9000-7ff7cc7ba000 r--p 00003000 08:02 23600824                   /usr/lib/x86_64-linux-gnu/libdl-2.29.so
7ff7cc7ba000-7ff7cc7bb000 r--p 00003000 08:02 23600824                   /usr/lib/x86_64-linux-gnu/libdl-2.29.so
7ff7cc7bb000-7ff7cc7bc000 rw-p 00004000 08:02 23600824                   /usr/lib/x86_64-linux-gnu/libdl-2.29.so
7ff7cc7bc000-7ff7cc7be000 r--p 00000000 08:02 23601962                   /usr/lib/x86_64-linux-gnu/libz.so.1.2.11
7ff7cc7be000-7ff7cc7cf000 r-xp 00002000 08:02 23601962                   /usr/lib/x86_64-linux-gnu/libz.so.1.2.11
7ff7cc7cf000-7ff7cc7d5000 r--p 00013000 08:02 23601962                   /usr/lib/x86_64-linux-gnu/libz.so.1.2.11
7ff7cc7d5000-7ff7cc7d6000 ---p 00019000 08:02 23601962                   /usr/lib/x86_64-linux-gnu/libz.so.1.2.11
7ff7cc7d6000-7ff7cc7d7000 r--p 00019000 08:02 23601962                   /usr/lib/x86_64-linux-gnu/libz.so.1.2.11
7ff7cc7d7000-7ff7cc7d8000 rw-p 0001a000 08:02 23601962                   /usr/lib/x86_64-linux-gnu/libz.so.1.2.11
7ff7cc7d8000-7ff7cc7fd000 r--p 00000000 08:02 23600687                   /usr/lib/x86_64-linux-gnu/libc-2.29.so
7ff7cc7fd000-7ff7cc970000 r-xp 00025000 08:02 23600687                   /usr/lib/x86_64-linux-gnu/libc-2.29.so
7ff7cc970000-7ff7cc9b9000 r--p 00198000 08:02 23600687                   /usr/lib/x86_64-linux-gnu/libc-2.29.so
7ff7cc9b9000-7ff7cc9bc000 r--p 001e0000 08:02 23600687                   /usr/lib/x86_64-linux-gnu/libc-2.29.so
7ff7cc9bc000-7ff7cc9bf000 rw-p 001e3000 08:02 23600687                   /usr/lib/x86_64-linux-gnu/libc-2.29.so
7ff7cc9bf000-7ff7cc9c3000 rw-p 00000000 00:00 0 
7ff7cc9c3000-7ff7cc9c4000 r--p 00000000 08:02 25823436                   /usr/share/locale-langpack/en_AU/LC_MESSAGES/libc.mo
7ff7cc9c4000-7ff7cc9c9000 r--p 00000000 08:02 23990661                   /usr/lib/jvm/java-11-openjdk-amd64/lib/libverify.so
7ff7cc9c9000-7ff7cc9d0000 r-xp 00005000 08:02 23990661                   /usr/lib/jvm/java-11-openjdk-amd64/lib/libverify.so
7ff7cc9d0000-7ff7cc9d2000 r--p 0000c000 08:02 23990661                   /usr/lib/jvm/java-11-openjdk-amd64/lib/libverify.so
7ff7cc9d2000-7ff7cc9d4000 r--p 0000d000 08:02 23990661                   /usr/lib/jvm/java-11-openjdk-amd64/lib/libverify.so
7ff7cc9d4000-7ff7cc9d5000 rw-p 0000f000 08:02 23990661                   /usr/lib/jvm/java-11-openjdk-amd64/lib/libverify.so
7ff7cc9d5000-7ff7cc9d8000 r--p 00000000 08:02 23990625                   /usr/lib/jvm/java-11-openjdk-amd64/lib/jli/libjli.so
7ff7cc9d8000-7ff7cc9e2000 r-xp 00003000 08:02 23990625                   /usr/lib/jvm/java-11-openjdk-amd64/lib/jli/libjli.so
7ff7cc9e2000-7ff7cc9e5000 r--p 0000d000 08:02 23990625                   /usr/lib/jvm/java-11-openjdk-amd64/lib/jli/libjli.so
7ff7cc9e5000-7ff7cc9e6000 r--p 0000f000 08:02 23990625                   /usr/lib/jvm/java-11-openjdk-amd64/lib/jli/libjli.so
7ff7cc9e6000-7ff7cc9e7000 rw-p 00010000 08:02 23990625                   /usr/lib/jvm/java-11-openjdk-amd64/lib/jli/libjli.so
7ff7cc9e7000-7ff7cc9e9000 rw-p 00000000 00:00 0 
7ff7cc9e9000-7ff7cc9ea000 r--p 00000000 08:02 23600471                   /usr/lib/x86_64-linux-gnu/ld-2.29.so
7ff7cc9ea000-7ff7cca0b000 r-xp 00001000 08:02 23600471                   /usr/lib/x86_64-linux-gnu/ld-2.29.so
7ff7cca0b000-7ff7cca13000 r--p 00022000 08:02 23600471                   /usr/lib/x86_64-linux-gnu/ld-2.29.so
7ff7cca13000-7ff7cca14000 r--p 00029000 08:02 23600471                   /usr/lib/x86_64-linux-gnu/ld-2.29.so
7ff7cca14000-7ff7cca15000 rw-p 0002a000 08:02 23600471                   /usr/lib/x86_64-linux-gnu/ld-2.29.so
7ff7cca15000-7ff7cca16000 rw-p 00000000 00:00 0 
7ffd0c18f000-7ffd0c1b1000 rw-p 00000000 00:00 0                          [stack]
7ffd0c1f0000-7ffd0c1f3000 r--p 00000000 00:00 0                          [vvar]
7ffd0c1f3000-7ffd0c1f4000 r-xp 00000000 00:00 0                          [vdso]
ffffffffff600000-ffffffffff601000 r-xp 00000000 00:00 0                  [vsyscall]


VM Arguments:
jvm_args: -Dfile.encoding=UTF-8 -Duser.country=AU -Duser.language=en -Duser.variant 
java_command: ExampleSwingApp
java_class_path (initial): /home/kramer/Downloads/RobotArena-master/RobotAreana/start/build/classes/java/main:/home/kramer/Downloads/RobotArena-master/RobotAreana/start/build/classes/groovy/main:/home/kramer/Downloads/RobotArena-master/RobotAreana/start/build/resources/main:/home/kramer/Downloads/RobotArena-master/RobotAreana/AIBasic/build/libs/AIBasic.jar:/home/kramer/Downloads/RobotArena-master/RobotAreana/robot/build/libs/robot.jar:/home/kramer/Downloads/RobotArena-master/RobotAreana/main/build/libs/main.jar
Launcher Type: SUN_STANDARD

[Global flags]
     intx CICompilerCount                          = 3                                         {product} {ergonomic}
     uint ConcGCThreads                            = 1                                         {product} {ergonomic}
     uint G1ConcRefinementThreads                  = 4                                         {product} {ergonomic}
   size_t G1HeapRegionSize                         = 1048576                                   {product} {ergonomic}
    uintx GCDrainStackTargetSize                   = 64                                        {product} {ergonomic}
   size_t InitialHeapSize                          = 130023424                                 {product} {ergonomic}
   size_t MarkStackSize                            = 4194304                                   {product} {ergonomic}
   size_t MaxHeapSize                              = 2063597568                                {product} {ergonomic}
   size_t MaxNewSize                               = 1237319680                                {product} {ergonomic}
   size_t MinHeapDeltaBytes                        = 1048576                                   {product} {ergonomic}
    uintx NonNMethodCodeHeapSize                   = 5830092                                {pd product} {ergonomic}
    uintx NonProfiledCodeHeapSize                  = 122914074                              {pd product} {ergonomic}
    uintx ProfiledCodeHeapSize                     = 122914074                              {pd product} {ergonomic}
    uintx ReservedCodeCacheSize                    = 251658240                              {pd product} {ergonomic}
     bool SegmentedCodeCache                       = true                                      {product} {ergonomic}
     bool UseCompressedClassPointers               = true                                 {lp64_product} {ergonomic}
     bool UseCompressedOops                        = true                                 {lp64_product} {ergonomic}
     bool UseG1GC                                  = true                                      {product} {ergonomic}

Logging:
Log output configuration:
 #0: stdout all=warning uptime,level,tags
 #1: stderr all=off uptime,level,tags

Environment Variables:
PATH=/home/kramer/.local/bin:/usr/local/sbin:/usr/local/bin:/usr/sbin:/usr/bin:/sbin:/bin:/usr/games:/usr/local/games:/snap/bin
USERNAME=kramer
LD_LIBRARY_PATH=/home/kramer/Downloads/RobotArena-master/RobotAreana/AIBasic/build/libs/mynativelibrary/shared
SHELL=/bin/bash
DISPLAY=:0

Signal Handlers:
SIGSEGV: [libjvm.so+0xd1cc80], sa_mask[0]=11111111011111111101111111111110, sa_flags=SA_RESTART|SA_SIGINFO
SIGBUS: [libjvm.so+0xd1cc80], sa_mask[0]=11111111011111111101111111111110, sa_flags=SA_RESTART|SA_SIGINFO
SIGFPE: [libjvm.so+0xd1cc80], sa_mask[0]=11111111011111111101111111111110, sa_flags=SA_RESTART|SA_SIGINFO
SIGPIPE: SIG_IGN, sa_mask[0]=00000000000010000000000000000000, sa_flags=SA_RESTART
SIGXFSZ: [libjvm.so+0xb239a0], sa_mask[0]=11111111011111111101111111111110, sa_flags=SA_RESTART|SA_SIGINFO
SIGILL: [libjvm.so+0xd1cc80], sa_mask[0]=11111111011111111101111111111110, sa_flags=SA_RESTART|SA_SIGINFO
SIGUSR2: [libjvm.so+0xb23830], sa_mask[0]=00100000000000000000000000000000, sa_flags=SA_RESTART|SA_SIGINFO
SIGHUP: [libjvm.so+0xb23ce0], sa_mask[0]=11111111011111111101111111111110, sa_flags=SA_RESTART|SA_SIGINFO
SIGINT: [libjvm.so+0xb23ce0], sa_mask[0]=11111111011111111101111111111110, sa_flags=SA_RESTART|SA_SIGINFO
SIGTERM: [libjvm.so+0xb23ce0], sa_mask[0]=11111111011111111101111111111110, sa_flags=SA_RESTART|SA_SIGINFO
SIGQUIT: [libjvm.so+0xb23ce0], sa_mask[0]=11111111011111111101111111111110, sa_flags=SA_RESTART|SA_SIGINFO


---------------  S Y S T E M  ---------------

OS:DISTRIB_ID=Ubuntu
DISTRIB_RELEASE=19.04
DISTRIB_CODENAME=disco
DISTRIB_DESCRIPTION="Ubuntu 19.04"
uname:Linux 5.0.0-32-generic #34-Ubuntu SMP Wed Oct 2 02:06:48 UTC 2019 x86_64
libc:glibc 2.29 NPTL 2.29 
rlimit: STACK 8192k, CORE 0k, NPROC 31283, NOFILE 524288, AS infinity, DATA infinity, FSIZE infinity
load average:1.40 2.24 1.47

/proc/meminfo:
MemTotal:        8057232 kB
MemFree:         2350320 kB
MemAvailable:    3979456 kB
Buffers:          125040 kB
Cached:          1824916 kB
SwapCached:            0 kB
Active:          4236856 kB
Inactive:        1073764 kB
Active(anon):    3366112 kB
Inactive(anon):   164944 kB
Active(file):     870744 kB
Inactive(file):   908820 kB
Unevictable:        3452 kB
Mlocked:              16 kB
SwapTotal:       2097148 kB
SwapFree:        2097148 kB
Dirty:              4188 kB
Writeback:             0 kB
AnonPages:       3364396 kB
Mapped:           560680 kB
Shmem:            170396 kB
KReclaimable:     139720 kB
Slab:             237104 kB
SReclaimable:     139720 kB
SUnreclaim:        97384 kB
KernelStack:       15856 kB
PageTables:        33000 kB
NFS_Unstable:          0 kB
Bounce:                0 kB
WritebackTmp:          0 kB
CommitLimit:     6125764 kB
Committed_AS:   15528204 kB
VmallocTotal:   34359738367 kB
VmallocUsed:           0 kB
VmallocChunk:          0 kB
Percpu:             2240 kB
HardwareCorrupted:     0 kB
AnonHugePages:         0 kB
ShmemHugePages:        0 kB
ShmemPmdMapped:        0 kB
CmaTotal:              0 kB
CmaFree:               0 kB
HugePages_Total:       0
HugePages_Free:        0
HugePages_Rsvd:        0
HugePages_Surp:        0
Hugepagesize:       2048 kB
Hugetlb:               0 kB
DirectMap4k:      231984 kB
DirectMap2M:     4902912 kB
DirectMap1G:     3145728 kB


/proc/sys/kernel/threads-max (system-wide limit on the number of threads):
62566


/proc/sys/vm/max_map_count (maximum number of memory map areas a process may have):
65530


/proc/sys/kernel/pid_max (system-wide limit on number of process identifiers):
32768



container (cgroup) information:
container_type: cgroupv1
cpu_cpuset_cpus: 0-3
cpu_memory_nodes: 0
active_processor_count: 4
cpu_quota: -1
cpu_period: 100000
cpu_shares: -1
memory_limit_in_bytes: -1
memory_and_swap_limit_in_bytes: -2
memory_soft_limit_in_bytes: -1
memory_usage_in_bytes: 1607151616
memory_max_usage_in_bytes: 2082611200

Steal ticks since vm start: 0
Steal ticks percentage since vm start:  0.000

CPU:total 4 (initial active 4) (4 cores per cpu, 1 threads per core) family 6 model 60 stepping 3, cmov, cx8, fxsr, mmx, sse, sse2, sse3, ssse3, sse4.1, sse4.2, popcnt, avx, avx2, aes, clmul, erms, lzcnt, tsc, tscinvbit, bmi1, bmi2, fma
CPU Model and flags from /proc/cpuinfo:
model name	: Intel(R) Core(TM) i5-4690 CPU @ 3.50GHz
flags		: fpu vme de pse tsc msr pae mce cx8 apic sep mtrr pge mca cmov pat pse36 clflush dts acpi mmx fxsr sse sse2 ss ht tm pbe syscall nx pdpe1gb rdtscp lm constant_tsc arch_perfmon pebs bts rep_good nopl xtopology nonstop_tsc cpuid aperfmperf pni pclmulqdq dtes64 monitor ds_cpl vmx smx est tm2 ssse3 sdbg fma cx16 xtpr pdcm pcid sse4_1 sse4_2 x2apic movbe popcnt tsc_deadline_timer aes xsave avx f16c rdrand lahf_lm abm cpuid_fault invpcid_single pti ssbd ibrs ibpb stibp tpr_shadow vnmi flexpriority ept vpid ept_ad fsgsbase tsc_adjust bmi1 avx2 smep bmi2 erms invpcid xsaveopt dtherm ida arat pln pts md_clear flush_l1d

Memory: 4k page, physical 8057232k(2350320k free), swap 2097148k(2097148k free)

vm_info: OpenJDK 64-Bit Server VM (11.0.4+11-post-Ubuntu-1ubuntu219.04) for linux-amd64 JRE (11.0.4+11-post-Ubuntu-1ubuntu219.04), built on Jul 18 2019 18:21:46 by "buildd" with gcc 8.3.0

END.
