#
# A fatal error has been detected by the Java Runtime Environment:
#
#  SIGSEGV (0xb) at pc=0x00007ff4c1740eeb, pid=580, tid=605
#
# JRE version: OpenJDK Runtime Environment (11.0.4+11) (build 11.0.4+11-post-Ubuntu-1ubuntu219.04)
# Java VM: OpenJDK 64-Bit Server VM (11.0.4+11-post-Ubuntu-1ubuntu219.04, mixed mode, sharing, tiered, compressed oops, g1 gc, linux-amd64)
# Problematic frame:
# V  [libjvm.so+0x863eeb]
#
# Core dump will be written. Default location: Core dumps may be processed with "/usr/share/apport/apport %p %s %c %d %P" (or dumping to /home/kramer/Downloads/RobotArena-master/RobotAreana/start/core.580)
#
# If you would like to submit a bug report, please visit:
#   https://bugs.launchpad.net/ubuntu/+source/openjdk-lts
#

---------------  S U M M A R Y ------------

Command Line: -Dfile.encoding=UTF-8 -Duser.country=AU -Duser.language=en -Duser.variant ExampleSwingApp

Host: Intel(R) Core(TM) i5-4690 CPU @ 3.50GHz, 4 cores, 7G, Ubuntu 19.04
Time: Tue Oct 29 11:32:38 2019 AWST elapsed time: 2 seconds (0d 0h 0m 2s)

---------------  T H R E A D  ---------------

Current thread (0x00007ff4bc464000):  JavaThread "Thomas" [_thread_in_vm, id=605, stack(0x00007ff478356000,0x00007ff478457000)]

Stack: [0x00007ff478356000,0x00007ff478457000],  sp=0x00007ff4784555e0,  free space=1021k
Native frames: (J=compiled Java code, A=aot compiled Java code, j=interpreted, Vv=VM code, C=native code)
V  [libjvm.so+0x863eeb]
C  [libmynativelibrary.so+0x176d]  Java_CRobot_startCPP+0x668
j  CRobot.startCPP(LRobotControl;)V+0
j  CRobot$1.run()V+8
j  java.lang.Thread.run()V+11 java.base@11.0.4
v  ~StubRoutines::call_stub
V  [libjvm.so+0x7f40b1]
V  [libjvm.so+0x7f2550]
V  [libjvm.so+0x7f260b]
V  [libjvm.so+0x88e63c]
V  [libjvm.so+0xcc0060]
V  [libjvm.so+0xcc0350]
V  [libjvm.so+0xcbbee4]
V  [libjvm.so+0xb2cbee]

Java frames: (J=compiled Java code, j=interpreted, Vv=VM code)
j  CRobot.startCPP(LRobotControl;)V+0
j  CRobot$1.run()V+8
j  java.lang.Thread.run()V+11 java.base@11.0.4
v  ~StubRoutines::call_stub

siginfo: si_signo: 11 (SIGSEGV), si_code: 1 (SEGV_MAPERR), si_addr: 0x0000000000000000

Register to memory mapping:

RAX=0x00007ff478455680 is pointing into the stack for thread: 0x00007ff4bc464000
RBX=0x00007ff4bc464000 is a thread
RCX=0x00007ff4c1740e10: <offset 0x0000000000863e10> in /usr/lib/jvm/java-11-openjdk-amd64/lib/server/libjvm.so at 0x00007ff4c0edd000
RDX=0x00007ff4bc461610 points into unknown readable memory: c8 23 d0 8b 00 00 00 00
RSP=0x00007ff4784555e0 is pointing into the stack for thread: 0x00007ff4bc464000
RBP=0x00007ff478455760 is pointing into the stack for thread: 0x00007ff4bc464000
RSI=0x00007ff4bc464000 is a thread
RDI=0x00007ff478455640 is pointing into the stack for thread: 0x00007ff4bc464000
R8 ={method} {0x00007ff4995a4a68} 'getName' '()Ljava/lang/String;' in 'RobotInfo'
R9 =0x0000000000000004 is an unknown value
R10=0x00007ff4bc464510 points into unknown readable memory: 00 af 10 00 08 00 00 00
R11=0x00007ff4a49567bf is at begin+0 in a stub
StubRoutines::call_stub [0x00007ff4a49567bf, 0x00007ff4a49568ad[ (238 bytes)
R12=0x00007ff478455640 is pointing into the stack for thread: 0x00007ff4bc464000
R13=0x00007ff4bc464340 points into unknown readable memory: e0 9f f6 c1 f4 7f 00 00
R14=0x0 is NULL
R15=0x00007ff4784558d0 is pointing into the stack for thread: 0x00007ff4bc464000


Registers:
RAX=0x00007ff478455680, RBX=0x00007ff4bc464000, RCX=0x00007ff4c1740e10, RDX=0x00007ff4bc461610
RSP=0x00007ff4784555e0, RBP=0x00007ff478455760, RSI=0x00007ff4bc464000, RDI=0x00007ff478455640
R8 =0x00007ff4995a4a68, R9 =0x0000000000000004, R10=0x00007ff4bc464510, R11=0x00007ff4a49567bf
R12=0x00007ff478455640, R13=0x00007ff4bc464340, R14=0x0000000000000000, R15=0x00007ff4784558d0
RIP=0x00007ff4c1740eeb, EFLAGS=0x0000000000010202, CSGSFS=0x002b000000000033, ERR=0x0000000000000004
  TRAPNO=0x000000000000000e

Top of Stack: (sp=0x00007ff4784555e0)
0x00007ff4784555e0:   00007ff4995a4e88 00007ff4bc464000
0x00007ff4784555f0:   00007ff40000000c 00007ff43c000d10
0x00007ff478455600:   0000000000000002 0000003000000018
0x00007ff478455610:   00007ff478455770 00007ff478455680 

Instructions: (pc=0x00007ff4c1740eeb)
0x00007ff4c1740deb:   80 00 00 00 00 4c 89 ff 48 89 85 b0 fe ff ff e8
0x00007ff4c1740dfb:   51 bd a2 ff 49 63 37 48 8b 85 b0 fe ff ff e9 81
0x00007ff4c1740e0b:   fd ff ff 66 90 55 48 89 e5 41 57 49 89 f7 41 56
0x00007ff4c1740e1b:   49 89 d6 41 55 49 89 fd 41 54 53 48 81 ec 58 01
0x00007ff4c1740e2b:   00 00 48 89 8d 38 ff ff ff 4c 89 85 40 ff ff ff
0x00007ff4c1740e3b:   4c 89 8d 48 ff ff ff 84 c0 74 29 0f 29 85 50 ff
0x00007ff4c1740e4b:   ff ff 0f 29 8d 60 ff ff ff 0f 29 95 70 ff ff ff
0x00007ff4c1740e5b:   0f 29 5d 80 0f 29 65 90 0f 29 6d a0 0f 29 75 b0
0x00007ff4c1740e6b:   0f 29 7d c0 49 8d 9d c0 fc ff ff 8b 83 d0 03 00
0x00007ff4c1740e7b:   00 2d ab de 00 00 83 f8 01 0f 87 46 01 00 00 48
0x00007ff4c1740e8b:   89 df 48 89 9d 88 fe ff ff e8 07 71 ff ff 48 83
0x00007ff4c1740e9b:   7b 08 00 48 89 9d c0 fe ff ff 48 c7 85 c8 fe ff
0x00007ff4c1740eab:   ff 00 00 00 00 74 0c 48 8d bd c0 fe ff ff e8 42
0x00007ff4c1740ebb:   15 32 00 48 8d 45 10 4c 8d a5 e0 fe ff ff c7 85
0x00007ff4c1740ecb:   a8 fe ff ff 18 00 00 00 48 89 85 b0 fe ff ff 48
0x00007ff4c1740edb:   8d 85 20 ff ff ff 4c 89 e7 48 89 85 b8 fe ff ff
0x00007ff4c1740eeb:   49 8b 06 c7 85 ac fe ff ff 30 00 00 00 c7 85 90
0x00007ff4c1740efb:   fe ff ff 04 00 00 00 48 8b 40 08 0f b7 50 2c 48
0x00007ff4c1740f0b:   8b 40 08 48 8b 74 d0 40 e8 b8 5a 3a 00 4d 89 e0
0x00007ff4c1740f1b:   49 89 d9 4c 89 f1 48 8d 05 30 28 77 00 4c 89 fa
0x00007ff4c1740f2b:   4c 89 ef 45 31 e4 48 89 85 e0 fe ff ff f3 0f 6f
0x00007ff4c1740f3b:   85 a8 fe ff ff 48 8d b5 90 fe ff ff 48 8b 85 b8
0x00007ff4c1740f4b:   fe ff ff c7 85 f8 fe ff ff 63 00 00 00 48 c7 85
0x00007ff4c1740f5b:   00 ff ff ff 00 00 00 00 0f 11 85 08 ff ff ff 48
0x00007ff4c1740f6b:   89 85 18 ff ff ff e8 3a fb ff ff 48 83 7b 08 00
0x00007ff4c1740f7b:   75 08 44 0f b6 a5 98 fe ff ff 48 83 bd c8 fe ff
0x00007ff4c1740f8b:   ff 00 74 0c 48 8d bd c0 fe ff ff e8 b5 14 32 00
0x00007ff4c1740f9b:   48 8b bb f0 00 00 00 e8 59 ea 00 00 48 8d bd 88
0x00007ff4c1740fab:   fe ff ff e8 3d eb 00 00 48 81 c4 58 01 00 00 44
0x00007ff4c1740fbb:   89 e0 5b 41 5c 41 5d 41 5e 41 5f 5d c3 0f 1f 84
0x00007ff4c1740fcb:   00 00 00 00 00 48 89 df 31 db e8 d6 32 45 00 e9
0x00007ff4c1740fdb:   ab fe ff ff 90 55 48 89 e5 41 57 49 89 f7 41 56 


Stack slot to memory mapping:
stack at sp + 0 slots: {method} {0x00007ff4995a4e88} 'getHealth' '()D' in 'RobotInfo'
stack at sp + 1 slots: 0x00007ff4bc464000 is a thread
stack at sp + 2 slots: 0x00007ff40000000c is an unknown value
stack at sp + 3 slots: 0x00007ff43c000d10 points into unknown readable memory: 70 4e d2 8b 00 00 00 00
stack at sp + 4 slots: 0x0000000000000002 is an unknown value
stack at sp + 5 slots: 0x0000003000000018 is an unknown value
stack at sp + 6 slots: 0x00007ff478455770 is pointing into the stack for thread: 0x00007ff4bc464000
stack at sp + 7 slots: 0x00007ff478455680 is pointing into the stack for thread: 0x00007ff4bc464000


---------------  P R O C E S S  ---------------

Threads class SMR info:
_java_thread_list=0x00007ff41c08f620, length=18, elements={
0x00007ff4bc107000, 0x00007ff4bc109000, 0x00007ff4bc10e800, 0x00007ff4bc110800,
0x00007ff4bc112800, 0x00007ff4bc114800, 0x00007ff4bc14b800, 0x00007ff4bc154000,
0x00007ff4bc331800, 0x00007ff4bc333800, 0x00007ff4bc45c000, 0x00007ff4bc464000,
0x00007ff4bc465800, 0x00007ff4bc467800, 0x00007ff4bc469800, 0x00007ff4bc46b800,
0x00007ff4bc011800, 0x00007ff41c08e000
}

Java Threads: ( => current thread )
  0x00007ff4bc107000 JavaThread "Reference Handler" daemon [_thread_blocked, id=589, stack(0x00007ff498f9e000,0x00007ff49909f000)]
  0x00007ff4bc109000 JavaThread "Finalizer" daemon [_thread_blocked, id=590, stack(0x00007ff498e9d000,0x00007ff498f9e000)]
  0x00007ff4bc10e800 JavaThread "Signal Dispatcher" daemon [_thread_blocked, id=591, stack(0x00007ff47beff000,0x00007ff47c000000)]
  0x00007ff4bc110800 JavaThread "C2 CompilerThread0" daemon [_thread_blocked, id=592, stack(0x00007ff47bdfe000,0x00007ff47beff000)]
  0x00007ff4bc112800 JavaThread "C1 CompilerThread0" daemon [_thread_blocked, id=593, stack(0x00007ff47bcfd000,0x00007ff47bdfe000)]
  0x00007ff4bc114800 JavaThread "Sweeper thread" daemon [_thread_blocked, id=594, stack(0x00007ff47bbfc000,0x00007ff47bcfd000)]
  0x00007ff4bc14b800 JavaThread "Service Thread" daemon [_thread_blocked, id=595, stack(0x00007ff47bafb000,0x00007ff47bbfc000)]
  0x00007ff4bc154000 JavaThread "Common-Cleaner" daemon [_thread_blocked, id=597, stack(0x00007ff47b8f8000,0x00007ff47b9f9000)]
  0x00007ff4bc331800 JavaThread "Java2D Disposer" daemon [_thread_blocked, id=602, stack(0x00007ff478659000,0x00007ff47875a000)]
  0x00007ff4bc333800 JavaThread "AWT-XAWT" daemon [_thread_blocked, id=603, stack(0x00007ff478558000,0x00007ff478659000)]
  0x00007ff4bc45c000 JavaThread "Image Fetcher 0" daemon [_thread_blocked, id=604, stack(0x00007ff478457000,0x00007ff478558000)]
=>0x00007ff4bc464000 JavaThread "Thomas" [_thread_in_vm, id=605, stack(0x00007ff478356000,0x00007ff478457000)]
  0x00007ff4bc465800 JavaThread "Thomas" [_thread_blocked, id=609, stack(0x00007ff433eff000,0x00007ff434000000)]
  0x00007ff4bc467800 JavaThread "Thomas" [_thread_blocked, id=610, stack(0x00007ff433dfe000,0x00007ff433eff000)]
  0x00007ff4bc469800 JavaThread "AWT-Shutdown" [_thread_blocked, id=611, stack(0x00007ff433cfd000,0x00007ff433dfe000)]
  0x00007ff4bc46b800 JavaThread "AWT-EventQueue-0" [_thread_blocked, id=612, stack(0x00007ff433bfc000,0x00007ff433cfd000)]
  0x00007ff4bc011800 JavaThread "DestroyJavaVM" [_thread_blocked, id=582, stack(0x00007ff4c0a92000,0x00007ff4c0b93000)]
  0x00007ff41c08e000 JavaThread "TimerQueue" daemon [_thread_blocked, id=613, stack(0x00007ff433afb000,0x00007ff433bfc000)]

Other Threads:
  0x00007ff4bc104000 VMThread "VM Thread" [stack: 0x00007ff4990a1000,0x00007ff4991a1000] [id=588]
  0x00007ff4bc14e000 WatcherThread [stack: 0x00007ff47b9fb000,0x00007ff47bafb000] [id=596]
  0x00007ff4bc027000 GCTaskThread "GC Thread#0" [stack: 0x00007ff4c0746000,0x00007ff4c0846000] [id=583]
  0x00007ff488001000 GCTaskThread "GC Thread#1" [stack: 0x00007ff478256000,0x00007ff478356000] [id=606]
  0x00007ff488002800 GCTaskThread "GC Thread#2" [stack: 0x00007ff478154000,0x00007ff478254000] [id=607]
  0x00007ff488004800 GCTaskThread "GC Thread#3" [stack: 0x00007ff478052000,0x00007ff478152000] [id=608]
  0x00007ff4bc058000 ConcurrentGCThread "G1 Main Marker" [stack: 0x00007ff4c01fe000,0x00007ff4c02fe000] [id=584]
  0x00007ff4bc05a000 ConcurrentGCThread "G1 Conc#0" [stack: 0x00007ff4c00fc000,0x00007ff4c01fc000] [id=585]
  0x00007ff4bc0d2000 ConcurrentGCThread "G1 Refine#0" [stack: 0x00007ff499aa5000,0x00007ff499ba5000] [id=586]
  0x00007ff4bc0d3800 ConcurrentGCThread "G1 Young RemSet Sampling" [stack: 0x00007ff4999a3000,0x00007ff499aa3000] [id=587]

Threads with active compile tasks:
C2 CompilerThread01071       4       jdk.internal.logger.LazyLoggers$LazyLoggerWrapper::platformProxy (10 bytes)

VM state:synchronizing (normal execution)

VM Mutex/Monitor currently owned by a thread:  ([mutex/lock_event])
[0x00007ff4bc00e360] Threads_lock - owner thread: 0x00007ff4bc104000

Heap address: 0x0000000085000000, size: 1968 MB, Compressed Oops mode: 32-bit
Narrow klass base: 0x0000000800000000, Narrow klass shift: 3
Compressed class space size: 1073741824 Address: 0x0000000840000000

Heap:
 garbage-first heap   total 129024K, used 18403K [0x0000000085000000, 0x0000000100000000)
  region size 1024K, 11 young (11264K), 2 survivors (2048K)
 Metaspace       used 11043K, capacity 11599K, committed 11904K, reserved 1058816K
  class space    used 1308K, capacity 1555K, committed 1664K, reserved 1048576K
Heap Regions: E=young(eden), S=young(survivor), O=old, HS=humongous(starts), HC=humongous(continues), CS=collection set, F=free, A=archive, TAMS=top-at-mark-start (previous, next)
|   0|0x0000000085000000, 0x0000000085100000, 0x0000000085100000|100%|HS|  |TAMS 0x0000000085000000, 0x0000000085000000| Complete 
|   1|0x0000000085100000, 0x0000000085200000, 0x0000000085200000|100%|HC|  |TAMS 0x0000000085100000, 0x0000000085100000| Complete 
|   2|0x0000000085200000, 0x0000000085300000, 0x0000000085300000|100%|HC|  |TAMS 0x0000000085200000, 0x0000000085200000| Complete 
|   3|0x0000000085300000, 0x0000000085400000, 0x0000000085400000|100%|HC|  |TAMS 0x0000000085300000, 0x0000000085300000| Complete 
|   4|0x0000000085400000, 0x0000000085500000, 0x0000000085500000|100%|HC|  |TAMS 0x0000000085400000, 0x0000000085400000| Complete 
|   5|0x0000000085500000, 0x0000000085600000, 0x0000000085600000|100%|HC|  |TAMS 0x0000000085500000, 0x0000000085500000| Complete 
|   6|0x0000000085600000, 0x0000000085700000, 0x0000000085700000|100%|HC|  |TAMS 0x0000000085600000, 0x0000000085600000| Complete 
|   7|0x0000000085700000, 0x0000000085800000, 0x0000000085800000|100%|HC|  |TAMS 0x0000000085700000, 0x0000000085700000| Complete 
|   8|0x0000000085800000, 0x0000000085800000, 0x0000000085900000|  0%| F|  |TAMS 0x0000000085800000, 0x0000000085800000| Untracked 
|   9|0x0000000085900000, 0x0000000085900000, 0x0000000085a00000|  0%| F|  |TAMS 0x0000000085900000, 0x0000000085900000| Untracked 
|  10|0x0000000085a00000, 0x0000000085a00000, 0x0000000085b00000|  0%| F|  |TAMS 0x0000000085a00000, 0x0000000085a00000| Untracked 
|  11|0x0000000085b00000, 0x0000000085b00000, 0x0000000085c00000|  0%| F|  |TAMS 0x0000000085b00000, 0x0000000085b00000| Untracked 
|  12|0x0000000085c00000, 0x0000000085c00000, 0x0000000085d00000|  0%| F|  |TAMS 0x0000000085c00000, 0x0000000085c00000| Untracked 
|  13|0x0000000085d00000, 0x0000000085d00000, 0x0000000085e00000|  0%| F|  |TAMS 0x0000000085d00000, 0x0000000085d00000| Untracked 
|  14|0x0000000085e00000, 0x0000000085e00000, 0x0000000085f00000|  0%| F|  |TAMS 0x0000000085e00000, 0x0000000085e00000| Untracked 
|  15|0x0000000085f00000, 0x0000000085f00000, 0x0000000086000000|  0%| F|  |TAMS 0x0000000085f00000, 0x0000000085f00000| Untracked 
|  16|0x0000000086000000, 0x0000000086000000, 0x0000000086100000|  0%| F|  |TAMS 0x0000000086000000, 0x0000000086000000| Untracked 
|  17|0x0000000086100000, 0x0000000086100000, 0x0000000086200000|  0%| F|  |TAMS 0x0000000086100000, 0x0000000086100000| Untracked 
|  18|0x0000000086200000, 0x0000000086200000, 0x0000000086300000|  0%| F|  |TAMS 0x0000000086200000, 0x0000000086200000| Untracked 
|  19|0x0000000086300000, 0x0000000086300000, 0x0000000086400000|  0%| F|  |TAMS 0x0000000086300000, 0x0000000086300000| Untracked 
|  20|0x0000000086400000, 0x0000000086400000, 0x0000000086500000|  0%| F|  |TAMS 0x0000000086400000, 0x0000000086400000| Untracked 
|  21|0x0000000086500000, 0x0000000086500000, 0x0000000086600000|  0%| F|  |TAMS 0x0000000086500000, 0x0000000086500000| Untracked 
|  22|0x0000000086600000, 0x0000000086600000, 0x0000000086700000|  0%| F|  |TAMS 0x0000000086600000, 0x0000000086600000| Untracked 
|  23|0x0000000086700000, 0x0000000086700000, 0x0000000086800000|  0%| F|  |TAMS 0x0000000086700000, 0x0000000086700000| Untracked 
|  24|0x0000000086800000, 0x0000000086800000, 0x0000000086900000|  0%| F|  |TAMS 0x0000000086800000, 0x0000000086800000| Untracked 
|  25|0x0000000086900000, 0x0000000086900000, 0x0000000086a00000|  0%| F|  |TAMS 0x0000000086900000, 0x0000000086900000| Untracked 
|  26|0x0000000086a00000, 0x0000000086a00000, 0x0000000086b00000|  0%| F|  |TAMS 0x0000000086a00000, 0x0000000086a00000| Untracked 
|  27|0x0000000086b00000, 0x0000000086b00000, 0x0000000086c00000|  0%| F|  |TAMS 0x0000000086b00000, 0x0000000086b00000| Untracked 
|  28|0x0000000086c00000, 0x0000000086c00000, 0x0000000086d00000|  0%| F|  |TAMS 0x0000000086c00000, 0x0000000086c00000| Untracked 
|  29|0x0000000086d00000, 0x0000000086d00000, 0x0000000086e00000|  0%| F|  |TAMS 0x0000000086d00000, 0x0000000086d00000| Untracked 
|  30|0x0000000086e00000, 0x0000000086e00000, 0x0000000086f00000|  0%| F|  |TAMS 0x0000000086e00000, 0x0000000086e00000| Untracked 
|  31|0x0000000086f00000, 0x0000000086f00000, 0x0000000087000000|  0%| F|  |TAMS 0x0000000086f00000, 0x0000000086f00000| Untracked 
|  32|0x0000000087000000, 0x0000000087000000, 0x0000000087100000|  0%| F|  |TAMS 0x0000000087000000, 0x0000000087000000| Untracked 
|  33|0x0000000087100000, 0x0000000087100000, 0x0000000087200000|  0%| F|  |TAMS 0x0000000087100000, 0x0000000087100000| Untracked 
|  34|0x0000000087200000, 0x0000000087200000, 0x0000000087300000|  0%| F|  |TAMS 0x0000000087200000, 0x0000000087200000| Untracked 
|  35|0x0000000087300000, 0x0000000087300000, 0x0000000087400000|  0%| F|  |TAMS 0x0000000087300000, 0x0000000087300000| Untracked 
|  36|0x0000000087400000, 0x0000000087400000, 0x0000000087500000|  0%| F|  |TAMS 0x0000000087400000, 0x0000000087400000| Untracked 
|  37|0x0000000087500000, 0x0000000087500000, 0x0000000087600000|  0%| F|  |TAMS 0x0000000087500000, 0x0000000087500000| Untracked 
|  38|0x0000000087600000, 0x0000000087600000, 0x0000000087700000|  0%| F|  |TAMS 0x0000000087600000, 0x0000000087600000| Untracked 
|  39|0x0000000087700000, 0x0000000087700000, 0x0000000087800000|  0%| F|  |TAMS 0x0000000087700000, 0x0000000087700000| Untracked 
|  40|0x0000000087800000, 0x0000000087800000, 0x0000000087900000|  0%| F|  |TAMS 0x0000000087800000, 0x0000000087800000| Untracked 
|  41|0x0000000087900000, 0x0000000087900000, 0x0000000087a00000|  0%| F|  |TAMS 0x0000000087900000, 0x0000000087900000| Untracked 
|  42|0x0000000087a00000, 0x0000000087a00000, 0x0000000087b00000|  0%| F|  |TAMS 0x0000000087a00000, 0x0000000087a00000| Untracked 
|  43|0x0000000087b00000, 0x0000000087b00000, 0x0000000087c00000|  0%| F|  |TAMS 0x0000000087b00000, 0x0000000087b00000| Untracked 
|  44|0x0000000087c00000, 0x0000000087c00000, 0x0000000087d00000|  0%| F|  |TAMS 0x0000000087c00000, 0x0000000087c00000| Untracked 
|  45|0x0000000087d00000, 0x0000000087d00000, 0x0000000087e00000|  0%| F|  |TAMS 0x0000000087d00000, 0x0000000087d00000| Untracked 
|  46|0x0000000087e00000, 0x0000000087e00000, 0x0000000087f00000|  0%| F|  |TAMS 0x0000000087e00000, 0x0000000087e00000| Untracked 
|  47|0x0000000087f00000, 0x0000000087f00000, 0x0000000088000000|  0%| F|  |TAMS 0x0000000087f00000, 0x0000000087f00000| Untracked 
|  48|0x0000000088000000, 0x0000000088000000, 0x0000000088100000|  0%| F|  |TAMS 0x0000000088000000, 0x0000000088000000| Untracked 
|  49|0x0000000088100000, 0x0000000088100000, 0x0000000088200000|  0%| F|  |TAMS 0x0000000088100000, 0x0000000088100000| Untracked 
|  50|0x0000000088200000, 0x0000000088200000, 0x0000000088300000|  0%| F|  |TAMS 0x0000000088200000, 0x0000000088200000| Untracked 
|  51|0x0000000088300000, 0x0000000088300000, 0x0000000088400000|  0%| F|  |TAMS 0x0000000088300000, 0x0000000088300000| Untracked 
|  52|0x0000000088400000, 0x0000000088400000, 0x0000000088500000|  0%| F|  |TAMS 0x0000000088400000, 0x0000000088400000| Untracked 
|  53|0x0000000088500000, 0x0000000088500000, 0x0000000088600000|  0%| F|  |TAMS 0x0000000088500000, 0x0000000088500000| Untracked 
|  54|0x0000000088600000, 0x0000000088600000, 0x0000000088700000|  0%| F|  |TAMS 0x0000000088600000, 0x0000000088600000| Untracked 
|  55|0x0000000088700000, 0x0000000088700000, 0x0000000088800000|  0%| F|  |TAMS 0x0000000088700000, 0x0000000088700000| Untracked 
|  56|0x0000000088800000, 0x0000000088800000, 0x0000000088900000|  0%| F|  |TAMS 0x0000000088800000, 0x0000000088800000| Untracked 
|  57|0x0000000088900000, 0x0000000088900000, 0x0000000088a00000|  0%| F|  |TAMS 0x0000000088900000, 0x0000000088900000| Untracked 
|  58|0x0000000088a00000, 0x0000000088a00000, 0x0000000088b00000|  0%| F|  |TAMS 0x0000000088a00000, 0x0000000088a00000| Untracked 
|  59|0x0000000088b00000, 0x0000000088b00000, 0x0000000088c00000|  0%| F|  |TAMS 0x0000000088b00000, 0x0000000088b00000| Untracked 
|  60|0x0000000088c00000, 0x0000000088c00000, 0x0000000088d00000|  0%| F|  |TAMS 0x0000000088c00000, 0x0000000088c00000| Untracked 
|  61|0x0000000088d00000, 0x0000000088d00000, 0x0000000088e00000|  0%| F|  |TAMS 0x0000000088d00000, 0x0000000088d00000| Untracked 
|  62|0x0000000088e00000, 0x0000000088e00000, 0x0000000088f00000|  0%| F|  |TAMS 0x0000000088e00000, 0x0000000088e00000| Untracked 
|  63|0x0000000088f00000, 0x0000000088f00000, 0x0000000089000000|  0%| F|  |TAMS 0x0000000088f00000, 0x0000000088f00000| Untracked 
|  64|0x0000000089000000, 0x0000000089000000, 0x0000000089100000|  0%| F|  |TAMS 0x0000000089000000, 0x0000000089000000| Untracked 
|  65|0x0000000089100000, 0x0000000089100000, 0x0000000089200000|  0%| F|  |TAMS 0x0000000089100000, 0x0000000089100000| Untracked 
|  66|0x0000000089200000, 0x0000000089200000, 0x0000000089300000|  0%| F|  |TAMS 0x0000000089200000, 0x0000000089200000| Untracked 
|  67|0x0000000089300000, 0x0000000089300000, 0x0000000089400000|  0%| F|  |TAMS 0x0000000089300000, 0x0000000089300000| Untracked 
|  68|0x0000000089400000, 0x0000000089400000, 0x0000000089500000|  0%| F|  |TAMS 0x0000000089400000, 0x0000000089400000| Untracked 
|  69|0x0000000089500000, 0x0000000089500000, 0x0000000089600000|  0%| F|  |TAMS 0x0000000089500000, 0x0000000089500000| Untracked 
|  70|0x0000000089600000, 0x0000000089600000, 0x0000000089700000|  0%| F|  |TAMS 0x0000000089600000, 0x0000000089600000| Untracked 
|  71|0x0000000089700000, 0x0000000089700000, 0x0000000089800000|  0%| F|  |TAMS 0x0000000089700000, 0x0000000089700000| Untracked 
|  72|0x0000000089800000, 0x0000000089800000, 0x0000000089900000|  0%| F|  |TAMS 0x0000000089800000, 0x0000000089800000| Untracked 
|  73|0x0000000089900000, 0x0000000089900000, 0x0000000089a00000|  0%| F|  |TAMS 0x0000000089900000, 0x0000000089900000| Untracked 
|  74|0x0000000089a00000, 0x0000000089a00000, 0x0000000089b00000|  0%| F|  |TAMS 0x0000000089a00000, 0x0000000089a00000| Untracked 
|  75|0x0000000089b00000, 0x0000000089b00000, 0x0000000089c00000|  0%| F|  |TAMS 0x0000000089b00000, 0x0000000089b00000| Untracked 
|  76|0x0000000089c00000, 0x0000000089c00000, 0x0000000089d00000|  0%| F|  |TAMS 0x0000000089c00000, 0x0000000089c00000| Untracked 
|  77|0x0000000089d00000, 0x0000000089d00000, 0x0000000089e00000|  0%| F|  |TAMS 0x0000000089d00000, 0x0000000089d00000| Untracked 
|  78|0x0000000089e00000, 0x0000000089e00000, 0x0000000089f00000|  0%| F|  |TAMS 0x0000000089e00000, 0x0000000089e00000| Untracked 
|  79|0x0000000089f00000, 0x0000000089f00000, 0x000000008a000000|  0%| F|  |TAMS 0x0000000089f00000, 0x0000000089f00000| Untracked 
|  80|0x000000008a000000, 0x000000008a000000, 0x000000008a100000|  0%| F|  |TAMS 0x000000008a000000, 0x000000008a000000| Untracked 
|  81|0x000000008a100000, 0x000000008a100000, 0x000000008a200000|  0%| F|  |TAMS 0x000000008a100000, 0x000000008a100000| Untracked 
|  82|0x000000008a200000, 0x000000008a200000, 0x000000008a300000|  0%| F|  |TAMS 0x000000008a200000, 0x000000008a200000| Untracked 
|  83|0x000000008a300000, 0x000000008a300000, 0x000000008a400000|  0%| F|  |TAMS 0x000000008a300000, 0x000000008a300000| Untracked 
|  84|0x000000008a400000, 0x000000008a400000, 0x000000008a500000|  0%| F|  |TAMS 0x000000008a400000, 0x000000008a400000| Untracked 
|  85|0x000000008a500000, 0x000000008a500000, 0x000000008a600000|  0%| F|  |TAMS 0x000000008a500000, 0x000000008a500000| Untracked 
|  86|0x000000008a600000, 0x000000008a600000, 0x000000008a700000|  0%| F|  |TAMS 0x000000008a600000, 0x000000008a600000| Untracked 
|  87|0x000000008a700000, 0x000000008a700000, 0x000000008a800000|  0%| F|  |TAMS 0x000000008a700000, 0x000000008a700000| Untracked 
|  88|0x000000008a800000, 0x000000008a800000, 0x000000008a900000|  0%| F|  |TAMS 0x000000008a800000, 0x000000008a800000| Untracked 
|  89|0x000000008a900000, 0x000000008a900000, 0x000000008aa00000|  0%| F|  |TAMS 0x000000008a900000, 0x000000008a900000| Untracked 
|  90|0x000000008aa00000, 0x000000008aa00000, 0x000000008ab00000|  0%| F|  |TAMS 0x000000008aa00000, 0x000000008aa00000| Untracked 
|  91|0x000000008ab00000, 0x000000008ab00000, 0x000000008ac00000|  0%| F|  |TAMS 0x000000008ab00000, 0x000000008ab00000| Untracked 
|  92|0x000000008ac00000, 0x000000008ac00000, 0x000000008ad00000|  0%| F|  |TAMS 0x000000008ac00000, 0x000000008ac00000| Untracked 
|  93|0x000000008ad00000, 0x000000008ad00000, 0x000000008ae00000|  0%| F|  |TAMS 0x000000008ad00000, 0x000000008ad00000| Untracked 
|  94|0x000000008ae00000, 0x000000008ae00000, 0x000000008af00000|  0%| F|  |TAMS 0x000000008ae00000, 0x000000008ae00000| Untracked 
|  95|0x000000008af00000, 0x000000008af00000, 0x000000008b000000|  0%| F|  |TAMS 0x000000008af00000, 0x000000008af00000| Untracked 
|  96|0x000000008b000000, 0x000000008b000000, 0x000000008b100000|  0%| F|  |TAMS 0x000000008b000000, 0x000000008b000000| Untracked 
|  97|0x000000008b100000, 0x000000008b100000, 0x000000008b200000|  0%| F|  |TAMS 0x000000008b100000, 0x000000008b100000| Untracked 
|  98|0x000000008b200000, 0x000000008b200000, 0x000000008b300000|  0%| F|  |TAMS 0x000000008b200000, 0x000000008b200000| Untracked 
|  99|0x000000008b300000, 0x000000008b300000, 0x000000008b400000|  0%| F|  |TAMS 0x000000008b300000, 0x000000008b300000| Untracked 
| 100|0x000000008b400000, 0x000000008b400000, 0x000000008b500000|  0%| F|  |TAMS 0x000000008b400000, 0x000000008b400000| Untracked 
| 101|0x000000008b500000, 0x000000008b500000, 0x000000008b600000|  0%| F|  |TAMS 0x000000008b500000, 0x000000008b500000| Untracked 
| 102|0x000000008b600000, 0x000000008b600000, 0x000000008b700000|  0%| F|  |TAMS 0x000000008b600000, 0x000000008b600000| Untracked 
| 103|0x000000008b700000, 0x000000008b700000, 0x000000008b800000|  0%| F|  |TAMS 0x000000008b700000, 0x000000008b700000| Untracked 
| 104|0x000000008b800000, 0x000000008b800000, 0x000000008b900000|  0%| F|  |TAMS 0x000000008b800000, 0x000000008b800000| Untracked 
| 105|0x000000008b900000, 0x000000008b900000, 0x000000008ba00000|  0%| F|  |TAMS 0x000000008b900000, 0x000000008b900000| Untracked 
| 106|0x000000008ba00000, 0x000000008ba00000, 0x000000008bb00000|  0%| F|  |TAMS 0x000000008ba00000, 0x000000008ba00000| Untracked 
| 107|0x000000008bb00000, 0x000000008bb00000, 0x000000008bc00000|  0%| F|  |TAMS 0x000000008bb00000, 0x000000008bb00000| Untracked 
| 108|0x000000008bc00000, 0x000000008bc5ac70, 0x000000008bd00000| 35%| S|CS|TAMS 0x000000008bc00000, 0x000000008bc00000| Complete 
| 109|0x000000008bd00000, 0x000000008be00000, 0x000000008be00000|100%| S|CS|TAMS 0x000000008bd00000, 0x000000008bd00000| Complete 
| 110|0x000000008be00000, 0x000000008be00000, 0x000000008bf00000|  0%| F|  |TAMS 0x000000008be00000, 0x000000008be00000| Untracked 
| 111|0x000000008bf00000, 0x000000008bf00000, 0x000000008c000000|  0%| F|  |TAMS 0x000000008bf00000, 0x000000008bf00000| Untracked 
| 112|0x000000008c000000, 0x000000008c000000, 0x000000008c100000|  0%| F|  |TAMS 0x000000008c000000, 0x000000008c000000| Untracked 
| 113|0x000000008c100000, 0x000000008c100000, 0x000000008c200000|  0%| F|  |TAMS 0x000000008c100000, 0x000000008c100000| Untracked 
| 114|0x000000008c200000, 0x000000008c200000, 0x000000008c300000|  0%| F|  |TAMS 0x000000008c200000, 0x000000008c200000| Untracked 
| 115|0x000000008c300000, 0x000000008c37b620, 0x000000008c400000| 48%| E|  |TAMS 0x000000008c300000, 0x000000008c300000| Complete 
| 116|0x000000008c400000, 0x000000008c500000, 0x000000008c500000|100%| E|CS|TAMS 0x000000008c400000, 0x000000008c400000| Complete 
| 117|0x000000008c500000, 0x000000008c600000, 0x000000008c600000|100%| E|CS|TAMS 0x000000008c500000, 0x000000008c500000| Complete 
| 118|0x000000008c600000, 0x000000008c700000, 0x000000008c700000|100%| E|CS|TAMS 0x000000008c600000, 0x000000008c600000| Complete 
| 119|0x000000008c700000, 0x000000008c800000, 0x000000008c800000|100%| E|CS|TAMS 0x000000008c700000, 0x000000008c700000| Complete 
| 120|0x000000008c800000, 0x000000008c900000, 0x000000008c900000|100%| E|CS|TAMS 0x000000008c800000, 0x000000008c800000| Complete 
| 121|0x000000008c900000, 0x000000008ca00000, 0x000000008ca00000|100%| E|CS|TAMS 0x000000008c900000, 0x000000008c900000| Complete 
| 122|0x000000008ca00000, 0x000000008cb00000, 0x000000008cb00000|100%| E|CS|TAMS 0x000000008ca00000, 0x000000008ca00000| Complete 
| 123|0x000000008cb00000, 0x000000008cc00000, 0x000000008cc00000|100%| E|CS|TAMS 0x000000008cb00000, 0x000000008cb00000| Complete 
|1966|0x00000000ffe00000, 0x00000000ffe34000, 0x00000000fff00000| 20%|OA|  |TAMS 0x00000000ffe00000, 0x00000000ffe00000| Untracked 
|1967|0x00000000fff00000, 0x00000000fff6a000, 0x0000000100000000| 41%|CA|  |TAMS 0x00000000fff00000, 0x00000000fff00000| Untracked 

Card table byte_map: [0x00007ff4a41a6000,0x00007ff4a457e000] _byte_map_base: 0x00007ff4a3d7e000

Marking Bits (Prev, Next): (CMBitMap*) 0x00007ff4bc04f5d8, (CMBitMap*) 0x00007ff4bc04f610
 Prev Bits: [0x00007ff49dd68000, 0x00007ff49fc28000)
 Next Bits: [0x00007ff49bea8000, 0x00007ff49dd68000)

Polling page: 0x00007ff4c0a59000

Metaspace:

Usage:
  Non-class:      9.81 MB capacity,     9.51 MB ( 97%) used,   253.88 KB (  3%) free+waste,    55.12 KB ( <1%) overhead. 
      Class:      1.52 MB capacity,     1.28 MB ( 84%) used,   216.29 KB ( 14%) free+waste,    30.44 KB (  2%) overhead. 
       Both:     11.33 MB capacity,    10.78 MB ( 95%) used,   470.16 KB (  4%) free+waste,    85.56 KB ( <1%) overhead. 

Virtual space:
  Non-class space:       10.00 MB reserved,      10.00 MB (100%) committed 
      Class space:        1.00 GB reserved,       1.62 MB ( <1%) committed 
             Both:        1.01 GB reserved,      11.62 MB (  1%) committed 

Chunk freelists:
   Non-Class:  24.00 KB
       Class:  13.00 KB
        Both:  37.00 KB

CodeHeap 'non-profiled nmethods': size=120032Kb used=377Kb max_used=377Kb free=119654Kb
 bounds [0x00007ff4ac41e000, 0x00007ff4ac68e000, 0x00007ff4b3956000]
CodeHeap 'profiled nmethods': size=120032Kb used=1933Kb max_used=1933Kb free=118098Kb
 bounds [0x00007ff4a4ee6000, 0x00007ff4a5156000, 0x00007ff4ac41e000]
CodeHeap 'non-nmethods': size=5696Kb used=1278Kb max_used=1288Kb free=4417Kb
 bounds [0x00007ff4a4956000, 0x00007ff4a4bc6000, 0x00007ff4a4ee6000]
 total_blobs=1922 nmethods=1074 adapters=600
 compilation: enabled
              stopped_count=0, restarted_count=0
 full_count=0

Compilation events (10 events):
Event: 2.145 Thread 0x00007ff4bc112800 1070       1       java.awt.event.InputEvent::isConsumed (5 bytes)
Event: 2.146 Thread 0x00007ff4bc112800 nmethod 1070 0x00007ff4ac47bf90 code [0x00007ff4ac47c140, 0x00007ff4ac47c270]
Event: 2.146 Thread 0x00007ff4bc110800 1071       4       jdk.internal.logger.LazyLoggers$LazyLoggerWrapper::platformProxy (10 bytes)
Event: 2.146 Thread 0x00007ff4bc112800 1072       3       java.security.AccessController::getContext (23 bytes)
Event: 2.147 Thread 0x00007ff4bc112800 nmethod 1072 0x00007ff4a50c6c10 code [0x00007ff4a50c6e00, 0x00007ff4a50c7118]
Event: 2.151 Thread 0x00007ff4bc112800 1075       3       java.awt.Container::findComponentAtImpl (161 bytes)
Event: 2.153 Thread 0x00007ff4bc112800 nmethod 1075 0x00007ff4a50c7290 code [0x00007ff4a50c7500, 0x00007ff4a50c8248]
Event: 2.153 Thread 0x00007ff4bc112800 1076       3       java.awt.Component$1::isEnabled (5 bytes)
Event: 2.153 Thread 0x00007ff4bc112800 nmethod 1076 0x00007ff4a50c8590 code [0x00007ff4a50c8740, 0x00007ff4a50c88d0]
Event: 2.154 Thread 0x00007ff4bc112800 1077  s!   3       java.awt.Toolkit::getDefaultToolkit (34 bytes)

GC Heap History (2 events):
Event: 1.144 GC heap before
{Heap before GC invocations=0 (full 0):
 garbage-first heap   total 129024K, used 23160K [0x0000000085000000, 0x0000000100000000)
  region size 1024K, 14 young (14336K), 0 survivors (0K)
 Metaspace       used 5255K, capacity 5660K, committed 6016K, reserved 1056768K
  class space    used 584K, capacity 769K, committed 896K, reserved 1048576K
}
Event: 1.152 GC heap after
{Heap after GC invocations=1 (full 0):
 garbage-first heap   total 129024K, used 10211K [0x0000000085000000, 0x0000000100000000)
  region size 1024K, 2 young (2048K), 2 survivors (2048K)
 Metaspace       used 5255K, capacity 5660K, committed 6016K, reserved 1056768K
  class space    used 584K, capacity 769K, committed 896K, reserved 1048576K
}

Deoptimization events (10 events):
Event: 1.138 Thread 0x00007ff4bc45c000 DEOPT PACKING pc=0x00007ff4ac45169c sp=0x00007ff4785566e0
Event: 1.138 Thread 0x00007ff4bc45c000 DEOPT UNPACKING pc=0x00007ff4a497ea25 sp=0x00007ff478556650 mode 2
Event: 1.489 Thread 0x00007ff4bc46b800 Uncommon trap: trap_request=0xffffffc6 fr.pc=0x00007ff4ac4624b0 relative=0x00000000000006b0
Event: 1.489 Thread 0x00007ff4bc46b800 Uncommon trap: reason=bimorphic_or_optimized_type_check action=maybe_recompile pc=0x00007ff4ac4624b0 method=java.util.concurrent.ConcurrentHashMap.get(Ljava/lang/Object;)Ljava/lang/Object; @ 149 c2
Event: 1.489 Thread 0x00007ff4bc46b800 DEOPT PACKING pc=0x00007ff4ac4624b0 sp=0x00007ff433cf71f0
Event: 1.489 Thread 0x00007ff4bc46b800 DEOPT UNPACKING pc=0x00007ff4a497ea25 sp=0x00007ff433cf7190 mode 2
Event: 1.523 Thread 0x00007ff4bc46b800 Uncommon trap: trap_request=0xffffffc6 fr.pc=0x00007ff4ac4624b0 relative=0x00000000000006b0
Event: 1.523 Thread 0x00007ff4bc46b800 Uncommon trap: reason=bimorphic_or_optimized_type_check action=maybe_recompile pc=0x00007ff4ac4624b0 method=java.util.concurrent.ConcurrentHashMap.get(Ljava/lang/Object;)Ljava/lang/Object; @ 149 c2
Event: 1.523 Thread 0x00007ff4bc46b800 DEOPT PACKING pc=0x00007ff4ac4624b0 sp=0x00007ff433cf7150
Event: 1.523 Thread 0x00007ff4bc46b800 DEOPT UNPACKING pc=0x00007ff4a497ea25 sp=0x00007ff433cf70f0 mode 2

Classes redefined (0 events):
No events

Internal exceptions (10 events):
Event: 1.264 Thread 0x00007ff4bc46b800 Exception <a 'java/lang/NoSuchMethodError'{0x000000008c7fa6e0}: 'java.lang.Object java.lang.invoke.DirectMethodHandle$Holder.invokeSpecial(java.lang.Object, java.lang.Object, int, int, java.lang.Object, java.lang.Object, java.lang.Object, java.lang.Object
Event: 1.264 Thread 0x00007ff4bc46b800 Exception <a 'java/lang/NoSuchMethodError'{0x000000008c7fe0c0}: 'java.lang.Object java.lang.invoke.DelegatingMethodHandle$Holder.reinvoke_L(java.lang.Object, int, int, java.lang.Object, java.lang.Object, java.lang.Object, java.lang.Object)'> (0x000000008c
Event: 1.282 Thread 0x00007ff4bc46b800 Exception <a 'java/lang/NoSuchMethodError'{0x000000008c511e38}: 'java.lang.Object java.lang.invoke.DirectMethodHandle$Holder.invokeStatic(java.lang.Object, java.lang.Object, java.lang.Object, java.lang.Object, java.lang.Object, java.lang.Object, java.lang
Event: 1.283 Thread 0x00007ff4bc46b800 Exception <a 'java/lang/NoSuchMethodError'{0x000000008c51e3b0}: 'java.lang.Object java.lang.invoke.DirectMethodHandle$Holder.invokeStatic(java.lang.Object, java.lang.Object, java.lang.Object, java.lang.Object, java.lang.Object, java.lang.Object, java.lang
Event: 1.284 Thread 0x00007ff4bc46b800 Exception <a 'java/lang/NoSuchMethodError'{0x000000008c52ad08}: 'java.lang.Object java.lang.invoke.DirectMethodHandle$Holder.invokeStatic(java.lang.Object, java.lang.Object, java.lang.Object, java.lang.Object, java.lang.Object, java.lang.Object, java.lang
Event: 1.293 Thread 0x00007ff4bc46b800 Exception <a 'java/lang/NoSuchMethodError'{0x000000008c588c80}: 'java.lang.Object java.lang.invoke.DirectMethodHandle$Holder.invokeStatic(java.lang.Object, java.lang.Object, java.lang.Object, java.lang.Object, java.lang.Object, java.lang.Object, java.lang
Event: 1.294 Thread 0x00007ff4bc46b800 Exception <a 'java/lang/NoSuchMethodError'{0x000000008c5a6c08}: 'java.lang.Object java.lang.invoke.DirectMethodHandle$Holder.invokeStatic(java.lang.Object, java.lang.Object, java.lang.Object, java.lang.Object, java.lang.Object, java.lang.Object, java.lang
Event: 1.295 Thread 0x00007ff4bc46b800 Exception <a 'java/lang/NoSuchMethodError'{0x000000008c5c5690}: 'java.lang.Object java.lang.invoke.DirectMethodHandle$Holder.invokeStatic(java.lang.Object, java.lang.Object, java.lang.Object, java.lang.Object, java.lang.Object, java.lang.Object, java.lang
Event: 1.297 Thread 0x00007ff4bc46b800 Exception <a 'java/lang/NoSuchMethodError'{0x000000008c5e5780}: 'java.lang.Object java.lang.invoke.DirectMethodHandle$Holder.invokeStatic(java.lang.Object, java.lang.Object, java.lang.Object, java.lang.Object, java.lang.Object, java.lang.Object, java.lang
Event: 1.319 Thread 0x00007ff4bc46b800 Exception <a 'java/lang/NoSuchMethodError'{0x000000008c4109d8}: 'void java.lang.invoke.DirectMethodHandle$Holder.invokeStaticInit(java.lang.Object)'> (0x000000008c4109d8) thrown at [/build/openjdk-lts-ZT5jEu/openjdk-lts-11.0.4+11/src/hotspot/share/interpr

Events (10 events):
Event: 1.607 loading class sun/awt/im/CompositionAreaHandler
Event: 1.607 loading class sun/awt/im/CompositionAreaHandler done
Event: 1.608 loading class java/text/AttributedString
Event: 1.608 loading class java/text/AttributedString done
Event: 1.608 loading class java/text/AttributedString$AttributedStringIterator
Event: 1.608 loading class java/text/AttributedCharacterIterator
Event: 1.608 loading class java/text/AttributedCharacterIterator done
Event: 1.608 loading class java/text/AttributedString$AttributedStringIterator done
Event: 1.881 loading class sun/awt/X11/XMotionEvent
Event: 1.881 loading class sun/awt/X11/XMotionEvent done


Dynamic libraries:
85000000-8cc00000 rw-p 00000000 00:00 0 
8cc00000-ffe00000 ---p 00000000 00:00 0 
ffe00000-ffe34000 rw-p 01116000 08:02 23990720                           /usr/lib/jvm/java-11-openjdk-amd64/lib/server/classes.jsa
ffe34000-fff00000 rw-p 00000000 00:00 0 
fff00000-fff6a000 rw-p 010ac000 08:02 23990720                           /usr/lib/jvm/java-11-openjdk-amd64/lib/server/classes.jsa
fff6a000-100000000 rw-p 00000000 00:00 0 
800000000-800002000 rwxp 00001000 08:02 23990720                         /usr/lib/jvm/java-11-openjdk-amd64/lib/server/classes.jsa
800002000-8003bd000 rw-p 00003000 08:02 23990720                         /usr/lib/jvm/java-11-openjdk-amd64/lib/server/classes.jsa
8003bd000-800a98000 r--p 003be000 08:02 23990720                         /usr/lib/jvm/java-11-openjdk-amd64/lib/server/classes.jsa
800a98000-800a99000 rw-p 00a99000 08:02 23990720                         /usr/lib/jvm/java-11-openjdk-amd64/lib/server/classes.jsa
800a99000-8010ab000 r--p 00a9a000 08:02 23990720                         /usr/lib/jvm/java-11-openjdk-amd64/lib/server/classes.jsa
840000000-8401a0000 rw-p 00000000 00:00 0 
8401a0000-880000000 ---p 00000000 00:00 0 
55b0b00de000-55b0b00df000 r--p 00000000 08:02 23597129                   /usr/lib/jvm/java-11-openjdk-amd64/bin/java
55b0b00df000-55b0b00e0000 r-xp 00001000 08:02 23597129                   /usr/lib/jvm/java-11-openjdk-amd64/bin/java
55b0b00e0000-55b0b00e1000 r--p 00002000 08:02 23597129                   /usr/lib/jvm/java-11-openjdk-amd64/bin/java
55b0b00e1000-55b0b00e2000 r--p 00002000 08:02 23597129                   /usr/lib/jvm/java-11-openjdk-amd64/bin/java
55b0b00e2000-55b0b00e3000 rw-p 00003000 08:02 23597129                   /usr/lib/jvm/java-11-openjdk-amd64/bin/java
55b0b01e7000-55b0b0208000 rw-p 00000000 00:00 0                          [heap]
7ff41c000000-7ff41c0e1000 rw-p 00000000 00:00 0 
7ff41c0e1000-7ff420000000 ---p 00000000 00:00 0 
7ff420000000-7ff420021000 rw-p 00000000 00:00 0 
7ff420021000-7ff424000000 ---p 00000000 00:00 0 
7ff424000000-7ff424021000 rw-p 00000000 00:00 0 
7ff424021000-7ff428000000 ---p 00000000 00:00 0 
7ff428000000-7ff428021000 rw-p 00000000 00:00 0 
7ff428021000-7ff42c000000 ---p 00000000 00:00 0 
7ff42c000000-7ff42c021000 rw-p 00000000 00:00 0 
7ff42c021000-7ff430000000 ---p 00000000 00:00 0 
7ff4331f2000-7ff4338fb000 rw-s 00000000 00:05 12222503                   /SYSV00000000 (deleted)
7ff4338fb000-7ff433afb000 rw-p 00000000 00:00 0 
7ff433afb000-7ff433aff000 ---p 00000000 00:00 0 
7ff433aff000-7ff433bfc000 rw-p 00000000 00:00 0 
7ff433bfc000-7ff433c00000 ---p 00000000 00:00 0 
7ff433c00000-7ff433cfd000 rw-p 00000000 00:00 0 
7ff433cfd000-7ff433d01000 ---p 00000000 00:00 0 
7ff433d01000-7ff433dfe000 rw-p 00000000 00:00 0 
7ff433dfe000-7ff433e02000 ---p 00000000 00:00 0 
7ff433e02000-7ff433eff000 rw-p 00000000 00:00 0 
7ff433eff000-7ff433f03000 ---p 00000000 00:00 0 
7ff433f03000-7ff434000000 rw-p 00000000 00:00 0 
7ff434000000-7ff434021000 rw-p 00000000 00:00 0 
7ff434021000-7ff438000000 ---p 00000000 00:00 0 
7ff438000000-7ff438021000 rw-p 00000000 00:00 0 
7ff438021000-7ff43c000000 ---p 00000000 00:00 0 
7ff43c000000-7ff43c021000 rw-p 00000000 00:00 0 
7ff43c021000-7ff440000000 ---p 00000000 00:00 0 
7ff440000000-7ff440021000 rw-p 00000000 00:00 0 
7ff440021000-7ff444000000 ---p 00000000 00:00 0 
7ff444000000-7ff444021000 rw-p 00000000 00:00 0 
7ff444021000-7ff448000000 ---p 00000000 00:00 0 
7ff448000000-7ff448037000 rw-p 00000000 00:00 0 
7ff448037000-7ff44c000000 ---p 00000000 00:00 0 
7ff44c000000-7ff44c021000 rw-p 00000000 00:00 0 
7ff44c021000-7ff450000000 ---p 00000000 00:00 0 
7ff450000000-7ff450021000 rw-p 00000000 00:00 0 
7ff450021000-7ff454000000 ---p 00000000 00:00 0 
7ff454000000-7ff454021000 rw-p 00000000 00:00 0 
7ff454021000-7ff458000000 ---p 00000000 00:00 0 
7ff458000000-7ff458021000 rw-p 00000000 00:00 0 
7ff458021000-7ff45c000000 ---p 00000000 00:00 0 
7ff45c000000-7ff45c021000 rw-p 00000000 00:00 0 
7ff45c021000-7ff460000000 ---p 00000000 00:00 0 
7ff460000000-7ff460021000 rw-p 00000000 00:00 0 
7ff460021000-7ff464000000 ---p 00000000 00:00 0 
7ff464000000-7ff464021000 rw-p 00000000 00:00 0 
7ff464021000-7ff468000000 ---p 00000000 00:00 0 
7ff468000000-7ff468021000 rw-p 00000000 00:00 0 
7ff468021000-7ff46c000000 ---p 00000000 00:00 0 
7ff46c000000-7ff46c5cf000 rw-p 00000000 00:00 0 
7ff46c5cf000-7ff470000000 ---p 00000000 00:00 0 
7ff470000000-7ff470443000 rw-p 00000000 00:00 0 
7ff470443000-7ff474000000 ---p 00000000 00:00 0 
7ff474000000-7ff474021000 rw-p 00000000 00:00 0 
7ff474021000-7ff478000000 ---p 00000000 00:00 0 
7ff478050000-7ff478051000 ---p 00000000 00:00 0 
7ff478051000-7ff478152000 rw-p 00000000 00:00 0 
7ff478152000-7ff478153000 ---p 00000000 00:00 0 
7ff478153000-7ff478254000 rw-p 00000000 00:00 0 
7ff478254000-7ff478255000 ---p 00000000 00:00 0 
7ff478255000-7ff478356000 rw-p 00000000 00:00 0 
7ff478356000-7ff47835a000 ---p 00000000 00:00 0 
7ff47835a000-7ff478457000 rw-p 00000000 00:00 0 
7ff478457000-7ff47845b000 ---p 00000000 00:00 0 
7ff47845b000-7ff478558000 rw-p 00000000 00:00 0 
7ff478558000-7ff47855c000 ---p 00000000 00:00 0 
7ff47855c000-7ff478659000 rw-p 00000000 00:00 0 
7ff478659000-7ff47865d000 ---p 00000000 00:00 0 
7ff47865d000-7ff47875a000 rw-p 00000000 00:00 0 
7ff47875a000-7ff47875f000 r-xp 00000000 08:02 23600531                   /usr/lib/x86_64-linux-gnu/libXfixes.so.3.1.0
7ff47875f000-7ff47895e000 ---p 00005000 08:02 23600531                   /usr/lib/x86_64-linux-gnu/libXfixes.so.3.1.0
7ff47895e000-7ff47895f000 r--p 00004000 08:02 23600531                   /usr/lib/x86_64-linux-gnu/libXfixes.so.3.1.0
7ff47895f000-7ff478960000 rw-p 00005000 08:02 23600531                   /usr/lib/x86_64-linux-gnu/libXfixes.so.3.1.0
7ff478960000-7ff478962000 r--p 00000000 08:02 23600523                   /usr/lib/x86_64-linux-gnu/libXcursor.so.1.0.2
7ff478962000-7ff478967000 r-xp 00002000 08:02 23600523                   /usr/lib/x86_64-linux-gnu/libXcursor.so.1.0.2
7ff478967000-7ff478969000 r--p 00007000 08:02 23600523                   /usr/lib/x86_64-linux-gnu/libXcursor.so.1.0.2
7ff478969000-7ff47896a000 r--p 00008000 08:02 23600523                   /usr/lib/x86_64-linux-gnu/libXcursor.so.1.0.2
7ff47896a000-7ff47896b000 rw-p 00009000 08:02 23600523                   /usr/lib/x86_64-linux-gnu/libXcursor.so.1.0.2
7ff47897d000-7ff47897e000 ---p 00000000 00:00 0 
7ff47897e000-7ff47917e000 rw-p 00000000 00:00 0 
7ff47917e000-7ff47917f000 ---p 00000000 00:00 0 
7ff47917f000-7ff47997f000 rw-p 00000000 00:00 0 
7ff47997f000-7ff479980000 ---p 00000000 00:00 0 
7ff479980000-7ff47a180000 rw-p 00000000 00:00 0 
7ff47a180000-7ff47a1a6000 r--p 00000000 08:02 25043479                   /usr/share/glib-2.0/schemas/gschemas.compiled
7ff47a1a6000-7ff47a1a8000 r--p 00000000 08:02 23601822                   /usr/lib/x86_64-linux-gnu/libuuid.so.1.3.0
7ff47a1a8000-7ff47a1ac000 r-xp 00002000 08:02 23601822                   /usr/lib/x86_64-linux-gnu/libuuid.so.1.3.0
7ff47a1ac000-7ff47a1ad000 r--p 00006000 08:02 23601822                   /usr/lib/x86_64-linux-gnu/libuuid.so.1.3.0
7ff47a1ad000-7ff47a1ae000 r--p 00006000 08:02 23601822                   /usr/lib/x86_64-linux-gnu/libuuid.so.1.3.0
7ff47a1ae000-7ff47a1af000 rw-p 00007000 08:02 23601822                   /usr/lib/x86_64-linux-gnu/libuuid.so.1.3.0
7ff47a1af000-7ff47a1b9000 r--p 00000000 08:02 23600663                   /usr/lib/x86_64-linux-gnu/libblkid.so.1.1.0
7ff47a1b9000-7ff47a1ed000 r-xp 0000a000 08:02 23600663                   /usr/lib/x86_64-linux-gnu/libblkid.so.1.1.0
7ff47a1ed000-7ff47a1fd000 r--p 0003e000 08:02 23600663                   /usr/lib/x86_64-linux-gnu/libblkid.so.1.1.0
7ff47a1fd000-7ff47a1fe000 ---p 0004e000 08:02 23600663                   /usr/lib/x86_64-linux-gnu/libblkid.so.1.1.0
7ff47a1fe000-7ff47a203000 r--p 0004e000 08:02 23600663                   /usr/lib/x86_64-linux-gnu/libblkid.so.1.1.0
7ff47a203000-7ff47a204000 rw-p 00053000 08:02 23600663                   /usr/lib/x86_64-linux-gnu/libblkid.so.1.1.0
7ff47a204000-7ff47a206000 r--p 00000000 08:02 23601506                   /usr/lib/x86_64-linux-gnu/libpcre.so.3.13.3
7ff47a206000-7ff47a258000 r-xp 00002000 08:02 23601506                   /usr/lib/x86_64-linux-gnu/libpcre.so.3.13.3
7ff47a258000-7ff47a276000 r--p 00054000 08:02 23601506                   /usr/lib/x86_64-linux-gnu/libpcre.so.3.13.3
7ff47a276000-7ff47a277000 r--p 00071000 08:02 23601506                   /usr/lib/x86_64-linux-gnu/libpcre.so.3.13.3
7ff47a277000-7ff47a278000 rw-p 00072000 08:02 23601506                   /usr/lib/x86_64-linux-gnu/libpcre.so.3.13.3
7ff47a278000-7ff47a27c000 r--p 00000000 08:02 23601610                   /usr/lib/x86_64-linux-gnu/libresolv-2.29.so
7ff47a27c000-7ff47a28b000 r-xp 00004000 08:02 23601610                   /usr/lib/x86_64-linux-gnu/libresolv-2.29.so
7ff47a28b000-7ff47a28e000 r--p 00013000 08:02 23601610                   /usr/lib/x86_64-linux-gnu/libresolv-2.29.so
7ff47a28e000-7ff47a28f000 ---p 00016000 08:02 23601610                   /usr/lib/x86_64-linux-gnu/libresolv-2.29.so
7ff47a28f000-7ff47a290000 r--p 00016000 08:02 23601610                   /usr/lib/x86_64-linux-gnu/libresolv-2.29.so
7ff47a290000-7ff47a291000 rw-p 00017000 08:02 23601610                   /usr/lib/x86_64-linux-gnu/libresolv-2.29.so
7ff47a291000-7ff47a293000 rw-p 00000000 00:00 0 
7ff47a293000-7ff47a299000 r--p 00000000 08:02 23601661                   /usr/lib/x86_64-linux-gnu/libselinux.so.1
7ff47a299000-7ff47a2b1000 r-xp 00006000 08:02 23601661                   /usr/lib/x86_64-linux-gnu/libselinux.so.1
7ff47a2b1000-7ff47a2b8000 r--p 0001e000 08:02 23601661                   /usr/lib/x86_64-linux-gnu/libselinux.so.1
7ff47a2b8000-7ff47a2b9000 ---p 00025000 08:02 23601661                   /usr/lib/x86_64-linux-gnu/libselinux.so.1
7ff47a2b9000-7ff47a2ba000 r--p 00025000 08:02 23601661                   /usr/lib/x86_64-linux-gnu/libselinux.so.1
7ff47a2ba000-7ff47a2bb000 rw-p 00026000 08:02 23601661                   /usr/lib/x86_64-linux-gnu/libselinux.so.1
7ff47a2bb000-7ff47a2bd000 rw-p 00000000 00:00 0 
7ff47a2bd000-7ff47a2c8000 r--p 00000000 08:02 23601326                   /usr/lib/x86_64-linux-gnu/libmount.so.1.1.0
7ff47a2c8000-7ff47a303000 r-xp 0000b000 08:02 23601326                   /usr/lib/x86_64-linux-gnu/libmount.so.1.1.0
7ff47a303000-7ff47a315000 r--p 00046000 08:02 23601326                   /usr/lib/x86_64-linux-gnu/libmount.so.1.1.0
7ff47a315000-7ff47a318000 r--p 00057000 08:02 23601326                   /usr/lib/x86_64-linux-gnu/libmount.so.1.1.0
7ff47a318000-7ff47a319000 rw-p 0005a000 08:02 23601326                   /usr/lib/x86_64-linux-gnu/libmount.so.1.1.0
7ff47a319000-7ff47a327000 r--p 00000000 08:02 23593408                   /usr/lib/x86_64-linux-gnu/libgobject-2.0.so.0.6000.0
7ff47a327000-7ff47a359000 r-xp 0000e000 08:02 23593408                   /usr/lib/x86_64-linux-gnu/libgobject-2.0.so.0.6000.0
7ff47a359000-7ff47a371000 r--p 00040000 08:02 23593408                   /usr/lib/x86_64-linux-gnu/libgobject-2.0.so.0.6000.0
7ff47a371000-7ff47a374000 r--p 00057000 08:02 23593408                   /usr/lib/x86_64-linux-gnu/libgobject-2.0.so.0.6000.0
7ff47a374000-7ff47a375000 rw-p 0005a000 08:02 23593408                   /usr/lib/x86_64-linux-gnu/libgobject-2.0.so.0.6000.0
7ff47a375000-7ff47a390000 r--p 00000000 08:02 23593383                   /usr/lib/x86_64-linux-gnu/libglib-2.0.so.0.6000.0
7ff47a390000-7ff47a410000 r-xp 0001b000 08:02 23593383                   /usr/lib/x86_64-linux-gnu/libglib-2.0.so.0.6000.0
7ff47a410000-7ff47a492000 r--p 0009b000 08:02 23593383                   /usr/lib/x86_64-linux-gnu/libglib-2.0.so.0.6000.0
7ff47a492000-7ff47a493000 ---p 0011d000 08:02 23593383                   /usr/lib/x86_64-linux-gnu/libglib-2.0.so.0.6000.0
7ff47a493000-7ff47a494000 r--p 0011d000 08:02 23593383                   /usr/lib/x86_64-linux-gnu/libglib-2.0.so.0.6000.0
7ff47a494000-7ff47a495000 rw-p 0011e000 08:02 23593383                   /usr/lib/x86_64-linux-gnu/libglib-2.0.so.0.6000.0
7ff47a495000-7ff47a496000 rw-p 00000000 00:00 0 
7ff47a496000-7ff47a4cd000 r--p 00000000 08:02 23593360                   /usr/lib/x86_64-linux-gnu/libgio-2.0.so.0.6000.0
7ff47a4cd000-7ff47a5ce000 r-xp 00037000 08:02 23593360                   /usr/lib/x86_64-linux-gnu/libgio-2.0.so.0.6000.0
7ff47a5ce000-7ff47a654000 r--p 00138000 08:02 23593360                   /usr/lib/x86_64-linux-gnu/libgio-2.0.so.0.6000.0
7ff47a654000-7ff47a65c000 r--p 001bd000 08:02 23593360                   /usr/lib/x86_64-linux-gnu/libgio-2.0.so.0.6000.0
7ff47a65c000-7ff47a65d000 rw-p 001c5000 08:02 23593360                   /usr/lib/x86_64-linux-gnu/libgio-2.0.so.0.6000.0
7ff47a65d000-7ff47a65f000 rw-p 00000000 00:00 0 
7ff47a65f000-7ff47a669000 r-xp 00000000 08:02 23600547                   /usr/lib/x86_64-linux-gnu/libXrandr.so.2.2.0
7ff47a669000-7ff47a868000 ---p 0000a000 08:02 23600547                   /usr/lib/x86_64-linux-gnu/libXrandr.so.2.2.0
7ff47a868000-7ff47a869000 r--p 00009000 08:02 23600547                   /usr/lib/x86_64-linux-gnu/libXrandr.so.2.2.0
7ff47a869000-7ff47a86a000 rw-p 0000a000 08:02 23600547                   /usr/lib/x86_64-linux-gnu/libXrandr.so.2.2.0
7ff47a86a000-7ff47a86f000 r--p 00000000 08:02 23601542                   /usr/lib/x86_64-linux-gnu/libpng16.so.16.36.0
7ff47a86f000-7ff47a893000 r-xp 00005000 08:02 23601542                   /usr/lib/x86_64-linux-gnu/libpng16.so.16.36.0
7ff47a893000-7ff47a89f000 r--p 00029000 08:02 23601542                   /usr/lib/x86_64-linux-gnu/libpng16.so.16.36.0
7ff47a89f000-7ff47a8a0000 r--p 00034000 08:02 23601542                   /usr/lib/x86_64-linux-gnu/libpng16.so.16.36.0
7ff47a8a0000-7ff47a8a1000 rw-p 00035000 08:02 23601542                   /usr/lib/x86_64-linux-gnu/libpng16.so.16.36.0
7ff47a8a1000-7ff47a8ad000 r--p 00000000 08:02 23600949                   /usr/lib/x86_64-linux-gnu/libfreetype.so.6.16.1
7ff47a8ad000-7ff47a92a000 r-xp 0000c000 08:02 23600949                   /usr/lib/x86_64-linux-gnu/libfreetype.so.6.16.1
7ff47a92a000-7ff47a953000 r--p 00089000 08:02 23600949                   /usr/lib/x86_64-linux-gnu/libfreetype.so.6.16.1
7ff47a953000-7ff47a954000 ---p 000b2000 08:02 23600949                   /usr/lib/x86_64-linux-gnu/libfreetype.so.6.16.1
7ff47a954000-7ff47a95b000 r--p 000b2000 08:02 23600949                   /usr/lib/x86_64-linux-gnu/libfreetype.so.6.16.1
7ff47a95b000-7ff47a95c000 rw-p 000b9000 08:02 23600949                   /usr/lib/x86_64-linux-gnu/libfreetype.so.6.16.1
7ff47a95c000-7ff47a960000 r--p 00000000 08:02 23990635                   /usr/lib/jvm/java-11-openjdk-amd64/lib/libfontmanager.so
7ff47a960000-7ff47aa52000 r-xp 00004000 08:02 23990635                   /usr/lib/jvm/java-11-openjdk-amd64/lib/libfontmanager.so
7ff47aa52000-7ff47aa92000 r--p 000f6000 08:02 23990635                   /usr/lib/jvm/java-11-openjdk-amd64/lib/libfontmanager.so
7ff47aa92000-7ff47aa93000 r--p 00135000 08:02 23990635                   /usr/lib/jvm/java-11-openjdk-amd64/lib/libfontmanager.so
7ff47aa93000-7ff47aa94000 rw-p 00136000 08:02 23990635                   /usr/lib/jvm/java-11-openjdk-amd64/lib/libfontmanager.so
7ff47aa94000-7ff47aa97000 rw-p 00000000 00:00 0 
7ff47aa97000-7ff47aa9b000 r--p 00000000 08:02 23600683                   /usr/lib/x86_64-linux-gnu/libbsd.so.0.9.1
7ff47aa9b000-7ff47aaaa000 r-xp 00004000 08:02 23600683                   /usr/lib/x86_64-linux-gnu/libbsd.so.0.9.1
7ff47aaaa000-7ff47aaad000 r--p 00013000 08:02 23600683                   /usr/lib/x86_64-linux-gnu/libbsd.so.0.9.1
7ff47aaad000-7ff47aaae000 ---p 00016000 08:02 23600683                   /usr/lib/x86_64-linux-gnu/libbsd.so.0.9.1
7ff47aaae000-7ff47aaaf000 r--p 00016000 08:02 23600683                   /usr/lib/x86_64-linux-gnu/libbsd.so.0.9.1
7ff47aaaf000-7ff47aab0000 rw-p 00017000 08:02 23600683                   /usr/lib/x86_64-linux-gnu/libbsd.so.0.9.1
7ff47aab0000-7ff47aab1000 rw-p 00000000 00:00 0 
7ff47aab1000-7ff47aab6000 r-xp 00000000 08:02 23600527                   /usr/lib/x86_64-linux-gnu/libXdmcp.so.6.0.0
7ff47aab6000-7ff47acb5000 ---p 00005000 08:02 23600527                   /usr/lib/x86_64-linux-gnu/libXdmcp.so.6.0.0
7ff47acb5000-7ff47acb6000 r--p 00004000 08:02 23600527                   /usr/lib/x86_64-linux-gnu/libXdmcp.so.6.0.0
7ff47acb6000-7ff47acb7000 rw-p 00005000 08:02 23600527                   /usr/lib/x86_64-linux-gnu/libXdmcp.so.6.0.0
7ff47acb7000-7ff47acb9000 r-xp 00000000 08:02 23600516                   /usr/lib/x86_64-linux-gnu/libXau.so.6.0.0
7ff47acb9000-7ff47aeb9000 ---p 00002000 08:02 23600516                   /usr/lib/x86_64-linux-gnu/libXau.so.6.0.0
7ff47aeb9000-7ff47aeba000 r--p 00002000 08:02 23600516                   /usr/lib/x86_64-linux-gnu/libXau.so.6.0.0
7ff47aeba000-7ff47aebb000 rw-p 00003000 08:02 23600516                   /usr/lib/x86_64-linux-gnu/libXau.so.6.0.0
7ff47aebb000-7ff47aeca000 r-xp 00000000 08:02 23600537                   /usr/lib/x86_64-linux-gnu/libXi.so.6.1.0
7ff47aeca000-7ff47b0c9000 ---p 0000f000 08:02 23600537                   /usr/lib/x86_64-linux-gnu/libXi.so.6.1.0
7ff47b0c9000-7ff47b0ca000 r--p 0000e000 08:02 23600537                   /usr/lib/x86_64-linux-gnu/libXi.so.6.1.0
7ff47b0ca000-7ff47b0cb000 rw-p 0000f000 08:02 23600537                   /usr/lib/x86_64-linux-gnu/libXi.so.6.1.0
7ff47b0cb000-7ff47b0d0000 r-xp 00000000 08:02 23600555                   /usr/lib/x86_64-linux-gnu/libXtst.so.6.1.0
7ff47b0d0000-7ff47b2cf000 ---p 00005000 08:02 23600555                   /usr/lib/x86_64-linux-gnu/libXtst.so.6.1.0
7ff47b2cf000-7ff47b2d0000 r--p 00004000 08:02 23600555                   /usr/lib/x86_64-linux-gnu/libXtst.so.6.1.0
7ff47b2d0000-7ff47b2d1000 rw-p 00005000 08:02 23600555                   /usr/lib/x86_64-linux-gnu/libXtst.so.6.1.0
7ff47b2d1000-7ff47b2da000 r-xp 00000000 08:02 23600549                   /usr/lib/x86_64-linux-gnu/libXrender.so.1.3.0
7ff47b2da000-7ff47b4d9000 ---p 00009000 08:02 23600549                   /usr/lib/x86_64-linux-gnu/libXrender.so.1.3.0
7ff47b4d9000-7ff47b4da000 r--p 00008000 08:02 23600549                   /usr/lib/x86_64-linux-gnu/libXrender.so.1.3.0
7ff47b4da000-7ff47b4db000 rw-p 00009000 08:02 23600549                   /usr/lib/x86_64-linux-gnu/libXrender.so.1.3.0
7ff47b4db000-7ff47b4f3000 r--p 00000000 08:02 23600512                   /usr/lib/x86_64-linux-gnu/libX11.so.6.3.0
7ff47b4f3000-7ff47b57b000 r-xp 00018000 08:02 23600512                   /usr/lib/x86_64-linux-gnu/libX11.so.6.3.0
7ff47b57b000-7ff47b60f000 r--p 000a0000 08:02 23600512                   /usr/lib/x86_64-linux-gnu/libX11.so.6.3.0
7ff47b60f000-7ff47b610000 ---p 00134000 08:02 23600512                   /usr/lib/x86_64-linux-gnu/libX11.so.6.3.0
7ff47b610000-7ff47b611000 r--p 00134000 08:02 23600512                   /usr/lib/x86_64-linux-gnu/libX11.so.6.3.0
7ff47b611000-7ff47b615000 rw-p 00135000 08:02 23600512                   /usr/lib/x86_64-linux-gnu/libX11.so.6.3.0
7ff47b615000-7ff47b626000 r-xp 00000000 08:02 23600529                   /usr/lib/x86_64-linux-gnu/libXext.so.6.4.0
7ff47b626000-7ff47b825000 ---p 00011000 08:02 23600529                   /usr/lib/x86_64-linux-gnu/libXext.so.6.4.0
7ff47b825000-7ff47b826000 r--p 00010000 08:02 23600529                   /usr/lib/x86_64-linux-gnu/libXext.so.6.4.0
7ff47b826000-7ff47b827000 rw-p 00011000 08:02 23600529                   /usr/lib/x86_64-linux-gnu/libXext.so.6.4.0
7ff47b827000-7ff47b853000 r--p 00000000 08:02 23990630                   /usr/lib/jvm/java-11-openjdk-amd64/lib/libawt.so
7ff47b853000-7ff47b8ba000 r-xp 0002c000 08:02 23990630                   /usr/lib/jvm/java-11-openjdk-amd64/lib/libawt.so
7ff47b8ba000-7ff47b8c7000 r--p 00093000 08:02 23990630                   /usr/lib/jvm/java-11-openjdk-amd64/lib/libawt.so
7ff47b8c7000-7ff47b8c8000 r--p 0009f000 08:02 23990630                   /usr/lib/jvm/java-11-openjdk-amd64/lib/libawt.so
7ff47b8c8000-7ff47b8d3000 rw-p 000a0000 08:02 23990630                   /usr/lib/jvm/java-11-openjdk-amd64/lib/libawt.so
7ff47b8d3000-7ff47b8f8000 rw-p 00000000 00:00 0 
7ff47b8f8000-7ff47b8fc000 ---p 00000000 00:00 0 
7ff47b8fc000-7ff47b9f9000 rw-p 00000000 00:00 0 
7ff47b9f9000-7ff47b9fa000 ---p 00000000 00:00 0 
7ff47b9fa000-7ff47bafb000 rw-p 00000000 00:00 0 
7ff47bafb000-7ff47baff000 ---p 00000000 00:00 0 
7ff47baff000-7ff47bbfc000 rw-p 00000000 00:00 0 
7ff47bbfc000-7ff47bc00000 ---p 00000000 00:00 0 
7ff47bc00000-7ff47bcfd000 rw-p 00000000 00:00 0 
7ff47bcfd000-7ff47bd01000 ---p 00000000 00:00 0 
7ff47bd01000-7ff47bdfe000 rw-p 00000000 00:00 0 
7ff47bdfe000-7ff47be02000 ---p 00000000 00:00 0 
7ff47be02000-7ff47beff000 rw-p 00000000 00:00 0 
7ff47beff000-7ff47bf03000 ---p 00000000 00:00 0 
7ff47bf03000-7ff47c000000 rw-p 00000000 00:00 0 
7ff47c000000-7ff47c021000 rw-p 00000000 00:00 0 
7ff47c021000-7ff480000000 ---p 00000000 00:00 0 
7ff480000000-7ff480021000 rw-p 00000000 00:00 0 
7ff480021000-7ff484000000 ---p 00000000 00:00 0 
7ff484000000-7ff484021000 rw-p 00000000 00:00 0 
7ff484021000-7ff488000000 ---p 00000000 00:00 0 
7ff488000000-7ff488021000 rw-p 00000000 00:00 0 
7ff488021000-7ff48c000000 ---p 00000000 00:00 0 
7ff48c000000-7ff48c021000 rw-p 00000000 00:00 0 
7ff48c021000-7ff490000000 ---p 00000000 00:00 0 
7ff490000000-7ff490021000 rw-p 00000000 00:00 0 
7ff490021000-7ff494000000 ---p 00000000 00:00 0 
7ff494000000-7ff494021000 rw-p 00000000 00:00 0 
7ff494021000-7ff498000000 ---p 00000000 00:00 0 
7ff498003000-7ff49800e000 r--p 00000000 08:02 23601932                   /usr/lib/x86_64-linux-gnu/libxcb.so.1.1.0
7ff49800e000-7ff498021000 r-xp 0000b000 08:02 23601932                   /usr/lib/x86_64-linux-gnu/libxcb.so.1.1.0
7ff498021000-7ff49802a000 r--p 0001e000 08:02 23601932                   /usr/lib/x86_64-linux-gnu/libxcb.so.1.1.0
7ff49802a000-7ff49802b000 r--p 00026000 08:02 23601932                   /usr/lib/x86_64-linux-gnu/libxcb.so.1.1.0
7ff49802b000-7ff49802c000 rw-p 00027000 08:02 23601932                   /usr/lib/x86_64-linux-gnu/libxcb.so.1.1.0
7ff49802c000-7ff49803c000 r--p 00000000 08:02 23990632                   /usr/lib/jvm/java-11-openjdk-amd64/lib/libawt_xawt.so
7ff49803c000-7ff498079000 r-xp 00010000 08:02 23990632                   /usr/lib/jvm/java-11-openjdk-amd64/lib/libawt_xawt.so
7ff498079000-7ff49808b000 r--p 0004d000 08:02 23990632                   /usr/lib/jvm/java-11-openjdk-amd64/lib/libawt_xawt.so
7ff49808b000-7ff49808c000 r--p 0005e000 08:02 23990632                   /usr/lib/jvm/java-11-openjdk-amd64/lib/libawt_xawt.so
7ff49808c000-7ff49808f000 rw-p 0005f000 08:02 23990632                   /usr/lib/jvm/java-11-openjdk-amd64/lib/libawt_xawt.so
7ff49808f000-7ff4980c2000 rw-p 00000000 00:00 0 
7ff4980c2000-7ff498e9d000 r--p 00000000 08:02 23600058                   /usr/lib/locale/locale-archive
7ff498e9d000-7ff498ea1000 ---p 00000000 00:00 0 
7ff498ea1000-7ff498f9e000 rw-p 00000000 00:00 0 
7ff498f9e000-7ff498fa2000 ---p 00000000 00:00 0 
7ff498fa2000-7ff49909f000 rw-p 00000000 00:00 0 
7ff49909f000-7ff4990a0000 ---p 00000000 00:00 0 
7ff4990a0000-7ff4999a1000 rw-p 00000000 00:00 0 
7ff4999a1000-7ff4999a2000 ---p 00000000 00:00 0 
7ff4999a2000-7ff499aa3000 rw-p 00000000 00:00 0 
7ff499aa3000-7ff499aa4000 ---p 00000000 00:00 0 
7ff499aa4000-7ff49c098000 rw-p 00000000 00:00 0 
7ff49c098000-7ff49dd60000 ---p 00000000 00:00 0 
7ff49dd60000-7ff49df58000 rw-p 00000000 00:00 0 
7ff49df58000-7ff49fc20000 ---p 00000000 00:00 0 
7ff49fc20000-7ff49fc66000 rw-p 00000000 00:00 0 
7ff49fc66000-7ff49ffff000 ---p 00000000 00:00 0 
7ff49ffff000-7ff4a0000000 rw-p 00000000 00:00 0 
7ff4a0000000-7ff4a0021000 rw-p 00000000 00:00 0 
7ff4a0021000-7ff4a4000000 ---p 00000000 00:00 0 
7ff4a4000000-7ff4a4001000 r--p 00000000 08:02 27001592                   /home/kramer/Downloads/RobotArena-master/RobotAreana/AIBasic/build/libs/mynativelibrary/shared/libmynativelibrary.so
7ff4a4001000-7ff4a4002000 r-xp 00001000 08:02 27001592                   /home/kramer/Downloads/RobotArena-master/RobotAreana/AIBasic/build/libs/mynativelibrary/shared/libmynativelibrary.so
7ff4a4002000-7ff4a4003000 r--p 00002000 08:02 27001592                   /home/kramer/Downloads/RobotArena-master/RobotAreana/AIBasic/build/libs/mynativelibrary/shared/libmynativelibrary.so
7ff4a4003000-7ff4a4004000 r--p 00002000 08:02 27001592                   /home/kramer/Downloads/RobotArena-master/RobotAreana/AIBasic/build/libs/mynativelibrary/shared/libmynativelibrary.so
7ff4a4004000-7ff4a4005000 rw-p 00003000 08:02 27001592                   /home/kramer/Downloads/RobotArena-master/RobotAreana/AIBasic/build/libs/mynativelibrary/shared/libmynativelibrary.so
7ff4a4005000-7ff4a4008000 r--p 00000000 08:02 24904754                   /home/kramer/.config/dconf/user
7ff4a4008000-7ff4a400a000 r--p 00000000 08:02 23600923                   /usr/lib/x86_64-linux-gnu/libffi.so.6.0.4
7ff4a400a000-7ff4a400f000 r-xp 00002000 08:02 23600923                   /usr/lib/x86_64-linux-gnu/libffi.so.6.0.4
7ff4a400f000-7ff4a4010000 r--p 00007000 08:02 23600923                   /usr/lib/x86_64-linux-gnu/libffi.so.6.0.4
7ff4a4010000-7ff4a4011000 r--p 00007000 08:02 23600923                   /usr/lib/x86_64-linux-gnu/libffi.so.6.0.4
7ff4a4011000-7ff4a4012000 rw-p 00008000 08:02 23600923                   /usr/lib/x86_64-linux-gnu/libffi.so.6.0.4
7ff4a4013000-7ff4a4017000 r--p 00000000 08:02 24250591                   /usr/lib/x86_64-linux-gnu/gio/modules/libdconfsettings.so
7ff4a4017000-7ff4a401e000 r-xp 00004000 08:02 24250591                   /usr/lib/x86_64-linux-gnu/gio/modules/libdconfsettings.so
7ff4a401e000-7ff4a4021000 r--p 0000b000 08:02 24250591                   /usr/lib/x86_64-linux-gnu/gio/modules/libdconfsettings.so
7ff4a4021000-7ff4a4022000 ---p 0000e000 08:02 24250591                   /usr/lib/x86_64-linux-gnu/gio/modules/libdconfsettings.so
7ff4a4022000-7ff4a4023000 r--p 0000e000 08:02 24250591                   /usr/lib/x86_64-linux-gnu/gio/modules/libdconfsettings.so
7ff4a4023000-7ff4a4024000 rw-p 0000f000 08:02 24250591                   /usr/lib/x86_64-linux-gnu/gio/modules/libdconfsettings.so
7ff4a4024000-7ff4a41e4000 rw-p 00000000 00:00 0 
7ff4a41e4000-7ff4a457d000 ---p 00000000 00:00 0 
7ff4a457d000-7ff4a45bc000 rw-p 00000000 00:00 0 
7ff4a45bc000-7ff4a4955000 ---p 00000000 00:00 0 
7ff4a4955000-7ff4a4956000 rw-p 00000000 00:00 0 
7ff4a4956000-7ff4a4bc6000 rwxp 00000000 00:00 0 
7ff4a4bc6000-7ff4a4ee6000 ---p 00000000 00:00 0 
7ff4a4ee6000-7ff4a5156000 rwxp 00000000 00:00 0 
7ff4a5156000-7ff4ac41e000 ---p 00000000 00:00 0 
7ff4ac41e000-7ff4ac68e000 rwxp 00000000 00:00 0 
7ff4ac68e000-7ff4b3956000 ---p 00000000 00:00 0 
7ff4b3956000-7ff4bc000000 r--s 00000000 08:02 23990663                   /usr/lib/jvm/java-11-openjdk-amd64/lib/modules
7ff4bc000000-7ff4bc46f000 rw-p 00000000 00:00 0 
7ff4bc46f000-7ff4c0000000 ---p 00000000 00:00 0 
7ff4c0001000-7ff4c0002000 r--s 00000000 00:35 35                         /run/user/1000/dconf/user
7ff4c0002000-7ff4c0003000 r--p 00000000 08:02 25823354                   /usr/share/locale-langpack/en_AU/LC_MESSAGES/glib20.mo
7ff4c0003000-7ff4c0004000 r--p 00000000 08:02 23593407                   /usr/lib/x86_64-linux-gnu/libgmodule-2.0.so.0.6000.0
7ff4c0004000-7ff4c0006000 r-xp 00001000 08:02 23593407                   /usr/lib/x86_64-linux-gnu/libgmodule-2.0.so.0.6000.0
7ff4c0006000-7ff4c0007000 r--p 00003000 08:02 23593407                   /usr/lib/x86_64-linux-gnu/libgmodule-2.0.so.0.6000.0
7ff4c0007000-7ff4c0008000 r--p 00003000 08:02 23593407                   /usr/lib/x86_64-linux-gnu/libgmodule-2.0.so.0.6000.0
7ff4c0008000-7ff4c0009000 rw-p 00004000 08:02 23593407                   /usr/lib/x86_64-linux-gnu/libgmodule-2.0.so.0.6000.0
7ff4c0009000-7ff4c000d000 r--p 00000000 08:02 23990653                   /usr/lib/jvm/java-11-openjdk-amd64/lib/libnet.so
7ff4c000d000-7ff4c001c000 r-xp 00004000 08:02 23990653                   /usr/lib/jvm/java-11-openjdk-amd64/lib/libnet.so
7ff4c001c000-7ff4c0020000 r--p 00013000 08:02 23990653                   /usr/lib/jvm/java-11-openjdk-amd64/lib/libnet.so
7ff4c0020000-7ff4c0021000 r--p 00016000 08:02 23990653                   /usr/lib/jvm/java-11-openjdk-amd64/lib/libnet.so
7ff4c0021000-7ff4c0022000 rw-p 00017000 08:02 23990653                   /usr/lib/jvm/java-11-openjdk-amd64/lib/libnet.so
7ff4c0022000-7ff4c0029000 r--p 00000000 08:02 23990654                   /usr/lib/jvm/java-11-openjdk-amd64/lib/libnio.so
7ff4c0029000-7ff4c0030000 r-xp 00007000 08:02 23990654                   /usr/lib/jvm/java-11-openjdk-amd64/lib/libnio.so
7ff4c0030000-7ff4c0033000 r--p 0000e000 08:02 23990654                   /usr/lib/jvm/java-11-openjdk-amd64/lib/libnio.so
7ff4c0033000-7ff4c0034000 r--p 00010000 08:02 23990654                   /usr/lib/jvm/java-11-openjdk-amd64/lib/libnio.so
7ff4c0034000-7ff4c0035000 rw-p 00011000 08:02 23990654                   /usr/lib/jvm/java-11-openjdk-amd64/lib/libnio.so
7ff4c0035000-7ff4c00fa000 rw-p 00000000 00:00 0 
7ff4c00fa000-7ff4c00fb000 ---p 00000000 00:00 0 
7ff4c00fb000-7ff4c01fc000 rw-p 00000000 00:00 0 
7ff4c01fc000-7ff4c01fd000 ---p 00000000 00:00 0 
7ff4c01fd000-7ff4c0744000 rw-p 00000000 00:00 0 
7ff4c0744000-7ff4c0745000 ---p 00000000 00:00 0 
7ff4c0745000-7ff4c084b000 rw-p 00000000 00:00 0 
7ff4c084b000-7ff4c0931000 ---p 00000000 00:00 0 
7ff4c0931000-7ff4c0936000 rw-p 00000000 00:00 0 
7ff4c0936000-7ff4c0a1c000 ---p 00000000 00:00 0 
7ff4c0a1c000-7ff4c0a21000 rw-p 00000000 00:00 0 
7ff4c0a21000-7ff4c0a28000 ---p 00000000 00:00 0 
7ff4c0a28000-7ff4c0a2a000 r--s 00007000 08:02 24382982                   /usr/share/java/java-atk-wrapper.jar
7ff4c0a2a000-7ff4c0a2c000 r--p 00000000 08:02 23990645                   /usr/lib/jvm/java-11-openjdk-amd64/lib/libjimage.so
7ff4c0a2c000-7ff4c0a2f000 r-xp 00002000 08:02 23990645                   /usr/lib/jvm/java-11-openjdk-amd64/lib/libjimage.so
7ff4c0a2f000-7ff4c0a31000 r--p 00005000 08:02 23990645                   /usr/lib/jvm/java-11-openjdk-amd64/lib/libjimage.so
7ff4c0a31000-7ff4c0a32000 r--p 00006000 08:02 23990645                   /usr/lib/jvm/java-11-openjdk-amd64/lib/libjimage.so
7ff4c0a32000-7ff4c0a33000 rw-p 00007000 08:02 23990645                   /usr/lib/jvm/java-11-openjdk-amd64/lib/libjimage.so
7ff4c0a33000-7ff4c0a36000 r--p 00000000 08:02 23601425                   /usr/lib/x86_64-linux-gnu/libnss_files-2.29.so
7ff4c0a36000-7ff4c0a3d000 r-xp 00003000 08:02 23601425                   /usr/lib/x86_64-linux-gnu/libnss_files-2.29.so
7ff4c0a3d000-7ff4c0a3f000 r--p 0000a000 08:02 23601425                   /usr/lib/x86_64-linux-gnu/libnss_files-2.29.so
7ff4c0a3f000-7ff4c0a40000 r--p 0000b000 08:02 23601425                   /usr/lib/x86_64-linux-gnu/libnss_files-2.29.so
7ff4c0a40000-7ff4c0a41000 rw-p 0000c000 08:02 23601425                   /usr/lib/x86_64-linux-gnu/libnss_files-2.29.so
7ff4c0a41000-7ff4c0a47000 rw-p 00000000 00:00 0 
7ff4c0a47000-7ff4c0a49000 r--p 00000000 08:02 23990662                   /usr/lib/jvm/java-11-openjdk-amd64/lib/libzip.so
7ff4c0a49000-7ff4c0a4d000 r-xp 00002000 08:02 23990662                   /usr/lib/jvm/java-11-openjdk-amd64/lib/libzip.so
7ff4c0a4d000-7ff4c0a4f000 r--p 00006000 08:02 23990662                   /usr/lib/jvm/java-11-openjdk-amd64/lib/libzip.so
7ff4c0a4f000-7ff4c0a50000 r--p 00007000 08:02 23990662                   /usr/lib/jvm/java-11-openjdk-amd64/lib/libzip.so
7ff4c0a50000-7ff4c0a51000 rw-p 00008000 08:02 23990662                   /usr/lib/jvm/java-11-openjdk-amd64/lib/libzip.so
7ff4c0a51000-7ff4c0a59000 rw-s 00000000 08:02 2753649                    /tmp/hsperfdata_kramer/580
7ff4c0a59000-7ff4c0a5a000 ---p 00000000 00:00 0 
7ff4c0a5a000-7ff4c0a5b000 r--p 00000000 00:00 0 
7ff4c0a5b000-7ff4c0a68000 r--p 00000000 08:02 23990641                   /usr/lib/jvm/java-11-openjdk-amd64/lib/libjava.so
7ff4c0a68000-7ff4c0a7d000 r-xp 0000d000 08:02 23990641                   /usr/lib/jvm/java-11-openjdk-amd64/lib/libjava.so
7ff4c0a7d000-7ff4c0a84000 r--p 00022000 08:02 23990641                   /usr/lib/jvm/java-11-openjdk-amd64/lib/libjava.so
7ff4c0a84000-7ff4c0a85000 r--p 00028000 08:02 23990641                   /usr/lib/jvm/java-11-openjdk-amd64/lib/libjava.so
7ff4c0a85000-7ff4c0a87000 rw-p 00029000 08:02 23990641                   /usr/lib/jvm/java-11-openjdk-amd64/lib/libjava.so
7ff4c0a87000-7ff4c0a8a000 r--p 00000000 08:02 23601631                   /usr/lib/x86_64-linux-gnu/librt-2.29.so
7ff4c0a8a000-7ff4c0a8e000 r-xp 00003000 08:02 23601631                   /usr/lib/x86_64-linux-gnu/librt-2.29.so
7ff4c0a8e000-7ff4c0a90000 r--p 00007000 08:02 23601631                   /usr/lib/x86_64-linux-gnu/librt-2.29.so
7ff4c0a90000-7ff4c0a91000 r--p 00008000 08:02 23601631                   /usr/lib/x86_64-linux-gnu/librt-2.29.so
7ff4c0a91000-7ff4c0a92000 rw-p 00009000 08:02 23601631                   /usr/lib/x86_64-linux-gnu/librt-2.29.so
7ff4c0a92000-7ff4c0a96000 ---p 00000000 00:00 0 
7ff4c0a96000-7ff4c0b93000 rw-p 00000000 00:00 0 
7ff4c0b93000-7ff4c0b96000 r--p 00000000 08:02 23596996                   /usr/lib/x86_64-linux-gnu/libgcc_s.so.1
7ff4c0b96000-7ff4c0ba7000 r-xp 00003000 08:02 23596996                   /usr/lib/x86_64-linux-gnu/libgcc_s.so.1
7ff4c0ba7000-7ff4c0bab000 r--p 00014000 08:02 23596996                   /usr/lib/x86_64-linux-gnu/libgcc_s.so.1
7ff4c0bab000-7ff4c0bac000 r--p 00017000 08:02 23596996                   /usr/lib/x86_64-linux-gnu/libgcc_s.so.1
7ff4c0bac000-7ff4c0bad000 rw-p 00018000 08:02 23596996                   /usr/lib/x86_64-linux-gnu/libgcc_s.so.1
7ff4c0bad000-7ff4c0bbc000 r--p 00000000 08:02 23601302                   /usr/lib/x86_64-linux-gnu/libm-2.29.so
7ff4c0bbc000-7ff4c0c62000 r-xp 0000f000 08:02 23601302                   /usr/lib/x86_64-linux-gnu/libm-2.29.so
7ff4c0c62000-7ff4c0cf9000 r--p 000b5000 08:02 23601302                   /usr/lib/x86_64-linux-gnu/libm-2.29.so
7ff4c0cf9000-7ff4c0cfa000 r--p 0014b000 08:02 23601302                   /usr/lib/x86_64-linux-gnu/libm-2.29.so
7ff4c0cfa000-7ff4c0cfb000 rw-p 0014c000 08:02 23601302                   /usr/lib/x86_64-linux-gnu/libm-2.29.so
7ff4c0cfb000-7ff4c0d90000 r--p 00000000 08:02 23594558                   /usr/lib/x86_64-linux-gnu/libstdc++.so.6.0.26
7ff4c0d90000-7ff4c0e82000 r-xp 00095000 08:02 23594558                   /usr/lib/x86_64-linux-gnu/libstdc++.so.6.0.26
7ff4c0e82000-7ff4c0ecb000 r--p 00187000 08:02 23594558                   /usr/lib/x86_64-linux-gnu/libstdc++.so.6.0.26
7ff4c0ecb000-7ff4c0ecc000 ---p 001d0000 08:02 23594558                   /usr/lib/x86_64-linux-gnu/libstdc++.so.6.0.26
7ff4c0ecc000-7ff4c0ed7000 r--p 001d0000 08:02 23594558                   /usr/lib/x86_64-linux-gnu/libstdc++.so.6.0.26
7ff4c0ed7000-7ff4c0eda000 rw-p 001db000 08:02 23594558                   /usr/lib/x86_64-linux-gnu/libstdc++.so.6.0.26
7ff4c0eda000-7ff4c0edd000 rw-p 00000000 00:00 0 
7ff4c0edd000-7ff4c114c000 r--p 00000000 08:02 23990668                   /usr/lib/jvm/java-11-openjdk-amd64/lib/server/libjvm.so
7ff4c114c000-7ff4c1c6c000 r-xp 0026f000 08:02 23990668                   /usr/lib/jvm/java-11-openjdk-amd64/lib/server/libjvm.so
7ff4c1c6c000-7ff4c1ea5000 r--p 00d8f000 08:02 23990668                   /usr/lib/jvm/java-11-openjdk-amd64/lib/server/libjvm.so
7ff4c1ea5000-7ff4c1ea6000 ---p 00fc8000 08:02 23990668                   /usr/lib/jvm/java-11-openjdk-amd64/lib/server/libjvm.so
7ff4c1ea6000-7ff4c1f63000 r--p 00fc8000 08:02 23990668                   /usr/lib/jvm/java-11-openjdk-amd64/lib/server/libjvm.so
7ff4c1f63000-7ff4c1f9c000 rw-p 01085000 08:02 23990668                   /usr/lib/jvm/java-11-openjdk-amd64/lib/server/libjvm.so
7ff4c1f9c000-7ff4c1ff4000 rw-p 00000000 00:00 0 
7ff4c1ff4000-7ff4c1ffb000 r--p 00000000 08:02 23601565                   /usr/lib/x86_64-linux-gnu/libpthread-2.29.so
7ff4c1ffb000-7ff4c200a000 r-xp 00007000 08:02 23601565                   /usr/lib/x86_64-linux-gnu/libpthread-2.29.so
7ff4c200a000-7ff4c200f000 r--p 00016000 08:02 23601565                   /usr/lib/x86_64-linux-gnu/libpthread-2.29.so
7ff4c200f000-7ff4c2010000 r--p 0001a000 08:02 23601565                   /usr/lib/x86_64-linux-gnu/libpthread-2.29.so
7ff4c2010000-7ff4c2011000 rw-p 0001b000 08:02 23601565                   /usr/lib/x86_64-linux-gnu/libpthread-2.29.so
7ff4c2011000-7ff4c2015000 rw-p 00000000 00:00 0 
7ff4c2015000-7ff4c2016000 r--p 00000000 08:02 23600824                   /usr/lib/x86_64-linux-gnu/libdl-2.29.so
7ff4c2016000-7ff4c2018000 r-xp 00001000 08:02 23600824                   /usr/lib/x86_64-linux-gnu/libdl-2.29.so
7ff4c2018000-7ff4c2019000 r--p 00003000 08:02 23600824                   /usr/lib/x86_64-linux-gnu/libdl-2.29.so
7ff4c2019000-7ff4c201a000 r--p 00003000 08:02 23600824                   /usr/lib/x86_64-linux-gnu/libdl-2.29.so
7ff4c201a000-7ff4c201b000 rw-p 00004000 08:02 23600824                   /usr/lib/x86_64-linux-gnu/libdl-2.29.so
7ff4c201b000-7ff4c201d000 r--p 00000000 08:02 23601962                   /usr/lib/x86_64-linux-gnu/libz.so.1.2.11
7ff4c201d000-7ff4c202e000 r-xp 00002000 08:02 23601962                   /usr/lib/x86_64-linux-gnu/libz.so.1.2.11
7ff4c202e000-7ff4c2034000 r--p 00013000 08:02 23601962                   /usr/lib/x86_64-linux-gnu/libz.so.1.2.11
7ff4c2034000-7ff4c2035000 ---p 00019000 08:02 23601962                   /usr/lib/x86_64-linux-gnu/libz.so.1.2.11
7ff4c2035000-7ff4c2036000 r--p 00019000 08:02 23601962                   /usr/lib/x86_64-linux-gnu/libz.so.1.2.11
7ff4c2036000-7ff4c2037000 rw-p 0001a000 08:02 23601962                   /usr/lib/x86_64-linux-gnu/libz.so.1.2.11
7ff4c2037000-7ff4c205c000 r--p 00000000 08:02 23600687                   /usr/lib/x86_64-linux-gnu/libc-2.29.so
7ff4c205c000-7ff4c21cf000 r-xp 00025000 08:02 23600687                   /usr/lib/x86_64-linux-gnu/libc-2.29.so
7ff4c21cf000-7ff4c2218000 r--p 00198000 08:02 23600687                   /usr/lib/x86_64-linux-gnu/libc-2.29.so
7ff4c2218000-7ff4c221b000 r--p 001e0000 08:02 23600687                   /usr/lib/x86_64-linux-gnu/libc-2.29.so
7ff4c221b000-7ff4c221e000 rw-p 001e3000 08:02 23600687                   /usr/lib/x86_64-linux-gnu/libc-2.29.so
7ff4c221e000-7ff4c2222000 rw-p 00000000 00:00 0 
7ff4c2222000-7ff4c2223000 r--p 00000000 08:02 25823436                   /usr/share/locale-langpack/en_AU/LC_MESSAGES/libc.mo
7ff4c2223000-7ff4c2228000 r--p 00000000 08:02 23990661                   /usr/lib/jvm/java-11-openjdk-amd64/lib/libverify.so
7ff4c2228000-7ff4c222f000 r-xp 00005000 08:02 23990661                   /usr/lib/jvm/java-11-openjdk-amd64/lib/libverify.so
7ff4c222f000-7ff4c2231000 r--p 0000c000 08:02 23990661                   /usr/lib/jvm/java-11-openjdk-amd64/lib/libverify.so
7ff4c2231000-7ff4c2233000 r--p 0000d000 08:02 23990661                   /usr/lib/jvm/java-11-openjdk-amd64/lib/libverify.so
7ff4c2233000-7ff4c2234000 rw-p 0000f000 08:02 23990661                   /usr/lib/jvm/java-11-openjdk-amd64/lib/libverify.so
7ff4c2234000-7ff4c2237000 r--p 00000000 08:02 23990625                   /usr/lib/jvm/java-11-openjdk-amd64/lib/jli/libjli.so
7ff4c2237000-7ff4c2241000 r-xp 00003000 08:02 23990625                   /usr/lib/jvm/java-11-openjdk-amd64/lib/jli/libjli.so
7ff4c2241000-7ff4c2244000 r--p 0000d000 08:02 23990625                   /usr/lib/jvm/java-11-openjdk-amd64/lib/jli/libjli.so
7ff4c2244000-7ff4c2245000 r--p 0000f000 08:02 23990625                   /usr/lib/jvm/java-11-openjdk-amd64/lib/jli/libjli.so
7ff4c2245000-7ff4c2246000 rw-p 00010000 08:02 23990625                   /usr/lib/jvm/java-11-openjdk-amd64/lib/jli/libjli.so
7ff4c2246000-7ff4c2248000 rw-p 00000000 00:00 0 
7ff4c2248000-7ff4c2249000 r--p 00000000 08:02 23600471                   /usr/lib/x86_64-linux-gnu/ld-2.29.so
7ff4c2249000-7ff4c226a000 r-xp 00001000 08:02 23600471                   /usr/lib/x86_64-linux-gnu/ld-2.29.so
7ff4c226a000-7ff4c2272000 r--p 00022000 08:02 23600471                   /usr/lib/x86_64-linux-gnu/ld-2.29.so
7ff4c2272000-7ff4c2273000 r--p 00029000 08:02 23600471                   /usr/lib/x86_64-linux-gnu/ld-2.29.so
7ff4c2273000-7ff4c2274000 rw-p 0002a000 08:02 23600471                   /usr/lib/x86_64-linux-gnu/ld-2.29.so
7ff4c2274000-7ff4c2275000 rw-p 00000000 00:00 0 
7ffd62eb2000-7ffd62ed4000 rw-p 00000000 00:00 0                          [stack]
7ffd62fbe000-7ffd62fc1000 r--p 00000000 00:00 0                          [vvar]
7ffd62fc1000-7ffd62fc2000 r-xp 00000000 00:00 0                          [vdso]
ffffffffff600000-ffffffffff601000 r-xp 00000000 00:00 0                  [vsyscall]


VM Arguments:
jvm_args: -Dfile.encoding=UTF-8 -Duser.country=AU -Duser.language=en -Duser.variant 
java_command: ExampleSwingApp
java_class_path (initial): /home/kramer/Downloads/RobotArena-master/RobotAreana/start/build/classes/java/main:/home/kramer/Downloads/RobotArena-master/RobotAreana/start/build/classes/groovy/main:/home/kramer/Downloads/RobotArena-master/RobotAreana/start/build/resources/main:/home/kramer/Downloads/RobotArena-master/RobotAreana/AIBasic/build/libs/AIBasic.jar:/home/kramer/Downloads/RobotArena-master/RobotAreana/robot/build/libs/robot.jar:/home/kramer/Downloads/RobotArena-master/RobotAreana/main/build/libs/main.jar
Launcher Type: SUN_STANDARD

[Global flags]
     intx CICompilerCount                          = 3                                         {product} {ergonomic}
     uint ConcGCThreads                            = 1                                         {product} {ergonomic}
     uint G1ConcRefinementThreads                  = 4                                         {product} {ergonomic}
   size_t G1HeapRegionSize                         = 1048576                                   {product} {ergonomic}
    uintx GCDrainStackTargetSize                   = 64                                        {product} {ergonomic}
   size_t InitialHeapSize                          = 130023424                                 {product} {ergonomic}
   size_t MarkStackSize                            = 4194304                                   {product} {ergonomic}
   size_t MaxHeapSize                              = 2063597568                                {product} {ergonomic}
   size_t MaxNewSize                               = 1237319680                                {product} {ergonomic}
   size_t MinHeapDeltaBytes                        = 1048576                                   {product} {ergonomic}
    uintx NonNMethodCodeHeapSize                   = 5830092                                {pd product} {ergonomic}
    uintx NonProfiledCodeHeapSize                  = 122914074                              {pd product} {ergonomic}
    uintx ProfiledCodeHeapSize                     = 122914074                              {pd product} {ergonomic}
    uintx ReservedCodeCacheSize                    = 251658240                              {pd product} {ergonomic}
     bool SegmentedCodeCache                       = true                                      {product} {ergonomic}
     bool UseCompressedClassPointers               = true                                 {lp64_product} {ergonomic}
     bool UseCompressedOops                        = true                                 {lp64_product} {ergonomic}
     bool UseG1GC                                  = true                                      {product} {ergonomic}

Logging:
Log output configuration:
 #0: stdout all=warning uptime,level,tags
 #1: stderr all=off uptime,level,tags

Environment Variables:
PATH=/home/kramer/.local/bin:/usr/local/sbin:/usr/local/bin:/usr/sbin:/usr/bin:/sbin:/bin:/usr/games:/usr/local/games:/snap/bin
USERNAME=kramer
LD_LIBRARY_PATH=/home/kramer/Downloads/RobotArena-master/RobotAreana/AIBasic/build/libs/mynativelibrary/shared
SHELL=/bin/bash
DISPLAY=:0

Signal Handlers:
SIGSEGV: [libjvm.so+0xd1cc80], sa_mask[0]=11111111011111111101111111111110, sa_flags=SA_RESTART|SA_SIGINFO
SIGBUS: [libjvm.so+0xd1cc80], sa_mask[0]=11111111011111111101111111111110, sa_flags=SA_RESTART|SA_SIGINFO
SIGFPE: [libjvm.so+0xd1cc80], sa_mask[0]=11111111011111111101111111111110, sa_flags=SA_RESTART|SA_SIGINFO
SIGPIPE: SIG_IGN, sa_mask[0]=00000000000010000000000000000000, sa_flags=SA_RESTART
SIGXFSZ: [libjvm.so+0xb239a0], sa_mask[0]=11111111011111111101111111111110, sa_flags=SA_RESTART|SA_SIGINFO
SIGILL: [libjvm.so+0xd1cc80], sa_mask[0]=11111111011111111101111111111110, sa_flags=SA_RESTART|SA_SIGINFO
SIGUSR2: [libjvm.so+0xb23830], sa_mask[0]=00100000000000000000000000000000, sa_flags=SA_RESTART|SA_SIGINFO
SIGHUP: [libjvm.so+0xb23ce0], sa_mask[0]=11111111011111111101111111111110, sa_flags=SA_RESTART|SA_SIGINFO
SIGINT: [libjvm.so+0xb23ce0], sa_mask[0]=11111111011111111101111111111110, sa_flags=SA_RESTART|SA_SIGINFO
SIGTERM: [libjvm.so+0xb23ce0], sa_mask[0]=11111111011111111101111111111110, sa_flags=SA_RESTART|SA_SIGINFO
SIGQUIT: [libjvm.so+0xb23ce0], sa_mask[0]=11111111011111111101111111111110, sa_flags=SA_RESTART|SA_SIGINFO


---------------  S Y S T E M  ---------------

OS:DISTRIB_ID=Ubuntu
DISTRIB_RELEASE=19.04
DISTRIB_CODENAME=disco
DISTRIB_DESCRIPTION="Ubuntu 19.04"
uname:Linux 5.0.0-32-generic #34-Ubuntu SMP Wed Oct 2 02:06:48 UTC 2019 x86_64
libc:glibc 2.29 NPTL 2.29 
rlimit: STACK 8192k, CORE 0k, NPROC 31283, NOFILE 524288, AS infinity, DATA infinity, FSIZE infinity
load average:1.23 1.17 0.65

/proc/meminfo:
MemTotal:        8057228 kB
MemFree:          164664 kB
MemAvailable:    1330456 kB
Buffers:          268672 kB
Cached:          1235408 kB
SwapCached:          768 kB
Active:          5925736 kB
Inactive:        1496512 kB
Active(anon):    5202376 kB
Inactive(anon):   911376 kB
Active(file):     723360 kB
Inactive(file):   585136 kB
Unevictable:         196 kB
Mlocked:              16 kB
SwapTotal:       2097148 kB
SwapFree:        2084348 kB
Dirty:              2380 kB
Writeback:             0 kB
AnonPages:       5917956 kB
Mapped:           658788 kB
Shmem:            205452 kB
KReclaimable:     155160 kB
Slab:             263612 kB
SReclaimable:     155160 kB
SUnreclaim:       108452 kB
KernelStack:       17440 kB
PageTables:        50404 kB
NFS_Unstable:          0 kB
Bounce:                0 kB
WritebackTmp:          0 kB
CommitLimit:     6125760 kB
Committed_AS:   23241488 kB
VmallocTotal:   34359738367 kB
VmallocUsed:           0 kB
VmallocChunk:          0 kB
Percpu:             2288 kB
HardwareCorrupted:     0 kB
AnonHugePages:         0 kB
ShmemHugePages:        0 kB
ShmemPmdMapped:        0 kB
CmaTotal:              0 kB
CmaFree:               0 kB
HugePages_Total:       0
HugePages_Free:        0
HugePages_Rsvd:        0
HugePages_Surp:        0
Hugepagesize:       2048 kB
Hugetlb:               0 kB
DirectMap4k:      289328 kB
DirectMap2M:     6942720 kB
DirectMap1G:     1048576 kB


/proc/sys/kernel/threads-max (system-wide limit on the number of threads):
62566


/proc/sys/vm/max_map_count (maximum number of memory map areas a process may have):
65530


/proc/sys/kernel/pid_max (system-wide limit on number of process identifiers):
32768



container (cgroup) information:
container_type: cgroupv1
cpu_cpuset_cpus: 0-3
cpu_memory_nodes: 0
active_processor_count: 4
cpu_quota: -1
cpu_period: 100000
cpu_shares: -1
memory_limit_in_bytes: -1
memory_and_swap_limit_in_bytes: -2
memory_soft_limit_in_bytes: -1
memory_usage_in_bytes: 988078080
memory_max_usage_in_bytes: 1325469696

Steal ticks since vm start: 0
Steal ticks percentage since vm start:  0.000

CPU:total 4 (initial active 4) (4 cores per cpu, 1 threads per core) family 6 model 60 stepping 3, cmov, cx8, fxsr, mmx, sse, sse2, sse3, ssse3, sse4.1, sse4.2, popcnt, avx, avx2, aes, clmul, erms, lzcnt, tsc, tscinvbit, bmi1, bmi2, fma
CPU Model and flags from /proc/cpuinfo:
model name	: Intel(R) Core(TM) i5-4690 CPU @ 3.50GHz
flags		: fpu vme de pse tsc msr pae mce cx8 apic sep mtrr pge mca cmov pat pse36 clflush dts acpi mmx fxsr sse sse2 ss ht tm pbe syscall nx pdpe1gb rdtscp lm constant_tsc arch_perfmon pebs bts rep_good nopl xtopology nonstop_tsc cpuid aperfmperf pni pclmulqdq dtes64 monitor ds_cpl vmx smx est tm2 ssse3 sdbg fma cx16 xtpr pdcm pcid sse4_1 sse4_2 x2apic movbe popcnt tsc_deadline_timer aes xsave avx f16c rdrand lahf_lm abm cpuid_fault invpcid_single pti ssbd ibrs ibpb stibp tpr_shadow vnmi flexpriority ept vpid ept_ad fsgsbase tsc_adjust bmi1 avx2 smep bmi2 erms invpcid xsaveopt dtherm ida arat pln pts md_clear flush_l1d

Memory: 4k page, physical 8057228k(164664k free), swap 2097148k(2084348k free)

vm_info: OpenJDK 64-Bit Server VM (11.0.4+11-post-Ubuntu-1ubuntu219.04) for linux-amd64 JRE (11.0.4+11-post-Ubuntu-1ubuntu219.04), built on Jul 18 2019 18:21:46 by "buildd" with gcc 8.3.0

END.
