#
# A fatal error has been detected by the Java Runtime Environment:
#
#  SIGSEGV (0xb) at pc=0x00007f804f2adeeb, pid=24992, tid=25016
#
# JRE version: OpenJDK Runtime Environment (11.0.4+11) (build 11.0.4+11-post-Ubuntu-1ubuntu219.04)
# Java VM: OpenJDK 64-Bit Server VM (11.0.4+11-post-Ubuntu-1ubuntu219.04, mixed mode, sharing, tiered, compressed oops, g1 gc, linux-amd64)
# Problematic frame:
# V  [libjvm.so+0x863eeb]
#
# Core dump will be written. Default location: Core dumps may be processed with "/usr/share/apport/apport %p %s %c %d %P" (or dumping to /home/kramer/Downloads/RobotArena-master/RobotAreana/start/core.24992)
#
# If you would like to submit a bug report, please visit:
#   https://bugs.launchpad.net/ubuntu/+source/openjdk-lts
#

---------------  S U M M A R Y ------------

Command Line: -Dfile.encoding=UTF-8 -Duser.country=AU -Duser.language=en -Duser.variant ExampleSwingApp

Host: Intel(R) Core(TM) i5-4690 CPU @ 3.50GHz, 4 cores, 7G, Ubuntu 19.04
Time: Mon Oct 28 21:57:27 2019 AWST elapsed time: 2 seconds (0d 0h 0m 2s)

---------------  T H R E A D  ---------------

Current thread (0x00007f8048355000):  JavaThread "Thomas" [_thread_in_vm, id=25016, stack(0x00007f7fedec2000,0x00007f7fedfc3000)]

Stack: [0x00007f7fedec2000,0x00007f7fedfc3000],  sp=0x00007f7fedfc15e0,  free space=1021k
Native frames: (J=compiled Java code, A=aot compiled Java code, j=interpreted, Vv=VM code, C=native code)
V  [libjvm.so+0x863eeb]
C  [libmynativelibrary.so+0x1794]  Java_CRobot_startCPP+0x67f
j  CRobot.startCPP(LRobotControl;)V+0
j  CRobot$1.run()V+8
j  java.lang.Thread.run()V+11 java.base@11.0.4
v  ~StubRoutines::call_stub
V  [libjvm.so+0x7f40b1]
V  [libjvm.so+0x7f2550]
V  [libjvm.so+0x7f260b]
V  [libjvm.so+0x88e63c]
V  [libjvm.so+0xcc0060]
V  [libjvm.so+0xcc0350]
V  [libjvm.so+0xcbbee4]
V  [libjvm.so+0xb2cbee]

Java frames: (J=compiled Java code, j=interpreted, Vv=VM code)
j  CRobot.startCPP(LRobotControl;)V+0
j  CRobot$1.run()V+8
j  java.lang.Thread.run()V+11 java.base@11.0.4
v  ~StubRoutines::call_stub

siginfo: si_signo: 11 (SIGSEGV), si_code: 1 (SEGV_MAPERR), si_addr: 0x0000000000000000

Register to memory mapping:

RAX=0x00007f7fedfc1680 is pointing into the stack for thread: 0x00007f8048355000
RBX=0x00007f8048355000 is a thread
RCX=0x00007f804f2ade10: <offset 0x0000000000863e10> in /usr/lib/jvm/java-11-openjdk-amd64/lib/server/libjvm.so at 0x00007f804ea4a000
RDX=0x00007f8048352880 points into unknown readable memory: 40 23 d0 8b 00 00 00 00
RSP=0x00007f7fedfc15e0 is pointing into the stack for thread: 0x00007f8048355000
RBP=0x00007f7fedfc1760 is pointing into the stack for thread: 0x00007f8048355000
RSI=0x00007f8048355000 is a thread
RDI=0x00007f7fedfc1640 is pointing into the stack for thread: 0x00007f8048355000
R8 ={method} {0x00007f804c698a68} 'getName' '()Ljava/lang/String;' in 'RobotInfo'
R9 =0x0000000000000004 is an unknown value
R10=0x00007f80483556b0 points into unknown readable memory: 00 af 10 00 08 00 00 00
R11=0x00007f80309567bf is at begin+0 in a stub
StubRoutines::call_stub [0x00007f80309567bf, 0x00007f80309568ad[ (238 bytes)
R12=0x00007f7fedfc1640 is pointing into the stack for thread: 0x00007f8048355000
R13=0x00007f8048355340 points into unknown readable memory: e0 6f ad 4f 80 7f 00 00
R14=0x0 is NULL
R15=0x00007f7fedfc18d0 is pointing into the stack for thread: 0x00007f8048355000


Registers:
RAX=0x00007f7fedfc1680, RBX=0x00007f8048355000, RCX=0x00007f804f2ade10, RDX=0x00007f8048352880
RSP=0x00007f7fedfc15e0, RBP=0x00007f7fedfc1760, RSI=0x00007f8048355000, RDI=0x00007f7fedfc1640
R8 =0x00007f804c698a68, R9 =0x0000000000000004, R10=0x00007f80483556b0, R11=0x00007f80309567bf
R12=0x00007f7fedfc1640, R13=0x00007f8048355340, R14=0x0000000000000000, R15=0x00007f7fedfc18d0
RIP=0x00007f804f2adeeb, EFLAGS=0x0000000000010202, CSGSFS=0x002b000000000033, ERR=0x0000000000000004
  TRAPNO=0x000000000000000e

Top of Stack: (sp=0x00007f7fedfc15e0)
0x00007f7fedfc15e0:   00007f804c698e88 00007f8048355000
0x00007f7fedfc15f0:   00007f7f0000000c 00007f7fd0000d28
0x00007f7fedfc1600:   0000000000000002 0000003000000018
0x00007f7fedfc1610:   00007f7fedfc1770 00007f7fedfc1680 

Instructions: (pc=0x00007f804f2adeeb)
0x00007f804f2addeb:   80 00 00 00 00 4c 89 ff 48 89 85 b0 fe ff ff e8
0x00007f804f2addfb:   51 bd a2 ff 49 63 37 48 8b 85 b0 fe ff ff e9 81
0x00007f804f2ade0b:   fd ff ff 66 90 55 48 89 e5 41 57 49 89 f7 41 56
0x00007f804f2ade1b:   49 89 d6 41 55 49 89 fd 41 54 53 48 81 ec 58 01
0x00007f804f2ade2b:   00 00 48 89 8d 38 ff ff ff 4c 89 85 40 ff ff ff
0x00007f804f2ade3b:   4c 89 8d 48 ff ff ff 84 c0 74 29 0f 29 85 50 ff
0x00007f804f2ade4b:   ff ff 0f 29 8d 60 ff ff ff 0f 29 95 70 ff ff ff
0x00007f804f2ade5b:   0f 29 5d 80 0f 29 65 90 0f 29 6d a0 0f 29 75 b0
0x00007f804f2ade6b:   0f 29 7d c0 49 8d 9d c0 fc ff ff 8b 83 d0 03 00
0x00007f804f2ade7b:   00 2d ab de 00 00 83 f8 01 0f 87 46 01 00 00 48
0x00007f804f2ade8b:   89 df 48 89 9d 88 fe ff ff e8 07 71 ff ff 48 83
0x00007f804f2ade9b:   7b 08 00 48 89 9d c0 fe ff ff 48 c7 85 c8 fe ff
0x00007f804f2adeab:   ff 00 00 00 00 74 0c 48 8d bd c0 fe ff ff e8 42
0x00007f804f2adebb:   15 32 00 48 8d 45 10 4c 8d a5 e0 fe ff ff c7 85
0x00007f804f2adecb:   a8 fe ff ff 18 00 00 00 48 89 85 b0 fe ff ff 48
0x00007f804f2adedb:   8d 85 20 ff ff ff 4c 89 e7 48 89 85 b8 fe ff ff
0x00007f804f2adeeb:   49 8b 06 c7 85 ac fe ff ff 30 00 00 00 c7 85 90
0x00007f804f2adefb:   fe ff ff 04 00 00 00 48 8b 40 08 0f b7 50 2c 48
0x00007f804f2adf0b:   8b 40 08 48 8b 74 d0 40 e8 b8 5a 3a 00 4d 89 e0
0x00007f804f2adf1b:   49 89 d9 4c 89 f1 48 8d 05 30 28 77 00 4c 89 fa
0x00007f804f2adf2b:   4c 89 ef 45 31 e4 48 89 85 e0 fe ff ff f3 0f 6f
0x00007f804f2adf3b:   85 a8 fe ff ff 48 8d b5 90 fe ff ff 48 8b 85 b8
0x00007f804f2adf4b:   fe ff ff c7 85 f8 fe ff ff 63 00 00 00 48 c7 85
0x00007f804f2adf5b:   00 ff ff ff 00 00 00 00 0f 11 85 08 ff ff ff 48
0x00007f804f2adf6b:   89 85 18 ff ff ff e8 3a fb ff ff 48 83 7b 08 00
0x00007f804f2adf7b:   75 08 44 0f b6 a5 98 fe ff ff 48 83 bd c8 fe ff
0x00007f804f2adf8b:   ff 00 74 0c 48 8d bd c0 fe ff ff e8 b5 14 32 00
0x00007f804f2adf9b:   48 8b bb f0 00 00 00 e8 59 ea 00 00 48 8d bd 88
0x00007f804f2adfab:   fe ff ff e8 3d eb 00 00 48 81 c4 58 01 00 00 44
0x00007f804f2adfbb:   89 e0 5b 41 5c 41 5d 41 5e 41 5f 5d c3 0f 1f 84
0x00007f804f2adfcb:   00 00 00 00 00 48 89 df 31 db e8 d6 32 45 00 e9
0x00007f804f2adfdb:   ab fe ff ff 90 55 48 89 e5 41 57 49 89 f7 41 56 


Stack slot to memory mapping:
stack at sp + 0 slots: {method} {0x00007f804c698e88} 'getHealth' '()D' in 'RobotInfo'
stack at sp + 1 slots: 0x00007f8048355000 is a thread
stack at sp + 2 slots: 0x00007f7f0000000c is an unknown value
stack at sp + 3 slots: 0x00007f7fd0000d28 points into unknown readable memory: f0 76 d7 8b 00 00 00 00
stack at sp + 4 slots: 0x0000000000000002 is an unknown value
stack at sp + 5 slots: 0x0000003000000018 is an unknown value
stack at sp + 6 slots: 0x00007f7fedfc1770 is pointing into the stack for thread: 0x00007f8048355000
stack at sp + 7 slots: 0x00007f7fedfc1680 is pointing into the stack for thread: 0x00007f8048355000


---------------  P R O C E S S  ---------------

Threads class SMR info:
_java_thread_list=0x00007f7fac08eda0, length=18, elements={
0x00007f8048107000, 0x00007f8048111000, 0x00007f8048116800, 0x00007f8048118800,
0x00007f804811a800, 0x00007f804811c800, 0x00007f8048154000, 0x00007f804815c800,
0x00007f8048322000, 0x00007f8048324000, 0x00007f804834d000, 0x00007f8048355000,
0x00007f8048357000, 0x00007f8048358800, 0x00007f804835a800, 0x00007f804835c800,
0x00007f8048011800, 0x00007f7fac08d800
}

Java Threads: ( => current thread )
  0x00007f8048107000 JavaThread "Reference Handler" daemon [_thread_blocked, id=25001, stack(0x00007f8030855000,0x00007f8030956000)]
  0x00007f8048111000 JavaThread "Finalizer" daemon [_thread_blocked, id=25002, stack(0x00007f8030754000,0x00007f8030855000)]
  0x00007f8048116800 JavaThread "Signal Dispatcher" daemon [_thread_blocked, id=25003, stack(0x00007f8030653000,0x00007f8030754000)]
  0x00007f8048118800 JavaThread "C2 CompilerThread0" daemon [_thread_blocked, id=25004, stack(0x00007f8030552000,0x00007f8030653000)]
  0x00007f804811a800 JavaThread "C1 CompilerThread0" daemon [_thread_blocked, id=25005, stack(0x00007f8030451000,0x00007f8030552000)]
  0x00007f804811c800 JavaThread "Sweeper thread" daemon [_thread_blocked, id=25006, stack(0x00007f8030350000,0x00007f8030451000)]
  0x00007f8048154000 JavaThread "Service Thread" daemon [_thread_blocked, id=25007, stack(0x00007f803024f000,0x00007f8030350000)]
  0x00007f804815c800 JavaThread "Common-Cleaner" daemon [_thread_blocked, id=25009, stack(0x00007f803004c000,0x00007f803014d000)]
  0x00007f8048322000 JavaThread "Java2D Disposer" daemon [_thread_blocked, id=25013, stack(0x00007f7fee1c5000,0x00007f7fee2c6000)]
  0x00007f8048324000 JavaThread "AWT-XAWT" daemon [_thread_in_native, id=25014, stack(0x00007f7fee0c4000,0x00007f7fee1c5000)]
  0x00007f804834d000 JavaThread "Image Fetcher 0" daemon [_thread_blocked, id=25015, stack(0x00007f7fedfc3000,0x00007f7fee0c4000)]
=>0x00007f8048355000 JavaThread "Thomas" [_thread_in_vm, id=25016, stack(0x00007f7fedec2000,0x00007f7fedfc3000)]
  0x00007f8048357000 JavaThread "Thomas" [_thread_blocked, id=25017, stack(0x00007f7feddc1000,0x00007f7fedec2000)]
  0x00007f8048358800 JavaThread "Thomas" [_thread_blocked, id=25018, stack(0x00007f7fedcc0000,0x00007f7feddc1000)]
  0x00007f804835a800 JavaThread "AWT-Shutdown" [_thread_blocked, id=25022, stack(0x00007f7fed8b9000,0x00007f7fed9ba000)]
  0x00007f804835c800 JavaThread "AWT-EventQueue-0" [_thread_blocked, id=25023, stack(0x00007f7fed7b8000,0x00007f7fed8b9000)]
  0x00007f8048011800 JavaThread "DestroyJavaVM" [_thread_blocked, id=24993, stack(0x00007f804e5ff000,0x00007f804e700000)]
  0x00007f7fac08d800 JavaThread "TimerQueue" daemon [_thread_blocked, id=25024, stack(0x00007f7fed6b7000,0x00007f7fed7b8000)]

Other Threads:
  0x00007f8048104000 VMThread "VM Thread" [stack: 0x00007f804c091000,0x00007f804c191000] [id=25000]
  0x00007f8048156800 WatcherThread [stack: 0x00007f803014f000,0x00007f803024f000] [id=25008]
  0x00007f8048027000 GCTaskThread "GC Thread#0" [stack: 0x00007f804e2b3000,0x00007f804e3b3000] [id=24994]
  0x00007f8014001000 GCTaskThread "GC Thread#1" [stack: 0x00007f7fedbc0000,0x00007f7fedcc0000] [id=25019]
  0x00007f8014003000 GCTaskThread "GC Thread#2" [stack: 0x00007f7fedabe000,0x00007f7fedbbe000] [id=25020]
  0x00007f8014004800 GCTaskThread "GC Thread#3" [stack: 0x00007f7fed9bc000,0x00007f7fedabc000] [id=25021]
  0x00007f8048058000 ConcurrentGCThread "G1 Main Marker" [stack: 0x00007f804d1e3000,0x00007f804d2e3000] [id=24995]
  0x00007f804805a000 ConcurrentGCThread "G1 Conc#0" [stack: 0x00007f804d0e1000,0x00007f804d1e1000] [id=24996]
  0x00007f80480d2000 ConcurrentGCThread "G1 Refine#0" [stack: 0x00007f804cbdb000,0x00007f804ccdb000] [id=24997]
  0x00007f80480d3800 ConcurrentGCThread "G1 Young RemSet Sampling" [stack: 0x00007f804cad9000,0x00007f804cbd9000] [id=24998]

Threads with active compile tasks:

VM state:synchronizing (normal execution)

VM Mutex/Monitor currently owned by a thread:  ([mutex/lock_event])
[0x00007f804800e360] Threads_lock - owner thread: 0x00007f8048104000

Heap address: 0x0000000085000000, size: 1968 MB, Compressed Oops mode: 32-bit
Narrow klass base: 0x0000000800000000, Narrow klass shift: 3
Compressed class space size: 1073741824 Address: 0x0000000840000000

Heap:
 garbage-first heap   total 129024K, used 17380K [0x0000000085000000, 0x0000000100000000)
  region size 1024K, 10 young (10240K), 2 survivors (2048K)
 Metaspace       used 10953K, capacity 11468K, committed 11648K, reserved 1058816K
  class space    used 1298K, capacity 1553K, committed 1664K, reserved 1048576K
Heap Regions: E=young(eden), S=young(survivor), O=old, HS=humongous(starts), HC=humongous(continues), CS=collection set, F=free, A=archive, TAMS=top-at-mark-start (previous, next)
|   0|0x0000000085000000, 0x0000000085100000, 0x0000000085100000|100%|HS|  |TAMS 0x0000000085000000, 0x0000000085000000| Complete 
|   1|0x0000000085100000, 0x0000000085200000, 0x0000000085200000|100%|HC|  |TAMS 0x0000000085100000, 0x0000000085100000| Complete 
|   2|0x0000000085200000, 0x0000000085300000, 0x0000000085300000|100%|HC|  |TAMS 0x0000000085200000, 0x0000000085200000| Complete 
|   3|0x0000000085300000, 0x0000000085400000, 0x0000000085400000|100%|HC|  |TAMS 0x0000000085300000, 0x0000000085300000| Complete 
|   4|0x0000000085400000, 0x0000000085500000, 0x0000000085500000|100%|HC|  |TAMS 0x0000000085400000, 0x0000000085400000| Complete 
|   5|0x0000000085500000, 0x0000000085600000, 0x0000000085600000|100%|HC|  |TAMS 0x0000000085500000, 0x0000000085500000| Complete 
|   6|0x0000000085600000, 0x0000000085700000, 0x0000000085700000|100%|HC|  |TAMS 0x0000000085600000, 0x0000000085600000| Complete 
|   7|0x0000000085700000, 0x0000000085800000, 0x0000000085800000|100%|HC|  |TAMS 0x0000000085700000, 0x0000000085700000| Complete 
|   8|0x0000000085800000, 0x0000000085800000, 0x0000000085900000|  0%| F|  |TAMS 0x0000000085800000, 0x0000000085800000| Untracked 
|   9|0x0000000085900000, 0x0000000085900000, 0x0000000085a00000|  0%| F|  |TAMS 0x0000000085900000, 0x0000000085900000| Untracked 
|  10|0x0000000085a00000, 0x0000000085a00000, 0x0000000085b00000|  0%| F|  |TAMS 0x0000000085a00000, 0x0000000085a00000| Untracked 
|  11|0x0000000085b00000, 0x0000000085b00000, 0x0000000085c00000|  0%| F|  |TAMS 0x0000000085b00000, 0x0000000085b00000| Untracked 
|  12|0x0000000085c00000, 0x0000000085c00000, 0x0000000085d00000|  0%| F|  |TAMS 0x0000000085c00000, 0x0000000085c00000| Untracked 
|  13|0x0000000085d00000, 0x0000000085d00000, 0x0000000085e00000|  0%| F|  |TAMS 0x0000000085d00000, 0x0000000085d00000| Untracked 
|  14|0x0000000085e00000, 0x0000000085e00000, 0x0000000085f00000|  0%| F|  |TAMS 0x0000000085e00000, 0x0000000085e00000| Untracked 
|  15|0x0000000085f00000, 0x0000000085f00000, 0x0000000086000000|  0%| F|  |TAMS 0x0000000085f00000, 0x0000000085f00000| Untracked 
|  16|0x0000000086000000, 0x0000000086000000, 0x0000000086100000|  0%| F|  |TAMS 0x0000000086000000, 0x0000000086000000| Untracked 
|  17|0x0000000086100000, 0x0000000086100000, 0x0000000086200000|  0%| F|  |TAMS 0x0000000086100000, 0x0000000086100000| Untracked 
|  18|0x0000000086200000, 0x0000000086200000, 0x0000000086300000|  0%| F|  |TAMS 0x0000000086200000, 0x0000000086200000| Untracked 
|  19|0x0000000086300000, 0x0000000086300000, 0x0000000086400000|  0%| F|  |TAMS 0x0000000086300000, 0x0000000086300000| Untracked 
|  20|0x0000000086400000, 0x0000000086400000, 0x0000000086500000|  0%| F|  |TAMS 0x0000000086400000, 0x0000000086400000| Untracked 
|  21|0x0000000086500000, 0x0000000086500000, 0x0000000086600000|  0%| F|  |TAMS 0x0000000086500000, 0x0000000086500000| Untracked 
|  22|0x0000000086600000, 0x0000000086600000, 0x0000000086700000|  0%| F|  |TAMS 0x0000000086600000, 0x0000000086600000| Untracked 
|  23|0x0000000086700000, 0x0000000086700000, 0x0000000086800000|  0%| F|  |TAMS 0x0000000086700000, 0x0000000086700000| Untracked 
|  24|0x0000000086800000, 0x0000000086800000, 0x0000000086900000|  0%| F|  |TAMS 0x0000000086800000, 0x0000000086800000| Untracked 
|  25|0x0000000086900000, 0x0000000086900000, 0x0000000086a00000|  0%| F|  |TAMS 0x0000000086900000, 0x0000000086900000| Untracked 
|  26|0x0000000086a00000, 0x0000000086a00000, 0x0000000086b00000|  0%| F|  |TAMS 0x0000000086a00000, 0x0000000086a00000| Untracked 
|  27|0x0000000086b00000, 0x0000000086b00000, 0x0000000086c00000|  0%| F|  |TAMS 0x0000000086b00000, 0x0000000086b00000| Untracked 
|  28|0x0000000086c00000, 0x0000000086c00000, 0x0000000086d00000|  0%| F|  |TAMS 0x0000000086c00000, 0x0000000086c00000| Untracked 
|  29|0x0000000086d00000, 0x0000000086d00000, 0x0000000086e00000|  0%| F|  |TAMS 0x0000000086d00000, 0x0000000086d00000| Untracked 
|  30|0x0000000086e00000, 0x0000000086e00000, 0x0000000086f00000|  0%| F|  |TAMS 0x0000000086e00000, 0x0000000086e00000| Untracked 
|  31|0x0000000086f00000, 0x0000000086f00000, 0x0000000087000000|  0%| F|  |TAMS 0x0000000086f00000, 0x0000000086f00000| Untracked 
|  32|0x0000000087000000, 0x0000000087000000, 0x0000000087100000|  0%| F|  |TAMS 0x0000000087000000, 0x0000000087000000| Untracked 
|  33|0x0000000087100000, 0x0000000087100000, 0x0000000087200000|  0%| F|  |TAMS 0x0000000087100000, 0x0000000087100000| Untracked 
|  34|0x0000000087200000, 0x0000000087200000, 0x0000000087300000|  0%| F|  |TAMS 0x0000000087200000, 0x0000000087200000| Untracked 
|  35|0x0000000087300000, 0x0000000087300000, 0x0000000087400000|  0%| F|  |TAMS 0x0000000087300000, 0x0000000087300000| Untracked 
|  36|0x0000000087400000, 0x0000000087400000, 0x0000000087500000|  0%| F|  |TAMS 0x0000000087400000, 0x0000000087400000| Untracked 
|  37|0x0000000087500000, 0x0000000087500000, 0x0000000087600000|  0%| F|  |TAMS 0x0000000087500000, 0x0000000087500000| Untracked 
|  38|0x0000000087600000, 0x0000000087600000, 0x0000000087700000|  0%| F|  |TAMS 0x0000000087600000, 0x0000000087600000| Untracked 
|  39|0x0000000087700000, 0x0000000087700000, 0x0000000087800000|  0%| F|  |TAMS 0x0000000087700000, 0x0000000087700000| Untracked 
|  40|0x0000000087800000, 0x0000000087800000, 0x0000000087900000|  0%| F|  |TAMS 0x0000000087800000, 0x0000000087800000| Untracked 
|  41|0x0000000087900000, 0x0000000087900000, 0x0000000087a00000|  0%| F|  |TAMS 0x0000000087900000, 0x0000000087900000| Untracked 
|  42|0x0000000087a00000, 0x0000000087a00000, 0x0000000087b00000|  0%| F|  |TAMS 0x0000000087a00000, 0x0000000087a00000| Untracked 
|  43|0x0000000087b00000, 0x0000000087b00000, 0x0000000087c00000|  0%| F|  |TAMS 0x0000000087b00000, 0x0000000087b00000| Untracked 
|  44|0x0000000087c00000, 0x0000000087c00000, 0x0000000087d00000|  0%| F|  |TAMS 0x0000000087c00000, 0x0000000087c00000| Untracked 
|  45|0x0000000087d00000, 0x0000000087d00000, 0x0000000087e00000|  0%| F|  |TAMS 0x0000000087d00000, 0x0000000087d00000| Untracked 
|  46|0x0000000087e00000, 0x0000000087e00000, 0x0000000087f00000|  0%| F|  |TAMS 0x0000000087e00000, 0x0000000087e00000| Untracked 
|  47|0x0000000087f00000, 0x0000000087f00000, 0x0000000088000000|  0%| F|  |TAMS 0x0000000087f00000, 0x0000000087f00000| Untracked 
|  48|0x0000000088000000, 0x0000000088000000, 0x0000000088100000|  0%| F|  |TAMS 0x0000000088000000, 0x0000000088000000| Untracked 
|  49|0x0000000088100000, 0x0000000088100000, 0x0000000088200000|  0%| F|  |TAMS 0x0000000088100000, 0x0000000088100000| Untracked 
|  50|0x0000000088200000, 0x0000000088200000, 0x0000000088300000|  0%| F|  |TAMS 0x0000000088200000, 0x0000000088200000| Untracked 
|  51|0x0000000088300000, 0x0000000088300000, 0x0000000088400000|  0%| F|  |TAMS 0x0000000088300000, 0x0000000088300000| Untracked 
|  52|0x0000000088400000, 0x0000000088400000, 0x0000000088500000|  0%| F|  |TAMS 0x0000000088400000, 0x0000000088400000| Untracked 
|  53|0x0000000088500000, 0x0000000088500000, 0x0000000088600000|  0%| F|  |TAMS 0x0000000088500000, 0x0000000088500000| Untracked 
|  54|0x0000000088600000, 0x0000000088600000, 0x0000000088700000|  0%| F|  |TAMS 0x0000000088600000, 0x0000000088600000| Untracked 
|  55|0x0000000088700000, 0x0000000088700000, 0x0000000088800000|  0%| F|  |TAMS 0x0000000088700000, 0x0000000088700000| Untracked 
|  56|0x0000000088800000, 0x0000000088800000, 0x0000000088900000|  0%| F|  |TAMS 0x0000000088800000, 0x0000000088800000| Untracked 
|  57|0x0000000088900000, 0x0000000088900000, 0x0000000088a00000|  0%| F|  |TAMS 0x0000000088900000, 0x0000000088900000| Untracked 
|  58|0x0000000088a00000, 0x0000000088a00000, 0x0000000088b00000|  0%| F|  |TAMS 0x0000000088a00000, 0x0000000088a00000| Untracked 
|  59|0x0000000088b00000, 0x0000000088b00000, 0x0000000088c00000|  0%| F|  |TAMS 0x0000000088b00000, 0x0000000088b00000| Untracked 
|  60|0x0000000088c00000, 0x0000000088c00000, 0x0000000088d00000|  0%| F|  |TAMS 0x0000000088c00000, 0x0000000088c00000| Untracked 
|  61|0x0000000088d00000, 0x0000000088d00000, 0x0000000088e00000|  0%| F|  |TAMS 0x0000000088d00000, 0x0000000088d00000| Untracked 
|  62|0x0000000088e00000, 0x0000000088e00000, 0x0000000088f00000|  0%| F|  |TAMS 0x0000000088e00000, 0x0000000088e00000| Untracked 
|  63|0x0000000088f00000, 0x0000000088f00000, 0x0000000089000000|  0%| F|  |TAMS 0x0000000088f00000, 0x0000000088f00000| Untracked 
|  64|0x0000000089000000, 0x0000000089000000, 0x0000000089100000|  0%| F|  |TAMS 0x0000000089000000, 0x0000000089000000| Untracked 
|  65|0x0000000089100000, 0x0000000089100000, 0x0000000089200000|  0%| F|  |TAMS 0x0000000089100000, 0x0000000089100000| Untracked 
|  66|0x0000000089200000, 0x0000000089200000, 0x0000000089300000|  0%| F|  |TAMS 0x0000000089200000, 0x0000000089200000| Untracked 
|  67|0x0000000089300000, 0x0000000089300000, 0x0000000089400000|  0%| F|  |TAMS 0x0000000089300000, 0x0000000089300000| Untracked 
|  68|0x0000000089400000, 0x0000000089400000, 0x0000000089500000|  0%| F|  |TAMS 0x0000000089400000, 0x0000000089400000| Untracked 
|  69|0x0000000089500000, 0x0000000089500000, 0x0000000089600000|  0%| F|  |TAMS 0x0000000089500000, 0x0000000089500000| Untracked 
|  70|0x0000000089600000, 0x0000000089600000, 0x0000000089700000|  0%| F|  |TAMS 0x0000000089600000, 0x0000000089600000| Untracked 
|  71|0x0000000089700000, 0x0000000089700000, 0x0000000089800000|  0%| F|  |TAMS 0x0000000089700000, 0x0000000089700000| Untracked 
|  72|0x0000000089800000, 0x0000000089800000, 0x0000000089900000|  0%| F|  |TAMS 0x0000000089800000, 0x0000000089800000| Untracked 
|  73|0x0000000089900000, 0x0000000089900000, 0x0000000089a00000|  0%| F|  |TAMS 0x0000000089900000, 0x0000000089900000| Untracked 
|  74|0x0000000089a00000, 0x0000000089a00000, 0x0000000089b00000|  0%| F|  |TAMS 0x0000000089a00000, 0x0000000089a00000| Untracked 
|  75|0x0000000089b00000, 0x0000000089b00000, 0x0000000089c00000|  0%| F|  |TAMS 0x0000000089b00000, 0x0000000089b00000| Untracked 
|  76|0x0000000089c00000, 0x0000000089c00000, 0x0000000089d00000|  0%| F|  |TAMS 0x0000000089c00000, 0x0000000089c00000| Untracked 
|  77|0x0000000089d00000, 0x0000000089d00000, 0x0000000089e00000|  0%| F|  |TAMS 0x0000000089d00000, 0x0000000089d00000| Untracked 
|  78|0x0000000089e00000, 0x0000000089e00000, 0x0000000089f00000|  0%| F|  |TAMS 0x0000000089e00000, 0x0000000089e00000| Untracked 
|  79|0x0000000089f00000, 0x0000000089f00000, 0x000000008a000000|  0%| F|  |TAMS 0x0000000089f00000, 0x0000000089f00000| Untracked 
|  80|0x000000008a000000, 0x000000008a000000, 0x000000008a100000|  0%| F|  |TAMS 0x000000008a000000, 0x000000008a000000| Untracked 
|  81|0x000000008a100000, 0x000000008a100000, 0x000000008a200000|  0%| F|  |TAMS 0x000000008a100000, 0x000000008a100000| Untracked 
|  82|0x000000008a200000, 0x000000008a200000, 0x000000008a300000|  0%| F|  |TAMS 0x000000008a200000, 0x000000008a200000| Untracked 
|  83|0x000000008a300000, 0x000000008a300000, 0x000000008a400000|  0%| F|  |TAMS 0x000000008a300000, 0x000000008a300000| Untracked 
|  84|0x000000008a400000, 0x000000008a400000, 0x000000008a500000|  0%| F|  |TAMS 0x000000008a400000, 0x000000008a400000| Untracked 
|  85|0x000000008a500000, 0x000000008a500000, 0x000000008a600000|  0%| F|  |TAMS 0x000000008a500000, 0x000000008a500000| Untracked 
|  86|0x000000008a600000, 0x000000008a600000, 0x000000008a700000|  0%| F|  |TAMS 0x000000008a600000, 0x000000008a600000| Untracked 
|  87|0x000000008a700000, 0x000000008a700000, 0x000000008a800000|  0%| F|  |TAMS 0x000000008a700000, 0x000000008a700000| Untracked 
|  88|0x000000008a800000, 0x000000008a800000, 0x000000008a900000|  0%| F|  |TAMS 0x000000008a800000, 0x000000008a800000| Untracked 
|  89|0x000000008a900000, 0x000000008a900000, 0x000000008aa00000|  0%| F|  |TAMS 0x000000008a900000, 0x000000008a900000| Untracked 
|  90|0x000000008aa00000, 0x000000008aa00000, 0x000000008ab00000|  0%| F|  |TAMS 0x000000008aa00000, 0x000000008aa00000| Untracked 
|  91|0x000000008ab00000, 0x000000008ab00000, 0x000000008ac00000|  0%| F|  |TAMS 0x000000008ab00000, 0x000000008ab00000| Untracked 
|  92|0x000000008ac00000, 0x000000008ac00000, 0x000000008ad00000|  0%| F|  |TAMS 0x000000008ac00000, 0x000000008ac00000| Untracked 
|  93|0x000000008ad00000, 0x000000008ad00000, 0x000000008ae00000|  0%| F|  |TAMS 0x000000008ad00000, 0x000000008ad00000| Untracked 
|  94|0x000000008ae00000, 0x000000008ae00000, 0x000000008af00000|  0%| F|  |TAMS 0x000000008ae00000, 0x000000008ae00000| Untracked 
|  95|0x000000008af00000, 0x000000008af00000, 0x000000008b000000|  0%| F|  |TAMS 0x000000008af00000, 0x000000008af00000| Untracked 
|  96|0x000000008b000000, 0x000000008b000000, 0x000000008b100000|  0%| F|  |TAMS 0x000000008b000000, 0x000000008b000000| Untracked 
|  97|0x000000008b100000, 0x000000008b100000, 0x000000008b200000|  0%| F|  |TAMS 0x000000008b100000, 0x000000008b100000| Untracked 
|  98|0x000000008b200000, 0x000000008b200000, 0x000000008b300000|  0%| F|  |TAMS 0x000000008b200000, 0x000000008b200000| Untracked 
|  99|0x000000008b300000, 0x000000008b300000, 0x000000008b400000|  0%| F|  |TAMS 0x000000008b300000, 0x000000008b300000| Untracked 
| 100|0x000000008b400000, 0x000000008b400000, 0x000000008b500000|  0%| F|  |TAMS 0x000000008b400000, 0x000000008b400000| Untracked 
| 101|0x000000008b500000, 0x000000008b500000, 0x000000008b600000|  0%| F|  |TAMS 0x000000008b500000, 0x000000008b500000| Untracked 
| 102|0x000000008b600000, 0x000000008b600000, 0x000000008b700000|  0%| F|  |TAMS 0x000000008b600000, 0x000000008b600000| Untracked 
| 103|0x000000008b700000, 0x000000008b700000, 0x000000008b800000|  0%| F|  |TAMS 0x000000008b700000, 0x000000008b700000| Untracked 
| 104|0x000000008b800000, 0x000000008b800000, 0x000000008b900000|  0%| F|  |TAMS 0x000000008b800000, 0x000000008b800000| Untracked 
| 105|0x000000008b900000, 0x000000008b900000, 0x000000008ba00000|  0%| F|  |TAMS 0x000000008b900000, 0x000000008b900000| Untracked 
| 106|0x000000008ba00000, 0x000000008ba00000, 0x000000008bb00000|  0%| F|  |TAMS 0x000000008ba00000, 0x000000008ba00000| Untracked 
| 107|0x000000008bb00000, 0x000000008bb00000, 0x000000008bc00000|  0%| F|  |TAMS 0x000000008bb00000, 0x000000008bb00000| Untracked 
| 108|0x000000008bc00000, 0x000000008bc5b398, 0x000000008bd00000| 35%| S|CS|TAMS 0x000000008bc00000, 0x000000008bc00000| Complete 
| 109|0x000000008bd00000, 0x000000008be00000, 0x000000008be00000|100%| S|CS|TAMS 0x000000008bd00000, 0x000000008bd00000| Complete 
| 110|0x000000008be00000, 0x000000008be00000, 0x000000008bf00000|  0%| F|  |TAMS 0x000000008be00000, 0x000000008be00000| Untracked 
| 111|0x000000008bf00000, 0x000000008bf00000, 0x000000008c000000|  0%| F|  |TAMS 0x000000008bf00000, 0x000000008bf00000| Untracked 
| 112|0x000000008c000000, 0x000000008c000000, 0x000000008c100000|  0%| F|  |TAMS 0x000000008c000000, 0x000000008c000000| Untracked 
| 113|0x000000008c100000, 0x000000008c100000, 0x000000008c200000|  0%| F|  |TAMS 0x000000008c100000, 0x000000008c100000| Untracked 
| 114|0x000000008c200000, 0x000000008c200000, 0x000000008c300000|  0%| F|  |TAMS 0x000000008c200000, 0x000000008c200000| Untracked 
| 115|0x000000008c300000, 0x000000008c300000, 0x000000008c400000|  0%| F|  |TAMS 0x000000008c300000, 0x000000008c300000| Untracked 
| 116|0x000000008c400000, 0x000000008c45cdf8, 0x000000008c500000| 36%| E|  |TAMS 0x000000008c400000, 0x000000008c400000| Complete 
| 117|0x000000008c500000, 0x000000008c600000, 0x000000008c600000|100%| E|CS|TAMS 0x000000008c500000, 0x000000008c500000| Complete 
| 118|0x000000008c600000, 0x000000008c700000, 0x000000008c700000|100%| E|CS|TAMS 0x000000008c600000, 0x000000008c600000| Complete 
| 119|0x000000008c700000, 0x000000008c800000, 0x000000008c800000|100%| E|CS|TAMS 0x000000008c700000, 0x000000008c700000| Complete 
| 120|0x000000008c800000, 0x000000008c900000, 0x000000008c900000|100%| E|CS|TAMS 0x000000008c800000, 0x000000008c800000| Complete 
| 121|0x000000008c900000, 0x000000008ca00000, 0x000000008ca00000|100%| E|CS|TAMS 0x000000008c900000, 0x000000008c900000| Complete 
| 122|0x000000008ca00000, 0x000000008cb00000, 0x000000008cb00000|100%| E|CS|TAMS 0x000000008ca00000, 0x000000008ca00000| Complete 
| 123|0x000000008cb00000, 0x000000008cc00000, 0x000000008cc00000|100%| E|CS|TAMS 0x000000008cb00000, 0x000000008cb00000| Complete 
|1966|0x00000000ffe00000, 0x00000000ffe34000, 0x00000000fff00000| 20%|OA|  |TAMS 0x00000000ffe00000, 0x00000000ffe00000| Untracked 
|1967|0x00000000fff00000, 0x00000000fff6a000, 0x0000000100000000| 41%|CA|  |TAMS 0x00000000fff00000, 0x00000000fff00000| Untracked 

Card table byte_map: [0x00007f804d6fd000,0x00007f804dad5000] _byte_map_base: 0x00007f804d2d5000

Marking Bits (Prev, Next): (CMBitMap*) 0x00007f804804f5d8, (CMBitMap*) 0x00007f804804f610
 Prev Bits: [0x00007f802a140000, 0x00007f802c000000)
 Next Bits: [0x00007f8028280000, 0x00007f802a140000)

Polling page: 0x00007f804e5c6000

Metaspace:

Usage:
  Non-class:      9.68 MB capacity,     9.43 MB ( 97%) used,   205.54 KB (  2%) free+waste,    54.94 KB ( <1%) overhead. 
      Class:      1.52 MB capacity,     1.27 MB ( 84%) used,   223.82 KB ( 14%) free+waste,    30.38 KB (  2%) overhead. 
       Both:     11.20 MB capacity,    10.70 MB ( 96%) used,   429.36 KB (  4%) free+waste,    85.31 KB ( <1%) overhead. 

Virtual space:
  Non-class space:       10.00 MB reserved,       9.75 MB ( 98%) committed 
      Class space:        1.00 GB reserved,       1.62 MB ( <1%) committed 
             Both:        1.01 GB reserved,      11.38 MB (  1%) committed 

Chunk freelists:
   Non-Class:  41.00 KB
       Class:  15.00 KB
        Both:  56.00 KB

CodeHeap 'non-profiled nmethods': size=120032Kb used=393Kb max_used=393Kb free=119639Kb
 bounds [0x00007f803841e000, 0x00007f803868e000, 0x00007f803f956000]
CodeHeap 'profiled nmethods': size=120032Kb used=1886Kb max_used=1886Kb free=118145Kb
 bounds [0x00007f8030ee6000, 0x00007f8031156000, 0x00007f803841e000]
CodeHeap 'non-nmethods': size=5696Kb used=1276Kb max_used=1302Kb free=4420Kb
 bounds [0x00007f8030956000, 0x00007f8030bc6000, 0x00007f8030ee6000]
 total_blobs=1876 nmethods=1044 adapters=598
 compilation: enabled
              stopped_count=0, restarted_count=0
 full_count=0

Compilation events (10 events):
Event: 1.709 Thread 0x00007f804811a800 1040       3       java.nio.ByteBuffer::<init> (12 bytes)
Event: 1.709 Thread 0x00007f804811a800 nmethod 1040 0x00007f80310bbf90 code [0x00007f80310bc140, 0x00007f80310bc308]
Event: 1.767 Thread 0x00007f804811a800 1042       3       sun.awt.X11.XAnyEvent::get_window (20 bytes)
Event: 1.767 Thread 0x00007f804811a800 nmethod 1042 0x00007f80310bc390 code [0x00007f80310bc580, 0x00007f80310bca48]
Event: 1.771 Thread 0x00007f804811a800 1043       3       sun.font.XRGlyphCacheEntry::getXAdvance (16 bytes)
Event: 1.771 Thread 0x00007f804811a800 nmethod 1043 0x00007f80310bcc10 code [0x00007f80310bcdc0, 0x00007f80310bcfd0]
Event: 1.771 Thread 0x00007f804811a800 1044       3       sun.font.XRGlyphCacheEntry::getYAdvance (16 bytes)
Event: 1.771 Thread 0x00007f804811a800 nmethod 1044 0x00007f80310bd090 code [0x00007f80310bd240, 0x00007f80310bd450]
Event: 1.771 Thread 0x00007f804811a800 1045       3       sun.java2d.SunGraphics2D::getCompClip (19 bytes)
Event: 1.771 Thread 0x00007f804811a800 nmethod 1045 0x00007f80310bd510 code [0x00007f80310bd6e0, 0x00007f80310bd908]

GC Heap History (2 events):
Event: 1.251 GC heap before
{Heap before GC invocations=0 (full 0):
 garbage-first heap   total 129024K, used 23160K [0x0000000085000000, 0x0000000100000000)
  region size 1024K, 14 young (14336K), 0 survivors (0K)
 Metaspace       used 5239K, capacity 5594K, committed 5632K, reserved 1056768K
  class space    used 583K, capacity 767K, committed 768K, reserved 1048576K
}
Event: 1.263 GC heap after
{Heap after GC invocations=1 (full 0):
 garbage-first heap   total 129024K, used 10212K [0x0000000085000000, 0x0000000100000000)
  region size 1024K, 2 young (2048K), 2 survivors (2048K)
 Metaspace       used 5239K, capacity 5594K, committed 5632K, reserved 1056768K
  class space    used 583K, capacity 767K, committed 768K, reserved 1048576K
}

Deoptimization events (10 events):
Event: 1.239 Thread 0x00007f804834d000 DEOPT PACKING pc=0x00007f803845609c sp=0x00007f7fee0c26e0
Event: 1.239 Thread 0x00007f804834d000 DEOPT UNPACKING pc=0x00007f803097ea25 sp=0x00007f7fee0c2650 mode 2
Event: 1.639 Thread 0x00007f804835c800 Uncommon trap: trap_request=0xffffffc6 fr.pc=0x00007f803845e6bc relative=0x00000000000006bc
Event: 1.639 Thread 0x00007f804835c800 Uncommon trap: reason=bimorphic_or_optimized_type_check action=maybe_recompile pc=0x00007f803845e6bc method=java.util.concurrent.ConcurrentHashMap.get(Ljava/lang/Object;)Ljava/lang/Object; @ 149 c2
Event: 1.639 Thread 0x00007f804835c800 DEOPT PACKING pc=0x00007f803845e6bc sp=0x00007f7fed8b3150
Event: 1.639 Thread 0x00007f804835c800 DEOPT UNPACKING pc=0x00007f803097ea25 sp=0x00007f7fed8b30f0 mode 2
Event: 1.685 Thread 0x00007f804835c800 Uncommon trap: trap_request=0xffffffc6 fr.pc=0x00007f803845e6bc relative=0x00000000000006bc
Event: 1.685 Thread 0x00007f804835c800 Uncommon trap: reason=bimorphic_or_optimized_type_check action=maybe_recompile pc=0x00007f803845e6bc method=java.util.concurrent.ConcurrentHashMap.get(Ljava/lang/Object;)Ljava/lang/Object; @ 149 c2
Event: 1.685 Thread 0x00007f804835c800 DEOPT PACKING pc=0x00007f803845e6bc sp=0x00007f7fed8b3150
Event: 1.685 Thread 0x00007f804835c800 DEOPT UNPACKING pc=0x00007f803097ea25 sp=0x00007f7fed8b30f0 mode 2

Classes redefined (0 events):
No events

Internal exceptions (10 events):
Event: 1.390 Thread 0x00007f804835c800 Exception <a 'java/lang/NoSuchMethodError'{0x000000008c727c30}: 'java.lang.Object java.lang.invoke.DirectMethodHandle$Holder.invokeSpecial(java.lang.Object, java.lang.Object, int, int, java.lang.Object, java.lang.Object, java.lang.Object, java.lang.Object
Event: 1.390 Thread 0x00007f804835c800 Exception <a 'java/lang/NoSuchMethodError'{0x000000008c72b610}: 'java.lang.Object java.lang.invoke.DelegatingMethodHandle$Holder.reinvoke_L(java.lang.Object, int, int, java.lang.Object, java.lang.Object, java.lang.Object, java.lang.Object)'> (0x000000008c
Event: 1.415 Thread 0x00007f804835c800 Exception <a 'java/lang/NoSuchMethodError'{0x000000008c63fa18}: 'java.lang.Object java.lang.invoke.DirectMethodHandle$Holder.invokeStatic(java.lang.Object, java.lang.Object, java.lang.Object, java.lang.Object, java.lang.Object, java.lang.Object, java.lang
Event: 1.416 Thread 0x00007f804835c800 Exception <a 'java/lang/NoSuchMethodError'{0x000000008c64bf90}: 'java.lang.Object java.lang.invoke.DirectMethodHandle$Holder.invokeStatic(java.lang.Object, java.lang.Object, java.lang.Object, java.lang.Object, java.lang.Object, java.lang.Object, java.lang
Event: 1.417 Thread 0x00007f804835c800 Exception <a 'java/lang/NoSuchMethodError'{0x000000008c6588e8}: 'java.lang.Object java.lang.invoke.DirectMethodHandle$Holder.invokeStatic(java.lang.Object, java.lang.Object, java.lang.Object, java.lang.Object, java.lang.Object, java.lang.Object, java.lang
Event: 1.433 Thread 0x00007f804835c800 Exception <a 'java/lang/NoSuchMethodError'{0x000000008c6b67d8}: 'java.lang.Object java.lang.invoke.DirectMethodHandle$Holder.invokeStatic(java.lang.Object, java.lang.Object, java.lang.Object, java.lang.Object, java.lang.Object, java.lang.Object, java.lang
Event: 1.435 Thread 0x00007f804835c800 Exception <a 'java/lang/NoSuchMethodError'{0x000000008c6d4cb0}: 'java.lang.Object java.lang.invoke.DirectMethodHandle$Holder.invokeStatic(java.lang.Object, java.lang.Object, java.lang.Object, java.lang.Object, java.lang.Object, java.lang.Object, java.lang
Event: 1.436 Thread 0x00007f804835c800 Exception <a 'java/lang/NoSuchMethodError'{0x000000008c6f3738}: 'java.lang.Object java.lang.invoke.DirectMethodHandle$Holder.invokeStatic(java.lang.Object, java.lang.Object, java.lang.Object, java.lang.Object, java.lang.Object, java.lang.Object, java.lang
Event: 1.441 Thread 0x00007f804835c800 Exception <a 'java/lang/NoSuchMethodError'{0x000000008c513cb0}: 'java.lang.Object java.lang.invoke.DirectMethodHandle$Holder.invokeStatic(java.lang.Object, java.lang.Object, java.lang.Object, java.lang.Object, java.lang.Object, java.lang.Object, java.lang
Event: 1.470 Thread 0x00007f804835c800 Exception <a 'java/lang/NoSuchMethodError'{0x000000008c53cf80}: 'void java.lang.invoke.DirectMethodHandle$Holder.invokeStaticInit(java.lang.Object)'> (0x000000008c53cf80) thrown at [/build/openjdk-lts-ZT5jEu/openjdk-lts-11.0.4+11/src/hotspot/share/interpr

Events (10 events):
Event: 1.766 Executing VM operation: RevokeBias
Event: 1.766 Executing VM operation: RevokeBias done
Event: 1.769 loading class sun/awt/im/CompositionAreaHandler
Event: 1.769 loading class sun/awt/im/CompositionAreaHandler done
Event: 1.769 loading class java/text/AttributedString
Event: 1.770 loading class java/text/AttributedString done
Event: 1.770 loading class java/text/AttributedString$AttributedStringIterator
Event: 1.770 loading class java/text/AttributedCharacterIterator
Event: 1.770 loading class java/text/AttributedCharacterIterator done
Event: 1.770 loading class java/text/AttributedString$AttributedStringIterator done


Dynamic libraries:
85000000-8cc00000 rw-p 00000000 00:00 0 
8cc00000-ffe00000 ---p 00000000 00:00 0 
ffe00000-ffe34000 rw-p 01116000 08:02 23990720                           /usr/lib/jvm/java-11-openjdk-amd64/lib/server/classes.jsa
ffe34000-fff00000 rw-p 00000000 00:00 0 
fff00000-fff6a000 rw-p 010ac000 08:02 23990720                           /usr/lib/jvm/java-11-openjdk-amd64/lib/server/classes.jsa
fff6a000-100000000 rw-p 00000000 00:00 0 
800000000-800002000 rwxp 00001000 08:02 23990720                         /usr/lib/jvm/java-11-openjdk-amd64/lib/server/classes.jsa
800002000-8003bd000 rw-p 00003000 08:02 23990720                         /usr/lib/jvm/java-11-openjdk-amd64/lib/server/classes.jsa
8003bd000-800a98000 r--p 003be000 08:02 23990720                         /usr/lib/jvm/java-11-openjdk-amd64/lib/server/classes.jsa
800a98000-800a99000 rw-p 00a99000 08:02 23990720                         /usr/lib/jvm/java-11-openjdk-amd64/lib/server/classes.jsa
800a99000-8010ab000 r--p 00a9a000 08:02 23990720                         /usr/lib/jvm/java-11-openjdk-amd64/lib/server/classes.jsa
840000000-8401a0000 rw-p 00000000 00:00 0 
8401a0000-880000000 ---p 00000000 00:00 0 
557109e15000-557109e16000 r--p 00000000 08:02 23597129                   /usr/lib/jvm/java-11-openjdk-amd64/bin/java
557109e16000-557109e17000 r-xp 00001000 08:02 23597129                   /usr/lib/jvm/java-11-openjdk-amd64/bin/java
557109e17000-557109e18000 r--p 00002000 08:02 23597129                   /usr/lib/jvm/java-11-openjdk-amd64/bin/java
557109e18000-557109e19000 r--p 00002000 08:02 23597129                   /usr/lib/jvm/java-11-openjdk-amd64/bin/java
557109e19000-557109e1a000 rw-p 00003000 08:02 23597129                   /usr/lib/jvm/java-11-openjdk-amd64/bin/java
55710a3df000-55710a400000 rw-p 00000000 00:00 0                          [heap]
7f7fac000000-7f7fac157000 rw-p 00000000 00:00 0 
7f7fac157000-7f7fb0000000 ---p 00000000 00:00 0 
7f7fb0000000-7f7fb0021000 rw-p 00000000 00:00 0 
7f7fb0021000-7f7fb4000000 ---p 00000000 00:00 0 
7f7fb4000000-7f7fb4021000 rw-p 00000000 00:00 0 
7f7fb4021000-7f7fb8000000 ---p 00000000 00:00 0 
7f7fb8000000-7f7fb8021000 rw-p 00000000 00:00 0 
7f7fb8021000-7f7fbc000000 ---p 00000000 00:00 0 
7f7fbc000000-7f7fbc021000 rw-p 00000000 00:00 0 
7f7fbc021000-7f7fc0000000 ---p 00000000 00:00 0 
7f7fc0000000-7f7fc0021000 rw-p 00000000 00:00 0 
7f7fc0021000-7f7fc4000000 ---p 00000000 00:00 0 
7f7fc4000000-7f7fc4021000 rw-p 00000000 00:00 0 
7f7fc4021000-7f7fc8000000 ---p 00000000 00:00 0 
7f7fc8000000-7f7fc8021000 rw-p 00000000 00:00 0 
7f7fc8021000-7f7fcc000000 ---p 00000000 00:00 0 
7f7fcc000000-7f7fcc02f000 rw-p 00000000 00:00 0 
7f7fcc02f000-7f7fd0000000 ---p 00000000 00:00 0 
7f7fd0000000-7f7fd0021000 rw-p 00000000 00:00 0 
7f7fd0021000-7f7fd4000000 ---p 00000000 00:00 0 
7f7fd4000000-7f7fd4021000 rw-p 00000000 00:00 0 
7f7fd4021000-7f7fd8000000 ---p 00000000 00:00 0 
7f7fd8000000-7f7fd8021000 rw-p 00000000 00:00 0 
7f7fd8021000-7f7fdc000000 ---p 00000000 00:00 0 
7f7fdc000000-7f7fdc021000 rw-p 00000000 00:00 0 
7f7fdc021000-7f7fe0000000 ---p 00000000 00:00 0 
7f7fe0000000-7f7fe0021000 rw-p 00000000 00:00 0 
7f7fe0021000-7f7fe4000000 ---p 00000000 00:00 0 
7f7fe4000000-7f7fe4021000 rw-p 00000000 00:00 0 
7f7fe4021000-7f7fe8000000 ---p 00000000 00:00 0 
7f7fe8000000-7f7fe8021000 rw-p 00000000 00:00 0 
7f7fe8021000-7f7fec000000 ---p 00000000 00:00 0 
7f7fecdae000-7f7fed4b7000 rw-s 00000000 00:05 11436096                   /SYSV00000000 (deleted)
7f7fed4b7000-7f7fed677000 rw-p 00000000 00:00 0 
7f7fed677000-7f7fed6b7000 ---p 00000000 00:00 0 
7f7fed6b7000-7f7fed6bb000 ---p 00000000 00:00 0 
7f7fed6bb000-7f7fed7b8000 rw-p 00000000 00:00 0 
7f7fed7b8000-7f7fed7bc000 ---p 00000000 00:00 0 
7f7fed7bc000-7f7fed8b9000 rw-p 00000000 00:00 0 
7f7fed8b9000-7f7fed8bd000 ---p 00000000 00:00 0 
7f7fed8bd000-7f7fed9ba000 rw-p 00000000 00:00 0 
7f7fed9ba000-7f7fed9bb000 ---p 00000000 00:00 0 
7f7fed9bb000-7f7fedabc000 rw-p 00000000 00:00 0 
7f7fedabc000-7f7fedabd000 ---p 00000000 00:00 0 
7f7fedabd000-7f7fedbbe000 rw-p 00000000 00:00 0 
7f7fedbbe000-7f7fedbbf000 ---p 00000000 00:00 0 
7f7fedbbf000-7f7fedcc0000 rw-p 00000000 00:00 0 
7f7fedcc0000-7f7fedcc4000 ---p 00000000 00:00 0 
7f7fedcc4000-7f7feddc1000 rw-p 00000000 00:00 0 
7f7feddc1000-7f7feddc5000 ---p 00000000 00:00 0 
7f7feddc5000-7f7fedec2000 rw-p 00000000 00:00 0 
7f7fedec2000-7f7fedec6000 ---p 00000000 00:00 0 
7f7fedec6000-7f7fedfc3000 rw-p 00000000 00:00 0 
7f7fedfc3000-7f7fedfc7000 ---p 00000000 00:00 0 
7f7fedfc7000-7f7fee0c4000 rw-p 00000000 00:00 0 
7f7fee0c4000-7f7fee0c8000 ---p 00000000 00:00 0 
7f7fee0c8000-7f7fee1c5000 rw-p 00000000 00:00 0 
7f7fee1c5000-7f7fee1c9000 ---p 00000000 00:00 0 
7f7fee1c9000-7f7fee2c6000 rw-p 00000000 00:00 0 
7f7fee2c6000-7f7fee2cb000 r-xp 00000000 08:02 23600531                   /usr/lib/x86_64-linux-gnu/libXfixes.so.3.1.0
7f7fee2cb000-7f7fee4ca000 ---p 00005000 08:02 23600531                   /usr/lib/x86_64-linux-gnu/libXfixes.so.3.1.0
7f7fee4ca000-7f7fee4cb000 r--p 00004000 08:02 23600531                   /usr/lib/x86_64-linux-gnu/libXfixes.so.3.1.0
7f7fee4cb000-7f7fee4cc000 rw-p 00005000 08:02 23600531                   /usr/lib/x86_64-linux-gnu/libXfixes.so.3.1.0
7f7fee4cc000-7f7fee4ce000 r--p 00000000 08:02 23600523                   /usr/lib/x86_64-linux-gnu/libXcursor.so.1.0.2
7f7fee4ce000-7f7fee4d3000 r-xp 00002000 08:02 23600523                   /usr/lib/x86_64-linux-gnu/libXcursor.so.1.0.2
7f7fee4d3000-7f7fee4d5000 r--p 00007000 08:02 23600523                   /usr/lib/x86_64-linux-gnu/libXcursor.so.1.0.2
7f7fee4d5000-7f7fee4d6000 r--p 00008000 08:02 23600523                   /usr/lib/x86_64-linux-gnu/libXcursor.so.1.0.2
7f7fee4d6000-7f7fee4d7000 rw-p 00009000 08:02 23600523                   /usr/lib/x86_64-linux-gnu/libXcursor.so.1.0.2
7f7fee4e9000-7f7fee4ea000 ---p 00000000 00:00 0 
7f7fee4ea000-7f7feecea000 rw-p 00000000 00:00 0 
7f7feecea000-7f7feeceb000 ---p 00000000 00:00 0 
7f7feeceb000-7f7fef4eb000 rw-p 00000000 00:00 0 
7f7fef4eb000-7f7fef4ec000 ---p 00000000 00:00 0 
7f7fef4ec000-7f7fefcec000 rw-p 00000000 00:00 0 
7f7fefcec000-7f7fefd12000 r--p 00000000 08:02 25043479                   /usr/share/glib-2.0/schemas/gschemas.compiled
7f7fefd12000-7f7fefd1c000 r--p 00000000 08:02 23600663                   /usr/lib/x86_64-linux-gnu/libblkid.so.1.1.0
7f7fefd1c000-7f7fefd50000 r-xp 0000a000 08:02 23600663                   /usr/lib/x86_64-linux-gnu/libblkid.so.1.1.0
7f7fefd50000-7f7fefd60000 r--p 0003e000 08:02 23600663                   /usr/lib/x86_64-linux-gnu/libblkid.so.1.1.0
7f7fefd60000-7f7fefd61000 ---p 0004e000 08:02 23600663                   /usr/lib/x86_64-linux-gnu/libblkid.so.1.1.0
7f7fefd61000-7f7fefd66000 r--p 0004e000 08:02 23600663                   /usr/lib/x86_64-linux-gnu/libblkid.so.1.1.0
7f7fefd66000-7f7fefd67000 rw-p 00053000 08:02 23600663                   /usr/lib/x86_64-linux-gnu/libblkid.so.1.1.0
7f7fefd67000-7f7fefd69000 r--p 00000000 08:02 23601506                   /usr/lib/x86_64-linux-gnu/libpcre.so.3.13.3
7f7fefd69000-7f7fefdbb000 r-xp 00002000 08:02 23601506                   /usr/lib/x86_64-linux-gnu/libpcre.so.3.13.3
7f7fefdbb000-7f7fefdd9000 r--p 00054000 08:02 23601506                   /usr/lib/x86_64-linux-gnu/libpcre.so.3.13.3
7f7fefdd9000-7f7fefdda000 r--p 00071000 08:02 23601506                   /usr/lib/x86_64-linux-gnu/libpcre.so.3.13.3
7f7fefdda000-7f7fefddb000 rw-p 00072000 08:02 23601506                   /usr/lib/x86_64-linux-gnu/libpcre.so.3.13.3
7f7fefddb000-7f7fefde6000 r--p 00000000 08:02 23601326                   /usr/lib/x86_64-linux-gnu/libmount.so.1.1.0
7f7fefde6000-7f7fefe21000 r-xp 0000b000 08:02 23601326                   /usr/lib/x86_64-linux-gnu/libmount.so.1.1.0
7f7fefe21000-7f7fefe33000 r--p 00046000 08:02 23601326                   /usr/lib/x86_64-linux-gnu/libmount.so.1.1.0
7f7fefe33000-7f7fefe36000 r--p 00057000 08:02 23601326                   /usr/lib/x86_64-linux-gnu/libmount.so.1.1.0
7f7fefe36000-7f7fefe37000 rw-p 0005a000 08:02 23601326                   /usr/lib/x86_64-linux-gnu/libmount.so.1.1.0
7f7fefe37000-7f7fefe6e000 r--p 00000000 08:02 23593360                   /usr/lib/x86_64-linux-gnu/libgio-2.0.so.0.6000.0
7f7fefe6e000-7f7feff6f000 r-xp 00037000 08:02 23593360                   /usr/lib/x86_64-linux-gnu/libgio-2.0.so.0.6000.0
7f7feff6f000-7f7fefff5000 r--p 00138000 08:02 23593360                   /usr/lib/x86_64-linux-gnu/libgio-2.0.so.0.6000.0
7f7fefff5000-7f7fefffd000 r--p 001bd000 08:02 23593360                   /usr/lib/x86_64-linux-gnu/libgio-2.0.so.0.6000.0
7f7fefffd000-7f7fefffe000 rw-p 001c5000 08:02 23593360                   /usr/lib/x86_64-linux-gnu/libgio-2.0.so.0.6000.0
7f7fefffe000-7f7ff0000000 rw-p 00000000 00:00 0 
7f7ff0000000-7f7ff0021000 rw-p 00000000 00:00 0 
7f7ff0021000-7f7ff4000000 ---p 00000000 00:00 0 
7f7ff4000000-7f7ff4021000 rw-p 00000000 00:00 0 
7f7ff4021000-7f7ff8000000 ---p 00000000 00:00 0 
7f7ff8000000-7f7ff8309000 rw-p 00000000 00:00 0 
7f7ff8309000-7f7ffc000000 ---p 00000000 00:00 0 
7f7ffc000000-7f7ffc021000 rw-p 00000000 00:00 0 
7f7ffc021000-7f8000000000 ---p 00000000 00:00 0 
7f8000000000-7f8000021000 rw-p 00000000 00:00 0 
7f8000021000-7f8004000000 ---p 00000000 00:00 0 
7f8004000000-7f8004ebb000 rw-p 00000000 00:00 0 
7f8004ebb000-7f8008000000 ---p 00000000 00:00 0 
7f8008000000-7f8008021000 rw-p 00000000 00:00 0 
7f8008021000-7f800c000000 ---p 00000000 00:00 0 
7f800c000000-7f800c021000 rw-p 00000000 00:00 0 
7f800c021000-7f8010000000 ---p 00000000 00:00 0 
7f8010000000-7f8010021000 rw-p 00000000 00:00 0 
7f8010021000-7f8014000000 ---p 00000000 00:00 0 
7f8014000000-7f8014021000 rw-p 00000000 00:00 0 
7f8014021000-7f8018000000 ---p 00000000 00:00 0 
7f8018000000-7f8018021000 rw-p 00000000 00:00 0 
7f8018021000-7f801c000000 ---p 00000000 00:00 0 
7f801c000000-7f801c021000 rw-p 00000000 00:00 0 
7f801c021000-7f8020000000 ---p 00000000 00:00 0 
7f8020001000-7f8020003000 r--p 00000000 08:02 23601822                   /usr/lib/x86_64-linux-gnu/libuuid.so.1.3.0
7f8020003000-7f8020007000 r-xp 00002000 08:02 23601822                   /usr/lib/x86_64-linux-gnu/libuuid.so.1.3.0
7f8020007000-7f8020008000 r--p 00006000 08:02 23601822                   /usr/lib/x86_64-linux-gnu/libuuid.so.1.3.0
7f8020008000-7f8020009000 r--p 00006000 08:02 23601822                   /usr/lib/x86_64-linux-gnu/libuuid.so.1.3.0
7f8020009000-7f802000a000 rw-p 00007000 08:02 23601822                   /usr/lib/x86_64-linux-gnu/libuuid.so.1.3.0
7f802000a000-7f8020010000 r--p 00000000 08:02 23601661                   /usr/lib/x86_64-linux-gnu/libselinux.so.1
7f8020010000-7f8020028000 r-xp 00006000 08:02 23601661                   /usr/lib/x86_64-linux-gnu/libselinux.so.1
7f8020028000-7f802002f000 r--p 0001e000 08:02 23601661                   /usr/lib/x86_64-linux-gnu/libselinux.so.1
7f802002f000-7f8020030000 ---p 00025000 08:02 23601661                   /usr/lib/x86_64-linux-gnu/libselinux.so.1
7f8020030000-7f8020031000 r--p 00025000 08:02 23601661                   /usr/lib/x86_64-linux-gnu/libselinux.so.1
7f8020031000-7f8020032000 rw-p 00026000 08:02 23601661                   /usr/lib/x86_64-linux-gnu/libselinux.so.1
7f8020032000-7f8020034000 rw-p 00000000 00:00 0 
7f8020034000-7f8020042000 r--p 00000000 08:02 23593408                   /usr/lib/x86_64-linux-gnu/libgobject-2.0.so.0.6000.0
7f8020042000-7f8020074000 r-xp 0000e000 08:02 23593408                   /usr/lib/x86_64-linux-gnu/libgobject-2.0.so.0.6000.0
7f8020074000-7f802008c000 r--p 00040000 08:02 23593408                   /usr/lib/x86_64-linux-gnu/libgobject-2.0.so.0.6000.0
7f802008c000-7f802008f000 r--p 00057000 08:02 23593408                   /usr/lib/x86_64-linux-gnu/libgobject-2.0.so.0.6000.0
7f802008f000-7f8020090000 rw-p 0005a000 08:02 23593408                   /usr/lib/x86_64-linux-gnu/libgobject-2.0.so.0.6000.0
7f8020090000-7f80200ab000 r--p 00000000 08:02 23593383                   /usr/lib/x86_64-linux-gnu/libglib-2.0.so.0.6000.0
7f80200ab000-7f802012b000 r-xp 0001b000 08:02 23593383                   /usr/lib/x86_64-linux-gnu/libglib-2.0.so.0.6000.0
7f802012b000-7f80201ad000 r--p 0009b000 08:02 23593383                   /usr/lib/x86_64-linux-gnu/libglib-2.0.so.0.6000.0
7f80201ad000-7f80201ae000 ---p 0011d000 08:02 23593383                   /usr/lib/x86_64-linux-gnu/libglib-2.0.so.0.6000.0
7f80201ae000-7f80201af000 r--p 0011d000 08:02 23593383                   /usr/lib/x86_64-linux-gnu/libglib-2.0.so.0.6000.0
7f80201af000-7f80201b0000 rw-p 0011e000 08:02 23593383                   /usr/lib/x86_64-linux-gnu/libglib-2.0.so.0.6000.0
7f80201b0000-7f80201b1000 rw-p 00000000 00:00 0 
7f80201b1000-7f80201bb000 r-xp 00000000 08:02 23600547                   /usr/lib/x86_64-linux-gnu/libXrandr.so.2.2.0
7f80201bb000-7f80203ba000 ---p 0000a000 08:02 23600547                   /usr/lib/x86_64-linux-gnu/libXrandr.so.2.2.0
7f80203ba000-7f80203bb000 r--p 00009000 08:02 23600547                   /usr/lib/x86_64-linux-gnu/libXrandr.so.2.2.0
7f80203bb000-7f80203bc000 rw-p 0000a000 08:02 23600547                   /usr/lib/x86_64-linux-gnu/libXrandr.so.2.2.0
7f80203bc000-7f80203c1000 r--p 00000000 08:02 23601542                   /usr/lib/x86_64-linux-gnu/libpng16.so.16.36.0
7f80203c1000-7f80203e5000 r-xp 00005000 08:02 23601542                   /usr/lib/x86_64-linux-gnu/libpng16.so.16.36.0
7f80203e5000-7f80203f1000 r--p 00029000 08:02 23601542                   /usr/lib/x86_64-linux-gnu/libpng16.so.16.36.0
7f80203f1000-7f80203f2000 r--p 00034000 08:02 23601542                   /usr/lib/x86_64-linux-gnu/libpng16.so.16.36.0
7f80203f2000-7f80203f3000 rw-p 00035000 08:02 23601542                   /usr/lib/x86_64-linux-gnu/libpng16.so.16.36.0
7f80203f3000-7f80203ff000 r--p 00000000 08:02 23600949                   /usr/lib/x86_64-linux-gnu/libfreetype.so.6.16.1
7f80203ff000-7f802047c000 r-xp 0000c000 08:02 23600949                   /usr/lib/x86_64-linux-gnu/libfreetype.so.6.16.1
7f802047c000-7f80204a5000 r--p 00089000 08:02 23600949                   /usr/lib/x86_64-linux-gnu/libfreetype.so.6.16.1
7f80204a5000-7f80204a6000 ---p 000b2000 08:02 23600949                   /usr/lib/x86_64-linux-gnu/libfreetype.so.6.16.1
7f80204a6000-7f80204ad000 r--p 000b2000 08:02 23600949                   /usr/lib/x86_64-linux-gnu/libfreetype.so.6.16.1
7f80204ad000-7f80204ae000 rw-p 000b9000 08:02 23600949                   /usr/lib/x86_64-linux-gnu/libfreetype.so.6.16.1
7f80204ae000-7f80204b2000 r--p 00000000 08:02 23990635                   /usr/lib/jvm/java-11-openjdk-amd64/lib/libfontmanager.so
7f80204b2000-7f80205a4000 r-xp 00004000 08:02 23990635                   /usr/lib/jvm/java-11-openjdk-amd64/lib/libfontmanager.so
7f80205a4000-7f80205e4000 r--p 000f6000 08:02 23990635                   /usr/lib/jvm/java-11-openjdk-amd64/lib/libfontmanager.so
7f80205e4000-7f80205e5000 r--p 00135000 08:02 23990635                   /usr/lib/jvm/java-11-openjdk-amd64/lib/libfontmanager.so
7f80205e5000-7f80205e6000 rw-p 00136000 08:02 23990635                   /usr/lib/jvm/java-11-openjdk-amd64/lib/libfontmanager.so
7f80205e6000-7f80205e9000 rw-p 00000000 00:00 0 
7f80205e9000-7f80205ee000 r-xp 00000000 08:02 23600527                   /usr/lib/x86_64-linux-gnu/libXdmcp.so.6.0.0
7f80205ee000-7f80207ed000 ---p 00005000 08:02 23600527                   /usr/lib/x86_64-linux-gnu/libXdmcp.so.6.0.0
7f80207ed000-7f80207ee000 r--p 00004000 08:02 23600527                   /usr/lib/x86_64-linux-gnu/libXdmcp.so.6.0.0
7f80207ee000-7f80207ef000 rw-p 00005000 08:02 23600527                   /usr/lib/x86_64-linux-gnu/libXdmcp.so.6.0.0
7f80207ef000-7f80207f1000 r-xp 00000000 08:02 23600516                   /usr/lib/x86_64-linux-gnu/libXau.so.6.0.0
7f80207f1000-7f80209f1000 ---p 00002000 08:02 23600516                   /usr/lib/x86_64-linux-gnu/libXau.so.6.0.0
7f80209f1000-7f80209f2000 r--p 00002000 08:02 23600516                   /usr/lib/x86_64-linux-gnu/libXau.so.6.0.0
7f80209f2000-7f80209f3000 rw-p 00003000 08:02 23600516                   /usr/lib/x86_64-linux-gnu/libXau.so.6.0.0
7f80209f3000-7f8020a02000 r-xp 00000000 08:02 23600537                   /usr/lib/x86_64-linux-gnu/libXi.so.6.1.0
7f8020a02000-7f8020c01000 ---p 0000f000 08:02 23600537                   /usr/lib/x86_64-linux-gnu/libXi.so.6.1.0
7f8020c01000-7f8020c02000 r--p 0000e000 08:02 23600537                   /usr/lib/x86_64-linux-gnu/libXi.so.6.1.0
7f8020c02000-7f8020c03000 rw-p 0000f000 08:02 23600537                   /usr/lib/x86_64-linux-gnu/libXi.so.6.1.0
7f8020c03000-7f8020c08000 r-xp 00000000 08:02 23600555                   /usr/lib/x86_64-linux-gnu/libXtst.so.6.1.0
7f8020c08000-7f8020e07000 ---p 00005000 08:02 23600555                   /usr/lib/x86_64-linux-gnu/libXtst.so.6.1.0
7f8020e07000-7f8020e08000 r--p 00004000 08:02 23600555                   /usr/lib/x86_64-linux-gnu/libXtst.so.6.1.0
7f8020e08000-7f8020e09000 rw-p 00005000 08:02 23600555                   /usr/lib/x86_64-linux-gnu/libXtst.so.6.1.0
7f8020e09000-7f8020e12000 r-xp 00000000 08:02 23600549                   /usr/lib/x86_64-linux-gnu/libXrender.so.1.3.0
7f8020e12000-7f8021011000 ---p 00009000 08:02 23600549                   /usr/lib/x86_64-linux-gnu/libXrender.so.1.3.0
7f8021011000-7f8021012000 r--p 00008000 08:02 23600549                   /usr/lib/x86_64-linux-gnu/libXrender.so.1.3.0
7f8021012000-7f8021013000 rw-p 00009000 08:02 23600549                   /usr/lib/x86_64-linux-gnu/libXrender.so.1.3.0
7f8021013000-7f8021024000 r-xp 00000000 08:02 23600529                   /usr/lib/x86_64-linux-gnu/libXext.so.6.4.0
7f8021024000-7f8021223000 ---p 00011000 08:02 23600529                   /usr/lib/x86_64-linux-gnu/libXext.so.6.4.0
7f8021223000-7f8021224000 r--p 00010000 08:02 23600529                   /usr/lib/x86_64-linux-gnu/libXext.so.6.4.0
7f8021224000-7f8021225000 rw-p 00011000 08:02 23600529                   /usr/lib/x86_64-linux-gnu/libXext.so.6.4.0
7f8021225000-7f8022000000 r--p 00000000 08:02 23600058                   /usr/lib/locale/locale-archive
7f8022000000-7f8024000000 rw-p 00000000 00:00 0 
7f8024000000-7f8024021000 rw-p 00000000 00:00 0 
7f8024021000-7f8028000000 ---p 00000000 00:00 0 
7f8028001000-7f8028002000 r--p 00000000 08:02 27001596                   /home/kramer/Downloads/RobotArena-master/RobotAreana/AIBasic/build/libs/mynativelibrary/shared/libmynativelibrary.so
7f8028002000-7f8028003000 r-xp 00001000 08:02 27001596                   /home/kramer/Downloads/RobotArena-master/RobotAreana/AIBasic/build/libs/mynativelibrary/shared/libmynativelibrary.so
7f8028003000-7f8028004000 r--p 00002000 08:02 27001596                   /home/kramer/Downloads/RobotArena-master/RobotAreana/AIBasic/build/libs/mynativelibrary/shared/libmynativelibrary.so
7f8028004000-7f8028005000 r--p 00002000 08:02 27001596                   /home/kramer/Downloads/RobotArena-master/RobotAreana/AIBasic/build/libs/mynativelibrary/shared/libmynativelibrary.so
7f8028005000-7f8028006000 rw-p 00003000 08:02 27001596                   /home/kramer/Downloads/RobotArena-master/RobotAreana/AIBasic/build/libs/mynativelibrary/shared/libmynativelibrary.so
7f8028006000-7f8028008000 r--p 00000000 08:02 23600923                   /usr/lib/x86_64-linux-gnu/libffi.so.6.0.4
7f8028008000-7f802800d000 r-xp 00002000 08:02 23600923                   /usr/lib/x86_64-linux-gnu/libffi.so.6.0.4
7f802800d000-7f802800e000 r--p 00007000 08:02 23600923                   /usr/lib/x86_64-linux-gnu/libffi.so.6.0.4
7f802800e000-7f802800f000 r--p 00007000 08:02 23600923                   /usr/lib/x86_64-linux-gnu/libffi.so.6.0.4
7f802800f000-7f8028010000 rw-p 00008000 08:02 23600923                   /usr/lib/x86_64-linux-gnu/libffi.so.6.0.4
7f8028010000-7f8028028000 r--p 00000000 08:02 23600512                   /usr/lib/x86_64-linux-gnu/libX11.so.6.3.0
7f8028028000-7f80280b0000 r-xp 00018000 08:02 23600512                   /usr/lib/x86_64-linux-gnu/libX11.so.6.3.0
7f80280b0000-7f8028144000 r--p 000a0000 08:02 23600512                   /usr/lib/x86_64-linux-gnu/libX11.so.6.3.0
7f8028144000-7f8028145000 ---p 00134000 08:02 23600512                   /usr/lib/x86_64-linux-gnu/libX11.so.6.3.0
7f8028145000-7f8028146000 r--p 00134000 08:02 23600512                   /usr/lib/x86_64-linux-gnu/libX11.so.6.3.0
7f8028146000-7f802814a000 rw-p 00135000 08:02 23600512                   /usr/lib/x86_64-linux-gnu/libX11.so.6.3.0
7f802814a000-7f802815a000 r--p 00000000 08:02 23990632                   /usr/lib/jvm/java-11-openjdk-amd64/lib/libawt_xawt.so
7f802815a000-7f8028197000 r-xp 00010000 08:02 23990632                   /usr/lib/jvm/java-11-openjdk-amd64/lib/libawt_xawt.so
7f8028197000-7f80281a9000 r--p 0004d000 08:02 23990632                   /usr/lib/jvm/java-11-openjdk-amd64/lib/libawt_xawt.so
7f80281a9000-7f80281aa000 r--p 0005e000 08:02 23990632                   /usr/lib/jvm/java-11-openjdk-amd64/lib/libawt_xawt.so
7f80281aa000-7f80281ad000 rw-p 0005f000 08:02 23990632                   /usr/lib/jvm/java-11-openjdk-amd64/lib/libawt_xawt.so
7f80281ad000-7f80281af000 rw-p 00000000 00:00 0 
7f80281af000-7f80281db000 r--p 00000000 08:02 23990630                   /usr/lib/jvm/java-11-openjdk-amd64/lib/libawt.so
7f80281db000-7f8028242000 r-xp 0002c000 08:02 23990630                   /usr/lib/jvm/java-11-openjdk-amd64/lib/libawt.so
7f8028242000-7f802824f000 r--p 00093000 08:02 23990630                   /usr/lib/jvm/java-11-openjdk-amd64/lib/libawt.so
7f802824f000-7f8028250000 r--p 0009f000 08:02 23990630                   /usr/lib/jvm/java-11-openjdk-amd64/lib/libawt.so
7f8028250000-7f802825b000 rw-p 000a0000 08:02 23990630                   /usr/lib/jvm/java-11-openjdk-amd64/lib/libawt.so
7f802825b000-7f8028470000 rw-p 00000000 00:00 0 
7f8028470000-7f802a138000 ---p 00000000 00:00 0 
7f802a138000-7f802a330000 rw-p 00000000 00:00 0 
7f802a330000-7f802bff8000 ---p 00000000 00:00 0 
7f802bff8000-7f802c000000 rw-p 00000000 00:00 0 
7f802c000000-7f802c021000 rw-p 00000000 00:00 0 
7f802c021000-7f8030000000 ---p 00000000 00:00 0 
7f8030004000-7f8030007000 r--p 00000000 08:02 24906143                   /home/kramer/.config/dconf/user
7f8030007000-7f8030008000 r--s 00000000 00:35 53                         /run/user/1000/dconf/user
7f8030008000-7f803000c000 r--p 00000000 08:02 23601610                   /usr/lib/x86_64-linux-gnu/libresolv-2.29.so
7f803000c000-7f803001b000 r-xp 00004000 08:02 23601610                   /usr/lib/x86_64-linux-gnu/libresolv-2.29.so
7f803001b000-7f803001e000 r--p 00013000 08:02 23601610                   /usr/lib/x86_64-linux-gnu/libresolv-2.29.so
7f803001e000-7f803001f000 ---p 00016000 08:02 23601610                   /usr/lib/x86_64-linux-gnu/libresolv-2.29.so
7f803001f000-7f8030020000 r--p 00016000 08:02 23601610                   /usr/lib/x86_64-linux-gnu/libresolv-2.29.so
7f8030020000-7f8030021000 rw-p 00017000 08:02 23601610                   /usr/lib/x86_64-linux-gnu/libresolv-2.29.so
7f8030021000-7f8030023000 rw-p 00000000 00:00 0 
7f8030023000-7f803002e000 r--p 00000000 08:02 23601932                   /usr/lib/x86_64-linux-gnu/libxcb.so.1.1.0
7f803002e000-7f8030041000 r-xp 0000b000 08:02 23601932                   /usr/lib/x86_64-linux-gnu/libxcb.so.1.1.0
7f8030041000-7f803004a000 r--p 0001e000 08:02 23601932                   /usr/lib/x86_64-linux-gnu/libxcb.so.1.1.0
7f803004a000-7f803004b000 r--p 00026000 08:02 23601932                   /usr/lib/x86_64-linux-gnu/libxcb.so.1.1.0
7f803004b000-7f803004c000 rw-p 00027000 08:02 23601932                   /usr/lib/x86_64-linux-gnu/libxcb.so.1.1.0
7f803004c000-7f8030050000 ---p 00000000 00:00 0 
7f8030050000-7f803014d000 rw-p 00000000 00:00 0 
7f803014d000-7f803014e000 ---p 00000000 00:00 0 
7f803014e000-7f803024f000 rw-p 00000000 00:00 0 
7f803024f000-7f8030253000 ---p 00000000 00:00 0 
7f8030253000-7f8030350000 rw-p 00000000 00:00 0 
7f8030350000-7f8030354000 ---p 00000000 00:00 0 
7f8030354000-7f8030451000 rw-p 00000000 00:00 0 
7f8030451000-7f8030455000 ---p 00000000 00:00 0 
7f8030455000-7f8030552000 rw-p 00000000 00:00 0 
7f8030552000-7f8030556000 ---p 00000000 00:00 0 
7f8030556000-7f8030653000 rw-p 00000000 00:00 0 
7f8030653000-7f8030657000 ---p 00000000 00:00 0 
7f8030657000-7f8030754000 rw-p 00000000 00:00 0 
7f8030754000-7f8030758000 ---p 00000000 00:00 0 
7f8030758000-7f8030855000 rw-p 00000000 00:00 0 
7f8030855000-7f8030859000 ---p 00000000 00:00 0 
7f8030859000-7f8030956000 rw-p 00000000 00:00 0 
7f8030956000-7f8030bc6000 rwxp 00000000 00:00 0 
7f8030bc6000-7f8030ee6000 ---p 00000000 00:00 0 
7f8030ee6000-7f8031156000 rwxp 00000000 00:00 0 
7f8031156000-7f803841e000 ---p 00000000 00:00 0 
7f803841e000-7f803868e000 rwxp 00000000 00:00 0 
7f803868e000-7f803f956000 ---p 00000000 00:00 0 
7f803f956000-7f8048000000 r--s 00000000 08:02 23990663                   /usr/lib/jvm/java-11-openjdk-amd64/lib/modules
7f8048000000-7f8048361000 rw-p 00000000 00:00 0 
7f8048361000-7f804c000000 ---p 00000000 00:00 0 
7f804c000000-7f804c001000 r--p 00000000 08:02 23593407                   /usr/lib/x86_64-linux-gnu/libgmodule-2.0.so.0.6000.0
7f804c001000-7f804c003000 r-xp 00001000 08:02 23593407                   /usr/lib/x86_64-linux-gnu/libgmodule-2.0.so.0.6000.0
7f804c003000-7f804c004000 r--p 00003000 08:02 23593407                   /usr/lib/x86_64-linux-gnu/libgmodule-2.0.so.0.6000.0
7f804c004000-7f804c005000 r--p 00003000 08:02 23593407                   /usr/lib/x86_64-linux-gnu/libgmodule-2.0.so.0.6000.0
7f804c005000-7f804c006000 rw-p 00004000 08:02 23593407                   /usr/lib/x86_64-linux-gnu/libgmodule-2.0.so.0.6000.0
7f804c006000-7f804c00a000 r--p 00000000 08:02 23600683                   /usr/lib/x86_64-linux-gnu/libbsd.so.0.9.1
7f804c00a000-7f804c019000 r-xp 00004000 08:02 23600683                   /usr/lib/x86_64-linux-gnu/libbsd.so.0.9.1
7f804c019000-7f804c01c000 r--p 00013000 08:02 23600683                   /usr/lib/x86_64-linux-gnu/libbsd.so.0.9.1
7f804c01c000-7f804c01d000 ---p 00016000 08:02 23600683                   /usr/lib/x86_64-linux-gnu/libbsd.so.0.9.1
7f804c01d000-7f804c01e000 r--p 00016000 08:02 23600683                   /usr/lib/x86_64-linux-gnu/libbsd.so.0.9.1
7f804c01e000-7f804c01f000 rw-p 00017000 08:02 23600683                   /usr/lib/x86_64-linux-gnu/libbsd.so.0.9.1
7f804c01f000-7f804c020000 rw-p 00000000 00:00 0 
7f804c020000-7f804c024000 r--p 00000000 08:02 24250591                   /usr/lib/x86_64-linux-gnu/gio/modules/libdconfsettings.so
7f804c024000-7f804c02b000 r-xp 00004000 08:02 24250591                   /usr/lib/x86_64-linux-gnu/gio/modules/libdconfsettings.so
7f804c02b000-7f804c02e000 r--p 0000b000 08:02 24250591                   /usr/lib/x86_64-linux-gnu/gio/modules/libdconfsettings.so
7f804c02e000-7f804c02f000 ---p 0000e000 08:02 24250591                   /usr/lib/x86_64-linux-gnu/gio/modules/libdconfsettings.so
7f804c02f000-7f804c030000 r--p 0000e000 08:02 24250591                   /usr/lib/x86_64-linux-gnu/gio/modules/libdconfsettings.so
7f804c030000-7f804c031000 rw-p 0000f000 08:02 24250591                   /usr/lib/x86_64-linux-gnu/gio/modules/libdconfsettings.so
7f804c031000-7f804c032000 r--p 00000000 08:02 25823354                   /usr/share/locale-langpack/en_AU/LC_MESSAGES/glib20.mo
7f804c032000-7f804c063000 rw-p 00000000 00:00 0 
7f804c063000-7f804c067000 r--p 00000000 08:02 23990653                   /usr/lib/jvm/java-11-openjdk-amd64/lib/libnet.so
7f804c067000-7f804c076000 r-xp 00004000 08:02 23990653                   /usr/lib/jvm/java-11-openjdk-amd64/lib/libnet.so
7f804c076000-7f804c07a000 r--p 00013000 08:02 23990653                   /usr/lib/jvm/java-11-openjdk-amd64/lib/libnet.so
7f804c07a000-7f804c07b000 r--p 00016000 08:02 23990653                   /usr/lib/jvm/java-11-openjdk-amd64/lib/libnet.so
7f804c07b000-7f804c07c000 rw-p 00017000 08:02 23990653                   /usr/lib/jvm/java-11-openjdk-amd64/lib/libnet.so
7f804c07c000-7f804c083000 r--p 00000000 08:02 23990654                   /usr/lib/jvm/java-11-openjdk-amd64/lib/libnio.so
7f804c083000-7f804c08a000 r-xp 00007000 08:02 23990654                   /usr/lib/jvm/java-11-openjdk-amd64/lib/libnio.so
7f804c08a000-7f804c08d000 r--p 0000e000 08:02 23990654                   /usr/lib/jvm/java-11-openjdk-amd64/lib/libnio.so
7f804c08d000-7f804c08e000 r--p 00010000 08:02 23990654                   /usr/lib/jvm/java-11-openjdk-amd64/lib/libnio.so
7f804c08e000-7f804c08f000 rw-p 00011000 08:02 23990654                   /usr/lib/jvm/java-11-openjdk-amd64/lib/libnio.so
7f804c08f000-7f804c090000 ---p 00000000 00:00 0 
7f804c090000-7f804ca95000 rw-p 00000000 00:00 0 
7f804ca95000-7f804cad7000 rw-p 00000000 00:00 0 
7f804cad7000-7f804cad8000 ---p 00000000 00:00 0 
7f804cad8000-7f804cbd9000 rw-p 00000000 00:00 0 
7f804cbd9000-7f804cbda000 ---p 00000000 00:00 0 
7f804cbda000-7f804d0df000 rw-p 00000000 00:00 0 
7f804d0df000-7f804d0e0000 ---p 00000000 00:00 0 
7f804d0e0000-7f804d1e1000 rw-p 00000000 00:00 0 
7f804d1e1000-7f804d1e2000 ---p 00000000 00:00 0 
7f804d1e2000-7f804d363000 rw-p 00000000 00:00 0 
7f804d363000-7f804d6fc000 ---p 00000000 00:00 0 
7f804d6fc000-7f804d73b000 rw-p 00000000 00:00 0 
7f804d73b000-7f804dad4000 ---p 00000000 00:00 0 
7f804dad4000-7f804db13000 rw-p 00000000 00:00 0 
7f804db13000-7f804deac000 ---p 00000000 00:00 0 
7f804deac000-7f804e2b1000 rw-p 00000000 00:00 0 
7f804e2b1000-7f804e2b2000 ---p 00000000 00:00 0 
7f804e2b2000-7f804e3b8000 rw-p 00000000 00:00 0 
7f804e3b8000-7f804e49e000 ---p 00000000 00:00 0 
7f804e49e000-7f804e4a3000 rw-p 00000000 00:00 0 
7f804e4a3000-7f804e589000 ---p 00000000 00:00 0 
7f804e589000-7f804e58e000 rw-p 00000000 00:00 0 
7f804e58e000-7f804e595000 ---p 00000000 00:00 0 
7f804e595000-7f804e597000 r--s 00007000 08:02 24382982                   /usr/share/java/java-atk-wrapper.jar
7f804e597000-7f804e599000 r--p 00000000 08:02 23990645                   /usr/lib/jvm/java-11-openjdk-amd64/lib/libjimage.so
7f804e599000-7f804e59c000 r-xp 00002000 08:02 23990645                   /usr/lib/jvm/java-11-openjdk-amd64/lib/libjimage.so
7f804e59c000-7f804e59e000 r--p 00005000 08:02 23990645                   /usr/lib/jvm/java-11-openjdk-amd64/lib/libjimage.so
7f804e59e000-7f804e59f000 r--p 00006000 08:02 23990645                   /usr/lib/jvm/java-11-openjdk-amd64/lib/libjimage.so
7f804e59f000-7f804e5a0000 rw-p 00007000 08:02 23990645                   /usr/lib/jvm/java-11-openjdk-amd64/lib/libjimage.so
7f804e5a0000-7f804e5a3000 r--p 00000000 08:02 23601425                   /usr/lib/x86_64-linux-gnu/libnss_files-2.29.so
7f804e5a3000-7f804e5aa000 r-xp 00003000 08:02 23601425                   /usr/lib/x86_64-linux-gnu/libnss_files-2.29.so
7f804e5aa000-7f804e5ac000 r--p 0000a000 08:02 23601425                   /usr/lib/x86_64-linux-gnu/libnss_files-2.29.so
7f804e5ac000-7f804e5ad000 r--p 0000b000 08:02 23601425                   /usr/lib/x86_64-linux-gnu/libnss_files-2.29.so
7f804e5ad000-7f804e5ae000 rw-p 0000c000 08:02 23601425                   /usr/lib/x86_64-linux-gnu/libnss_files-2.29.so
7f804e5ae000-7f804e5b4000 rw-p 00000000 00:00 0 
7f804e5b4000-7f804e5b6000 r--p 00000000 08:02 23990662                   /usr/lib/jvm/java-11-openjdk-amd64/lib/libzip.so
7f804e5b6000-7f804e5ba000 r-xp 00002000 08:02 23990662                   /usr/lib/jvm/java-11-openjdk-amd64/lib/libzip.so
7f804e5ba000-7f804e5bc000 r--p 00006000 08:02 23990662                   /usr/lib/jvm/java-11-openjdk-amd64/lib/libzip.so
7f804e5bc000-7f804e5bd000 r--p 00007000 08:02 23990662                   /usr/lib/jvm/java-11-openjdk-amd64/lib/libzip.so
7f804e5bd000-7f804e5be000 rw-p 00008000 08:02 23990662                   /usr/lib/jvm/java-11-openjdk-amd64/lib/libzip.so
7f804e5be000-7f804e5c6000 rw-s 00000000 08:02 2753649                    /tmp/hsperfdata_kramer/24992
7f804e5c6000-7f804e5c7000 ---p 00000000 00:00 0 
7f804e5c7000-7f804e5c8000 r--p 00000000 00:00 0 
7f804e5c8000-7f804e5d5000 r--p 00000000 08:02 23990641                   /usr/lib/jvm/java-11-openjdk-amd64/lib/libjava.so
7f804e5d5000-7f804e5ea000 r-xp 0000d000 08:02 23990641                   /usr/lib/jvm/java-11-openjdk-amd64/lib/libjava.so
7f804e5ea000-7f804e5f1000 r--p 00022000 08:02 23990641                   /usr/lib/jvm/java-11-openjdk-amd64/lib/libjava.so
7f804e5f1000-7f804e5f2000 r--p 00028000 08:02 23990641                   /usr/lib/jvm/java-11-openjdk-amd64/lib/libjava.so
7f804e5f2000-7f804e5f4000 rw-p 00029000 08:02 23990641                   /usr/lib/jvm/java-11-openjdk-amd64/lib/libjava.so
7f804e5f4000-7f804e5f7000 r--p 00000000 08:02 23601631                   /usr/lib/x86_64-linux-gnu/librt-2.29.so
7f804e5f7000-7f804e5fb000 r-xp 00003000 08:02 23601631                   /usr/lib/x86_64-linux-gnu/librt-2.29.so
7f804e5fb000-7f804e5fd000 r--p 00007000 08:02 23601631                   /usr/lib/x86_64-linux-gnu/librt-2.29.so
7f804e5fd000-7f804e5fe000 r--p 00008000 08:02 23601631                   /usr/lib/x86_64-linux-gnu/librt-2.29.so
7f804e5fe000-7f804e5ff000 rw-p 00009000 08:02 23601631                   /usr/lib/x86_64-linux-gnu/librt-2.29.so
7f804e5ff000-7f804e603000 ---p 00000000 00:00 0 
7f804e603000-7f804e700000 rw-p 00000000 00:00 0 
7f804e700000-7f804e703000 r--p 00000000 08:02 23596996                   /usr/lib/x86_64-linux-gnu/libgcc_s.so.1
7f804e703000-7f804e714000 r-xp 00003000 08:02 23596996                   /usr/lib/x86_64-linux-gnu/libgcc_s.so.1
7f804e714000-7f804e718000 r--p 00014000 08:02 23596996                   /usr/lib/x86_64-linux-gnu/libgcc_s.so.1
7f804e718000-7f804e719000 r--p 00017000 08:02 23596996                   /usr/lib/x86_64-linux-gnu/libgcc_s.so.1
7f804e719000-7f804e71a000 rw-p 00018000 08:02 23596996                   /usr/lib/x86_64-linux-gnu/libgcc_s.so.1
7f804e71a000-7f804e729000 r--p 00000000 08:02 23601302                   /usr/lib/x86_64-linux-gnu/libm-2.29.so
7f804e729000-7f804e7cf000 r-xp 0000f000 08:02 23601302                   /usr/lib/x86_64-linux-gnu/libm-2.29.so
7f804e7cf000-7f804e866000 r--p 000b5000 08:02 23601302                   /usr/lib/x86_64-linux-gnu/libm-2.29.so
7f804e866000-7f804e867000 r--p 0014b000 08:02 23601302                   /usr/lib/x86_64-linux-gnu/libm-2.29.so
7f804e867000-7f804e868000 rw-p 0014c000 08:02 23601302                   /usr/lib/x86_64-linux-gnu/libm-2.29.so
7f804e868000-7f804e8fd000 r--p 00000000 08:02 23594558                   /usr/lib/x86_64-linux-gnu/libstdc++.so.6.0.26
7f804e8fd000-7f804e9ef000 r-xp 00095000 08:02 23594558                   /usr/lib/x86_64-linux-gnu/libstdc++.so.6.0.26
7f804e9ef000-7f804ea38000 r--p 00187000 08:02 23594558                   /usr/lib/x86_64-linux-gnu/libstdc++.so.6.0.26
7f804ea38000-7f804ea39000 ---p 001d0000 08:02 23594558                   /usr/lib/x86_64-linux-gnu/libstdc++.so.6.0.26
7f804ea39000-7f804ea44000 r--p 001d0000 08:02 23594558                   /usr/lib/x86_64-linux-gnu/libstdc++.so.6.0.26
7f804ea44000-7f804ea47000 rw-p 001db000 08:02 23594558                   /usr/lib/x86_64-linux-gnu/libstdc++.so.6.0.26
7f804ea47000-7f804ea4a000 rw-p 00000000 00:00 0 
7f804ea4a000-7f804ecb9000 r--p 00000000 08:02 23990668                   /usr/lib/jvm/java-11-openjdk-amd64/lib/server/libjvm.so
7f804ecb9000-7f804f7d9000 r-xp 0026f000 08:02 23990668                   /usr/lib/jvm/java-11-openjdk-amd64/lib/server/libjvm.so
7f804f7d9000-7f804fa12000 r--p 00d8f000 08:02 23990668                   /usr/lib/jvm/java-11-openjdk-amd64/lib/server/libjvm.so
7f804fa12000-7f804fa13000 ---p 00fc8000 08:02 23990668                   /usr/lib/jvm/java-11-openjdk-amd64/lib/server/libjvm.so
7f804fa13000-7f804fad0000 r--p 00fc8000 08:02 23990668                   /usr/lib/jvm/java-11-openjdk-amd64/lib/server/libjvm.so
7f804fad0000-7f804fb09000 rw-p 01085000 08:02 23990668                   /usr/lib/jvm/java-11-openjdk-amd64/lib/server/libjvm.so
7f804fb09000-7f804fb61000 rw-p 00000000 00:00 0 
7f804fb61000-7f804fb68000 r--p 00000000 08:02 23601565                   /usr/lib/x86_64-linux-gnu/libpthread-2.29.so
7f804fb68000-7f804fb77000 r-xp 00007000 08:02 23601565                   /usr/lib/x86_64-linux-gnu/libpthread-2.29.so
7f804fb77000-7f804fb7c000 r--p 00016000 08:02 23601565                   /usr/lib/x86_64-linux-gnu/libpthread-2.29.so
7f804fb7c000-7f804fb7d000 r--p 0001a000 08:02 23601565                   /usr/lib/x86_64-linux-gnu/libpthread-2.29.so
7f804fb7d000-7f804fb7e000 rw-p 0001b000 08:02 23601565                   /usr/lib/x86_64-linux-gnu/libpthread-2.29.so
7f804fb7e000-7f804fb82000 rw-p 00000000 00:00 0 
7f804fb82000-7f804fb83000 r--p 00000000 08:02 23600824                   /usr/lib/x86_64-linux-gnu/libdl-2.29.so
7f804fb83000-7f804fb85000 r-xp 00001000 08:02 23600824                   /usr/lib/x86_64-linux-gnu/libdl-2.29.so
7f804fb85000-7f804fb86000 r--p 00003000 08:02 23600824                   /usr/lib/x86_64-linux-gnu/libdl-2.29.so
7f804fb86000-7f804fb87000 r--p 00003000 08:02 23600824                   /usr/lib/x86_64-linux-gnu/libdl-2.29.so
7f804fb87000-7f804fb88000 rw-p 00004000 08:02 23600824                   /usr/lib/x86_64-linux-gnu/libdl-2.29.so
7f804fb88000-7f804fb8a000 r--p 00000000 08:02 23601962                   /usr/lib/x86_64-linux-gnu/libz.so.1.2.11
7f804fb8a000-7f804fb9b000 r-xp 00002000 08:02 23601962                   /usr/lib/x86_64-linux-gnu/libz.so.1.2.11
7f804fb9b000-7f804fba1000 r--p 00013000 08:02 23601962                   /usr/lib/x86_64-linux-gnu/libz.so.1.2.11
7f804fba1000-7f804fba2000 ---p 00019000 08:02 23601962                   /usr/lib/x86_64-linux-gnu/libz.so.1.2.11
7f804fba2000-7f804fba3000 r--p 00019000 08:02 23601962                   /usr/lib/x86_64-linux-gnu/libz.so.1.2.11
7f804fba3000-7f804fba4000 rw-p 0001a000 08:02 23601962                   /usr/lib/x86_64-linux-gnu/libz.so.1.2.11
7f804fba4000-7f804fbc9000 r--p 00000000 08:02 23600687                   /usr/lib/x86_64-linux-gnu/libc-2.29.so
7f804fbc9000-7f804fd3c000 r-xp 00025000 08:02 23600687                   /usr/lib/x86_64-linux-gnu/libc-2.29.so
7f804fd3c000-7f804fd85000 r--p 00198000 08:02 23600687                   /usr/lib/x86_64-linux-gnu/libc-2.29.so
7f804fd85000-7f804fd88000 r--p 001e0000 08:02 23600687                   /usr/lib/x86_64-linux-gnu/libc-2.29.so
7f804fd88000-7f804fd8b000 rw-p 001e3000 08:02 23600687                   /usr/lib/x86_64-linux-gnu/libc-2.29.so
7f804fd8b000-7f804fd8f000 rw-p 00000000 00:00 0 
7f804fd8f000-7f804fd90000 r--p 00000000 08:02 25823436                   /usr/share/locale-langpack/en_AU/LC_MESSAGES/libc.mo
7f804fd90000-7f804fd95000 r--p 00000000 08:02 23990661                   /usr/lib/jvm/java-11-openjdk-amd64/lib/libverify.so
7f804fd95000-7f804fd9c000 r-xp 00005000 08:02 23990661                   /usr/lib/jvm/java-11-openjdk-amd64/lib/libverify.so
7f804fd9c000-7f804fd9e000 r--p 0000c000 08:02 23990661                   /usr/lib/jvm/java-11-openjdk-amd64/lib/libverify.so
7f804fd9e000-7f804fda0000 r--p 0000d000 08:02 23990661                   /usr/lib/jvm/java-11-openjdk-amd64/lib/libverify.so
7f804fda0000-7f804fda1000 rw-p 0000f000 08:02 23990661                   /usr/lib/jvm/java-11-openjdk-amd64/lib/libverify.so
7f804fda1000-7f804fda4000 r--p 00000000 08:02 23990625                   /usr/lib/jvm/java-11-openjdk-amd64/lib/jli/libjli.so
7f804fda4000-7f804fdae000 r-xp 00003000 08:02 23990625                   /usr/lib/jvm/java-11-openjdk-amd64/lib/jli/libjli.so
7f804fdae000-7f804fdb1000 r--p 0000d000 08:02 23990625                   /usr/lib/jvm/java-11-openjdk-amd64/lib/jli/libjli.so
7f804fdb1000-7f804fdb2000 r--p 0000f000 08:02 23990625                   /usr/lib/jvm/java-11-openjdk-amd64/lib/jli/libjli.so
7f804fdb2000-7f804fdb3000 rw-p 00010000 08:02 23990625                   /usr/lib/jvm/java-11-openjdk-amd64/lib/jli/libjli.so
7f804fdb3000-7f804fdb5000 rw-p 00000000 00:00 0 
7f804fdb5000-7f804fdb6000 r--p 00000000 08:02 23600471                   /usr/lib/x86_64-linux-gnu/ld-2.29.so
7f804fdb6000-7f804fdd7000 r-xp 00001000 08:02 23600471                   /usr/lib/x86_64-linux-gnu/ld-2.29.so
7f804fdd7000-7f804fddf000 r--p 00022000 08:02 23600471                   /usr/lib/x86_64-linux-gnu/ld-2.29.so
7f804fddf000-7f804fde0000 r--p 00029000 08:02 23600471                   /usr/lib/x86_64-linux-gnu/ld-2.29.so
7f804fde0000-7f804fde1000 rw-p 0002a000 08:02 23600471                   /usr/lib/x86_64-linux-gnu/ld-2.29.so
7f804fde1000-7f804fde2000 rw-p 00000000 00:00 0 
7ffca9803000-7ffca9825000 rw-p 00000000 00:00 0                          [stack]
7ffca987a000-7ffca987d000 r--p 00000000 00:00 0                          [vvar]
7ffca987d000-7ffca987e000 r-xp 00000000 00:00 0                          [vdso]
ffffffffff600000-ffffffffff601000 r-xp 00000000 00:00 0                  [vsyscall]


VM Arguments:
jvm_args: -Dfile.encoding=UTF-8 -Duser.country=AU -Duser.language=en -Duser.variant 
java_command: ExampleSwingApp
java_class_path (initial): /home/kramer/Downloads/RobotArena-master/RobotAreana/start/build/classes/java/main:/home/kramer/Downloads/RobotArena-master/RobotAreana/start/build/classes/groovy/main:/home/kramer/Downloads/RobotArena-master/RobotAreana/start/build/resources/main:/home/kramer/Downloads/RobotArena-master/RobotAreana/AIBasic/build/libs/AIBasic.jar:/home/kramer/Downloads/RobotArena-master/RobotAreana/robot/build/libs/robot.jar:/home/kramer/Downloads/RobotArena-master/RobotAreana/main/build/libs/main.jar
Launcher Type: SUN_STANDARD

[Global flags]
     intx CICompilerCount                          = 3                                         {product} {ergonomic}
     uint ConcGCThreads                            = 1                                         {product} {ergonomic}
     uint G1ConcRefinementThreads                  = 4                                         {product} {ergonomic}
   size_t G1HeapRegionSize                         = 1048576                                   {product} {ergonomic}
    uintx GCDrainStackTargetSize                   = 64                                        {product} {ergonomic}
   size_t InitialHeapSize                          = 130023424                                 {product} {ergonomic}
   size_t MarkStackSize                            = 4194304                                   {product} {ergonomic}
   size_t MaxHeapSize                              = 2063597568                                {product} {ergonomic}
   size_t MaxNewSize                               = 1237319680                                {product} {ergonomic}
   size_t MinHeapDeltaBytes                        = 1048576                                   {product} {ergonomic}
    uintx NonNMethodCodeHeapSize                   = 5830092                                {pd product} {ergonomic}
    uintx NonProfiledCodeHeapSize                  = 122914074                              {pd product} {ergonomic}
    uintx ProfiledCodeHeapSize                     = 122914074                              {pd product} {ergonomic}
    uintx ReservedCodeCacheSize                    = 251658240                              {pd product} {ergonomic}
     bool SegmentedCodeCache                       = true                                      {product} {ergonomic}
     bool UseCompressedClassPointers               = true                                 {lp64_product} {ergonomic}
     bool UseCompressedOops                        = true                                 {lp64_product} {ergonomic}
     bool UseG1GC                                  = true                                      {product} {ergonomic}

Logging:
Log output configuration:
 #0: stdout all=warning uptime,level,tags
 #1: stderr all=off uptime,level,tags

Environment Variables:
PATH=/home/kramer/.local/bin:/usr/local/sbin:/usr/local/bin:/usr/sbin:/usr/bin:/sbin:/bin:/usr/games:/usr/local/games:/snap/bin
USERNAME=kramer
LD_LIBRARY_PATH=/home/kramer/Downloads/RobotArena-master/RobotAreana/AIBasic/build/libs/mynativelibrary/shared
SHELL=/bin/bash
DISPLAY=:0

Signal Handlers:
SIGSEGV: [libjvm.so+0xd1cc80], sa_mask[0]=11111111011111111101111111111110, sa_flags=SA_RESTART|SA_SIGINFO
SIGBUS: [libjvm.so+0xd1cc80], sa_mask[0]=11111111011111111101111111111110, sa_flags=SA_RESTART|SA_SIGINFO
SIGFPE: [libjvm.so+0xd1cc80], sa_mask[0]=11111111011111111101111111111110, sa_flags=SA_RESTART|SA_SIGINFO
SIGPIPE: SIG_IGN, sa_mask[0]=00000000000010000000000000000000, sa_flags=SA_RESTART
SIGXFSZ: [libjvm.so+0xb239a0], sa_mask[0]=11111111011111111101111111111110, sa_flags=SA_RESTART|SA_SIGINFO
SIGILL: [libjvm.so+0xd1cc80], sa_mask[0]=11111111011111111101111111111110, sa_flags=SA_RESTART|SA_SIGINFO
SIGUSR2: [libjvm.so+0xb23830], sa_mask[0]=00100000000000000000000000000000, sa_flags=SA_RESTART|SA_SIGINFO
SIGHUP: [libjvm.so+0xb23ce0], sa_mask[0]=11111111011111111101111111111110, sa_flags=SA_RESTART|SA_SIGINFO
SIGINT: [libjvm.so+0xb23ce0], sa_mask[0]=11111111011111111101111111111110, sa_flags=SA_RESTART|SA_SIGINFO
SIGTERM: [libjvm.so+0xb23ce0], sa_mask[0]=11111111011111111101111111111110, sa_flags=SA_RESTART|SA_SIGINFO
SIGQUIT: [libjvm.so+0xb23ce0], sa_mask[0]=11111111011111111101111111111110, sa_flags=SA_RESTART|SA_SIGINFO


---------------  S Y S T E M  ---------------

OS:DISTRIB_ID=Ubuntu
DISTRIB_RELEASE=19.04
DISTRIB_CODENAME=disco
DISTRIB_DESCRIPTION="Ubuntu 19.04"
uname:Linux 5.0.0-32-generic #34-Ubuntu SMP Wed Oct 2 02:06:48 UTC 2019 x86_64
libc:glibc 2.29 NPTL 2.29 
rlimit: STACK 8192k, CORE 0k, NPROC 31283, NOFILE 524288, AS infinity, DATA infinity, FSIZE infinity
load average:2.69 2.43 2.45

/proc/meminfo:
MemTotal:        8057228 kB
MemFree:          275804 kB
MemAvailable:    2421808 kB
Buffers:          189076 kB
Cached:          2240972 kB
SwapCached:            0 kB
Active:          5733352 kB
Inactive:        1573516 kB
Active(anon):    4800188 kB
Inactive(anon):   216288 kB
Active(file):     933164 kB
Inactive(file):  1357228 kB
Unevictable:        3452 kB
Mlocked:              16 kB
SwapTotal:       2097148 kB
SwapFree:        2097148 kB
Dirty:              1320 kB
Writeback:             0 kB
AnonPages:       4880288 kB
Mapped:           734404 kB
Shmem:            221864 kB
KReclaimable:     151792 kB
Slab:             257668 kB
SReclaimable:     151792 kB
SUnreclaim:       105876 kB
KernelStack:       17760 kB
PageTables:        47500 kB
NFS_Unstable:          0 kB
Bounce:                0 kB
WritebackTmp:          0 kB
CommitLimit:     6125760 kB
Committed_AS:   21899772 kB
VmallocTotal:   34359738367 kB
VmallocUsed:           0 kB
VmallocChunk:          0 kB
Percpu:             2240 kB
HardwareCorrupted:     0 kB
AnonHugePages:         0 kB
ShmemHugePages:        0 kB
ShmemPmdMapped:        0 kB
CmaTotal:              0 kB
CmaFree:               0 kB
HugePages_Total:       0
HugePages_Free:        0
HugePages_Rsvd:        0
HugePages_Surp:        0
Hugepagesize:       2048 kB
Hugetlb:               0 kB
DirectMap4k:      279088 kB
DirectMap2M:     6952960 kB
DirectMap1G:     1048576 kB


/proc/sys/kernel/threads-max (system-wide limit on the number of threads):
62566


/proc/sys/vm/max_map_count (maximum number of memory map areas a process may have):
65530


/proc/sys/kernel/pid_max (system-wide limit on number of process identifiers):
32768



container (cgroup) information:
container_type: cgroupv1
cpu_cpuset_cpus: 0-3
cpu_memory_nodes: 0
active_processor_count: 4
cpu_quota: -1
cpu_period: 100000
cpu_shares: -1
memory_limit_in_bytes: -1
memory_and_swap_limit_in_bytes: -2
memory_soft_limit_in_bytes: -1
memory_usage_in_bytes: 1325203456
memory_max_usage_in_bytes: 1325379584

Steal ticks since vm start: 0
Steal ticks percentage since vm start:  0.000

CPU:total 4 (initial active 4) (4 cores per cpu, 1 threads per core) family 6 model 60 stepping 3, cmov, cx8, fxsr, mmx, sse, sse2, sse3, ssse3, sse4.1, sse4.2, popcnt, avx, avx2, aes, clmul, erms, lzcnt, tsc, tscinvbit, bmi1, bmi2, fma
CPU Model and flags from /proc/cpuinfo:
model name	: Intel(R) Core(TM) i5-4690 CPU @ 3.50GHz
flags		: fpu vme de pse tsc msr pae mce cx8 apic sep mtrr pge mca cmov pat pse36 clflush dts acpi mmx fxsr sse sse2 ss ht tm pbe syscall nx pdpe1gb rdtscp lm constant_tsc arch_perfmon pebs bts rep_good nopl xtopology nonstop_tsc cpuid aperfmperf pni pclmulqdq dtes64 monitor ds_cpl vmx smx est tm2 ssse3 sdbg fma cx16 xtpr pdcm pcid sse4_1 sse4_2 x2apic movbe popcnt tsc_deadline_timer aes xsave avx f16c rdrand lahf_lm abm cpuid_fault invpcid_single pti ssbd ibrs ibpb stibp tpr_shadow vnmi flexpriority ept vpid ept_ad fsgsbase tsc_adjust bmi1 avx2 smep bmi2 erms invpcid xsaveopt dtherm ida arat pln pts md_clear flush_l1d

Memory: 4k page, physical 8057228k(275804k free), swap 2097148k(2097148k free)

vm_info: OpenJDK 64-Bit Server VM (11.0.4+11-post-Ubuntu-1ubuntu219.04) for linux-amd64 JRE (11.0.4+11-post-Ubuntu-1ubuntu219.04), built on Jul 18 2019 18:21:46 by "buildd" with gcc 8.3.0

END.
