#
# A fatal error has been detected by the Java Runtime Environment:
#
#  SIGSEGV (0xb) at pc=0x00007f2c29d16ab5, pid=13178, tid=13202
#
# JRE version: OpenJDK Runtime Environment (11.0.4+11) (build 11.0.4+11-post-Ubuntu-1ubuntu219.04)
# Java VM: OpenJDK 64-Bit Server VM (11.0.4+11-post-Ubuntu-1ubuntu219.04, mixed mode, sharing, tiered, compressed oops, g1 gc, linux-amd64)
# Problematic frame:
# V  [libjvm.so+0x866ab5]
#
# Core dump will be written. Default location: Core dumps may be processed with "/usr/share/apport/apport %p %s %c %d %P" (or dumping to /home/kramer/Downloads/RobotArena-master/RobotAreana/start/core.13178)
#
# If you would like to submit a bug report, please visit:
#   https://bugs.launchpad.net/ubuntu/+source/openjdk-lts
#

---------------  S U M M A R Y ------------

Command Line: -Dfile.encoding=UTF-8 -Duser.country=AU -Duser.language=en -Duser.variant ExampleSwingApp

Host: Intel(R) Core(TM) i5-4690 CPU @ 3.50GHz, 4 cores, 7G, Ubuntu 19.04
Time: Mon Oct 28 19:58:41 2019 AWST elapsed time: 1 seconds (0d 0h 0m 1s)

---------------  T H R E A D  ---------------

Current thread (0x00007f2c242dc800):  JavaThread "Thomas" [_thread_in_vm, id=13202, stack(0x00007f2bc8922000,0x00007f2bc8a23000)]

Stack: [0x00007f2bc8922000,0x00007f2bc8a23000],  sp=0x00007f2bc8a216f0,  free space=1021k
Native frames: (J=compiled Java code, A=aot compiled Java code, j=interpreted, Vv=VM code, C=native code)
V  [libjvm.so+0x866ab5]
V  [libjvm.so+0x866e6e]
C  [libmynativelibrary.so+0x1285]  Java_CRobot_startCPP+0x180
j  CRobot.startCPP(LRobotControl;)V+0
j  CRobot$1.run()V+8
j  java.lang.Thread.run()V+11 java.base@11.0.4
v  ~StubRoutines::call_stub
V  [libjvm.so+0x7f40b1]
V  [libjvm.so+0x7f2550]
V  [libjvm.so+0x7f260b]
V  [libjvm.so+0x88e63c]
V  [libjvm.so+0xcc0060]
V  [libjvm.so+0xcc0350]
V  [libjvm.so+0xcbbee4]
V  [libjvm.so+0xb2cbee]

Java frames: (J=compiled Java code, j=interpreted, Vv=VM code)
j  CRobot.startCPP(LRobotControl;)V+0
j  CRobot$1.run()V+8
j  java.lang.Thread.run()V+11 java.base@11.0.4
v  ~StubRoutines::call_stub

siginfo: si_signo: 11 (SIGSEGV), si_code: 128 (SI_KERNEL), si_addr: 0x0000000000000000

Register to memory mapping:

RAX=0x8be913f80003588c is an unknown value
RBX=0x00000008004bc768 is pointing into metadata
RCX=0x0000000000009b68 is an unknown value
RDX=0x0000000800a4c414 is pointing into metadata
RSP=0x00007f2bc8a216f0 is pointing into the stack for thread: 0x00007f2c242dc800
RBP=0x00007f2bc8a21750 is pointing into the stack for thread: 0x00007f2c242dc800
RSI=0x00007f2c242dc800 is a thread
RDI=0x000000008be91388 points into unknown readable memory: 05 00 00 00 00 00 00 00
R8 =0x00000008004bc768 is pointing into metadata
R9 =0x8be913f80003588c is an unknown value
R10=0x0000000800a4c41c is pointing into metadata
R11=0x0000000800000000 is pointing into metadata
R12=0x00000008004c0908 is pointing into metadata
R13=0x00007f2c04005067: <offset 0x0000000000002067> in /home/kramer/Downloads/RobotArena-master/RobotAreana/AIBasic/build/libs/mynativelibrary/shared/libmynativelibrary.so at 0x00007f2c04003000
R14=0x00007f2c242dc800 is a thread
R15=0x00007f2ba8000cd8 points into unknown readable memory: 88 13 e9 8b 00 00 00 00


Registers:
RAX=0x8be913f80003588c, RBX=0x00000008004bc768, RCX=0x0000000000009b68, RDX=0x0000000800a4c414
RSP=0x00007f2bc8a216f0, RBP=0x00007f2bc8a21750, RSI=0x00007f2c242dc800, RDI=0x000000008be91388
R8 =0x00000008004bc768, R9 =0x8be913f80003588c, R10=0x0000000800a4c41c, R11=0x0000000800000000
R12=0x00000008004c0908, R13=0x00007f2c04005067, R14=0x00007f2c242dc800, R15=0x00007f2ba8000cd8
RIP=0x00007f2c29d16ab5, EFLAGS=0x0000000000010246, CSGSFS=0x002b000000000033, ERR=0x0000000000000000
  TRAPNO=0x000000000000000d

Top of Stack: (sp=0x00007f2bc8a216f0)
0x00007f2bc8a216f0:   00007f2bfdc11a00 00007f2bc8a21770
0x00007f2bc8a21700:   00007f2b00000000 00007f2bc8a21710
0x00007f2bc8a21710:   00007f2c00009b68 00007f2c242dc800
0x00007f2bc8a21720:   00007f2bc8a21750 00007f2c242dc800 

Instructions: (pc=0x00007f2c29d16ab5)
0x00007f2c29d169b5:   00 00 00 48 89 45 a0 4c 89 7d c8 e8 eb d0 ff ff
0x00007f2c29d169c5:   48 83 7d 88 00 74 09 48 8d 7d 80 e8 7b ea 31 00
0x00007f2c29d169d5:   48 8b bb f0 00 00 00 e8 1f c0 00 00 48 8d bd 68
0x00007f2c29d169e5:   ff ff ff e8 03 c1 00 00 48 81 c4 88 00 00 00 5b
0x00007f2c29d169f5:   41 5c 41 5d 41 5e 41 5f 5d c3 90 48 89 df 31 db
0x00007f2c29d16a05:   e8 a6 08 45 00 e9 1c ff ff ff 90 55 48 89 e5 41
0x00007f2c29d16a15:   57 49 89 ff 41 56 4d 89 c6 41 55 49 89 f5 41 54
0x00007f2c29d16a25:   49 89 f4 53 48 89 d3 48 83 ec 38 89 4d b0 48 85
0x00007f2c29d16a35:   f6 0f 84 6c 02 00 00 4c 89 e7 e8 dc 89 a0 ff 48
0x00007f2c29d16a45:   8d 4d c0 4c 89 e7 48 89 ca 89 c6 48 89 4d b8 e8
0x00007f2c29d16a55:   a7 56 41 00 48 89 df 49 89 c4 e8 bc 89 a0 ff 48
0x00007f2c29d16a65:   8b 55 b8 48 89 df 89 c6 e8 8e 56 41 00 48 89 c3
0x00007f2c29d16a75:   48 85 c0 0f 84 b2 01 00 00 4d 85 e4 0f 84 a9 01
0x00007f2c29d16a85:   00 00 4c 89 ff e8 d1 c1 00 00 48 89 c7 e8 f9 0e
0x00007f2c29d16a95:   f9 ff 84 c0 0f 85 01 01 00 00 4c 89 ff e8 b9 c1
0x00007f2c29d16aa5:   00 00 48 89 c7 e8 c1 0b f9 ff 4c 89 f6 49 89 c1
0x00007f2c29d16ab5:   48 8b 00 4c 89 cf 4c 89 4d a8 ff 90 b0 00 00 00
0x00007f2c29d16ac5:   4d 8b 7e 08 4d 85 ff 0f 85 f3 00 00 00 48 8d 05
0x00007f2c29d16ad5:   67 64 8a 00 4c 8b 4d a8 4c 3b a0 b0 0a 00 00 0f
0x00007f2c29d16ae5:   84 7e 01 00 00 4c 3b a0 b8 0a 00 00 0f 84 71 01
0x00007f2c29d16af5:   00 00 49 8b 01 45 31 c0 31 c9 48 89 da 4c 89 cf
0x00007f2c29d16b05:   4c 89 e6 ff 90 c0 00 00 00 4c 8b 4d a8 48 85 c0
0x00007f2c29d16b15:   48 89 c2 0f 84 da 00 00 00 8b 42 20 c1 e8 03 83
0x00007f2c29d16b25:   e0 01 3a 45 b0 0f 85 d8 00 00 00 48 8b 42 08 48
0x00007f2c29d16b35:   89 55 b0 48 8b 40 08 4c 8b 68 18 48 89 55 c0 66
0x00007f2c29d16b45:   48 8d 3d 74 f4 81 00 66 66 48 e8 ac 89 a0 ff 48
0x00007f2c29d16b55:   8b 55 b0 48 8b 00 48 89 45 c8 4c 8b b0 80 02 00
0x00007f2c29d16b65:   00 49 63 36 41 3b 76 04 0f 84 6d 01 00 00 8d 46
0x00007f2c29d16b75:   01 4c 89 ef 41 89 06 49 8b 46 18 4c 8b 75 b8 48
0x00007f2c29d16b85:   89 14 f0 4c 89 f6 e8 d0 63 f6 ff 4c 89 f7 49 89
0x00007f2c29d16b95:   c7 e8 f5 98 f2 ff eb 2b 0f 1f 00 48 8d 05 99 63
0x00007f2c29d16ba5:   8a 00 4d 89 e8 ba 3b 05 00 00 4c 89 f7 48 8d 35 


Stack slot to memory mapping:
stack at sp + 0 slots: {method} {0x00007f2bfdc11a00} 'getAllRobots' '()Ljava/util/List;' in 'RobotControl'
stack at sp + 1 slots: 0x00007f2bc8a21770 is pointing into the stack for thread: 0x00007f2c242dc800
stack at sp + 2 slots: 0x00007f2b00000000 is an unknown value
stack at sp + 3 slots: 0x00007f2bc8a21710 is pointing into the stack for thread: 0x00007f2c242dc800
stack at sp + 4 slots: 0x00007f2c00009b68 points into unknown readable memory: 00 00 00 00 00 00 00 00
stack at sp + 5 slots: 0x00007f2c242dc800 is a thread
stack at sp + 6 slots: 0x00007f2bc8a21750 is pointing into the stack for thread: 0x00007f2c242dc800
stack at sp + 7 slots: 0x00007f2c242dc800 is a thread


---------------  P R O C E S S  ---------------

Threads class SMR info:
_java_thread_list=0x00007f2c242e1510, length=15, elements={
0x00007f2c24011800, 0x00007f2c24107000, 0x00007f2c24109000, 0x00007f2c2410e800,
0x00007f2c24110800, 0x00007f2c24112800, 0x00007f2c24114800, 0x00007f2c24144000,
0x00007f2c2414c800, 0x00007f2c242aa000, 0x00007f2c242ab800, 0x00007f2c242d4800,
0x00007f2c242dc800, 0x00007f2c242de800, 0x00007f2c242e0000
}

Java Threads: ( => current thread )
  0x00007f2c24011800 JavaThread "main" [_thread_blocked, id=13179, stack(0x00007f2c29065000,0x00007f2c29166000)]
  0x00007f2c24107000 JavaThread "Reference Handler" daemon [_thread_blocked, id=13186, stack(0x00007f2bfd57c000,0x00007f2bfd67d000)]
  0x00007f2c24109000 JavaThread "Finalizer" daemon [_thread_blocked, id=13187, stack(0x00007f2bfd47b000,0x00007f2bfd57c000)]
  0x00007f2c2410e800 JavaThread "Signal Dispatcher" daemon [_thread_blocked, id=13189, stack(0x00007f2bfc59f000,0x00007f2bfc6a0000)]
  0x00007f2c24110800 JavaThread "C2 CompilerThread0" daemon [_thread_blocked, id=13190, stack(0x00007f2bfc49e000,0x00007f2bfc59f000)]
  0x00007f2c24112800 JavaThread "C1 CompilerThread0" daemon [_thread_blocked, id=13191, stack(0x00007f2bfc39d000,0x00007f2bfc49e000)]
  0x00007f2c24114800 JavaThread "Sweeper thread" daemon [_thread_blocked, id=13192, stack(0x00007f2bfc29c000,0x00007f2bfc39d000)]
  0x00007f2c24144000 JavaThread "Service Thread" daemon [_thread_blocked, id=13193, stack(0x00007f2bfc19b000,0x00007f2bfc29c000)]
  0x00007f2c2414c800 JavaThread "Common-Cleaner" daemon [_thread_blocked, id=13195, stack(0x00007f2bcbeff000,0x00007f2bcc000000)]
  0x00007f2c242aa000 JavaThread "Java2D Disposer" daemon [_thread_blocked, id=13199, stack(0x00007f2bc8c25000,0x00007f2bc8d26000)]
  0x00007f2c242ab800 JavaThread "AWT-XAWT" daemon [_thread_in_native, id=13200, stack(0x00007f2bc8b24000,0x00007f2bc8c25000)]
  0x00007f2c242d4800 JavaThread "Image Fetcher 0" daemon [_thread_blocked, id=13201, stack(0x00007f2bc8a23000,0x00007f2bc8b24000)]
=>0x00007f2c242dc800 JavaThread "Thomas" [_thread_in_vm, id=13202, stack(0x00007f2bc8922000,0x00007f2bc8a23000)]
  0x00007f2c242de800 JavaThread "Thomas" [_thread_blocked, id=13203, stack(0x00007f2bc8821000,0x00007f2bc8922000)]
  0x00007f2c242e0000 JavaThread "Thomas" [_thread_blocked, id=13204, stack(0x00007f2bc8720000,0x00007f2bc8821000)]

Other Threads:
  0x00007f2c24104000 VMThread "VM Thread" [stack: 0x00007f2bfd67f000,0x00007f2bfd77f000] [id=13185]
  0x00007f2c24146800 WatcherThread [stack: 0x00007f2bfc09b000,0x00007f2bfc19b000] [id=13194]
  0x00007f2c24027000 GCTaskThread "GC Thread#0" [stack: 0x00007f2c28d19000,0x00007f2c28e19000] [id=13180]
  0x00007f2c24058000 ConcurrentGCThread "G1 Main Marker" [stack: 0x00007f2c28021000,0x00007f2c28121000] [id=13181]
  0x00007f2c2405a000 ConcurrentGCThread "G1 Conc#0" [stack: 0x00007f2c0c47e000,0x00007f2c0c57e000] [id=13182]
  0x00007f2c240d2000 ConcurrentGCThread "G1 Refine#0" [stack: 0x00007f2c04180000,0x00007f2c04280000] [id=13183]
  0x00007f2c240d3800 ConcurrentGCThread "G1 Young RemSet Sampling" [stack: 0x00007f2c0407e000,0x00007f2c0417e000] [id=13184]

Threads with active compile tasks:
C2 CompilerThread0 618       4       sun.awt.image.PNGImageDecoder::filterRow (459 bytes)

VM state:synchronizing (normal execution)

VM Mutex/Monitor currently owned by a thread:  ([mutex/lock_event])
[0x00007f2c2400e360] Threads_lock - owner thread: 0x00007f2c24104000
[0x00007f2c2400eab0] Heap_lock - owner thread: 0x00007f2c242e0000

Heap address: 0x0000000085000000, size: 1968 MB, Compressed Oops mode: 32-bit
Narrow klass base: 0x0000000800000000, Narrow klass shift: 3
Compressed class space size: 1073741824 Address: 0x0000000840000000

Heap:
 garbage-first heap   total 129024K, used 23160K [0x0000000085000000, 0x0000000100000000)
  region size 1024K, 14 young (14336K), 0 survivors (0K)
 Metaspace       used 5260K, capacity 5596K, committed 5760K, reserved 1056768K
  class space    used 585K, capacity 769K, committed 896K, reserved 1048576K
Heap Regions: E=young(eden), S=young(survivor), O=old, HS=humongous(starts), HC=humongous(continues), CS=collection set, F=free, A=archive, TAMS=top-at-mark-start (previous, next)
|   0|0x0000000085000000, 0x0000000085100000, 0x0000000085100000|100%|HS|  |TAMS 0x0000000085000000, 0x0000000085000000| Complete 
|   1|0x0000000085100000, 0x0000000085200000, 0x0000000085200000|100%|HC|  |TAMS 0x0000000085100000, 0x0000000085100000| Complete 
|   2|0x0000000085200000, 0x0000000085300000, 0x0000000085300000|100%|HC|  |TAMS 0x0000000085200000, 0x0000000085200000| Complete 
|   3|0x0000000085300000, 0x0000000085400000, 0x0000000085400000|100%|HC|  |TAMS 0x0000000085300000, 0x0000000085300000| Complete 
|   4|0x0000000085400000, 0x0000000085500000, 0x0000000085500000|100%|HC|  |TAMS 0x0000000085400000, 0x0000000085400000| Complete 
|   5|0x0000000085500000, 0x0000000085600000, 0x0000000085600000|100%|HC|  |TAMS 0x0000000085500000, 0x0000000085500000| Complete 
|   6|0x0000000085600000, 0x0000000085700000, 0x0000000085700000|100%|HC|  |TAMS 0x0000000085600000, 0x0000000085600000| Complete 
|   7|0x0000000085700000, 0x0000000085800000, 0x0000000085800000|100%|HC|  |TAMS 0x0000000085700000, 0x0000000085700000| Complete 
|   8|0x0000000085800000, 0x0000000085800000, 0x0000000085900000|  0%| F|  |TAMS 0x0000000085800000, 0x0000000085800000| Untracked 
|   9|0x0000000085900000, 0x0000000085900000, 0x0000000085a00000|  0%| F|  |TAMS 0x0000000085900000, 0x0000000085900000| Untracked 
|  10|0x0000000085a00000, 0x0000000085a00000, 0x0000000085b00000|  0%| F|  |TAMS 0x0000000085a00000, 0x0000000085a00000| Untracked 
|  11|0x0000000085b00000, 0x0000000085b00000, 0x0000000085c00000|  0%| F|  |TAMS 0x0000000085b00000, 0x0000000085b00000| Untracked 
|  12|0x0000000085c00000, 0x0000000085c00000, 0x0000000085d00000|  0%| F|  |TAMS 0x0000000085c00000, 0x0000000085c00000| Untracked 
|  13|0x0000000085d00000, 0x0000000085d00000, 0x0000000085e00000|  0%| F|  |TAMS 0x0000000085d00000, 0x0000000085d00000| Untracked 
|  14|0x0000000085e00000, 0x0000000085e00000, 0x0000000085f00000|  0%| F|  |TAMS 0x0000000085e00000, 0x0000000085e00000| Untracked 
|  15|0x0000000085f00000, 0x0000000085f00000, 0x0000000086000000|  0%| F|  |TAMS 0x0000000085f00000, 0x0000000085f00000| Untracked 
|  16|0x0000000086000000, 0x0000000086000000, 0x0000000086100000|  0%| F|  |TAMS 0x0000000086000000, 0x0000000086000000| Untracked 
|  17|0x0000000086100000, 0x0000000086100000, 0x0000000086200000|  0%| F|  |TAMS 0x0000000086100000, 0x0000000086100000| Untracked 
|  18|0x0000000086200000, 0x0000000086200000, 0x0000000086300000|  0%| F|  |TAMS 0x0000000086200000, 0x0000000086200000| Untracked 
|  19|0x0000000086300000, 0x0000000086300000, 0x0000000086400000|  0%| F|  |TAMS 0x0000000086300000, 0x0000000086300000| Untracked 
|  20|0x0000000086400000, 0x0000000086400000, 0x0000000086500000|  0%| F|  |TAMS 0x0000000086400000, 0x0000000086400000| Untracked 
|  21|0x0000000086500000, 0x0000000086500000, 0x0000000086600000|  0%| F|  |TAMS 0x0000000086500000, 0x0000000086500000| Untracked 
|  22|0x0000000086600000, 0x0000000086600000, 0x0000000086700000|  0%| F|  |TAMS 0x0000000086600000, 0x0000000086600000| Untracked 
|  23|0x0000000086700000, 0x0000000086700000, 0x0000000086800000|  0%| F|  |TAMS 0x0000000086700000, 0x0000000086700000| Untracked 
|  24|0x0000000086800000, 0x0000000086800000, 0x0000000086900000|  0%| F|  |TAMS 0x0000000086800000, 0x0000000086800000| Untracked 
|  25|0x0000000086900000, 0x0000000086900000, 0x0000000086a00000|  0%| F|  |TAMS 0x0000000086900000, 0x0000000086900000| Untracked 
|  26|0x0000000086a00000, 0x0000000086a00000, 0x0000000086b00000|  0%| F|  |TAMS 0x0000000086a00000, 0x0000000086a00000| Untracked 
|  27|0x0000000086b00000, 0x0000000086b00000, 0x0000000086c00000|  0%| F|  |TAMS 0x0000000086b00000, 0x0000000086b00000| Untracked 
|  28|0x0000000086c00000, 0x0000000086c00000, 0x0000000086d00000|  0%| F|  |TAMS 0x0000000086c00000, 0x0000000086c00000| Untracked 
|  29|0x0000000086d00000, 0x0000000086d00000, 0x0000000086e00000|  0%| F|  |TAMS 0x0000000086d00000, 0x0000000086d00000| Untracked 
|  30|0x0000000086e00000, 0x0000000086e00000, 0x0000000086f00000|  0%| F|  |TAMS 0x0000000086e00000, 0x0000000086e00000| Untracked 
|  31|0x0000000086f00000, 0x0000000086f00000, 0x0000000087000000|  0%| F|  |TAMS 0x0000000086f00000, 0x0000000086f00000| Untracked 
|  32|0x0000000087000000, 0x0000000087000000, 0x0000000087100000|  0%| F|  |TAMS 0x0000000087000000, 0x0000000087000000| Untracked 
|  33|0x0000000087100000, 0x0000000087100000, 0x0000000087200000|  0%| F|  |TAMS 0x0000000087100000, 0x0000000087100000| Untracked 
|  34|0x0000000087200000, 0x0000000087200000, 0x0000000087300000|  0%| F|  |TAMS 0x0000000087200000, 0x0000000087200000| Untracked 
|  35|0x0000000087300000, 0x0000000087300000, 0x0000000087400000|  0%| F|  |TAMS 0x0000000087300000, 0x0000000087300000| Untracked 
|  36|0x0000000087400000, 0x0000000087400000, 0x0000000087500000|  0%| F|  |TAMS 0x0000000087400000, 0x0000000087400000| Untracked 
|  37|0x0000000087500000, 0x0000000087500000, 0x0000000087600000|  0%| F|  |TAMS 0x0000000087500000, 0x0000000087500000| Untracked 
|  38|0x0000000087600000, 0x0000000087600000, 0x0000000087700000|  0%| F|  |TAMS 0x0000000087600000, 0x0000000087600000| Untracked 
|  39|0x0000000087700000, 0x0000000087700000, 0x0000000087800000|  0%| F|  |TAMS 0x0000000087700000, 0x0000000087700000| Untracked 
|  40|0x0000000087800000, 0x0000000087800000, 0x0000000087900000|  0%| F|  |TAMS 0x0000000087800000, 0x0000000087800000| Untracked 
|  41|0x0000000087900000, 0x0000000087900000, 0x0000000087a00000|  0%| F|  |TAMS 0x0000000087900000, 0x0000000087900000| Untracked 
|  42|0x0000000087a00000, 0x0000000087a00000, 0x0000000087b00000|  0%| F|  |TAMS 0x0000000087a00000, 0x0000000087a00000| Untracked 
|  43|0x0000000087b00000, 0x0000000087b00000, 0x0000000087c00000|  0%| F|  |TAMS 0x0000000087b00000, 0x0000000087b00000| Untracked 
|  44|0x0000000087c00000, 0x0000000087c00000, 0x0000000087d00000|  0%| F|  |TAMS 0x0000000087c00000, 0x0000000087c00000| Untracked 
|  45|0x0000000087d00000, 0x0000000087d00000, 0x0000000087e00000|  0%| F|  |TAMS 0x0000000087d00000, 0x0000000087d00000| Untracked 
|  46|0x0000000087e00000, 0x0000000087e00000, 0x0000000087f00000|  0%| F|  |TAMS 0x0000000087e00000, 0x0000000087e00000| Untracked 
|  47|0x0000000087f00000, 0x0000000087f00000, 0x0000000088000000|  0%| F|  |TAMS 0x0000000087f00000, 0x0000000087f00000| Untracked 
|  48|0x0000000088000000, 0x0000000088000000, 0x0000000088100000|  0%| F|  |TAMS 0x0000000088000000, 0x0000000088000000| Untracked 
|  49|0x0000000088100000, 0x0000000088100000, 0x0000000088200000|  0%| F|  |TAMS 0x0000000088100000, 0x0000000088100000| Untracked 
|  50|0x0000000088200000, 0x0000000088200000, 0x0000000088300000|  0%| F|  |TAMS 0x0000000088200000, 0x0000000088200000| Untracked 
|  51|0x0000000088300000, 0x0000000088300000, 0x0000000088400000|  0%| F|  |TAMS 0x0000000088300000, 0x0000000088300000| Untracked 
|  52|0x0000000088400000, 0x0000000088400000, 0x0000000088500000|  0%| F|  |TAMS 0x0000000088400000, 0x0000000088400000| Untracked 
|  53|0x0000000088500000, 0x0000000088500000, 0x0000000088600000|  0%| F|  |TAMS 0x0000000088500000, 0x0000000088500000| Untracked 
|  54|0x0000000088600000, 0x0000000088600000, 0x0000000088700000|  0%| F|  |TAMS 0x0000000088600000, 0x0000000088600000| Untracked 
|  55|0x0000000088700000, 0x0000000088700000, 0x0000000088800000|  0%| F|  |TAMS 0x0000000088700000, 0x0000000088700000| Untracked 
|  56|0x0000000088800000, 0x0000000088800000, 0x0000000088900000|  0%| F|  |TAMS 0x0000000088800000, 0x0000000088800000| Untracked 
|  57|0x0000000088900000, 0x0000000088900000, 0x0000000088a00000|  0%| F|  |TAMS 0x0000000088900000, 0x0000000088900000| Untracked 
|  58|0x0000000088a00000, 0x0000000088a00000, 0x0000000088b00000|  0%| F|  |TAMS 0x0000000088a00000, 0x0000000088a00000| Untracked 
|  59|0x0000000088b00000, 0x0000000088b00000, 0x0000000088c00000|  0%| F|  |TAMS 0x0000000088b00000, 0x0000000088b00000| Untracked 
|  60|0x0000000088c00000, 0x0000000088c00000, 0x0000000088d00000|  0%| F|  |TAMS 0x0000000088c00000, 0x0000000088c00000| Untracked 
|  61|0x0000000088d00000, 0x0000000088d00000, 0x0000000088e00000|  0%| F|  |TAMS 0x0000000088d00000, 0x0000000088d00000| Untracked 
|  62|0x0000000088e00000, 0x0000000088e00000, 0x0000000088f00000|  0%| F|  |TAMS 0x0000000088e00000, 0x0000000088e00000| Untracked 
|  63|0x0000000088f00000, 0x0000000088f00000, 0x0000000089000000|  0%| F|  |TAMS 0x0000000088f00000, 0x0000000088f00000| Untracked 
|  64|0x0000000089000000, 0x0000000089000000, 0x0000000089100000|  0%| F|  |TAMS 0x0000000089000000, 0x0000000089000000| Untracked 
|  65|0x0000000089100000, 0x0000000089100000, 0x0000000089200000|  0%| F|  |TAMS 0x0000000089100000, 0x0000000089100000| Untracked 
|  66|0x0000000089200000, 0x0000000089200000, 0x0000000089300000|  0%| F|  |TAMS 0x0000000089200000, 0x0000000089200000| Untracked 
|  67|0x0000000089300000, 0x0000000089300000, 0x0000000089400000|  0%| F|  |TAMS 0x0000000089300000, 0x0000000089300000| Untracked 
|  68|0x0000000089400000, 0x0000000089400000, 0x0000000089500000|  0%| F|  |TAMS 0x0000000089400000, 0x0000000089400000| Untracked 
|  69|0x0000000089500000, 0x0000000089500000, 0x0000000089600000|  0%| F|  |TAMS 0x0000000089500000, 0x0000000089500000| Untracked 
|  70|0x0000000089600000, 0x0000000089600000, 0x0000000089700000|  0%| F|  |TAMS 0x0000000089600000, 0x0000000089600000| Untracked 
|  71|0x0000000089700000, 0x0000000089700000, 0x0000000089800000|  0%| F|  |TAMS 0x0000000089700000, 0x0000000089700000| Untracked 
|  72|0x0000000089800000, 0x0000000089800000, 0x0000000089900000|  0%| F|  |TAMS 0x0000000089800000, 0x0000000089800000| Untracked 
|  73|0x0000000089900000, 0x0000000089900000, 0x0000000089a00000|  0%| F|  |TAMS 0x0000000089900000, 0x0000000089900000| Untracked 
|  74|0x0000000089a00000, 0x0000000089a00000, 0x0000000089b00000|  0%| F|  |TAMS 0x0000000089a00000, 0x0000000089a00000| Untracked 
|  75|0x0000000089b00000, 0x0000000089b00000, 0x0000000089c00000|  0%| F|  |TAMS 0x0000000089b00000, 0x0000000089b00000| Untracked 
|  76|0x0000000089c00000, 0x0000000089c00000, 0x0000000089d00000|  0%| F|  |TAMS 0x0000000089c00000, 0x0000000089c00000| Untracked 
|  77|0x0000000089d00000, 0x0000000089d00000, 0x0000000089e00000|  0%| F|  |TAMS 0x0000000089d00000, 0x0000000089d00000| Untracked 
|  78|0x0000000089e00000, 0x0000000089e00000, 0x0000000089f00000|  0%| F|  |TAMS 0x0000000089e00000, 0x0000000089e00000| Untracked 
|  79|0x0000000089f00000, 0x0000000089f00000, 0x000000008a000000|  0%| F|  |TAMS 0x0000000089f00000, 0x0000000089f00000| Untracked 
|  80|0x000000008a000000, 0x000000008a000000, 0x000000008a100000|  0%| F|  |TAMS 0x000000008a000000, 0x000000008a000000| Untracked 
|  81|0x000000008a100000, 0x000000008a100000, 0x000000008a200000|  0%| F|  |TAMS 0x000000008a100000, 0x000000008a100000| Untracked 
|  82|0x000000008a200000, 0x000000008a200000, 0x000000008a300000|  0%| F|  |TAMS 0x000000008a200000, 0x000000008a200000| Untracked 
|  83|0x000000008a300000, 0x000000008a300000, 0x000000008a400000|  0%| F|  |TAMS 0x000000008a300000, 0x000000008a300000| Untracked 
|  84|0x000000008a400000, 0x000000008a400000, 0x000000008a500000|  0%| F|  |TAMS 0x000000008a400000, 0x000000008a400000| Untracked 
|  85|0x000000008a500000, 0x000000008a500000, 0x000000008a600000|  0%| F|  |TAMS 0x000000008a500000, 0x000000008a500000| Untracked 
|  86|0x000000008a600000, 0x000000008a600000, 0x000000008a700000|  0%| F|  |TAMS 0x000000008a600000, 0x000000008a600000| Untracked 
|  87|0x000000008a700000, 0x000000008a700000, 0x000000008a800000|  0%| F|  |TAMS 0x000000008a700000, 0x000000008a700000| Untracked 
|  88|0x000000008a800000, 0x000000008a800000, 0x000000008a900000|  0%| F|  |TAMS 0x000000008a800000, 0x000000008a800000| Untracked 
|  89|0x000000008a900000, 0x000000008a900000, 0x000000008aa00000|  0%| F|  |TAMS 0x000000008a900000, 0x000000008a900000| Untracked 
|  90|0x000000008aa00000, 0x000000008aa00000, 0x000000008ab00000|  0%| F|  |TAMS 0x000000008aa00000, 0x000000008aa00000| Untracked 
|  91|0x000000008ab00000, 0x000000008ab00000, 0x000000008ac00000|  0%| F|  |TAMS 0x000000008ab00000, 0x000000008ab00000| Untracked 
|  92|0x000000008ac00000, 0x000000008ac00000, 0x000000008ad00000|  0%| F|  |TAMS 0x000000008ac00000, 0x000000008ac00000| Untracked 
|  93|0x000000008ad00000, 0x000000008ad00000, 0x000000008ae00000|  0%| F|  |TAMS 0x000000008ad00000, 0x000000008ad00000| Untracked 
|  94|0x000000008ae00000, 0x000000008ae00000, 0x000000008af00000|  0%| F|  |TAMS 0x000000008ae00000, 0x000000008ae00000| Untracked 
|  95|0x000000008af00000, 0x000000008af00000, 0x000000008b000000|  0%| F|  |TAMS 0x000000008af00000, 0x000000008af00000| Untracked 
|  96|0x000000008b000000, 0x000000008b000000, 0x000000008b100000|  0%| F|  |TAMS 0x000000008b000000, 0x000000008b000000| Untracked 
|  97|0x000000008b100000, 0x000000008b100000, 0x000000008b200000|  0%| F|  |TAMS 0x000000008b100000, 0x000000008b100000| Untracked 
|  98|0x000000008b200000, 0x000000008b200000, 0x000000008b300000|  0%| F|  |TAMS 0x000000008b200000, 0x000000008b200000| Untracked 
|  99|0x000000008b300000, 0x000000008b300000, 0x000000008b400000|  0%| F|  |TAMS 0x000000008b300000, 0x000000008b300000| Untracked 
| 100|0x000000008b400000, 0x000000008b400000, 0x000000008b500000|  0%| F|  |TAMS 0x000000008b400000, 0x000000008b400000| Untracked 
| 101|0x000000008b500000, 0x000000008b500000, 0x000000008b600000|  0%| F|  |TAMS 0x000000008b500000, 0x000000008b500000| Untracked 
| 102|0x000000008b600000, 0x000000008b600000, 0x000000008b700000|  0%| F|  |TAMS 0x000000008b600000, 0x000000008b600000| Untracked 
| 103|0x000000008b700000, 0x000000008b700000, 0x000000008b800000|  0%| F|  |TAMS 0x000000008b700000, 0x000000008b700000| Untracked 
| 104|0x000000008b800000, 0x000000008b800000, 0x000000008b900000|  0%| F|  |TAMS 0x000000008b800000, 0x000000008b800000| Untracked 
| 105|0x000000008b900000, 0x000000008b900000, 0x000000008ba00000|  0%| F|  |TAMS 0x000000008b900000, 0x000000008b900000| Untracked 
| 106|0x000000008ba00000, 0x000000008ba00000, 0x000000008bb00000|  0%| F|  |TAMS 0x000000008ba00000, 0x000000008ba00000| Untracked 
| 107|0x000000008bb00000, 0x000000008bb00000, 0x000000008bc00000|  0%| F|  |TAMS 0x000000008bb00000, 0x000000008bb00000| Untracked 
| 108|0x000000008bc00000, 0x000000008bc00000, 0x000000008bd00000|  0%| F|  |TAMS 0x000000008bc00000, 0x000000008bc00000| Untracked 
| 109|0x000000008bd00000, 0x000000008bd00000, 0x000000008be00000|  0%| F|  |TAMS 0x000000008bd00000, 0x000000008bd00000| Untracked 
| 110|0x000000008be00000, 0x000000008bf00000, 0x000000008bf00000|100%| E|CS|TAMS 0x000000008be00000, 0x000000008be00000| Complete 
| 111|0x000000008bf00000, 0x000000008c000000, 0x000000008c000000|100%| E|CS|TAMS 0x000000008bf00000, 0x000000008bf00000| Complete 
| 112|0x000000008c000000, 0x000000008c100000, 0x000000008c100000|100%| E|CS|TAMS 0x000000008c000000, 0x000000008c000000| Complete 
| 113|0x000000008c100000, 0x000000008c200000, 0x000000008c200000|100%| E|CS|TAMS 0x000000008c100000, 0x000000008c100000| Complete 
| 114|0x000000008c200000, 0x000000008c300000, 0x000000008c300000|100%| E|CS|TAMS 0x000000008c200000, 0x000000008c200000| Complete 
| 115|0x000000008c300000, 0x000000008c400000, 0x000000008c400000|100%| E|CS|TAMS 0x000000008c300000, 0x000000008c300000| Complete 
| 116|0x000000008c400000, 0x000000008c500000, 0x000000008c500000|100%| E|CS|TAMS 0x000000008c400000, 0x000000008c400000| Complete 
| 117|0x000000008c500000, 0x000000008c600000, 0x000000008c600000|100%| E|CS|TAMS 0x000000008c500000, 0x000000008c500000| Complete 
| 118|0x000000008c600000, 0x000000008c700000, 0x000000008c700000|100%| E|CS|TAMS 0x000000008c600000, 0x000000008c600000| Complete 
| 119|0x000000008c700000, 0x000000008c800000, 0x000000008c800000|100%| E|CS|TAMS 0x000000008c700000, 0x000000008c700000| Complete 
| 120|0x000000008c800000, 0x000000008c900000, 0x000000008c900000|100%| E|CS|TAMS 0x000000008c800000, 0x000000008c800000| Complete 
| 121|0x000000008c900000, 0x000000008ca00000, 0x000000008ca00000|100%| E|CS|TAMS 0x000000008c900000, 0x000000008c900000| Complete 
| 122|0x000000008ca00000, 0x000000008cb00000, 0x000000008cb00000|100%| E|CS|TAMS 0x000000008ca00000, 0x000000008ca00000| Complete 
| 123|0x000000008cb00000, 0x000000008cc00000, 0x000000008cc00000|100%| E|CS|TAMS 0x000000008cb00000, 0x000000008cb00000| Complete 
|1966|0x00000000ffe00000, 0x00000000ffe34000, 0x00000000fff00000| 20%|OA|  |TAMS 0x00000000ffe00000, 0x00000000ffe00000| Untracked 
|1967|0x00000000fff00000, 0x00000000fff6a000, 0x0000000100000000| 41%|CA|  |TAMS 0x00000000fff00000, 0x00000000fff00000| Untracked 

Card table byte_map: [0x00007f2c28163000,0x00007f2c2853b000] _byte_map_base: 0x00007f2c27d3b000

Marking Bits (Prev, Next): (CMBitMap*) 0x00007f2c2404f5d8, (CMBitMap*) 0x00007f2c2404f610
 Prev Bits: [0x00007f2c06140000, 0x00007f2c08000000)
 Next Bits: [0x00007f2c04280000, 0x00007f2c06140000)

Polling page: 0x00007f2c2902c000

Metaspace:

Usage:
  Non-class:      4.71 MB capacity,     4.57 MB ( 97%) used,   123.62 KB (  3%) free+waste,    28.50 KB ( <1%) overhead. 
      Class:    769.00 KB capacity,   585.38 KB ( 76%) used,   165.49 KB ( 22%) free+waste,    18.12 KB (  2%) overhead. 
       Both:      5.46 MB capacity,     5.14 MB ( 94%) used,   289.12 KB (  5%) free+waste,    46.62 KB ( <1%) overhead. 

Virtual space:
  Non-class space:        8.00 MB reserved,       4.75 MB ( 59%) committed 
      Class space:        1.00 GB reserved,     896.00 KB ( <1%) committed 
             Both:        1.01 GB reserved,       5.62 MB ( <1%) committed 

Chunk freelists:
   Non-Class:  37.00 KB
       Class:  31.00 KB
        Both:  68.00 KB

CodeHeap 'non-profiled nmethods': size=120032Kb used=235Kb max_used=235Kb free=119797Kb
 bounds [0x00007f2c1441e000, 0x00007f2c1468e000, 0x00007f2c1b956000]
CodeHeap 'profiled nmethods': size=120032Kb used=1202Kb max_used=1202Kb free=118829Kb
 bounds [0x00007f2c0cee6000, 0x00007f2c0d156000, 0x00007f2c1441e000]
CodeHeap 'non-nmethods': size=5696Kb used=1183Kb max_used=1200Kb free=4512Kb
 bounds [0x00007f2c0c956000, 0x00007f2c0cbc6000, 0x00007f2c0cee6000]
 total_blobs=1302 nmethods=647 adapters=455
 compilation: enabled
              stopped_count=0, restarted_count=0
 full_count=0

Compilation events (10 events):
Event: 1.311 Thread 0x00007f2c24112800  645       1       java.net.URL::getHost (5 bytes)
Event: 1.311 Thread 0x00007f2c24112800 nmethod 645 0x00007f2c14458510 code [0x00007f2c144586c0, 0x00007f2c144587f0]
Event: 1.312 Thread 0x00007f2c24112800  646       3       java.lang.String::indexOf (29 bytes)
Event: 1.312 Thread 0x00007f2c24112800 nmethod 646 0x00007f2c0d011710 code [0x00007f2c0d0118e0, 0x00007f2c0d011bd8]
Event: 1.312 Thread 0x00007f2c24112800  647       3       java.lang.String::lastIndexOf (29 bytes)
Event: 1.312 Thread 0x00007f2c24112800 nmethod 647 0x00007f2c0d011d10 code [0x00007f2c0d011ee0, 0x00007f2c0d0121d8]
Event: 1.312 Thread 0x00007f2c24112800  648       3       java.lang.String::lastIndexOf (12 bytes)
Event: 1.313 Thread 0x00007f2c24112800 nmethod 648 0x00007f2c0d012310 code [0x00007f2c0d012500, 0x00007f2c0d012958]
Event: 1.313 Thread 0x00007f2c24112800  649       1       java.net.URL::getProtocol (5 bytes)
Event: 1.313 Thread 0x00007f2c24112800 nmethod 649 0x00007f2c14458890 code [0x00007f2c14458a40, 0x00007f2c14458b70]

GC Heap History (0 events):
No events

Deoptimization events (10 events):
Event: 1.308 Thread 0x00007f2c242d4800 DEOPT PACKING pc=0x00007f2c0cfe10f5 sp=0x00007f2bc8b22660
Event: 1.308 Thread 0x00007f2c242d4800 DEOPT UNPACKING pc=0x00007f2c0c97e83a sp=0x00007f2bc8b21af0 mode 0
Event: 1.308 Thread 0x00007f2c242d4800 DEOPT PACKING pc=0x00007f2c0cfe10f5 sp=0x00007f2bc8b22660
Event: 1.308 Thread 0x00007f2c242d4800 DEOPT UNPACKING pc=0x00007f2c0c97e83a sp=0x00007f2bc8b21af0 mode 0
Event: 1.308 Thread 0x00007f2c242d4800 DEOPT PACKING pc=0x00007f2c0cfe10f5 sp=0x00007f2bc8b22660
Event: 1.308 Thread 0x00007f2c242d4800 DEOPT UNPACKING pc=0x00007f2c0c97e83a sp=0x00007f2bc8b21af0 mode 0
Event: 1.308 Thread 0x00007f2c242d4800 Uncommon trap: trap_request=0xffffff4d fr.pc=0x00007f2c14456c50 relative=0x0000000000000ff0
Event: 1.308 Thread 0x00007f2c242d4800 Uncommon trap: reason=unstable_if action=reinterpret pc=0x00007f2c14456c50 method=sun.awt.image.PNGImageDecoder.produceImage()V @ 867 c2
Event: 1.308 Thread 0x00007f2c242d4800 DEOPT PACKING pc=0x00007f2c14456c50 sp=0x00007f2bc8b226e0
Event: 1.308 Thread 0x00007f2c242d4800 DEOPT UNPACKING pc=0x00007f2c0c97ea25 sp=0x00007f2bc8b22650 mode 2

Classes redefined (0 events):
No events

Internal exceptions (10 events):
Event: 0.374 Thread 0x00007f2c24011800 Exception <a 'java/lang/NoSuchMethodError'{0x000000008c879298}: 'java.lang.Object java.lang.invoke.DirectMethodHandle$Holder.invokeStatic(java.lang.Object, int, java.lang.Object, java.lang.Object, java.lang.Object)'> (0x000000008c879298) thrown at [/build
Event: 0.374 Thread 0x00007f2c24011800 Exception <a 'java/lang/NoSuchMethodError'{0x000000008c87cde0}: 'java.lang.Object java.lang.invoke.DirectMethodHandle$Holder.invokeSpecial(java.lang.Object, java.lang.Object, int, java.lang.Object, java.lang.Object, java.lang.Object)'> (0x000000008c87cde0
Event: 0.378 Thread 0x00007f2c24011800 Exception <a 'java/lang/NoSuchMethodError'{0x000000008c894900}: 'java.lang.Object java.lang.invoke.DirectMethodHandle$Holder.invokeStatic(java.lang.Object, int, java.lang.Object)'> (0x000000008c894900) thrown at [/build/openjdk-lts-ZT5jEu/openjdk-lts-11.0
Event: 1.144 Thread 0x00007f2c24011800 Exception <a 'java/lang/NoSuchMethodError'{0x000000008c72db58}: 'java.lang.Object java.lang.invoke.DirectMethodHandle$Holder.invokeStatic(java.lang.Object, java.lang.Object, java.lang.Object, java.lang.Object, java.lang.Object, java.lang.Object, java.lang
Event: 1.146 Thread 0x00007f2c24011800 Exception <a 'java/lang/NoSuchMethodError'{0x000000008c747ab8}: 'java.lang.Object java.lang.invoke.DirectMethodHandle$Holder.invokeStatic(java.lang.Object, java.lang.Object, java.lang.Object, java.lang.Object, java.lang.Object, java.lang.Object, java.lang
Event: 1.147 Thread 0x00007f2c24011800 Exception <a 'java/lang/NoSuchMethodError'{0x000000008c753e80}: 'void java.lang.invoke.DirectMethodHandle$Holder.invokeSpecial(java.lang.Object, java.lang.Object)'> (0x000000008c753e80) thrown at [/build/openjdk-lts-ZT5jEu/openjdk-lts-11.0.4+11/src/hotspo
Event: 1.193 Thread 0x00007f2c24011800 Exception <a 'java/lang/NoSuchMethodError'{0x000000008c6a2260}: 'java.lang.Object java.lang.invoke.Invokers$Holder.linkToTargetMethod(java.lang.Object, int, java.lang.Object)'> (0x000000008c6a2260) thrown at [/build/openjdk-lts-ZT5jEu/openjdk-lts-11.0.4+1
Event: 1.205 Thread 0x00007f2c24011800 Exception <a 'java/lang/ClassNotFoundException'{0x000000008c6e4be8}: com/sun/swing/internal/plaf/metal/resources/spi/metalProvider> (0x000000008c6e4be8) thrown at [/build/openjdk-lts-ZT5jEu/openjdk-lts-11.0.4+11/src/hotspot/share/classfile/systemDictionar
Event: 1.206 Thread 0x00007f2c24011800 Exception <a 'java/lang/ClassNotFoundException'{0x000000008c6e8af0}: com/sun/swing/internal/plaf/basic/resources/spi/basicProvider> (0x000000008c6e8af0) thrown at [/build/openjdk-lts-ZT5jEu/openjdk-lts-11.0.4+11/src/hotspot/share/classfile/systemDictionar
Event: 1.313 Thread 0x00007f2c242dc800 Exception <a 'java/lang/NoSuchMethodError'{0x000000008be913d0}: get> (0x000000008be913d0) thrown at [/build/openjdk-lts-ZT5jEu/openjdk-lts-11.0.4+11/src/hotspot/share/prims/jni.cpp, line 1333]

Events (10 events):
Event: 1.312 loading class AI_Robot done
Event: 1.312 loading class AIGroup
Event: 1.312 loading class AIGroup done
Event: 1.313 loading class CRobot$1
Event: 1.313 loading class CRobot$1 done
Event: 1.313 Thread 0x00007f2c242dc800 Thread added: 0x00007f2c242dc800
Event: 1.313 loading class AI_Robot$1
Event: 1.313 loading class AI_Robot$1 done
Event: 1.313 Executing VM operation: RevokeBias
Event: 1.313 Executing VM operation: RevokeBias done


Dynamic libraries:
85000000-8cc00000 rw-p 00000000 00:00 0 
8cc00000-ffe00000 ---p 00000000 00:00 0 
ffe00000-ffe34000 rw-p 01116000 08:02 23990720                           /usr/lib/jvm/java-11-openjdk-amd64/lib/server/classes.jsa
ffe34000-fff00000 rw-p 00000000 00:00 0 
fff00000-fff6a000 rw-p 010ac000 08:02 23990720                           /usr/lib/jvm/java-11-openjdk-amd64/lib/server/classes.jsa
fff6a000-100000000 rw-p 00000000 00:00 0 
800000000-800002000 rwxp 00001000 08:02 23990720                         /usr/lib/jvm/java-11-openjdk-amd64/lib/server/classes.jsa
800002000-8003bd000 rw-p 00003000 08:02 23990720                         /usr/lib/jvm/java-11-openjdk-amd64/lib/server/classes.jsa
8003bd000-800a98000 r--p 003be000 08:02 23990720                         /usr/lib/jvm/java-11-openjdk-amd64/lib/server/classes.jsa
800a98000-800a99000 rw-p 00a99000 08:02 23990720                         /usr/lib/jvm/java-11-openjdk-amd64/lib/server/classes.jsa
800a99000-8010ab000 r--p 00a9a000 08:02 23990720                         /usr/lib/jvm/java-11-openjdk-amd64/lib/server/classes.jsa
840000000-8400e0000 rw-p 00000000 00:00 0 
8400e0000-880000000 ---p 00000000 00:00 0 
562871c5f000-562871c60000 r--p 00000000 08:02 23597129                   /usr/lib/jvm/java-11-openjdk-amd64/bin/java
562871c60000-562871c61000 r-xp 00001000 08:02 23597129                   /usr/lib/jvm/java-11-openjdk-amd64/bin/java
562871c61000-562871c62000 r--p 00002000 08:02 23597129                   /usr/lib/jvm/java-11-openjdk-amd64/bin/java
562871c62000-562871c63000 r--p 00002000 08:02 23597129                   /usr/lib/jvm/java-11-openjdk-amd64/bin/java
562871c63000-562871c64000 rw-p 00003000 08:02 23597129                   /usr/lib/jvm/java-11-openjdk-amd64/bin/java
5628735ef000-562873610000 rw-p 00000000 00:00 0                          [heap]
7f2b9c000000-7f2b9c021000 rw-p 00000000 00:00 0 
7f2b9c021000-7f2ba0000000 ---p 00000000 00:00 0 
7f2ba0000000-7f2ba0021000 rw-p 00000000 00:00 0 
7f2ba0021000-7f2ba4000000 ---p 00000000 00:00 0 
7f2ba4000000-7f2ba4034000 rw-p 00000000 00:00 0 
7f2ba4034000-7f2ba8000000 ---p 00000000 00:00 0 
7f2ba8000000-7f2ba8021000 rw-p 00000000 00:00 0 
7f2ba8021000-7f2bac000000 ---p 00000000 00:00 0 
7f2bac000000-7f2bac021000 rw-p 00000000 00:00 0 
7f2bac021000-7f2bb0000000 ---p 00000000 00:00 0 
7f2bb0000000-7f2bb0021000 rw-p 00000000 00:00 0 
7f2bb0021000-7f2bb4000000 ---p 00000000 00:00 0 
7f2bb4000000-7f2bb4021000 rw-p 00000000 00:00 0 
7f2bb4021000-7f2bb8000000 ---p 00000000 00:00 0 
7f2bb8000000-7f2bb8021000 rw-p 00000000 00:00 0 
7f2bb8021000-7f2bbc000000 ---p 00000000 00:00 0 
7f2bbc000000-7f2bbc021000 rw-p 00000000 00:00 0 
7f2bbc021000-7f2bc0000000 ---p 00000000 00:00 0 
7f2bc4000000-7f2bc4021000 rw-p 00000000 00:00 0 
7f2bc4021000-7f2bc8000000 ---p 00000000 00:00 0 
7f2bc8720000-7f2bc8724000 ---p 00000000 00:00 0 
7f2bc8724000-7f2bc8821000 rw-p 00000000 00:00 0 
7f2bc8821000-7f2bc8825000 ---p 00000000 00:00 0 
7f2bc8825000-7f2bc8922000 rw-p 00000000 00:00 0 
7f2bc8922000-7f2bc8926000 ---p 00000000 00:00 0 
7f2bc8926000-7f2bc8a23000 rw-p 00000000 00:00 0 
7f2bc8a23000-7f2bc8a27000 ---p 00000000 00:00 0 
7f2bc8a27000-7f2bc8b24000 rw-p 00000000 00:00 0 
7f2bc8b24000-7f2bc8b28000 ---p 00000000 00:00 0 
7f2bc8b28000-7f2bc8c25000 rw-p 00000000 00:00 0 
7f2bc8c25000-7f2bc8c29000 ---p 00000000 00:00 0 
7f2bc8c29000-7f2bc8d26000 rw-p 00000000 00:00 0 
7f2bc8d26000-7f2bc8d2b000 r-xp 00000000 08:02 23600531                   /usr/lib/x86_64-linux-gnu/libXfixes.so.3.1.0
7f2bc8d2b000-7f2bc8f2a000 ---p 00005000 08:02 23600531                   /usr/lib/x86_64-linux-gnu/libXfixes.so.3.1.0
7f2bc8f2a000-7f2bc8f2b000 r--p 00004000 08:02 23600531                   /usr/lib/x86_64-linux-gnu/libXfixes.so.3.1.0
7f2bc8f2b000-7f2bc8f2c000 rw-p 00005000 08:02 23600531                   /usr/lib/x86_64-linux-gnu/libXfixes.so.3.1.0
7f2bc8f2c000-7f2bc8f2e000 r--p 00000000 08:02 23600523                   /usr/lib/x86_64-linux-gnu/libXcursor.so.1.0.2
7f2bc8f2e000-7f2bc8f33000 r-xp 00002000 08:02 23600523                   /usr/lib/x86_64-linux-gnu/libXcursor.so.1.0.2
7f2bc8f33000-7f2bc8f35000 r--p 00007000 08:02 23600523                   /usr/lib/x86_64-linux-gnu/libXcursor.so.1.0.2
7f2bc8f35000-7f2bc8f36000 r--p 00008000 08:02 23600523                   /usr/lib/x86_64-linux-gnu/libXcursor.so.1.0.2
7f2bc8f36000-7f2bc8f37000 rw-p 00009000 08:02 23600523                   /usr/lib/x86_64-linux-gnu/libXcursor.so.1.0.2
7f2bc8f49000-7f2bc8f4a000 ---p 00000000 00:00 0 
7f2bc8f4a000-7f2bc974a000 rw-p 00000000 00:00 0 
7f2bc974a000-7f2bc974b000 ---p 00000000 00:00 0 
7f2bc974b000-7f2bc9f4b000 rw-p 00000000 00:00 0 
7f2bc9f4b000-7f2bc9f4c000 ---p 00000000 00:00 0 
7f2bc9f4c000-7f2bca74c000 rw-p 00000000 00:00 0 
7f2bca74c000-7f2bca772000 r--p 00000000 08:02 25043479                   /usr/share/glib-2.0/schemas/gschemas.compiled
7f2bca772000-7f2bca774000 r--p 00000000 08:02 23601822                   /usr/lib/x86_64-linux-gnu/libuuid.so.1.3.0
7f2bca774000-7f2bca778000 r-xp 00002000 08:02 23601822                   /usr/lib/x86_64-linux-gnu/libuuid.so.1.3.0
7f2bca778000-7f2bca779000 r--p 00006000 08:02 23601822                   /usr/lib/x86_64-linux-gnu/libuuid.so.1.3.0
7f2bca779000-7f2bca77a000 r--p 00006000 08:02 23601822                   /usr/lib/x86_64-linux-gnu/libuuid.so.1.3.0
7f2bca77a000-7f2bca77b000 rw-p 00007000 08:02 23601822                   /usr/lib/x86_64-linux-gnu/libuuid.so.1.3.0
7f2bca77b000-7f2bca785000 r--p 00000000 08:02 23600663                   /usr/lib/x86_64-linux-gnu/libblkid.so.1.1.0
7f2bca785000-7f2bca7b9000 r-xp 0000a000 08:02 23600663                   /usr/lib/x86_64-linux-gnu/libblkid.so.1.1.0
7f2bca7b9000-7f2bca7c9000 r--p 0003e000 08:02 23600663                   /usr/lib/x86_64-linux-gnu/libblkid.so.1.1.0
7f2bca7c9000-7f2bca7ca000 ---p 0004e000 08:02 23600663                   /usr/lib/x86_64-linux-gnu/libblkid.so.1.1.0
7f2bca7ca000-7f2bca7cf000 r--p 0004e000 08:02 23600663                   /usr/lib/x86_64-linux-gnu/libblkid.so.1.1.0
7f2bca7cf000-7f2bca7d0000 rw-p 00053000 08:02 23600663                   /usr/lib/x86_64-linux-gnu/libblkid.so.1.1.0
7f2bca7d0000-7f2bca7d2000 r--p 00000000 08:02 23601506                   /usr/lib/x86_64-linux-gnu/libpcre.so.3.13.3
7f2bca7d2000-7f2bca824000 r-xp 00002000 08:02 23601506                   /usr/lib/x86_64-linux-gnu/libpcre.so.3.13.3
7f2bca824000-7f2bca842000 r--p 00054000 08:02 23601506                   /usr/lib/x86_64-linux-gnu/libpcre.so.3.13.3
7f2bca842000-7f2bca843000 r--p 00071000 08:02 23601506                   /usr/lib/x86_64-linux-gnu/libpcre.so.3.13.3
7f2bca843000-7f2bca844000 rw-p 00072000 08:02 23601506                   /usr/lib/x86_64-linux-gnu/libpcre.so.3.13.3
7f2bca844000-7f2bca848000 r--p 00000000 08:02 23601610                   /usr/lib/x86_64-linux-gnu/libresolv-2.29.so
7f2bca848000-7f2bca857000 r-xp 00004000 08:02 23601610                   /usr/lib/x86_64-linux-gnu/libresolv-2.29.so
7f2bca857000-7f2bca85a000 r--p 00013000 08:02 23601610                   /usr/lib/x86_64-linux-gnu/libresolv-2.29.so
7f2bca85a000-7f2bca85b000 ---p 00016000 08:02 23601610                   /usr/lib/x86_64-linux-gnu/libresolv-2.29.so
7f2bca85b000-7f2bca85c000 r--p 00016000 08:02 23601610                   /usr/lib/x86_64-linux-gnu/libresolv-2.29.so
7f2bca85c000-7f2bca85d000 rw-p 00017000 08:02 23601610                   /usr/lib/x86_64-linux-gnu/libresolv-2.29.so
7f2bca85d000-7f2bca85f000 rw-p 00000000 00:00 0 
7f2bca85f000-7f2bca865000 r--p 00000000 08:02 23601661                   /usr/lib/x86_64-linux-gnu/libselinux.so.1
7f2bca865000-7f2bca87d000 r-xp 00006000 08:02 23601661                   /usr/lib/x86_64-linux-gnu/libselinux.so.1
7f2bca87d000-7f2bca884000 r--p 0001e000 08:02 23601661                   /usr/lib/x86_64-linux-gnu/libselinux.so.1
7f2bca884000-7f2bca885000 ---p 00025000 08:02 23601661                   /usr/lib/x86_64-linux-gnu/libselinux.so.1
7f2bca885000-7f2bca886000 r--p 00025000 08:02 23601661                   /usr/lib/x86_64-linux-gnu/libselinux.so.1
7f2bca886000-7f2bca887000 rw-p 00026000 08:02 23601661                   /usr/lib/x86_64-linux-gnu/libselinux.so.1
7f2bca887000-7f2bca889000 rw-p 00000000 00:00 0 
7f2bca889000-7f2bca894000 r--p 00000000 08:02 23601326                   /usr/lib/x86_64-linux-gnu/libmount.so.1.1.0
7f2bca894000-7f2bca8cf000 r-xp 0000b000 08:02 23601326                   /usr/lib/x86_64-linux-gnu/libmount.so.1.1.0
7f2bca8cf000-7f2bca8e1000 r--p 00046000 08:02 23601326                   /usr/lib/x86_64-linux-gnu/libmount.so.1.1.0
7f2bca8e1000-7f2bca8e4000 r--p 00057000 08:02 23601326                   /usr/lib/x86_64-linux-gnu/libmount.so.1.1.0
7f2bca8e4000-7f2bca8e5000 rw-p 0005a000 08:02 23601326                   /usr/lib/x86_64-linux-gnu/libmount.so.1.1.0
7f2bca8e5000-7f2bca8f3000 r--p 00000000 08:02 23593408                   /usr/lib/x86_64-linux-gnu/libgobject-2.0.so.0.6000.0
7f2bca8f3000-7f2bca925000 r-xp 0000e000 08:02 23593408                   /usr/lib/x86_64-linux-gnu/libgobject-2.0.so.0.6000.0
7f2bca925000-7f2bca93d000 r--p 00040000 08:02 23593408                   /usr/lib/x86_64-linux-gnu/libgobject-2.0.so.0.6000.0
7f2bca93d000-7f2bca940000 r--p 00057000 08:02 23593408                   /usr/lib/x86_64-linux-gnu/libgobject-2.0.so.0.6000.0
7f2bca940000-7f2bca941000 rw-p 0005a000 08:02 23593408                   /usr/lib/x86_64-linux-gnu/libgobject-2.0.so.0.6000.0
7f2bca941000-7f2bca95c000 r--p 00000000 08:02 23593383                   /usr/lib/x86_64-linux-gnu/libglib-2.0.so.0.6000.0
7f2bca95c000-7f2bca9dc000 r-xp 0001b000 08:02 23593383                   /usr/lib/x86_64-linux-gnu/libglib-2.0.so.0.6000.0
7f2bca9dc000-7f2bcaa5e000 r--p 0009b000 08:02 23593383                   /usr/lib/x86_64-linux-gnu/libglib-2.0.so.0.6000.0
7f2bcaa5e000-7f2bcaa5f000 ---p 0011d000 08:02 23593383                   /usr/lib/x86_64-linux-gnu/libglib-2.0.so.0.6000.0
7f2bcaa5f000-7f2bcaa60000 r--p 0011d000 08:02 23593383                   /usr/lib/x86_64-linux-gnu/libglib-2.0.so.0.6000.0
7f2bcaa60000-7f2bcaa61000 rw-p 0011e000 08:02 23593383                   /usr/lib/x86_64-linux-gnu/libglib-2.0.so.0.6000.0
7f2bcaa61000-7f2bcaa62000 rw-p 00000000 00:00 0 
7f2bcaa62000-7f2bcaa99000 r--p 00000000 08:02 23593360                   /usr/lib/x86_64-linux-gnu/libgio-2.0.so.0.6000.0
7f2bcaa99000-7f2bcab9a000 r-xp 00037000 08:02 23593360                   /usr/lib/x86_64-linux-gnu/libgio-2.0.so.0.6000.0
7f2bcab9a000-7f2bcac20000 r--p 00138000 08:02 23593360                   /usr/lib/x86_64-linux-gnu/libgio-2.0.so.0.6000.0
7f2bcac20000-7f2bcac28000 r--p 001bd000 08:02 23593360                   /usr/lib/x86_64-linux-gnu/libgio-2.0.so.0.6000.0
7f2bcac28000-7f2bcac29000 rw-p 001c5000 08:02 23593360                   /usr/lib/x86_64-linux-gnu/libgio-2.0.so.0.6000.0
7f2bcac29000-7f2bcac2b000 rw-p 00000000 00:00 0 
7f2bcac2b000-7f2bcac35000 r-xp 00000000 08:02 23600547                   /usr/lib/x86_64-linux-gnu/libXrandr.so.2.2.0
7f2bcac35000-7f2bcae34000 ---p 0000a000 08:02 23600547                   /usr/lib/x86_64-linux-gnu/libXrandr.so.2.2.0
7f2bcae34000-7f2bcae35000 r--p 00009000 08:02 23600547                   /usr/lib/x86_64-linux-gnu/libXrandr.so.2.2.0
7f2bcae35000-7f2bcae36000 rw-p 0000a000 08:02 23600547                   /usr/lib/x86_64-linux-gnu/libXrandr.so.2.2.0
7f2bcae36000-7f2bcae3b000 r--p 00000000 08:02 23601542                   /usr/lib/x86_64-linux-gnu/libpng16.so.16.36.0
7f2bcae3b000-7f2bcae5f000 r-xp 00005000 08:02 23601542                   /usr/lib/x86_64-linux-gnu/libpng16.so.16.36.0
7f2bcae5f000-7f2bcae6b000 r--p 00029000 08:02 23601542                   /usr/lib/x86_64-linux-gnu/libpng16.so.16.36.0
7f2bcae6b000-7f2bcae6c000 r--p 00034000 08:02 23601542                   /usr/lib/x86_64-linux-gnu/libpng16.so.16.36.0
7f2bcae6c000-7f2bcae6d000 rw-p 00035000 08:02 23601542                   /usr/lib/x86_64-linux-gnu/libpng16.so.16.36.0
7f2bcae6d000-7f2bcae79000 r--p 00000000 08:02 23600949                   /usr/lib/x86_64-linux-gnu/libfreetype.so.6.16.1
7f2bcae79000-7f2bcaef6000 r-xp 0000c000 08:02 23600949                   /usr/lib/x86_64-linux-gnu/libfreetype.so.6.16.1
7f2bcaef6000-7f2bcaf1f000 r--p 00089000 08:02 23600949                   /usr/lib/x86_64-linux-gnu/libfreetype.so.6.16.1
7f2bcaf1f000-7f2bcaf20000 ---p 000b2000 08:02 23600949                   /usr/lib/x86_64-linux-gnu/libfreetype.so.6.16.1
7f2bcaf20000-7f2bcaf27000 r--p 000b2000 08:02 23600949                   /usr/lib/x86_64-linux-gnu/libfreetype.so.6.16.1
7f2bcaf27000-7f2bcaf28000 rw-p 000b9000 08:02 23600949                   /usr/lib/x86_64-linux-gnu/libfreetype.so.6.16.1
7f2bcaf28000-7f2bcaf2c000 r--p 00000000 08:02 23990635                   /usr/lib/jvm/java-11-openjdk-amd64/lib/libfontmanager.so
7f2bcaf2c000-7f2bcb01e000 r-xp 00004000 08:02 23990635                   /usr/lib/jvm/java-11-openjdk-amd64/lib/libfontmanager.so
7f2bcb01e000-7f2bcb05e000 r--p 000f6000 08:02 23990635                   /usr/lib/jvm/java-11-openjdk-amd64/lib/libfontmanager.so
7f2bcb05e000-7f2bcb05f000 r--p 00135000 08:02 23990635                   /usr/lib/jvm/java-11-openjdk-amd64/lib/libfontmanager.so
7f2bcb05f000-7f2bcb060000 rw-p 00136000 08:02 23990635                   /usr/lib/jvm/java-11-openjdk-amd64/lib/libfontmanager.so
7f2bcb060000-7f2bcb063000 rw-p 00000000 00:00 0 
7f2bcb063000-7f2bcb067000 r--p 00000000 08:02 23600683                   /usr/lib/x86_64-linux-gnu/libbsd.so.0.9.1
7f2bcb067000-7f2bcb076000 r-xp 00004000 08:02 23600683                   /usr/lib/x86_64-linux-gnu/libbsd.so.0.9.1
7f2bcb076000-7f2bcb079000 r--p 00013000 08:02 23600683                   /usr/lib/x86_64-linux-gnu/libbsd.so.0.9.1
7f2bcb079000-7f2bcb07a000 ---p 00016000 08:02 23600683                   /usr/lib/x86_64-linux-gnu/libbsd.so.0.9.1
7f2bcb07a000-7f2bcb07b000 r--p 00016000 08:02 23600683                   /usr/lib/x86_64-linux-gnu/libbsd.so.0.9.1
7f2bcb07b000-7f2bcb07c000 rw-p 00017000 08:02 23600683                   /usr/lib/x86_64-linux-gnu/libbsd.so.0.9.1
7f2bcb07c000-7f2bcb07d000 rw-p 00000000 00:00 0 
7f2bcb07d000-7f2bcb082000 r-xp 00000000 08:02 23600527                   /usr/lib/x86_64-linux-gnu/libXdmcp.so.6.0.0
7f2bcb082000-7f2bcb281000 ---p 00005000 08:02 23600527                   /usr/lib/x86_64-linux-gnu/libXdmcp.so.6.0.0
7f2bcb281000-7f2bcb282000 r--p 00004000 08:02 23600527                   /usr/lib/x86_64-linux-gnu/libXdmcp.so.6.0.0
7f2bcb282000-7f2bcb283000 rw-p 00005000 08:02 23600527                   /usr/lib/x86_64-linux-gnu/libXdmcp.so.6.0.0
7f2bcb283000-7f2bcb285000 r-xp 00000000 08:02 23600516                   /usr/lib/x86_64-linux-gnu/libXau.so.6.0.0
7f2bcb285000-7f2bcb485000 ---p 00002000 08:02 23600516                   /usr/lib/x86_64-linux-gnu/libXau.so.6.0.0
7f2bcb485000-7f2bcb486000 r--p 00002000 08:02 23600516                   /usr/lib/x86_64-linux-gnu/libXau.so.6.0.0
7f2bcb486000-7f2bcb487000 rw-p 00003000 08:02 23600516                   /usr/lib/x86_64-linux-gnu/libXau.so.6.0.0
7f2bcb487000-7f2bcb492000 r--p 00000000 08:02 23601932                   /usr/lib/x86_64-linux-gnu/libxcb.so.1.1.0
7f2bcb492000-7f2bcb4a5000 r-xp 0000b000 08:02 23601932                   /usr/lib/x86_64-linux-gnu/libxcb.so.1.1.0
7f2bcb4a5000-7f2bcb4ae000 r--p 0001e000 08:02 23601932                   /usr/lib/x86_64-linux-gnu/libxcb.so.1.1.0
7f2bcb4ae000-7f2bcb4af000 r--p 00026000 08:02 23601932                   /usr/lib/x86_64-linux-gnu/libxcb.so.1.1.0
7f2bcb4af000-7f2bcb4b0000 rw-p 00027000 08:02 23601932                   /usr/lib/x86_64-linux-gnu/libxcb.so.1.1.0
7f2bcb4b0000-7f2bcb4bf000 r-xp 00000000 08:02 23600537                   /usr/lib/x86_64-linux-gnu/libXi.so.6.1.0
7f2bcb4bf000-7f2bcb6be000 ---p 0000f000 08:02 23600537                   /usr/lib/x86_64-linux-gnu/libXi.so.6.1.0
7f2bcb6be000-7f2bcb6bf000 r--p 0000e000 08:02 23600537                   /usr/lib/x86_64-linux-gnu/libXi.so.6.1.0
7f2bcb6bf000-7f2bcb6c0000 rw-p 0000f000 08:02 23600537                   /usr/lib/x86_64-linux-gnu/libXi.so.6.1.0
7f2bcb6c0000-7f2bcb6c5000 r-xp 00000000 08:02 23600555                   /usr/lib/x86_64-linux-gnu/libXtst.so.6.1.0
7f2bcb6c5000-7f2bcb8c4000 ---p 00005000 08:02 23600555                   /usr/lib/x86_64-linux-gnu/libXtst.so.6.1.0
7f2bcb8c4000-7f2bcb8c5000 r--p 00004000 08:02 23600555                   /usr/lib/x86_64-linux-gnu/libXtst.so.6.1.0
7f2bcb8c5000-7f2bcb8c6000 rw-p 00005000 08:02 23600555                   /usr/lib/x86_64-linux-gnu/libXtst.so.6.1.0
7f2bcb8c6000-7f2bcb8cf000 r-xp 00000000 08:02 23600549                   /usr/lib/x86_64-linux-gnu/libXrender.so.1.3.0
7f2bcb8cf000-7f2bcbace000 ---p 00009000 08:02 23600549                   /usr/lib/x86_64-linux-gnu/libXrender.so.1.3.0
7f2bcbace000-7f2bcbacf000 r--p 00008000 08:02 23600549                   /usr/lib/x86_64-linux-gnu/libXrender.so.1.3.0
7f2bcbacf000-7f2bcbad0000 rw-p 00009000 08:02 23600549                   /usr/lib/x86_64-linux-gnu/libXrender.so.1.3.0
7f2bcbad0000-7f2bcbae8000 r--p 00000000 08:02 23600512                   /usr/lib/x86_64-linux-gnu/libX11.so.6.3.0
7f2bcbae8000-7f2bcbb70000 r-xp 00018000 08:02 23600512                   /usr/lib/x86_64-linux-gnu/libX11.so.6.3.0
7f2bcbb70000-7f2bcbc04000 r--p 000a0000 08:02 23600512                   /usr/lib/x86_64-linux-gnu/libX11.so.6.3.0
7f2bcbc04000-7f2bcbc05000 ---p 00134000 08:02 23600512                   /usr/lib/x86_64-linux-gnu/libX11.so.6.3.0
7f2bcbc05000-7f2bcbc06000 r--p 00134000 08:02 23600512                   /usr/lib/x86_64-linux-gnu/libX11.so.6.3.0
7f2bcbc06000-7f2bcbc0a000 rw-p 00135000 08:02 23600512                   /usr/lib/x86_64-linux-gnu/libX11.so.6.3.0
7f2bcbc0a000-7f2bcbc1b000 r-xp 00000000 08:02 23600529                   /usr/lib/x86_64-linux-gnu/libXext.so.6.4.0
7f2bcbc1b000-7f2bcbe1a000 ---p 00011000 08:02 23600529                   /usr/lib/x86_64-linux-gnu/libXext.so.6.4.0
7f2bcbe1a000-7f2bcbe1b000 r--p 00010000 08:02 23600529                   /usr/lib/x86_64-linux-gnu/libXext.so.6.4.0
7f2bcbe1b000-7f2bcbe1c000 rw-p 00011000 08:02 23600529                   /usr/lib/x86_64-linux-gnu/libXext.so.6.4.0
7f2bcbe1d000-7f2bcbe21000 r--p 00000000 08:02 24250591                   /usr/lib/x86_64-linux-gnu/gio/modules/libdconfsettings.so
7f2bcbe21000-7f2bcbe28000 r-xp 00004000 08:02 24250591                   /usr/lib/x86_64-linux-gnu/gio/modules/libdconfsettings.so
7f2bcbe28000-7f2bcbe2b000 r--p 0000b000 08:02 24250591                   /usr/lib/x86_64-linux-gnu/gio/modules/libdconfsettings.so
7f2bcbe2b000-7f2bcbe2c000 ---p 0000e000 08:02 24250591                   /usr/lib/x86_64-linux-gnu/gio/modules/libdconfsettings.so
7f2bcbe2c000-7f2bcbe2d000 r--p 0000e000 08:02 24250591                   /usr/lib/x86_64-linux-gnu/gio/modules/libdconfsettings.so
7f2bcbe2d000-7f2bcbe2e000 rw-p 0000f000 08:02 24250591                   /usr/lib/x86_64-linux-gnu/gio/modules/libdconfsettings.so
7f2bcbe2e000-7f2bcbe5a000 r--p 00000000 08:02 23990630                   /usr/lib/jvm/java-11-openjdk-amd64/lib/libawt.so
7f2bcbe5a000-7f2bcbec1000 r-xp 0002c000 08:02 23990630                   /usr/lib/jvm/java-11-openjdk-amd64/lib/libawt.so
7f2bcbec1000-7f2bcbece000 r--p 00093000 08:02 23990630                   /usr/lib/jvm/java-11-openjdk-amd64/lib/libawt.so
7f2bcbece000-7f2bcbecf000 r--p 0009f000 08:02 23990630                   /usr/lib/jvm/java-11-openjdk-amd64/lib/libawt.so
7f2bcbecf000-7f2bcbeda000 rw-p 000a0000 08:02 23990630                   /usr/lib/jvm/java-11-openjdk-amd64/lib/libawt.so
7f2bcbeda000-7f2bcbeff000 rw-p 00000000 00:00 0 
7f2bcbeff000-7f2bcbf03000 ---p 00000000 00:00 0 
7f2bcbf03000-7f2bcc000000 rw-p 00000000 00:00 0 
7f2bcc000000-7f2bcc021000 rw-p 00000000 00:00 0 
7f2bcc021000-7f2bd0000000 ---p 00000000 00:00 0 
7f2bd0000000-7f2bd0021000 rw-p 00000000 00:00 0 
7f2bd0021000-7f2bd4000000 ---p 00000000 00:00 0 
7f2bd4000000-7f2bd42ba000 rw-p 00000000 00:00 0 
7f2bd42ba000-7f2bd8000000 ---p 00000000 00:00 0 
7f2bd8000000-7f2bd8021000 rw-p 00000000 00:00 0 
7f2bd8021000-7f2bdc000000 ---p 00000000 00:00 0 
7f2bdc000000-7f2bdc021000 rw-p 00000000 00:00 0 
7f2bdc021000-7f2be0000000 ---p 00000000 00:00 0 
7f2be0000000-7f2be075b000 rw-p 00000000 00:00 0 
7f2be075b000-7f2be4000000 ---p 00000000 00:00 0 
7f2be4000000-7f2be4021000 rw-p 00000000 00:00 0 
7f2be4021000-7f2be8000000 ---p 00000000 00:00 0 
7f2be8000000-7f2be8021000 rw-p 00000000 00:00 0 
7f2be8021000-7f2bec000000 ---p 00000000 00:00 0 
7f2bec000000-7f2bec021000 rw-p 00000000 00:00 0 
7f2bec021000-7f2bf0000000 ---p 00000000 00:00 0 
7f2bf0000000-7f2bf0021000 rw-p 00000000 00:00 0 
7f2bf0021000-7f2bf4000000 ---p 00000000 00:00 0 
7f2bf4000000-7f2bf4021000 rw-p 00000000 00:00 0 
7f2bf4021000-7f2bf8000000 ---p 00000000 00:00 0 
7f2bf8000000-7f2bf8021000 rw-p 00000000 00:00 0 
7f2bf8021000-7f2bfc000000 ---p 00000000 00:00 0 
7f2bfc003000-7f2bfc013000 r--p 00000000 08:02 23990632                   /usr/lib/jvm/java-11-openjdk-amd64/lib/libawt_xawt.so
7f2bfc013000-7f2bfc050000 r-xp 00010000 08:02 23990632                   /usr/lib/jvm/java-11-openjdk-amd64/lib/libawt_xawt.so
7f2bfc050000-7f2bfc062000 r--p 0004d000 08:02 23990632                   /usr/lib/jvm/java-11-openjdk-amd64/lib/libawt_xawt.so
7f2bfc062000-7f2bfc063000 r--p 0005e000 08:02 23990632                   /usr/lib/jvm/java-11-openjdk-amd64/lib/libawt_xawt.so
7f2bfc063000-7f2bfc066000 rw-p 0005f000 08:02 23990632                   /usr/lib/jvm/java-11-openjdk-amd64/lib/libawt_xawt.so
7f2bfc066000-7f2bfc099000 rw-p 00000000 00:00 0 
7f2bfc099000-7f2bfc09a000 ---p 00000000 00:00 0 
7f2bfc09a000-7f2bfc19b000 rw-p 00000000 00:00 0 
7f2bfc19b000-7f2bfc19f000 ---p 00000000 00:00 0 
7f2bfc19f000-7f2bfc29c000 rw-p 00000000 00:00 0 
7f2bfc29c000-7f2bfc2a0000 ---p 00000000 00:00 0 
7f2bfc2a0000-7f2bfc39d000 rw-p 00000000 00:00 0 
7f2bfc39d000-7f2bfc3a1000 ---p 00000000 00:00 0 
7f2bfc3a1000-7f2bfc49e000 rw-p 00000000 00:00 0 
7f2bfc49e000-7f2bfc4a2000 ---p 00000000 00:00 0 
7f2bfc4a2000-7f2bfc59f000 rw-p 00000000 00:00 0 
7f2bfc59f000-7f2bfc5a3000 ---p 00000000 00:00 0 
7f2bfc5a3000-7f2bfc6a0000 rw-p 00000000 00:00 0 
7f2bfc6a0000-7f2bfd47b000 r--p 00000000 08:02 23600058                   /usr/lib/locale/locale-archive
7f2bfd47b000-7f2bfd47f000 ---p 00000000 00:00 0 
7f2bfd47f000-7f2bfd57c000 rw-p 00000000 00:00 0 
7f2bfd57c000-7f2bfd580000 ---p 00000000 00:00 0 
7f2bfd580000-7f2bfd67d000 rw-p 00000000 00:00 0 
7f2bfd67d000-7f2bfd67e000 ---p 00000000 00:00 0 
7f2bfd67e000-7f2bfdcc0000 rw-p 00000000 00:00 0 
7f2bfdcc0000-7f2bfe000000 ---p 00000000 00:00 0 
7f2bfe000000-7f2c00000000 rw-p 00000000 00:00 0 
7f2c00000000-7f2c00021000 rw-p 00000000 00:00 0 
7f2c00021000-7f2c04000000 ---p 00000000 00:00 0 
7f2c04003000-7f2c04004000 r--p 00000000 08:02 27001589                   /home/kramer/Downloads/RobotArena-master/RobotAreana/AIBasic/build/libs/mynativelibrary/shared/libmynativelibrary.so
7f2c04004000-7f2c04005000 r-xp 00001000 08:02 27001589                   /home/kramer/Downloads/RobotArena-master/RobotAreana/AIBasic/build/libs/mynativelibrary/shared/libmynativelibrary.so
7f2c04005000-7f2c04006000 r--p 00002000 08:02 27001589                   /home/kramer/Downloads/RobotArena-master/RobotAreana/AIBasic/build/libs/mynativelibrary/shared/libmynativelibrary.so
7f2c04006000-7f2c04007000 r--p 00002000 08:02 27001589                   /home/kramer/Downloads/RobotArena-master/RobotAreana/AIBasic/build/libs/mynativelibrary/shared/libmynativelibrary.so
7f2c04007000-7f2c04008000 rw-p 00003000 08:02 27001589                   /home/kramer/Downloads/RobotArena-master/RobotAreana/AIBasic/build/libs/mynativelibrary/shared/libmynativelibrary.so
7f2c04008000-7f2c0400c000 r--p 00000000 08:02 23990653                   /usr/lib/jvm/java-11-openjdk-amd64/lib/libnet.so
7f2c0400c000-7f2c0401b000 r-xp 00004000 08:02 23990653                   /usr/lib/jvm/java-11-openjdk-amd64/lib/libnet.so
7f2c0401b000-7f2c0401f000 r--p 00013000 08:02 23990653                   /usr/lib/jvm/java-11-openjdk-amd64/lib/libnet.so
7f2c0401f000-7f2c04020000 r--p 00016000 08:02 23990653                   /usr/lib/jvm/java-11-openjdk-amd64/lib/libnet.so
7f2c04020000-7f2c04021000 rw-p 00017000 08:02 23990653                   /usr/lib/jvm/java-11-openjdk-amd64/lib/libnet.so
7f2c04021000-7f2c0407c000 rw-p 00000000 00:00 0 
7f2c0407c000-7f2c0407d000 ---p 00000000 00:00 0 
7f2c0407d000-7f2c0417e000 rw-p 00000000 00:00 0 
7f2c0417e000-7f2c0417f000 ---p 00000000 00:00 0 
7f2c0417f000-7f2c04470000 rw-p 00000000 00:00 0 
7f2c04470000-7f2c06138000 ---p 00000000 00:00 0 
7f2c06138000-7f2c06330000 rw-p 00000000 00:00 0 
7f2c06330000-7f2c07ff8000 ---p 00000000 00:00 0 
7f2c07ff8000-7f2c08000000 rw-p 00000000 00:00 0 
7f2c08000000-7f2c08021000 rw-p 00000000 00:00 0 
7f2c08021000-7f2c0c000000 ---p 00000000 00:00 0 
7f2c0c004000-7f2c0c006000 r--p 00000000 08:02 23600923                   /usr/lib/x86_64-linux-gnu/libffi.so.6.0.4
7f2c0c006000-7f2c0c00b000 r-xp 00002000 08:02 23600923                   /usr/lib/x86_64-linux-gnu/libffi.so.6.0.4
7f2c0c00b000-7f2c0c00c000 r--p 00007000 08:02 23600923                   /usr/lib/x86_64-linux-gnu/libffi.so.6.0.4
7f2c0c00c000-7f2c0c00d000 r--p 00007000 08:02 23600923                   /usr/lib/x86_64-linux-gnu/libffi.so.6.0.4
7f2c0c00d000-7f2c0c00e000 rw-p 00008000 08:02 23600923                   /usr/lib/x86_64-linux-gnu/libffi.so.6.0.4
7f2c0c00e000-7f2c0c47c000 rw-p 00000000 00:00 0 
7f2c0c47c000-7f2c0c47d000 ---p 00000000 00:00 0 
7f2c0c47d000-7f2c0c5bc000 rw-p 00000000 00:00 0 
7f2c0c5bc000-7f2c0c955000 ---p 00000000 00:00 0 
7f2c0c955000-7f2c0c956000 rw-p 00000000 00:00 0 
7f2c0c956000-7f2c0cbc6000 rwxp 00000000 00:00 0 
7f2c0cbc6000-7f2c0cee6000 ---p 00000000 00:00 0 
7f2c0cee6000-7f2c0d156000 rwxp 00000000 00:00 0 
7f2c0d156000-7f2c1441e000 ---p 00000000 00:00 0 
7f2c1441e000-7f2c1468e000 rwxp 00000000 00:00 0 
7f2c1468e000-7f2c1b956000 ---p 00000000 00:00 0 
7f2c1b956000-7f2c24000000 r--s 00000000 08:02 23990663                   /usr/lib/jvm/java-11-openjdk-amd64/lib/modules
7f2c24000000-7f2c242e4000 rw-p 00000000 00:00 0 
7f2c242e4000-7f2c28000000 ---p 00000000 00:00 0 
7f2c28001000-7f2c28004000 r--p 00000000 08:02 24904754                   /home/kramer/.config/dconf/user
7f2c28004000-7f2c28005000 r--s 00000000 00:35 49                         /run/user/1000/dconf/user
7f2c28005000-7f2c28006000 r--p 00000000 08:02 25823354                   /usr/share/locale-langpack/en_AU/LC_MESSAGES/glib20.mo
7f2c28006000-7f2c28007000 r--p 00000000 08:02 23593407                   /usr/lib/x86_64-linux-gnu/libgmodule-2.0.so.0.6000.0
7f2c28007000-7f2c28009000 r-xp 00001000 08:02 23593407                   /usr/lib/x86_64-linux-gnu/libgmodule-2.0.so.0.6000.0
7f2c28009000-7f2c2800a000 r--p 00003000 08:02 23593407                   /usr/lib/x86_64-linux-gnu/libgmodule-2.0.so.0.6000.0
7f2c2800a000-7f2c2800b000 r--p 00003000 08:02 23593407                   /usr/lib/x86_64-linux-gnu/libgmodule-2.0.so.0.6000.0
7f2c2800b000-7f2c2800c000 rw-p 00004000 08:02 23593407                   /usr/lib/x86_64-linux-gnu/libgmodule-2.0.so.0.6000.0
7f2c2800c000-7f2c28013000 r--p 00000000 08:02 23990654                   /usr/lib/jvm/java-11-openjdk-amd64/lib/libnio.so
7f2c28013000-7f2c2801a000 r-xp 00007000 08:02 23990654                   /usr/lib/jvm/java-11-openjdk-amd64/lib/libnio.so
7f2c2801a000-7f2c2801d000 r--p 0000e000 08:02 23990654                   /usr/lib/jvm/java-11-openjdk-amd64/lib/libnio.so
7f2c2801d000-7f2c2801e000 r--p 00010000 08:02 23990654                   /usr/lib/jvm/java-11-openjdk-amd64/lib/libnio.so
7f2c2801e000-7f2c2801f000 rw-p 00011000 08:02 23990654                   /usr/lib/jvm/java-11-openjdk-amd64/lib/libnio.so
7f2c2801f000-7f2c28020000 ---p 00000000 00:00 0 
7f2c28020000-7f2c281a1000 rw-p 00000000 00:00 0 
7f2c281a1000-7f2c2853a000 ---p 00000000 00:00 0 
7f2c2853a000-7f2c28579000 rw-p 00000000 00:00 0 
7f2c28579000-7f2c28912000 ---p 00000000 00:00 0 
7f2c28912000-7f2c28d17000 rw-p 00000000 00:00 0 
7f2c28d17000-7f2c28d18000 ---p 00000000 00:00 0 
7f2c28d18000-7f2c28e1e000 rw-p 00000000 00:00 0 
7f2c28e1e000-7f2c28f04000 ---p 00000000 00:00 0 
7f2c28f04000-7f2c28f09000 rw-p 00000000 00:00 0 
7f2c28f09000-7f2c28fef000 ---p 00000000 00:00 0 
7f2c28fef000-7f2c28ff4000 rw-p 00000000 00:00 0 
7f2c28ff4000-7f2c28ffb000 ---p 00000000 00:00 0 
7f2c28ffb000-7f2c28ffd000 r--s 00007000 08:02 24382982                   /usr/share/java/java-atk-wrapper.jar
7f2c28ffd000-7f2c28fff000 r--p 00000000 08:02 23990645                   /usr/lib/jvm/java-11-openjdk-amd64/lib/libjimage.so
7f2c28fff000-7f2c29002000 r-xp 00002000 08:02 23990645                   /usr/lib/jvm/java-11-openjdk-amd64/lib/libjimage.so
7f2c29002000-7f2c29004000 r--p 00005000 08:02 23990645                   /usr/lib/jvm/java-11-openjdk-amd64/lib/libjimage.so
7f2c29004000-7f2c29005000 r--p 00006000 08:02 23990645                   /usr/lib/jvm/java-11-openjdk-amd64/lib/libjimage.so
7f2c29005000-7f2c29006000 rw-p 00007000 08:02 23990645                   /usr/lib/jvm/java-11-openjdk-amd64/lib/libjimage.so
7f2c29006000-7f2c29009000 r--p 00000000 08:02 23601425                   /usr/lib/x86_64-linux-gnu/libnss_files-2.29.so
7f2c29009000-7f2c29010000 r-xp 00003000 08:02 23601425                   /usr/lib/x86_64-linux-gnu/libnss_files-2.29.so
7f2c29010000-7f2c29012000 r--p 0000a000 08:02 23601425                   /usr/lib/x86_64-linux-gnu/libnss_files-2.29.so
7f2c29012000-7f2c29013000 r--p 0000b000 08:02 23601425                   /usr/lib/x86_64-linux-gnu/libnss_files-2.29.so
7f2c29013000-7f2c29014000 rw-p 0000c000 08:02 23601425                   /usr/lib/x86_64-linux-gnu/libnss_files-2.29.so
7f2c29014000-7f2c2901a000 rw-p 00000000 00:00 0 
7f2c2901a000-7f2c2901c000 r--p 00000000 08:02 23990662                   /usr/lib/jvm/java-11-openjdk-amd64/lib/libzip.so
7f2c2901c000-7f2c29020000 r-xp 00002000 08:02 23990662                   /usr/lib/jvm/java-11-openjdk-amd64/lib/libzip.so
7f2c29020000-7f2c29022000 r--p 00006000 08:02 23990662                   /usr/lib/jvm/java-11-openjdk-amd64/lib/libzip.so
7f2c29022000-7f2c29023000 r--p 00007000 08:02 23990662                   /usr/lib/jvm/java-11-openjdk-amd64/lib/libzip.so
7f2c29023000-7f2c29024000 rw-p 00008000 08:02 23990662                   /usr/lib/jvm/java-11-openjdk-amd64/lib/libzip.so
7f2c29024000-7f2c2902c000 rw-s 00000000 08:02 2753649                    /tmp/hsperfdata_kramer/13178
7f2c2902c000-7f2c2902d000 ---p 00000000 00:00 0 
7f2c2902d000-7f2c2902e000 r--p 00000000 00:00 0 
7f2c2902e000-7f2c2903b000 r--p 00000000 08:02 23990641                   /usr/lib/jvm/java-11-openjdk-amd64/lib/libjava.so
7f2c2903b000-7f2c29050000 r-xp 0000d000 08:02 23990641                   /usr/lib/jvm/java-11-openjdk-amd64/lib/libjava.so
7f2c29050000-7f2c29057000 r--p 00022000 08:02 23990641                   /usr/lib/jvm/java-11-openjdk-amd64/lib/libjava.so
7f2c29057000-7f2c29058000 r--p 00028000 08:02 23990641                   /usr/lib/jvm/java-11-openjdk-amd64/lib/libjava.so
7f2c29058000-7f2c2905a000 rw-p 00029000 08:02 23990641                   /usr/lib/jvm/java-11-openjdk-amd64/lib/libjava.so
7f2c2905a000-7f2c2905d000 r--p 00000000 08:02 23601631                   /usr/lib/x86_64-linux-gnu/librt-2.29.so
7f2c2905d000-7f2c29061000 r-xp 00003000 08:02 23601631                   /usr/lib/x86_64-linux-gnu/librt-2.29.so
7f2c29061000-7f2c29063000 r--p 00007000 08:02 23601631                   /usr/lib/x86_64-linux-gnu/librt-2.29.so
7f2c29063000-7f2c29064000 r--p 00008000 08:02 23601631                   /usr/lib/x86_64-linux-gnu/librt-2.29.so
7f2c29064000-7f2c29065000 rw-p 00009000 08:02 23601631                   /usr/lib/x86_64-linux-gnu/librt-2.29.so
7f2c29065000-7f2c29069000 ---p 00000000 00:00 0 
7f2c29069000-7f2c29166000 rw-p 00000000 00:00 0 
7f2c29166000-7f2c29169000 r--p 00000000 08:02 23596996                   /usr/lib/x86_64-linux-gnu/libgcc_s.so.1
7f2c29169000-7f2c2917a000 r-xp 00003000 08:02 23596996                   /usr/lib/x86_64-linux-gnu/libgcc_s.so.1
7f2c2917a000-7f2c2917e000 r--p 00014000 08:02 23596996                   /usr/lib/x86_64-linux-gnu/libgcc_s.so.1
7f2c2917e000-7f2c2917f000 r--p 00017000 08:02 23596996                   /usr/lib/x86_64-linux-gnu/libgcc_s.so.1
7f2c2917f000-7f2c29180000 rw-p 00018000 08:02 23596996                   /usr/lib/x86_64-linux-gnu/libgcc_s.so.1
7f2c29180000-7f2c2918f000 r--p 00000000 08:02 23601302                   /usr/lib/x86_64-linux-gnu/libm-2.29.so
7f2c2918f000-7f2c29235000 r-xp 0000f000 08:02 23601302                   /usr/lib/x86_64-linux-gnu/libm-2.29.so
7f2c29235000-7f2c292cc000 r--p 000b5000 08:02 23601302                   /usr/lib/x86_64-linux-gnu/libm-2.29.so
7f2c292cc000-7f2c292cd000 r--p 0014b000 08:02 23601302                   /usr/lib/x86_64-linux-gnu/libm-2.29.so
7f2c292cd000-7f2c292ce000 rw-p 0014c000 08:02 23601302                   /usr/lib/x86_64-linux-gnu/libm-2.29.so
7f2c292ce000-7f2c29363000 r--p 00000000 08:02 23594558                   /usr/lib/x86_64-linux-gnu/libstdc++.so.6.0.26
7f2c29363000-7f2c29455000 r-xp 00095000 08:02 23594558                   /usr/lib/x86_64-linux-gnu/libstdc++.so.6.0.26
7f2c29455000-7f2c2949e000 r--p 00187000 08:02 23594558                   /usr/lib/x86_64-linux-gnu/libstdc++.so.6.0.26
7f2c2949e000-7f2c2949f000 ---p 001d0000 08:02 23594558                   /usr/lib/x86_64-linux-gnu/libstdc++.so.6.0.26
7f2c2949f000-7f2c294aa000 r--p 001d0000 08:02 23594558                   /usr/lib/x86_64-linux-gnu/libstdc++.so.6.0.26
7f2c294aa000-7f2c294ad000 rw-p 001db000 08:02 23594558                   /usr/lib/x86_64-linux-gnu/libstdc++.so.6.0.26
7f2c294ad000-7f2c294b0000 rw-p 00000000 00:00 0 
7f2c294b0000-7f2c2971f000 r--p 00000000 08:02 23990668                   /usr/lib/jvm/java-11-openjdk-amd64/lib/server/libjvm.so
7f2c2971f000-7f2c2a23f000 r-xp 0026f000 08:02 23990668                   /usr/lib/jvm/java-11-openjdk-amd64/lib/server/libjvm.so
7f2c2a23f000-7f2c2a478000 r--p 00d8f000 08:02 23990668                   /usr/lib/jvm/java-11-openjdk-amd64/lib/server/libjvm.so
7f2c2a478000-7f2c2a479000 ---p 00fc8000 08:02 23990668                   /usr/lib/jvm/java-11-openjdk-amd64/lib/server/libjvm.so
7f2c2a479000-7f2c2a536000 r--p 00fc8000 08:02 23990668                   /usr/lib/jvm/java-11-openjdk-amd64/lib/server/libjvm.so
7f2c2a536000-7f2c2a56f000 rw-p 01085000 08:02 23990668                   /usr/lib/jvm/java-11-openjdk-amd64/lib/server/libjvm.so
7f2c2a56f000-7f2c2a5c7000 rw-p 00000000 00:00 0 
7f2c2a5c7000-7f2c2a5ce000 r--p 00000000 08:02 23601565                   /usr/lib/x86_64-linux-gnu/libpthread-2.29.so
7f2c2a5ce000-7f2c2a5dd000 r-xp 00007000 08:02 23601565                   /usr/lib/x86_64-linux-gnu/libpthread-2.29.so
7f2c2a5dd000-7f2c2a5e2000 r--p 00016000 08:02 23601565                   /usr/lib/x86_64-linux-gnu/libpthread-2.29.so
7f2c2a5e2000-7f2c2a5e3000 r--p 0001a000 08:02 23601565                   /usr/lib/x86_64-linux-gnu/libpthread-2.29.so
7f2c2a5e3000-7f2c2a5e4000 rw-p 0001b000 08:02 23601565                   /usr/lib/x86_64-linux-gnu/libpthread-2.29.so
7f2c2a5e4000-7f2c2a5e8000 rw-p 00000000 00:00 0 
7f2c2a5e8000-7f2c2a5e9000 r--p 00000000 08:02 23600824                   /usr/lib/x86_64-linux-gnu/libdl-2.29.so
7f2c2a5e9000-7f2c2a5eb000 r-xp 00001000 08:02 23600824                   /usr/lib/x86_64-linux-gnu/libdl-2.29.so
7f2c2a5eb000-7f2c2a5ec000 r--p 00003000 08:02 23600824                   /usr/lib/x86_64-linux-gnu/libdl-2.29.so
7f2c2a5ec000-7f2c2a5ed000 r--p 00003000 08:02 23600824                   /usr/lib/x86_64-linux-gnu/libdl-2.29.so
7f2c2a5ed000-7f2c2a5ee000 rw-p 00004000 08:02 23600824                   /usr/lib/x86_64-linux-gnu/libdl-2.29.so
7f2c2a5ee000-7f2c2a5f0000 r--p 00000000 08:02 23601962                   /usr/lib/x86_64-linux-gnu/libz.so.1.2.11
7f2c2a5f0000-7f2c2a601000 r-xp 00002000 08:02 23601962                   /usr/lib/x86_64-linux-gnu/libz.so.1.2.11
7f2c2a601000-7f2c2a607000 r--p 00013000 08:02 23601962                   /usr/lib/x86_64-linux-gnu/libz.so.1.2.11
7f2c2a607000-7f2c2a608000 ---p 00019000 08:02 23601962                   /usr/lib/x86_64-linux-gnu/libz.so.1.2.11
7f2c2a608000-7f2c2a609000 r--p 00019000 08:02 23601962                   /usr/lib/x86_64-linux-gnu/libz.so.1.2.11
7f2c2a609000-7f2c2a60a000 rw-p 0001a000 08:02 23601962                   /usr/lib/x86_64-linux-gnu/libz.so.1.2.11
7f2c2a60a000-7f2c2a62f000 r--p 00000000 08:02 23600687                   /usr/lib/x86_64-linux-gnu/libc-2.29.so
7f2c2a62f000-7f2c2a7a2000 r-xp 00025000 08:02 23600687                   /usr/lib/x86_64-linux-gnu/libc-2.29.so
7f2c2a7a2000-7f2c2a7eb000 r--p 00198000 08:02 23600687                   /usr/lib/x86_64-linux-gnu/libc-2.29.so
7f2c2a7eb000-7f2c2a7ee000 r--p 001e0000 08:02 23600687                   /usr/lib/x86_64-linux-gnu/libc-2.29.so
7f2c2a7ee000-7f2c2a7f1000 rw-p 001e3000 08:02 23600687                   /usr/lib/x86_64-linux-gnu/libc-2.29.so
7f2c2a7f1000-7f2c2a7f5000 rw-p 00000000 00:00 0 
7f2c2a7f5000-7f2c2a7f6000 r--p 00000000 08:02 25823436                   /usr/share/locale-langpack/en_AU/LC_MESSAGES/libc.mo
7f2c2a7f6000-7f2c2a7fb000 r--p 00000000 08:02 23990661                   /usr/lib/jvm/java-11-openjdk-amd64/lib/libverify.so
7f2c2a7fb000-7f2c2a802000 r-xp 00005000 08:02 23990661                   /usr/lib/jvm/java-11-openjdk-amd64/lib/libverify.so
7f2c2a802000-7f2c2a804000 r--p 0000c000 08:02 23990661                   /usr/lib/jvm/java-11-openjdk-amd64/lib/libverify.so
7f2c2a804000-7f2c2a806000 r--p 0000d000 08:02 23990661                   /usr/lib/jvm/java-11-openjdk-amd64/lib/libverify.so
7f2c2a806000-7f2c2a807000 rw-p 0000f000 08:02 23990661                   /usr/lib/jvm/java-11-openjdk-amd64/lib/libverify.so
7f2c2a807000-7f2c2a80a000 r--p 00000000 08:02 23990625                   /usr/lib/jvm/java-11-openjdk-amd64/lib/jli/libjli.so
7f2c2a80a000-7f2c2a814000 r-xp 00003000 08:02 23990625                   /usr/lib/jvm/java-11-openjdk-amd64/lib/jli/libjli.so
7f2c2a814000-7f2c2a817000 r--p 0000d000 08:02 23990625                   /usr/lib/jvm/java-11-openjdk-amd64/lib/jli/libjli.so
7f2c2a817000-7f2c2a818000 r--p 0000f000 08:02 23990625                   /usr/lib/jvm/java-11-openjdk-amd64/lib/jli/libjli.so
7f2c2a818000-7f2c2a819000 rw-p 00010000 08:02 23990625                   /usr/lib/jvm/java-11-openjdk-amd64/lib/jli/libjli.so
7f2c2a819000-7f2c2a81b000 rw-p 00000000 00:00 0 
7f2c2a81b000-7f2c2a81c000 r--p 00000000 08:02 23600471                   /usr/lib/x86_64-linux-gnu/ld-2.29.so
7f2c2a81c000-7f2c2a83d000 r-xp 00001000 08:02 23600471                   /usr/lib/x86_64-linux-gnu/ld-2.29.so
7f2c2a83d000-7f2c2a845000 r--p 00022000 08:02 23600471                   /usr/lib/x86_64-linux-gnu/ld-2.29.so
7f2c2a845000-7f2c2a846000 r--p 00029000 08:02 23600471                   /usr/lib/x86_64-linux-gnu/ld-2.29.so
7f2c2a846000-7f2c2a847000 rw-p 0002a000 08:02 23600471                   /usr/lib/x86_64-linux-gnu/ld-2.29.so
7f2c2a847000-7f2c2a848000 rw-p 00000000 00:00 0 
7ffe2ca75000-7ffe2ca97000 rw-p 00000000 00:00 0                          [stack]
7ffe2cada000-7ffe2cadd000 r--p 00000000 00:00 0                          [vvar]
7ffe2cadd000-7ffe2cade000 r-xp 00000000 00:00 0                          [vdso]
ffffffffff600000-ffffffffff601000 r-xp 00000000 00:00 0                  [vsyscall]


VM Arguments:
jvm_args: -Dfile.encoding=UTF-8 -Duser.country=AU -Duser.language=en -Duser.variant 
java_command: ExampleSwingApp
java_class_path (initial): /home/kramer/Downloads/RobotArena-master/RobotAreana/start/build/classes/java/main:/home/kramer/Downloads/RobotArena-master/RobotAreana/start/build/classes/groovy/main:/home/kramer/Downloads/RobotArena-master/RobotAreana/start/build/resources/main:/home/kramer/Downloads/RobotArena-master/RobotAreana/AIBasic/build/libs/AIBasic.jar:/home/kramer/Downloads/RobotArena-master/RobotAreana/robot/build/libs/robot.jar:/home/kramer/Downloads/RobotArena-master/RobotAreana/main/build/libs/main.jar
Launcher Type: SUN_STANDARD

[Global flags]
     intx CICompilerCount                          = 3                                         {product} {ergonomic}
     uint ConcGCThreads                            = 1                                         {product} {ergonomic}
     uint G1ConcRefinementThreads                  = 4                                         {product} {ergonomic}
   size_t G1HeapRegionSize                         = 1048576                                   {product} {ergonomic}
    uintx GCDrainStackTargetSize                   = 64                                        {product} {ergonomic}
   size_t InitialHeapSize                          = 130023424                                 {product} {ergonomic}
   size_t MarkStackSize                            = 4194304                                   {product} {ergonomic}
   size_t MaxHeapSize                              = 2063597568                                {product} {ergonomic}
   size_t MaxNewSize                               = 1237319680                                {product} {ergonomic}
   size_t MinHeapDeltaBytes                        = 1048576                                   {product} {ergonomic}
    uintx NonNMethodCodeHeapSize                   = 5830092                                {pd product} {ergonomic}
    uintx NonProfiledCodeHeapSize                  = 122914074                              {pd product} {ergonomic}
    uintx ProfiledCodeHeapSize                     = 122914074                              {pd product} {ergonomic}
    uintx ReservedCodeCacheSize                    = 251658240                              {pd product} {ergonomic}
     bool SegmentedCodeCache                       = true                                      {product} {ergonomic}
     bool UseCompressedClassPointers               = true                                 {lp64_product} {ergonomic}
     bool UseCompressedOops                        = true                                 {lp64_product} {ergonomic}
     bool UseG1GC                                  = true                                      {product} {ergonomic}

Logging:
Log output configuration:
 #0: stdout all=warning uptime,level,tags
 #1: stderr all=off uptime,level,tags

Environment Variables:
PATH=/home/kramer/.local/bin:/usr/local/sbin:/usr/local/bin:/usr/sbin:/usr/bin:/sbin:/bin:/usr/games:/usr/local/games:/snap/bin
USERNAME=kramer
LD_LIBRARY_PATH=/home/kramer/Downloads/RobotArena-master/RobotAreana/AIBasic/build/libs/mynativelibrary/shared
SHELL=/bin/bash
DISPLAY=:0

Signal Handlers:
SIGSEGV: [libjvm.so+0xd1cc80], sa_mask[0]=11111111011111111101111111111110, sa_flags=SA_RESTART|SA_SIGINFO
SIGBUS: [libjvm.so+0xd1cc80], sa_mask[0]=11111111011111111101111111111110, sa_flags=SA_RESTART|SA_SIGINFO
SIGFPE: [libjvm.so+0xd1cc80], sa_mask[0]=11111111011111111101111111111110, sa_flags=SA_RESTART|SA_SIGINFO
SIGPIPE: SIG_IGN, sa_mask[0]=00000000000010000000000000000000, sa_flags=SA_RESTART
SIGXFSZ: [libjvm.so+0xb239a0], sa_mask[0]=11111111011111111101111111111110, sa_flags=SA_RESTART|SA_SIGINFO
SIGILL: [libjvm.so+0xd1cc80], sa_mask[0]=11111111011111111101111111111110, sa_flags=SA_RESTART|SA_SIGINFO
SIGUSR2: [libjvm.so+0xb23830], sa_mask[0]=00100000000000000000000000000000, sa_flags=SA_RESTART|SA_SIGINFO
SIGHUP: [libjvm.so+0xb23ce0], sa_mask[0]=11111111011111111101111111111110, sa_flags=SA_RESTART|SA_SIGINFO
SIGINT: [libjvm.so+0xb23ce0], sa_mask[0]=11111111011111111101111111111110, sa_flags=SA_RESTART|SA_SIGINFO
SIGTERM: [libjvm.so+0xb23ce0], sa_mask[0]=11111111011111111101111111111110, sa_flags=SA_RESTART|SA_SIGINFO
SIGQUIT: [libjvm.so+0xb23ce0], sa_mask[0]=11111111011111111101111111111110, sa_flags=SA_RESTART|SA_SIGINFO


---------------  S Y S T E M  ---------------

OS:DISTRIB_ID=Ubuntu
DISTRIB_RELEASE=19.04
DISTRIB_CODENAME=disco
DISTRIB_DESCRIPTION="Ubuntu 19.04"
uname:Linux 5.0.0-32-generic #34-Ubuntu SMP Wed Oct 2 02:06:48 UTC 2019 x86_64
libc:glibc 2.29 NPTL 2.29 
rlimit: STACK 8192k, CORE 0k, NPROC 31283, NOFILE 524288, AS infinity, DATA infinity, FSIZE infinity
load average:0.89 0.92 0.98

/proc/meminfo:
MemTotal:        8057228 kB
MemFree:         1509500 kB
MemAvailable:    3421932 kB
Buffers:          143208 kB
Cached:          2051120 kB
SwapCached:            0 kB
Active:          4707372 kB
Inactive:        1431048 kB
Active(anon):    3872024 kB
Inactive(anon):   204652 kB
Active(file):     835348 kB
Inactive(file):  1226396 kB
Unevictable:        3452 kB
Mlocked:              16 kB
SwapTotal:       2097148 kB
SwapFree:        2097148 kB
Dirty:              1932 kB
Writeback:             0 kB
AnonPages:       3947636 kB
Mapped:           702632 kB
Shmem:            209992 kB
KReclaimable:     141944 kB
Slab:             242788 kB
SReclaimable:     141944 kB
SUnreclaim:       100844 kB
KernelStack:       16912 kB
PageTables:        37240 kB
NFS_Unstable:          0 kB
Bounce:                0 kB
WritebackTmp:          0 kB
CommitLimit:     6125760 kB
Committed_AS:   12643424 kB
VmallocTotal:   34359738367 kB
VmallocUsed:           0 kB
VmallocChunk:          0 kB
Percpu:             2192 kB
HardwareCorrupted:     0 kB
AnonHugePages:         0 kB
ShmemHugePages:        0 kB
ShmemPmdMapped:        0 kB
CmaTotal:              0 kB
CmaFree:               0 kB
HugePages_Total:       0
HugePages_Free:        0
HugePages_Rsvd:        0
HugePages_Surp:        0
Hugepagesize:       2048 kB
Hugetlb:               0 kB
DirectMap4k:      244272 kB
DirectMap2M:     5939200 kB
DirectMap1G:     2097152 kB


/proc/sys/kernel/threads-max (system-wide limit on the number of threads):
62566


/proc/sys/vm/max_map_count (maximum number of memory map areas a process may have):
65530


/proc/sys/kernel/pid_max (system-wide limit on number of process identifiers):
32768



container (cgroup) information:
container_type: cgroupv1
cpu_cpuset_cpus: 0-3
cpu_memory_nodes: 0
active_processor_count: 4
cpu_quota: -1
cpu_period: 100000
cpu_shares: -1
memory_limit_in_bytes: -1
memory_and_swap_limit_in_bytes: -2
memory_soft_limit_in_bytes: -1
memory_usage_in_bytes: 1177702400
memory_max_usage_in_bytes: 1178083328

Steal ticks since vm start: 0
Steal ticks percentage since vm start:  0.000

CPU:total 4 (initial active 4) (4 cores per cpu, 1 threads per core) family 6 model 60 stepping 3, cmov, cx8, fxsr, mmx, sse, sse2, sse3, ssse3, sse4.1, sse4.2, popcnt, avx, avx2, aes, clmul, erms, lzcnt, tsc, tscinvbit, bmi1, bmi2, fma
CPU Model and flags from /proc/cpuinfo:
model name	: Intel(R) Core(TM) i5-4690 CPU @ 3.50GHz
flags		: fpu vme de pse tsc msr pae mce cx8 apic sep mtrr pge mca cmov pat pse36 clflush dts acpi mmx fxsr sse sse2 ss ht tm pbe syscall nx pdpe1gb rdtscp lm constant_tsc arch_perfmon pebs bts rep_good nopl xtopology nonstop_tsc cpuid aperfmperf pni pclmulqdq dtes64 monitor ds_cpl vmx smx est tm2 ssse3 sdbg fma cx16 xtpr pdcm pcid sse4_1 sse4_2 x2apic movbe popcnt tsc_deadline_timer aes xsave avx f16c rdrand lahf_lm abm cpuid_fault invpcid_single pti ssbd ibrs ibpb stibp tpr_shadow vnmi flexpriority ept vpid ept_ad fsgsbase tsc_adjust bmi1 avx2 smep bmi2 erms invpcid xsaveopt dtherm ida arat pln pts md_clear flush_l1d

Memory: 4k page, physical 8057228k(1509500k free), swap 2097148k(2097148k free)

vm_info: OpenJDK 64-Bit Server VM (11.0.4+11-post-Ubuntu-1ubuntu219.04) for linux-amd64 JRE (11.0.4+11-post-Ubuntu-1ubuntu219.04), built on Jul 18 2019 18:21:46 by "buildd" with gcc 8.3.0

END.
