#
# A fatal error has been detected by the Java Runtime Environment:
#
#  SIGSEGV (0xb) at pc=0x00007f481a3ceab5, pid=13012, tid=13037
#
# JRE version: OpenJDK Runtime Environment (11.0.4+11) (build 11.0.4+11-post-Ubuntu-1ubuntu219.04)
# Java VM: OpenJDK 64-Bit Server VM (11.0.4+11-post-Ubuntu-1ubuntu219.04, mixed mode, sharing, tiered, compressed oops, g1 gc, linux-amd64)
# Problematic frame:
# V  [libjvm.so+0x866ab5]
#
# Core dump will be written. Default location: Core dumps may be processed with "/usr/share/apport/apport %p %s %c %d %P" (or dumping to /home/kramer/Downloads/RobotArena-master/RobotAreana/start/core.13012)
#
# If you would like to submit a bug report, please visit:
#   https://bugs.launchpad.net/ubuntu/+source/openjdk-lts
#

---------------  S U M M A R Y ------------

Command Line: -Dfile.encoding=UTF-8 -Duser.country=AU -Duser.language=en -Duser.variant ExampleSwingApp

Host: Intel(R) Core(TM) i5-4690 CPU @ 3.50GHz, 4 cores, 7G, Ubuntu 19.04
Time: Mon Oct 28 19:57:01 2019 AWST elapsed time: 1 seconds (0d 0h 0m 1s)

---------------  T H R E A D  ---------------

Current thread (0x00007f48144c4800):  JavaThread "Thomas" [_thread_in_vm, id=13037, stack(0x00007f47b8ed4000,0x00007f47b8fd5000)]

Stack: [0x00007f47b8ed4000,0x00007f47b8fd5000],  sp=0x00007f47b8fd36f0,  free space=1021k
Native frames: (J=compiled Java code, A=aot compiled Java code, j=interpreted, Vv=VM code, C=native code)
V  [libjvm.so+0x866ab5]
V  [libjvm.so+0x866e6e]
C  [libmynativelibrary.so+0x1285]  Java_CRobot_startCPP+0x180
j  CRobot.startCPP(LRobotControl;)V+0
j  CRobot$1.run()V+8
j  java.lang.Thread.run()V+11 java.base@11.0.4
v  ~StubRoutines::call_stub
V  [libjvm.so+0x7f40b1]
V  [libjvm.so+0x7f2550]
V  [libjvm.so+0x7f260b]
V  [libjvm.so+0x88e63c]
V  [libjvm.so+0xcc0060]
V  [libjvm.so+0xcc0350]
V  [libjvm.so+0xcbbee4]
V  [libjvm.so+0xb2cbee]

Java frames: (J=compiled Java code, j=interpreted, Vv=VM code)
j  CRobot.startCPP(LRobotControl;)V+0
j  CRobot$1.run()V+8
j  java.lang.Thread.run()V+11 java.base@11.0.4
v  ~StubRoutines::call_stub

siginfo: si_signo: 11 (SIGSEGV), si_code: 128 (SI_KERNEL), si_addr: 0x0000000000000000

Register to memory mapping:

RAX=0x8beda0480003588c is an unknown value
RBX=0x00000008004bc768 is pointing into metadata
RCX=0x0000000000009b68 is an unknown value
RDX=0x0000000800a4c414 is pointing into metadata
RSP=0x00007f47b8fd36f0 is pointing into the stack for thread: 0x00007f48144c4800
RBP=0x00007f47b8fd3750 is pointing into the stack for thread: 0x00007f48144c4800
RSI=0x00007f48144c4800 is a thread
RDI=0x000000008bed9fd8 points into unknown readable memory: 05 00 00 00 00 00 00 00
R8 =0x00000008004bc768 is pointing into metadata
R9 =0x8beda0480003588c is an unknown value
R10=0x0000000800a4c41c is pointing into metadata
R11=0x0000000800000000 is pointing into metadata
R12=0x00000008004c0908 is pointing into metadata
R13=0x00007f47fc005067: <offset 0x0000000000002067> in /home/kramer/Downloads/RobotArena-master/RobotAreana/AIBasic/build/libs/mynativelibrary/shared/libmynativelibrary.so at 0x00007f47fc003000
R14=0x00007f48144c4800 is a thread
R15=0x00007f4790000cd8 points into unknown readable memory: d8 9f ed 8b 00 00 00 00


Registers:
RAX=0x8beda0480003588c, RBX=0x00000008004bc768, RCX=0x0000000000009b68, RDX=0x0000000800a4c414
RSP=0x00007f47b8fd36f0, RBP=0x00007f47b8fd3750, RSI=0x00007f48144c4800, RDI=0x000000008bed9fd8
R8 =0x00000008004bc768, R9 =0x8beda0480003588c, R10=0x0000000800a4c41c, R11=0x0000000800000000
R12=0x00000008004c0908, R13=0x00007f47fc005067, R14=0x00007f48144c4800, R15=0x00007f4790000cd8
RIP=0x00007f481a3ceab5, EFLAGS=0x0000000000010246, CSGSFS=0x002b000000000033, ERR=0x0000000000000000
  TRAPNO=0x000000000000000d

Top of Stack: (sp=0x00007f47b8fd36f0)
0x00007f47b8fd36f0:   00007f47edc11a00 00007f47b8fd3770
0x00007f47b8fd3700:   00007f4700000000 00007f47b8fd3710
0x00007f47b8fd3710:   00007f4700009b68 00007f48144c4800
0x00007f47b8fd3720:   00007f47b8fd3750 00007f48144c4800 

Instructions: (pc=0x00007f481a3ceab5)
0x00007f481a3ce9b5:   00 00 00 48 89 45 a0 4c 89 7d c8 e8 eb d0 ff ff
0x00007f481a3ce9c5:   48 83 7d 88 00 74 09 48 8d 7d 80 e8 7b ea 31 00
0x00007f481a3ce9d5:   48 8b bb f0 00 00 00 e8 1f c0 00 00 48 8d bd 68
0x00007f481a3ce9e5:   ff ff ff e8 03 c1 00 00 48 81 c4 88 00 00 00 5b
0x00007f481a3ce9f5:   41 5c 41 5d 41 5e 41 5f 5d c3 90 48 89 df 31 db
0x00007f481a3cea05:   e8 a6 08 45 00 e9 1c ff ff ff 90 55 48 89 e5 41
0x00007f481a3cea15:   57 49 89 ff 41 56 4d 89 c6 41 55 49 89 f5 41 54
0x00007f481a3cea25:   49 89 f4 53 48 89 d3 48 83 ec 38 89 4d b0 48 85
0x00007f481a3cea35:   f6 0f 84 6c 02 00 00 4c 89 e7 e8 dc 89 a0 ff 48
0x00007f481a3cea45:   8d 4d c0 4c 89 e7 48 89 ca 89 c6 48 89 4d b8 e8
0x00007f481a3cea55:   a7 56 41 00 48 89 df 49 89 c4 e8 bc 89 a0 ff 48
0x00007f481a3cea65:   8b 55 b8 48 89 df 89 c6 e8 8e 56 41 00 48 89 c3
0x00007f481a3cea75:   48 85 c0 0f 84 b2 01 00 00 4d 85 e4 0f 84 a9 01
0x00007f481a3cea85:   00 00 4c 89 ff e8 d1 c1 00 00 48 89 c7 e8 f9 0e
0x00007f481a3cea95:   f9 ff 84 c0 0f 85 01 01 00 00 4c 89 ff e8 b9 c1
0x00007f481a3ceaa5:   00 00 48 89 c7 e8 c1 0b f9 ff 4c 89 f6 49 89 c1
0x00007f481a3ceab5:   48 8b 00 4c 89 cf 4c 89 4d a8 ff 90 b0 00 00 00
0x00007f481a3ceac5:   4d 8b 7e 08 4d 85 ff 0f 85 f3 00 00 00 48 8d 05
0x00007f481a3cead5:   67 64 8a 00 4c 8b 4d a8 4c 3b a0 b0 0a 00 00 0f
0x00007f481a3ceae5:   84 7e 01 00 00 4c 3b a0 b8 0a 00 00 0f 84 71 01
0x00007f481a3ceaf5:   00 00 49 8b 01 45 31 c0 31 c9 48 89 da 4c 89 cf
0x00007f481a3ceb05:   4c 89 e6 ff 90 c0 00 00 00 4c 8b 4d a8 48 85 c0
0x00007f481a3ceb15:   48 89 c2 0f 84 da 00 00 00 8b 42 20 c1 e8 03 83
0x00007f481a3ceb25:   e0 01 3a 45 b0 0f 85 d8 00 00 00 48 8b 42 08 48
0x00007f481a3ceb35:   89 55 b0 48 8b 40 08 4c 8b 68 18 48 89 55 c0 66
0x00007f481a3ceb45:   48 8d 3d 74 f4 81 00 66 66 48 e8 ac 89 a0 ff 48
0x00007f481a3ceb55:   8b 55 b0 48 8b 00 48 89 45 c8 4c 8b b0 80 02 00
0x00007f481a3ceb65:   00 49 63 36 41 3b 76 04 0f 84 6d 01 00 00 8d 46
0x00007f481a3ceb75:   01 4c 89 ef 41 89 06 49 8b 46 18 4c 8b 75 b8 48
0x00007f481a3ceb85:   89 14 f0 4c 89 f6 e8 d0 63 f6 ff 4c 89 f7 49 89
0x00007f481a3ceb95:   c7 e8 f5 98 f2 ff eb 2b 0f 1f 00 48 8d 05 99 63
0x00007f481a3ceba5:   8a 00 4d 89 e8 ba 3b 05 00 00 4c 89 f7 48 8d 35 


Stack slot to memory mapping:
stack at sp + 0 slots: {method} {0x00007f47edc11a00} 'getAllRobots' '()Ljava/util/List;' in 'RobotControl'
stack at sp + 1 slots: 0x00007f47b8fd3770 is pointing into the stack for thread: 0x00007f48144c4800
stack at sp + 2 slots: 0x00007f4700000000 is an unknown value
stack at sp + 3 slots: 0x00007f47b8fd3710 is pointing into the stack for thread: 0x00007f48144c4800
stack at sp + 4 slots: 0x00007f4700009b68 is an unknown value
stack at sp + 5 slots: 0x00007f48144c4800 is a thread
stack at sp + 6 slots: 0x00007f47b8fd3750 is pointing into the stack for thread: 0x00007f48144c4800
stack at sp + 7 slots: 0x00007f48144c4800 is a thread


---------------  P R O C E S S  ---------------

Threads class SMR info:
_java_thread_list=0x00007f48144c9960, length=16, elements={
0x00007f4814011800, 0x00007f4814107000, 0x00007f4814109000, 0x00007f481410e800,
0x00007f4814110800, 0x00007f4814112800, 0x00007f4814114800, 0x00007f4814144800,
0x00007f481414c800, 0x00007f481430a000, 0x00007f481430c000, 0x00007f47c42e8000,
0x00007f48144bd000, 0x00007f48144c4800, 0x00007f48144c7000, 0x00007f48144c8000
}

Java Threads: ( => current thread )
  0x00007f4814011800 JavaThread "main" [_thread_blocked, id=13014, stack(0x00007f481971d000,0x00007f481981e000)]
  0x00007f4814107000 JavaThread "Reference Handler" daemon [_thread_blocked, id=13021, stack(0x00007f47fc1cb000,0x00007f47fc2cc000)]
  0x00007f4814109000 JavaThread "Finalizer" daemon [_thread_blocked, id=13022, stack(0x00007f47fc0ca000,0x00007f47fc1cb000)]
  0x00007f481410e800 JavaThread "Signal Dispatcher" daemon [_thread_blocked, id=13023, stack(0x00007f47f417f000,0x00007f47f4280000)]
  0x00007f4814110800 JavaThread "C2 CompilerThread0" daemon [_thread_blocked, id=13024, stack(0x00007f47f407e000,0x00007f47f417f000)]
  0x00007f4814112800 JavaThread "C1 CompilerThread0" daemon [_thread_blocked, id=13025, stack(0x00007f47ec924000,0x00007f47eca25000)]
  0x00007f4814114800 JavaThread "Sweeper thread" daemon [_thread_blocked, id=13026, stack(0x00007f47ec823000,0x00007f47ec924000)]
  0x00007f4814144800 JavaThread "Service Thread" daemon [_thread_blocked, id=13027, stack(0x00007f47ec722000,0x00007f47ec823000)]
  0x00007f481414c800 JavaThread "Common-Cleaner" daemon [_thread_blocked, id=13029, stack(0x00007f47ec51f000,0x00007f47ec620000)]
  0x00007f481430a000 JavaThread "Java2D Disposer" daemon [_thread_blocked, id=13033, stack(0x00007f47b92d8000,0x00007f47b93d9000)]
  0x00007f481430c000 JavaThread "AWT-XAWT" daemon [_thread_in_native, id=13034, stack(0x00007f47b91d7000,0x00007f47b92d8000)]
  0x00007f47c42e8000 JavaThread "C2 CompilerThread1" daemon [_thread_blocked, id=13035, stack(0x00007f47b90d6000,0x00007f47b91d7000)]
  0x00007f48144bd000 JavaThread "Image Fetcher 0" daemon [_thread_blocked, id=13036, stack(0x00007f47b8fd5000,0x00007f47b90d6000)]
=>0x00007f48144c4800 JavaThread "Thomas" [_thread_in_vm, id=13037, stack(0x00007f47b8ed4000,0x00007f47b8fd5000)]
  0x00007f48144c7000 JavaThread "Thomas" [_thread_blocked, id=13038, stack(0x00007f47b8dd3000,0x00007f47b8ed4000)]
  0x00007f48144c8000 JavaThread "Thomas" [_thread_blocked, id=13039, stack(0x00007f47b8cd2000,0x00007f47b8dd3000)]

Other Threads:
  0x00007f4814104000 VMThread "VM Thread" [stack: 0x00007f47fc2ce000,0x00007f47fc3ce000] [id=13020]
  0x00007f4814146800 WatcherThread [stack: 0x00007f47ec622000,0x00007f47ec722000] [id=13028]
  0x00007f4814027000 GCTaskThread "GC Thread#0" [stack: 0x00007f48193d1000,0x00007f48194d1000] [id=13015]
  0x00007f4814058000 ConcurrentGCThread "G1 Main Marker" [stack: 0x00007f4818301000,0x00007f4818401000] [id=13016]
  0x00007f481405a000 ConcurrentGCThread "G1 Conc#0" [stack: 0x00007f48181ff000,0x00007f48182ff000] [id=13017]
  0x00007f48140d2000 ConcurrentGCThread "G1 Refine#0" [stack: 0x00007f47fc553000,0x00007f47fc653000] [id=13018]
  0x00007f48140d3800 ConcurrentGCThread "G1 Young RemSet Sampling" [stack: 0x00007f47fc451000,0x00007f47fc551000] [id=13019]

Threads with active compile tasks:

VM state:synchronizing (normal execution)

VM Mutex/Monitor currently owned by a thread:  ([mutex/lock_event])
[0x00007f481400e360] Threads_lock - owner thread: 0x00007f4814104000
[0x00007f481400eab0] Heap_lock - owner thread: 0x00007f48144c7000

Heap address: 0x0000000085000000, size: 1968 MB, Compressed Oops mode: 32-bit
Narrow klass base: 0x0000000800000000, Narrow klass shift: 3
Compressed class space size: 1073741824 Address: 0x0000000840000000

Heap:
 garbage-first heap   total 129024K, used 23160K [0x0000000085000000, 0x0000000100000000)
  region size 1024K, 14 young (14336K), 0 survivors (0K)
 Metaspace       used 5262K, capacity 5658K, committed 5888K, reserved 1056768K
  class space    used 583K, capacity 767K, committed 768K, reserved 1048576K
Heap Regions: E=young(eden), S=young(survivor), O=old, HS=humongous(starts), HC=humongous(continues), CS=collection set, F=free, A=archive, TAMS=top-at-mark-start (previous, next)
|   0|0x0000000085000000, 0x0000000085100000, 0x0000000085100000|100%|HS|  |TAMS 0x0000000085000000, 0x0000000085000000| Complete 
|   1|0x0000000085100000, 0x0000000085200000, 0x0000000085200000|100%|HC|  |TAMS 0x0000000085100000, 0x0000000085100000| Complete 
|   2|0x0000000085200000, 0x0000000085300000, 0x0000000085300000|100%|HC|  |TAMS 0x0000000085200000, 0x0000000085200000| Complete 
|   3|0x0000000085300000, 0x0000000085400000, 0x0000000085400000|100%|HC|  |TAMS 0x0000000085300000, 0x0000000085300000| Complete 
|   4|0x0000000085400000, 0x0000000085500000, 0x0000000085500000|100%|HC|  |TAMS 0x0000000085400000, 0x0000000085400000| Complete 
|   5|0x0000000085500000, 0x0000000085600000, 0x0000000085600000|100%|HC|  |TAMS 0x0000000085500000, 0x0000000085500000| Complete 
|   6|0x0000000085600000, 0x0000000085700000, 0x0000000085700000|100%|HC|  |TAMS 0x0000000085600000, 0x0000000085600000| Complete 
|   7|0x0000000085700000, 0x0000000085800000, 0x0000000085800000|100%|HC|  |TAMS 0x0000000085700000, 0x0000000085700000| Complete 
|   8|0x0000000085800000, 0x0000000085800000, 0x0000000085900000|  0%| F|  |TAMS 0x0000000085800000, 0x0000000085800000| Untracked 
|   9|0x0000000085900000, 0x0000000085900000, 0x0000000085a00000|  0%| F|  |TAMS 0x0000000085900000, 0x0000000085900000| Untracked 
|  10|0x0000000085a00000, 0x0000000085a00000, 0x0000000085b00000|  0%| F|  |TAMS 0x0000000085a00000, 0x0000000085a00000| Untracked 
|  11|0x0000000085b00000, 0x0000000085b00000, 0x0000000085c00000|  0%| F|  |TAMS 0x0000000085b00000, 0x0000000085b00000| Untracked 
|  12|0x0000000085c00000, 0x0000000085c00000, 0x0000000085d00000|  0%| F|  |TAMS 0x0000000085c00000, 0x0000000085c00000| Untracked 
|  13|0x0000000085d00000, 0x0000000085d00000, 0x0000000085e00000|  0%| F|  |TAMS 0x0000000085d00000, 0x0000000085d00000| Untracked 
|  14|0x0000000085e00000, 0x0000000085e00000, 0x0000000085f00000|  0%| F|  |TAMS 0x0000000085e00000, 0x0000000085e00000| Untracked 
|  15|0x0000000085f00000, 0x0000000085f00000, 0x0000000086000000|  0%| F|  |TAMS 0x0000000085f00000, 0x0000000085f00000| Untracked 
|  16|0x0000000086000000, 0x0000000086000000, 0x0000000086100000|  0%| F|  |TAMS 0x0000000086000000, 0x0000000086000000| Untracked 
|  17|0x0000000086100000, 0x0000000086100000, 0x0000000086200000|  0%| F|  |TAMS 0x0000000086100000, 0x0000000086100000| Untracked 
|  18|0x0000000086200000, 0x0000000086200000, 0x0000000086300000|  0%| F|  |TAMS 0x0000000086200000, 0x0000000086200000| Untracked 
|  19|0x0000000086300000, 0x0000000086300000, 0x0000000086400000|  0%| F|  |TAMS 0x0000000086300000, 0x0000000086300000| Untracked 
|  20|0x0000000086400000, 0x0000000086400000, 0x0000000086500000|  0%| F|  |TAMS 0x0000000086400000, 0x0000000086400000| Untracked 
|  21|0x0000000086500000, 0x0000000086500000, 0x0000000086600000|  0%| F|  |TAMS 0x0000000086500000, 0x0000000086500000| Untracked 
|  22|0x0000000086600000, 0x0000000086600000, 0x0000000086700000|  0%| F|  |TAMS 0x0000000086600000, 0x0000000086600000| Untracked 
|  23|0x0000000086700000, 0x0000000086700000, 0x0000000086800000|  0%| F|  |TAMS 0x0000000086700000, 0x0000000086700000| Untracked 
|  24|0x0000000086800000, 0x0000000086800000, 0x0000000086900000|  0%| F|  |TAMS 0x0000000086800000, 0x0000000086800000| Untracked 
|  25|0x0000000086900000, 0x0000000086900000, 0x0000000086a00000|  0%| F|  |TAMS 0x0000000086900000, 0x0000000086900000| Untracked 
|  26|0x0000000086a00000, 0x0000000086a00000, 0x0000000086b00000|  0%| F|  |TAMS 0x0000000086a00000, 0x0000000086a00000| Untracked 
|  27|0x0000000086b00000, 0x0000000086b00000, 0x0000000086c00000|  0%| F|  |TAMS 0x0000000086b00000, 0x0000000086b00000| Untracked 
|  28|0x0000000086c00000, 0x0000000086c00000, 0x0000000086d00000|  0%| F|  |TAMS 0x0000000086c00000, 0x0000000086c00000| Untracked 
|  29|0x0000000086d00000, 0x0000000086d00000, 0x0000000086e00000|  0%| F|  |TAMS 0x0000000086d00000, 0x0000000086d00000| Untracked 
|  30|0x0000000086e00000, 0x0000000086e00000, 0x0000000086f00000|  0%| F|  |TAMS 0x0000000086e00000, 0x0000000086e00000| Untracked 
|  31|0x0000000086f00000, 0x0000000086f00000, 0x0000000087000000|  0%| F|  |TAMS 0x0000000086f00000, 0x0000000086f00000| Untracked 
|  32|0x0000000087000000, 0x0000000087000000, 0x0000000087100000|  0%| F|  |TAMS 0x0000000087000000, 0x0000000087000000| Untracked 
|  33|0x0000000087100000, 0x0000000087100000, 0x0000000087200000|  0%| F|  |TAMS 0x0000000087100000, 0x0000000087100000| Untracked 
|  34|0x0000000087200000, 0x0000000087200000, 0x0000000087300000|  0%| F|  |TAMS 0x0000000087200000, 0x0000000087200000| Untracked 
|  35|0x0000000087300000, 0x0000000087300000, 0x0000000087400000|  0%| F|  |TAMS 0x0000000087300000, 0x0000000087300000| Untracked 
|  36|0x0000000087400000, 0x0000000087400000, 0x0000000087500000|  0%| F|  |TAMS 0x0000000087400000, 0x0000000087400000| Untracked 
|  37|0x0000000087500000, 0x0000000087500000, 0x0000000087600000|  0%| F|  |TAMS 0x0000000087500000, 0x0000000087500000| Untracked 
|  38|0x0000000087600000, 0x0000000087600000, 0x0000000087700000|  0%| F|  |TAMS 0x0000000087600000, 0x0000000087600000| Untracked 
|  39|0x0000000087700000, 0x0000000087700000, 0x0000000087800000|  0%| F|  |TAMS 0x0000000087700000, 0x0000000087700000| Untracked 
|  40|0x0000000087800000, 0x0000000087800000, 0x0000000087900000|  0%| F|  |TAMS 0x0000000087800000, 0x0000000087800000| Untracked 
|  41|0x0000000087900000, 0x0000000087900000, 0x0000000087a00000|  0%| F|  |TAMS 0x0000000087900000, 0x0000000087900000| Untracked 
|  42|0x0000000087a00000, 0x0000000087a00000, 0x0000000087b00000|  0%| F|  |TAMS 0x0000000087a00000, 0x0000000087a00000| Untracked 
|  43|0x0000000087b00000, 0x0000000087b00000, 0x0000000087c00000|  0%| F|  |TAMS 0x0000000087b00000, 0x0000000087b00000| Untracked 
|  44|0x0000000087c00000, 0x0000000087c00000, 0x0000000087d00000|  0%| F|  |TAMS 0x0000000087c00000, 0x0000000087c00000| Untracked 
|  45|0x0000000087d00000, 0x0000000087d00000, 0x0000000087e00000|  0%| F|  |TAMS 0x0000000087d00000, 0x0000000087d00000| Untracked 
|  46|0x0000000087e00000, 0x0000000087e00000, 0x0000000087f00000|  0%| F|  |TAMS 0x0000000087e00000, 0x0000000087e00000| Untracked 
|  47|0x0000000087f00000, 0x0000000087f00000, 0x0000000088000000|  0%| F|  |TAMS 0x0000000087f00000, 0x0000000087f00000| Untracked 
|  48|0x0000000088000000, 0x0000000088000000, 0x0000000088100000|  0%| F|  |TAMS 0x0000000088000000, 0x0000000088000000| Untracked 
|  49|0x0000000088100000, 0x0000000088100000, 0x0000000088200000|  0%| F|  |TAMS 0x0000000088100000, 0x0000000088100000| Untracked 
|  50|0x0000000088200000, 0x0000000088200000, 0x0000000088300000|  0%| F|  |TAMS 0x0000000088200000, 0x0000000088200000| Untracked 
|  51|0x0000000088300000, 0x0000000088300000, 0x0000000088400000|  0%| F|  |TAMS 0x0000000088300000, 0x0000000088300000| Untracked 
|  52|0x0000000088400000, 0x0000000088400000, 0x0000000088500000|  0%| F|  |TAMS 0x0000000088400000, 0x0000000088400000| Untracked 
|  53|0x0000000088500000, 0x0000000088500000, 0x0000000088600000|  0%| F|  |TAMS 0x0000000088500000, 0x0000000088500000| Untracked 
|  54|0x0000000088600000, 0x0000000088600000, 0x0000000088700000|  0%| F|  |TAMS 0x0000000088600000, 0x0000000088600000| Untracked 
|  55|0x0000000088700000, 0x0000000088700000, 0x0000000088800000|  0%| F|  |TAMS 0x0000000088700000, 0x0000000088700000| Untracked 
|  56|0x0000000088800000, 0x0000000088800000, 0x0000000088900000|  0%| F|  |TAMS 0x0000000088800000, 0x0000000088800000| Untracked 
|  57|0x0000000088900000, 0x0000000088900000, 0x0000000088a00000|  0%| F|  |TAMS 0x0000000088900000, 0x0000000088900000| Untracked 
|  58|0x0000000088a00000, 0x0000000088a00000, 0x0000000088b00000|  0%| F|  |TAMS 0x0000000088a00000, 0x0000000088a00000| Untracked 
|  59|0x0000000088b00000, 0x0000000088b00000, 0x0000000088c00000|  0%| F|  |TAMS 0x0000000088b00000, 0x0000000088b00000| Untracked 
|  60|0x0000000088c00000, 0x0000000088c00000, 0x0000000088d00000|  0%| F|  |TAMS 0x0000000088c00000, 0x0000000088c00000| Untracked 
|  61|0x0000000088d00000, 0x0000000088d00000, 0x0000000088e00000|  0%| F|  |TAMS 0x0000000088d00000, 0x0000000088d00000| Untracked 
|  62|0x0000000088e00000, 0x0000000088e00000, 0x0000000088f00000|  0%| F|  |TAMS 0x0000000088e00000, 0x0000000088e00000| Untracked 
|  63|0x0000000088f00000, 0x0000000088f00000, 0x0000000089000000|  0%| F|  |TAMS 0x0000000088f00000, 0x0000000088f00000| Untracked 
|  64|0x0000000089000000, 0x0000000089000000, 0x0000000089100000|  0%| F|  |TAMS 0x0000000089000000, 0x0000000089000000| Untracked 
|  65|0x0000000089100000, 0x0000000089100000, 0x0000000089200000|  0%| F|  |TAMS 0x0000000089100000, 0x0000000089100000| Untracked 
|  66|0x0000000089200000, 0x0000000089200000, 0x0000000089300000|  0%| F|  |TAMS 0x0000000089200000, 0x0000000089200000| Untracked 
|  67|0x0000000089300000, 0x0000000089300000, 0x0000000089400000|  0%| F|  |TAMS 0x0000000089300000, 0x0000000089300000| Untracked 
|  68|0x0000000089400000, 0x0000000089400000, 0x0000000089500000|  0%| F|  |TAMS 0x0000000089400000, 0x0000000089400000| Untracked 
|  69|0x0000000089500000, 0x0000000089500000, 0x0000000089600000|  0%| F|  |TAMS 0x0000000089500000, 0x0000000089500000| Untracked 
|  70|0x0000000089600000, 0x0000000089600000, 0x0000000089700000|  0%| F|  |TAMS 0x0000000089600000, 0x0000000089600000| Untracked 
|  71|0x0000000089700000, 0x0000000089700000, 0x0000000089800000|  0%| F|  |TAMS 0x0000000089700000, 0x0000000089700000| Untracked 
|  72|0x0000000089800000, 0x0000000089800000, 0x0000000089900000|  0%| F|  |TAMS 0x0000000089800000, 0x0000000089800000| Untracked 
|  73|0x0000000089900000, 0x0000000089900000, 0x0000000089a00000|  0%| F|  |TAMS 0x0000000089900000, 0x0000000089900000| Untracked 
|  74|0x0000000089a00000, 0x0000000089a00000, 0x0000000089b00000|  0%| F|  |TAMS 0x0000000089a00000, 0x0000000089a00000| Untracked 
|  75|0x0000000089b00000, 0x0000000089b00000, 0x0000000089c00000|  0%| F|  |TAMS 0x0000000089b00000, 0x0000000089b00000| Untracked 
|  76|0x0000000089c00000, 0x0000000089c00000, 0x0000000089d00000|  0%| F|  |TAMS 0x0000000089c00000, 0x0000000089c00000| Untracked 
|  77|0x0000000089d00000, 0x0000000089d00000, 0x0000000089e00000|  0%| F|  |TAMS 0x0000000089d00000, 0x0000000089d00000| Untracked 
|  78|0x0000000089e00000, 0x0000000089e00000, 0x0000000089f00000|  0%| F|  |TAMS 0x0000000089e00000, 0x0000000089e00000| Untracked 
|  79|0x0000000089f00000, 0x0000000089f00000, 0x000000008a000000|  0%| F|  |TAMS 0x0000000089f00000, 0x0000000089f00000| Untracked 
|  80|0x000000008a000000, 0x000000008a000000, 0x000000008a100000|  0%| F|  |TAMS 0x000000008a000000, 0x000000008a000000| Untracked 
|  81|0x000000008a100000, 0x000000008a100000, 0x000000008a200000|  0%| F|  |TAMS 0x000000008a100000, 0x000000008a100000| Untracked 
|  82|0x000000008a200000, 0x000000008a200000, 0x000000008a300000|  0%| F|  |TAMS 0x000000008a200000, 0x000000008a200000| Untracked 
|  83|0x000000008a300000, 0x000000008a300000, 0x000000008a400000|  0%| F|  |TAMS 0x000000008a300000, 0x000000008a300000| Untracked 
|  84|0x000000008a400000, 0x000000008a400000, 0x000000008a500000|  0%| F|  |TAMS 0x000000008a400000, 0x000000008a400000| Untracked 
|  85|0x000000008a500000, 0x000000008a500000, 0x000000008a600000|  0%| F|  |TAMS 0x000000008a500000, 0x000000008a500000| Untracked 
|  86|0x000000008a600000, 0x000000008a600000, 0x000000008a700000|  0%| F|  |TAMS 0x000000008a600000, 0x000000008a600000| Untracked 
|  87|0x000000008a700000, 0x000000008a700000, 0x000000008a800000|  0%| F|  |TAMS 0x000000008a700000, 0x000000008a700000| Untracked 
|  88|0x000000008a800000, 0x000000008a800000, 0x000000008a900000|  0%| F|  |TAMS 0x000000008a800000, 0x000000008a800000| Untracked 
|  89|0x000000008a900000, 0x000000008a900000, 0x000000008aa00000|  0%| F|  |TAMS 0x000000008a900000, 0x000000008a900000| Untracked 
|  90|0x000000008aa00000, 0x000000008aa00000, 0x000000008ab00000|  0%| F|  |TAMS 0x000000008aa00000, 0x000000008aa00000| Untracked 
|  91|0x000000008ab00000, 0x000000008ab00000, 0x000000008ac00000|  0%| F|  |TAMS 0x000000008ab00000, 0x000000008ab00000| Untracked 
|  92|0x000000008ac00000, 0x000000008ac00000, 0x000000008ad00000|  0%| F|  |TAMS 0x000000008ac00000, 0x000000008ac00000| Untracked 
|  93|0x000000008ad00000, 0x000000008ad00000, 0x000000008ae00000|  0%| F|  |TAMS 0x000000008ad00000, 0x000000008ad00000| Untracked 
|  94|0x000000008ae00000, 0x000000008ae00000, 0x000000008af00000|  0%| F|  |TAMS 0x000000008ae00000, 0x000000008ae00000| Untracked 
|  95|0x000000008af00000, 0x000000008af00000, 0x000000008b000000|  0%| F|  |TAMS 0x000000008af00000, 0x000000008af00000| Untracked 
|  96|0x000000008b000000, 0x000000008b000000, 0x000000008b100000|  0%| F|  |TAMS 0x000000008b000000, 0x000000008b000000| Untracked 
|  97|0x000000008b100000, 0x000000008b100000, 0x000000008b200000|  0%| F|  |TAMS 0x000000008b100000, 0x000000008b100000| Untracked 
|  98|0x000000008b200000, 0x000000008b200000, 0x000000008b300000|  0%| F|  |TAMS 0x000000008b200000, 0x000000008b200000| Untracked 
|  99|0x000000008b300000, 0x000000008b300000, 0x000000008b400000|  0%| F|  |TAMS 0x000000008b300000, 0x000000008b300000| Untracked 
| 100|0x000000008b400000, 0x000000008b400000, 0x000000008b500000|  0%| F|  |TAMS 0x000000008b400000, 0x000000008b400000| Untracked 
| 101|0x000000008b500000, 0x000000008b500000, 0x000000008b600000|  0%| F|  |TAMS 0x000000008b500000, 0x000000008b500000| Untracked 
| 102|0x000000008b600000, 0x000000008b600000, 0x000000008b700000|  0%| F|  |TAMS 0x000000008b600000, 0x000000008b600000| Untracked 
| 103|0x000000008b700000, 0x000000008b700000, 0x000000008b800000|  0%| F|  |TAMS 0x000000008b700000, 0x000000008b700000| Untracked 
| 104|0x000000008b800000, 0x000000008b800000, 0x000000008b900000|  0%| F|  |TAMS 0x000000008b800000, 0x000000008b800000| Untracked 
| 105|0x000000008b900000, 0x000000008b900000, 0x000000008ba00000|  0%| F|  |TAMS 0x000000008b900000, 0x000000008b900000| Untracked 
| 106|0x000000008ba00000, 0x000000008ba00000, 0x000000008bb00000|  0%| F|  |TAMS 0x000000008ba00000, 0x000000008ba00000| Untracked 
| 107|0x000000008bb00000, 0x000000008bb00000, 0x000000008bc00000|  0%| F|  |TAMS 0x000000008bb00000, 0x000000008bb00000| Untracked 
| 108|0x000000008bc00000, 0x000000008bc00000, 0x000000008bd00000|  0%| F|  |TAMS 0x000000008bc00000, 0x000000008bc00000| Untracked 
| 109|0x000000008bd00000, 0x000000008bd00000, 0x000000008be00000|  0%| F|  |TAMS 0x000000008bd00000, 0x000000008bd00000| Untracked 
| 110|0x000000008be00000, 0x000000008bf00000, 0x000000008bf00000|100%| E|CS|TAMS 0x000000008be00000, 0x000000008be00000| Complete 
| 111|0x000000008bf00000, 0x000000008c000000, 0x000000008c000000|100%| E|CS|TAMS 0x000000008bf00000, 0x000000008bf00000| Complete 
| 112|0x000000008c000000, 0x000000008c100000, 0x000000008c100000|100%| E|CS|TAMS 0x000000008c000000, 0x000000008c000000| Complete 
| 113|0x000000008c100000, 0x000000008c200000, 0x000000008c200000|100%| E|CS|TAMS 0x000000008c100000, 0x000000008c100000| Complete 
| 114|0x000000008c200000, 0x000000008c300000, 0x000000008c300000|100%| E|CS|TAMS 0x000000008c200000, 0x000000008c200000| Complete 
| 115|0x000000008c300000, 0x000000008c400000, 0x000000008c400000|100%| E|CS|TAMS 0x000000008c300000, 0x000000008c300000| Complete 
| 116|0x000000008c400000, 0x000000008c500000, 0x000000008c500000|100%| E|CS|TAMS 0x000000008c400000, 0x000000008c400000| Complete 
| 117|0x000000008c500000, 0x000000008c600000, 0x000000008c600000|100%| E|CS|TAMS 0x000000008c500000, 0x000000008c500000| Complete 
| 118|0x000000008c600000, 0x000000008c700000, 0x000000008c700000|100%| E|CS|TAMS 0x000000008c600000, 0x000000008c600000| Complete 
| 119|0x000000008c700000, 0x000000008c800000, 0x000000008c800000|100%| E|CS|TAMS 0x000000008c700000, 0x000000008c700000| Complete 
| 120|0x000000008c800000, 0x000000008c900000, 0x000000008c900000|100%| E|CS|TAMS 0x000000008c800000, 0x000000008c800000| Complete 
| 121|0x000000008c900000, 0x000000008ca00000, 0x000000008ca00000|100%| E|CS|TAMS 0x000000008c900000, 0x000000008c900000| Complete 
| 122|0x000000008ca00000, 0x000000008cb00000, 0x000000008cb00000|100%| E|CS|TAMS 0x000000008ca00000, 0x000000008ca00000| Complete 
| 123|0x000000008cb00000, 0x000000008cc00000, 0x000000008cc00000|100%| E|CS|TAMS 0x000000008cb00000, 0x000000008cb00000| Complete 
|1966|0x00000000ffe00000, 0x00000000ffe34000, 0x00000000fff00000| 20%|OA|  |TAMS 0x00000000ffe00000, 0x00000000ffe00000| Untracked 
|1967|0x00000000fff00000, 0x00000000fff6a000, 0x0000000100000000| 41%|CA|  |TAMS 0x00000000fff00000, 0x00000000fff00000| Untracked 

Card table byte_map: [0x00007f481881b000,0x00007f4818bf3000] _byte_map_base: 0x00007f48183f3000

Marking Bits (Prev, Next): (CMBitMap*) 0x00007f481404f5d8, (CMBitMap*) 0x00007f481404f610
 Prev Bits: [0x00007f47f6140000, 0x00007f47f8000000)
 Next Bits: [0x00007f47f4280000, 0x00007f47f6140000)

Polling page: 0x00007f48196e4000

Metaspace:

Usage:
  Non-class:      4.78 MB capacity,     4.57 MB ( 96%) used,   183.79 KB (  4%) free+waste,    28.56 KB ( <1%) overhead. 
      Class:    767.00 KB capacity,   583.45 KB ( 76%) used,   165.49 KB ( 22%) free+waste,    18.06 KB (  2%) overhead. 
       Both:      5.53 MB capacity,     5.14 MB ( 93%) used,   349.28 KB (  6%) free+waste,    46.62 KB ( <1%) overhead. 

Virtual space:
  Non-class space:        8.00 MB reserved,       5.00 MB ( 62%) committed 
      Class space:        1.00 GB reserved,     768.00 KB ( <1%) committed 
             Both:        1.01 GB reserved,       5.75 MB ( <1%) committed 

Chunk freelists:
   Non-Class:  37.00 KB
       Class:  1.00 KB
        Both:  38.00 KB

CodeHeap 'non-profiled nmethods': size=120032Kb used=241Kb max_used=241Kb free=119790Kb
 bounds [0x00007f480441e000, 0x00007f480468e000, 0x00007f480b956000]
CodeHeap 'profiled nmethods': size=120032Kb used=1150Kb max_used=1150Kb free=118881Kb
 bounds [0x00007f47fcee6000, 0x00007f47fd156000, 0x00007f480441e000]
CodeHeap 'non-nmethods': size=5696Kb used=1183Kb max_used=1209Kb free=4512Kb
 bounds [0x00007f47fc956000, 0x00007f47fcbc6000, 0x00007f47fcee6000]
 total_blobs=1312 nmethods=653 adapters=455
 compilation: enabled
              stopped_count=0, restarted_count=0
 full_count=0

Compilation events (10 events):
Event: 1.274 Thread 0x00007f4814112800  648       3       sun.awt.image.PNGFilterInputStream::read (89 bytes)
Event: 1.274 Thread 0x00007f4814112800 nmethod 648 0x00007f47fd004210 code [0x00007f47fd0043e0, 0x00007f47fd004778]
Event: 1.283 Thread 0x00007f47c42e8000 nmethod 616 0x00007f4804457d10 code [0x00007f4804457ec0, 0x00007f4804459a18]
Event: 1.289 Thread 0x00007f4814112800  649       3       java.lang.String::startsWith (7 bytes)
Event: 1.290 Thread 0x00007f4814112800 nmethod 649 0x00007f47fd004910 code [0x00007f47fd004ac0, 0x00007f47fd004c68]
Event: 1.290 Thread 0x00007f4814112800  650       1       java.net.URL::getHost (5 bytes)
Event: 1.290 Thread 0x00007f4814112800 nmethod 650 0x00007f4804459e90 code [0x00007f480445a040, 0x00007f480445a170]
Event: 1.292 Thread 0x00007f4814112800  652       3       java.lang.String::lastIndexOf (12 bytes)
Event: 1.292 Thread 0x00007f4814112800 nmethod 652 0x00007f47fd004d10 code [0x00007f47fd004f00, 0x00007f47fd005358]
Event: 1.292 Thread 0x00007f4814112800  651       3       java.lang.String::lastIndexOf (29 bytes)

GC Heap History (0 events):
No events

Deoptimization events (10 events):
Event: 1.283 Thread 0x00007f48144bd000 DEOPT PACKING pc=0x00007f47fcfde88d sp=0x00007f47b90d4660
Event: 1.283 Thread 0x00007f48144bd000 DEOPT UNPACKING pc=0x00007f47fc97e83a sp=0x00007f47b90d3af0 mode 0
Event: 1.283 Thread 0x00007f48144bd000 DEOPT PACKING pc=0x00007f47fcfde88d sp=0x00007f47b90d4660
Event: 1.283 Thread 0x00007f48144bd000 DEOPT UNPACKING pc=0x00007f47fc97e83a sp=0x00007f47b90d3af0 mode 0
Event: 1.283 Thread 0x00007f48144bd000 DEOPT PACKING pc=0x00007f47fcfde88d sp=0x00007f47b90d4660
Event: 1.283 Thread 0x00007f48144bd000 DEOPT UNPACKING pc=0x00007f47fc97e83a sp=0x00007f47b90d3af0 mode 0
Event: 1.287 Thread 0x00007f48144bd000 Uncommon trap: trap_request=0xffffff4d fr.pc=0x00007f4804454a9c relative=0x000000000000103c
Event: 1.287 Thread 0x00007f48144bd000 Uncommon trap: reason=unstable_if action=reinterpret pc=0x00007f4804454a9c method=sun.awt.image.PNGImageDecoder.produceImage()V @ 867 c2
Event: 1.287 Thread 0x00007f48144bd000 DEOPT PACKING pc=0x00007f4804454a9c sp=0x00007f47b90d46e0
Event: 1.287 Thread 0x00007f48144bd000 DEOPT UNPACKING pc=0x00007f47fc97ea25 sp=0x00007f47b90d4650 mode 2

Classes redefined (0 events):
No events

Internal exceptions (10 events):
Event: 0.349 Thread 0x00007f4814011800 Exception <a 'java/lang/NoSuchMethodError'{0x000000008c879298}: 'java.lang.Object java.lang.invoke.DirectMethodHandle$Holder.invokeStatic(java.lang.Object, int, java.lang.Object, java.lang.Object, java.lang.Object)'> (0x000000008c879298) thrown at [/build
Event: 0.349 Thread 0x00007f4814011800 Exception <a 'java/lang/NoSuchMethodError'{0x000000008c87cde0}: 'java.lang.Object java.lang.invoke.DirectMethodHandle$Holder.invokeSpecial(java.lang.Object, java.lang.Object, int, java.lang.Object, java.lang.Object, java.lang.Object)'> (0x000000008c87cde0
Event: 0.352 Thread 0x00007f4814011800 Exception <a 'java/lang/NoSuchMethodError'{0x000000008c894900}: 'java.lang.Object java.lang.invoke.DirectMethodHandle$Holder.invokeStatic(java.lang.Object, int, java.lang.Object)'> (0x000000008c894900) thrown at [/build/openjdk-lts-ZT5jEu/openjdk-lts-11.0
Event: 1.116 Thread 0x00007f4814011800 Exception <a 'java/lang/NoSuchMethodError'{0x000000008c72db58}: 'java.lang.Object java.lang.invoke.DirectMethodHandle$Holder.invokeStatic(java.lang.Object, java.lang.Object, java.lang.Object, java.lang.Object, java.lang.Object, java.lang.Object, java.lang
Event: 1.120 Thread 0x00007f4814011800 Exception <a 'java/lang/NoSuchMethodError'{0x000000008c747ab8}: 'java.lang.Object java.lang.invoke.DirectMethodHandle$Holder.invokeStatic(java.lang.Object, java.lang.Object, java.lang.Object, java.lang.Object, java.lang.Object, java.lang.Object, java.lang
Event: 1.122 Thread 0x00007f4814011800 Exception <a 'java/lang/NoSuchMethodError'{0x000000008c753e80}: 'void java.lang.invoke.DirectMethodHandle$Holder.invokeSpecial(java.lang.Object, java.lang.Object)'> (0x000000008c753e80) thrown at [/build/openjdk-lts-ZT5jEu/openjdk-lts-11.0.4+11/src/hotspo
Event: 1.163 Thread 0x00007f4814011800 Exception <a 'java/lang/NoSuchMethodError'{0x000000008c6a2260}: 'java.lang.Object java.lang.invoke.Invokers$Holder.linkToTargetMethod(java.lang.Object, int, java.lang.Object)'> (0x000000008c6a2260) thrown at [/build/openjdk-lts-ZT5jEu/openjdk-lts-11.0.4+1
Event: 1.177 Thread 0x00007f4814011800 Exception <a 'java/lang/ClassNotFoundException'{0x000000008c6e4be8}: com/sun/swing/internal/plaf/metal/resources/spi/metalProvider> (0x000000008c6e4be8) thrown at [/build/openjdk-lts-ZT5jEu/openjdk-lts-11.0.4+11/src/hotspot/share/classfile/systemDictionar
Event: 1.178 Thread 0x00007f4814011800 Exception <a 'java/lang/ClassNotFoundException'{0x000000008c6e8af0}: com/sun/swing/internal/plaf/basic/resources/spi/basicProvider> (0x000000008c6e8af0) thrown at [/build/openjdk-lts-ZT5jEu/openjdk-lts-11.0.4+11/src/hotspot/share/classfile/systemDictionar
Event: 1.292 Thread 0x00007f48144c4800 Exception <a 'java/lang/NoSuchMethodError'{0x000000008beda020}: get> (0x000000008beda020) thrown at [/build/openjdk-lts-ZT5jEu/openjdk-lts-11.0.4+11/src/hotspot/share/prims/jni.cpp, line 1333]

Events (10 events):
Event: 1.291 loading class AI_Robot done
Event: 1.291 loading class AIGroup
Event: 1.291 loading class AIGroup done
Event: 1.291 loading class CRobot$1
Event: 1.291 loading class CRobot$1 done
Event: 1.292 Thread 0x00007f48144c4800 Thread added: 0x00007f48144c4800
Event: 1.292 loading class AI_Robot$1
Event: 1.292 loading class AI_Robot$1 done
Event: 1.292 Executing VM operation: RevokeBias
Event: 1.292 Executing VM operation: RevokeBias done


Dynamic libraries:
85000000-8cc00000 rw-p 00000000 00:00 0 
8cc00000-ffe00000 ---p 00000000 00:00 0 
ffe00000-ffe34000 rw-p 01116000 08:02 23990720                           /usr/lib/jvm/java-11-openjdk-amd64/lib/server/classes.jsa
ffe34000-fff00000 rw-p 00000000 00:00 0 
fff00000-fff6a000 rw-p 010ac000 08:02 23990720                           /usr/lib/jvm/java-11-openjdk-amd64/lib/server/classes.jsa
fff6a000-100000000 rw-p 00000000 00:00 0 
800000000-800002000 rwxp 00001000 08:02 23990720                         /usr/lib/jvm/java-11-openjdk-amd64/lib/server/classes.jsa
800002000-8003bd000 rw-p 00003000 08:02 23990720                         /usr/lib/jvm/java-11-openjdk-amd64/lib/server/classes.jsa
8003bd000-800a98000 r--p 003be000 08:02 23990720                         /usr/lib/jvm/java-11-openjdk-amd64/lib/server/classes.jsa
800a98000-800a99000 rw-p 00a99000 08:02 23990720                         /usr/lib/jvm/java-11-openjdk-amd64/lib/server/classes.jsa
800a99000-8010ab000 r--p 00a9a000 08:02 23990720                         /usr/lib/jvm/java-11-openjdk-amd64/lib/server/classes.jsa
840000000-8400c0000 rw-p 00000000 00:00 0 
8400c0000-880000000 ---p 00000000 00:00 0 
555901746000-555901747000 r--p 00000000 08:02 23597129                   /usr/lib/jvm/java-11-openjdk-amd64/bin/java
555901747000-555901748000 r-xp 00001000 08:02 23597129                   /usr/lib/jvm/java-11-openjdk-amd64/bin/java
555901748000-555901749000 r--p 00002000 08:02 23597129                   /usr/lib/jvm/java-11-openjdk-amd64/bin/java
555901749000-55590174a000 r--p 00002000 08:02 23597129                   /usr/lib/jvm/java-11-openjdk-amd64/bin/java
55590174a000-55590174b000 rw-p 00003000 08:02 23597129                   /usr/lib/jvm/java-11-openjdk-amd64/bin/java
555903666000-555903687000 rw-p 00000000 00:00 0                          [heap]
7f4788000000-7f4788021000 rw-p 00000000 00:00 0 
7f4788021000-7f478c000000 ---p 00000000 00:00 0 
7f4790000000-7f4790021000 rw-p 00000000 00:00 0 
7f4790021000-7f4794000000 ---p 00000000 00:00 0 
7f4794000000-7f4794021000 rw-p 00000000 00:00 0 
7f4794021000-7f4798000000 ---p 00000000 00:00 0 
7f4798000000-7f47983b5000 rw-p 00000000 00:00 0 
7f47983b5000-7f479c000000 ---p 00000000 00:00 0 
7f479c000000-7f479c036000 rw-p 00000000 00:00 0 
7f479c036000-7f47a0000000 ---p 00000000 00:00 0 
7f47a0000000-7f47a0021000 rw-p 00000000 00:00 0 
7f47a0021000-7f47a4000000 ---p 00000000 00:00 0 
7f47a4000000-7f47a402c000 rw-p 00000000 00:00 0 
7f47a402c000-7f47a8000000 ---p 00000000 00:00 0 
7f47a8000000-7f47a8021000 rw-p 00000000 00:00 0 
7f47a8021000-7f47ac000000 ---p 00000000 00:00 0 
7f47ac000000-7f47ac021000 rw-p 00000000 00:00 0 
7f47ac021000-7f47b0000000 ---p 00000000 00:00 0 
7f47b0000000-7f47b0021000 rw-p 00000000 00:00 0 
7f47b0021000-7f47b4000000 ---p 00000000 00:00 0 
7f47b4000000-7f47b4021000 rw-p 00000000 00:00 0 
7f47b4021000-7f47b8000000 ---p 00000000 00:00 0 
7f47b8cd2000-7f47b8cd6000 ---p 00000000 00:00 0 
7f47b8cd6000-7f47b8dd3000 rw-p 00000000 00:00 0 
7f47b8dd3000-7f47b8dd7000 ---p 00000000 00:00 0 
7f47b8dd7000-7f47b8ed4000 rw-p 00000000 00:00 0 
7f47b8ed4000-7f47b8ed8000 ---p 00000000 00:00 0 
7f47b8ed8000-7f47b8fd5000 rw-p 00000000 00:00 0 
7f47b8fd5000-7f47b8fd9000 ---p 00000000 00:00 0 
7f47b8fd9000-7f47b90d6000 rw-p 00000000 00:00 0 
7f47b90d6000-7f47b90da000 ---p 00000000 00:00 0 
7f47b90da000-7f47b91d7000 rw-p 00000000 00:00 0 
7f47b91d7000-7f47b91db000 ---p 00000000 00:00 0 
7f47b91db000-7f47b92d8000 rw-p 00000000 00:00 0 
7f47b92d8000-7f47b92dc000 ---p 00000000 00:00 0 
7f47b92dc000-7f47b93d9000 rw-p 00000000 00:00 0 
7f47b93d9000-7f47b93de000 r-xp 00000000 08:02 23600531                   /usr/lib/x86_64-linux-gnu/libXfixes.so.3.1.0
7f47b93de000-7f47b95dd000 ---p 00005000 08:02 23600531                   /usr/lib/x86_64-linux-gnu/libXfixes.so.3.1.0
7f47b95dd000-7f47b95de000 r--p 00004000 08:02 23600531                   /usr/lib/x86_64-linux-gnu/libXfixes.so.3.1.0
7f47b95de000-7f47b95df000 rw-p 00005000 08:02 23600531                   /usr/lib/x86_64-linux-gnu/libXfixes.so.3.1.0
7f47b95df000-7f47b95e1000 r--p 00000000 08:02 23600523                   /usr/lib/x86_64-linux-gnu/libXcursor.so.1.0.2
7f47b95e1000-7f47b95e6000 r-xp 00002000 08:02 23600523                   /usr/lib/x86_64-linux-gnu/libXcursor.so.1.0.2
7f47b95e6000-7f47b95e8000 r--p 00007000 08:02 23600523                   /usr/lib/x86_64-linux-gnu/libXcursor.so.1.0.2
7f47b95e8000-7f47b95e9000 r--p 00008000 08:02 23600523                   /usr/lib/x86_64-linux-gnu/libXcursor.so.1.0.2
7f47b95e9000-7f47b95ea000 rw-p 00009000 08:02 23600523                   /usr/lib/x86_64-linux-gnu/libXcursor.so.1.0.2
7f47b95fc000-7f47b95fd000 ---p 00000000 00:00 0 
7f47b95fd000-7f47b9dfd000 rw-p 00000000 00:00 0 
7f47b9dfd000-7f47b9dfe000 ---p 00000000 00:00 0 
7f47b9dfe000-7f47ba5fe000 rw-p 00000000 00:00 0 
7f47ba5fe000-7f47ba5ff000 ---p 00000000 00:00 0 
7f47ba5ff000-7f47badff000 rw-p 00000000 00:00 0 
7f47badff000-7f47bae25000 r--p 00000000 08:02 25043479                   /usr/share/glib-2.0/schemas/gschemas.compiled
7f47bae25000-7f47bae2f000 r--p 00000000 08:02 23600663                   /usr/lib/x86_64-linux-gnu/libblkid.so.1.1.0
7f47bae2f000-7f47bae63000 r-xp 0000a000 08:02 23600663                   /usr/lib/x86_64-linux-gnu/libblkid.so.1.1.0
7f47bae63000-7f47bae73000 r--p 0003e000 08:02 23600663                   /usr/lib/x86_64-linux-gnu/libblkid.so.1.1.0
7f47bae73000-7f47bae74000 ---p 0004e000 08:02 23600663                   /usr/lib/x86_64-linux-gnu/libblkid.so.1.1.0
7f47bae74000-7f47bae79000 r--p 0004e000 08:02 23600663                   /usr/lib/x86_64-linux-gnu/libblkid.so.1.1.0
7f47bae79000-7f47bae7a000 rw-p 00053000 08:02 23600663                   /usr/lib/x86_64-linux-gnu/libblkid.so.1.1.0
7f47bae7a000-7f47bae7c000 r--p 00000000 08:02 23601506                   /usr/lib/x86_64-linux-gnu/libpcre.so.3.13.3
7f47bae7c000-7f47baece000 r-xp 00002000 08:02 23601506                   /usr/lib/x86_64-linux-gnu/libpcre.so.3.13.3
7f47baece000-7f47baeec000 r--p 00054000 08:02 23601506                   /usr/lib/x86_64-linux-gnu/libpcre.so.3.13.3
7f47baeec000-7f47baeed000 r--p 00071000 08:02 23601506                   /usr/lib/x86_64-linux-gnu/libpcre.so.3.13.3
7f47baeed000-7f47baeee000 rw-p 00072000 08:02 23601506                   /usr/lib/x86_64-linux-gnu/libpcre.so.3.13.3
7f47baeee000-7f47baef9000 r--p 00000000 08:02 23601326                   /usr/lib/x86_64-linux-gnu/libmount.so.1.1.0
7f47baef9000-7f47baf34000 r-xp 0000b000 08:02 23601326                   /usr/lib/x86_64-linux-gnu/libmount.so.1.1.0
7f47baf34000-7f47baf46000 r--p 00046000 08:02 23601326                   /usr/lib/x86_64-linux-gnu/libmount.so.1.1.0
7f47baf46000-7f47baf49000 r--p 00057000 08:02 23601326                   /usr/lib/x86_64-linux-gnu/libmount.so.1.1.0
7f47baf49000-7f47baf4a000 rw-p 0005a000 08:02 23601326                   /usr/lib/x86_64-linux-gnu/libmount.so.1.1.0
7f47baf4a000-7f47baf58000 r--p 00000000 08:02 23593408                   /usr/lib/x86_64-linux-gnu/libgobject-2.0.so.0.6000.0
7f47baf58000-7f47baf8a000 r-xp 0000e000 08:02 23593408                   /usr/lib/x86_64-linux-gnu/libgobject-2.0.so.0.6000.0
7f47baf8a000-7f47bafa2000 r--p 00040000 08:02 23593408                   /usr/lib/x86_64-linux-gnu/libgobject-2.0.so.0.6000.0
7f47bafa2000-7f47bafa5000 r--p 00057000 08:02 23593408                   /usr/lib/x86_64-linux-gnu/libgobject-2.0.so.0.6000.0
7f47bafa5000-7f47bafa6000 rw-p 0005a000 08:02 23593408                   /usr/lib/x86_64-linux-gnu/libgobject-2.0.so.0.6000.0
7f47bafa6000-7f47bafc1000 r--p 00000000 08:02 23593383                   /usr/lib/x86_64-linux-gnu/libglib-2.0.so.0.6000.0
7f47bafc1000-7f47bb041000 r-xp 0001b000 08:02 23593383                   /usr/lib/x86_64-linux-gnu/libglib-2.0.so.0.6000.0
7f47bb041000-7f47bb0c3000 r--p 0009b000 08:02 23593383                   /usr/lib/x86_64-linux-gnu/libglib-2.0.so.0.6000.0
7f47bb0c3000-7f47bb0c4000 ---p 0011d000 08:02 23593383                   /usr/lib/x86_64-linux-gnu/libglib-2.0.so.0.6000.0
7f47bb0c4000-7f47bb0c5000 r--p 0011d000 08:02 23593383                   /usr/lib/x86_64-linux-gnu/libglib-2.0.so.0.6000.0
7f47bb0c5000-7f47bb0c6000 rw-p 0011e000 08:02 23593383                   /usr/lib/x86_64-linux-gnu/libglib-2.0.so.0.6000.0
7f47bb0c6000-7f47bb0c7000 rw-p 00000000 00:00 0 
7f47bb0c7000-7f47bb0fe000 r--p 00000000 08:02 23593360                   /usr/lib/x86_64-linux-gnu/libgio-2.0.so.0.6000.0
7f47bb0fe000-7f47bb1ff000 r-xp 00037000 08:02 23593360                   /usr/lib/x86_64-linux-gnu/libgio-2.0.so.0.6000.0
7f47bb1ff000-7f47bb285000 r--p 00138000 08:02 23593360                   /usr/lib/x86_64-linux-gnu/libgio-2.0.so.0.6000.0
7f47bb285000-7f47bb28d000 r--p 001bd000 08:02 23593360                   /usr/lib/x86_64-linux-gnu/libgio-2.0.so.0.6000.0
7f47bb28d000-7f47bb28e000 rw-p 001c5000 08:02 23593360                   /usr/lib/x86_64-linux-gnu/libgio-2.0.so.0.6000.0
7f47bb28e000-7f47bb290000 rw-p 00000000 00:00 0 
7f47bb290000-7f47bb29a000 r-xp 00000000 08:02 23600547                   /usr/lib/x86_64-linux-gnu/libXrandr.so.2.2.0
7f47bb29a000-7f47bb499000 ---p 0000a000 08:02 23600547                   /usr/lib/x86_64-linux-gnu/libXrandr.so.2.2.0
7f47bb499000-7f47bb49a000 r--p 00009000 08:02 23600547                   /usr/lib/x86_64-linux-gnu/libXrandr.so.2.2.0
7f47bb49a000-7f47bb49b000 rw-p 0000a000 08:02 23600547                   /usr/lib/x86_64-linux-gnu/libXrandr.so.2.2.0
7f47bb49b000-7f47bb49f000 r--p 00000000 08:02 23990635                   /usr/lib/jvm/java-11-openjdk-amd64/lib/libfontmanager.so
7f47bb49f000-7f47bb591000 r-xp 00004000 08:02 23990635                   /usr/lib/jvm/java-11-openjdk-amd64/lib/libfontmanager.so
7f47bb591000-7f47bb5d1000 r--p 000f6000 08:02 23990635                   /usr/lib/jvm/java-11-openjdk-amd64/lib/libfontmanager.so
7f47bb5d1000-7f47bb5d2000 r--p 00135000 08:02 23990635                   /usr/lib/jvm/java-11-openjdk-amd64/lib/libfontmanager.so
7f47bb5d2000-7f47bb5d3000 rw-p 00136000 08:02 23990635                   /usr/lib/jvm/java-11-openjdk-amd64/lib/libfontmanager.so
7f47bb5d3000-7f47bb5d6000 rw-p 00000000 00:00 0 
7f47bb5d6000-7f47bb5db000 r-xp 00000000 08:02 23600527                   /usr/lib/x86_64-linux-gnu/libXdmcp.so.6.0.0
7f47bb5db000-7f47bb7da000 ---p 00005000 08:02 23600527                   /usr/lib/x86_64-linux-gnu/libXdmcp.so.6.0.0
7f47bb7da000-7f47bb7db000 r--p 00004000 08:02 23600527                   /usr/lib/x86_64-linux-gnu/libXdmcp.so.6.0.0
7f47bb7db000-7f47bb7dc000 rw-p 00005000 08:02 23600527                   /usr/lib/x86_64-linux-gnu/libXdmcp.so.6.0.0
7f47bb7dc000-7f47bb7de000 r-xp 00000000 08:02 23600516                   /usr/lib/x86_64-linux-gnu/libXau.so.6.0.0
7f47bb7de000-7f47bb9de000 ---p 00002000 08:02 23600516                   /usr/lib/x86_64-linux-gnu/libXau.so.6.0.0
7f47bb9de000-7f47bb9df000 r--p 00002000 08:02 23600516                   /usr/lib/x86_64-linux-gnu/libXau.so.6.0.0
7f47bb9df000-7f47bb9e0000 rw-p 00003000 08:02 23600516                   /usr/lib/x86_64-linux-gnu/libXau.so.6.0.0
7f47bb9e0000-7f47bb9ef000 r-xp 00000000 08:02 23600537                   /usr/lib/x86_64-linux-gnu/libXi.so.6.1.0
7f47bb9ef000-7f47bbbee000 ---p 0000f000 08:02 23600537                   /usr/lib/x86_64-linux-gnu/libXi.so.6.1.0
7f47bbbee000-7f47bbbef000 r--p 0000e000 08:02 23600537                   /usr/lib/x86_64-linux-gnu/libXi.so.6.1.0
7f47bbbef000-7f47bbbf0000 rw-p 0000f000 08:02 23600537                   /usr/lib/x86_64-linux-gnu/libXi.so.6.1.0
7f47bbbf0000-7f47bbbf5000 r-xp 00000000 08:02 23600555                   /usr/lib/x86_64-linux-gnu/libXtst.so.6.1.0
7f47bbbf5000-7f47bbdf4000 ---p 00005000 08:02 23600555                   /usr/lib/x86_64-linux-gnu/libXtst.so.6.1.0
7f47bbdf4000-7f47bbdf5000 r--p 00004000 08:02 23600555                   /usr/lib/x86_64-linux-gnu/libXtst.so.6.1.0
7f47bbdf5000-7f47bbdf6000 rw-p 00005000 08:02 23600555                   /usr/lib/x86_64-linux-gnu/libXtst.so.6.1.0
7f47bbdf6000-7f47bbdff000 r-xp 00000000 08:02 23600549                   /usr/lib/x86_64-linux-gnu/libXrender.so.1.3.0
7f47bbdff000-7f47bbffe000 ---p 00009000 08:02 23600549                   /usr/lib/x86_64-linux-gnu/libXrender.so.1.3.0
7f47bbffe000-7f47bbfff000 r--p 00008000 08:02 23600549                   /usr/lib/x86_64-linux-gnu/libXrender.so.1.3.0
7f47bbfff000-7f47bc000000 rw-p 00009000 08:02 23600549                   /usr/lib/x86_64-linux-gnu/libXrender.so.1.3.0
7f47bc000000-7f47bc021000 rw-p 00000000 00:00 0 
7f47bc021000-7f47c0000000 ---p 00000000 00:00 0 
7f47c0000000-7f47c0021000 rw-p 00000000 00:00 0 
7f47c0021000-7f47c4000000 ---p 00000000 00:00 0 
7f47c4000000-7f47c4443000 rw-p 00000000 00:00 0 
7f47c4443000-7f47c8000000 ---p 00000000 00:00 0 
7f47c8000000-7f47c8021000 rw-p 00000000 00:00 0 
7f47c8021000-7f47cc000000 ---p 00000000 00:00 0 
7f47cc000000-7f47cc021000 rw-p 00000000 00:00 0 
7f47cc021000-7f47d0000000 ---p 00000000 00:00 0 
7f47d0000000-7f47d0581000 rw-p 00000000 00:00 0 
7f47d0581000-7f47d4000000 ---p 00000000 00:00 0 
7f47d4000000-7f47d4021000 rw-p 00000000 00:00 0 
7f47d4021000-7f47d8000000 ---p 00000000 00:00 0 
7f47d8000000-7f47d8021000 rw-p 00000000 00:00 0 
7f47d8021000-7f47dc000000 ---p 00000000 00:00 0 
7f47dc000000-7f47dc021000 rw-p 00000000 00:00 0 
7f47dc021000-7f47e0000000 ---p 00000000 00:00 0 
7f47e0000000-7f47e0021000 rw-p 00000000 00:00 0 
7f47e0021000-7f47e4000000 ---p 00000000 00:00 0 
7f47e4000000-7f47e4021000 rw-p 00000000 00:00 0 
7f47e4021000-7f47e8000000 ---p 00000000 00:00 0 
7f47e8000000-7f47e8021000 rw-p 00000000 00:00 0 
7f47e8021000-7f47ec000000 ---p 00000000 00:00 0 
7f47ec00a000-7f47ec00c000 r--p 00000000 08:02 23601822                   /usr/lib/x86_64-linux-gnu/libuuid.so.1.3.0
7f47ec00c000-7f47ec010000 r-xp 00002000 08:02 23601822                   /usr/lib/x86_64-linux-gnu/libuuid.so.1.3.0
7f47ec010000-7f47ec011000 r--p 00006000 08:02 23601822                   /usr/lib/x86_64-linux-gnu/libuuid.so.1.3.0
7f47ec011000-7f47ec012000 r--p 00006000 08:02 23601822                   /usr/lib/x86_64-linux-gnu/libuuid.so.1.3.0
7f47ec012000-7f47ec013000 rw-p 00007000 08:02 23601822                   /usr/lib/x86_64-linux-gnu/libuuid.so.1.3.0
7f47ec013000-7f47ec015000 r--p 00000000 08:02 23600923                   /usr/lib/x86_64-linux-gnu/libffi.so.6.0.4
7f47ec015000-7f47ec01a000 r-xp 00002000 08:02 23600923                   /usr/lib/x86_64-linux-gnu/libffi.so.6.0.4
7f47ec01a000-7f47ec01b000 r--p 00007000 08:02 23600923                   /usr/lib/x86_64-linux-gnu/libffi.so.6.0.4
7f47ec01b000-7f47ec01c000 r--p 00007000 08:02 23600923                   /usr/lib/x86_64-linux-gnu/libffi.so.6.0.4
7f47ec01c000-7f47ec01d000 rw-p 00008000 08:02 23600923                   /usr/lib/x86_64-linux-gnu/libffi.so.6.0.4
7f47ec01d000-7f47ec023000 r--p 00000000 08:02 23601661                   /usr/lib/x86_64-linux-gnu/libselinux.so.1
7f47ec023000-7f47ec03b000 r-xp 00006000 08:02 23601661                   /usr/lib/x86_64-linux-gnu/libselinux.so.1
7f47ec03b000-7f47ec042000 r--p 0001e000 08:02 23601661                   /usr/lib/x86_64-linux-gnu/libselinux.so.1
7f47ec042000-7f47ec043000 ---p 00025000 08:02 23601661                   /usr/lib/x86_64-linux-gnu/libselinux.so.1
7f47ec043000-7f47ec044000 r--p 00025000 08:02 23601661                   /usr/lib/x86_64-linux-gnu/libselinux.so.1
7f47ec044000-7f47ec045000 rw-p 00026000 08:02 23601661                   /usr/lib/x86_64-linux-gnu/libselinux.so.1
7f47ec045000-7f47ec047000 rw-p 00000000 00:00 0 
7f47ec047000-7f47ec053000 r--p 00000000 08:02 23600949                   /usr/lib/x86_64-linux-gnu/libfreetype.so.6.16.1
7f47ec053000-7f47ec0d0000 r-xp 0000c000 08:02 23600949                   /usr/lib/x86_64-linux-gnu/libfreetype.so.6.16.1
7f47ec0d0000-7f47ec0f9000 r--p 00089000 08:02 23600949                   /usr/lib/x86_64-linux-gnu/libfreetype.so.6.16.1
7f47ec0f9000-7f47ec0fa000 ---p 000b2000 08:02 23600949                   /usr/lib/x86_64-linux-gnu/libfreetype.so.6.16.1
7f47ec0fa000-7f47ec101000 r--p 000b2000 08:02 23600949                   /usr/lib/x86_64-linux-gnu/libfreetype.so.6.16.1
7f47ec101000-7f47ec102000 rw-p 000b9000 08:02 23600949                   /usr/lib/x86_64-linux-gnu/libfreetype.so.6.16.1
7f47ec102000-7f47ec11a000 r--p 00000000 08:02 23600512                   /usr/lib/x86_64-linux-gnu/libX11.so.6.3.0
7f47ec11a000-7f47ec1a2000 r-xp 00018000 08:02 23600512                   /usr/lib/x86_64-linux-gnu/libX11.so.6.3.0
7f47ec1a2000-7f47ec236000 r--p 000a0000 08:02 23600512                   /usr/lib/x86_64-linux-gnu/libX11.so.6.3.0
7f47ec236000-7f47ec237000 ---p 00134000 08:02 23600512                   /usr/lib/x86_64-linux-gnu/libX11.so.6.3.0
7f47ec237000-7f47ec238000 r--p 00134000 08:02 23600512                   /usr/lib/x86_64-linux-gnu/libX11.so.6.3.0
7f47ec238000-7f47ec23c000 rw-p 00135000 08:02 23600512                   /usr/lib/x86_64-linux-gnu/libX11.so.6.3.0
7f47ec23c000-7f47ec24d000 r-xp 00000000 08:02 23600529                   /usr/lib/x86_64-linux-gnu/libXext.so.6.4.0
7f47ec24d000-7f47ec44c000 ---p 00011000 08:02 23600529                   /usr/lib/x86_64-linux-gnu/libXext.so.6.4.0
7f47ec44c000-7f47ec44d000 r--p 00010000 08:02 23600529                   /usr/lib/x86_64-linux-gnu/libXext.so.6.4.0
7f47ec44d000-7f47ec44e000 rw-p 00011000 08:02 23600529                   /usr/lib/x86_64-linux-gnu/libXext.so.6.4.0
7f47ec44e000-7f47ec47a000 r--p 00000000 08:02 23990630                   /usr/lib/jvm/java-11-openjdk-amd64/lib/libawt.so
7f47ec47a000-7f47ec4e1000 r-xp 0002c000 08:02 23990630                   /usr/lib/jvm/java-11-openjdk-amd64/lib/libawt.so
7f47ec4e1000-7f47ec4ee000 r--p 00093000 08:02 23990630                   /usr/lib/jvm/java-11-openjdk-amd64/lib/libawt.so
7f47ec4ee000-7f47ec4ef000 r--p 0009f000 08:02 23990630                   /usr/lib/jvm/java-11-openjdk-amd64/lib/libawt.so
7f47ec4ef000-7f47ec4fa000 rw-p 000a0000 08:02 23990630                   /usr/lib/jvm/java-11-openjdk-amd64/lib/libawt.so
7f47ec4fa000-7f47ec51f000 rw-p 00000000 00:00 0 
7f47ec51f000-7f47ec523000 ---p 00000000 00:00 0 
7f47ec523000-7f47ec620000 rw-p 00000000 00:00 0 
7f47ec620000-7f47ec621000 ---p 00000000 00:00 0 
7f47ec621000-7f47ec722000 rw-p 00000000 00:00 0 
7f47ec722000-7f47ec726000 ---p 00000000 00:00 0 
7f47ec726000-7f47ec823000 rw-p 00000000 00:00 0 
7f47ec823000-7f47ec827000 ---p 00000000 00:00 0 
7f47ec827000-7f47ec924000 rw-p 00000000 00:00 0 
7f47ec924000-7f47ec928000 ---p 00000000 00:00 0 
7f47ec928000-7f47eca25000 rw-p 00000000 00:00 0 
7f47eca25000-7f47ed800000 r--p 00000000 08:02 23600058                   /usr/lib/locale/locale-archive
7f47ed800000-7f47edd00000 rw-p 00000000 00:00 0 
7f47edd00000-7f47ee000000 ---p 00000000 00:00 0 
7f47ee000000-7f47f0000000 rw-p 00000000 00:00 0 
7f47f0000000-7f47f0021000 rw-p 00000000 00:00 0 
7f47f0021000-7f47f4000000 ---p 00000000 00:00 0 
7f47f4003000-7f47f4007000 r--p 00000000 08:02 23601610                   /usr/lib/x86_64-linux-gnu/libresolv-2.29.so
7f47f4007000-7f47f4016000 r-xp 00004000 08:02 23601610                   /usr/lib/x86_64-linux-gnu/libresolv-2.29.so
7f47f4016000-7f47f4019000 r--p 00013000 08:02 23601610                   /usr/lib/x86_64-linux-gnu/libresolv-2.29.so
7f47f4019000-7f47f401a000 ---p 00016000 08:02 23601610                   /usr/lib/x86_64-linux-gnu/libresolv-2.29.so
7f47f401a000-7f47f401b000 r--p 00016000 08:02 23601610                   /usr/lib/x86_64-linux-gnu/libresolv-2.29.so
7f47f401b000-7f47f401c000 rw-p 00017000 08:02 23601610                   /usr/lib/x86_64-linux-gnu/libresolv-2.29.so
7f47f401c000-7f47f401e000 rw-p 00000000 00:00 0 
7f47f401e000-7f47f4023000 r--p 00000000 08:02 23601542                   /usr/lib/x86_64-linux-gnu/libpng16.so.16.36.0
7f47f4023000-7f47f4047000 r-xp 00005000 08:02 23601542                   /usr/lib/x86_64-linux-gnu/libpng16.so.16.36.0
7f47f4047000-7f47f4053000 r--p 00029000 08:02 23601542                   /usr/lib/x86_64-linux-gnu/libpng16.so.16.36.0
7f47f4053000-7f47f4054000 r--p 00034000 08:02 23601542                   /usr/lib/x86_64-linux-gnu/libpng16.so.16.36.0
7f47f4054000-7f47f4055000 rw-p 00035000 08:02 23601542                   /usr/lib/x86_64-linux-gnu/libpng16.so.16.36.0
7f47f4055000-7f47f4060000 r--p 00000000 08:02 23601932                   /usr/lib/x86_64-linux-gnu/libxcb.so.1.1.0
7f47f4060000-7f47f4073000 r-xp 0000b000 08:02 23601932                   /usr/lib/x86_64-linux-gnu/libxcb.so.1.1.0
7f47f4073000-7f47f407c000 r--p 0001e000 08:02 23601932                   /usr/lib/x86_64-linux-gnu/libxcb.so.1.1.0
7f47f407c000-7f47f407d000 r--p 00026000 08:02 23601932                   /usr/lib/x86_64-linux-gnu/libxcb.so.1.1.0
7f47f407d000-7f47f407e000 rw-p 00027000 08:02 23601932                   /usr/lib/x86_64-linux-gnu/libxcb.so.1.1.0
7f47f407e000-7f47f4082000 ---p 00000000 00:00 0 
7f47f4082000-7f47f417f000 rw-p 00000000 00:00 0 
7f47f417f000-7f47f4183000 ---p 00000000 00:00 0 
7f47f4183000-7f47f4470000 rw-p 00000000 00:00 0 
7f47f4470000-7f47f6138000 ---p 00000000 00:00 0 
7f47f6138000-7f47f6330000 rw-p 00000000 00:00 0 
7f47f6330000-7f47f7ff8000 ---p 00000000 00:00 0 
7f47f7ff8000-7f47f8000000 rw-p 00000000 00:00 0 
7f47f8000000-7f47f8021000 rw-p 00000000 00:00 0 
7f47f8021000-7f47fc000000 ---p 00000000 00:00 0 
7f47fc003000-7f47fc004000 r--p 00000000 08:02 27001589                   /home/kramer/Downloads/RobotArena-master/RobotAreana/AIBasic/build/libs/mynativelibrary/shared/libmynativelibrary.so
7f47fc004000-7f47fc005000 r-xp 00001000 08:02 27001589                   /home/kramer/Downloads/RobotArena-master/RobotAreana/AIBasic/build/libs/mynativelibrary/shared/libmynativelibrary.so
7f47fc005000-7f47fc006000 r--p 00002000 08:02 27001589                   /home/kramer/Downloads/RobotArena-master/RobotAreana/AIBasic/build/libs/mynativelibrary/shared/libmynativelibrary.so
7f47fc006000-7f47fc007000 r--p 00002000 08:02 27001589                   /home/kramer/Downloads/RobotArena-master/RobotAreana/AIBasic/build/libs/mynativelibrary/shared/libmynativelibrary.so
7f47fc007000-7f47fc008000 rw-p 00003000 08:02 27001589                   /home/kramer/Downloads/RobotArena-master/RobotAreana/AIBasic/build/libs/mynativelibrary/shared/libmynativelibrary.so
7f47fc008000-7f47fc00c000 r--p 00000000 08:02 23600683                   /usr/lib/x86_64-linux-gnu/libbsd.so.0.9.1
7f47fc00c000-7f47fc01b000 r-xp 00004000 08:02 23600683                   /usr/lib/x86_64-linux-gnu/libbsd.so.0.9.1
7f47fc01b000-7f47fc01e000 r--p 00013000 08:02 23600683                   /usr/lib/x86_64-linux-gnu/libbsd.so.0.9.1
7f47fc01e000-7f47fc01f000 ---p 00016000 08:02 23600683                   /usr/lib/x86_64-linux-gnu/libbsd.so.0.9.1
7f47fc01f000-7f47fc020000 r--p 00016000 08:02 23600683                   /usr/lib/x86_64-linux-gnu/libbsd.so.0.9.1
7f47fc020000-7f47fc021000 rw-p 00017000 08:02 23600683                   /usr/lib/x86_64-linux-gnu/libbsd.so.0.9.1
7f47fc021000-7f47fc022000 rw-p 00000000 00:00 0 
7f47fc023000-7f47fc027000 r--p 00000000 08:02 24250591                   /usr/lib/x86_64-linux-gnu/gio/modules/libdconfsettings.so
7f47fc027000-7f47fc02e000 r-xp 00004000 08:02 24250591                   /usr/lib/x86_64-linux-gnu/gio/modules/libdconfsettings.so
7f47fc02e000-7f47fc031000 r--p 0000b000 08:02 24250591                   /usr/lib/x86_64-linux-gnu/gio/modules/libdconfsettings.so
7f47fc031000-7f47fc032000 ---p 0000e000 08:02 24250591                   /usr/lib/x86_64-linux-gnu/gio/modules/libdconfsettings.so
7f47fc032000-7f47fc033000 r--p 0000e000 08:02 24250591                   /usr/lib/x86_64-linux-gnu/gio/modules/libdconfsettings.so
7f47fc033000-7f47fc034000 rw-p 0000f000 08:02 24250591                   /usr/lib/x86_64-linux-gnu/gio/modules/libdconfsettings.so
7f47fc034000-7f47fc044000 r--p 00000000 08:02 23990632                   /usr/lib/jvm/java-11-openjdk-amd64/lib/libawt_xawt.so
7f47fc044000-7f47fc081000 r-xp 00010000 08:02 23990632                   /usr/lib/jvm/java-11-openjdk-amd64/lib/libawt_xawt.so
7f47fc081000-7f47fc093000 r--p 0004d000 08:02 23990632                   /usr/lib/jvm/java-11-openjdk-amd64/lib/libawt_xawt.so
7f47fc093000-7f47fc094000 r--p 0005e000 08:02 23990632                   /usr/lib/jvm/java-11-openjdk-amd64/lib/libawt_xawt.so
7f47fc094000-7f47fc097000 rw-p 0005f000 08:02 23990632                   /usr/lib/jvm/java-11-openjdk-amd64/lib/libawt_xawt.so
7f47fc097000-7f47fc0ca000 rw-p 00000000 00:00 0 
7f47fc0ca000-7f47fc0ce000 ---p 00000000 00:00 0 
7f47fc0ce000-7f47fc1cb000 rw-p 00000000 00:00 0 
7f47fc1cb000-7f47fc1cf000 ---p 00000000 00:00 0 
7f47fc1cf000-7f47fc2cc000 rw-p 00000000 00:00 0 
7f47fc2cc000-7f47fc2cd000 ---p 00000000 00:00 0 
7f47fc2cd000-7f47fc44f000 rw-p 00000000 00:00 0 
7f47fc44f000-7f47fc450000 ---p 00000000 00:00 0 
7f47fc450000-7f47fc551000 rw-p 00000000 00:00 0 
7f47fc551000-7f47fc552000 ---p 00000000 00:00 0 
7f47fc552000-7f47fc956000 rw-p 00000000 00:00 0 
7f47fc956000-7f47fcbc6000 rwxp 00000000 00:00 0 
7f47fcbc6000-7f47fcee6000 ---p 00000000 00:00 0 
7f47fcee6000-7f47fd156000 rwxp 00000000 00:00 0 
7f47fd156000-7f480441e000 ---p 00000000 00:00 0 
7f480441e000-7f480468e000 rwxp 00000000 00:00 0 
7f480468e000-7f480b956000 ---p 00000000 00:00 0 
7f480b956000-7f4814000000 r--s 00000000 08:02 23990663                   /usr/lib/jvm/java-11-openjdk-amd64/lib/modules
7f4814000000-7f48144cc000 rw-p 00000000 00:00 0 
7f48144cc000-7f4818000000 ---p 00000000 00:00 0 
7f4818000000-7f4818003000 r--p 00000000 08:02 24904754                   /home/kramer/.config/dconf/user
7f4818003000-7f4818004000 r--s 00000000 00:35 49                         /run/user/1000/dconf/user
7f4818004000-7f4818005000 r--p 00000000 08:02 25823354                   /usr/share/locale-langpack/en_AU/LC_MESSAGES/glib20.mo
7f4818005000-7f4818006000 r--p 00000000 08:02 23593407                   /usr/lib/x86_64-linux-gnu/libgmodule-2.0.so.0.6000.0
7f4818006000-7f4818008000 r-xp 00001000 08:02 23593407                   /usr/lib/x86_64-linux-gnu/libgmodule-2.0.so.0.6000.0
7f4818008000-7f4818009000 r--p 00003000 08:02 23593407                   /usr/lib/x86_64-linux-gnu/libgmodule-2.0.so.0.6000.0
7f4818009000-7f481800a000 r--p 00003000 08:02 23593407                   /usr/lib/x86_64-linux-gnu/libgmodule-2.0.so.0.6000.0
7f481800a000-7f481800b000 rw-p 00004000 08:02 23593407                   /usr/lib/x86_64-linux-gnu/libgmodule-2.0.so.0.6000.0
7f481800b000-7f481800f000 r--p 00000000 08:02 23990653                   /usr/lib/jvm/java-11-openjdk-amd64/lib/libnet.so
7f481800f000-7f481801e000 r-xp 00004000 08:02 23990653                   /usr/lib/jvm/java-11-openjdk-amd64/lib/libnet.so
7f481801e000-7f4818022000 r--p 00013000 08:02 23990653                   /usr/lib/jvm/java-11-openjdk-amd64/lib/libnet.so
7f4818022000-7f4818023000 r--p 00016000 08:02 23990653                   /usr/lib/jvm/java-11-openjdk-amd64/lib/libnet.so
7f4818023000-7f4818024000 rw-p 00017000 08:02 23990653                   /usr/lib/jvm/java-11-openjdk-amd64/lib/libnet.so
7f4818024000-7f481802b000 r--p 00000000 08:02 23990654                   /usr/lib/jvm/java-11-openjdk-amd64/lib/libnio.so
7f481802b000-7f4818032000 r-xp 00007000 08:02 23990654                   /usr/lib/jvm/java-11-openjdk-amd64/lib/libnio.so
7f4818032000-7f4818035000 r--p 0000e000 08:02 23990654                   /usr/lib/jvm/java-11-openjdk-amd64/lib/libnio.so
7f4818035000-7f4818036000 r--p 00010000 08:02 23990654                   /usr/lib/jvm/java-11-openjdk-amd64/lib/libnio.so
7f4818036000-7f4818037000 rw-p 00011000 08:02 23990654                   /usr/lib/jvm/java-11-openjdk-amd64/lib/libnio.so
7f4818037000-7f48181fd000 rw-p 00000000 00:00 0 
7f48181fd000-7f48181fe000 ---p 00000000 00:00 0 
7f48181fe000-7f48182ff000 rw-p 00000000 00:00 0 
7f48182ff000-7f4818300000 ---p 00000000 00:00 0 
7f4818300000-7f4818481000 rw-p 00000000 00:00 0 
7f4818481000-7f481881a000 ---p 00000000 00:00 0 
7f481881a000-7f4818859000 rw-p 00000000 00:00 0 
7f4818859000-7f4818bf2000 ---p 00000000 00:00 0 
7f4818bf2000-7f4818c31000 rw-p 00000000 00:00 0 
7f4818c31000-7f4818fca000 ---p 00000000 00:00 0 
7f4818fca000-7f48193cf000 rw-p 00000000 00:00 0 
7f48193cf000-7f48193d0000 ---p 00000000 00:00 0 
7f48193d0000-7f48194d6000 rw-p 00000000 00:00 0 
7f48194d6000-7f48195bc000 ---p 00000000 00:00 0 
7f48195bc000-7f48195c1000 rw-p 00000000 00:00 0 
7f48195c1000-7f48196a7000 ---p 00000000 00:00 0 
7f48196a7000-7f48196ac000 rw-p 00000000 00:00 0 
7f48196ac000-7f48196b3000 ---p 00000000 00:00 0 
7f48196b3000-7f48196b5000 r--s 00007000 08:02 24382982                   /usr/share/java/java-atk-wrapper.jar
7f48196b5000-7f48196b7000 r--p 00000000 08:02 23990645                   /usr/lib/jvm/java-11-openjdk-amd64/lib/libjimage.so
7f48196b7000-7f48196ba000 r-xp 00002000 08:02 23990645                   /usr/lib/jvm/java-11-openjdk-amd64/lib/libjimage.so
7f48196ba000-7f48196bc000 r--p 00005000 08:02 23990645                   /usr/lib/jvm/java-11-openjdk-amd64/lib/libjimage.so
7f48196bc000-7f48196bd000 r--p 00006000 08:02 23990645                   /usr/lib/jvm/java-11-openjdk-amd64/lib/libjimage.so
7f48196bd000-7f48196be000 rw-p 00007000 08:02 23990645                   /usr/lib/jvm/java-11-openjdk-amd64/lib/libjimage.so
7f48196be000-7f48196c1000 r--p 00000000 08:02 23601425                   /usr/lib/x86_64-linux-gnu/libnss_files-2.29.so
7f48196c1000-7f48196c8000 r-xp 00003000 08:02 23601425                   /usr/lib/x86_64-linux-gnu/libnss_files-2.29.so
7f48196c8000-7f48196ca000 r--p 0000a000 08:02 23601425                   /usr/lib/x86_64-linux-gnu/libnss_files-2.29.so
7f48196ca000-7f48196cb000 r--p 0000b000 08:02 23601425                   /usr/lib/x86_64-linux-gnu/libnss_files-2.29.so
7f48196cb000-7f48196cc000 rw-p 0000c000 08:02 23601425                   /usr/lib/x86_64-linux-gnu/libnss_files-2.29.so
7f48196cc000-7f48196d2000 rw-p 00000000 00:00 0 
7f48196d2000-7f48196d4000 r--p 00000000 08:02 23990662                   /usr/lib/jvm/java-11-openjdk-amd64/lib/libzip.so
7f48196d4000-7f48196d8000 r-xp 00002000 08:02 23990662                   /usr/lib/jvm/java-11-openjdk-amd64/lib/libzip.so
7f48196d8000-7f48196da000 r--p 00006000 08:02 23990662                   /usr/lib/jvm/java-11-openjdk-amd64/lib/libzip.so
7f48196da000-7f48196db000 r--p 00007000 08:02 23990662                   /usr/lib/jvm/java-11-openjdk-amd64/lib/libzip.so
7f48196db000-7f48196dc000 rw-p 00008000 08:02 23990662                   /usr/lib/jvm/java-11-openjdk-amd64/lib/libzip.so
7f48196dc000-7f48196e4000 rw-s 00000000 08:02 2753649                    /tmp/hsperfdata_kramer/13012
7f48196e4000-7f48196e5000 ---p 00000000 00:00 0 
7f48196e5000-7f48196e6000 r--p 00000000 00:00 0 
7f48196e6000-7f48196f3000 r--p 00000000 08:02 23990641                   /usr/lib/jvm/java-11-openjdk-amd64/lib/libjava.so
7f48196f3000-7f4819708000 r-xp 0000d000 08:02 23990641                   /usr/lib/jvm/java-11-openjdk-amd64/lib/libjava.so
7f4819708000-7f481970f000 r--p 00022000 08:02 23990641                   /usr/lib/jvm/java-11-openjdk-amd64/lib/libjava.so
7f481970f000-7f4819710000 r--p 00028000 08:02 23990641                   /usr/lib/jvm/java-11-openjdk-amd64/lib/libjava.so
7f4819710000-7f4819712000 rw-p 00029000 08:02 23990641                   /usr/lib/jvm/java-11-openjdk-amd64/lib/libjava.so
7f4819712000-7f4819715000 r--p 00000000 08:02 23601631                   /usr/lib/x86_64-linux-gnu/librt-2.29.so
7f4819715000-7f4819719000 r-xp 00003000 08:02 23601631                   /usr/lib/x86_64-linux-gnu/librt-2.29.so
7f4819719000-7f481971b000 r--p 00007000 08:02 23601631                   /usr/lib/x86_64-linux-gnu/librt-2.29.so
7f481971b000-7f481971c000 r--p 00008000 08:02 23601631                   /usr/lib/x86_64-linux-gnu/librt-2.29.so
7f481971c000-7f481971d000 rw-p 00009000 08:02 23601631                   /usr/lib/x86_64-linux-gnu/librt-2.29.so
7f481971d000-7f4819721000 ---p 00000000 00:00 0 
7f4819721000-7f481981e000 rw-p 00000000 00:00 0 
7f481981e000-7f4819821000 r--p 00000000 08:02 23596996                   /usr/lib/x86_64-linux-gnu/libgcc_s.so.1
7f4819821000-7f4819832000 r-xp 00003000 08:02 23596996                   /usr/lib/x86_64-linux-gnu/libgcc_s.so.1
7f4819832000-7f4819836000 r--p 00014000 08:02 23596996                   /usr/lib/x86_64-linux-gnu/libgcc_s.so.1
7f4819836000-7f4819837000 r--p 00017000 08:02 23596996                   /usr/lib/x86_64-linux-gnu/libgcc_s.so.1
7f4819837000-7f4819838000 rw-p 00018000 08:02 23596996                   /usr/lib/x86_64-linux-gnu/libgcc_s.so.1
7f4819838000-7f4819847000 r--p 00000000 08:02 23601302                   /usr/lib/x86_64-linux-gnu/libm-2.29.so
7f4819847000-7f48198ed000 r-xp 0000f000 08:02 23601302                   /usr/lib/x86_64-linux-gnu/libm-2.29.so
7f48198ed000-7f4819984000 r--p 000b5000 08:02 23601302                   /usr/lib/x86_64-linux-gnu/libm-2.29.so
7f4819984000-7f4819985000 r--p 0014b000 08:02 23601302                   /usr/lib/x86_64-linux-gnu/libm-2.29.so
7f4819985000-7f4819986000 rw-p 0014c000 08:02 23601302                   /usr/lib/x86_64-linux-gnu/libm-2.29.so
7f4819986000-7f4819a1b000 r--p 00000000 08:02 23594558                   /usr/lib/x86_64-linux-gnu/libstdc++.so.6.0.26
7f4819a1b000-7f4819b0d000 r-xp 00095000 08:02 23594558                   /usr/lib/x86_64-linux-gnu/libstdc++.so.6.0.26
7f4819b0d000-7f4819b56000 r--p 00187000 08:02 23594558                   /usr/lib/x86_64-linux-gnu/libstdc++.so.6.0.26
7f4819b56000-7f4819b57000 ---p 001d0000 08:02 23594558                   /usr/lib/x86_64-linux-gnu/libstdc++.so.6.0.26
7f4819b57000-7f4819b62000 r--p 001d0000 08:02 23594558                   /usr/lib/x86_64-linux-gnu/libstdc++.so.6.0.26
7f4819b62000-7f4819b65000 rw-p 001db000 08:02 23594558                   /usr/lib/x86_64-linux-gnu/libstdc++.so.6.0.26
7f4819b65000-7f4819b68000 rw-p 00000000 00:00 0 
7f4819b68000-7f4819dd7000 r--p 00000000 08:02 23990668                   /usr/lib/jvm/java-11-openjdk-amd64/lib/server/libjvm.so
7f4819dd7000-7f481a8f7000 r-xp 0026f000 08:02 23990668                   /usr/lib/jvm/java-11-openjdk-amd64/lib/server/libjvm.so
7f481a8f7000-7f481ab30000 r--p 00d8f000 08:02 23990668                   /usr/lib/jvm/java-11-openjdk-amd64/lib/server/libjvm.so
7f481ab30000-7f481ab31000 ---p 00fc8000 08:02 23990668                   /usr/lib/jvm/java-11-openjdk-amd64/lib/server/libjvm.so
7f481ab31000-7f481abee000 r--p 00fc8000 08:02 23990668                   /usr/lib/jvm/java-11-openjdk-amd64/lib/server/libjvm.so
7f481abee000-7f481ac27000 rw-p 01085000 08:02 23990668                   /usr/lib/jvm/java-11-openjdk-amd64/lib/server/libjvm.so
7f481ac27000-7f481ac7f000 rw-p 00000000 00:00 0 
7f481ac7f000-7f481ac86000 r--p 00000000 08:02 23601565                   /usr/lib/x86_64-linux-gnu/libpthread-2.29.so
7f481ac86000-7f481ac95000 r-xp 00007000 08:02 23601565                   /usr/lib/x86_64-linux-gnu/libpthread-2.29.so
7f481ac95000-7f481ac9a000 r--p 00016000 08:02 23601565                   /usr/lib/x86_64-linux-gnu/libpthread-2.29.so
7f481ac9a000-7f481ac9b000 r--p 0001a000 08:02 23601565                   /usr/lib/x86_64-linux-gnu/libpthread-2.29.so
7f481ac9b000-7f481ac9c000 rw-p 0001b000 08:02 23601565                   /usr/lib/x86_64-linux-gnu/libpthread-2.29.so
7f481ac9c000-7f481aca0000 rw-p 00000000 00:00 0 
7f481aca0000-7f481aca1000 r--p 00000000 08:02 23600824                   /usr/lib/x86_64-linux-gnu/libdl-2.29.so
7f481aca1000-7f481aca3000 r-xp 00001000 08:02 23600824                   /usr/lib/x86_64-linux-gnu/libdl-2.29.so
7f481aca3000-7f481aca4000 r--p 00003000 08:02 23600824                   /usr/lib/x86_64-linux-gnu/libdl-2.29.so
7f481aca4000-7f481aca5000 r--p 00003000 08:02 23600824                   /usr/lib/x86_64-linux-gnu/libdl-2.29.so
7f481aca5000-7f481aca6000 rw-p 00004000 08:02 23600824                   /usr/lib/x86_64-linux-gnu/libdl-2.29.so
7f481aca6000-7f481aca8000 r--p 00000000 08:02 23601962                   /usr/lib/x86_64-linux-gnu/libz.so.1.2.11
7f481aca8000-7f481acb9000 r-xp 00002000 08:02 23601962                   /usr/lib/x86_64-linux-gnu/libz.so.1.2.11
7f481acb9000-7f481acbf000 r--p 00013000 08:02 23601962                   /usr/lib/x86_64-linux-gnu/libz.so.1.2.11
7f481acbf000-7f481acc0000 ---p 00019000 08:02 23601962                   /usr/lib/x86_64-linux-gnu/libz.so.1.2.11
7f481acc0000-7f481acc1000 r--p 00019000 08:02 23601962                   /usr/lib/x86_64-linux-gnu/libz.so.1.2.11
7f481acc1000-7f481acc2000 rw-p 0001a000 08:02 23601962                   /usr/lib/x86_64-linux-gnu/libz.so.1.2.11
7f481acc2000-7f481ace7000 r--p 00000000 08:02 23600687                   /usr/lib/x86_64-linux-gnu/libc-2.29.so
7f481ace7000-7f481ae5a000 r-xp 00025000 08:02 23600687                   /usr/lib/x86_64-linux-gnu/libc-2.29.so
7f481ae5a000-7f481aea3000 r--p 00198000 08:02 23600687                   /usr/lib/x86_64-linux-gnu/libc-2.29.so
7f481aea3000-7f481aea6000 r--p 001e0000 08:02 23600687                   /usr/lib/x86_64-linux-gnu/libc-2.29.so
7f481aea6000-7f481aea9000 rw-p 001e3000 08:02 23600687                   /usr/lib/x86_64-linux-gnu/libc-2.29.so
7f481aea9000-7f481aead000 rw-p 00000000 00:00 0 
7f481aead000-7f481aeae000 r--p 00000000 08:02 25823436                   /usr/share/locale-langpack/en_AU/LC_MESSAGES/libc.mo
7f481aeae000-7f481aeb3000 r--p 00000000 08:02 23990661                   /usr/lib/jvm/java-11-openjdk-amd64/lib/libverify.so
7f481aeb3000-7f481aeba000 r-xp 00005000 08:02 23990661                   /usr/lib/jvm/java-11-openjdk-amd64/lib/libverify.so
7f481aeba000-7f481aebc000 r--p 0000c000 08:02 23990661                   /usr/lib/jvm/java-11-openjdk-amd64/lib/libverify.so
7f481aebc000-7f481aebe000 r--p 0000d000 08:02 23990661                   /usr/lib/jvm/java-11-openjdk-amd64/lib/libverify.so
7f481aebe000-7f481aebf000 rw-p 0000f000 08:02 23990661                   /usr/lib/jvm/java-11-openjdk-amd64/lib/libverify.so
7f481aebf000-7f481aec2000 r--p 00000000 08:02 23990625                   /usr/lib/jvm/java-11-openjdk-amd64/lib/jli/libjli.so
7f481aec2000-7f481aecc000 r-xp 00003000 08:02 23990625                   /usr/lib/jvm/java-11-openjdk-amd64/lib/jli/libjli.so
7f481aecc000-7f481aecf000 r--p 0000d000 08:02 23990625                   /usr/lib/jvm/java-11-openjdk-amd64/lib/jli/libjli.so
7f481aecf000-7f481aed0000 r--p 0000f000 08:02 23990625                   /usr/lib/jvm/java-11-openjdk-amd64/lib/jli/libjli.so
7f481aed0000-7f481aed1000 rw-p 00010000 08:02 23990625                   /usr/lib/jvm/java-11-openjdk-amd64/lib/jli/libjli.so
7f481aed1000-7f481aed3000 rw-p 00000000 00:00 0 
7f481aed3000-7f481aed4000 r--p 00000000 08:02 23600471                   /usr/lib/x86_64-linux-gnu/ld-2.29.so
7f481aed4000-7f481aef5000 r-xp 00001000 08:02 23600471                   /usr/lib/x86_64-linux-gnu/ld-2.29.so
7f481aef5000-7f481aefd000 r--p 00022000 08:02 23600471                   /usr/lib/x86_64-linux-gnu/ld-2.29.so
7f481aefd000-7f481aefe000 r--p 00029000 08:02 23600471                   /usr/lib/x86_64-linux-gnu/ld-2.29.so
7f481aefe000-7f481aeff000 rw-p 0002a000 08:02 23600471                   /usr/lib/x86_64-linux-gnu/ld-2.29.so
7f481aeff000-7f481af00000 rw-p 00000000 00:00 0 
7ffc3b037000-7ffc3b059000 rw-p 00000000 00:00 0                          [stack]
7ffc3b1d6000-7ffc3b1d9000 r--p 00000000 00:00 0                          [vvar]
7ffc3b1d9000-7ffc3b1da000 r-xp 00000000 00:00 0                          [vdso]
ffffffffff600000-ffffffffff601000 r-xp 00000000 00:00 0                  [vsyscall]


VM Arguments:
jvm_args: -Dfile.encoding=UTF-8 -Duser.country=AU -Duser.language=en -Duser.variant 
java_command: ExampleSwingApp
java_class_path (initial): /home/kramer/Downloads/RobotArena-master/RobotAreana/start/build/classes/java/main:/home/kramer/Downloads/RobotArena-master/RobotAreana/start/build/classes/groovy/main:/home/kramer/Downloads/RobotArena-master/RobotAreana/start/build/resources/main:/home/kramer/Downloads/RobotArena-master/RobotAreana/AIBasic/build/libs/AIBasic.jar:/home/kramer/Downloads/RobotArena-master/RobotAreana/robot/build/libs/robot.jar:/home/kramer/Downloads/RobotArena-master/RobotAreana/main/build/libs/main.jar
Launcher Type: SUN_STANDARD

[Global flags]
     intx CICompilerCount                          = 3                                         {product} {ergonomic}
     uint ConcGCThreads                            = 1                                         {product} {ergonomic}
     uint G1ConcRefinementThreads                  = 4                                         {product} {ergonomic}
   size_t G1HeapRegionSize                         = 1048576                                   {product} {ergonomic}
    uintx GCDrainStackTargetSize                   = 64                                        {product} {ergonomic}
   size_t InitialHeapSize                          = 130023424                                 {product} {ergonomic}
   size_t MarkStackSize                            = 4194304                                   {product} {ergonomic}
   size_t MaxHeapSize                              = 2063597568                                {product} {ergonomic}
   size_t MaxNewSize                               = 1237319680                                {product} {ergonomic}
   size_t MinHeapDeltaBytes                        = 1048576                                   {product} {ergonomic}
    uintx NonNMethodCodeHeapSize                   = 5830092                                {pd product} {ergonomic}
    uintx NonProfiledCodeHeapSize                  = 122914074                              {pd product} {ergonomic}
    uintx ProfiledCodeHeapSize                     = 122914074                              {pd product} {ergonomic}
    uintx ReservedCodeCacheSize                    = 251658240                              {pd product} {ergonomic}
     bool SegmentedCodeCache                       = true                                      {product} {ergonomic}
     bool UseCompressedClassPointers               = true                                 {lp64_product} {ergonomic}
     bool UseCompressedOops                        = true                                 {lp64_product} {ergonomic}
     bool UseG1GC                                  = true                                      {product} {ergonomic}

Logging:
Log output configuration:
 #0: stdout all=warning uptime,level,tags
 #1: stderr all=off uptime,level,tags

Environment Variables:
PATH=/home/kramer/.local/bin:/usr/local/sbin:/usr/local/bin:/usr/sbin:/usr/bin:/sbin:/bin:/usr/games:/usr/local/games:/snap/bin
USERNAME=kramer
LD_LIBRARY_PATH=/home/kramer/Downloads/RobotArena-master/RobotAreana/AIBasic/build/libs/mynativelibrary/shared
SHELL=/bin/bash
DISPLAY=:0

Signal Handlers:
SIGSEGV: [libjvm.so+0xd1cc80], sa_mask[0]=11111111011111111101111111111110, sa_flags=SA_RESTART|SA_SIGINFO
SIGBUS: [libjvm.so+0xd1cc80], sa_mask[0]=11111111011111111101111111111110, sa_flags=SA_RESTART|SA_SIGINFO
SIGFPE: [libjvm.so+0xd1cc80], sa_mask[0]=11111111011111111101111111111110, sa_flags=SA_RESTART|SA_SIGINFO
SIGPIPE: SIG_IGN, sa_mask[0]=00000000000010000000000000000000, sa_flags=SA_RESTART
SIGXFSZ: [libjvm.so+0xb239a0], sa_mask[0]=11111111011111111101111111111110, sa_flags=SA_RESTART|SA_SIGINFO
SIGILL: [libjvm.so+0xd1cc80], sa_mask[0]=11111111011111111101111111111110, sa_flags=SA_RESTART|SA_SIGINFO
SIGUSR2: [libjvm.so+0xb23830], sa_mask[0]=00100000000000000000000000000000, sa_flags=SA_RESTART|SA_SIGINFO
SIGHUP: [libjvm.so+0xb23ce0], sa_mask[0]=11111111011111111101111111111110, sa_flags=SA_RESTART|SA_SIGINFO
SIGINT: [libjvm.so+0xb23ce0], sa_mask[0]=11111111011111111101111111111110, sa_flags=SA_RESTART|SA_SIGINFO
SIGTERM: [libjvm.so+0xb23ce0], sa_mask[0]=11111111011111111101111111111110, sa_flags=SA_RESTART|SA_SIGINFO
SIGQUIT: [libjvm.so+0xb23ce0], sa_mask[0]=11111111011111111101111111111110, sa_flags=SA_RESTART|SA_SIGINFO


---------------  S Y S T E M  ---------------

OS:DISTRIB_ID=Ubuntu
DISTRIB_RELEASE=19.04
DISTRIB_CODENAME=disco
DISTRIB_DESCRIPTION="Ubuntu 19.04"
uname:Linux 5.0.0-32-generic #34-Ubuntu SMP Wed Oct 2 02:06:48 UTC 2019 x86_64
libc:glibc 2.29 NPTL 2.29 
rlimit: STACK 8192k, CORE 0k, NPROC 31283, NOFILE 524288, AS infinity, DATA infinity, FSIZE infinity
load average:1.29 1.04 1.02

/proc/meminfo:
MemTotal:        8057228 kB
MemFree:         1607952 kB
MemAvailable:    3518600 kB
Buffers:          142896 kB
Cached:          2005728 kB
SwapCached:            0 kB
Active:          4656080 kB
Inactive:        1386184 kB
Active(anon):    3821568 kB
Inactive(anon):   160692 kB
Active(file):     834512 kB
Inactive(file):  1225492 kB
Unevictable:        3452 kB
Mlocked:              16 kB
SwapTotal:       2097148 kB
SwapFree:        2097148 kB
Dirty:              1608 kB
Writeback:             0 kB
AnonPages:       3897160 kB
Mapped:           655836 kB
Shmem:            166032 kB
KReclaimable:     141856 kB
Slab:             242604 kB
SReclaimable:     141856 kB
SUnreclaim:       100748 kB
KernelStack:       16600 kB
PageTables:        36708 kB
NFS_Unstable:          0 kB
Bounce:                0 kB
WritebackTmp:          0 kB
CommitLimit:     6125760 kB
Committed_AS:   12374316 kB
VmallocTotal:   34359738367 kB
VmallocUsed:           0 kB
VmallocChunk:          0 kB
Percpu:             2192 kB
HardwareCorrupted:     0 kB
AnonHugePages:         0 kB
ShmemHugePages:        0 kB
ShmemPmdMapped:        0 kB
CmaTotal:              0 kB
CmaFree:               0 kB
HugePages_Total:       0
HugePages_Free:        0
HugePages_Rsvd:        0
HugePages_Surp:        0
Hugepagesize:       2048 kB
Hugetlb:               0 kB
DirectMap4k:      244272 kB
DirectMap2M:     5939200 kB
DirectMap1G:     2097152 kB


/proc/sys/kernel/threads-max (system-wide limit on the number of threads):
62566


/proc/sys/vm/max_map_count (maximum number of memory map areas a process may have):
65530


/proc/sys/kernel/pid_max (system-wide limit on number of process identifiers):
32768



container (cgroup) information:
container_type: cgroupv1
cpu_cpuset_cpus: 0-3
cpu_memory_nodes: 0
active_processor_count: 4
cpu_quota: -1
cpu_period: 100000
cpu_shares: -1
memory_limit_in_bytes: -1
memory_and_swap_limit_in_bytes: -2
memory_soft_limit_in_bytes: -1
memory_usage_in_bytes: 1166012416
memory_max_usage_in_bytes: 1169940480

Steal ticks since vm start: 0
Steal ticks percentage since vm start:  0.000

CPU:total 4 (initial active 4) (4 cores per cpu, 1 threads per core) family 6 model 60 stepping 3, cmov, cx8, fxsr, mmx, sse, sse2, sse3, ssse3, sse4.1, sse4.2, popcnt, avx, avx2, aes, clmul, erms, lzcnt, tsc, tscinvbit, bmi1, bmi2, fma
CPU Model and flags from /proc/cpuinfo:
model name	: Intel(R) Core(TM) i5-4690 CPU @ 3.50GHz
flags		: fpu vme de pse tsc msr pae mce cx8 apic sep mtrr pge mca cmov pat pse36 clflush dts acpi mmx fxsr sse sse2 ss ht tm pbe syscall nx pdpe1gb rdtscp lm constant_tsc arch_perfmon pebs bts rep_good nopl xtopology nonstop_tsc cpuid aperfmperf pni pclmulqdq dtes64 monitor ds_cpl vmx smx est tm2 ssse3 sdbg fma cx16 xtpr pdcm pcid sse4_1 sse4_2 x2apic movbe popcnt tsc_deadline_timer aes xsave avx f16c rdrand lahf_lm abm cpuid_fault invpcid_single pti ssbd ibrs ibpb stibp tpr_shadow vnmi flexpriority ept vpid ept_ad fsgsbase tsc_adjust bmi1 avx2 smep bmi2 erms invpcid xsaveopt dtherm ida arat pln pts md_clear flush_l1d

Memory: 4k page, physical 8057228k(1607952k free), swap 2097148k(2097148k free)

vm_info: OpenJDK 64-Bit Server VM (11.0.4+11-post-Ubuntu-1ubuntu219.04) for linux-amd64 JRE (11.0.4+11-post-Ubuntu-1ubuntu219.04), built on Jul 18 2019 18:21:46 by "buildd" with gcc 8.3.0

END.
