#
# A fatal error has been detected by the Java Runtime Environment:
#
#  SIGSEGV (0xb) at pc=0x00007f63dc8fd62b, pid=20049, tid=20074
#
# JRE version: OpenJDK Runtime Environment (11.0.4+11) (build 11.0.4+11-post-Ubuntu-1ubuntu219.04)
# Java VM: OpenJDK 64-Bit Server VM (11.0.4+11-post-Ubuntu-1ubuntu219.04, mixed mode, sharing, tiered, compressed oops, g1 gc, linux-amd64)
# Problematic frame:
# V  [libjvm.so+0x86462b]
#
# Core dump will be written. Default location: Core dumps may be processed with "/usr/share/apport/apport %p %s %c %d %P" (or dumping to /home/kramer/Downloads/RobotArena-master/RobotAreana/start/core.20049)
#
# If you would like to submit a bug report, please visit:
#   https://bugs.launchpad.net/ubuntu/+source/openjdk-lts
#

---------------  S U M M A R Y ------------

Command Line: -Dfile.encoding=UTF-8 -Duser.country=AU -Duser.language=en -Duser.variant ExampleSwingApp

Host: Intel(R) Core(TM) i5-4690 CPU @ 3.50GHz, 4 cores, 7G, Ubuntu 19.04
Time: Mon Oct 28 21:26:31 2019 AWST elapsed time: 1 seconds (0d 0h 0m 1s)

---------------  T H R E A D  ---------------

Current thread (0x00007f63d446c800):  JavaThread "Thomas" [_thread_in_vm, id=20074, stack(0x00007f636f3fb000,0x00007f636f4fc000)]

Stack: [0x00007f636f3fb000,0x00007f636f4fc000],  sp=0x00007f636f4fa610,  free space=1021k
Native frames: (J=compiled Java code, A=aot compiled Java code, j=interpreted, Vv=VM code, C=native code)
V  [libjvm.so+0x86462b]
C  [libmynativelibrary.so+0x13ba]  Java_CRobot_startCPP+0x2b5
j  CRobot.startCPP(LRobotControl;)V+0
j  CRobot$1.run()V+8
j  java.lang.Thread.run()V+11 java.base@11.0.4
v  ~StubRoutines::call_stub
V  [libjvm.so+0x7f40b1]
V  [libjvm.so+0x7f2550]
V  [libjvm.so+0x7f260b]
V  [libjvm.so+0x88e63c]
V  [libjvm.so+0xcc0060]
V  [libjvm.so+0xcc0350]
V  [libjvm.so+0xcbbee4]
V  [libjvm.so+0xb2cbee]

Java frames: (J=compiled Java code, j=interpreted, Vv=VM code)
j  CRobot.startCPP(LRobotControl;)V+0
j  CRobot$1.run()V+8
j  java.lang.Thread.run()V+11 java.base@11.0.4
v  ~StubRoutines::call_stub

siginfo: si_signo: 11 (SIGSEGV), si_code: 1 (SEGV_MAPERR), si_addr: 0x0000000000000000

Register to memory mapping:

RAX=0x00007f636f4fa6b0 is pointing into the stack for thread: 0x00007f63d446c800
RBX=0x00007f63d446c800 is a thread
RCX=0x00007f63dc8fd550: <offset 0x0000000000864550> in /usr/lib/jvm/java-11-openjdk-amd64/lib/server/libjvm.so at 0x00007f63dc099000
RDX=0x00007f63d4469fd0 points into unknown readable memory: d8 a2 ed 8b 00 00 00 00
RSP=0x00007f636f4fa610 is pointing into the stack for thread: 0x00007f63d446c800
RBP=0x00007f636f4fa790 is pointing into the stack for thread: 0x00007f63d446c800
RSI=0x00007f63d446c800 is a thread
RDI=0x00007f636f4fa670 is pointing into the stack for thread: 0x00007f63d446c800
R8 ={method} {0x000000080018db20} 'get' '(I)Ljava/lang/Object;' in 'java/util/Collections$UnmodifiableList'
R9 =0x0000000000000004 is an unknown value
R10=0x00007f63d446ce70 points into unknown readable memory: 00 af 10 00 08 00 00 00
R11=0x00007f63d446ce70 points into unknown readable memory: 00 af 10 00 08 00 00 00
R12=0x00007f636f4fa670 is pointing into the stack for thread: 0x00007f63d446c800
R13=0x00007f63d446cb40 points into unknown readable memory: e0 5f 12 dd 63 7f 00 00
R14=0x0 is NULL
R15=0x00007f636f4fa8d0 is pointing into the stack for thread: 0x00007f63d446c800


Registers:
RAX=0x00007f636f4fa6b0, RBX=0x00007f63d446c800, RCX=0x00007f63dc8fd550, RDX=0x00007f63d4469fd0
RSP=0x00007f636f4fa610, RBP=0x00007f636f4fa790, RSI=0x00007f63d446c800, RDI=0x00007f636f4fa670
R8 =0x000000080018db20, R9 =0x0000000000000004, R10=0x00007f63d446ce70, R11=0x00007f63d446ce70
R12=0x00007f636f4fa670, R13=0x00007f63d446cb40, R14=0x0000000000000000, R15=0x00007f636f4fa8d0
RIP=0x00007f63dc8fd62b, EFLAGS=0x0000000000010202, CSGSFS=0x002b000000000033, ERR=0x0000000000000004
  TRAPNO=0x000000000000000e

Top of Stack: (sp=0x00007f636f4fa610)
0x00007f636f4fa610:   00007f63d40e5290 00007f63d446c800
0x00007f636f4fa620:   00007f630000000c 00007f6350000ce8
0x00007f636f4fa630:   0000000000000000 0000003000000018
0x00007f636f4fa640:   00007f636f4fa7a0 00007f636f4fa6b0 

Instructions: (pc=0x00007f63dc8fd62b)
0x00007f63dc8fd52b:   89 e0 5b 41 5c 41 5d 41 5e 41 5f 5d c3 0f 1f 84
0x00007f63dc8fd53b:   00 00 00 00 00 48 89 df 31 db e8 66 2d 45 00 e9
0x00007f63dc8fd54b:   ab fe ff ff 90 55 48 89 e5 41 57 49 89 f7 41 56
0x00007f63dc8fd55b:   49 89 d6 41 55 49 89 fd 41 54 53 48 81 ec 58 01
0x00007f63dc8fd56b:   00 00 48 89 8d 38 ff ff ff 4c 89 85 40 ff ff ff
0x00007f63dc8fd57b:   4c 89 8d 48 ff ff ff 84 c0 74 29 0f 29 85 50 ff
0x00007f63dc8fd58b:   ff ff 0f 29 8d 60 ff ff ff 0f 29 95 70 ff ff ff
0x00007f63dc8fd59b:   0f 29 5d 80 0f 29 65 90 0f 29 6d a0 0f 29 75 b0
0x00007f63dc8fd5ab:   0f 29 7d c0 49 8d 9d c0 fc ff ff 8b 83 d0 03 00
0x00007f63dc8fd5bb:   00 2d ab de 00 00 83 f8 01 0f 87 46 01 00 00 48
0x00007f63dc8fd5cb:   89 df 48 89 9d 88 fe ff ff e8 c7 69 ff ff 48 83
0x00007f63dc8fd5db:   7b 08 00 48 89 9d c0 fe ff ff 48 c7 85 c8 fe ff
0x00007f63dc8fd5eb:   ff 00 00 00 00 74 0c 48 8d bd c0 fe ff ff e8 02
0x00007f63dc8fd5fb:   0e 32 00 48 8d 45 10 4c 8d a5 e0 fe ff ff c7 85
0x00007f63dc8fd60b:   a8 fe ff ff 18 00 00 00 48 89 85 b0 fe ff ff 48
0x00007f63dc8fd61b:   8d 85 20 ff ff ff 4c 89 e7 48 89 85 b8 fe ff ff
0x00007f63dc8fd62b:   49 8b 06 c7 85 ac fe ff ff 30 00 00 00 c7 85 90
0x00007f63dc8fd63b:   fe ff ff 0c 00 00 00 48 8b 40 08 0f b7 50 2c 48
0x00007f63dc8fd64b:   8b 40 08 48 8b 74 d0 40 e8 78 53 3a 00 4d 89 e0
0x00007f63dc8fd65b:   49 89 d9 4c 89 f1 48 8d 05 f0 20 77 00 4c 89 fa
0x00007f63dc8fd66b:   4c 89 ef 45 31 e4 48 89 85 e0 fe ff ff f3 0f 6f
0x00007f63dc8fd67b:   85 a8 fe ff ff 48 8d b5 90 fe ff ff 48 8b 85 b8
0x00007f63dc8fd68b:   fe ff ff c7 85 f8 fe ff ff 63 00 00 00 48 c7 85
0x00007f63dc8fd69b:   00 ff ff ff 00 00 00 00 0f 11 85 08 ff ff ff 48
0x00007f63dc8fd6ab:   89 85 18 ff ff ff e8 fa f3 ff ff 48 83 7b 08 00
0x00007f63dc8fd6bb:   75 07 4c 8b a5 98 fe ff ff 48 83 bd c8 fe ff ff
0x00007f63dc8fd6cb:   00 74 0c 48 8d bd c0 fe ff ff e8 76 0d 32 00 48
0x00007f63dc8fd6db:   8b bb f0 00 00 00 e8 1a e3 00 00 48 8d bd 88 fe
0x00007f63dc8fd6eb:   ff ff e8 fe e3 00 00 48 81 c4 58 01 00 00 4c 89
0x00007f63dc8fd6fb:   e0 5b 41 5c 41 5d 41 5e 41 5f 5d c3 66 0f 1f 84
0x00007f63dc8fd70b:   00 00 00 00 00 48 89 df 31 db e8 96 2b 45 00 e9
0x00007f63dc8fd71b:   ab fe ff ff 90 55 48 89 e5 41 57 49 89 f7 41 56 


Stack slot to memory mapping:
stack at sp + 0 slots: 0x00007f63d40e5290 points into unknown readable memory: 00 00 00 00 00 00 00 00
stack at sp + 1 slots: 0x00007f63d446c800 is a thread
stack at sp + 2 slots: 0x00007f630000000c is an unknown value
stack at sp + 3 slots: 0x00007f6350000ce8 points into unknown readable memory: e0 2e bd 8c 00 00 00 00
stack at sp + 4 slots: 0x0 is NULL
stack at sp + 5 slots: 0x0000003000000018 is an unknown value
stack at sp + 6 slots: 0x00007f636f4fa7a0 is pointing into the stack for thread: 0x00007f63d446c800
stack at sp + 7 slots: 0x00007f636f4fa6b0 is pointing into the stack for thread: 0x00007f63d446c800


---------------  P R O C E S S  ---------------

Threads class SMR info:
_java_thread_list=0x00007f63d4473a30, length=17, elements={
0x00007f63d4011800, 0x00007f63d4107000, 0x00007f63d4109000, 0x00007f63d410e800,
0x00007f63d4110800, 0x00007f63d4112800, 0x00007f63d4114800, 0x00007f63d414c000,
0x00007f63d4154800, 0x00007f63d42f2000, 0x00007f63d4344000, 0x00007f63d4464800,
0x00007f638c3f4800, 0x00007f63d446c800, 0x00007f63d446e800, 0x00007f63d4470000,
0x00007f63d4472000
}

Java Threads: ( => current thread )
  0x00007f63d4011800 JavaThread "main" [_thread_blocked, id=20050, stack(0x00007f63dbc4e000,0x00007f63dbd4f000)]
  0x00007f63d4107000 JavaThread "Reference Handler" daemon [_thread_blocked, id=20057, stack(0x00007f63bc055000,0x00007f63bc156000)]
  0x00007f63d4109000 JavaThread "Finalizer" daemon [_thread_blocked, id=20058, stack(0x00007f63b403f000,0x00007f63b4140000)]
  0x00007f63d410e800 JavaThread "Signal Dispatcher" daemon [_thread_blocked, id=20059, stack(0x00007f6397124000,0x00007f6397225000)]
  0x00007f63d4110800 JavaThread "C2 CompilerThread0" daemon [_thread_blocked, id=20060, stack(0x00007f6397023000,0x00007f6397124000)]
  0x00007f63d4112800 JavaThread "C1 CompilerThread0" daemon [_thread_blocked, id=20061, stack(0x00007f6396f22000,0x00007f6397023000)]
  0x00007f63d4114800 JavaThread "Sweeper thread" daemon [_thread_blocked, id=20062, stack(0x00007f6396e21000,0x00007f6396f22000)]
  0x00007f63d414c000 JavaThread "Service Thread" daemon [_thread_blocked, id=20064, stack(0x00007f6396d20000,0x00007f6396e21000)]
  0x00007f63d4154800 JavaThread "Common-Cleaner" daemon [_thread_blocked, id=20066, stack(0x00007f6396b1d000,0x00007f6396c1e000)]
  0x00007f63d42f2000 JavaThread "Java2D Disposer" daemon [_thread_blocked, id=20070, stack(0x00007f639401a000,0x00007f639411b000)]
  0x00007f63d4344000 JavaThread "AWT-XAWT" daemon [_thread_in_native, id=20071, stack(0x00007f636f6fe000,0x00007f636f7ff000)]
  0x00007f63d4464800 JavaThread "Image Fetcher 0" daemon [_thread_blocked, id=20072, stack(0x00007f636f5fd000,0x00007f636f6fe000)]
  0x00007f638c3f4800 JavaThread "C2 CompilerThread1" daemon [_thread_blocked, id=20073, stack(0x00007f636f4fc000,0x00007f636f5fd000)]
=>0x00007f63d446c800 JavaThread "Thomas" [_thread_in_vm, id=20074, stack(0x00007f636f3fb000,0x00007f636f4fc000)]
  0x00007f63d446e800 JavaThread "Thomas" [_thread_blocked, id=20075, stack(0x00007f636f2fa000,0x00007f636f3fb000)]
  0x00007f63d4470000 JavaThread "Thomas" [_thread_blocked, id=20076, stack(0x00007f636f1f9000,0x00007f636f2fa000)]
  0x00007f63d4472000 JavaThread "AWT-Shutdown" [_thread_blocked, id=20077, stack(0x00007f636f0f8000,0x00007f636f1f9000)]

Other Threads:
  0x00007f63d4104000 VMThread "VM Thread" [stack: 0x00007f63d8020000,0x00007f63d8120000] [id=20056]
  0x00007f63d414e800 WatcherThread [stack: 0x00007f6396c20000,0x00007f6396d20000] [id=20065]
  0x00007f63d4027000 GCTaskThread "GC Thread#0" [stack: 0x00007f63db902000,0x00007f63dba02000] [id=20051]
  0x00007f63d4058000 ConcurrentGCThread "G1 Main Marker" [stack: 0x00007f63d8972000,0x00007f63d8a72000] [id=20052]
  0x00007f63d405a000 ConcurrentGCThread "G1 Conc#0" [stack: 0x00007f63d8870000,0x00007f63d8970000] [id=20053]
  0x00007f63d40d2000 ConcurrentGCThread "G1 Refine#0" [stack: 0x00007f63d836a000,0x00007f63d846a000] [id=20054]
  0x00007f63d40d3800 ConcurrentGCThread "G1 Young RemSet Sampling" [stack: 0x00007f63d8268000,0x00007f63d8368000] [id=20055]

Threads with active compile tasks:

VM state:synchronizing (normal execution)

VM Mutex/Monitor currently owned by a thread:  ([mutex/lock_event])
[0x00007f63d400e360] Threads_lock - owner thread: 0x00007f63d4104000
[0x00007f63d400eab0] Heap_lock - owner thread: 0x00007f63d4470000

Heap address: 0x0000000085000000, size: 1968 MB, Compressed Oops mode: 32-bit
Narrow klass base: 0x0000000800000000, Narrow klass shift: 3
Compressed class space size: 1073741824 Address: 0x0000000840000000

Heap:
 garbage-first heap   total 129024K, used 23160K [0x0000000085000000, 0x0000000100000000)
  region size 1024K, 14 young (14336K), 0 survivors (0K)
 Metaspace       used 5305K, capacity 5666K, committed 6016K, reserved 1056768K
  class space    used 590K, capacity 771K, committed 896K, reserved 1048576K
Heap Regions: E=young(eden), S=young(survivor), O=old, HS=humongous(starts), HC=humongous(continues), CS=collection set, F=free, A=archive, TAMS=top-at-mark-start (previous, next)
|   0|0x0000000085000000, 0x0000000085100000, 0x0000000085100000|100%|HS|  |TAMS 0x0000000085000000, 0x0000000085000000| Complete 
|   1|0x0000000085100000, 0x0000000085200000, 0x0000000085200000|100%|HC|  |TAMS 0x0000000085100000, 0x0000000085100000| Complete 
|   2|0x0000000085200000, 0x0000000085300000, 0x0000000085300000|100%|HC|  |TAMS 0x0000000085200000, 0x0000000085200000| Complete 
|   3|0x0000000085300000, 0x0000000085400000, 0x0000000085400000|100%|HC|  |TAMS 0x0000000085300000, 0x0000000085300000| Complete 
|   4|0x0000000085400000, 0x0000000085500000, 0x0000000085500000|100%|HC|  |TAMS 0x0000000085400000, 0x0000000085400000| Complete 
|   5|0x0000000085500000, 0x0000000085600000, 0x0000000085600000|100%|HC|  |TAMS 0x0000000085500000, 0x0000000085500000| Complete 
|   6|0x0000000085600000, 0x0000000085700000, 0x0000000085700000|100%|HC|  |TAMS 0x0000000085600000, 0x0000000085600000| Complete 
|   7|0x0000000085700000, 0x0000000085800000, 0x0000000085800000|100%|HC|  |TAMS 0x0000000085700000, 0x0000000085700000| Complete 
|   8|0x0000000085800000, 0x0000000085800000, 0x0000000085900000|  0%| F|  |TAMS 0x0000000085800000, 0x0000000085800000| Untracked 
|   9|0x0000000085900000, 0x0000000085900000, 0x0000000085a00000|  0%| F|  |TAMS 0x0000000085900000, 0x0000000085900000| Untracked 
|  10|0x0000000085a00000, 0x0000000085a00000, 0x0000000085b00000|  0%| F|  |TAMS 0x0000000085a00000, 0x0000000085a00000| Untracked 
|  11|0x0000000085b00000, 0x0000000085b00000, 0x0000000085c00000|  0%| F|  |TAMS 0x0000000085b00000, 0x0000000085b00000| Untracked 
|  12|0x0000000085c00000, 0x0000000085c00000, 0x0000000085d00000|  0%| F|  |TAMS 0x0000000085c00000, 0x0000000085c00000| Untracked 
|  13|0x0000000085d00000, 0x0000000085d00000, 0x0000000085e00000|  0%| F|  |TAMS 0x0000000085d00000, 0x0000000085d00000| Untracked 
|  14|0x0000000085e00000, 0x0000000085e00000, 0x0000000085f00000|  0%| F|  |TAMS 0x0000000085e00000, 0x0000000085e00000| Untracked 
|  15|0x0000000085f00000, 0x0000000085f00000, 0x0000000086000000|  0%| F|  |TAMS 0x0000000085f00000, 0x0000000085f00000| Untracked 
|  16|0x0000000086000000, 0x0000000086000000, 0x0000000086100000|  0%| F|  |TAMS 0x0000000086000000, 0x0000000086000000| Untracked 
|  17|0x0000000086100000, 0x0000000086100000, 0x0000000086200000|  0%| F|  |TAMS 0x0000000086100000, 0x0000000086100000| Untracked 
|  18|0x0000000086200000, 0x0000000086200000, 0x0000000086300000|  0%| F|  |TAMS 0x0000000086200000, 0x0000000086200000| Untracked 
|  19|0x0000000086300000, 0x0000000086300000, 0x0000000086400000|  0%| F|  |TAMS 0x0000000086300000, 0x0000000086300000| Untracked 
|  20|0x0000000086400000, 0x0000000086400000, 0x0000000086500000|  0%| F|  |TAMS 0x0000000086400000, 0x0000000086400000| Untracked 
|  21|0x0000000086500000, 0x0000000086500000, 0x0000000086600000|  0%| F|  |TAMS 0x0000000086500000, 0x0000000086500000| Untracked 
|  22|0x0000000086600000, 0x0000000086600000, 0x0000000086700000|  0%| F|  |TAMS 0x0000000086600000, 0x0000000086600000| Untracked 
|  23|0x0000000086700000, 0x0000000086700000, 0x0000000086800000|  0%| F|  |TAMS 0x0000000086700000, 0x0000000086700000| Untracked 
|  24|0x0000000086800000, 0x0000000086800000, 0x0000000086900000|  0%| F|  |TAMS 0x0000000086800000, 0x0000000086800000| Untracked 
|  25|0x0000000086900000, 0x0000000086900000, 0x0000000086a00000|  0%| F|  |TAMS 0x0000000086900000, 0x0000000086900000| Untracked 
|  26|0x0000000086a00000, 0x0000000086a00000, 0x0000000086b00000|  0%| F|  |TAMS 0x0000000086a00000, 0x0000000086a00000| Untracked 
|  27|0x0000000086b00000, 0x0000000086b00000, 0x0000000086c00000|  0%| F|  |TAMS 0x0000000086b00000, 0x0000000086b00000| Untracked 
|  28|0x0000000086c00000, 0x0000000086c00000, 0x0000000086d00000|  0%| F|  |TAMS 0x0000000086c00000, 0x0000000086c00000| Untracked 
|  29|0x0000000086d00000, 0x0000000086d00000, 0x0000000086e00000|  0%| F|  |TAMS 0x0000000086d00000, 0x0000000086d00000| Untracked 
|  30|0x0000000086e00000, 0x0000000086e00000, 0x0000000086f00000|  0%| F|  |TAMS 0x0000000086e00000, 0x0000000086e00000| Untracked 
|  31|0x0000000086f00000, 0x0000000086f00000, 0x0000000087000000|  0%| F|  |TAMS 0x0000000086f00000, 0x0000000086f00000| Untracked 
|  32|0x0000000087000000, 0x0000000087000000, 0x0000000087100000|  0%| F|  |TAMS 0x0000000087000000, 0x0000000087000000| Untracked 
|  33|0x0000000087100000, 0x0000000087100000, 0x0000000087200000|  0%| F|  |TAMS 0x0000000087100000, 0x0000000087100000| Untracked 
|  34|0x0000000087200000, 0x0000000087200000, 0x0000000087300000|  0%| F|  |TAMS 0x0000000087200000, 0x0000000087200000| Untracked 
|  35|0x0000000087300000, 0x0000000087300000, 0x0000000087400000|  0%| F|  |TAMS 0x0000000087300000, 0x0000000087300000| Untracked 
|  36|0x0000000087400000, 0x0000000087400000, 0x0000000087500000|  0%| F|  |TAMS 0x0000000087400000, 0x0000000087400000| Untracked 
|  37|0x0000000087500000, 0x0000000087500000, 0x0000000087600000|  0%| F|  |TAMS 0x0000000087500000, 0x0000000087500000| Untracked 
|  38|0x0000000087600000, 0x0000000087600000, 0x0000000087700000|  0%| F|  |TAMS 0x0000000087600000, 0x0000000087600000| Untracked 
|  39|0x0000000087700000, 0x0000000087700000, 0x0000000087800000|  0%| F|  |TAMS 0x0000000087700000, 0x0000000087700000| Untracked 
|  40|0x0000000087800000, 0x0000000087800000, 0x0000000087900000|  0%| F|  |TAMS 0x0000000087800000, 0x0000000087800000| Untracked 
|  41|0x0000000087900000, 0x0000000087900000, 0x0000000087a00000|  0%| F|  |TAMS 0x0000000087900000, 0x0000000087900000| Untracked 
|  42|0x0000000087a00000, 0x0000000087a00000, 0x0000000087b00000|  0%| F|  |TAMS 0x0000000087a00000, 0x0000000087a00000| Untracked 
|  43|0x0000000087b00000, 0x0000000087b00000, 0x0000000087c00000|  0%| F|  |TAMS 0x0000000087b00000, 0x0000000087b00000| Untracked 
|  44|0x0000000087c00000, 0x0000000087c00000, 0x0000000087d00000|  0%| F|  |TAMS 0x0000000087c00000, 0x0000000087c00000| Untracked 
|  45|0x0000000087d00000, 0x0000000087d00000, 0x0000000087e00000|  0%| F|  |TAMS 0x0000000087d00000, 0x0000000087d00000| Untracked 
|  46|0x0000000087e00000, 0x0000000087e00000, 0x0000000087f00000|  0%| F|  |TAMS 0x0000000087e00000, 0x0000000087e00000| Untracked 
|  47|0x0000000087f00000, 0x0000000087f00000, 0x0000000088000000|  0%| F|  |TAMS 0x0000000087f00000, 0x0000000087f00000| Untracked 
|  48|0x0000000088000000, 0x0000000088000000, 0x0000000088100000|  0%| F|  |TAMS 0x0000000088000000, 0x0000000088000000| Untracked 
|  49|0x0000000088100000, 0x0000000088100000, 0x0000000088200000|  0%| F|  |TAMS 0x0000000088100000, 0x0000000088100000| Untracked 
|  50|0x0000000088200000, 0x0000000088200000, 0x0000000088300000|  0%| F|  |TAMS 0x0000000088200000, 0x0000000088200000| Untracked 
|  51|0x0000000088300000, 0x0000000088300000, 0x0000000088400000|  0%| F|  |TAMS 0x0000000088300000, 0x0000000088300000| Untracked 
|  52|0x0000000088400000, 0x0000000088400000, 0x0000000088500000|  0%| F|  |TAMS 0x0000000088400000, 0x0000000088400000| Untracked 
|  53|0x0000000088500000, 0x0000000088500000, 0x0000000088600000|  0%| F|  |TAMS 0x0000000088500000, 0x0000000088500000| Untracked 
|  54|0x0000000088600000, 0x0000000088600000, 0x0000000088700000|  0%| F|  |TAMS 0x0000000088600000, 0x0000000088600000| Untracked 
|  55|0x0000000088700000, 0x0000000088700000, 0x0000000088800000|  0%| F|  |TAMS 0x0000000088700000, 0x0000000088700000| Untracked 
|  56|0x0000000088800000, 0x0000000088800000, 0x0000000088900000|  0%| F|  |TAMS 0x0000000088800000, 0x0000000088800000| Untracked 
|  57|0x0000000088900000, 0x0000000088900000, 0x0000000088a00000|  0%| F|  |TAMS 0x0000000088900000, 0x0000000088900000| Untracked 
|  58|0x0000000088a00000, 0x0000000088a00000, 0x0000000088b00000|  0%| F|  |TAMS 0x0000000088a00000, 0x0000000088a00000| Untracked 
|  59|0x0000000088b00000, 0x0000000088b00000, 0x0000000088c00000|  0%| F|  |TAMS 0x0000000088b00000, 0x0000000088b00000| Untracked 
|  60|0x0000000088c00000, 0x0000000088c00000, 0x0000000088d00000|  0%| F|  |TAMS 0x0000000088c00000, 0x0000000088c00000| Untracked 
|  61|0x0000000088d00000, 0x0000000088d00000, 0x0000000088e00000|  0%| F|  |TAMS 0x0000000088d00000, 0x0000000088d00000| Untracked 
|  62|0x0000000088e00000, 0x0000000088e00000, 0x0000000088f00000|  0%| F|  |TAMS 0x0000000088e00000, 0x0000000088e00000| Untracked 
|  63|0x0000000088f00000, 0x0000000088f00000, 0x0000000089000000|  0%| F|  |TAMS 0x0000000088f00000, 0x0000000088f00000| Untracked 
|  64|0x0000000089000000, 0x0000000089000000, 0x0000000089100000|  0%| F|  |TAMS 0x0000000089000000, 0x0000000089000000| Untracked 
|  65|0x0000000089100000, 0x0000000089100000, 0x0000000089200000|  0%| F|  |TAMS 0x0000000089100000, 0x0000000089100000| Untracked 
|  66|0x0000000089200000, 0x0000000089200000, 0x0000000089300000|  0%| F|  |TAMS 0x0000000089200000, 0x0000000089200000| Untracked 
|  67|0x0000000089300000, 0x0000000089300000, 0x0000000089400000|  0%| F|  |TAMS 0x0000000089300000, 0x0000000089300000| Untracked 
|  68|0x0000000089400000, 0x0000000089400000, 0x0000000089500000|  0%| F|  |TAMS 0x0000000089400000, 0x0000000089400000| Untracked 
|  69|0x0000000089500000, 0x0000000089500000, 0x0000000089600000|  0%| F|  |TAMS 0x0000000089500000, 0x0000000089500000| Untracked 
|  70|0x0000000089600000, 0x0000000089600000, 0x0000000089700000|  0%| F|  |TAMS 0x0000000089600000, 0x0000000089600000| Untracked 
|  71|0x0000000089700000, 0x0000000089700000, 0x0000000089800000|  0%| F|  |TAMS 0x0000000089700000, 0x0000000089700000| Untracked 
|  72|0x0000000089800000, 0x0000000089800000, 0x0000000089900000|  0%| F|  |TAMS 0x0000000089800000, 0x0000000089800000| Untracked 
|  73|0x0000000089900000, 0x0000000089900000, 0x0000000089a00000|  0%| F|  |TAMS 0x0000000089900000, 0x0000000089900000| Untracked 
|  74|0x0000000089a00000, 0x0000000089a00000, 0x0000000089b00000|  0%| F|  |TAMS 0x0000000089a00000, 0x0000000089a00000| Untracked 
|  75|0x0000000089b00000, 0x0000000089b00000, 0x0000000089c00000|  0%| F|  |TAMS 0x0000000089b00000, 0x0000000089b00000| Untracked 
|  76|0x0000000089c00000, 0x0000000089c00000, 0x0000000089d00000|  0%| F|  |TAMS 0x0000000089c00000, 0x0000000089c00000| Untracked 
|  77|0x0000000089d00000, 0x0000000089d00000, 0x0000000089e00000|  0%| F|  |TAMS 0x0000000089d00000, 0x0000000089d00000| Untracked 
|  78|0x0000000089e00000, 0x0000000089e00000, 0x0000000089f00000|  0%| F|  |TAMS 0x0000000089e00000, 0x0000000089e00000| Untracked 
|  79|0x0000000089f00000, 0x0000000089f00000, 0x000000008a000000|  0%| F|  |TAMS 0x0000000089f00000, 0x0000000089f00000| Untracked 
|  80|0x000000008a000000, 0x000000008a000000, 0x000000008a100000|  0%| F|  |TAMS 0x000000008a000000, 0x000000008a000000| Untracked 
|  81|0x000000008a100000, 0x000000008a100000, 0x000000008a200000|  0%| F|  |TAMS 0x000000008a100000, 0x000000008a100000| Untracked 
|  82|0x000000008a200000, 0x000000008a200000, 0x000000008a300000|  0%| F|  |TAMS 0x000000008a200000, 0x000000008a200000| Untracked 
|  83|0x000000008a300000, 0x000000008a300000, 0x000000008a400000|  0%| F|  |TAMS 0x000000008a300000, 0x000000008a300000| Untracked 
|  84|0x000000008a400000, 0x000000008a400000, 0x000000008a500000|  0%| F|  |TAMS 0x000000008a400000, 0x000000008a400000| Untracked 
|  85|0x000000008a500000, 0x000000008a500000, 0x000000008a600000|  0%| F|  |TAMS 0x000000008a500000, 0x000000008a500000| Untracked 
|  86|0x000000008a600000, 0x000000008a600000, 0x000000008a700000|  0%| F|  |TAMS 0x000000008a600000, 0x000000008a600000| Untracked 
|  87|0x000000008a700000, 0x000000008a700000, 0x000000008a800000|  0%| F|  |TAMS 0x000000008a700000, 0x000000008a700000| Untracked 
|  88|0x000000008a800000, 0x000000008a800000, 0x000000008a900000|  0%| F|  |TAMS 0x000000008a800000, 0x000000008a800000| Untracked 
|  89|0x000000008a900000, 0x000000008a900000, 0x000000008aa00000|  0%| F|  |TAMS 0x000000008a900000, 0x000000008a900000| Untracked 
|  90|0x000000008aa00000, 0x000000008aa00000, 0x000000008ab00000|  0%| F|  |TAMS 0x000000008aa00000, 0x000000008aa00000| Untracked 
|  91|0x000000008ab00000, 0x000000008ab00000, 0x000000008ac00000|  0%| F|  |TAMS 0x000000008ab00000, 0x000000008ab00000| Untracked 
|  92|0x000000008ac00000, 0x000000008ac00000, 0x000000008ad00000|  0%| F|  |TAMS 0x000000008ac00000, 0x000000008ac00000| Untracked 
|  93|0x000000008ad00000, 0x000000008ad00000, 0x000000008ae00000|  0%| F|  |TAMS 0x000000008ad00000, 0x000000008ad00000| Untracked 
|  94|0x000000008ae00000, 0x000000008ae00000, 0x000000008af00000|  0%| F|  |TAMS 0x000000008ae00000, 0x000000008ae00000| Untracked 
|  95|0x000000008af00000, 0x000000008af00000, 0x000000008b000000|  0%| F|  |TAMS 0x000000008af00000, 0x000000008af00000| Untracked 
|  96|0x000000008b000000, 0x000000008b000000, 0x000000008b100000|  0%| F|  |TAMS 0x000000008b000000, 0x000000008b000000| Untracked 
|  97|0x000000008b100000, 0x000000008b100000, 0x000000008b200000|  0%| F|  |TAMS 0x000000008b100000, 0x000000008b100000| Untracked 
|  98|0x000000008b200000, 0x000000008b200000, 0x000000008b300000|  0%| F|  |TAMS 0x000000008b200000, 0x000000008b200000| Untracked 
|  99|0x000000008b300000, 0x000000008b300000, 0x000000008b400000|  0%| F|  |TAMS 0x000000008b300000, 0x000000008b300000| Untracked 
| 100|0x000000008b400000, 0x000000008b400000, 0x000000008b500000|  0%| F|  |TAMS 0x000000008b400000, 0x000000008b400000| Untracked 
| 101|0x000000008b500000, 0x000000008b500000, 0x000000008b600000|  0%| F|  |TAMS 0x000000008b500000, 0x000000008b500000| Untracked 
| 102|0x000000008b600000, 0x000000008b600000, 0x000000008b700000|  0%| F|  |TAMS 0x000000008b600000, 0x000000008b600000| Untracked 
| 103|0x000000008b700000, 0x000000008b700000, 0x000000008b800000|  0%| F|  |TAMS 0x000000008b700000, 0x000000008b700000| Untracked 
| 104|0x000000008b800000, 0x000000008b800000, 0x000000008b900000|  0%| F|  |TAMS 0x000000008b800000, 0x000000008b800000| Untracked 
| 105|0x000000008b900000, 0x000000008b900000, 0x000000008ba00000|  0%| F|  |TAMS 0x000000008b900000, 0x000000008b900000| Untracked 
| 106|0x000000008ba00000, 0x000000008ba00000, 0x000000008bb00000|  0%| F|  |TAMS 0x000000008ba00000, 0x000000008ba00000| Untracked 
| 107|0x000000008bb00000, 0x000000008bb00000, 0x000000008bc00000|  0%| F|  |TAMS 0x000000008bb00000, 0x000000008bb00000| Untracked 
| 108|0x000000008bc00000, 0x000000008bc00000, 0x000000008bd00000|  0%| F|  |TAMS 0x000000008bc00000, 0x000000008bc00000| Untracked 
| 109|0x000000008bd00000, 0x000000008bd00000, 0x000000008be00000|  0%| F|  |TAMS 0x000000008bd00000, 0x000000008bd00000| Untracked 
| 110|0x000000008be00000, 0x000000008bf00000, 0x000000008bf00000|100%| E|CS|TAMS 0x000000008be00000, 0x000000008be00000| Complete 
| 111|0x000000008bf00000, 0x000000008c000000, 0x000000008c000000|100%| E|CS|TAMS 0x000000008bf00000, 0x000000008bf00000| Complete 
| 112|0x000000008c000000, 0x000000008c100000, 0x000000008c100000|100%| E|CS|TAMS 0x000000008c000000, 0x000000008c000000| Complete 
| 113|0x000000008c100000, 0x000000008c200000, 0x000000008c200000|100%| E|CS|TAMS 0x000000008c100000, 0x000000008c100000| Complete 
| 114|0x000000008c200000, 0x000000008c300000, 0x000000008c300000|100%| E|CS|TAMS 0x000000008c200000, 0x000000008c200000| Complete 
| 115|0x000000008c300000, 0x000000008c400000, 0x000000008c400000|100%| E|CS|TAMS 0x000000008c300000, 0x000000008c300000| Complete 
| 116|0x000000008c400000, 0x000000008c500000, 0x000000008c500000|100%| E|CS|TAMS 0x000000008c400000, 0x000000008c400000| Complete 
| 117|0x000000008c500000, 0x000000008c600000, 0x000000008c600000|100%| E|CS|TAMS 0x000000008c500000, 0x000000008c500000| Complete 
| 118|0x000000008c600000, 0x000000008c700000, 0x000000008c700000|100%| E|CS|TAMS 0x000000008c600000, 0x000000008c600000| Complete 
| 119|0x000000008c700000, 0x000000008c800000, 0x000000008c800000|100%| E|CS|TAMS 0x000000008c700000, 0x000000008c700000| Complete 
| 120|0x000000008c800000, 0x000000008c900000, 0x000000008c900000|100%| E|CS|TAMS 0x000000008c800000, 0x000000008c800000| Complete 
| 121|0x000000008c900000, 0x000000008ca00000, 0x000000008ca00000|100%| E|CS|TAMS 0x000000008c900000, 0x000000008c900000| Complete 
| 122|0x000000008ca00000, 0x000000008cb00000, 0x000000008cb00000|100%| E|CS|TAMS 0x000000008ca00000, 0x000000008ca00000| Complete 
| 123|0x000000008cb00000, 0x000000008cc00000, 0x000000008cc00000|100%| E|CS|TAMS 0x000000008cb00000, 0x000000008cb00000| Complete 
|1966|0x00000000ffe00000, 0x00000000ffe34000, 0x00000000fff00000| 20%|OA|  |TAMS 0x00000000ffe00000, 0x00000000ffe00000| Untracked 
|1967|0x00000000fff00000, 0x00000000fff6a000, 0x0000000100000000| 41%|CA|  |TAMS 0x00000000fff00000, 0x00000000fff00000| Untracked 

Card table byte_map: [0x00007f63dad4c000,0x00007f63db124000] _byte_map_base: 0x00007f63da924000

Marking Bits (Prev, Next): (CMBitMap*) 0x00007f63d404f5d8, (CMBitMap*) 0x00007f63d404f610
 Prev Bits: [0x00007f63d8ab4000, 0x00007f63da974000)
 Next Bits: [0x00007f63b6140000, 0x00007f63b8000000)

Polling page: 0x00007f63dbc15000

Metaspace:

Usage:
  Non-class:      4.78 MB capacity,     4.60 MB ( 96%) used,   151.34 KB (  3%) free+waste,    28.81 KB ( <1%) overhead. 
      Class:    771.00 KB capacity,   590.62 KB ( 77%) used,   162.13 KB ( 21%) free+waste,    18.25 KB (  2%) overhead. 
       Both:      5.53 MB capacity,     5.18 MB ( 94%) used,   313.47 KB (  6%) free+waste,    47.06 KB ( <1%) overhead. 

Virtual space:
  Non-class space:        8.00 MB reserved,       5.00 MB ( 62%) committed 
      Class space:        1.00 GB reserved,     896.00 KB ( <1%) committed 
             Both:        1.01 GB reserved,       5.88 MB ( <1%) committed 

Chunk freelists:
   Non-Class:  9.00 KB
       Class:  29.00 KB
        Both:  38.00 KB

CodeHeap 'non-profiled nmethods': size=120032Kb used=235Kb max_used=235Kb free=119796Kb
 bounds [0x00007f63c441e000, 0x00007f63c468e000, 0x00007f63cb956000]
CodeHeap 'profiled nmethods': size=120032Kb used=1186Kb max_used=1186Kb free=118845Kb
 bounds [0x00007f63bcee6000, 0x00007f63bd156000, 0x00007f63c441e000]
CodeHeap 'non-nmethods': size=5696Kb used=1183Kb max_used=1219Kb free=4512Kb
 bounds [0x00007f63bc956000, 0x00007f63bcbc6000, 0x00007f63bcee6000]
 total_blobs=1308 nmethods=654 adapters=456
 compilation: enabled
              stopped_count=0, restarted_count=0
 full_count=0

Compilation events (10 events):
Event: 1.258 Thread 0x00007f63d4112800  650       1       java.net.URL::getHost (5 bytes)
Event: 1.259 Thread 0x00007f63d4112800 nmethod 650 0x00007f63c4458690 code [0x00007f63c4458840, 0x00007f63c4458970]
Event: 1.259 Thread 0x00007f63d4112800  651       3       java.lang.String::lastIndexOf (29 bytes)
Event: 1.259 Thread 0x00007f63d4112800 nmethod 651 0x00007f63bd00d710 code [0x00007f63bd00d8e0, 0x00007f63bd00dbd8]
Event: 1.260 Thread 0x00007f63d4112800  652       3       java.lang.String::lastIndexOf (12 bytes)
Event: 1.260 Thread 0x00007f63d4112800 nmethod 652 0x00007f63bd00dd10 code [0x00007f63bd00df00, 0x00007f63bd00e358]
Event: 1.260 Thread 0x00007f63d4112800  653       3       java.lang.String::startsWith (7 bytes)
Event: 1.260 Thread 0x00007f63d4112800 nmethod 653 0x00007f63bd00e510 code [0x00007f63bd00e6c0, 0x00007f63bd00e868]
Event: 1.260 Thread 0x00007f63d4112800  654       1       java.net.URL::getProtocol (5 bytes)
Event: 1.261 Thread 0x00007f63d4112800 nmethod 654 0x00007f63c4458a10 code [0x00007f63c4458bc0, 0x00007f63c4458cf0]

GC Heap History (0 events):
No events

Deoptimization events (10 events):
Event: 1.256 Thread 0x00007f63d4464800 DEOPT PACKING pc=0x00007f63bcfdce54 sp=0x00007f636f6fc660
Event: 1.256 Thread 0x00007f63d4464800 DEOPT UNPACKING pc=0x00007f63bc97e83a sp=0x00007f636f6fbaf0 mode 0
Event: 1.256 Thread 0x00007f63d4464800 DEOPT PACKING pc=0x00007f63bcfdce54 sp=0x00007f636f6fc660
Event: 1.256 Thread 0x00007f63d4464800 DEOPT UNPACKING pc=0x00007f63bc97e83a sp=0x00007f636f6fbaf0 mode 0
Event: 1.256 Thread 0x00007f63d4464800 DEOPT PACKING pc=0x00007f63bcfdce54 sp=0x00007f636f6fc660
Event: 1.256 Thread 0x00007f63d4464800 DEOPT UNPACKING pc=0x00007f63bc97e83a sp=0x00007f636f6fbaf0 mode 0
Event: 1.256 Thread 0x00007f63d4464800 Uncommon trap: trap_request=0xffffff4d fr.pc=0x00007f63c445421c relative=0x000000000000103c
Event: 1.256 Thread 0x00007f63d4464800 Uncommon trap: reason=unstable_if action=reinterpret pc=0x00007f63c445421c method=sun.awt.image.PNGImageDecoder.produceImage()V @ 867 c2
Event: 1.256 Thread 0x00007f63d4464800 DEOPT PACKING pc=0x00007f63c445421c sp=0x00007f636f6fc6e0
Event: 1.256 Thread 0x00007f63d4464800 DEOPT UNPACKING pc=0x00007f63bc97ea25 sp=0x00007f636f6fc650 mode 2

Classes redefined (0 events):
No events

Internal exceptions (10 events):
Event: 0.226 Thread 0x00007f63d4011800 Exception <a 'java/lang/NoSuchMethodError'{0x000000008c879298}: 'java.lang.Object java.lang.invoke.DirectMethodHandle$Holder.invokeStatic(java.lang.Object, int, java.lang.Object, java.lang.Object, java.lang.Object)'> (0x000000008c879298) thrown at [/build
Event: 0.226 Thread 0x00007f63d4011800 Exception <a 'java/lang/NoSuchMethodError'{0x000000008c87cde0}: 'java.lang.Object java.lang.invoke.DirectMethodHandle$Holder.invokeSpecial(java.lang.Object, java.lang.Object, int, java.lang.Object, java.lang.Object, java.lang.Object)'> (0x000000008c87cde0
Event: 0.229 Thread 0x00007f63d4011800 Exception <a 'java/lang/NoSuchMethodError'{0x000000008c894900}: 'java.lang.Object java.lang.invoke.DirectMethodHandle$Holder.invokeStatic(java.lang.Object, int, java.lang.Object)'> (0x000000008c894900) thrown at [/build/openjdk-lts-ZT5jEu/openjdk-lts-11.0
Event: 1.015 Thread 0x00007f63d4011800 Exception <a 'java/lang/NoSuchMethodError'{0x000000008c72db58}: 'java.lang.Object java.lang.invoke.DirectMethodHandle$Holder.invokeStatic(java.lang.Object, java.lang.Object, java.lang.Object, java.lang.Object, java.lang.Object, java.lang.Object, java.lang
Event: 1.017 Thread 0x00007f63d4011800 Exception <a 'java/lang/NoSuchMethodError'{0x000000008c747ab8}: 'java.lang.Object java.lang.invoke.DirectMethodHandle$Holder.invokeStatic(java.lang.Object, java.lang.Object, java.lang.Object, java.lang.Object, java.lang.Object, java.lang.Object, java.lang
Event: 1.019 Thread 0x00007f63d4011800 Exception <a 'java/lang/NoSuchMethodError'{0x000000008c753e80}: 'void java.lang.invoke.DirectMethodHandle$Holder.invokeSpecial(java.lang.Object, java.lang.Object)'> (0x000000008c753e80) thrown at [/build/openjdk-lts-ZT5jEu/openjdk-lts-11.0.4+11/src/hotspo
Event: 1.086 Thread 0x00007f63d4011800 Exception <a 'java/lang/NoSuchMethodError'{0x000000008c6a2260}: 'java.lang.Object java.lang.invoke.Invokers$Holder.linkToTargetMethod(java.lang.Object, int, java.lang.Object)'> (0x000000008c6a2260) thrown at [/build/openjdk-lts-ZT5jEu/openjdk-lts-11.0.4+1
Event: 1.102 Thread 0x00007f63d4011800 Exception <a 'java/lang/ClassNotFoundException'{0x000000008c6e4be8}: com/sun/swing/internal/plaf/metal/resources/spi/metalProvider> (0x000000008c6e4be8) thrown at [/build/openjdk-lts-ZT5jEu/openjdk-lts-11.0.4+11/src/hotspot/share/classfile/systemDictionar
Event: 1.105 Thread 0x00007f63d4011800 Exception <a 'java/lang/ClassNotFoundException'{0x000000008c6e8af0}: com/sun/swing/internal/plaf/basic/resources/spi/basicProvider> (0x000000008c6e8af0) thrown at [/build/openjdk-lts-ZT5jEu/openjdk-lts-11.0.4+11/src/hotspot/share/classfile/systemDictionar
Event: 1.261 Thread 0x00007f63d446c800 Exception <a 'java/lang/NoSuchMethodError'{0x000000008bed9ee0}: getRobot> (0x000000008bed9ee0) thrown at [/build/openjdk-lts-ZT5jEu/openjdk-lts-11.0.4+11/src/hotspot/share/prims/jni.cpp, line 1364]

Events (10 events):
Event: 1.260 loading class AI_Robot done
Event: 1.260 loading class AIGroup
Event: 1.260 loading class AIGroup done
Event: 1.261 loading class CRobot$1
Event: 1.261 loading class CRobot$1 done
Event: 1.261 Thread 0x00007f63d446c800 Thread added: 0x00007f63d446c800
Event: 1.261 loading class AI_Robot$1
Event: 1.261 loading class AI_Robot$1 done
Event: 1.261 Executing VM operation: RevokeBias
Event: 1.261 Executing VM operation: RevokeBias done


Dynamic libraries:
85000000-8cc00000 rw-p 00000000 00:00 0 
8cc00000-ffe00000 ---p 00000000 00:00 0 
ffe00000-ffe34000 rw-p 01116000 08:02 23990720                           /usr/lib/jvm/java-11-openjdk-amd64/lib/server/classes.jsa
ffe34000-fff00000 rw-p 00000000 00:00 0 
fff00000-fff6a000 rw-p 010ac000 08:02 23990720                           /usr/lib/jvm/java-11-openjdk-amd64/lib/server/classes.jsa
fff6a000-100000000 rw-p 00000000 00:00 0 
800000000-800002000 rwxp 00001000 08:02 23990720                         /usr/lib/jvm/java-11-openjdk-amd64/lib/server/classes.jsa
800002000-8003bd000 rw-p 00003000 08:02 23990720                         /usr/lib/jvm/java-11-openjdk-amd64/lib/server/classes.jsa
8003bd000-800a98000 r--p 003be000 08:02 23990720                         /usr/lib/jvm/java-11-openjdk-amd64/lib/server/classes.jsa
800a98000-800a99000 rw-p 00a99000 08:02 23990720                         /usr/lib/jvm/java-11-openjdk-amd64/lib/server/classes.jsa
800a99000-8010ab000 r--p 00a9a000 08:02 23990720                         /usr/lib/jvm/java-11-openjdk-amd64/lib/server/classes.jsa
840000000-8400e0000 rw-p 00000000 00:00 0 
8400e0000-880000000 ---p 00000000 00:00 0 
5595eeb2d000-5595eeb2e000 r--p 00000000 08:02 23597129                   /usr/lib/jvm/java-11-openjdk-amd64/bin/java
5595eeb2e000-5595eeb2f000 r-xp 00001000 08:02 23597129                   /usr/lib/jvm/java-11-openjdk-amd64/bin/java
5595eeb2f000-5595eeb30000 r--p 00002000 08:02 23597129                   /usr/lib/jvm/java-11-openjdk-amd64/bin/java
5595eeb30000-5595eeb31000 r--p 00002000 08:02 23597129                   /usr/lib/jvm/java-11-openjdk-amd64/bin/java
5595eeb31000-5595eeb32000 rw-p 00003000 08:02 23597129                   /usr/lib/jvm/java-11-openjdk-amd64/bin/java
5595eec08000-5595eec29000 rw-p 00000000 00:00 0                          [heap]
7f6348000000-7f6348021000 rw-p 00000000 00:00 0 
7f6348021000-7f634c000000 ---p 00000000 00:00 0 
7f634c000000-7f634c021000 rw-p 00000000 00:00 0 
7f634c021000-7f6350000000 ---p 00000000 00:00 0 
7f6350000000-7f6350021000 rw-p 00000000 00:00 0 
7f6350021000-7f6354000000 ---p 00000000 00:00 0 
7f6354000000-7f6354021000 rw-p 00000000 00:00 0 
7f6354021000-7f6358000000 ---p 00000000 00:00 0 
7f6358000000-7f6358040000 rw-p 00000000 00:00 0 
7f6358040000-7f635c000000 ---p 00000000 00:00 0 
7f635c000000-7f635c10e000 rw-p 00000000 00:00 0 
7f635c10e000-7f6360000000 ---p 00000000 00:00 0 
7f6360000000-7f6360021000 rw-p 00000000 00:00 0 
7f6360021000-7f6364000000 ---p 00000000 00:00 0 
7f6364000000-7f6364021000 rw-p 00000000 00:00 0 
7f6364021000-7f6368000000 ---p 00000000 00:00 0 
7f6368000000-7f6368021000 rw-p 00000000 00:00 0 
7f6368021000-7f636c000000 ---p 00000000 00:00 0 
7f636f0f8000-7f636f0fc000 ---p 00000000 00:00 0 
7f636f0fc000-7f636f1f9000 rw-p 00000000 00:00 0 
7f636f1f9000-7f636f1fd000 ---p 00000000 00:00 0 
7f636f1fd000-7f636f2fa000 rw-p 00000000 00:00 0 
7f636f2fa000-7f636f2fe000 ---p 00000000 00:00 0 
7f636f2fe000-7f636f3fb000 rw-p 00000000 00:00 0 
7f636f3fb000-7f636f3ff000 ---p 00000000 00:00 0 
7f636f3ff000-7f636f4fc000 rw-p 00000000 00:00 0 
7f636f4fc000-7f636f500000 ---p 00000000 00:00 0 
7f636f500000-7f636f5fd000 rw-p 00000000 00:00 0 
7f636f5fd000-7f636f601000 ---p 00000000 00:00 0 
7f636f601000-7f636f6fe000 rw-p 00000000 00:00 0 
7f636f6fe000-7f636f702000 ---p 00000000 00:00 0 
7f636f702000-7f636f7ff000 rw-p 00000000 00:00 0 
7f636f7ff000-7f636f800000 ---p 00000000 00:00 0 
7f636f800000-7f6370000000 rw-p 00000000 00:00 0 
7f6370000000-7f6370021000 rw-p 00000000 00:00 0 
7f6370021000-7f6374000000 ---p 00000000 00:00 0 
7f6374000000-7f6374021000 rw-p 00000000 00:00 0 
7f6374021000-7f6378000000 ---p 00000000 00:00 0 
7f6378000000-7f6378021000 rw-p 00000000 00:00 0 
7f6378021000-7f637c000000 ---p 00000000 00:00 0 
7f637c000000-7f637c021000 rw-p 00000000 00:00 0 
7f637c021000-7f6380000000 ---p 00000000 00:00 0 
7f6380000000-7f6380021000 rw-p 00000000 00:00 0 
7f6380021000-7f6384000000 ---p 00000000 00:00 0 
7f6384000000-7f6384021000 rw-p 00000000 00:00 0 
7f6384021000-7f6388000000 ---p 00000000 00:00 0 
7f6388000000-7f6388525000 rw-p 00000000 00:00 0 
7f6388525000-7f638c000000 ---p 00000000 00:00 0 
7f638c000000-7f638c3fd000 rw-p 00000000 00:00 0 
7f638c3fd000-7f6390000000 ---p 00000000 00:00 0 
7f6390000000-7f6390021000 rw-p 00000000 00:00 0 
7f6390021000-7f6394000000 ---p 00000000 00:00 0 
7f639401a000-7f639401e000 ---p 00000000 00:00 0 
7f639401e000-7f639411b000 rw-p 00000000 00:00 0 
7f639411b000-7f6394120000 r-xp 00000000 08:02 23600531                   /usr/lib/x86_64-linux-gnu/libXfixes.so.3.1.0
7f6394120000-7f639431f000 ---p 00005000 08:02 23600531                   /usr/lib/x86_64-linux-gnu/libXfixes.so.3.1.0
7f639431f000-7f6394320000 r--p 00004000 08:02 23600531                   /usr/lib/x86_64-linux-gnu/libXfixes.so.3.1.0
7f6394320000-7f6394321000 rw-p 00005000 08:02 23600531                   /usr/lib/x86_64-linux-gnu/libXfixes.so.3.1.0
7f6394321000-7f6394323000 r--p 00000000 08:02 23600523                   /usr/lib/x86_64-linux-gnu/libXcursor.so.1.0.2
7f6394323000-7f6394328000 r-xp 00002000 08:02 23600523                   /usr/lib/x86_64-linux-gnu/libXcursor.so.1.0.2
7f6394328000-7f639432a000 r--p 00007000 08:02 23600523                   /usr/lib/x86_64-linux-gnu/libXcursor.so.1.0.2
7f639432a000-7f639432b000 r--p 00008000 08:02 23600523                   /usr/lib/x86_64-linux-gnu/libXcursor.so.1.0.2
7f639432b000-7f639432c000 rw-p 00009000 08:02 23600523                   /usr/lib/x86_64-linux-gnu/libXcursor.so.1.0.2
7f6394339000-7f639433a000 r--p 00000000 08:02 27001592                   /home/kramer/Downloads/RobotArena-master/RobotAreana/AIBasic/build/libs/mynativelibrary/shared/libmynativelibrary.so
7f639433a000-7f639433b000 r-xp 00001000 08:02 27001592                   /home/kramer/Downloads/RobotArena-master/RobotAreana/AIBasic/build/libs/mynativelibrary/shared/libmynativelibrary.so
7f639433b000-7f639433c000 r--p 00002000 08:02 27001592                   /home/kramer/Downloads/RobotArena-master/RobotAreana/AIBasic/build/libs/mynativelibrary/shared/libmynativelibrary.so
7f639433c000-7f639433d000 r--p 00002000 08:02 27001592                   /home/kramer/Downloads/RobotArena-master/RobotAreana/AIBasic/build/libs/mynativelibrary/shared/libmynativelibrary.so
7f639433d000-7f639433e000 rw-p 00003000 08:02 27001592                   /home/kramer/Downloads/RobotArena-master/RobotAreana/AIBasic/build/libs/mynativelibrary/shared/libmynativelibrary.so
7f639433e000-7f639433f000 ---p 00000000 00:00 0 
7f639433f000-7f6394b3f000 rw-p 00000000 00:00 0 
7f6394b3f000-7f6394b40000 ---p 00000000 00:00 0 
7f6394b40000-7f6395340000 rw-p 00000000 00:00 0 
7f6395340000-7f6395366000 r--p 00000000 08:02 25043479                   /usr/share/glib-2.0/schemas/gschemas.compiled
7f6395366000-7f6395368000 r--p 00000000 08:02 23601822                   /usr/lib/x86_64-linux-gnu/libuuid.so.1.3.0
7f6395368000-7f639536c000 r-xp 00002000 08:02 23601822                   /usr/lib/x86_64-linux-gnu/libuuid.so.1.3.0
7f639536c000-7f639536d000 r--p 00006000 08:02 23601822                   /usr/lib/x86_64-linux-gnu/libuuid.so.1.3.0
7f639536d000-7f639536e000 r--p 00006000 08:02 23601822                   /usr/lib/x86_64-linux-gnu/libuuid.so.1.3.0
7f639536e000-7f639536f000 rw-p 00007000 08:02 23601822                   /usr/lib/x86_64-linux-gnu/libuuid.so.1.3.0
7f639536f000-7f6395379000 r--p 00000000 08:02 23600663                   /usr/lib/x86_64-linux-gnu/libblkid.so.1.1.0
7f6395379000-7f63953ad000 r-xp 0000a000 08:02 23600663                   /usr/lib/x86_64-linux-gnu/libblkid.so.1.1.0
7f63953ad000-7f63953bd000 r--p 0003e000 08:02 23600663                   /usr/lib/x86_64-linux-gnu/libblkid.so.1.1.0
7f63953bd000-7f63953be000 ---p 0004e000 08:02 23600663                   /usr/lib/x86_64-linux-gnu/libblkid.so.1.1.0
7f63953be000-7f63953c3000 r--p 0004e000 08:02 23600663                   /usr/lib/x86_64-linux-gnu/libblkid.so.1.1.0
7f63953c3000-7f63953c4000 rw-p 00053000 08:02 23600663                   /usr/lib/x86_64-linux-gnu/libblkid.so.1.1.0
7f63953c4000-7f63953c6000 r--p 00000000 08:02 23601506                   /usr/lib/x86_64-linux-gnu/libpcre.so.3.13.3
7f63953c6000-7f6395418000 r-xp 00002000 08:02 23601506                   /usr/lib/x86_64-linux-gnu/libpcre.so.3.13.3
7f6395418000-7f6395436000 r--p 00054000 08:02 23601506                   /usr/lib/x86_64-linux-gnu/libpcre.so.3.13.3
7f6395436000-7f6395437000 r--p 00071000 08:02 23601506                   /usr/lib/x86_64-linux-gnu/libpcre.so.3.13.3
7f6395437000-7f6395438000 rw-p 00072000 08:02 23601506                   /usr/lib/x86_64-linux-gnu/libpcre.so.3.13.3
7f6395438000-7f639543c000 r--p 00000000 08:02 23601610                   /usr/lib/x86_64-linux-gnu/libresolv-2.29.so
7f639543c000-7f639544b000 r-xp 00004000 08:02 23601610                   /usr/lib/x86_64-linux-gnu/libresolv-2.29.so
7f639544b000-7f639544e000 r--p 00013000 08:02 23601610                   /usr/lib/x86_64-linux-gnu/libresolv-2.29.so
7f639544e000-7f639544f000 ---p 00016000 08:02 23601610                   /usr/lib/x86_64-linux-gnu/libresolv-2.29.so
7f639544f000-7f6395450000 r--p 00016000 08:02 23601610                   /usr/lib/x86_64-linux-gnu/libresolv-2.29.so
7f6395450000-7f6395451000 rw-p 00017000 08:02 23601610                   /usr/lib/x86_64-linux-gnu/libresolv-2.29.so
7f6395451000-7f6395453000 rw-p 00000000 00:00 0 
7f6395453000-7f6395459000 r--p 00000000 08:02 23601661                   /usr/lib/x86_64-linux-gnu/libselinux.so.1
7f6395459000-7f6395471000 r-xp 00006000 08:02 23601661                   /usr/lib/x86_64-linux-gnu/libselinux.so.1
7f6395471000-7f6395478000 r--p 0001e000 08:02 23601661                   /usr/lib/x86_64-linux-gnu/libselinux.so.1
7f6395478000-7f6395479000 ---p 00025000 08:02 23601661                   /usr/lib/x86_64-linux-gnu/libselinux.so.1
7f6395479000-7f639547a000 r--p 00025000 08:02 23601661                   /usr/lib/x86_64-linux-gnu/libselinux.so.1
7f639547a000-7f639547b000 rw-p 00026000 08:02 23601661                   /usr/lib/x86_64-linux-gnu/libselinux.so.1
7f639547b000-7f639547d000 rw-p 00000000 00:00 0 
7f639547d000-7f6395488000 r--p 00000000 08:02 23601326                   /usr/lib/x86_64-linux-gnu/libmount.so.1.1.0
7f6395488000-7f63954c3000 r-xp 0000b000 08:02 23601326                   /usr/lib/x86_64-linux-gnu/libmount.so.1.1.0
7f63954c3000-7f63954d5000 r--p 00046000 08:02 23601326                   /usr/lib/x86_64-linux-gnu/libmount.so.1.1.0
7f63954d5000-7f63954d8000 r--p 00057000 08:02 23601326                   /usr/lib/x86_64-linux-gnu/libmount.so.1.1.0
7f63954d8000-7f63954d9000 rw-p 0005a000 08:02 23601326                   /usr/lib/x86_64-linux-gnu/libmount.so.1.1.0
7f63954d9000-7f63954e7000 r--p 00000000 08:02 23593408                   /usr/lib/x86_64-linux-gnu/libgobject-2.0.so.0.6000.0
7f63954e7000-7f6395519000 r-xp 0000e000 08:02 23593408                   /usr/lib/x86_64-linux-gnu/libgobject-2.0.so.0.6000.0
7f6395519000-7f6395531000 r--p 00040000 08:02 23593408                   /usr/lib/x86_64-linux-gnu/libgobject-2.0.so.0.6000.0
7f6395531000-7f6395534000 r--p 00057000 08:02 23593408                   /usr/lib/x86_64-linux-gnu/libgobject-2.0.so.0.6000.0
7f6395534000-7f6395535000 rw-p 0005a000 08:02 23593408                   /usr/lib/x86_64-linux-gnu/libgobject-2.0.so.0.6000.0
7f6395535000-7f6395550000 r--p 00000000 08:02 23593383                   /usr/lib/x86_64-linux-gnu/libglib-2.0.so.0.6000.0
7f6395550000-7f63955d0000 r-xp 0001b000 08:02 23593383                   /usr/lib/x86_64-linux-gnu/libglib-2.0.so.0.6000.0
7f63955d0000-7f6395652000 r--p 0009b000 08:02 23593383                   /usr/lib/x86_64-linux-gnu/libglib-2.0.so.0.6000.0
7f6395652000-7f6395653000 ---p 0011d000 08:02 23593383                   /usr/lib/x86_64-linux-gnu/libglib-2.0.so.0.6000.0
7f6395653000-7f6395654000 r--p 0011d000 08:02 23593383                   /usr/lib/x86_64-linux-gnu/libglib-2.0.so.0.6000.0
7f6395654000-7f6395655000 rw-p 0011e000 08:02 23593383                   /usr/lib/x86_64-linux-gnu/libglib-2.0.so.0.6000.0
7f6395655000-7f6395656000 rw-p 00000000 00:00 0 
7f6395656000-7f639568d000 r--p 00000000 08:02 23593360                   /usr/lib/x86_64-linux-gnu/libgio-2.0.so.0.6000.0
7f639568d000-7f639578e000 r-xp 00037000 08:02 23593360                   /usr/lib/x86_64-linux-gnu/libgio-2.0.so.0.6000.0
7f639578e000-7f6395814000 r--p 00138000 08:02 23593360                   /usr/lib/x86_64-linux-gnu/libgio-2.0.so.0.6000.0
7f6395814000-7f639581c000 r--p 001bd000 08:02 23593360                   /usr/lib/x86_64-linux-gnu/libgio-2.0.so.0.6000.0
7f639581c000-7f639581d000 rw-p 001c5000 08:02 23593360                   /usr/lib/x86_64-linux-gnu/libgio-2.0.so.0.6000.0
7f639581d000-7f639581f000 rw-p 00000000 00:00 0 
7f639581f000-7f6395829000 r-xp 00000000 08:02 23600547                   /usr/lib/x86_64-linux-gnu/libXrandr.so.2.2.0
7f6395829000-7f6395a28000 ---p 0000a000 08:02 23600547                   /usr/lib/x86_64-linux-gnu/libXrandr.so.2.2.0
7f6395a28000-7f6395a29000 r--p 00009000 08:02 23600547                   /usr/lib/x86_64-linux-gnu/libXrandr.so.2.2.0
7f6395a29000-7f6395a2a000 rw-p 0000a000 08:02 23600547                   /usr/lib/x86_64-linux-gnu/libXrandr.so.2.2.0
7f6395a2a000-7f6395a2f000 r--p 00000000 08:02 23601542                   /usr/lib/x86_64-linux-gnu/libpng16.so.16.36.0
7f6395a2f000-7f6395a53000 r-xp 00005000 08:02 23601542                   /usr/lib/x86_64-linux-gnu/libpng16.so.16.36.0
7f6395a53000-7f6395a5f000 r--p 00029000 08:02 23601542                   /usr/lib/x86_64-linux-gnu/libpng16.so.16.36.0
7f6395a5f000-7f6395a60000 r--p 00034000 08:02 23601542                   /usr/lib/x86_64-linux-gnu/libpng16.so.16.36.0
7f6395a60000-7f6395a61000 rw-p 00035000 08:02 23601542                   /usr/lib/x86_64-linux-gnu/libpng16.so.16.36.0
7f6395a61000-7f6395a6d000 r--p 00000000 08:02 23600949                   /usr/lib/x86_64-linux-gnu/libfreetype.so.6.16.1
7f6395a6d000-7f6395aea000 r-xp 0000c000 08:02 23600949                   /usr/lib/x86_64-linux-gnu/libfreetype.so.6.16.1
7f6395aea000-7f6395b13000 r--p 00089000 08:02 23600949                   /usr/lib/x86_64-linux-gnu/libfreetype.so.6.16.1
7f6395b13000-7f6395b14000 ---p 000b2000 08:02 23600949                   /usr/lib/x86_64-linux-gnu/libfreetype.so.6.16.1
7f6395b14000-7f6395b1b000 r--p 000b2000 08:02 23600949                   /usr/lib/x86_64-linux-gnu/libfreetype.so.6.16.1
7f6395b1b000-7f6395b1c000 rw-p 000b9000 08:02 23600949                   /usr/lib/x86_64-linux-gnu/libfreetype.so.6.16.1
7f6395b1c000-7f6395b20000 r--p 00000000 08:02 23990635                   /usr/lib/jvm/java-11-openjdk-amd64/lib/libfontmanager.so
7f6395b20000-7f6395c12000 r-xp 00004000 08:02 23990635                   /usr/lib/jvm/java-11-openjdk-amd64/lib/libfontmanager.so
7f6395c12000-7f6395c52000 r--p 000f6000 08:02 23990635                   /usr/lib/jvm/java-11-openjdk-amd64/lib/libfontmanager.so
7f6395c52000-7f6395c53000 r--p 00135000 08:02 23990635                   /usr/lib/jvm/java-11-openjdk-amd64/lib/libfontmanager.so
7f6395c53000-7f6395c54000 rw-p 00136000 08:02 23990635                   /usr/lib/jvm/java-11-openjdk-amd64/lib/libfontmanager.so
7f6395c54000-7f6395c57000 rw-p 00000000 00:00 0 
7f6395c57000-7f6395c5b000 r--p 00000000 08:02 23600683                   /usr/lib/x86_64-linux-gnu/libbsd.so.0.9.1
7f6395c5b000-7f6395c6a000 r-xp 00004000 08:02 23600683                   /usr/lib/x86_64-linux-gnu/libbsd.so.0.9.1
7f6395c6a000-7f6395c6d000 r--p 00013000 08:02 23600683                   /usr/lib/x86_64-linux-gnu/libbsd.so.0.9.1
7f6395c6d000-7f6395c6e000 ---p 00016000 08:02 23600683                   /usr/lib/x86_64-linux-gnu/libbsd.so.0.9.1
7f6395c6e000-7f6395c6f000 r--p 00016000 08:02 23600683                   /usr/lib/x86_64-linux-gnu/libbsd.so.0.9.1
7f6395c6f000-7f6395c70000 rw-p 00017000 08:02 23600683                   /usr/lib/x86_64-linux-gnu/libbsd.so.0.9.1
7f6395c70000-7f6395c71000 rw-p 00000000 00:00 0 
7f6395c71000-7f6395c76000 r-xp 00000000 08:02 23600527                   /usr/lib/x86_64-linux-gnu/libXdmcp.so.6.0.0
7f6395c76000-7f6395e75000 ---p 00005000 08:02 23600527                   /usr/lib/x86_64-linux-gnu/libXdmcp.so.6.0.0
7f6395e75000-7f6395e76000 r--p 00004000 08:02 23600527                   /usr/lib/x86_64-linux-gnu/libXdmcp.so.6.0.0
7f6395e76000-7f6395e77000 rw-p 00005000 08:02 23600527                   /usr/lib/x86_64-linux-gnu/libXdmcp.so.6.0.0
7f6395e77000-7f6395e79000 r-xp 00000000 08:02 23600516                   /usr/lib/x86_64-linux-gnu/libXau.so.6.0.0
7f6395e79000-7f6396079000 ---p 00002000 08:02 23600516                   /usr/lib/x86_64-linux-gnu/libXau.so.6.0.0
7f6396079000-7f639607a000 r--p 00002000 08:02 23600516                   /usr/lib/x86_64-linux-gnu/libXau.so.6.0.0
7f639607a000-7f639607b000 rw-p 00003000 08:02 23600516                   /usr/lib/x86_64-linux-gnu/libXau.so.6.0.0
7f639607b000-7f639608a000 r-xp 00000000 08:02 23600537                   /usr/lib/x86_64-linux-gnu/libXi.so.6.1.0
7f639608a000-7f6396289000 ---p 0000f000 08:02 23600537                   /usr/lib/x86_64-linux-gnu/libXi.so.6.1.0
7f6396289000-7f639628a000 r--p 0000e000 08:02 23600537                   /usr/lib/x86_64-linux-gnu/libXi.so.6.1.0
7f639628a000-7f639628b000 rw-p 0000f000 08:02 23600537                   /usr/lib/x86_64-linux-gnu/libXi.so.6.1.0
7f639628b000-7f6396290000 r-xp 00000000 08:02 23600555                   /usr/lib/x86_64-linux-gnu/libXtst.so.6.1.0
7f6396290000-7f639648f000 ---p 00005000 08:02 23600555                   /usr/lib/x86_64-linux-gnu/libXtst.so.6.1.0
7f639648f000-7f6396490000 r--p 00004000 08:02 23600555                   /usr/lib/x86_64-linux-gnu/libXtst.so.6.1.0
7f6396490000-7f6396491000 rw-p 00005000 08:02 23600555                   /usr/lib/x86_64-linux-gnu/libXtst.so.6.1.0
7f6396491000-7f639649a000 r-xp 00000000 08:02 23600549                   /usr/lib/x86_64-linux-gnu/libXrender.so.1.3.0
7f639649a000-7f6396699000 ---p 00009000 08:02 23600549                   /usr/lib/x86_64-linux-gnu/libXrender.so.1.3.0
7f6396699000-7f639669a000 r--p 00008000 08:02 23600549                   /usr/lib/x86_64-linux-gnu/libXrender.so.1.3.0
7f639669a000-7f639669b000 rw-p 00009000 08:02 23600549                   /usr/lib/x86_64-linux-gnu/libXrender.so.1.3.0
7f639669b000-7f63966b3000 r--p 00000000 08:02 23600512                   /usr/lib/x86_64-linux-gnu/libX11.so.6.3.0
7f63966b3000-7f639673b000 r-xp 00018000 08:02 23600512                   /usr/lib/x86_64-linux-gnu/libX11.so.6.3.0
7f639673b000-7f63967cf000 r--p 000a0000 08:02 23600512                   /usr/lib/x86_64-linux-gnu/libX11.so.6.3.0
7f63967cf000-7f63967d0000 ---p 00134000 08:02 23600512                   /usr/lib/x86_64-linux-gnu/libX11.so.6.3.0
7f63967d0000-7f63967d1000 r--p 00134000 08:02 23600512                   /usr/lib/x86_64-linux-gnu/libX11.so.6.3.0
7f63967d1000-7f63967d5000 rw-p 00135000 08:02 23600512                   /usr/lib/x86_64-linux-gnu/libX11.so.6.3.0
7f63967d5000-7f63967e6000 r-xp 00000000 08:02 23600529                   /usr/lib/x86_64-linux-gnu/libXext.so.6.4.0
7f63967e6000-7f63969e5000 ---p 00011000 08:02 23600529                   /usr/lib/x86_64-linux-gnu/libXext.so.6.4.0
7f63969e5000-7f63969e6000 r--p 00010000 08:02 23600529                   /usr/lib/x86_64-linux-gnu/libXext.so.6.4.0
7f63969e6000-7f63969e7000 rw-p 00011000 08:02 23600529                   /usr/lib/x86_64-linux-gnu/libXext.so.6.4.0
7f63969e7000-7f63969f7000 r--p 00000000 08:02 23990632                   /usr/lib/jvm/java-11-openjdk-amd64/lib/libawt_xawt.so
7f63969f7000-7f6396a34000 r-xp 00010000 08:02 23990632                   /usr/lib/jvm/java-11-openjdk-amd64/lib/libawt_xawt.so
7f6396a34000-7f6396a46000 r--p 0004d000 08:02 23990632                   /usr/lib/jvm/java-11-openjdk-amd64/lib/libawt_xawt.so
7f6396a46000-7f6396a47000 r--p 0005e000 08:02 23990632                   /usr/lib/jvm/java-11-openjdk-amd64/lib/libawt_xawt.so
7f6396a47000-7f6396a4a000 rw-p 0005f000 08:02 23990632                   /usr/lib/jvm/java-11-openjdk-amd64/lib/libawt_xawt.so
7f6396a4a000-7f6396a4c000 rw-p 00000000 00:00 0 
7f6396a4c000-7f6396a78000 r--p 00000000 08:02 23990630                   /usr/lib/jvm/java-11-openjdk-amd64/lib/libawt.so
7f6396a78000-7f6396adf000 r-xp 0002c000 08:02 23990630                   /usr/lib/jvm/java-11-openjdk-amd64/lib/libawt.so
7f6396adf000-7f6396aec000 r--p 00093000 08:02 23990630                   /usr/lib/jvm/java-11-openjdk-amd64/lib/libawt.so
7f6396aec000-7f6396aed000 r--p 0009f000 08:02 23990630                   /usr/lib/jvm/java-11-openjdk-amd64/lib/libawt.so
7f6396aed000-7f6396af8000 rw-p 000a0000 08:02 23990630                   /usr/lib/jvm/java-11-openjdk-amd64/lib/libawt.so
7f6396af8000-7f6396b1d000 rw-p 00000000 00:00 0 
7f6396b1d000-7f6396b21000 ---p 00000000 00:00 0 
7f6396b21000-7f6396c1e000 rw-p 00000000 00:00 0 
7f6396c1e000-7f6396c1f000 ---p 00000000 00:00 0 
7f6396c1f000-7f6396d20000 rw-p 00000000 00:00 0 
7f6396d20000-7f6396d24000 ---p 00000000 00:00 0 
7f6396d24000-7f6396e21000 rw-p 00000000 00:00 0 
7f6396e21000-7f6396e25000 ---p 00000000 00:00 0 
7f6396e25000-7f6396f22000 rw-p 00000000 00:00 0 
7f6396f22000-7f6396f26000 ---p 00000000 00:00 0 
7f6396f26000-7f6397023000 rw-p 00000000 00:00 0 
7f6397023000-7f6397027000 ---p 00000000 00:00 0 
7f6397027000-7f6397124000 rw-p 00000000 00:00 0 
7f6397124000-7f6397128000 ---p 00000000 00:00 0 
7f6397128000-7f6397225000 rw-p 00000000 00:00 0 
7f6397225000-7f6398000000 r--p 00000000 08:02 23600058                   /usr/lib/locale/locale-archive
7f6398000000-7f6398021000 rw-p 00000000 00:00 0 
7f6398021000-7f639c000000 ---p 00000000 00:00 0 
7f639c000000-7f639c021000 rw-p 00000000 00:00 0 
7f639c021000-7f63a0000000 ---p 00000000 00:00 0 
7f63a0000000-7f63a0021000 rw-p 00000000 00:00 0 
7f63a0021000-7f63a4000000 ---p 00000000 00:00 0 
7f63a4000000-7f63a4021000 rw-p 00000000 00:00 0 
7f63a4021000-7f63a8000000 ---p 00000000 00:00 0 
7f63a8000000-7f63a8021000 rw-p 00000000 00:00 0 
7f63a8021000-7f63ac000000 ---p 00000000 00:00 0 
7f63ac000000-7f63ac021000 rw-p 00000000 00:00 0 
7f63ac021000-7f63b0000000 ---p 00000000 00:00 0 
7f63b0000000-7f63b0021000 rw-p 00000000 00:00 0 
7f63b0021000-7f63b4000000 ---p 00000000 00:00 0 
7f63b4004000-7f63b400f000 r--p 00000000 08:02 23601932                   /usr/lib/x86_64-linux-gnu/libxcb.so.1.1.0
7f63b400f000-7f63b4022000 r-xp 0000b000 08:02 23601932                   /usr/lib/x86_64-linux-gnu/libxcb.so.1.1.0
7f63b4022000-7f63b402b000 r--p 0001e000 08:02 23601932                   /usr/lib/x86_64-linux-gnu/libxcb.so.1.1.0
7f63b402b000-7f63b402c000 r--p 00026000 08:02 23601932                   /usr/lib/x86_64-linux-gnu/libxcb.so.1.1.0
7f63b402c000-7f63b402d000 rw-p 00027000 08:02 23601932                   /usr/lib/x86_64-linux-gnu/libxcb.so.1.1.0
7f63b402e000-7f63b4032000 r--p 00000000 08:02 24250591                   /usr/lib/x86_64-linux-gnu/gio/modules/libdconfsettings.so
7f63b4032000-7f63b4039000 r-xp 00004000 08:02 24250591                   /usr/lib/x86_64-linux-gnu/gio/modules/libdconfsettings.so
7f63b4039000-7f63b403c000 r--p 0000b000 08:02 24250591                   /usr/lib/x86_64-linux-gnu/gio/modules/libdconfsettings.so
7f63b403c000-7f63b403d000 ---p 0000e000 08:02 24250591                   /usr/lib/x86_64-linux-gnu/gio/modules/libdconfsettings.so
7f63b403d000-7f63b403e000 r--p 0000e000 08:02 24250591                   /usr/lib/x86_64-linux-gnu/gio/modules/libdconfsettings.so
7f63b403e000-7f63b403f000 rw-p 0000f000 08:02 24250591                   /usr/lib/x86_64-linux-gnu/gio/modules/libdconfsettings.so
7f63b403f000-7f63b4043000 ---p 00000000 00:00 0 
7f63b4043000-7f63b6330000 rw-p 00000000 00:00 0 
7f63b6330000-7f63b7ff8000 ---p 00000000 00:00 0 
7f63b7ff8000-7f63b8000000 rw-p 00000000 00:00 0 
7f63b8000000-7f63b8021000 rw-p 00000000 00:00 0 
7f63b8021000-7f63bc000000 ---p 00000000 00:00 0 
7f63bc001000-7f63bc003000 r--p 00000000 08:02 23600923                   /usr/lib/x86_64-linux-gnu/libffi.so.6.0.4
7f63bc003000-7f63bc008000 r-xp 00002000 08:02 23600923                   /usr/lib/x86_64-linux-gnu/libffi.so.6.0.4
7f63bc008000-7f63bc009000 r--p 00007000 08:02 23600923                   /usr/lib/x86_64-linux-gnu/libffi.so.6.0.4
7f63bc009000-7f63bc00a000 r--p 00007000 08:02 23600923                   /usr/lib/x86_64-linux-gnu/libffi.so.6.0.4
7f63bc00a000-7f63bc00b000 rw-p 00008000 08:02 23600923                   /usr/lib/x86_64-linux-gnu/libffi.so.6.0.4
7f63bc00b000-7f63bc03c000 rw-p 00000000 00:00 0 
7f63bc03c000-7f63bc040000 r--p 00000000 08:02 23990653                   /usr/lib/jvm/java-11-openjdk-amd64/lib/libnet.so
7f63bc040000-7f63bc04f000 r-xp 00004000 08:02 23990653                   /usr/lib/jvm/java-11-openjdk-amd64/lib/libnet.so
7f63bc04f000-7f63bc053000 r--p 00013000 08:02 23990653                   /usr/lib/jvm/java-11-openjdk-amd64/lib/libnet.so
7f63bc053000-7f63bc054000 r--p 00016000 08:02 23990653                   /usr/lib/jvm/java-11-openjdk-amd64/lib/libnet.so
7f63bc054000-7f63bc055000 rw-p 00017000 08:02 23990653                   /usr/lib/jvm/java-11-openjdk-amd64/lib/libnet.so
7f63bc055000-7f63bc059000 ---p 00000000 00:00 0 
7f63bc059000-7f63bc656000 rw-p 00000000 00:00 0 
7f63bc656000-7f63bc956000 ---p 00000000 00:00 0 
7f63bc956000-7f63bcbc6000 rwxp 00000000 00:00 0 
7f63bcbc6000-7f63bcee6000 ---p 00000000 00:00 0 
7f63bcee6000-7f63bd156000 rwxp 00000000 00:00 0 
7f63bd156000-7f63c441e000 ---p 00000000 00:00 0 
7f63c441e000-7f63c468e000 rwxp 00000000 00:00 0 
7f63c468e000-7f63cb956000 ---p 00000000 00:00 0 
7f63cb956000-7f63d4000000 r--s 00000000 08:02 23990663                   /usr/lib/jvm/java-11-openjdk-amd64/lib/modules
7f63d4000000-7f63d4476000 rw-p 00000000 00:00 0 
7f63d4476000-7f63d8000000 ---p 00000000 00:00 0 
7f63d8000000-7f63d8003000 r--p 00000000 08:02 24906143                   /home/kramer/.config/dconf/user
7f63d8003000-7f63d8004000 r--s 00000000 00:35 53                         /run/user/1000/dconf/user
7f63d8004000-7f63d8005000 r--p 00000000 08:02 25823354                   /usr/share/locale-langpack/en_AU/LC_MESSAGES/glib20.mo
7f63d8005000-7f63d8006000 r--p 00000000 08:02 23593407                   /usr/lib/x86_64-linux-gnu/libgmodule-2.0.so.0.6000.0
7f63d8006000-7f63d8008000 r-xp 00001000 08:02 23593407                   /usr/lib/x86_64-linux-gnu/libgmodule-2.0.so.0.6000.0
7f63d8008000-7f63d8009000 r--p 00003000 08:02 23593407                   /usr/lib/x86_64-linux-gnu/libgmodule-2.0.so.0.6000.0
7f63d8009000-7f63d800a000 r--p 00003000 08:02 23593407                   /usr/lib/x86_64-linux-gnu/libgmodule-2.0.so.0.6000.0
7f63d800a000-7f63d800b000 rw-p 00004000 08:02 23593407                   /usr/lib/x86_64-linux-gnu/libgmodule-2.0.so.0.6000.0
7f63d800b000-7f63d8012000 r--p 00000000 08:02 23990654                   /usr/lib/jvm/java-11-openjdk-amd64/lib/libnio.so
7f63d8012000-7f63d8019000 r-xp 00007000 08:02 23990654                   /usr/lib/jvm/java-11-openjdk-amd64/lib/libnio.so
7f63d8019000-7f63d801c000 r--p 0000e000 08:02 23990654                   /usr/lib/jvm/java-11-openjdk-amd64/lib/libnio.so
7f63d801c000-7f63d801d000 r--p 00010000 08:02 23990654                   /usr/lib/jvm/java-11-openjdk-amd64/lib/libnio.so
7f63d801d000-7f63d801e000 rw-p 00011000 08:02 23990654                   /usr/lib/jvm/java-11-openjdk-amd64/lib/libnio.so
7f63d801e000-7f63d801f000 ---p 00000000 00:00 0 
7f63d801f000-7f63d8266000 rw-p 00000000 00:00 0 
7f63d8266000-7f63d8267000 ---p 00000000 00:00 0 
7f63d8267000-7f63d8368000 rw-p 00000000 00:00 0 
7f63d8368000-7f63d8369000 ---p 00000000 00:00 0 
7f63d8369000-7f63d886e000 rw-p 00000000 00:00 0 
7f63d886e000-7f63d886f000 ---p 00000000 00:00 0 
7f63d886f000-7f63d8970000 rw-p 00000000 00:00 0 
7f63d8970000-7f63d8971000 ---p 00000000 00:00 0 
7f63d8971000-7f63d8ca4000 rw-p 00000000 00:00 0 
7f63d8ca4000-7f63da96c000 ---p 00000000 00:00 0 
7f63da96c000-7f63da9b2000 rw-p 00000000 00:00 0 
7f63da9b2000-7f63dad4b000 ---p 00000000 00:00 0 
7f63dad4b000-7f63dad8a000 rw-p 00000000 00:00 0 
7f63dad8a000-7f63db123000 ---p 00000000 00:00 0 
7f63db123000-7f63db162000 rw-p 00000000 00:00 0 
7f63db162000-7f63db4fb000 ---p 00000000 00:00 0 
7f63db4fb000-7f63db900000 rw-p 00000000 00:00 0 
7f63db900000-7f63db901000 ---p 00000000 00:00 0 
7f63db901000-7f63dba07000 rw-p 00000000 00:00 0 
7f63dba07000-7f63dbaed000 ---p 00000000 00:00 0 
7f63dbaed000-7f63dbaf2000 rw-p 00000000 00:00 0 
7f63dbaf2000-7f63dbbd8000 ---p 00000000 00:00 0 
7f63dbbd8000-7f63dbbdd000 rw-p 00000000 00:00 0 
7f63dbbdd000-7f63dbbe4000 ---p 00000000 00:00 0 
7f63dbbe4000-7f63dbbe6000 r--s 00007000 08:02 24382982                   /usr/share/java/java-atk-wrapper.jar
7f63dbbe6000-7f63dbbe8000 r--p 00000000 08:02 23990645                   /usr/lib/jvm/java-11-openjdk-amd64/lib/libjimage.so
7f63dbbe8000-7f63dbbeb000 r-xp 00002000 08:02 23990645                   /usr/lib/jvm/java-11-openjdk-amd64/lib/libjimage.so
7f63dbbeb000-7f63dbbed000 r--p 00005000 08:02 23990645                   /usr/lib/jvm/java-11-openjdk-amd64/lib/libjimage.so
7f63dbbed000-7f63dbbee000 r--p 00006000 08:02 23990645                   /usr/lib/jvm/java-11-openjdk-amd64/lib/libjimage.so
7f63dbbee000-7f63dbbef000 rw-p 00007000 08:02 23990645                   /usr/lib/jvm/java-11-openjdk-amd64/lib/libjimage.so
7f63dbbef000-7f63dbbf2000 r--p 00000000 08:02 23601425                   /usr/lib/x86_64-linux-gnu/libnss_files-2.29.so
7f63dbbf2000-7f63dbbf9000 r-xp 00003000 08:02 23601425                   /usr/lib/x86_64-linux-gnu/libnss_files-2.29.so
7f63dbbf9000-7f63dbbfb000 r--p 0000a000 08:02 23601425                   /usr/lib/x86_64-linux-gnu/libnss_files-2.29.so
7f63dbbfb000-7f63dbbfc000 r--p 0000b000 08:02 23601425                   /usr/lib/x86_64-linux-gnu/libnss_files-2.29.so
7f63dbbfc000-7f63dbbfd000 rw-p 0000c000 08:02 23601425                   /usr/lib/x86_64-linux-gnu/libnss_files-2.29.so
7f63dbbfd000-7f63dbc03000 rw-p 00000000 00:00 0 
7f63dbc03000-7f63dbc05000 r--p 00000000 08:02 23990662                   /usr/lib/jvm/java-11-openjdk-amd64/lib/libzip.so
7f63dbc05000-7f63dbc09000 r-xp 00002000 08:02 23990662                   /usr/lib/jvm/java-11-openjdk-amd64/lib/libzip.so
7f63dbc09000-7f63dbc0b000 r--p 00006000 08:02 23990662                   /usr/lib/jvm/java-11-openjdk-amd64/lib/libzip.so
7f63dbc0b000-7f63dbc0c000 r--p 00007000 08:02 23990662                   /usr/lib/jvm/java-11-openjdk-amd64/lib/libzip.so
7f63dbc0c000-7f63dbc0d000 rw-p 00008000 08:02 23990662                   /usr/lib/jvm/java-11-openjdk-amd64/lib/libzip.so
7f63dbc0d000-7f63dbc15000 rw-s 00000000 08:02 2752951                    /tmp/hsperfdata_kramer/20049
7f63dbc15000-7f63dbc16000 ---p 00000000 00:00 0 
7f63dbc16000-7f63dbc17000 r--p 00000000 00:00 0 
7f63dbc17000-7f63dbc24000 r--p 00000000 08:02 23990641                   /usr/lib/jvm/java-11-openjdk-amd64/lib/libjava.so
7f63dbc24000-7f63dbc39000 r-xp 0000d000 08:02 23990641                   /usr/lib/jvm/java-11-openjdk-amd64/lib/libjava.so
7f63dbc39000-7f63dbc40000 r--p 00022000 08:02 23990641                   /usr/lib/jvm/java-11-openjdk-amd64/lib/libjava.so
7f63dbc40000-7f63dbc41000 r--p 00028000 08:02 23990641                   /usr/lib/jvm/java-11-openjdk-amd64/lib/libjava.so
7f63dbc41000-7f63dbc43000 rw-p 00029000 08:02 23990641                   /usr/lib/jvm/java-11-openjdk-amd64/lib/libjava.so
7f63dbc43000-7f63dbc46000 r--p 00000000 08:02 23601631                   /usr/lib/x86_64-linux-gnu/librt-2.29.so
7f63dbc46000-7f63dbc4a000 r-xp 00003000 08:02 23601631                   /usr/lib/x86_64-linux-gnu/librt-2.29.so
7f63dbc4a000-7f63dbc4c000 r--p 00007000 08:02 23601631                   /usr/lib/x86_64-linux-gnu/librt-2.29.so
7f63dbc4c000-7f63dbc4d000 r--p 00008000 08:02 23601631                   /usr/lib/x86_64-linux-gnu/librt-2.29.so
7f63dbc4d000-7f63dbc4e000 rw-p 00009000 08:02 23601631                   /usr/lib/x86_64-linux-gnu/librt-2.29.so
7f63dbc4e000-7f63dbc52000 ---p 00000000 00:00 0 
7f63dbc52000-7f63dbd4f000 rw-p 00000000 00:00 0 
7f63dbd4f000-7f63dbd52000 r--p 00000000 08:02 23596996                   /usr/lib/x86_64-linux-gnu/libgcc_s.so.1
7f63dbd52000-7f63dbd63000 r-xp 00003000 08:02 23596996                   /usr/lib/x86_64-linux-gnu/libgcc_s.so.1
7f63dbd63000-7f63dbd67000 r--p 00014000 08:02 23596996                   /usr/lib/x86_64-linux-gnu/libgcc_s.so.1
7f63dbd67000-7f63dbd68000 r--p 00017000 08:02 23596996                   /usr/lib/x86_64-linux-gnu/libgcc_s.so.1
7f63dbd68000-7f63dbd69000 rw-p 00018000 08:02 23596996                   /usr/lib/x86_64-linux-gnu/libgcc_s.so.1
7f63dbd69000-7f63dbd78000 r--p 00000000 08:02 23601302                   /usr/lib/x86_64-linux-gnu/libm-2.29.so
7f63dbd78000-7f63dbe1e000 r-xp 0000f000 08:02 23601302                   /usr/lib/x86_64-linux-gnu/libm-2.29.so
7f63dbe1e000-7f63dbeb5000 r--p 000b5000 08:02 23601302                   /usr/lib/x86_64-linux-gnu/libm-2.29.so
7f63dbeb5000-7f63dbeb6000 r--p 0014b000 08:02 23601302                   /usr/lib/x86_64-linux-gnu/libm-2.29.so
7f63dbeb6000-7f63dbeb7000 rw-p 0014c000 08:02 23601302                   /usr/lib/x86_64-linux-gnu/libm-2.29.so
7f63dbeb7000-7f63dbf4c000 r--p 00000000 08:02 23594558                   /usr/lib/x86_64-linux-gnu/libstdc++.so.6.0.26
7f63dbf4c000-7f63dc03e000 r-xp 00095000 08:02 23594558                   /usr/lib/x86_64-linux-gnu/libstdc++.so.6.0.26
7f63dc03e000-7f63dc087000 r--p 00187000 08:02 23594558                   /usr/lib/x86_64-linux-gnu/libstdc++.so.6.0.26
7f63dc087000-7f63dc088000 ---p 001d0000 08:02 23594558                   /usr/lib/x86_64-linux-gnu/libstdc++.so.6.0.26
7f63dc088000-7f63dc093000 r--p 001d0000 08:02 23594558                   /usr/lib/x86_64-linux-gnu/libstdc++.so.6.0.26
7f63dc093000-7f63dc096000 rw-p 001db000 08:02 23594558                   /usr/lib/x86_64-linux-gnu/libstdc++.so.6.0.26
7f63dc096000-7f63dc099000 rw-p 00000000 00:00 0 
7f63dc099000-7f63dc308000 r--p 00000000 08:02 23990668                   /usr/lib/jvm/java-11-openjdk-amd64/lib/server/libjvm.so
7f63dc308000-7f63dce28000 r-xp 0026f000 08:02 23990668                   /usr/lib/jvm/java-11-openjdk-amd64/lib/server/libjvm.so
7f63dce28000-7f63dd061000 r--p 00d8f000 08:02 23990668                   /usr/lib/jvm/java-11-openjdk-amd64/lib/server/libjvm.so
7f63dd061000-7f63dd062000 ---p 00fc8000 08:02 23990668                   /usr/lib/jvm/java-11-openjdk-amd64/lib/server/libjvm.so
7f63dd062000-7f63dd11f000 r--p 00fc8000 08:02 23990668                   /usr/lib/jvm/java-11-openjdk-amd64/lib/server/libjvm.so
7f63dd11f000-7f63dd158000 rw-p 01085000 08:02 23990668                   /usr/lib/jvm/java-11-openjdk-amd64/lib/server/libjvm.so
7f63dd158000-7f63dd1b0000 rw-p 00000000 00:00 0 
7f63dd1b0000-7f63dd1b7000 r--p 00000000 08:02 23601565                   /usr/lib/x86_64-linux-gnu/libpthread-2.29.so
7f63dd1b7000-7f63dd1c6000 r-xp 00007000 08:02 23601565                   /usr/lib/x86_64-linux-gnu/libpthread-2.29.so
7f63dd1c6000-7f63dd1cb000 r--p 00016000 08:02 23601565                   /usr/lib/x86_64-linux-gnu/libpthread-2.29.so
7f63dd1cb000-7f63dd1cc000 r--p 0001a000 08:02 23601565                   /usr/lib/x86_64-linux-gnu/libpthread-2.29.so
7f63dd1cc000-7f63dd1cd000 rw-p 0001b000 08:02 23601565                   /usr/lib/x86_64-linux-gnu/libpthread-2.29.so
7f63dd1cd000-7f63dd1d1000 rw-p 00000000 00:00 0 
7f63dd1d1000-7f63dd1d2000 r--p 00000000 08:02 23600824                   /usr/lib/x86_64-linux-gnu/libdl-2.29.so
7f63dd1d2000-7f63dd1d4000 r-xp 00001000 08:02 23600824                   /usr/lib/x86_64-linux-gnu/libdl-2.29.so
7f63dd1d4000-7f63dd1d5000 r--p 00003000 08:02 23600824                   /usr/lib/x86_64-linux-gnu/libdl-2.29.so
7f63dd1d5000-7f63dd1d6000 r--p 00003000 08:02 23600824                   /usr/lib/x86_64-linux-gnu/libdl-2.29.so
7f63dd1d6000-7f63dd1d7000 rw-p 00004000 08:02 23600824                   /usr/lib/x86_64-linux-gnu/libdl-2.29.so
7f63dd1d7000-7f63dd1d9000 r--p 00000000 08:02 23601962                   /usr/lib/x86_64-linux-gnu/libz.so.1.2.11
7f63dd1d9000-7f63dd1ea000 r-xp 00002000 08:02 23601962                   /usr/lib/x86_64-linux-gnu/libz.so.1.2.11
7f63dd1ea000-7f63dd1f0000 r--p 00013000 08:02 23601962                   /usr/lib/x86_64-linux-gnu/libz.so.1.2.11
7f63dd1f0000-7f63dd1f1000 ---p 00019000 08:02 23601962                   /usr/lib/x86_64-linux-gnu/libz.so.1.2.11
7f63dd1f1000-7f63dd1f2000 r--p 00019000 08:02 23601962                   /usr/lib/x86_64-linux-gnu/libz.so.1.2.11
7f63dd1f2000-7f63dd1f3000 rw-p 0001a000 08:02 23601962                   /usr/lib/x86_64-linux-gnu/libz.so.1.2.11
7f63dd1f3000-7f63dd218000 r--p 00000000 08:02 23600687                   /usr/lib/x86_64-linux-gnu/libc-2.29.so
7f63dd218000-7f63dd38b000 r-xp 00025000 08:02 23600687                   /usr/lib/x86_64-linux-gnu/libc-2.29.so
7f63dd38b000-7f63dd3d4000 r--p 00198000 08:02 23600687                   /usr/lib/x86_64-linux-gnu/libc-2.29.so
7f63dd3d4000-7f63dd3d7000 r--p 001e0000 08:02 23600687                   /usr/lib/x86_64-linux-gnu/libc-2.29.so
7f63dd3d7000-7f63dd3da000 rw-p 001e3000 08:02 23600687                   /usr/lib/x86_64-linux-gnu/libc-2.29.so
7f63dd3da000-7f63dd3de000 rw-p 00000000 00:00 0 
7f63dd3de000-7f63dd3df000 r--p 00000000 08:02 25823436                   /usr/share/locale-langpack/en_AU/LC_MESSAGES/libc.mo
7f63dd3df000-7f63dd3e4000 r--p 00000000 08:02 23990661                   /usr/lib/jvm/java-11-openjdk-amd64/lib/libverify.so
7f63dd3e4000-7f63dd3eb000 r-xp 00005000 08:02 23990661                   /usr/lib/jvm/java-11-openjdk-amd64/lib/libverify.so
7f63dd3eb000-7f63dd3ed000 r--p 0000c000 08:02 23990661                   /usr/lib/jvm/java-11-openjdk-amd64/lib/libverify.so
7f63dd3ed000-7f63dd3ef000 r--p 0000d000 08:02 23990661                   /usr/lib/jvm/java-11-openjdk-amd64/lib/libverify.so
7f63dd3ef000-7f63dd3f0000 rw-p 0000f000 08:02 23990661                   /usr/lib/jvm/java-11-openjdk-amd64/lib/libverify.so
7f63dd3f0000-7f63dd3f3000 r--p 00000000 08:02 23990625                   /usr/lib/jvm/java-11-openjdk-amd64/lib/jli/libjli.so
7f63dd3f3000-7f63dd3fd000 r-xp 00003000 08:02 23990625                   /usr/lib/jvm/java-11-openjdk-amd64/lib/jli/libjli.so
7f63dd3fd000-7f63dd400000 r--p 0000d000 08:02 23990625                   /usr/lib/jvm/java-11-openjdk-amd64/lib/jli/libjli.so
7f63dd400000-7f63dd401000 r--p 0000f000 08:02 23990625                   /usr/lib/jvm/java-11-openjdk-amd64/lib/jli/libjli.so
7f63dd401000-7f63dd402000 rw-p 00010000 08:02 23990625                   /usr/lib/jvm/java-11-openjdk-amd64/lib/jli/libjli.so
7f63dd402000-7f63dd404000 rw-p 00000000 00:00 0 
7f63dd404000-7f63dd405000 r--p 00000000 08:02 23600471                   /usr/lib/x86_64-linux-gnu/ld-2.29.so
7f63dd405000-7f63dd426000 r-xp 00001000 08:02 23600471                   /usr/lib/x86_64-linux-gnu/ld-2.29.so
7f63dd426000-7f63dd42e000 r--p 00022000 08:02 23600471                   /usr/lib/x86_64-linux-gnu/ld-2.29.so
7f63dd42e000-7f63dd42f000 r--p 00029000 08:02 23600471                   /usr/lib/x86_64-linux-gnu/ld-2.29.so
7f63dd42f000-7f63dd430000 rw-p 0002a000 08:02 23600471                   /usr/lib/x86_64-linux-gnu/ld-2.29.so
7f63dd430000-7f63dd431000 rw-p 00000000 00:00 0 
7ffda8d8a000-7ffda8dac000 rw-p 00000000 00:00 0                          [stack]
7ffda8dca000-7ffda8dcd000 r--p 00000000 00:00 0                          [vvar]
7ffda8dcd000-7ffda8dce000 r-xp 00000000 00:00 0                          [vdso]
ffffffffff600000-ffffffffff601000 r-xp 00000000 00:00 0                  [vsyscall]


VM Arguments:
jvm_args: -Dfile.encoding=UTF-8 -Duser.country=AU -Duser.language=en -Duser.variant 
java_command: ExampleSwingApp
java_class_path (initial): /home/kramer/Downloads/RobotArena-master/RobotAreana/start/build/classes/java/main:/home/kramer/Downloads/RobotArena-master/RobotAreana/start/build/classes/groovy/main:/home/kramer/Downloads/RobotArena-master/RobotAreana/start/build/resources/main:/home/kramer/Downloads/RobotArena-master/RobotAreana/AIBasic/build/libs/AIBasic.jar:/home/kramer/Downloads/RobotArena-master/RobotAreana/robot/build/libs/robot.jar:/home/kramer/Downloads/RobotArena-master/RobotAreana/main/build/libs/main.jar
Launcher Type: SUN_STANDARD

[Global flags]
     intx CICompilerCount                          = 3                                         {product} {ergonomic}
     uint ConcGCThreads                            = 1                                         {product} {ergonomic}
     uint G1ConcRefinementThreads                  = 4                                         {product} {ergonomic}
   size_t G1HeapRegionSize                         = 1048576                                   {product} {ergonomic}
    uintx GCDrainStackTargetSize                   = 64                                        {product} {ergonomic}
   size_t InitialHeapSize                          = 130023424                                 {product} {ergonomic}
   size_t MarkStackSize                            = 4194304                                   {product} {ergonomic}
   size_t MaxHeapSize                              = 2063597568                                {product} {ergonomic}
   size_t MaxNewSize                               = 1237319680                                {product} {ergonomic}
   size_t MinHeapDeltaBytes                        = 1048576                                   {product} {ergonomic}
    uintx NonNMethodCodeHeapSize                   = 5830092                                {pd product} {ergonomic}
    uintx NonProfiledCodeHeapSize                  = 122914074                              {pd product} {ergonomic}
    uintx ProfiledCodeHeapSize                     = 122914074                              {pd product} {ergonomic}
    uintx ReservedCodeCacheSize                    = 251658240                              {pd product} {ergonomic}
     bool SegmentedCodeCache                       = true                                      {product} {ergonomic}
     bool UseCompressedClassPointers               = true                                 {lp64_product} {ergonomic}
     bool UseCompressedOops                        = true                                 {lp64_product} {ergonomic}
     bool UseG1GC                                  = true                                      {product} {ergonomic}

Logging:
Log output configuration:
 #0: stdout all=warning uptime,level,tags
 #1: stderr all=off uptime,level,tags

Environment Variables:
PATH=/home/kramer/.local/bin:/usr/local/sbin:/usr/local/bin:/usr/sbin:/usr/bin:/sbin:/bin:/usr/games:/usr/local/games:/snap/bin
USERNAME=kramer
LD_LIBRARY_PATH=/home/kramer/Downloads/RobotArena-master/RobotAreana/AIBasic/build/libs/mynativelibrary/shared
SHELL=/bin/bash
DISPLAY=:0

Signal Handlers:
SIGSEGV: [libjvm.so+0xd1cc80], sa_mask[0]=11111111011111111101111111111110, sa_flags=SA_RESTART|SA_SIGINFO
SIGBUS: [libjvm.so+0xd1cc80], sa_mask[0]=11111111011111111101111111111110, sa_flags=SA_RESTART|SA_SIGINFO
SIGFPE: [libjvm.so+0xd1cc80], sa_mask[0]=11111111011111111101111111111110, sa_flags=SA_RESTART|SA_SIGINFO
SIGPIPE: SIG_IGN, sa_mask[0]=00000000000010000000000000000000, sa_flags=SA_RESTART
SIGXFSZ: [libjvm.so+0xb239a0], sa_mask[0]=11111111011111111101111111111110, sa_flags=SA_RESTART|SA_SIGINFO
SIGILL: [libjvm.so+0xd1cc80], sa_mask[0]=11111111011111111101111111111110, sa_flags=SA_RESTART|SA_SIGINFO
SIGUSR2: [libjvm.so+0xb23830], sa_mask[0]=00100000000000000000000000000000, sa_flags=SA_RESTART|SA_SIGINFO
SIGHUP: [libjvm.so+0xb23ce0], sa_mask[0]=11111111011111111101111111111110, sa_flags=SA_RESTART|SA_SIGINFO
SIGINT: [libjvm.so+0xb23ce0], sa_mask[0]=11111111011111111101111111111110, sa_flags=SA_RESTART|SA_SIGINFO
SIGTERM: [libjvm.so+0xb23ce0], sa_mask[0]=11111111011111111101111111111110, sa_flags=SA_RESTART|SA_SIGINFO
SIGQUIT: [libjvm.so+0xb23ce0], sa_mask[0]=11111111011111111101111111111110, sa_flags=SA_RESTART|SA_SIGINFO


---------------  S Y S T E M  ---------------

OS:DISTRIB_ID=Ubuntu
DISTRIB_RELEASE=19.04
DISTRIB_CODENAME=disco
DISTRIB_DESCRIPTION="Ubuntu 19.04"
uname:Linux 5.0.0-32-generic #34-Ubuntu SMP Wed Oct 2 02:06:48 UTC 2019 x86_64
libc:glibc 2.29 NPTL 2.29 
rlimit: STACK 8192k, CORE 0k, NPROC 31283, NOFILE 524288, AS infinity, DATA infinity, FSIZE infinity
load average:2.42 2.53 2.50

/proc/meminfo:
MemTotal:        8057228 kB
MemFree:          899472 kB
MemAvailable:    2951560 kB
Buffers:          174224 kB
Cached:          2148596 kB
SwapCached:            0 kB
Active:          5200252 kB
Inactive:        1505248 kB
Active(anon):    4308660 kB
Inactive(anon):   198596 kB
Active(file):     891592 kB
Inactive(file):  1306652 kB
Unevictable:        3452 kB
Mlocked:              16 kB
SwapTotal:       2097148 kB
SwapFree:        2097148 kB
Dirty:              1956 kB
Writeback:             0 kB
AnonPages:       4386052 kB
Mapped:           710580 kB
Shmem:            204176 kB
KReclaimable:     148256 kB
Slab:             252752 kB
SReclaimable:     148256 kB
SUnreclaim:       104496 kB
KernelStack:       17512 kB
PageTables:        43676 kB
NFS_Unstable:          0 kB
Bounce:                0 kB
WritebackTmp:          0 kB
CommitLimit:     6125760 kB
Committed_AS:   17721896 kB
VmallocTotal:   34359738367 kB
VmallocUsed:           0 kB
VmallocChunk:          0 kB
Percpu:             2240 kB
HardwareCorrupted:     0 kB
AnonHugePages:         0 kB
ShmemHugePages:        0 kB
ShmemPmdMapped:        0 kB
CmaTotal:              0 kB
CmaFree:               0 kB
HugePages_Total:       0
HugePages_Free:        0
HugePages_Rsvd:        0
HugePages_Surp:        0
Hugepagesize:       2048 kB
Hugetlb:               0 kB
DirectMap4k:      274992 kB
DirectMap2M:     6957056 kB
DirectMap1G:     1048576 kB


/proc/sys/kernel/threads-max (system-wide limit on the number of threads):
62566


/proc/sys/vm/max_map_count (maximum number of memory map areas a process may have):
65530


/proc/sys/kernel/pid_max (system-wide limit on number of process identifiers):
32768



container (cgroup) information:
container_type: cgroupv1
cpu_cpuset_cpus: 0-3
cpu_memory_nodes: 0
active_processor_count: 4
cpu_quota: -1
cpu_period: 100000
cpu_shares: -1
memory_limit_in_bytes: -1
memory_and_swap_limit_in_bytes: -2
memory_soft_limit_in_bytes: -1
memory_usage_in_bytes: 1277218816
memory_max_usage_in_bytes: 1295388672

Steal ticks since vm start: 0
Steal ticks percentage since vm start:  0.000

CPU:total 4 (initial active 4) (4 cores per cpu, 1 threads per core) family 6 model 60 stepping 3, cmov, cx8, fxsr, mmx, sse, sse2, sse3, ssse3, sse4.1, sse4.2, popcnt, avx, avx2, aes, clmul, erms, lzcnt, tsc, tscinvbit, bmi1, bmi2, fma
CPU Model and flags from /proc/cpuinfo:
model name	: Intel(R) Core(TM) i5-4690 CPU @ 3.50GHz
flags		: fpu vme de pse tsc msr pae mce cx8 apic sep mtrr pge mca cmov pat pse36 clflush dts acpi mmx fxsr sse sse2 ss ht tm pbe syscall nx pdpe1gb rdtscp lm constant_tsc arch_perfmon pebs bts rep_good nopl xtopology nonstop_tsc cpuid aperfmperf pni pclmulqdq dtes64 monitor ds_cpl vmx smx est tm2 ssse3 sdbg fma cx16 xtpr pdcm pcid sse4_1 sse4_2 x2apic movbe popcnt tsc_deadline_timer aes xsave avx f16c rdrand lahf_lm abm cpuid_fault invpcid_single pti ssbd ibrs ibpb stibp tpr_shadow vnmi flexpriority ept vpid ept_ad fsgsbase tsc_adjust bmi1 avx2 smep bmi2 erms invpcid xsaveopt dtherm ida arat pln pts md_clear flush_l1d

Memory: 4k page, physical 8057228k(899472k free), swap 2097148k(2097148k free)

vm_info: OpenJDK 64-Bit Server VM (11.0.4+11-post-Ubuntu-1ubuntu219.04) for linux-amd64 JRE (11.0.4+11-post-Ubuntu-1ubuntu219.04), built on Jul 18 2019 18:21:46 by "buildd" with gcc 8.3.0

END.
