#
# A fatal error has been detected by the Java Runtime Environment:
#
#  SIGSEGV (0xb) at pc=0x00007fb28049662b, pid=8040, tid=8065
#
# JRE version: OpenJDK Runtime Environment (11.0.4+11) (build 11.0.4+11-post-Ubuntu-1ubuntu219.04)
# Java VM: OpenJDK 64-Bit Server VM (11.0.4+11-post-Ubuntu-1ubuntu219.04, mixed mode, sharing, tiered, compressed oops, g1 gc, linux-amd64)
# Problematic frame:
# V  [libjvm.so+0x86462b]
#
# Core dump will be written. Default location: Core dumps may be processed with "/usr/share/apport/apport %p %s %c %d %P" (or dumping to /home/kramer/Downloads/RobotArena-master/RobotAreana/start/core.8040)
#
# If you would like to submit a bug report, please visit:
#   https://bugs.launchpad.net/ubuntu/+source/openjdk-lts
#

---------------  S U M M A R Y ------------

Command Line: -Dfile.encoding=UTF-8 -Duser.country=AU -Duser.language=en -Duser.variant ExampleSwingApp

Host: Intel(R) Core(TM) i5-4690 CPU @ 3.50GHz, 4 cores, 7G, Ubuntu 19.04
Time: Mon Oct 28 19:19:48 2019 AWST elapsed time: 1 seconds (0d 0h 0m 1s)

---------------  T H R E A D  ---------------

Current thread (0x00007fb278425000):  JavaThread "Thomas" [_thread_in_vm, id=8065, stack(0x00007fb216efd000,0x00007fb216ffe000)]

Stack: [0x00007fb216efd000,0x00007fb216ffe000],  sp=0x00007fb216ffc650,  free space=1021k
Native frames: (J=compiled Java code, A=aot compiled Java code, j=interpreted, Vv=VM code, C=native code)
V  [libjvm.so+0x86462b]
C  [libmynativelibrary.so+0x1231]  Java_CRobot_startCPP+0x12c
j  CRobot.startCPP(LRobotControl;)V+0
j  CRobot$1.run()V+8
j  java.lang.Thread.run()V+11 java.base@11.0.4
v  ~StubRoutines::call_stub
V  [libjvm.so+0x7f40b1]
V  [libjvm.so+0x7f2550]
V  [libjvm.so+0x7f260b]
V  [libjvm.so+0x88e63c]
V  [libjvm.so+0xcc0060]
V  [libjvm.so+0xcc0350]
V  [libjvm.so+0xcbbee4]
V  [libjvm.so+0xb2cbee]

Java frames: (J=compiled Java code, j=interpreted, Vv=VM code)
j  CRobot.startCPP(LRobotControl;)V+0
j  CRobot$1.run()V+8
j  java.lang.Thread.run()V+11 java.base@11.0.4
v  ~StubRoutines::call_stub

siginfo: si_signo: 11 (SIGSEGV), si_code: 1 (SEGV_MAPERR), si_addr: 0x0000000000000000

Register to memory mapping:

RAX=0x00007fb216ffc6f0 is pointing into the stack for thread: 0x00007fb278425000
RBX=0x00007fb278425000 is a thread
RCX=0x00007fb280496550: <offset 0x0000000000864550> in /usr/lib/jvm/java-11-openjdk-amd64/lib/server/libjvm.so at 0x00007fb27fc32000
RDX=0x00007fb278422b70 points into unknown readable memory: e8 9e ed 8b 00 00 00 00
RSP=0x00007fb216ffc650 is pointing into the stack for thread: 0x00007fb278425000
RBP=0x00007fb216ffc7d0 is pointing into the stack for thread: 0x00007fb278425000
RSI=0x00007fb278425000 is a thread
RDI=0x00007fb216ffc6b0 is pointing into the stack for thread: 0x00007fb278425000
R8 =0x0 is NULL
R9 =0x00007fb216ffc2e4 is pointing into the stack for thread: 0x00007fb278425000
R10=0x00007fb2809fd264: <offset 0x0000000000dcb264> in /usr/lib/jvm/java-11-openjdk-amd64/lib/server/libjvm.so at 0x00007fb27fc32000
R11=0x0000000000000535 is an unknown value
R12=0x00007fb216ffc6b0 is pointing into the stack for thread: 0x00007fb278425000
R13=0x00007fb278425340 points into unknown readable memory: e0 ef cb 80 b2 7f 00 00
R14=0x0 is NULL
R15=0x00007fb216ffc8d0 is pointing into the stack for thread: 0x00007fb278425000


Registers:
RAX=0x00007fb216ffc6f0, RBX=0x00007fb278425000, RCX=0x00007fb280496550, RDX=0x00007fb278422b70
RSP=0x00007fb216ffc650, RBP=0x00007fb216ffc7d0, RSI=0x00007fb278425000, RDI=0x00007fb216ffc6b0
R8 =0x0000000000000000, R9 =0x00007fb216ffc2e4, R10=0x00007fb2809fd264, R11=0x0000000000000535
R12=0x00007fb216ffc6b0, R13=0x00007fb278425340, R14=0x0000000000000000, R15=0x00007fb216ffc8d0
RIP=0x00007fb28049662b, EFLAGS=0x0000000000010202, CSGSFS=0x002b000000000033, ERR=0x0000000000000004
  TRAPNO=0x000000000000000e

Top of Stack: (sp=0x00007fb216ffc650)
0x00007fb216ffc650:   00007fb27811e160 00007fb278425000
0x00007fb216ffc660:   00007fb2486d603f 00007fb280a11af8
0x00007fb216ffc670:   0000000000000535 0000000800000018
0x00007fb216ffc680:   00007fb216ffc7e0 00007fb216ffc6f0 

Instructions: (pc=0x00007fb28049662b)
0x00007fb28049652b:   89 e0 5b 41 5c 41 5d 41 5e 41 5f 5d c3 0f 1f 84
0x00007fb28049653b:   00 00 00 00 00 48 89 df 31 db e8 66 2d 45 00 e9
0x00007fb28049654b:   ab fe ff ff 90 55 48 89 e5 41 57 49 89 f7 41 56
0x00007fb28049655b:   49 89 d6 41 55 49 89 fd 41 54 53 48 81 ec 58 01
0x00007fb28049656b:   00 00 48 89 8d 38 ff ff ff 4c 89 85 40 ff ff ff
0x00007fb28049657b:   4c 89 8d 48 ff ff ff 84 c0 74 29 0f 29 85 50 ff
0x00007fb28049658b:   ff ff 0f 29 8d 60 ff ff ff 0f 29 95 70 ff ff ff
0x00007fb28049659b:   0f 29 5d 80 0f 29 65 90 0f 29 6d a0 0f 29 75 b0
0x00007fb2804965ab:   0f 29 7d c0 49 8d 9d c0 fc ff ff 8b 83 d0 03 00
0x00007fb2804965bb:   00 2d ab de 00 00 83 f8 01 0f 87 46 01 00 00 48
0x00007fb2804965cb:   89 df 48 89 9d 88 fe ff ff e8 c7 69 ff ff 48 83
0x00007fb2804965db:   7b 08 00 48 89 9d c0 fe ff ff 48 c7 85 c8 fe ff
0x00007fb2804965eb:   ff 00 00 00 00 74 0c 48 8d bd c0 fe ff ff e8 02
0x00007fb2804965fb:   0e 32 00 48 8d 45 10 4c 8d a5 e0 fe ff ff c7 85
0x00007fb28049660b:   a8 fe ff ff 18 00 00 00 48 89 85 b0 fe ff ff 48
0x00007fb28049661b:   8d 85 20 ff ff ff 4c 89 e7 48 89 85 b8 fe ff ff
0x00007fb28049662b:   49 8b 06 c7 85 ac fe ff ff 30 00 00 00 c7 85 90
0x00007fb28049663b:   fe ff ff 0c 00 00 00 48 8b 40 08 0f b7 50 2c 48
0x00007fb28049664b:   8b 40 08 48 8b 74 d0 40 e8 78 53 3a 00 4d 89 e0
0x00007fb28049665b:   49 89 d9 4c 89 f1 48 8d 05 f0 20 77 00 4c 89 fa
0x00007fb28049666b:   4c 89 ef 45 31 e4 48 89 85 e0 fe ff ff f3 0f 6f
0x00007fb28049667b:   85 a8 fe ff ff 48 8d b5 90 fe ff ff 48 8b 85 b8
0x00007fb28049668b:   fe ff ff c7 85 f8 fe ff ff 63 00 00 00 48 c7 85
0x00007fb28049669b:   00 ff ff ff 00 00 00 00 0f 11 85 08 ff ff ff 48
0x00007fb2804966ab:   89 85 18 ff ff ff e8 fa f3 ff ff 48 83 7b 08 00
0x00007fb2804966bb:   75 07 4c 8b a5 98 fe ff ff 48 83 bd c8 fe ff ff
0x00007fb2804966cb:   00 74 0c 48 8d bd c0 fe ff ff e8 76 0d 32 00 48
0x00007fb2804966db:   8b bb f0 00 00 00 e8 1a e3 00 00 48 8d bd 88 fe
0x00007fb2804966eb:   ff ff e8 fe e3 00 00 48 81 c4 58 01 00 00 4c 89
0x00007fb2804966fb:   e0 5b 41 5c 41 5d 41 5e 41 5f 5d c3 66 0f 1f 84
0x00007fb28049670b:   00 00 00 00 00 48 89 df 31 db e8 96 2b 45 00 e9
0x00007fb28049671b:   ab fe ff ff 90 55 48 89 e5 41 57 49 89 f7 41 56 


Stack slot to memory mapping:
stack at sp + 0 slots: 0x00007fb27811e160 points into unknown readable memory: 00 00 00 00 00 00 00 00
stack at sp + 1 slots: 0x00007fb278425000 is a thread
stack at sp + 2 slots: 0x00007fb2486d603f: <offset 0x000000000000203f> in /home/kramer/Downloads/RobotArena-master/RobotAreana/AIBasic/build/libs/mynativelibrary/shared/libmynativelibrary.so at 0x00007fb2486d4000
stack at sp + 3 slots: 0x00007fb280a11af8: <offset 0x0000000000ddfaf8> in /usr/lib/jvm/java-11-openjdk-amd64/lib/server/libjvm.so at 0x00007fb27fc32000
stack at sp + 4 slots: 0x0000000000000535 is an unknown value
stack at sp + 5 slots: 0x0000000800000018 is pointing into metadata
stack at sp + 6 slots: 0x00007fb216ffc7e0 is pointing into the stack for thread: 0x00007fb278425000
stack at sp + 7 slots: 0x00007fb216ffc6f0 is pointing into the stack for thread: 0x00007fb278425000


---------------  P R O C E S S  ---------------

Threads class SMR info:
_java_thread_list=0x00007fb278429f30, length=16, elements={
0x00007fb278011800, 0x00007fb278107000, 0x00007fb278109000, 0x00007fb27810e800,
0x00007fb278110800, 0x00007fb278112800, 0x00007fb278114800, 0x00007fb278143800,
0x00007fb27814c000, 0x00007fb2782f3000, 0x00007fb27831c800, 0x00007fb27841d000,
0x00007fb2283d5800, 0x00007fb278425000, 0x00007fb278427800, 0x00007fb278428800
}

Java Threads: ( => current thread )
  0x00007fb278011800 JavaThread "main" [_thread_blocked, id=8041, stack(0x00007fb27f7e7000,0x00007fb27f8e8000)]
  0x00007fb278107000 JavaThread "Reference Handler" daemon [_thread_blocked, id=8048, stack(0x00007fb260409000,0x00007fb26050a000)]
  0x00007fb278109000 JavaThread "Finalizer" daemon [_thread_blocked, id=8049, stack(0x00007fb260308000,0x00007fb260409000)]
  0x00007fb27810e800 JavaThread "Signal Dispatcher" daemon [_thread_blocked, id=8050, stack(0x00007fb260207000,0x00007fb260308000)]
  0x00007fb278110800 JavaThread "C2 CompilerThread0" daemon [_thread_blocked, id=8051, stack(0x00007fb260106000,0x00007fb260207000)]
  0x00007fb278112800 JavaThread "C1 CompilerThread0" daemon [_thread_blocked, id=8052, stack(0x00007fb260005000,0x00007fb260106000)]
  0x00007fb278114800 JavaThread "Sweeper thread" daemon [_thread_blocked, id=8053, stack(0x00007fb25803f000,0x00007fb258140000)]
  0x00007fb278143800 JavaThread "Service Thread" daemon [_thread_blocked, id=8054, stack(0x00007fb24a924000,0x00007fb24aa25000)]
  0x00007fb27814c000 JavaThread "Common-Cleaner" daemon [_thread_blocked, id=8056, stack(0x00007fb24a721000,0x00007fb24a822000)]
  0x00007fb2782f3000 JavaThread "Java2D Disposer" daemon [_thread_blocked, id=8061, stack(0x00007fb2483b5000,0x00007fb2484b6000)]
  0x00007fb27831c800 JavaThread "AWT-XAWT" daemon [_thread_in_native, id=8062, stack(0x00007fb2482b4000,0x00007fb2483b5000)]
  0x00007fb27841d000 JavaThread "Image Fetcher 0" daemon [_thread_blocked, id=8063, stack(0x00007fb2481b3000,0x00007fb2482b4000)]
  0x00007fb2283d5800 JavaThread "C2 CompilerThread1" daemon [_thread_blocked, id=8064, stack(0x00007fb2480b2000,0x00007fb2481b3000)]
=>0x00007fb278425000 JavaThread "Thomas" [_thread_in_vm, id=8065, stack(0x00007fb216efd000,0x00007fb216ffe000)]
  0x00007fb278427800 JavaThread "Thomas" [_thread_blocked, id=8066, stack(0x00007fb216dfc000,0x00007fb216efd000)]
  0x00007fb278428800 JavaThread "Thomas" [_thread_blocked, id=8067, stack(0x00007fb216cfb000,0x00007fb216dfc000)]

Other Threads:
  0x00007fb278104000 VMThread "VM Thread" [stack: 0x00007fb26050c000,0x00007fb26060c000] [id=8047]
  0x00007fb278146000 WatcherThread [stack: 0x00007fb24a824000,0x00007fb24a924000] [id=8055]
  0x00007fb278027000 GCTaskThread "GC Thread#0" [stack: 0x00007fb27f49b000,0x00007fb27f59b000] [id=8042]
  0x00007fb278058000 ConcurrentGCThread "G1 Main Marker" [stack: 0x00007fb27c50b000,0x00007fb27c60b000] [id=8043]
  0x00007fb27805a000 ConcurrentGCThread "G1 Conc#0" [stack: 0x00007fb27c409000,0x00007fb27c509000] [id=8044]
  0x00007fb2780d2000 ConcurrentGCThread "G1 Refine#0" [stack: 0x00007fb260856000,0x00007fb260956000] [id=8045]
  0x00007fb2780d3800 ConcurrentGCThread "G1 Young RemSet Sampling" [stack: 0x00007fb260754000,0x00007fb260854000] [id=8046]

Threads with active compile tasks:

VM state:synchronizing (normal execution)

VM Mutex/Monitor currently owned by a thread:  ([mutex/lock_event])
[0x00007fb27800e360] Threads_lock - owner thread: 0x00007fb278104000
[0x00007fb27800eab0] Heap_lock - owner thread: 0x00007fb278427800

Heap address: 0x0000000085000000, size: 1968 MB, Compressed Oops mode: 32-bit
Narrow klass base: 0x0000000800000000, Narrow klass shift: 3
Compressed class space size: 1073741824 Address: 0x0000000840000000

Heap:
 garbage-first heap   total 129024K, used 23160K [0x0000000085000000, 0x0000000100000000)
  region size 1024K, 14 young (14336K), 0 survivors (0K)
 Metaspace       used 5280K, capacity 5660K, committed 6016K, reserved 1056768K
  class space    used 585K, capacity 769K, committed 896K, reserved 1048576K
Heap Regions: E=young(eden), S=young(survivor), O=old, HS=humongous(starts), HC=humongous(continues), CS=collection set, F=free, A=archive, TAMS=top-at-mark-start (previous, next)
|   0|0x0000000085000000, 0x0000000085100000, 0x0000000085100000|100%|HS|  |TAMS 0x0000000085000000, 0x0000000085000000| Complete 
|   1|0x0000000085100000, 0x0000000085200000, 0x0000000085200000|100%|HC|  |TAMS 0x0000000085100000, 0x0000000085100000| Complete 
|   2|0x0000000085200000, 0x0000000085300000, 0x0000000085300000|100%|HC|  |TAMS 0x0000000085200000, 0x0000000085200000| Complete 
|   3|0x0000000085300000, 0x0000000085400000, 0x0000000085400000|100%|HC|  |TAMS 0x0000000085300000, 0x0000000085300000| Complete 
|   4|0x0000000085400000, 0x0000000085500000, 0x0000000085500000|100%|HC|  |TAMS 0x0000000085400000, 0x0000000085400000| Complete 
|   5|0x0000000085500000, 0x0000000085600000, 0x0000000085600000|100%|HC|  |TAMS 0x0000000085500000, 0x0000000085500000| Complete 
|   6|0x0000000085600000, 0x0000000085700000, 0x0000000085700000|100%|HC|  |TAMS 0x0000000085600000, 0x0000000085600000| Complete 
|   7|0x0000000085700000, 0x0000000085800000, 0x0000000085800000|100%|HC|  |TAMS 0x0000000085700000, 0x0000000085700000| Complete 
|   8|0x0000000085800000, 0x0000000085800000, 0x0000000085900000|  0%| F|  |TAMS 0x0000000085800000, 0x0000000085800000| Untracked 
|   9|0x0000000085900000, 0x0000000085900000, 0x0000000085a00000|  0%| F|  |TAMS 0x0000000085900000, 0x0000000085900000| Untracked 
|  10|0x0000000085a00000, 0x0000000085a00000, 0x0000000085b00000|  0%| F|  |TAMS 0x0000000085a00000, 0x0000000085a00000| Untracked 
|  11|0x0000000085b00000, 0x0000000085b00000, 0x0000000085c00000|  0%| F|  |TAMS 0x0000000085b00000, 0x0000000085b00000| Untracked 
|  12|0x0000000085c00000, 0x0000000085c00000, 0x0000000085d00000|  0%| F|  |TAMS 0x0000000085c00000, 0x0000000085c00000| Untracked 
|  13|0x0000000085d00000, 0x0000000085d00000, 0x0000000085e00000|  0%| F|  |TAMS 0x0000000085d00000, 0x0000000085d00000| Untracked 
|  14|0x0000000085e00000, 0x0000000085e00000, 0x0000000085f00000|  0%| F|  |TAMS 0x0000000085e00000, 0x0000000085e00000| Untracked 
|  15|0x0000000085f00000, 0x0000000085f00000, 0x0000000086000000|  0%| F|  |TAMS 0x0000000085f00000, 0x0000000085f00000| Untracked 
|  16|0x0000000086000000, 0x0000000086000000, 0x0000000086100000|  0%| F|  |TAMS 0x0000000086000000, 0x0000000086000000| Untracked 
|  17|0x0000000086100000, 0x0000000086100000, 0x0000000086200000|  0%| F|  |TAMS 0x0000000086100000, 0x0000000086100000| Untracked 
|  18|0x0000000086200000, 0x0000000086200000, 0x0000000086300000|  0%| F|  |TAMS 0x0000000086200000, 0x0000000086200000| Untracked 
|  19|0x0000000086300000, 0x0000000086300000, 0x0000000086400000|  0%| F|  |TAMS 0x0000000086300000, 0x0000000086300000| Untracked 
|  20|0x0000000086400000, 0x0000000086400000, 0x0000000086500000|  0%| F|  |TAMS 0x0000000086400000, 0x0000000086400000| Untracked 
|  21|0x0000000086500000, 0x0000000086500000, 0x0000000086600000|  0%| F|  |TAMS 0x0000000086500000, 0x0000000086500000| Untracked 
|  22|0x0000000086600000, 0x0000000086600000, 0x0000000086700000|  0%| F|  |TAMS 0x0000000086600000, 0x0000000086600000| Untracked 
|  23|0x0000000086700000, 0x0000000086700000, 0x0000000086800000|  0%| F|  |TAMS 0x0000000086700000, 0x0000000086700000| Untracked 
|  24|0x0000000086800000, 0x0000000086800000, 0x0000000086900000|  0%| F|  |TAMS 0x0000000086800000, 0x0000000086800000| Untracked 
|  25|0x0000000086900000, 0x0000000086900000, 0x0000000086a00000|  0%| F|  |TAMS 0x0000000086900000, 0x0000000086900000| Untracked 
|  26|0x0000000086a00000, 0x0000000086a00000, 0x0000000086b00000|  0%| F|  |TAMS 0x0000000086a00000, 0x0000000086a00000| Untracked 
|  27|0x0000000086b00000, 0x0000000086b00000, 0x0000000086c00000|  0%| F|  |TAMS 0x0000000086b00000, 0x0000000086b00000| Untracked 
|  28|0x0000000086c00000, 0x0000000086c00000, 0x0000000086d00000|  0%| F|  |TAMS 0x0000000086c00000, 0x0000000086c00000| Untracked 
|  29|0x0000000086d00000, 0x0000000086d00000, 0x0000000086e00000|  0%| F|  |TAMS 0x0000000086d00000, 0x0000000086d00000| Untracked 
|  30|0x0000000086e00000, 0x0000000086e00000, 0x0000000086f00000|  0%| F|  |TAMS 0x0000000086e00000, 0x0000000086e00000| Untracked 
|  31|0x0000000086f00000, 0x0000000086f00000, 0x0000000087000000|  0%| F|  |TAMS 0x0000000086f00000, 0x0000000086f00000| Untracked 
|  32|0x0000000087000000, 0x0000000087000000, 0x0000000087100000|  0%| F|  |TAMS 0x0000000087000000, 0x0000000087000000| Untracked 
|  33|0x0000000087100000, 0x0000000087100000, 0x0000000087200000|  0%| F|  |TAMS 0x0000000087100000, 0x0000000087100000| Untracked 
|  34|0x0000000087200000, 0x0000000087200000, 0x0000000087300000|  0%| F|  |TAMS 0x0000000087200000, 0x0000000087200000| Untracked 
|  35|0x0000000087300000, 0x0000000087300000, 0x0000000087400000|  0%| F|  |TAMS 0x0000000087300000, 0x0000000087300000| Untracked 
|  36|0x0000000087400000, 0x0000000087400000, 0x0000000087500000|  0%| F|  |TAMS 0x0000000087400000, 0x0000000087400000| Untracked 
|  37|0x0000000087500000, 0x0000000087500000, 0x0000000087600000|  0%| F|  |TAMS 0x0000000087500000, 0x0000000087500000| Untracked 
|  38|0x0000000087600000, 0x0000000087600000, 0x0000000087700000|  0%| F|  |TAMS 0x0000000087600000, 0x0000000087600000| Untracked 
|  39|0x0000000087700000, 0x0000000087700000, 0x0000000087800000|  0%| F|  |TAMS 0x0000000087700000, 0x0000000087700000| Untracked 
|  40|0x0000000087800000, 0x0000000087800000, 0x0000000087900000|  0%| F|  |TAMS 0x0000000087800000, 0x0000000087800000| Untracked 
|  41|0x0000000087900000, 0x0000000087900000, 0x0000000087a00000|  0%| F|  |TAMS 0x0000000087900000, 0x0000000087900000| Untracked 
|  42|0x0000000087a00000, 0x0000000087a00000, 0x0000000087b00000|  0%| F|  |TAMS 0x0000000087a00000, 0x0000000087a00000| Untracked 
|  43|0x0000000087b00000, 0x0000000087b00000, 0x0000000087c00000|  0%| F|  |TAMS 0x0000000087b00000, 0x0000000087b00000| Untracked 
|  44|0x0000000087c00000, 0x0000000087c00000, 0x0000000087d00000|  0%| F|  |TAMS 0x0000000087c00000, 0x0000000087c00000| Untracked 
|  45|0x0000000087d00000, 0x0000000087d00000, 0x0000000087e00000|  0%| F|  |TAMS 0x0000000087d00000, 0x0000000087d00000| Untracked 
|  46|0x0000000087e00000, 0x0000000087e00000, 0x0000000087f00000|  0%| F|  |TAMS 0x0000000087e00000, 0x0000000087e00000| Untracked 
|  47|0x0000000087f00000, 0x0000000087f00000, 0x0000000088000000|  0%| F|  |TAMS 0x0000000087f00000, 0x0000000087f00000| Untracked 
|  48|0x0000000088000000, 0x0000000088000000, 0x0000000088100000|  0%| F|  |TAMS 0x0000000088000000, 0x0000000088000000| Untracked 
|  49|0x0000000088100000, 0x0000000088100000, 0x0000000088200000|  0%| F|  |TAMS 0x0000000088100000, 0x0000000088100000| Untracked 
|  50|0x0000000088200000, 0x0000000088200000, 0x0000000088300000|  0%| F|  |TAMS 0x0000000088200000, 0x0000000088200000| Untracked 
|  51|0x0000000088300000, 0x0000000088300000, 0x0000000088400000|  0%| F|  |TAMS 0x0000000088300000, 0x0000000088300000| Untracked 
|  52|0x0000000088400000, 0x0000000088400000, 0x0000000088500000|  0%| F|  |TAMS 0x0000000088400000, 0x0000000088400000| Untracked 
|  53|0x0000000088500000, 0x0000000088500000, 0x0000000088600000|  0%| F|  |TAMS 0x0000000088500000, 0x0000000088500000| Untracked 
|  54|0x0000000088600000, 0x0000000088600000, 0x0000000088700000|  0%| F|  |TAMS 0x0000000088600000, 0x0000000088600000| Untracked 
|  55|0x0000000088700000, 0x0000000088700000, 0x0000000088800000|  0%| F|  |TAMS 0x0000000088700000, 0x0000000088700000| Untracked 
|  56|0x0000000088800000, 0x0000000088800000, 0x0000000088900000|  0%| F|  |TAMS 0x0000000088800000, 0x0000000088800000| Untracked 
|  57|0x0000000088900000, 0x0000000088900000, 0x0000000088a00000|  0%| F|  |TAMS 0x0000000088900000, 0x0000000088900000| Untracked 
|  58|0x0000000088a00000, 0x0000000088a00000, 0x0000000088b00000|  0%| F|  |TAMS 0x0000000088a00000, 0x0000000088a00000| Untracked 
|  59|0x0000000088b00000, 0x0000000088b00000, 0x0000000088c00000|  0%| F|  |TAMS 0x0000000088b00000, 0x0000000088b00000| Untracked 
|  60|0x0000000088c00000, 0x0000000088c00000, 0x0000000088d00000|  0%| F|  |TAMS 0x0000000088c00000, 0x0000000088c00000| Untracked 
|  61|0x0000000088d00000, 0x0000000088d00000, 0x0000000088e00000|  0%| F|  |TAMS 0x0000000088d00000, 0x0000000088d00000| Untracked 
|  62|0x0000000088e00000, 0x0000000088e00000, 0x0000000088f00000|  0%| F|  |TAMS 0x0000000088e00000, 0x0000000088e00000| Untracked 
|  63|0x0000000088f00000, 0x0000000088f00000, 0x0000000089000000|  0%| F|  |TAMS 0x0000000088f00000, 0x0000000088f00000| Untracked 
|  64|0x0000000089000000, 0x0000000089000000, 0x0000000089100000|  0%| F|  |TAMS 0x0000000089000000, 0x0000000089000000| Untracked 
|  65|0x0000000089100000, 0x0000000089100000, 0x0000000089200000|  0%| F|  |TAMS 0x0000000089100000, 0x0000000089100000| Untracked 
|  66|0x0000000089200000, 0x0000000089200000, 0x0000000089300000|  0%| F|  |TAMS 0x0000000089200000, 0x0000000089200000| Untracked 
|  67|0x0000000089300000, 0x0000000089300000, 0x0000000089400000|  0%| F|  |TAMS 0x0000000089300000, 0x0000000089300000| Untracked 
|  68|0x0000000089400000, 0x0000000089400000, 0x0000000089500000|  0%| F|  |TAMS 0x0000000089400000, 0x0000000089400000| Untracked 
|  69|0x0000000089500000, 0x0000000089500000, 0x0000000089600000|  0%| F|  |TAMS 0x0000000089500000, 0x0000000089500000| Untracked 
|  70|0x0000000089600000, 0x0000000089600000, 0x0000000089700000|  0%| F|  |TAMS 0x0000000089600000, 0x0000000089600000| Untracked 
|  71|0x0000000089700000, 0x0000000089700000, 0x0000000089800000|  0%| F|  |TAMS 0x0000000089700000, 0x0000000089700000| Untracked 
|  72|0x0000000089800000, 0x0000000089800000, 0x0000000089900000|  0%| F|  |TAMS 0x0000000089800000, 0x0000000089800000| Untracked 
|  73|0x0000000089900000, 0x0000000089900000, 0x0000000089a00000|  0%| F|  |TAMS 0x0000000089900000, 0x0000000089900000| Untracked 
|  74|0x0000000089a00000, 0x0000000089a00000, 0x0000000089b00000|  0%| F|  |TAMS 0x0000000089a00000, 0x0000000089a00000| Untracked 
|  75|0x0000000089b00000, 0x0000000089b00000, 0x0000000089c00000|  0%| F|  |TAMS 0x0000000089b00000, 0x0000000089b00000| Untracked 
|  76|0x0000000089c00000, 0x0000000089c00000, 0x0000000089d00000|  0%| F|  |TAMS 0x0000000089c00000, 0x0000000089c00000| Untracked 
|  77|0x0000000089d00000, 0x0000000089d00000, 0x0000000089e00000|  0%| F|  |TAMS 0x0000000089d00000, 0x0000000089d00000| Untracked 
|  78|0x0000000089e00000, 0x0000000089e00000, 0x0000000089f00000|  0%| F|  |TAMS 0x0000000089e00000, 0x0000000089e00000| Untracked 
|  79|0x0000000089f00000, 0x0000000089f00000, 0x000000008a000000|  0%| F|  |TAMS 0x0000000089f00000, 0x0000000089f00000| Untracked 
|  80|0x000000008a000000, 0x000000008a000000, 0x000000008a100000|  0%| F|  |TAMS 0x000000008a000000, 0x000000008a000000| Untracked 
|  81|0x000000008a100000, 0x000000008a100000, 0x000000008a200000|  0%| F|  |TAMS 0x000000008a100000, 0x000000008a100000| Untracked 
|  82|0x000000008a200000, 0x000000008a200000, 0x000000008a300000|  0%| F|  |TAMS 0x000000008a200000, 0x000000008a200000| Untracked 
|  83|0x000000008a300000, 0x000000008a300000, 0x000000008a400000|  0%| F|  |TAMS 0x000000008a300000, 0x000000008a300000| Untracked 
|  84|0x000000008a400000, 0x000000008a400000, 0x000000008a500000|  0%| F|  |TAMS 0x000000008a400000, 0x000000008a400000| Untracked 
|  85|0x000000008a500000, 0x000000008a500000, 0x000000008a600000|  0%| F|  |TAMS 0x000000008a500000, 0x000000008a500000| Untracked 
|  86|0x000000008a600000, 0x000000008a600000, 0x000000008a700000|  0%| F|  |TAMS 0x000000008a600000, 0x000000008a600000| Untracked 
|  87|0x000000008a700000, 0x000000008a700000, 0x000000008a800000|  0%| F|  |TAMS 0x000000008a700000, 0x000000008a700000| Untracked 
|  88|0x000000008a800000, 0x000000008a800000, 0x000000008a900000|  0%| F|  |TAMS 0x000000008a800000, 0x000000008a800000| Untracked 
|  89|0x000000008a900000, 0x000000008a900000, 0x000000008aa00000|  0%| F|  |TAMS 0x000000008a900000, 0x000000008a900000| Untracked 
|  90|0x000000008aa00000, 0x000000008aa00000, 0x000000008ab00000|  0%| F|  |TAMS 0x000000008aa00000, 0x000000008aa00000| Untracked 
|  91|0x000000008ab00000, 0x000000008ab00000, 0x000000008ac00000|  0%| F|  |TAMS 0x000000008ab00000, 0x000000008ab00000| Untracked 
|  92|0x000000008ac00000, 0x000000008ac00000, 0x000000008ad00000|  0%| F|  |TAMS 0x000000008ac00000, 0x000000008ac00000| Untracked 
|  93|0x000000008ad00000, 0x000000008ad00000, 0x000000008ae00000|  0%| F|  |TAMS 0x000000008ad00000, 0x000000008ad00000| Untracked 
|  94|0x000000008ae00000, 0x000000008ae00000, 0x000000008af00000|  0%| F|  |TAMS 0x000000008ae00000, 0x000000008ae00000| Untracked 
|  95|0x000000008af00000, 0x000000008af00000, 0x000000008b000000|  0%| F|  |TAMS 0x000000008af00000, 0x000000008af00000| Untracked 
|  96|0x000000008b000000, 0x000000008b000000, 0x000000008b100000|  0%| F|  |TAMS 0x000000008b000000, 0x000000008b000000| Untracked 
|  97|0x000000008b100000, 0x000000008b100000, 0x000000008b200000|  0%| F|  |TAMS 0x000000008b100000, 0x000000008b100000| Untracked 
|  98|0x000000008b200000, 0x000000008b200000, 0x000000008b300000|  0%| F|  |TAMS 0x000000008b200000, 0x000000008b200000| Untracked 
|  99|0x000000008b300000, 0x000000008b300000, 0x000000008b400000|  0%| F|  |TAMS 0x000000008b300000, 0x000000008b300000| Untracked 
| 100|0x000000008b400000, 0x000000008b400000, 0x000000008b500000|  0%| F|  |TAMS 0x000000008b400000, 0x000000008b400000| Untracked 
| 101|0x000000008b500000, 0x000000008b500000, 0x000000008b600000|  0%| F|  |TAMS 0x000000008b500000, 0x000000008b500000| Untracked 
| 102|0x000000008b600000, 0x000000008b600000, 0x000000008b700000|  0%| F|  |TAMS 0x000000008b600000, 0x000000008b600000| Untracked 
| 103|0x000000008b700000, 0x000000008b700000, 0x000000008b800000|  0%| F|  |TAMS 0x000000008b700000, 0x000000008b700000| Untracked 
| 104|0x000000008b800000, 0x000000008b800000, 0x000000008b900000|  0%| F|  |TAMS 0x000000008b800000, 0x000000008b800000| Untracked 
| 105|0x000000008b900000, 0x000000008b900000, 0x000000008ba00000|  0%| F|  |TAMS 0x000000008b900000, 0x000000008b900000| Untracked 
| 106|0x000000008ba00000, 0x000000008ba00000, 0x000000008bb00000|  0%| F|  |TAMS 0x000000008ba00000, 0x000000008ba00000| Untracked 
| 107|0x000000008bb00000, 0x000000008bb00000, 0x000000008bc00000|  0%| F|  |TAMS 0x000000008bb00000, 0x000000008bb00000| Untracked 
| 108|0x000000008bc00000, 0x000000008bc00000, 0x000000008bd00000|  0%| F|  |TAMS 0x000000008bc00000, 0x000000008bc00000| Untracked 
| 109|0x000000008bd00000, 0x000000008bd00000, 0x000000008be00000|  0%| F|  |TAMS 0x000000008bd00000, 0x000000008bd00000| Untracked 
| 110|0x000000008be00000, 0x000000008bf00000, 0x000000008bf00000|100%| E|CS|TAMS 0x000000008be00000, 0x000000008be00000| Complete 
| 111|0x000000008bf00000, 0x000000008c000000, 0x000000008c000000|100%| E|CS|TAMS 0x000000008bf00000, 0x000000008bf00000| Complete 
| 112|0x000000008c000000, 0x000000008c100000, 0x000000008c100000|100%| E|CS|TAMS 0x000000008c000000, 0x000000008c000000| Complete 
| 113|0x000000008c100000, 0x000000008c200000, 0x000000008c200000|100%| E|CS|TAMS 0x000000008c100000, 0x000000008c100000| Complete 
| 114|0x000000008c200000, 0x000000008c300000, 0x000000008c300000|100%| E|CS|TAMS 0x000000008c200000, 0x000000008c200000| Complete 
| 115|0x000000008c300000, 0x000000008c400000, 0x000000008c400000|100%| E|CS|TAMS 0x000000008c300000, 0x000000008c300000| Complete 
| 116|0x000000008c400000, 0x000000008c500000, 0x000000008c500000|100%| E|CS|TAMS 0x000000008c400000, 0x000000008c400000| Complete 
| 117|0x000000008c500000, 0x000000008c600000, 0x000000008c600000|100%| E|CS|TAMS 0x000000008c500000, 0x000000008c500000| Complete 
| 118|0x000000008c600000, 0x000000008c700000, 0x000000008c700000|100%| E|CS|TAMS 0x000000008c600000, 0x000000008c600000| Complete 
| 119|0x000000008c700000, 0x000000008c800000, 0x000000008c800000|100%| E|CS|TAMS 0x000000008c700000, 0x000000008c700000| Complete 
| 120|0x000000008c800000, 0x000000008c900000, 0x000000008c900000|100%| E|CS|TAMS 0x000000008c800000, 0x000000008c800000| Complete 
| 121|0x000000008c900000, 0x000000008ca00000, 0x000000008ca00000|100%| E|CS|TAMS 0x000000008c900000, 0x000000008c900000| Complete 
| 122|0x000000008ca00000, 0x000000008cb00000, 0x000000008cb00000|100%| E|CS|TAMS 0x000000008ca00000, 0x000000008ca00000| Complete 
| 123|0x000000008cb00000, 0x000000008cc00000, 0x000000008cc00000|100%| E|CS|TAMS 0x000000008cb00000, 0x000000008cb00000| Complete 
|1966|0x00000000ffe00000, 0x00000000ffe34000, 0x00000000fff00000| 20%|OA|  |TAMS 0x00000000ffe00000, 0x00000000ffe00000| Untracked 
|1967|0x00000000fff00000, 0x00000000fff6a000, 0x0000000100000000| 41%|CA|  |TAMS 0x00000000fff00000, 0x00000000fff00000| Untracked 

Card table byte_map: [0x00007fb27e8e5000,0x00007fb27ecbd000] _byte_map_base: 0x00007fb27e4bd000

Marking Bits (Prev, Next): (CMBitMap*) 0x00007fb27804f5d8, (CMBitMap*) 0x00007fb27804f610
 Prev Bits: [0x00007fb27c64d000, 0x00007fb27e50d000)
 Next Bits: [0x00007fb25a140000, 0x00007fb25c000000)

Polling page: 0x00007fb27f7ae000

Metaspace:

Usage:
  Non-class:      4.78 MB capacity,     4.59 MB ( 96%) used,   166.88 KB (  3%) free+waste,    28.56 KB ( <1%) overhead. 
      Class:    769.00 KB capacity,   585.38 KB ( 76%) used,   165.49 KB ( 22%) free+waste,    18.12 KB (  2%) overhead. 
       Both:      5.53 MB capacity,     5.16 MB ( 93%) used,   332.38 KB (  6%) free+waste,    46.69 KB ( <1%) overhead. 

Virtual space:
  Non-class space:        8.00 MB reserved,       5.00 MB ( 62%) committed 
      Class space:        1.00 GB reserved,     896.00 KB ( <1%) committed 
             Both:        1.01 GB reserved,       5.88 MB ( <1%) committed 

Chunk freelists:
   Non-Class:  37.00 KB
       Class:  31.00 KB
        Both:  68.00 KB

CodeHeap 'non-profiled nmethods': size=120032Kb used=237Kb max_used=237Kb free=119794Kb
 bounds [0x00007fb26841e000, 0x00007fb26868e000, 0x00007fb26f956000]
CodeHeap 'profiled nmethods': size=120032Kb used=1191Kb max_used=1191Kb free=118840Kb
 bounds [0x00007fb260ee6000, 0x00007fb261156000, 0x00007fb26841e000]
CodeHeap 'non-nmethods': size=5696Kb used=1183Kb max_used=1209Kb free=4512Kb
 bounds [0x00007fb260956000, 0x00007fb260bc6000, 0x00007fb260ee6000]
 total_blobs=1314 nmethods=663 adapters=455
 compilation: enabled
              stopped_count=0, restarted_count=0
 full_count=0

Compilation events (10 events):
Event: 1.159 Thread 0x00007fb278112800 nmethod 659 0x00007fb268456910 code [0x00007fb268456ac0, 0x00007fb268456bf0]
Event: 1.160 Thread 0x00007fb278112800  660       3       java.lang.String::lastIndexOf (29 bytes)
Event: 1.160 Thread 0x00007fb278112800 nmethod 660 0x00007fb26100eb10 code [0x00007fb26100ece0, 0x00007fb26100efd8]
Event: 1.161 Thread 0x00007fb278112800  662       3       java.lang.String::lastIndexOf (12 bytes)
Event: 1.161 Thread 0x00007fb278112800 nmethod 662 0x00007fb26100f110 code [0x00007fb26100f300, 0x00007fb26100f758]
Event: 1.161 Thread 0x00007fb278112800  661       3       java.lang.String::startsWith (7 bytes)
Event: 1.161 Thread 0x00007fb278112800 nmethod 661 0x00007fb26100f910 code [0x00007fb26100fac0, 0x00007fb26100fc68]
Event: 1.161 Thread 0x00007fb278112800  663       1       java.net.URL::getProtocol (5 bytes)
Event: 1.161 Thread 0x00007fb278112800 nmethod 663 0x00007fb268456c90 code [0x00007fb268456e40, 0x00007fb268456f70]
Event: 1.162 Thread 0x00007fb2283d5800 nmethod 618 0x00007fb268457010 code [0x00007fb2684571c0, 0x00007fb268459158]

GC Heap History (0 events):
No events

Deoptimization events (10 events):
Event: 1.156 Thread 0x00007fb27841d000 DEOPT PACKING pc=0x00007fb260fe828d sp=0x00007fb2482b2660
Event: 1.156 Thread 0x00007fb27841d000 DEOPT UNPACKING pc=0x00007fb26097e83a sp=0x00007fb2482b1af0 mode 0
Event: 1.156 Thread 0x00007fb27841d000 DEOPT PACKING pc=0x00007fb260fe828d sp=0x00007fb2482b2660
Event: 1.156 Thread 0x00007fb27841d000 DEOPT UNPACKING pc=0x00007fb26097e83a sp=0x00007fb2482b1af0 mode 0
Event: 1.156 Thread 0x00007fb27841d000 DEOPT PACKING pc=0x00007fb260fe828d sp=0x00007fb2482b2660
Event: 1.156 Thread 0x00007fb27841d000 DEOPT UNPACKING pc=0x00007fb26097e83a sp=0x00007fb2482b1af0 mode 0
Event: 1.157 Thread 0x00007fb27841d000 Uncommon trap: trap_request=0xffffff4d fr.pc=0x00007fb2684536d0 relative=0x0000000000000ff0
Event: 1.157 Thread 0x00007fb27841d000 Uncommon trap: reason=unstable_if action=reinterpret pc=0x00007fb2684536d0 method=sun.awt.image.PNGImageDecoder.produceImage()V @ 867 c2
Event: 1.157 Thread 0x00007fb27841d000 DEOPT PACKING pc=0x00007fb2684536d0 sp=0x00007fb2482b26e0
Event: 1.157 Thread 0x00007fb27841d000 DEOPT UNPACKING pc=0x00007fb26097ea25 sp=0x00007fb2482b2650 mode 2

Classes redefined (0 events):
No events

Internal exceptions (10 events):
Event: 0.213 Thread 0x00007fb278011800 Exception <a 'java/lang/NoSuchMethodError'{0x000000008c879298}: 'java.lang.Object java.lang.invoke.DirectMethodHandle$Holder.invokeStatic(java.lang.Object, int, java.lang.Object, java.lang.Object, java.lang.Object)'> (0x000000008c879298) thrown at [/build
Event: 0.213 Thread 0x00007fb278011800 Exception <a 'java/lang/NoSuchMethodError'{0x000000008c87cde0}: 'java.lang.Object java.lang.invoke.DirectMethodHandle$Holder.invokeSpecial(java.lang.Object, java.lang.Object, int, java.lang.Object, java.lang.Object, java.lang.Object)'> (0x000000008c87cde0
Event: 0.216 Thread 0x00007fb278011800 Exception <a 'java/lang/NoSuchMethodError'{0x000000008c894900}: 'java.lang.Object java.lang.invoke.DirectMethodHandle$Holder.invokeStatic(java.lang.Object, int, java.lang.Object)'> (0x000000008c894900) thrown at [/build/openjdk-lts-ZT5jEu/openjdk-lts-11.0
Event: 0.981 Thread 0x00007fb278011800 Exception <a 'java/lang/NoSuchMethodError'{0x000000008c72db58}: 'java.lang.Object java.lang.invoke.DirectMethodHandle$Holder.invokeStatic(java.lang.Object, java.lang.Object, java.lang.Object, java.lang.Object, java.lang.Object, java.lang.Object, java.lang
Event: 0.984 Thread 0x00007fb278011800 Exception <a 'java/lang/NoSuchMethodError'{0x000000008c747ab8}: 'java.lang.Object java.lang.invoke.DirectMethodHandle$Holder.invokeStatic(java.lang.Object, java.lang.Object, java.lang.Object, java.lang.Object, java.lang.Object, java.lang.Object, java.lang
Event: 0.986 Thread 0x00007fb278011800 Exception <a 'java/lang/NoSuchMethodError'{0x000000008c753e80}: 'void java.lang.invoke.DirectMethodHandle$Holder.invokeSpecial(java.lang.Object, java.lang.Object)'> (0x000000008c753e80) thrown at [/build/openjdk-lts-ZT5jEu/openjdk-lts-11.0.4+11/src/hotspo
Event: 1.037 Thread 0x00007fb278011800 Exception <a 'java/lang/NoSuchMethodError'{0x000000008c6a2260}: 'java.lang.Object java.lang.invoke.Invokers$Holder.linkToTargetMethod(java.lang.Object, int, java.lang.Object)'> (0x000000008c6a2260) thrown at [/build/openjdk-lts-ZT5jEu/openjdk-lts-11.0.4+1
Event: 1.051 Thread 0x00007fb278011800 Exception <a 'java/lang/ClassNotFoundException'{0x000000008c6e4be8}: com/sun/swing/internal/plaf/metal/resources/spi/metalProvider> (0x000000008c6e4be8) thrown at [/build/openjdk-lts-ZT5jEu/openjdk-lts-11.0.4+11/src/hotspot/share/classfile/systemDictionar
Event: 1.052 Thread 0x00007fb278011800 Exception <a 'java/lang/ClassNotFoundException'{0x000000008c6e8af0}: com/sun/swing/internal/plaf/basic/resources/spi/basicProvider> (0x000000008c6e8af0) thrown at [/build/openjdk-lts-ZT5jEu/openjdk-lts-11.0.4+11/src/hotspot/share/classfile/systemDictionar
Event: 1.162 Thread 0x00007fb278425000 Exception <a 'java/lang/NoSuchMethodError'{0x000000008bed9ee8}: getAllRobots> (0x000000008bed9ee8) thrown at [/build/openjdk-lts-ZT5jEu/openjdk-lts-11.0.4+11/src/hotspot/share/prims/jni.cpp, line 1333]

Events (10 events):
Event: 1.160 loading class java/util/concurrent/ArrayBlockingQueue done
Event: 1.160 loading class AI_Robot
Event: 1.160 loading class AI_Robot done
Event: 1.161 loading class AIGroup
Event: 1.161 loading class AIGroup done
Event: 1.161 loading class CRobot$1
Event: 1.161 loading class CRobot$1 done
Event: 1.162 Thread 0x00007fb278425000 Thread added: 0x00007fb278425000
Event: 1.162 loading class AI_Robot$1
Event: 1.162 loading class AI_Robot$1 done


Dynamic libraries:
85000000-8cc00000 rw-p 00000000 00:00 0 
8cc00000-ffe00000 ---p 00000000 00:00 0 
ffe00000-ffe34000 rw-p 01116000 08:02 23990720                           /usr/lib/jvm/java-11-openjdk-amd64/lib/server/classes.jsa
ffe34000-fff00000 rw-p 00000000 00:00 0 
fff00000-fff6a000 rw-p 010ac000 08:02 23990720                           /usr/lib/jvm/java-11-openjdk-amd64/lib/server/classes.jsa
fff6a000-100000000 rw-p 00000000 00:00 0 
800000000-800002000 rwxp 00001000 08:02 23990720                         /usr/lib/jvm/java-11-openjdk-amd64/lib/server/classes.jsa
800002000-8003bd000 rw-p 00003000 08:02 23990720                         /usr/lib/jvm/java-11-openjdk-amd64/lib/server/classes.jsa
8003bd000-800a98000 r--p 003be000 08:02 23990720                         /usr/lib/jvm/java-11-openjdk-amd64/lib/server/classes.jsa
800a98000-800a99000 rw-p 00a99000 08:02 23990720                         /usr/lib/jvm/java-11-openjdk-amd64/lib/server/classes.jsa
800a99000-8010ab000 r--p 00a9a000 08:02 23990720                         /usr/lib/jvm/java-11-openjdk-amd64/lib/server/classes.jsa
840000000-8400e0000 rw-p 00000000 00:00 0 
8400e0000-880000000 ---p 00000000 00:00 0 
55b63c82c000-55b63c82d000 r--p 00000000 08:02 23597129                   /usr/lib/jvm/java-11-openjdk-amd64/bin/java
55b63c82d000-55b63c82e000 r-xp 00001000 08:02 23597129                   /usr/lib/jvm/java-11-openjdk-amd64/bin/java
55b63c82e000-55b63c82f000 r--p 00002000 08:02 23597129                   /usr/lib/jvm/java-11-openjdk-amd64/bin/java
55b63c82f000-55b63c830000 r--p 00002000 08:02 23597129                   /usr/lib/jvm/java-11-openjdk-amd64/bin/java
55b63c830000-55b63c831000 rw-p 00003000 08:02 23597129                   /usr/lib/jvm/java-11-openjdk-amd64/bin/java
55b63ddc7000-55b63dde8000 rw-p 00000000 00:00 0                          [heap]
7fb1f0000000-7fb1f0021000 rw-p 00000000 00:00 0 
7fb1f0021000-7fb1f4000000 ---p 00000000 00:00 0 
7fb1f4000000-7fb1f4021000 rw-p 00000000 00:00 0 
7fb1f4021000-7fb1f8000000 ---p 00000000 00:00 0 
7fb1f8000000-7fb1f830a000 rw-p 00000000 00:00 0 
7fb1f830a000-7fb1fc000000 ---p 00000000 00:00 0 
7fb1fc000000-7fb1fc021000 rw-p 00000000 00:00 0 
7fb1fc021000-7fb200000000 ---p 00000000 00:00 0 
7fb200000000-7fb200021000 rw-p 00000000 00:00 0 
7fb200021000-7fb204000000 ---p 00000000 00:00 0 
7fb204000000-7fb204036000 rw-p 00000000 00:00 0 
7fb204036000-7fb208000000 ---p 00000000 00:00 0 
7fb208000000-7fb208021000 rw-p 00000000 00:00 0 
7fb208021000-7fb20c000000 ---p 00000000 00:00 0 
7fb20c000000-7fb20c021000 rw-p 00000000 00:00 0 
7fb20c021000-7fb210000000 ---p 00000000 00:00 0 
7fb210000000-7fb210021000 rw-p 00000000 00:00 0 
7fb210021000-7fb214000000 ---p 00000000 00:00 0 
7fb216cfb000-7fb216cff000 ---p 00000000 00:00 0 
7fb216cff000-7fb216dfc000 rw-p 00000000 00:00 0 
7fb216dfc000-7fb216e00000 ---p 00000000 00:00 0 
7fb216e00000-7fb216efd000 rw-p 00000000 00:00 0 
7fb216efd000-7fb216f01000 ---p 00000000 00:00 0 
7fb216f01000-7fb216ffe000 rw-p 00000000 00:00 0 
7fb216ffe000-7fb216fff000 ---p 00000000 00:00 0 
7fb216fff000-7fb2177ff000 rw-p 00000000 00:00 0 
7fb2177ff000-7fb217800000 ---p 00000000 00:00 0 
7fb217800000-7fb218000000 rw-p 00000000 00:00 0 
7fb218000000-7fb218021000 rw-p 00000000 00:00 0 
7fb218021000-7fb21c000000 ---p 00000000 00:00 0 
7fb21c000000-7fb21c021000 rw-p 00000000 00:00 0 
7fb21c021000-7fb220000000 ---p 00000000 00:00 0 
7fb220000000-7fb220021000 rw-p 00000000 00:00 0 
7fb220021000-7fb224000000 ---p 00000000 00:00 0 
7fb224000000-7fb224021000 rw-p 00000000 00:00 0 
7fb224021000-7fb228000000 ---p 00000000 00:00 0 
7fb228000000-7fb2283dc000 rw-p 00000000 00:00 0 
7fb2283dc000-7fb22c000000 ---p 00000000 00:00 0 
7fb22c000000-7fb22c021000 rw-p 00000000 00:00 0 
7fb22c021000-7fb230000000 ---p 00000000 00:00 0 
7fb230000000-7fb230021000 rw-p 00000000 00:00 0 
7fb230021000-7fb234000000 ---p 00000000 00:00 0 
7fb234000000-7fb2345ed000 rw-p 00000000 00:00 0 
7fb2345ed000-7fb238000000 ---p 00000000 00:00 0 
7fb238000000-7fb238021000 rw-p 00000000 00:00 0 
7fb238021000-7fb23c000000 ---p 00000000 00:00 0 
7fb23c000000-7fb23c021000 rw-p 00000000 00:00 0 
7fb23c021000-7fb240000000 ---p 00000000 00:00 0 
7fb240000000-7fb240021000 rw-p 00000000 00:00 0 
7fb240021000-7fb244000000 ---p 00000000 00:00 0 
7fb244000000-7fb244021000 rw-p 00000000 00:00 0 
7fb244021000-7fb248000000 ---p 00000000 00:00 0 
7fb2480b2000-7fb2480b6000 ---p 00000000 00:00 0 
7fb2480b6000-7fb2481b3000 rw-p 00000000 00:00 0 
7fb2481b3000-7fb2481b7000 ---p 00000000 00:00 0 
7fb2481b7000-7fb2482b4000 rw-p 00000000 00:00 0 
7fb2482b4000-7fb2482b8000 ---p 00000000 00:00 0 
7fb2482b8000-7fb2483b5000 rw-p 00000000 00:00 0 
7fb2483b5000-7fb2483b9000 ---p 00000000 00:00 0 
7fb2483b9000-7fb2484b6000 rw-p 00000000 00:00 0 
7fb2484b6000-7fb2484bb000 r-xp 00000000 08:02 23600531                   /usr/lib/x86_64-linux-gnu/libXfixes.so.3.1.0
7fb2484bb000-7fb2486ba000 ---p 00005000 08:02 23600531                   /usr/lib/x86_64-linux-gnu/libXfixes.so.3.1.0
7fb2486ba000-7fb2486bb000 r--p 00004000 08:02 23600531                   /usr/lib/x86_64-linux-gnu/libXfixes.so.3.1.0
7fb2486bb000-7fb2486bc000 rw-p 00005000 08:02 23600531                   /usr/lib/x86_64-linux-gnu/libXfixes.so.3.1.0
7fb2486bc000-7fb2486be000 r--p 00000000 08:02 23600523                   /usr/lib/x86_64-linux-gnu/libXcursor.so.1.0.2
7fb2486be000-7fb2486c3000 r-xp 00002000 08:02 23600523                   /usr/lib/x86_64-linux-gnu/libXcursor.so.1.0.2
7fb2486c3000-7fb2486c5000 r--p 00007000 08:02 23600523                   /usr/lib/x86_64-linux-gnu/libXcursor.so.1.0.2
7fb2486c5000-7fb2486c6000 r--p 00008000 08:02 23600523                   /usr/lib/x86_64-linux-gnu/libXcursor.so.1.0.2
7fb2486c6000-7fb2486c7000 rw-p 00009000 08:02 23600523                   /usr/lib/x86_64-linux-gnu/libXcursor.so.1.0.2
7fb2486d4000-7fb2486d5000 r--p 00000000 08:02 27001589                   /home/kramer/Downloads/RobotArena-master/RobotAreana/AIBasic/build/libs/mynativelibrary/shared/libmynativelibrary.so
7fb2486d5000-7fb2486d6000 r-xp 00001000 08:02 27001589                   /home/kramer/Downloads/RobotArena-master/RobotAreana/AIBasic/build/libs/mynativelibrary/shared/libmynativelibrary.so
7fb2486d6000-7fb2486d7000 r--p 00002000 08:02 27001589                   /home/kramer/Downloads/RobotArena-master/RobotAreana/AIBasic/build/libs/mynativelibrary/shared/libmynativelibrary.so
7fb2486d7000-7fb2486d8000 r--p 00002000 08:02 27001589                   /home/kramer/Downloads/RobotArena-master/RobotAreana/AIBasic/build/libs/mynativelibrary/shared/libmynativelibrary.so
7fb2486d8000-7fb2486d9000 rw-p 00003000 08:02 27001589                   /home/kramer/Downloads/RobotArena-master/RobotAreana/AIBasic/build/libs/mynativelibrary/shared/libmynativelibrary.so
7fb2486d9000-7fb2486da000 ---p 00000000 00:00 0 
7fb2486da000-7fb248eda000 rw-p 00000000 00:00 0 
7fb248eda000-7fb248f00000 r--p 00000000 08:02 25043479                   /usr/share/glib-2.0/schemas/gschemas.compiled
7fb248f00000-7fb248f02000 r--p 00000000 08:02 23601822                   /usr/lib/x86_64-linux-gnu/libuuid.so.1.3.0
7fb248f02000-7fb248f06000 r-xp 00002000 08:02 23601822                   /usr/lib/x86_64-linux-gnu/libuuid.so.1.3.0
7fb248f06000-7fb248f07000 r--p 00006000 08:02 23601822                   /usr/lib/x86_64-linux-gnu/libuuid.so.1.3.0
7fb248f07000-7fb248f08000 r--p 00006000 08:02 23601822                   /usr/lib/x86_64-linux-gnu/libuuid.so.1.3.0
7fb248f08000-7fb248f09000 rw-p 00007000 08:02 23601822                   /usr/lib/x86_64-linux-gnu/libuuid.so.1.3.0
7fb248f09000-7fb248f13000 r--p 00000000 08:02 23600663                   /usr/lib/x86_64-linux-gnu/libblkid.so.1.1.0
7fb248f13000-7fb248f47000 r-xp 0000a000 08:02 23600663                   /usr/lib/x86_64-linux-gnu/libblkid.so.1.1.0
7fb248f47000-7fb248f57000 r--p 0003e000 08:02 23600663                   /usr/lib/x86_64-linux-gnu/libblkid.so.1.1.0
7fb248f57000-7fb248f58000 ---p 0004e000 08:02 23600663                   /usr/lib/x86_64-linux-gnu/libblkid.so.1.1.0
7fb248f58000-7fb248f5d000 r--p 0004e000 08:02 23600663                   /usr/lib/x86_64-linux-gnu/libblkid.so.1.1.0
7fb248f5d000-7fb248f5e000 rw-p 00053000 08:02 23600663                   /usr/lib/x86_64-linux-gnu/libblkid.so.1.1.0
7fb248f5e000-7fb248f60000 r--p 00000000 08:02 23600923                   /usr/lib/x86_64-linux-gnu/libffi.so.6.0.4
7fb248f60000-7fb248f65000 r-xp 00002000 08:02 23600923                   /usr/lib/x86_64-linux-gnu/libffi.so.6.0.4
7fb248f65000-7fb248f66000 r--p 00007000 08:02 23600923                   /usr/lib/x86_64-linux-gnu/libffi.so.6.0.4
7fb248f66000-7fb248f67000 r--p 00007000 08:02 23600923                   /usr/lib/x86_64-linux-gnu/libffi.so.6.0.4
7fb248f67000-7fb248f68000 rw-p 00008000 08:02 23600923                   /usr/lib/x86_64-linux-gnu/libffi.so.6.0.4
7fb248f68000-7fb248f6a000 r--p 00000000 08:02 23601506                   /usr/lib/x86_64-linux-gnu/libpcre.so.3.13.3
7fb248f6a000-7fb248fbc000 r-xp 00002000 08:02 23601506                   /usr/lib/x86_64-linux-gnu/libpcre.so.3.13.3
7fb248fbc000-7fb248fda000 r--p 00054000 08:02 23601506                   /usr/lib/x86_64-linux-gnu/libpcre.so.3.13.3
7fb248fda000-7fb248fdb000 r--p 00071000 08:02 23601506                   /usr/lib/x86_64-linux-gnu/libpcre.so.3.13.3
7fb248fdb000-7fb248fdc000 rw-p 00072000 08:02 23601506                   /usr/lib/x86_64-linux-gnu/libpcre.so.3.13.3
7fb248fdc000-7fb248fe0000 r--p 00000000 08:02 23601610                   /usr/lib/x86_64-linux-gnu/libresolv-2.29.so
7fb248fe0000-7fb248fef000 r-xp 00004000 08:02 23601610                   /usr/lib/x86_64-linux-gnu/libresolv-2.29.so
7fb248fef000-7fb248ff2000 r--p 00013000 08:02 23601610                   /usr/lib/x86_64-linux-gnu/libresolv-2.29.so
7fb248ff2000-7fb248ff3000 ---p 00016000 08:02 23601610                   /usr/lib/x86_64-linux-gnu/libresolv-2.29.so
7fb248ff3000-7fb248ff4000 r--p 00016000 08:02 23601610                   /usr/lib/x86_64-linux-gnu/libresolv-2.29.so
7fb248ff4000-7fb248ff5000 rw-p 00017000 08:02 23601610                   /usr/lib/x86_64-linux-gnu/libresolv-2.29.so
7fb248ff5000-7fb248ff7000 rw-p 00000000 00:00 0 
7fb248ff7000-7fb248ffd000 r--p 00000000 08:02 23601661                   /usr/lib/x86_64-linux-gnu/libselinux.so.1
7fb248ffd000-7fb249015000 r-xp 00006000 08:02 23601661                   /usr/lib/x86_64-linux-gnu/libselinux.so.1
7fb249015000-7fb24901c000 r--p 0001e000 08:02 23601661                   /usr/lib/x86_64-linux-gnu/libselinux.so.1
7fb24901c000-7fb24901d000 ---p 00025000 08:02 23601661                   /usr/lib/x86_64-linux-gnu/libselinux.so.1
7fb24901d000-7fb24901e000 r--p 00025000 08:02 23601661                   /usr/lib/x86_64-linux-gnu/libselinux.so.1
7fb24901e000-7fb24901f000 rw-p 00026000 08:02 23601661                   /usr/lib/x86_64-linux-gnu/libselinux.so.1
7fb24901f000-7fb249021000 rw-p 00000000 00:00 0 
7fb249021000-7fb24902c000 r--p 00000000 08:02 23601326                   /usr/lib/x86_64-linux-gnu/libmount.so.1.1.0
7fb24902c000-7fb249067000 r-xp 0000b000 08:02 23601326                   /usr/lib/x86_64-linux-gnu/libmount.so.1.1.0
7fb249067000-7fb249079000 r--p 00046000 08:02 23601326                   /usr/lib/x86_64-linux-gnu/libmount.so.1.1.0
7fb249079000-7fb24907c000 r--p 00057000 08:02 23601326                   /usr/lib/x86_64-linux-gnu/libmount.so.1.1.0
7fb24907c000-7fb24907d000 rw-p 0005a000 08:02 23601326                   /usr/lib/x86_64-linux-gnu/libmount.so.1.1.0
7fb24907d000-7fb24907e000 r--p 00000000 08:02 23593407                   /usr/lib/x86_64-linux-gnu/libgmodule-2.0.so.0.6000.0
7fb24907e000-7fb249080000 r-xp 00001000 08:02 23593407                   /usr/lib/x86_64-linux-gnu/libgmodule-2.0.so.0.6000.0
7fb249080000-7fb249081000 r--p 00003000 08:02 23593407                   /usr/lib/x86_64-linux-gnu/libgmodule-2.0.so.0.6000.0
7fb249081000-7fb249082000 r--p 00003000 08:02 23593407                   /usr/lib/x86_64-linux-gnu/libgmodule-2.0.so.0.6000.0
7fb249082000-7fb249083000 rw-p 00004000 08:02 23593407                   /usr/lib/x86_64-linux-gnu/libgmodule-2.0.so.0.6000.0
7fb249083000-7fb249091000 r--p 00000000 08:02 23593408                   /usr/lib/x86_64-linux-gnu/libgobject-2.0.so.0.6000.0
7fb249091000-7fb2490c3000 r-xp 0000e000 08:02 23593408                   /usr/lib/x86_64-linux-gnu/libgobject-2.0.so.0.6000.0
7fb2490c3000-7fb2490db000 r--p 00040000 08:02 23593408                   /usr/lib/x86_64-linux-gnu/libgobject-2.0.so.0.6000.0
7fb2490db000-7fb2490de000 r--p 00057000 08:02 23593408                   /usr/lib/x86_64-linux-gnu/libgobject-2.0.so.0.6000.0
7fb2490de000-7fb2490df000 rw-p 0005a000 08:02 23593408                   /usr/lib/x86_64-linux-gnu/libgobject-2.0.so.0.6000.0
7fb2490df000-7fb2490fa000 r--p 00000000 08:02 23593383                   /usr/lib/x86_64-linux-gnu/libglib-2.0.so.0.6000.0
7fb2490fa000-7fb24917a000 r-xp 0001b000 08:02 23593383                   /usr/lib/x86_64-linux-gnu/libglib-2.0.so.0.6000.0
7fb24917a000-7fb2491fc000 r--p 0009b000 08:02 23593383                   /usr/lib/x86_64-linux-gnu/libglib-2.0.so.0.6000.0
7fb2491fc000-7fb2491fd000 ---p 0011d000 08:02 23593383                   /usr/lib/x86_64-linux-gnu/libglib-2.0.so.0.6000.0
7fb2491fd000-7fb2491fe000 r--p 0011d000 08:02 23593383                   /usr/lib/x86_64-linux-gnu/libglib-2.0.so.0.6000.0
7fb2491fe000-7fb2491ff000 rw-p 0011e000 08:02 23593383                   /usr/lib/x86_64-linux-gnu/libglib-2.0.so.0.6000.0
7fb2491ff000-7fb249200000 rw-p 00000000 00:00 0 
7fb249200000-7fb249237000 r--p 00000000 08:02 23593360                   /usr/lib/x86_64-linux-gnu/libgio-2.0.so.0.6000.0
7fb249237000-7fb249338000 r-xp 00037000 08:02 23593360                   /usr/lib/x86_64-linux-gnu/libgio-2.0.so.0.6000.0
7fb249338000-7fb2493be000 r--p 00138000 08:02 23593360                   /usr/lib/x86_64-linux-gnu/libgio-2.0.so.0.6000.0
7fb2493be000-7fb2493c6000 r--p 001bd000 08:02 23593360                   /usr/lib/x86_64-linux-gnu/libgio-2.0.so.0.6000.0
7fb2493c6000-7fb2493c7000 rw-p 001c5000 08:02 23593360                   /usr/lib/x86_64-linux-gnu/libgio-2.0.so.0.6000.0
7fb2493c7000-7fb2493c9000 rw-p 00000000 00:00 0 
7fb2493c9000-7fb2493d3000 r-xp 00000000 08:02 23600547                   /usr/lib/x86_64-linux-gnu/libXrandr.so.2.2.0
7fb2493d3000-7fb2495d2000 ---p 0000a000 08:02 23600547                   /usr/lib/x86_64-linux-gnu/libXrandr.so.2.2.0
7fb2495d2000-7fb2495d3000 r--p 00009000 08:02 23600547                   /usr/lib/x86_64-linux-gnu/libXrandr.so.2.2.0
7fb2495d3000-7fb2495d4000 rw-p 0000a000 08:02 23600547                   /usr/lib/x86_64-linux-gnu/libXrandr.so.2.2.0
7fb2495d4000-7fb2495d9000 r--p 00000000 08:02 23601542                   /usr/lib/x86_64-linux-gnu/libpng16.so.16.36.0
7fb2495d9000-7fb2495fd000 r-xp 00005000 08:02 23601542                   /usr/lib/x86_64-linux-gnu/libpng16.so.16.36.0
7fb2495fd000-7fb249609000 r--p 00029000 08:02 23601542                   /usr/lib/x86_64-linux-gnu/libpng16.so.16.36.0
7fb249609000-7fb24960a000 r--p 00034000 08:02 23601542                   /usr/lib/x86_64-linux-gnu/libpng16.so.16.36.0
7fb24960a000-7fb24960b000 rw-p 00035000 08:02 23601542                   /usr/lib/x86_64-linux-gnu/libpng16.so.16.36.0
7fb24960b000-7fb249617000 r--p 00000000 08:02 23600949                   /usr/lib/x86_64-linux-gnu/libfreetype.so.6.16.1
7fb249617000-7fb249694000 r-xp 0000c000 08:02 23600949                   /usr/lib/x86_64-linux-gnu/libfreetype.so.6.16.1
7fb249694000-7fb2496bd000 r--p 00089000 08:02 23600949                   /usr/lib/x86_64-linux-gnu/libfreetype.so.6.16.1
7fb2496bd000-7fb2496be000 ---p 000b2000 08:02 23600949                   /usr/lib/x86_64-linux-gnu/libfreetype.so.6.16.1
7fb2496be000-7fb2496c5000 r--p 000b2000 08:02 23600949                   /usr/lib/x86_64-linux-gnu/libfreetype.so.6.16.1
7fb2496c5000-7fb2496c6000 rw-p 000b9000 08:02 23600949                   /usr/lib/x86_64-linux-gnu/libfreetype.so.6.16.1
7fb2496c6000-7fb2496ca000 r--p 00000000 08:02 23990635                   /usr/lib/jvm/java-11-openjdk-amd64/lib/libfontmanager.so
7fb2496ca000-7fb2497bc000 r-xp 00004000 08:02 23990635                   /usr/lib/jvm/java-11-openjdk-amd64/lib/libfontmanager.so
7fb2497bc000-7fb2497fc000 r--p 000f6000 08:02 23990635                   /usr/lib/jvm/java-11-openjdk-amd64/lib/libfontmanager.so
7fb2497fc000-7fb2497fd000 r--p 00135000 08:02 23990635                   /usr/lib/jvm/java-11-openjdk-amd64/lib/libfontmanager.so
7fb2497fd000-7fb2497fe000 rw-p 00136000 08:02 23990635                   /usr/lib/jvm/java-11-openjdk-amd64/lib/libfontmanager.so
7fb2497fe000-7fb249801000 rw-p 00000000 00:00 0 
7fb249801000-7fb249805000 r--p 00000000 08:02 23600683                   /usr/lib/x86_64-linux-gnu/libbsd.so.0.9.1
7fb249805000-7fb249814000 r-xp 00004000 08:02 23600683                   /usr/lib/x86_64-linux-gnu/libbsd.so.0.9.1
7fb249814000-7fb249817000 r--p 00013000 08:02 23600683                   /usr/lib/x86_64-linux-gnu/libbsd.so.0.9.1
7fb249817000-7fb249818000 ---p 00016000 08:02 23600683                   /usr/lib/x86_64-linux-gnu/libbsd.so.0.9.1
7fb249818000-7fb249819000 r--p 00016000 08:02 23600683                   /usr/lib/x86_64-linux-gnu/libbsd.so.0.9.1
7fb249819000-7fb24981a000 rw-p 00017000 08:02 23600683                   /usr/lib/x86_64-linux-gnu/libbsd.so.0.9.1
7fb24981a000-7fb24981b000 rw-p 00000000 00:00 0 
7fb24981b000-7fb249820000 r-xp 00000000 08:02 23600527                   /usr/lib/x86_64-linux-gnu/libXdmcp.so.6.0.0
7fb249820000-7fb249a1f000 ---p 00005000 08:02 23600527                   /usr/lib/x86_64-linux-gnu/libXdmcp.so.6.0.0
7fb249a1f000-7fb249a20000 r--p 00004000 08:02 23600527                   /usr/lib/x86_64-linux-gnu/libXdmcp.so.6.0.0
7fb249a20000-7fb249a21000 rw-p 00005000 08:02 23600527                   /usr/lib/x86_64-linux-gnu/libXdmcp.so.6.0.0
7fb249a21000-7fb249a23000 r-xp 00000000 08:02 23600516                   /usr/lib/x86_64-linux-gnu/libXau.so.6.0.0
7fb249a23000-7fb249c23000 ---p 00002000 08:02 23600516                   /usr/lib/x86_64-linux-gnu/libXau.so.6.0.0
7fb249c23000-7fb249c24000 r--p 00002000 08:02 23600516                   /usr/lib/x86_64-linux-gnu/libXau.so.6.0.0
7fb249c24000-7fb249c25000 rw-p 00003000 08:02 23600516                   /usr/lib/x86_64-linux-gnu/libXau.so.6.0.0
7fb249c25000-7fb249c30000 r--p 00000000 08:02 23601932                   /usr/lib/x86_64-linux-gnu/libxcb.so.1.1.0
7fb249c30000-7fb249c43000 r-xp 0000b000 08:02 23601932                   /usr/lib/x86_64-linux-gnu/libxcb.so.1.1.0
7fb249c43000-7fb249c4c000 r--p 0001e000 08:02 23601932                   /usr/lib/x86_64-linux-gnu/libxcb.so.1.1.0
7fb249c4c000-7fb249c4d000 r--p 00026000 08:02 23601932                   /usr/lib/x86_64-linux-gnu/libxcb.so.1.1.0
7fb249c4d000-7fb249c4e000 rw-p 00027000 08:02 23601932                   /usr/lib/x86_64-linux-gnu/libxcb.so.1.1.0
7fb249c4e000-7fb249c5d000 r-xp 00000000 08:02 23600537                   /usr/lib/x86_64-linux-gnu/libXi.so.6.1.0
7fb249c5d000-7fb249e5c000 ---p 0000f000 08:02 23600537                   /usr/lib/x86_64-linux-gnu/libXi.so.6.1.0
7fb249e5c000-7fb249e5d000 r--p 0000e000 08:02 23600537                   /usr/lib/x86_64-linux-gnu/libXi.so.6.1.0
7fb249e5d000-7fb249e5e000 rw-p 0000f000 08:02 23600537                   /usr/lib/x86_64-linux-gnu/libXi.so.6.1.0
7fb249e5e000-7fb249e63000 r-xp 00000000 08:02 23600555                   /usr/lib/x86_64-linux-gnu/libXtst.so.6.1.0
7fb249e63000-7fb24a062000 ---p 00005000 08:02 23600555                   /usr/lib/x86_64-linux-gnu/libXtst.so.6.1.0
7fb24a062000-7fb24a063000 r--p 00004000 08:02 23600555                   /usr/lib/x86_64-linux-gnu/libXtst.so.6.1.0
7fb24a063000-7fb24a064000 rw-p 00005000 08:02 23600555                   /usr/lib/x86_64-linux-gnu/libXtst.so.6.1.0
7fb24a064000-7fb24a06d000 r-xp 00000000 08:02 23600549                   /usr/lib/x86_64-linux-gnu/libXrender.so.1.3.0
7fb24a06d000-7fb24a26c000 ---p 00009000 08:02 23600549                   /usr/lib/x86_64-linux-gnu/libXrender.so.1.3.0
7fb24a26c000-7fb24a26d000 r--p 00008000 08:02 23600549                   /usr/lib/x86_64-linux-gnu/libXrender.so.1.3.0
7fb24a26d000-7fb24a26e000 rw-p 00009000 08:02 23600549                   /usr/lib/x86_64-linux-gnu/libXrender.so.1.3.0
7fb24a26e000-7fb24a286000 r--p 00000000 08:02 23600512                   /usr/lib/x86_64-linux-gnu/libX11.so.6.3.0
7fb24a286000-7fb24a30e000 r-xp 00018000 08:02 23600512                   /usr/lib/x86_64-linux-gnu/libX11.so.6.3.0
7fb24a30e000-7fb24a3a2000 r--p 000a0000 08:02 23600512                   /usr/lib/x86_64-linux-gnu/libX11.so.6.3.0
7fb24a3a2000-7fb24a3a3000 ---p 00134000 08:02 23600512                   /usr/lib/x86_64-linux-gnu/libX11.so.6.3.0
7fb24a3a3000-7fb24a3a4000 r--p 00134000 08:02 23600512                   /usr/lib/x86_64-linux-gnu/libX11.so.6.3.0
7fb24a3a4000-7fb24a3a8000 rw-p 00135000 08:02 23600512                   /usr/lib/x86_64-linux-gnu/libX11.so.6.3.0
7fb24a3a8000-7fb24a3b9000 r-xp 00000000 08:02 23600529                   /usr/lib/x86_64-linux-gnu/libXext.so.6.4.0
7fb24a3b9000-7fb24a5b8000 ---p 00011000 08:02 23600529                   /usr/lib/x86_64-linux-gnu/libXext.so.6.4.0
7fb24a5b8000-7fb24a5b9000 r--p 00010000 08:02 23600529                   /usr/lib/x86_64-linux-gnu/libXext.so.6.4.0
7fb24a5b9000-7fb24a5ba000 rw-p 00011000 08:02 23600529                   /usr/lib/x86_64-linux-gnu/libXext.so.6.4.0
7fb24a5ba000-7fb24a5ca000 r--p 00000000 08:02 23990632                   /usr/lib/jvm/java-11-openjdk-amd64/lib/libawt_xawt.so
7fb24a5ca000-7fb24a607000 r-xp 00010000 08:02 23990632                   /usr/lib/jvm/java-11-openjdk-amd64/lib/libawt_xawt.so
7fb24a607000-7fb24a619000 r--p 0004d000 08:02 23990632                   /usr/lib/jvm/java-11-openjdk-amd64/lib/libawt_xawt.so
7fb24a619000-7fb24a61a000 r--p 0005e000 08:02 23990632                   /usr/lib/jvm/java-11-openjdk-amd64/lib/libawt_xawt.so
7fb24a61a000-7fb24a61d000 rw-p 0005f000 08:02 23990632                   /usr/lib/jvm/java-11-openjdk-amd64/lib/libawt_xawt.so
7fb24a61d000-7fb24a61f000 rw-p 00000000 00:00 0 
7fb24a61f000-7fb24a64b000 r--p 00000000 08:02 23990630                   /usr/lib/jvm/java-11-openjdk-amd64/lib/libawt.so
7fb24a64b000-7fb24a6b2000 r-xp 0002c000 08:02 23990630                   /usr/lib/jvm/java-11-openjdk-amd64/lib/libawt.so
7fb24a6b2000-7fb24a6bf000 r--p 00093000 08:02 23990630                   /usr/lib/jvm/java-11-openjdk-amd64/lib/libawt.so
7fb24a6bf000-7fb24a6c0000 r--p 0009f000 08:02 23990630                   /usr/lib/jvm/java-11-openjdk-amd64/lib/libawt.so
7fb24a6c0000-7fb24a6cb000 rw-p 000a0000 08:02 23990630                   /usr/lib/jvm/java-11-openjdk-amd64/lib/libawt.so
7fb24a6cb000-7fb24a721000 rw-p 00000000 00:00 0 
7fb24a721000-7fb24a725000 ---p 00000000 00:00 0 
7fb24a725000-7fb24a822000 rw-p 00000000 00:00 0 
7fb24a822000-7fb24a823000 ---p 00000000 00:00 0 
7fb24a823000-7fb24a924000 rw-p 00000000 00:00 0 
7fb24a924000-7fb24a928000 ---p 00000000 00:00 0 
7fb24a928000-7fb24aa25000 rw-p 00000000 00:00 0 
7fb24aa25000-7fb24b800000 r--p 00000000 08:02 23600058                   /usr/lib/locale/locale-archive
7fb24b800000-7fb24bd00000 rw-p 00000000 00:00 0 
7fb24bd00000-7fb24c000000 ---p 00000000 00:00 0 
7fb24c000000-7fb24c021000 rw-p 00000000 00:00 0 
7fb24c021000-7fb250000000 ---p 00000000 00:00 0 
7fb250000000-7fb250021000 rw-p 00000000 00:00 0 
7fb250021000-7fb254000000 ---p 00000000 00:00 0 
7fb254000000-7fb254021000 rw-p 00000000 00:00 0 
7fb254021000-7fb258000000 ---p 00000000 00:00 0 
7fb258002000-7fb258006000 r--p 00000000 08:02 24250591                   /usr/lib/x86_64-linux-gnu/gio/modules/libdconfsettings.so
7fb258006000-7fb25800d000 r-xp 00004000 08:02 24250591                   /usr/lib/x86_64-linux-gnu/gio/modules/libdconfsettings.so
7fb25800d000-7fb258010000 r--p 0000b000 08:02 24250591                   /usr/lib/x86_64-linux-gnu/gio/modules/libdconfsettings.so
7fb258010000-7fb258011000 ---p 0000e000 08:02 24250591                   /usr/lib/x86_64-linux-gnu/gio/modules/libdconfsettings.so
7fb258011000-7fb258012000 r--p 0000e000 08:02 24250591                   /usr/lib/x86_64-linux-gnu/gio/modules/libdconfsettings.so
7fb258012000-7fb258013000 rw-p 0000f000 08:02 24250591                   /usr/lib/x86_64-linux-gnu/gio/modules/libdconfsettings.so
7fb258013000-7fb258017000 r--p 00000000 08:02 23990653                   /usr/lib/jvm/java-11-openjdk-amd64/lib/libnet.so
7fb258017000-7fb258026000 r-xp 00004000 08:02 23990653                   /usr/lib/jvm/java-11-openjdk-amd64/lib/libnet.so
7fb258026000-7fb25802a000 r--p 00013000 08:02 23990653                   /usr/lib/jvm/java-11-openjdk-amd64/lib/libnet.so
7fb25802a000-7fb25802b000 r--p 00016000 08:02 23990653                   /usr/lib/jvm/java-11-openjdk-amd64/lib/libnet.so
7fb25802b000-7fb25802c000 rw-p 00017000 08:02 23990653                   /usr/lib/jvm/java-11-openjdk-amd64/lib/libnet.so
7fb25802c000-7fb258033000 r--p 00000000 08:02 23990654                   /usr/lib/jvm/java-11-openjdk-amd64/lib/libnio.so
7fb258033000-7fb25803a000 r-xp 00007000 08:02 23990654                   /usr/lib/jvm/java-11-openjdk-amd64/lib/libnio.so
7fb25803a000-7fb25803d000 r--p 0000e000 08:02 23990654                   /usr/lib/jvm/java-11-openjdk-amd64/lib/libnio.so
7fb25803d000-7fb25803e000 r--p 00010000 08:02 23990654                   /usr/lib/jvm/java-11-openjdk-amd64/lib/libnio.so
7fb25803e000-7fb25803f000 rw-p 00011000 08:02 23990654                   /usr/lib/jvm/java-11-openjdk-amd64/lib/libnio.so
7fb25803f000-7fb258043000 ---p 00000000 00:00 0 
7fb258043000-7fb25a330000 rw-p 00000000 00:00 0 
7fb25a330000-7fb25bff8000 ---p 00000000 00:00 0 
7fb25bff8000-7fb25c000000 rw-p 00000000 00:00 0 
7fb25c000000-7fb25c021000 rw-p 00000000 00:00 0 
7fb25c021000-7fb260000000 ---p 00000000 00:00 0 
7fb260002000-7fb260005000 r--p 00000000 08:02 24906119                   /home/kramer/.config/dconf/user
7fb260005000-7fb260009000 ---p 00000000 00:00 0 
7fb260009000-7fb260106000 rw-p 00000000 00:00 0 
7fb260106000-7fb26010a000 ---p 00000000 00:00 0 
7fb26010a000-7fb260207000 rw-p 00000000 00:00 0 
7fb260207000-7fb26020b000 ---p 00000000 00:00 0 
7fb26020b000-7fb260308000 rw-p 00000000 00:00 0 
7fb260308000-7fb26030c000 ---p 00000000 00:00 0 
7fb26030c000-7fb260409000 rw-p 00000000 00:00 0 
7fb260409000-7fb26040d000 ---p 00000000 00:00 0 
7fb26040d000-7fb26050a000 rw-p 00000000 00:00 0 
7fb26050a000-7fb26050b000 ---p 00000000 00:00 0 
7fb26050b000-7fb260752000 rw-p 00000000 00:00 0 
7fb260752000-7fb260753000 ---p 00000000 00:00 0 
7fb260753000-7fb260854000 rw-p 00000000 00:00 0 
7fb260854000-7fb260855000 ---p 00000000 00:00 0 
7fb260855000-7fb260956000 rw-p 00000000 00:00 0 
7fb260956000-7fb260bc6000 rwxp 00000000 00:00 0 
7fb260bc6000-7fb260ee6000 ---p 00000000 00:00 0 
7fb260ee6000-7fb261156000 rwxp 00000000 00:00 0 
7fb261156000-7fb26841e000 ---p 00000000 00:00 0 
7fb26841e000-7fb26868e000 rwxp 00000000 00:00 0 
7fb26868e000-7fb26f956000 ---p 00000000 00:00 0 
7fb26f956000-7fb278000000 r--s 00000000 08:02 23990663                   /usr/lib/jvm/java-11-openjdk-amd64/lib/modules
7fb278000000-7fb27842c000 rw-p 00000000 00:00 0 
7fb27842c000-7fb27c000000 ---p 00000000 00:00 0 
7fb27c001000-7fb27c002000 r--s 00000000 00:35 35                         /run/user/1000/dconf/user
7fb27c002000-7fb27c003000 r--p 00000000 08:02 25823354                   /usr/share/locale-langpack/en_AU/LC_MESSAGES/glib20.mo
7fb27c003000-7fb27c407000 rw-p 00000000 00:00 0 
7fb27c407000-7fb27c408000 ---p 00000000 00:00 0 
7fb27c408000-7fb27c509000 rw-p 00000000 00:00 0 
7fb27c509000-7fb27c50a000 ---p 00000000 00:00 0 
7fb27c50a000-7fb27c83d000 rw-p 00000000 00:00 0 
7fb27c83d000-7fb27e505000 ---p 00000000 00:00 0 
7fb27e505000-7fb27e54b000 rw-p 00000000 00:00 0 
7fb27e54b000-7fb27e8e4000 ---p 00000000 00:00 0 
7fb27e8e4000-7fb27e923000 rw-p 00000000 00:00 0 
7fb27e923000-7fb27ecbc000 ---p 00000000 00:00 0 
7fb27ecbc000-7fb27ecfb000 rw-p 00000000 00:00 0 
7fb27ecfb000-7fb27f094000 ---p 00000000 00:00 0 
7fb27f094000-7fb27f499000 rw-p 00000000 00:00 0 
7fb27f499000-7fb27f49a000 ---p 00000000 00:00 0 
7fb27f49a000-7fb27f5a0000 rw-p 00000000 00:00 0 
7fb27f5a0000-7fb27f686000 ---p 00000000 00:00 0 
7fb27f686000-7fb27f68b000 rw-p 00000000 00:00 0 
7fb27f68b000-7fb27f771000 ---p 00000000 00:00 0 
7fb27f771000-7fb27f776000 rw-p 00000000 00:00 0 
7fb27f776000-7fb27f77d000 ---p 00000000 00:00 0 
7fb27f77d000-7fb27f77f000 r--s 00007000 08:02 24382982                   /usr/share/java/java-atk-wrapper.jar
7fb27f77f000-7fb27f781000 r--p 00000000 08:02 23990645                   /usr/lib/jvm/java-11-openjdk-amd64/lib/libjimage.so
7fb27f781000-7fb27f784000 r-xp 00002000 08:02 23990645                   /usr/lib/jvm/java-11-openjdk-amd64/lib/libjimage.so
7fb27f784000-7fb27f786000 r--p 00005000 08:02 23990645                   /usr/lib/jvm/java-11-openjdk-amd64/lib/libjimage.so
7fb27f786000-7fb27f787000 r--p 00006000 08:02 23990645                   /usr/lib/jvm/java-11-openjdk-amd64/lib/libjimage.so
7fb27f787000-7fb27f788000 rw-p 00007000 08:02 23990645                   /usr/lib/jvm/java-11-openjdk-amd64/lib/libjimage.so
7fb27f788000-7fb27f78b000 r--p 00000000 08:02 23601425                   /usr/lib/x86_64-linux-gnu/libnss_files-2.29.so
7fb27f78b000-7fb27f792000 r-xp 00003000 08:02 23601425                   /usr/lib/x86_64-linux-gnu/libnss_files-2.29.so
7fb27f792000-7fb27f794000 r--p 0000a000 08:02 23601425                   /usr/lib/x86_64-linux-gnu/libnss_files-2.29.so
7fb27f794000-7fb27f795000 r--p 0000b000 08:02 23601425                   /usr/lib/x86_64-linux-gnu/libnss_files-2.29.so
7fb27f795000-7fb27f796000 rw-p 0000c000 08:02 23601425                   /usr/lib/x86_64-linux-gnu/libnss_files-2.29.so
7fb27f796000-7fb27f79c000 rw-p 00000000 00:00 0 
7fb27f79c000-7fb27f79e000 r--p 00000000 08:02 23990662                   /usr/lib/jvm/java-11-openjdk-amd64/lib/libzip.so
7fb27f79e000-7fb27f7a2000 r-xp 00002000 08:02 23990662                   /usr/lib/jvm/java-11-openjdk-amd64/lib/libzip.so
7fb27f7a2000-7fb27f7a4000 r--p 00006000 08:02 23990662                   /usr/lib/jvm/java-11-openjdk-amd64/lib/libzip.so
7fb27f7a4000-7fb27f7a5000 r--p 00007000 08:02 23990662                   /usr/lib/jvm/java-11-openjdk-amd64/lib/libzip.so
7fb27f7a5000-7fb27f7a6000 rw-p 00008000 08:02 23990662                   /usr/lib/jvm/java-11-openjdk-amd64/lib/libzip.so
7fb27f7a6000-7fb27f7ae000 rw-s 00000000 08:02 2753648                    /tmp/hsperfdata_kramer/8040
7fb27f7ae000-7fb27f7af000 ---p 00000000 00:00 0 
7fb27f7af000-7fb27f7b0000 r--p 00000000 00:00 0 
7fb27f7b0000-7fb27f7bd000 r--p 00000000 08:02 23990641                   /usr/lib/jvm/java-11-openjdk-amd64/lib/libjava.so
7fb27f7bd000-7fb27f7d2000 r-xp 0000d000 08:02 23990641                   /usr/lib/jvm/java-11-openjdk-amd64/lib/libjava.so
7fb27f7d2000-7fb27f7d9000 r--p 00022000 08:02 23990641                   /usr/lib/jvm/java-11-openjdk-amd64/lib/libjava.so
7fb27f7d9000-7fb27f7da000 r--p 00028000 08:02 23990641                   /usr/lib/jvm/java-11-openjdk-amd64/lib/libjava.so
7fb27f7da000-7fb27f7dc000 rw-p 00029000 08:02 23990641                   /usr/lib/jvm/java-11-openjdk-amd64/lib/libjava.so
7fb27f7dc000-7fb27f7df000 r--p 00000000 08:02 23601631                   /usr/lib/x86_64-linux-gnu/librt-2.29.so
7fb27f7df000-7fb27f7e3000 r-xp 00003000 08:02 23601631                   /usr/lib/x86_64-linux-gnu/librt-2.29.so
7fb27f7e3000-7fb27f7e5000 r--p 00007000 08:02 23601631                   /usr/lib/x86_64-linux-gnu/librt-2.29.so
7fb27f7e5000-7fb27f7e6000 r--p 00008000 08:02 23601631                   /usr/lib/x86_64-linux-gnu/librt-2.29.so
7fb27f7e6000-7fb27f7e7000 rw-p 00009000 08:02 23601631                   /usr/lib/x86_64-linux-gnu/librt-2.29.so
7fb27f7e7000-7fb27f7eb000 ---p 00000000 00:00 0 
7fb27f7eb000-7fb27f8e8000 rw-p 00000000 00:00 0 
7fb27f8e8000-7fb27f8eb000 r--p 00000000 08:02 23596996                   /usr/lib/x86_64-linux-gnu/libgcc_s.so.1
7fb27f8eb000-7fb27f8fc000 r-xp 00003000 08:02 23596996                   /usr/lib/x86_64-linux-gnu/libgcc_s.so.1
7fb27f8fc000-7fb27f900000 r--p 00014000 08:02 23596996                   /usr/lib/x86_64-linux-gnu/libgcc_s.so.1
7fb27f900000-7fb27f901000 r--p 00017000 08:02 23596996                   /usr/lib/x86_64-linux-gnu/libgcc_s.so.1
7fb27f901000-7fb27f902000 rw-p 00018000 08:02 23596996                   /usr/lib/x86_64-linux-gnu/libgcc_s.so.1
7fb27f902000-7fb27f911000 r--p 00000000 08:02 23601302                   /usr/lib/x86_64-linux-gnu/libm-2.29.so
7fb27f911000-7fb27f9b7000 r-xp 0000f000 08:02 23601302                   /usr/lib/x86_64-linux-gnu/libm-2.29.so
7fb27f9b7000-7fb27fa4e000 r--p 000b5000 08:02 23601302                   /usr/lib/x86_64-linux-gnu/libm-2.29.so
7fb27fa4e000-7fb27fa4f000 r--p 0014b000 08:02 23601302                   /usr/lib/x86_64-linux-gnu/libm-2.29.so
7fb27fa4f000-7fb27fa50000 rw-p 0014c000 08:02 23601302                   /usr/lib/x86_64-linux-gnu/libm-2.29.so
7fb27fa50000-7fb27fae5000 r--p 00000000 08:02 23594558                   /usr/lib/x86_64-linux-gnu/libstdc++.so.6.0.26
7fb27fae5000-7fb27fbd7000 r-xp 00095000 08:02 23594558                   /usr/lib/x86_64-linux-gnu/libstdc++.so.6.0.26
7fb27fbd7000-7fb27fc20000 r--p 00187000 08:02 23594558                   /usr/lib/x86_64-linux-gnu/libstdc++.so.6.0.26
7fb27fc20000-7fb27fc21000 ---p 001d0000 08:02 23594558                   /usr/lib/x86_64-linux-gnu/libstdc++.so.6.0.26
7fb27fc21000-7fb27fc2c000 r--p 001d0000 08:02 23594558                   /usr/lib/x86_64-linux-gnu/libstdc++.so.6.0.26
7fb27fc2c000-7fb27fc2f000 rw-p 001db000 08:02 23594558                   /usr/lib/x86_64-linux-gnu/libstdc++.so.6.0.26
7fb27fc2f000-7fb27fc32000 rw-p 00000000 00:00 0 
7fb27fc32000-7fb27fea1000 r--p 00000000 08:02 23990668                   /usr/lib/jvm/java-11-openjdk-amd64/lib/server/libjvm.so
7fb27fea1000-7fb2809c1000 r-xp 0026f000 08:02 23990668                   /usr/lib/jvm/java-11-openjdk-amd64/lib/server/libjvm.so
7fb2809c1000-7fb280bfa000 r--p 00d8f000 08:02 23990668                   /usr/lib/jvm/java-11-openjdk-amd64/lib/server/libjvm.so
7fb280bfa000-7fb280bfb000 ---p 00fc8000 08:02 23990668                   /usr/lib/jvm/java-11-openjdk-amd64/lib/server/libjvm.so
7fb280bfb000-7fb280cb8000 r--p 00fc8000 08:02 23990668                   /usr/lib/jvm/java-11-openjdk-amd64/lib/server/libjvm.so
7fb280cb8000-7fb280cf1000 rw-p 01085000 08:02 23990668                   /usr/lib/jvm/java-11-openjdk-amd64/lib/server/libjvm.so
7fb280cf1000-7fb280d49000 rw-p 00000000 00:00 0 
7fb280d49000-7fb280d50000 r--p 00000000 08:02 23601565                   /usr/lib/x86_64-linux-gnu/libpthread-2.29.so
7fb280d50000-7fb280d5f000 r-xp 00007000 08:02 23601565                   /usr/lib/x86_64-linux-gnu/libpthread-2.29.so
7fb280d5f000-7fb280d64000 r--p 00016000 08:02 23601565                   /usr/lib/x86_64-linux-gnu/libpthread-2.29.so
7fb280d64000-7fb280d65000 r--p 0001a000 08:02 23601565                   /usr/lib/x86_64-linux-gnu/libpthread-2.29.so
7fb280d65000-7fb280d66000 rw-p 0001b000 08:02 23601565                   /usr/lib/x86_64-linux-gnu/libpthread-2.29.so
7fb280d66000-7fb280d6a000 rw-p 00000000 00:00 0 
7fb280d6a000-7fb280d6b000 r--p 00000000 08:02 23600824                   /usr/lib/x86_64-linux-gnu/libdl-2.29.so
7fb280d6b000-7fb280d6d000 r-xp 00001000 08:02 23600824                   /usr/lib/x86_64-linux-gnu/libdl-2.29.so
7fb280d6d000-7fb280d6e000 r--p 00003000 08:02 23600824                   /usr/lib/x86_64-linux-gnu/libdl-2.29.so
7fb280d6e000-7fb280d6f000 r--p 00003000 08:02 23600824                   /usr/lib/x86_64-linux-gnu/libdl-2.29.so
7fb280d6f000-7fb280d70000 rw-p 00004000 08:02 23600824                   /usr/lib/x86_64-linux-gnu/libdl-2.29.so
7fb280d70000-7fb280d72000 r--p 00000000 08:02 23601962                   /usr/lib/x86_64-linux-gnu/libz.so.1.2.11
7fb280d72000-7fb280d83000 r-xp 00002000 08:02 23601962                   /usr/lib/x86_64-linux-gnu/libz.so.1.2.11
7fb280d83000-7fb280d89000 r--p 00013000 08:02 23601962                   /usr/lib/x86_64-linux-gnu/libz.so.1.2.11
7fb280d89000-7fb280d8a000 ---p 00019000 08:02 23601962                   /usr/lib/x86_64-linux-gnu/libz.so.1.2.11
7fb280d8a000-7fb280d8b000 r--p 00019000 08:02 23601962                   /usr/lib/x86_64-linux-gnu/libz.so.1.2.11
7fb280d8b000-7fb280d8c000 rw-p 0001a000 08:02 23601962                   /usr/lib/x86_64-linux-gnu/libz.so.1.2.11
7fb280d8c000-7fb280db1000 r--p 00000000 08:02 23600687                   /usr/lib/x86_64-linux-gnu/libc-2.29.so
7fb280db1000-7fb280f24000 r-xp 00025000 08:02 23600687                   /usr/lib/x86_64-linux-gnu/libc-2.29.so
7fb280f24000-7fb280f6d000 r--p 00198000 08:02 23600687                   /usr/lib/x86_64-linux-gnu/libc-2.29.so
7fb280f6d000-7fb280f70000 r--p 001e0000 08:02 23600687                   /usr/lib/x86_64-linux-gnu/libc-2.29.so
7fb280f70000-7fb280f73000 rw-p 001e3000 08:02 23600687                   /usr/lib/x86_64-linux-gnu/libc-2.29.so
7fb280f73000-7fb280f77000 rw-p 00000000 00:00 0 
7fb280f77000-7fb280f78000 r--p 00000000 08:02 25823436                   /usr/share/locale-langpack/en_AU/LC_MESSAGES/libc.mo
7fb280f78000-7fb280f7d000 r--p 00000000 08:02 23990661                   /usr/lib/jvm/java-11-openjdk-amd64/lib/libverify.so
7fb280f7d000-7fb280f84000 r-xp 00005000 08:02 23990661                   /usr/lib/jvm/java-11-openjdk-amd64/lib/libverify.so
7fb280f84000-7fb280f86000 r--p 0000c000 08:02 23990661                   /usr/lib/jvm/java-11-openjdk-amd64/lib/libverify.so
7fb280f86000-7fb280f88000 r--p 0000d000 08:02 23990661                   /usr/lib/jvm/java-11-openjdk-amd64/lib/libverify.so
7fb280f88000-7fb280f89000 rw-p 0000f000 08:02 23990661                   /usr/lib/jvm/java-11-openjdk-amd64/lib/libverify.so
7fb280f89000-7fb280f8c000 r--p 00000000 08:02 23990625                   /usr/lib/jvm/java-11-openjdk-amd64/lib/jli/libjli.so
7fb280f8c000-7fb280f96000 r-xp 00003000 08:02 23990625                   /usr/lib/jvm/java-11-openjdk-amd64/lib/jli/libjli.so
7fb280f96000-7fb280f99000 r--p 0000d000 08:02 23990625                   /usr/lib/jvm/java-11-openjdk-amd64/lib/jli/libjli.so
7fb280f99000-7fb280f9a000 r--p 0000f000 08:02 23990625                   /usr/lib/jvm/java-11-openjdk-amd64/lib/jli/libjli.so
7fb280f9a000-7fb280f9b000 rw-p 00010000 08:02 23990625                   /usr/lib/jvm/java-11-openjdk-amd64/lib/jli/libjli.so
7fb280f9b000-7fb280f9d000 rw-p 00000000 00:00 0 
7fb280f9d000-7fb280f9e000 r--p 00000000 08:02 23600471                   /usr/lib/x86_64-linux-gnu/ld-2.29.so
7fb280f9e000-7fb280fbf000 r-xp 00001000 08:02 23600471                   /usr/lib/x86_64-linux-gnu/ld-2.29.so
7fb280fbf000-7fb280fc7000 r--p 00022000 08:02 23600471                   /usr/lib/x86_64-linux-gnu/ld-2.29.so
7fb280fc7000-7fb280fc8000 r--p 00029000 08:02 23600471                   /usr/lib/x86_64-linux-gnu/ld-2.29.so
7fb280fc8000-7fb280fc9000 rw-p 0002a000 08:02 23600471                   /usr/lib/x86_64-linux-gnu/ld-2.29.so
7fb280fc9000-7fb280fca000 rw-p 00000000 00:00 0 
7ffef0dac000-7ffef0dce000 rw-p 00000000 00:00 0                          [stack]
7ffef0ddc000-7ffef0ddf000 r--p 00000000 00:00 0                          [vvar]
7ffef0ddf000-7ffef0de0000 r-xp 00000000 00:00 0                          [vdso]
ffffffffff600000-ffffffffff601000 r-xp 00000000 00:00 0                  [vsyscall]


VM Arguments:
jvm_args: -Dfile.encoding=UTF-8 -Duser.country=AU -Duser.language=en -Duser.variant 
java_command: ExampleSwingApp
java_class_path (initial): /home/kramer/Downloads/RobotArena-master/RobotAreana/start/build/classes/java/main:/home/kramer/Downloads/RobotArena-master/RobotAreana/start/build/classes/groovy/main:/home/kramer/Downloads/RobotArena-master/RobotAreana/start/build/resources/main:/home/kramer/Downloads/RobotArena-master/RobotAreana/AIBasic/build/libs/AIBasic.jar:/home/kramer/Downloads/RobotArena-master/RobotAreana/robot/build/libs/robot.jar:/home/kramer/Downloads/RobotArena-master/RobotAreana/main/build/libs/main.jar
Launcher Type: SUN_STANDARD

[Global flags]
     intx CICompilerCount                          = 3                                         {product} {ergonomic}
     uint ConcGCThreads                            = 1                                         {product} {ergonomic}
     uint G1ConcRefinementThreads                  = 4                                         {product} {ergonomic}
   size_t G1HeapRegionSize                         = 1048576                                   {product} {ergonomic}
    uintx GCDrainStackTargetSize                   = 64                                        {product} {ergonomic}
   size_t InitialHeapSize                          = 130023424                                 {product} {ergonomic}
   size_t MarkStackSize                            = 4194304                                   {product} {ergonomic}
   size_t MaxHeapSize                              = 2063597568                                {product} {ergonomic}
   size_t MaxNewSize                               = 1237319680                                {product} {ergonomic}
   size_t MinHeapDeltaBytes                        = 1048576                                   {product} {ergonomic}
    uintx NonNMethodCodeHeapSize                   = 5830092                                {pd product} {ergonomic}
    uintx NonProfiledCodeHeapSize                  = 122914074                              {pd product} {ergonomic}
    uintx ProfiledCodeHeapSize                     = 122914074                              {pd product} {ergonomic}
    uintx ReservedCodeCacheSize                    = 251658240                              {pd product} {ergonomic}
     bool SegmentedCodeCache                       = true                                      {product} {ergonomic}
     bool UseCompressedClassPointers               = true                                 {lp64_product} {ergonomic}
     bool UseCompressedOops                        = true                                 {lp64_product} {ergonomic}
     bool UseG1GC                                  = true                                      {product} {ergonomic}

Logging:
Log output configuration:
 #0: stdout all=warning uptime,level,tags
 #1: stderr all=off uptime,level,tags

Environment Variables:
PATH=/home/kramer/.local/bin:/usr/local/sbin:/usr/local/bin:/usr/sbin:/usr/bin:/sbin:/bin:/usr/games:/usr/local/games:/snap/bin
USERNAME=kramer
LD_LIBRARY_PATH=/home/kramer/Downloads/RobotArena-master/RobotAreana/AIBasic/build/libs/mynativelibrary/shared
SHELL=/bin/bash
DISPLAY=:0

Signal Handlers:
SIGSEGV: [libjvm.so+0xd1cc80], sa_mask[0]=11111111011111111101111111111110, sa_flags=SA_RESTART|SA_SIGINFO
SIGBUS: [libjvm.so+0xd1cc80], sa_mask[0]=11111111011111111101111111111110, sa_flags=SA_RESTART|SA_SIGINFO
SIGFPE: [libjvm.so+0xd1cc80], sa_mask[0]=11111111011111111101111111111110, sa_flags=SA_RESTART|SA_SIGINFO
SIGPIPE: SIG_IGN, sa_mask[0]=00000000000010000000000000000000, sa_flags=SA_RESTART
SIGXFSZ: [libjvm.so+0xb239a0], sa_mask[0]=11111111011111111101111111111110, sa_flags=SA_RESTART|SA_SIGINFO
SIGILL: [libjvm.so+0xd1cc80], sa_mask[0]=11111111011111111101111111111110, sa_flags=SA_RESTART|SA_SIGINFO
SIGUSR2: [libjvm.so+0xb23830], sa_mask[0]=00100000000000000000000000000000, sa_flags=SA_RESTART|SA_SIGINFO
SIGHUP: [libjvm.so+0xb23ce0], sa_mask[0]=11111111011111111101111111111110, sa_flags=SA_RESTART|SA_SIGINFO
SIGINT: [libjvm.so+0xb23ce0], sa_mask[0]=11111111011111111101111111111110, sa_flags=SA_RESTART|SA_SIGINFO
SIGTERM: [libjvm.so+0xb23ce0], sa_mask[0]=11111111011111111101111111111110, sa_flags=SA_RESTART|SA_SIGINFO
SIGQUIT: [libjvm.so+0xb23ce0], sa_mask[0]=11111111011111111101111111111110, sa_flags=SA_RESTART|SA_SIGINFO


---------------  S Y S T E M  ---------------

OS:DISTRIB_ID=Ubuntu
DISTRIB_RELEASE=19.04
DISTRIB_CODENAME=disco
DISTRIB_DESCRIPTION="Ubuntu 19.04"
uname:Linux 5.0.0-32-generic #34-Ubuntu SMP Wed Oct 2 02:06:48 UTC 2019 x86_64
libc:glibc 2.29 NPTL 2.29 
rlimit: STACK 8192k, CORE 0k, NPROC 31283, NOFILE 524288, AS infinity, DATA infinity, FSIZE infinity
load average:0.87 0.62 0.83

/proc/meminfo:
MemTotal:        8057228 kB
MemFree:         2502116 kB
MemAvailable:    4330712 kB
Buffers:          133096 kB
Cached:          1904684 kB
SwapCached:            0 kB
Active:          3864040 kB
Inactive:        1290736 kB
Active(anon):    3047072 kB
Inactive(anon):   128196 kB
Active(file):     816968 kB
Inactive(file):  1162540 kB
Unevictable:        3452 kB
Mlocked:              16 kB
SwapTotal:       2097148 kB
SwapFree:        2097148 kB
Dirty:              1424 kB
Writeback:             0 kB
AnonPages:       3120676 kB
Mapped:           624588 kB
Shmem:            133532 kB
KReclaimable:     138744 kB
Slab:             239064 kB
SReclaimable:     138744 kB
SUnreclaim:       100320 kB
KernelStack:       16568 kB
PageTables:        34060 kB
NFS_Unstable:          0 kB
Bounce:                0 kB
WritebackTmp:          0 kB
CommitLimit:     6125760 kB
Committed_AS:   10128144 kB
VmallocTotal:   34359738367 kB
VmallocUsed:           0 kB
VmallocChunk:          0 kB
Percpu:             2192 kB
HardwareCorrupted:     0 kB
AnonHugePages:         0 kB
ShmemHugePages:        0 kB
ShmemPmdMapped:        0 kB
CmaTotal:              0 kB
CmaFree:               0 kB
HugePages_Total:       0
HugePages_Free:        0
HugePages_Rsvd:        0
HugePages_Surp:        0
Hugepagesize:       2048 kB
Hugetlb:               0 kB
DirectMap4k:      244272 kB
DirectMap2M:     5939200 kB
DirectMap1G:     2097152 kB


/proc/sys/kernel/threads-max (system-wide limit on the number of threads):
62566


/proc/sys/vm/max_map_count (maximum number of memory map areas a process may have):
65530


/proc/sys/kernel/pid_max (system-wide limit on number of process identifiers):
32768



container (cgroup) information:
container_type: cgroupv1
cpu_cpuset_cpus: 0-3
cpu_memory_nodes: 0
active_processor_count: 4
cpu_quota: -1
cpu_period: 100000
cpu_shares: -1
memory_limit_in_bytes: -1
memory_and_swap_limit_in_bytes: -2
memory_soft_limit_in_bytes: -1
memory_usage_in_bytes: 1033052160
memory_max_usage_in_bytes: 1035517952

Steal ticks since vm start: 0
Steal ticks percentage since vm start:  0.000

CPU:total 4 (initial active 4) (4 cores per cpu, 1 threads per core) family 6 model 60 stepping 3, cmov, cx8, fxsr, mmx, sse, sse2, sse3, ssse3, sse4.1, sse4.2, popcnt, avx, avx2, aes, clmul, erms, lzcnt, tsc, tscinvbit, bmi1, bmi2, fma
CPU Model and flags from /proc/cpuinfo:
model name	: Intel(R) Core(TM) i5-4690 CPU @ 3.50GHz
flags		: fpu vme de pse tsc msr pae mce cx8 apic sep mtrr pge mca cmov pat pse36 clflush dts acpi mmx fxsr sse sse2 ss ht tm pbe syscall nx pdpe1gb rdtscp lm constant_tsc arch_perfmon pebs bts rep_good nopl xtopology nonstop_tsc cpuid aperfmperf pni pclmulqdq dtes64 monitor ds_cpl vmx smx est tm2 ssse3 sdbg fma cx16 xtpr pdcm pcid sse4_1 sse4_2 x2apic movbe popcnt tsc_deadline_timer aes xsave avx f16c rdrand lahf_lm abm cpuid_fault invpcid_single pti ssbd ibrs ibpb stibp tpr_shadow vnmi flexpriority ept vpid ept_ad fsgsbase tsc_adjust bmi1 avx2 smep bmi2 erms invpcid xsaveopt dtherm ida arat pln pts md_clear flush_l1d

Memory: 4k page, physical 8057228k(2502116k free), swap 2097148k(2097148k free)

vm_info: OpenJDK 64-Bit Server VM (11.0.4+11-post-Ubuntu-1ubuntu219.04) for linux-amd64 JRE (11.0.4+11-post-Ubuntu-1ubuntu219.04), built on Jul 18 2019 18:21:46 by "buildd" with gcc 8.3.0

END.
